[ 2017-05-17T17:44:30+08:00 ] 127.0.0.1 /admin
INFO: [ app_init ] --START--
INFO: Run Behavior\BuildLiteBehavior [ RunTime:0.000013s ]
INFO: [ app_init ] --END-- [ RunTime:0.000495s ]
INFO: [ app_begin ] --START--
INFO: Run Behavior\ReadHtmlCacheBehavior [ RunTime:0.001202s ]
INFO: [ app_begin ] --END-- [ RunTime:0.001360s ]

[ 2017-05-17T17:44:30+08:00 ] 127.0.0.1 /index.php/Admin/Login/login.html
INFO: [ app_init ] --START--
INFO: Run Behavior\BuildLiteBehavior [ RunTime:0.000014s ]
INFO: [ app_init ] --END-- [ RunTime:0.000435s ]
INFO: [ app_begin ] --START--
INFO: Run Behavior\ReadHtmlCacheBehavior [ RunTime:0.000843s ]
INFO: [ app_begin ] --END-- [ RunTime:0.000894s ]
INFO: [ view_parse ] --START--
INFO: [ template_filter ] --START--
INFO: Run Behavior\ContentReplaceBehavior [ RunTime:0.000063s ]
INFO: [ template_filter ] --END-- [ RunTime:0.000175s ]
INFO: Run Behavior\ParseTemplateBehavior [ RunTime:0.011013s ]
INFO: [ view_parse ] --END-- [ RunTime:0.011072s ]
INFO: [ view_filter ] --START--
INFO: Run Behavior\WriteHtmlCacheBehavior [ RunTime:0.000481s ]
INFO: [ view_filter ] --END-- [ RunTime:0.000515s ]
INFO: [ app_end ] --START--
INFO: Run Behavior\ShowPageTraceBehavior [ RunTime:0.000659s ]
INFO: [ app_end ] --END-- [ RunTime:0.000696s ]

[ 2017-05-17T17:44:30+08:00 ] 127.0.0.1 /index.php/Admin/Login/img_code.html
INFO: [ app_init ] --START--
INFO: Run Behavior\BuildLiteBehavior [ RunTime:0.000019s ]
INFO: [ app_init ] --END-- [ RunTime:0.000655s ]
INFO: [ app_begin ] --START--
INFO: Run Behavior\ReadHtmlCacheBehavior [ RunTime:0.000711s ]
INFO: [ app_begin ] --END-- [ RunTime:0.000767s ]
INFO: [ app_end ] --START--
INFO: Run Behavior\ShowPageTraceBehavior [ RunTime:0.000788s ]
INFO: [ app_end ] --END-- [ RunTime:0.000850s ]

[ 2017-05-17T17:44:39+08:00 ] 127.0.0.1 /index.php/Admin/Login/check_code.html
INFO: [ app_init ] --START--
INFO: Run Behavior\BuildLiteBehavior [ RunTime:0.000024s ]
INFO: [ app_init ] --END-- [ RunTime:0.000688s ]
INFO: [ app_begin ] --START--
INFO: Run Behavior\ReadHtmlCacheBehavior [ RunTime:0.001020s ]
INFO: [ app_begin ] --END-- [ RunTime:0.001111s ]
SQL: SHOW COLUMNS FROM `admin_users` [ RunTime:0.0094s ]
SQL: SELECT * FROM `admin_users` WHERE ( username='will' ) LIMIT 1   [ RunTime:0.0004s ]
INFO: [ view_parse ] --START--
INFO: [ template_filter ] --START--
INFO: Run Behavior\ContentReplaceBehavior [ RunTime:0.000046s ]
INFO: [ template_filter ] --END-- [ RunTime:0.000094s ]
INFO: Run Behavior\ParseTemplateBehavior [ RunTime:0.006888s ]
INFO: [ view_parse ] --END-- [ RunTime:0.006951s ]
INFO: [ view_filter ] --START--
INFO: Run Behavior\WriteHtmlCacheBehavior [ RunTime:0.000522s ]
INFO: [ view_filter ] --END-- [ RunTime:0.000558s ]

[ 2017-05-17T17:44:43+08:00 ] 127.0.0.1 /index.php/Admin/Login/img_code.html
INFO: [ app_init ] --START--
INFO: Run Behavior\BuildLiteBehavior [ RunTime:0.000011s ]
INFO: [ app_init ] --END-- [ RunTime:0.000508s ]
INFO: [ app_begin ] --START--
INFO: Run Behavior\ReadHtmlCacheBehavior [ RunTime:0.000768s ]
INFO: [ app_begin ] --END-- [ RunTime:0.000823s ]
INFO: [ app_end ] --START--
INFO: Run Behavior\ShowPageTraceBehavior [ RunTime:0.000814s ]
INFO: [ app_end ] --END-- [ RunTime:0.000912s ]

[ 2017-05-17T17:44:44+08:00 ] 127.0.0.1 /index.php/Admin/Login/img_code.html
INFO: [ app_init ] --START--
INFO: Run Behavior\BuildLiteBehavior [ RunTime:0.000012s ]
INFO: [ app_init ] --END-- [ RunTime:0.000563s ]
INFO: [ app_begin ] --START--
INFO: Run Behavior\ReadHtmlCacheBehavior [ RunTime:0.000700s ]
INFO: [ app_begin ] --END-- [ RunTime:0.000765s ]
INFO: [ app_end ] --START--
INFO: Run Behavior\ShowPageTraceBehavior [ RunTime:0.000709s ]
INFO: [ app_end ] --END-- [ RunTime:0.000758s ]

[ 2017-05-17T17:44:49+08:00 ] 127.0.0.1 /index.php/Admin/Login/check_code.html
INFO: [ app_init ] --START--
INFO: Run Behavior\BuildLiteBehavior [ RunTime:0.000018s ]
INFO: [ app_init ] --END-- [ RunTime:0.000580s ]
INFO: [ app_begin ] --START--
INFO: Run Behavior\ReadHtmlCacheBehavior [ RunTime:0.000612s ]
INFO: [ app_begin ] --END-- [ RunTime:0.000661s ]
SQL: SHOW COLUMNS FROM `admin_users` [ RunTime:0.0050s ]
SQL: SELECT * FROM `admin_users` WHERE ( username='will' ) LIMIT 1   [ RunTime:0.0005s ]
SQL: UPDATE `admin_users` SET `enter_time`='1495014289',`enter_ip`='127.0.0.1' WHERE ( id=3 ) [ RunTime:0.0106s ]
INFO: [ view_parse ] --START--
INFO: [ template_filter ] --START--
INFO: Run Behavior\ContentReplaceBehavior [ RunTime:0.000064s ]
INFO: [ template_filter ] --END-- [ RunTime:0.000147s ]
INFO: Run Behavior\ParseTemplateBehavior [ RunTime:0.007696s ]
INFO: [ view_parse ] --END-- [ RunTime:0.007777s ]
INFO: [ view_filter ] --START--
INFO: Run Behavior\WriteHtmlCacheBehavior [ RunTime:0.000753s ]
INFO: [ view_filter ] --END-- [ RunTime:0.000828s ]
INFO: [ app_end ] --START--
INFO: Run Behavior\ShowPageTraceBehavior [ RunTime:0.001889s ]
INFO: [ app_end ] --END-- [ RunTime:0.001979s ]

[ 2017-05-17T17:44:49+08:00 ] 127.0.0.1 /index.php/Admin/Login/check_code.html
INFO: [ app_init ] --START--
INFO: Run Behavior\BuildLiteBehavior [ RunTime:0.000011s ]
INFO: [ app_init ] --END-- [ RunTime:0.000569s ]
INFO: [ app_begin ] --START--
INFO: Run Behavior\ReadHtmlCacheBehavior [ RunTime:0.000892s ]
INFO: [ app_begin ] --END-- [ RunTime:0.000951s ]
SQL: SHOW COLUMNS FROM `admin_users` [ RunTime:0.0056s ]
SQL: SELECT * FROM `admin_users` WHERE ( username='will' ) LIMIT 1   [ RunTime:0.0006s ]
INFO: [ view_parse ] --START--
INFO: [ template_filter ] --START--
INFO: Run Behavior\ContentReplaceBehavior [ RunTime:0.000032s ]
INFO: [ template_filter ] --END-- [ RunTime:0.000082s ]
INFO: Run Behavior\ParseTemplateBehavior [ RunTime:0.007319s ]
INFO: [ view_parse ] --END-- [ RunTime:0.007391s ]
INFO: [ view_filter ] --START--
INFO: Run Behavior\WriteHtmlCacheBehavior [ RunTime:0.000626s ]
INFO: [ view_filter ] --END-- [ RunTime:0.000664s ]

[ 2017-05-17T17:44:54+08:00 ] 127.0.0.1 /index.php/Admin/Login/img_code.html
INFO: [ app_init ] --START--
INFO: Run Behavior\BuildLiteBehavior [ RunTime:0.000015s ]
INFO: [ app_init ] --END-- [ RunTime:0.000562s ]
INFO: [ app_begin ] --START--
INFO: Run Behavior\ReadHtmlCacheBehavior [ RunTime:0.000904s ]
INFO: [ app_begin ] --END-- [ RunTime:0.000977s ]
INFO: [ app_end ] --START--
INFO: Run Behavior\ShowPageTraceBehavior [ RunTime:0.000677s ]
INFO: [ app_end ] --END-- [ RunTime:0.000727s ]

[ 2017-05-17T17:44:55+08:00 ] 127.0.0.1 /index.php/Admin/Login/img_code.html
INFO: [ app_init ] --START--
INFO: Run Behavior\BuildLiteBehavior [ RunTime:0.000012s ]
INFO: [ app_init ] --END-- [ RunTime:0.000757s ]
INFO: [ app_begin ] --START--
INFO: Run Behavior\ReadHtmlCacheBehavior [ RunTime:0.000810s ]
INFO: [ app_begin ] --END-- [ RunTime:0.000853s ]
INFO: [ app_end ] --START--
INFO: Run Behavior\ShowPageTraceBehavior [ RunTime:0.000993s ]
INFO: [ app_end ] --END-- [ RunTime:0.001045s ]

[ 2017-05-17T17:44:58+08:00 ] 127.0.0.1 /index.php/Admin/Login/img_code.html
INFO: [ app_init ] --START--
INFO: Run Behavior\BuildLiteBehavior [ RunTime:0.000024s ]
INFO: [ app_init ] --END-- [ RunTime:0.000888s ]
INFO: [ app_begin ] --START--
INFO: Run Behavior\ReadHtmlCacheBehavior [ RunTime:0.001007s ]
INFO: [ app_begin ] --END-- [ RunTime:0.001085s ]
INFO: [ app_end ] --START--
INFO: Run Behavior\ShowPageTraceBehavior [ RunTime:0.000808s ]
INFO: [ app_end ] --END-- [ RunTime:0.000865s ]

[ 2017-05-17T17:44:59+08:00 ] 127.0.0.1 /index.php/Admin/Login/img_code.html
INFO: [ app_init ] --START--
INFO: Run Behavior\BuildLiteBehavior [ RunTime:0.000012s ]
INFO: [ app_init ] --END-- [ RunTime:0.000535s ]
INFO: [ app_begin ] --START--
INFO: Run Behavior\ReadHtmlCacheBehavior [ RunTime:0.000767s ]
INFO: [ app_begin ] --END-- [ RunTime:0.000820s ]
INFO: [ app_end ] --START--
INFO: Run Behavior\ShowPageTraceBehavior [ RunTime:0.000895s ]
INFO: [ app_end ] --END-- [ RunTime:0.000968s ]

[ 2017-05-17T17:45:00+08:00 ] 127.0.0.1 /index.php/Admin/Login/img_code.html
INFO: [ app_init ] --START--
INFO: Run Behavior\BuildLiteBehavior [ RunTime:0.000011s ]
INFO: [ app_init ] --END-- [ RunTime:0.000547s ]
INFO: [ app_begin ] --START--
INFO: Run Behavior\ReadHtmlCacheBehavior [ RunTime:0.000707s ]
INFO: [ app_begin ] --END-- [ RunTime:0.000757s ]
INFO: [ app_end ] --START--
INFO: Run Behavior\ShowPageTraceBehavior [ RunTime:0.000679s ]
INFO: [ app_end ] --END-- [ RunTime:0.000754s ]

[ 2017-05-17T17:45:02+08:00 ] 127.0.0.1 /index.php/Admin/Login/img_code.html
INFO: [ app_init ] --START--
INFO: Run Behavior\BuildLiteBehavior [ RunTime:0.000011s ]
INFO: [ app_init ] --END-- [ RunTime:0.000444s ]
INFO: [ app_begin ] --START--
INFO: Run Behavior\ReadHtmlCacheBehavior [ RunTime:0.000570s ]
INFO: [ app_begin ] --END-- [ RunTime:0.000702s ]
INFO: [ app_end ] --START--
INFO: Run Behavior\ShowPageTraceBehavior [ RunTime:0.000831s ]
INFO: [ app_end ] --END-- [ RunTime:0.000884s ]

[ 2017-05-17T17:45:03+08:00 ] 127.0.0.1 /index.php/Admin/Login/img_code.html
INFO: [ app_init ] --START--
INFO: Run Behavior\BuildLiteBehavior [ RunTime:0.000019s ]
INFO: [ app_init ] --END-- [ RunTime:0.000662s ]
INFO: [ app_begin ] --START--
INFO: Run Behavior\ReadHtmlCacheBehavior [ RunTime:0.000864s ]
INFO: [ app_begin ] --END-- [ RunTime:0.000938s ]
INFO: [ app_end ] --START--
INFO: Run Behavior\ShowPageTraceBehavior [ RunTime:0.000931s ]
INFO: [ app_end ] --END-- [ RunTime:0.001014s ]

[ 2017-05-17T17:45:04+08:00 ] 127.0.0.1 /index.php/Admin/Login/img_code.html
INFO: [ app_init ] --START--
INFO: Run Behavior\BuildLiteBehavior [ RunTime:0.000014s ]
INFO: [ app_init ] --END-- [ RunTime:0.000772s ]
INFO: [ app_begin ] --START--
INFO: Run Behavior\ReadHtmlCacheBehavior [ RunTime:0.001236s ]
INFO: [ app_begin ] --END-- [ RunTime:0.001309s ]
INFO: [ app_end ] --START--
INFO: Run Behavior\ShowPageTraceBehavior [ RunTime:0.000858s ]
INFO: [ app_end ] --END-- [ RunTime:0.000929s ]

[ 2017-05-17T17:45:05+08:00 ] 127.0.0.1 /index.php/Admin/Login/img_code.html
INFO: [ app_init ] --START--
INFO: Run Behavior\BuildLiteBehavior [ RunTime:0.000010s ]
INFO: [ app_init ] --END-- [ RunTime:0.000584s ]
INFO: [ app_begin ] --START--
INFO: Run Behavior\ReadHtmlCacheBehavior [ RunTime:0.000701s ]
INFO: [ app_begin ] --END-- [ RunTime:0.000750s ]
INFO: [ app_end ] --START--
INFO: Run Behavior\ShowPageTraceBehavior [ RunTime:0.001202s ]
INFO: [ app_end ] --END-- [ RunTime:0.001290s ]

[ 2017-05-17T17:45:06+08:00 ] 127.0.0.1 /index.php/Admin/Login/img_code.html
INFO: [ app_init ] --START--
INFO: Run Behavior\BuildLiteBehavior [ RunTime:0.000015s ]
INFO: [ app_init ] --END-- [ RunTime:0.000678s ]
INFO: [ app_begin ] --START--
INFO: Run Behavior\ReadHtmlCacheBehavior [ RunTime:0.000969s ]
INFO: [ app_begin ] --END-- [ RunTime:0.001035s ]
INFO: [ app_end ] --START--
INFO: Run Behavior\ShowPageTraceBehavior [ RunTime:0.000937s ]
INFO: [ app_end ] --END-- [ RunTime:0.001013s ]

[ 2017-05-17T17:45:07+08:00 ] 127.0.0.1 /index.php/Admin/Login/img_code.html
INFO: [ app_init ] --START--
INFO: Run Behavior\BuildLiteBehavior [ RunTime:0.000015s ]
INFO: [ app_init ] --END-- [ RunTime:0.000698s ]
INFO: [ app_begin ] --START--
INFO: Run Behavior\ReadHtmlCacheBehavior [ RunTime:0.000978s ]
INFO: [ app_begin ] --END-- [ RunTime:0.001044s ]
INFO: [ app_end ] --START--
INFO: Run Behavior\ShowPageTraceBehavior [ RunTime:0.001349s ]
INFO: [ app_end ] --END-- [ RunTime:0.001432s ]

[ 2017-05-17T17:45:13+08:00 ] 127.0.0.1 /index.php/Admin/Login/check_code.html
INFO: [ app_init ] --START--
INFO: Run Behavior\BuildLiteBehavior [ RunTime:0.000011s ]
INFO: [ app_init ] --END-- [ RunTime:0.000563s ]
INFO: [ app_begin ] --START--
INFO: Run Behavior\ReadHtmlCacheBehavior [ RunTime:0.000671s ]
INFO: [ app_begin ] --END-- [ RunTime:0.000735s ]
SQL: SHOW COLUMNS FROM `admin_users` [ RunTime:0.0052s ]
SQL: SELECT * FROM `admin_users` WHERE ( username='will' ) LIMIT 1   [ RunTime:0.0005s ]
SQL: UPDATE `admin_users` SET `enter_time`='1495014313',`enter_ip`='127.0.0.1' WHERE ( id=3 ) [ RunTime:0.0049s ]
INFO: [ view_parse ] --START--
INFO: [ template_filter ] --START--
INFO: Run Behavior\ContentReplaceBehavior [ RunTime:0.000029s ]
INFO: [ template_filter ] --END-- [ RunTime:0.000073s ]
INFO: Run Behavior\ParseTemplateBehavior [ RunTime:0.006134s ]
INFO: [ view_parse ] --END-- [ RunTime:0.006215s ]
INFO: [ view_filter ] --START--
INFO: Run Behavior\WriteHtmlCacheBehavior [ RunTime:0.000491s ]
INFO: [ view_filter ] --END-- [ RunTime:0.000536s ]
INFO: [ app_end ] --START--
INFO: Run Behavior\ShowPageTraceBehavior [ RunTime:0.000734s ]
INFO: [ app_end ] --END-- [ RunTime:0.000790s ]

[ 2017-05-17T17:45:16+08:00 ] 127.0.0.1 /index.php/Admin/Index/index.html
INFO: [ app_init ] --START--
INFO: Run Behavior\BuildLiteBehavior [ RunTime:0.000031s ]
INFO: [ app_init ] --END-- [ RunTime:0.000877s ]
INFO: [ app_begin ] --START--
INFO: Run Behavior\ReadHtmlCacheBehavior [ RunTime:0.000650s ]
INFO: [ app_begin ] --END-- [ RunTime:0.000705s ]
SQL: SHOW COLUMNS FROM `catalogue` [ RunTime:0.0104s ]
SQL: SELECT * FROM `catalogue`  [ RunTime:0.0005s ]
INFO: [ view_parse ] --START--
INFO: [ template_filter ] --START--
INFO: Run Behavior\ContentReplaceBehavior [ RunTime:0.000037s ]
INFO: [ template_filter ] --END-- [ RunTime:0.000080s ]
INFO: Run Behavior\ParseTemplateBehavior [ RunTime:0.006592s ]
INFO: [ view_parse ] --END-- [ RunTime:0.006665s ]
INFO: [ view_filter ] --START--
INFO: Run Behavior\WriteHtmlCacheBehavior [ RunTime:0.000602s ]
INFO: [ view_filter ] --END-- [ RunTime:0.000663s ]
INFO: [ app_end ] --START--
INFO: Run Behavior\ShowPageTraceBehavior [ RunTime:0.000976s ]
INFO: [ app_end ] --END-- [ RunTime:0.001039s ]

[ 2017-05-17T17:45:16+08:00 ] 127.0.0.1 /index.php/Admin/System/index.html
INFO: [ app_init ] --START--
INFO: Run Behavior\BuildLiteBehavior [ RunTime:0.000021s ]
INFO: [ app_init ] --END-- [ RunTime:0.000787s ]
INFO: [ app_begin ] --START--
INFO: Run Behavior\ReadHtmlCacheBehavior [ RunTime:0.001010s ]
INFO: [ app_begin ] --END-- [ RunTime:0.001094s ]
SQL: SHOW COLUMNS FROM `catalogue` [ RunTime:0.0064s ]
SQL: SELECT * FROM `catalogue` ORDER BY id  [ RunTime:0.0006s ]
INFO: [ view_parse ] --START--
INFO: [ template_filter ] --START--
INFO: Run Behavior\ContentReplaceBehavior [ RunTime:0.000125s ]
INFO: [ template_filter ] --END-- [ RunTime:0.000246s ]
INFO: Run Behavior\ParseTemplateBehavior [ RunTime:0.011415s ]
INFO: [ view_parse ] --END-- [ RunTime:0.011516s ]
INFO: [ view_filter ] --START--
INFO: Run Behavior\WriteHtmlCacheBehavior [ RunTime:0.001029s ]
INFO: [ view_filter ] --END-- [ RunTime:0.001103s ]
INFO: [ app_end ] --START--
INFO: Run Behavior\ShowPageTraceBehavior [ RunTime:0.001321s ]
INFO: [ app_end ] --END-- [ RunTime:0.001395s ]

[ 2017-05-17T17:45:26+08:00 ] 127.0.0.1 /index.php/Admin/User/users.html
INFO: [ app_init ] --START--
INFO: Run Behavior\BuildLiteBehavior [ RunTime:0.000050s ]
INFO: [ app_init ] --END-- [ RunTime:0.000886s ]
INFO: [ app_begin ] --START--
INFO: Run Behavior\ReadHtmlCacheBehavior [ RunTime:0.001077s ]
INFO: [ app_begin ] --END-- [ RunTime:0.001183s ]
SQL: SHOW COLUMNS FROM `sdb_wxuser` [ RunTime:0.0065s ]
SQL: SELECT * FROM `sdb_wxuser` WHERE ( is_auth != '1' )  [ RunTime:0.0018s ]
INFO: [ view_parse ] --START--
INFO: [ template_filter ] --START--
INFO: Run Behavior\ContentReplaceBehavior [ RunTime:0.000043s ]
INFO: [ template_filter ] --END-- [ RunTime:0.000085s ]
NOTIC: [8] Undefined index: id D:\WillProject\thinkPHP\Application\Runtime\Cache\Admin\cc6dee5cc5f336703631d619a16bafab.php 第 78 行.
NOTIC: [8] Undefined index: id D:\WillProject\thinkPHP\Application\Runtime\Cache\Admin\cc6dee5cc5f336703631d619a16bafab.php 第 79 行.
NOTIC: [8] Undefined index: delete D:\WillProject\thinkPHP\Application\Runtime\Cache\Admin\cc6dee5cc5f336703631d619a16bafab.php 第 79 行.
NOTIC: [8] Undefined index: menu D:\WillProject\thinkPHP\Application\Runtime\Cache\Admin\cc6dee5cc5f336703631d619a16bafab.php 第 79 行.
NOTIC: [8] Undefined index: id D:\WillProject\thinkPHP\Application\Runtime\Cache\Admin\cc6dee5cc5f336703631d619a16bafab.php 第 78 行.
NOTIC: [8] Undefined index: id D:\WillProject\thinkPHP\Application\Runtime\Cache\Admin\cc6dee5cc5f336703631d619a16bafab.php 第 79 行.
NOTIC: [8] Undefined index: delete D:\WillProject\thinkPHP\Application\Runtime\Cache\Admin\cc6dee5cc5f336703631d619a16bafab.php 第 79 行.
NOTIC: [8] Undefined index: menu D:\WillProject\thinkPHP\Application\Runtime\Cache\Admin\cc6dee5cc5f336703631d619a16bafab.php 第 79 行.
NOTIC: [8] Undefined index: id D:\WillProject\thinkPHP\Application\Runtime\Cache\Admin\cc6dee5cc5f336703631d619a16bafab.php 第 78 行.
NOTIC: [8] Undefined index: id D:\WillProject\thinkPHP\Application\Runtime\Cache\Admin\cc6dee5cc5f336703631d619a16bafab.php 第 79 行.
NOTIC: [8] Undefined index: delete D:\WillProject\thinkPHP\Application\Runtime\Cache\Admin\cc6dee5cc5f336703631d619a16bafab.php 第 79 行.
NOTIC: [8] Undefined index: menu D:\WillProject\thinkPHP\Application\Runtime\Cache\Admin\cc6dee5cc5f336703631d619a16bafab.php 第 79 行.
NOTIC: [8] Undefined index: id D:\WillProject\thinkPHP\Application\Runtime\Cache\Admin\cc6dee5cc5f336703631d619a16bafab.php 第 78 行.
NOTIC: [8] Undefined index: id D:\WillProject\thinkPHP\Application\Runtime\Cache\Admin\cc6dee5cc5f336703631d619a16bafab.php 第 79 行.
NOTIC: [8] Undefined index: delete D:\WillProject\thinkPHP\Application\Runtime\Cache\Admin\cc6dee5cc5f336703631d619a16bafab.php 第 79 行.
NOTIC: [8] Undefined index: menu D:\WillProject\thinkPHP\Application\Runtime\Cache\Admin\cc6dee5cc5f336703631d619a16bafab.php 第 79 行.
NOTIC: [8] Undefined index: id D:\WillProject\thinkPHP\Application\Runtime\Cache\Admin\cc6dee5cc5f336703631d619a16bafab.php 第 78 行.
NOTIC: [8] Undefined index: id D:\WillProject\thinkPHP\Application\Runtime\Cache\Admin\cc6dee5cc5f336703631d619a16bafab.php 第 79 行.
NOTIC: [8] Undefined index: delete D:\WillProject\thinkPHP\Application\Runtime\Cache\Admin\cc6dee5cc5f336703631d619a16bafab.php 第 79 行.
NOTIC: [8] Undefined index: menu D:\WillProject\thinkPHP\Application\Runtime\Cache\Admin\cc6dee5cc5f336703631d619a16bafab.php 第 79 行.
NOTIC: [8] Undefined index: id D:\WillProject\thinkPHP\Application\Runtime\Cache\Admin\cc6dee5cc5f336703631d619a16bafab.php 第 78 行.
NOTIC: [8] Undefined index: id D:\WillProject\thinkPHP\Application\Runtime\Cache\Admin\cc6dee5cc5f336703631d619a16bafab.php 第 79 行.
NOTIC: [8] Undefined index: delete D:\WillProject\thinkPHP\Application\Runtime\Cache\Admin\cc6dee5cc5f336703631d619a16bafab.php 第 79 行.
NOTIC: [8] Undefined index: menu D:\WillProject\thinkPHP\Application\Runtime\Cache\Admin\cc6dee5cc5f336703631d619a16bafab.php 第 79 行.
NOTIC: [8] Undefined index: id D:\WillProject\thinkPHP\Application\Runtime\Cache\Admin\cc6dee5cc5f336703631d619a16bafab.php 第 78 行.
NOTIC: [8] Undefined index: id D:\WillProject\thinkPHP\Application\Runtime\Cache\Admin\cc6dee5cc5f336703631d619a16bafab.php 第 79 行.
NOTIC: [8] Undefined index: delete D:\WillProject\thinkPHP\Application\Runtime\Cache\Admin\cc6dee5cc5f336703631d619a16bafab.php 第 79 行.
NOTIC: [8] Undefined index: menu D:\WillProject\thinkPHP\Application\Runtime\Cache\Admin\cc6dee5cc5f336703631d619a16bafab.php 第 79 行.
NOTIC: [8] Undefined index: id D:\WillProject\thinkPHP\Application\Runtime\Cache\Admin\cc6dee5cc5f336703631d619a16bafab.php 第 78 行.
NOTIC: [8] Undefined index: id D:\WillProject\thinkPHP\Application\Runtime\Cache\Admin\cc6dee5cc5f336703631d619a16bafab.php 第 79 行.
NOTIC: [8] Undefined index: delete D:\WillProject\thinkPHP\Application\Runtime\Cache\Admin\cc6dee5cc5f336703631d619a16bafab.php 第 79 行.
NOTIC: [8] Undefined index: menu D:\WillProject\thinkPHP\Application\Runtime\Cache\Admin\cc6dee5cc5f336703631d619a16bafab.php 第 79 行.
NOTIC: [8] Undefined index: id D:\WillProject\thinkPHP\Application\Runtime\Cache\Admin\cc6dee5cc5f336703631d619a16bafab.php 第 78 行.
NOTIC: [8] Undefined index: id D:\WillProject\thinkPHP\Application\Runtime\Cache\Admin\cc6dee5cc5f336703631d619a16bafab.php 第 79 行.
NOTIC: [8] Undefined index: delete D:\WillProject\thinkPHP\Application\Runtime\Cache\Admin\cc6dee5cc5f336703631d619a16bafab.php 第 79 行.
NOTIC: [8] Undefined index: menu D:\WillProject\thinkPHP\Application\Runtime\Cache\Admin\cc6dee5cc5f336703631d619a16bafab.php 第 79 行.
NOTIC: [8] Undefined index: id D:\WillProject\thinkPHP\Application\Runtime\Cache\Admin\cc6dee5cc5f336703631d619a16bafab.php 第 78 行.
NOTIC: [8] Undefined index: id D:\WillProject\thinkPHP\Application\Runtime\Cache\Admin\cc6dee5cc5f336703631d619a16bafab.php 第 79 行.
NOTIC: [8] Undefined index: delete D:\WillProject\thinkPHP\Application\Runtime\Cache\Admin\cc6dee5cc5f336703631d619a16bafab.php 第 79 行.
NOTIC: [8] Undefined index: menu D:\WillProject\thinkPHP\Application\Runtime\Cache\Admin\cc6dee5cc5f336703631d619a16bafab.php 第 79 行.
NOTIC: [8] Undefined index: id D:\WillProject\thinkPHP\Application\Runtime\Cache\Admin\cc6dee5cc5f336703631d619a16bafab.php 第 78 行.
NOTIC: [8] Undefined index: id D:\WillProject\thinkPHP\Application\Runtime\Cache\Admin\cc6dee5cc5f336703631d619a16bafab.php 第 79 行.
NOTIC: [8] Undefined index: delete D:\WillProject\thinkPHP\Application\Runtime\Cache\Admin\cc6dee5cc5f336703631d619a16bafab.php 第 79 行.
NOTIC: [8] Undefined index: menu D:\WillProject\thinkPHP\Application\Runtime\Cache\Admin\cc6dee5cc5f336703631d619a16bafab.php 第 79 行.
NOTIC: [8] Undefined index: id D:\WillProject\thinkPHP\Application\Runtime\Cache\Admin\cc6dee5cc5f336703631d619a16bafab.php 第 78 行.
NOTIC: [8] Undefined index: id D:\WillProject\thinkPHP\Application\Runtime\Cache\Admin\cc6dee5cc5f336703631d619a16bafab.php 第 79 行.
NOTIC: [8] Undefined index: delete D:\WillProject\thinkPHP\Application\Runtime\Cache\Admin\cc6dee5cc5f336703631d619a16bafab.php 第 79 行.
NOTIC: [8] Undefined index: menu D:\WillProject\thinkPHP\Application\Runtime\Cache\Admin\cc6dee5cc5f336703631d619a16bafab.php 第 79 行.
NOTIC: [8] Undefined index: id D:\WillProject\thinkPHP\Application\Runtime\Cache\Admin\cc6dee5cc5f336703631d619a16bafab.php 第 78 行.
NOTIC: [8] Undefined index: id D:\WillProject\thinkPHP\Application\Runtime\Cache\Admin\cc6dee5cc5f336703631d619a16bafab.php 第 79 行.
NOTIC: [8] Undefined index: delete D:\WillProject\thinkPHP\Application\Runtime\Cache\Admin\cc6dee5cc5f336703631d619a16bafab.php 第 79 行.
NOTIC: [8] Undefined index: menu D:\WillProject\thinkPHP\Application\Runtime\Cache\Admin\cc6dee5cc5f336703631d619a16bafab.php 第 79 行.
NOTIC: [8] Undefined index: id D:\WillProject\thinkPHP\Application\Runtime\Cache\Admin\cc6dee5cc5f336703631d619a16bafab.php 第 78 行.
NOTIC: [8] Undefined index: id D:\WillProject\thinkPHP\Application\Runtime\Cache\Admin\cc6dee5cc5f336703631d619a16bafab.php 第 79 行.
NOTIC: [8] Undefined index: delete D:\WillProject\thinkPHP\Application\Runtime\Cache\Admin\cc6dee5cc5f336703631d619a16bafab.php 第 79 行.
NOTIC: [8] Undefined index: menu D:\WillProject\thinkPHP\Application\Runtime\Cache\Admin\cc6dee5cc5f336703631d619a16bafab.php 第 79 行.
NOTIC: [8] Undefined index: id D:\WillProject\thinkPHP\Application\Runtime\Cache\Admin\cc6dee5cc5f336703631d619a16bafab.php 第 78 行.
NOTIC: [8] Undefined index: id D:\WillProject\thinkPHP\Application\Runtime\Cache\Admin\cc6dee5cc5f336703631d619a16bafab.php 第 79 行.
NOTIC: [8] Undefined index: delete D:\WillProject\thinkPHP\Application\Runtime\Cache\Admin\cc6dee5cc5f336703631d619a16bafab.php 第 79 行.
NOTIC: [8] Undefined index: menu D:\WillProject\thinkPHP\Application\Runtime\Cache\Admin\cc6dee5cc5f336703631d619a16bafab.php 第 79 行.
NOTIC: [8] Undefined index: id D:\WillProject\thinkPHP\Application\Runtime\Cache\Admin\cc6dee5cc5f336703631d619a16bafab.php 第 78 行.
NOTIC: [8] Undefined index: id D:\WillProject\thinkPHP\Application\Runtime\Cache\Admin\cc6dee5cc5f336703631d619a16bafab.php 第 79 行.
NOTIC: [8] Undefined index: delete D:\WillProject\thinkPHP\Application\Runtime\Cache\Admin\cc6dee5cc5f336703631d619a16bafab.php 第 79 行.
NOTIC: [8] Undefined index: menu D:\WillProject\thinkPHP\Application\Runtime\Cache\Admin\cc6dee5cc5f336703631d619a16bafab.php 第 79 行.
NOTIC: [8] Undefined index: id D:\WillProject\thinkPHP\Application\Runtime\Cache\Admin\cc6dee5cc5f336703631d619a16bafab.php 第 78 行.
NOTIC: [8] Undefined index: id D:\WillProject\thinkPHP\Application\Runtime\Cache\Admin\cc6dee5cc5f336703631d619a16bafab.php 第 79 行.
NOTIC: [8] Undefined index: delete D:\WillProject\thinkPHP\Application\Runtime\Cache\Admin\cc6dee5cc5f336703631d619a16bafab.php 第 79 行.
NOTIC: [8] Undefined index: menu D:\WillProject\thinkPHP\Application\Runtime\Cache\Admin\cc6dee5cc5f336703631d619a16bafab.php 第 79 行.
NOTIC: [8] Undefined index: id D:\WillProject\thinkPHP\Application\Runtime\Cache\Admin\cc6dee5cc5f336703631d619a16bafab.php 第 78 行.
NOTIC: [8] Undefined index: id D:\WillProject\thinkPHP\Application\Runtime\Cache\Admin\cc6dee5cc5f336703631d619a16bafab.php 第 79 行.
NOTIC: [8] Undefined index: delete D:\WillProject\thinkPHP\Application\Runtime\Cache\Admin\cc6dee5cc5f336703631d619a16bafab.php 第 79 行.
NOTIC: [8] Undefined index: menu D:\WillProject\thinkPHP\Application\Runtime\Cache\Admin\cc6dee5cc5f336703631d619a16bafab.php 第 79 行.
NOTIC: [8] Undefined index: id D:\WillProject\thinkPHP\Application\Runtime\Cache\Admin\cc6dee5cc5f336703631d619a16bafab.php 第 78 行.
NOTIC: [8] Undefined index: id D:\WillProject\thinkPHP\Application\Runtime\Cache\Admin\cc6dee5cc5f336703631d619a16bafab.php 第 79 行.
NOTIC: [8] Undefined index: delete D:\WillProject\thinkPHP\Application\Runtime\Cache\Admin\cc6dee5cc5f336703631d619a16bafab.php 第 79 行.
NOTIC: [8] Undefined index: menu D:\WillProject\thinkPHP\Application\Runtime\Cache\Admin\cc6dee5cc5f336703631d619a16bafab.php 第 79 行.
NOTIC: [8] Undefined index: id D:\WillProject\thinkPHP\Application\Runtime\Cache\Admin\cc6dee5cc5f336703631d619a16bafab.php 第 78 行.
NOTIC: [8] Undefined index: id D:\WillProject\thinkPHP\Application\Runtime\Cache\Admin\cc6dee5cc5f336703631d619a16bafab.php 第 79 行.
NOTIC: [8] Undefined index: delete D:\WillProject\thinkPHP\Application\Runtime\Cache\Admin\cc6dee5cc5f336703631d619a16bafab.php 第 79 行.
NOTIC: [8] Undefined index: menu D:\WillProject\thinkPHP\Application\Runtime\Cache\Admin\cc6dee5cc5f336703631d619a16bafab.php 第 79 行.
NOTIC: [8] Undefined index: id D:\WillProject\thinkPHP\Application\Runtime\Cache\Admin\cc6dee5cc5f336703631d619a16bafab.php 第 78 行.
NOTIC: [8] Undefined index: id D:\WillProject\thinkPHP\Application\Runtime\Cache\Admin\cc6dee5cc5f336703631d619a16bafab.php 第 79 行.
NOTIC: [8] Undefined index: delete D:\WillProject\thinkPHP\Application\Runtime\Cache\Admin\cc6dee5cc5f336703631d619a16bafab.php 第 79 行.
NOTIC: [8] Undefined index: menu D:\WillProject\thinkPHP\Application\Runtime\Cache\Admin\cc6dee5cc5f336703631d619a16bafab.php 第 79 行.
NOTIC: [8] Undefined index: id D:\WillProject\thinkPHP\Application\Runtime\Cache\Admin\cc6dee5cc5f336703631d619a16bafab.php 第 78 行.
NOTIC: [8] Undefined index: id D:\WillProject\thinkPHP\Application\Runtime\Cache\Admin\cc6dee5cc5f336703631d619a16bafab.php 第 79 行.
NOTIC: [8] Undefined index: delete D:\WillProject\thinkPHP\Application\Runtime\Cache\Admin\cc6dee5cc5f336703631d619a16bafab.php 第 79 行.
NOTIC: [8] Undefined index: menu D:\WillProject\thinkPHP\Application\Runtime\Cache\Admin\cc6dee5cc5f336703631d619a16bafab.php 第 79 行.
NOTIC: [8] Undefined index: id D:\WillProject\thinkPHP\Application\Runtime\Cache\Admin\cc6dee5cc5f336703631d619a16bafab.php 第 78 行.
NOTIC: [8] Undefined index: id D:\WillProject\thinkPHP\Application\Runtime\Cache\Admin\cc6dee5cc5f336703631d619a16bafab.php 第 79 行.
NOTIC: [8] Undefined index: delete D:\WillProject\thinkPHP\Application\Runtime\Cache\Admin\cc6dee5cc5f336703631d619a16bafab.php 第 79 行.
NOTIC: [8] Undefined index: menu D:\WillProject\thinkPHP\Application\Runtime\Cache\Admin\cc6dee5cc5f336703631d619a16bafab.php 第 79 行.
NOTIC: [8] Undefined index: id D:\WillProject\thinkPHP\Application\Runtime\Cache\Admin\cc6dee5cc5f336703631d619a16bafab.php 第 78 行.
NOTIC: [8] Undefined index: id D:\WillProject\thinkPHP\Application\Runtime\Cache\Admin\cc6dee5cc5f336703631d619a16bafab.php 第 79 行.
NOTIC: [8] Undefined index: delete D:\WillProject\thinkPHP\Application\Runtime\Cache\Admin\cc6dee5cc5f336703631d619a16bafab.php 第 79 行.
NOTIC: [8] Undefined index: menu D:\WillProject\thinkPHP\Application\Runtime\Cache\Admin\cc6dee5cc5f336703631d619a16bafab.php 第 79 行.
NOTIC: [8] Undefined index: id D:\WillProject\thinkPHP\Application\Runtime\Cache\Admin\cc6dee5cc5f336703631d619a16bafab.php 第 78 行.
NOTIC: [8] Undefined index: id D:\WillProject\thinkPHP\Application\Runtime\Cache\Admin\cc6dee5cc5f336703631d619a16bafab.php 第 79 行.
NOTIC: [8] Undefined index: delete D:\WillProject\thinkPHP\Application\Runtime\Cache\Admin\cc6dee5cc5f336703631d619a16bafab.php 第 79 行.
NOTIC: [8] Undefined index: menu D:\WillProject\thinkPHP\Application\Runtime\Cache\Admin\cc6dee5cc5f336703631d619a16bafab.php 第 79 行.
NOTIC: [8] Undefined index: id D:\WillProject\thinkPHP\Application\Runtime\Cache\Admin\cc6dee5cc5f336703631d619a16bafab.php 第 78 行.
NOTIC: [8] Undefined index: id D:\WillProject\thinkPHP\Application\Runtime\Cache\Admin\cc6dee5cc5f336703631d619a16bafab.php 第 79 行.
NOTIC: [8] Undefined index: delete D:\WillProject\thinkPHP\Application\Runtime\Cache\Admin\cc6dee5cc5f336703631d619a16bafab.php 第 79 行.
NOTIC: [8] Undefined index: menu D:\WillProject\thinkPHP\Application\Runtime\Cache\Admin\cc6dee5cc5f336703631d619a16bafab.php 第 79 行.
NOTIC: [8] Undefined index: id D:\WillProject\thinkPHP\Application\Runtime\Cache\Admin\cc6dee5cc5f336703631d619a16bafab.php 第 78 行.
NOTIC: [8] Undefined index: id D:\WillProject\thinkPHP\Application\Runtime\Cache\Admin\cc6dee5cc5f336703631d619a16bafab.php 第 79 行.
NOTIC: [8] Undefined index: delete D:\WillProject\thinkPHP\Application\Runtime\Cache\Admin\cc6dee5cc5f336703631d619a16bafab.php 第 79 行.
NOTIC: [8] Undefined index: menu D:\WillProject\thinkPHP\Application\Runtime\Cache\Admin\cc6dee5cc5f336703631d619a16bafab.php 第 79 行.
NOTIC: [8] Undefined index: id D:\WillProject\thinkPHP\Application\Runtime\Cache\Admin\cc6dee5cc5f336703631d619a16bafab.php 第 78 行.
NOTIC: [8] Undefined index: id D:\WillProject\thinkPHP\Application\Runtime\Cache\Admin\cc6dee5cc5f336703631d619a16bafab.php 第 79 行.
NOTIC: [8] Undefined index: delete D:\WillProject\thinkPHP\Application\Runtime\Cache\Admin\cc6dee5cc5f336703631d619a16bafab.php 第 79 行.
NOTIC: [8] Undefined index: menu D:\WillProject\thinkPHP\Application\Runtime\Cache\Admin\cc6dee5cc5f336703631d619a16bafab.php 第 79 行.
NOTIC: [8] Undefined index: id D:\WillProject\thinkPHP\Application\Runtime\Cache\Admin\cc6dee5cc5f336703631d619a16bafab.php 第 78 行.
NOTIC: [8] Undefined index: id D:\WillProject\thinkPHP\Application\Runtime\Cache\Admin\cc6dee5cc5f336703631d619a16bafab.php 第 79 行.
NOTIC: [8] Undefined index: delete D:\WillProject\thinkPHP\Application\Runtime\Cache\Admin\cc6dee5cc5f336703631d619a16bafab.php 第 79 行.
NOTIC: [8] Undefined index: menu D:\WillProject\thinkPHP\Application\Runtime\Cache\Admin\cc6dee5cc5f336703631d619a16bafab.php 第 79 行.
INFO: Run Behavior\ParseTemplateBehavior [ RunTime:0.014118s ]
INFO: [ view_parse ] --END-- [ RunTime:0.014248s ]
INFO: [ view_filter ] --START--
INFO: Run Behavior\WriteHtmlCacheBehavior [ RunTime:0.002377s ]
INFO: [ view_filter ] --END-- [ RunTime:0.002541s ]
INFO: [ app_end ] --START--
INFO: Run Behavior\ShowPageTraceBehavior [ RunTime:0.001049s ]
INFO: [ app_end ] --END-- [ RunTime:0.001141s ]

[ 2017-05-17T17:45:27+08:00 ] 127.0.0.1 /index.php/Admin/System/admin_list.html
INFO: [ app_init ] --START--
INFO: Run Behavior\BuildLiteBehavior [ RunTime:0.000051s ]
INFO: [ app_init ] --END-- [ RunTime:0.000873s ]
INFO: [ app_begin ] --START--
INFO: Run Behavior\ReadHtmlCacheBehavior [ RunTime:0.001558s ]
INFO: [ app_begin ] --END-- [ RunTime:0.001765s ]
SQL: SHOW COLUMNS FROM `admin_users` [ RunTime:0.0108s ]
SQL: SELECT * FROM `admin_users`  [ RunTime:0.0007s ]
INFO: [ view_parse ] --START--
INFO: [ template_filter ] --START--
INFO: Run Behavior\ContentReplaceBehavior [ RunTime:0.000113s ]
INFO: [ template_filter ] --END-- [ RunTime:0.000277s ]
NOTIC: [8] Undefined index: delete D:\WillProject\thinkPHP\Application\Runtime\Cache\Admin\20ad540a2aa8b40fd265df5c9fff6957.php 第 76 行.
NOTIC: [8] Undefined index: menu D:\WillProject\thinkPHP\Application\Runtime\Cache\Admin\20ad540a2aa8b40fd265df5c9fff6957.php 第 76 行.
NOTIC: [8] Undefined index: delete D:\WillProject\thinkPHP\Application\Runtime\Cache\Admin\20ad540a2aa8b40fd265df5c9fff6957.php 第 76 行.
NOTIC: [8] Undefined index: menu D:\WillProject\thinkPHP\Application\Runtime\Cache\Admin\20ad540a2aa8b40fd265df5c9fff6957.php 第 76 行.
INFO: Run Behavior\ParseTemplateBehavior [ RunTime:0.010633s ]
INFO: [ view_parse ] --END-- [ RunTime:0.010715s ]
INFO: [ view_filter ] --START--
INFO: Run Behavior\WriteHtmlCacheBehavior [ RunTime:0.000716s ]
INFO: [ view_filter ] --END-- [ RunTime:0.000767s ]
INFO: [ app_end ] --START--
INFO: Run Behavior\ShowPageTraceBehavior [ RunTime:0.000797s ]
INFO: [ app_end ] --END-- [ RunTime:0.000835s ]

[ 2017-05-17T17:45:30+08:00 ] 127.0.0.1 /index.php/Admin/System/admin_grouping/id/1.html
INFO: [ app_init ] --START--
INFO: Run Behavior\BuildLiteBehavior [ RunTime:0.000011s ]
INFO: [ app_init ] --END-- [ RunTime:0.000595s ]
INFO: [ app_begin ] --START--
INFO: Run Behavior\ReadHtmlCacheBehavior [ RunTime:0.000838s ]
INFO: [ app_begin ] --END-- [ RunTime:0.000911s ]
SQL: SHOW COLUMNS FROM `admin_users` [ RunTime:0.0062s ]
SQL: SELECT `id`,`username`,`password`,`nickname`,`name`,`mobile`,`mail`,`age`,`gender`,`rank` FROM `admin_users` WHERE ( id=1 )  [ RunTime:0.0006s ]
INFO: [ view_parse ] --START--
INFO: [ template_filter ] --START--
INFO: Run Behavior\ContentReplaceBehavior [ RunTime:0.000055s ]
INFO: [ template_filter ] --END-- [ RunTime:0.000113s ]
INFO: Run Behavior\ParseTemplateBehavior [ RunTime:0.009142s ]
INFO: [ view_parse ] --END-- [ RunTime:0.009227s ]
INFO: [ view_filter ] --START--
INFO: Run Behavior\WriteHtmlCacheBehavior [ RunTime:0.000557s ]
INFO: [ view_filter ] --END-- [ RunTime:0.000589s ]
INFO: [ app_end ] --START--
INFO: Run Behavior\ShowPageTraceBehavior [ RunTime:0.001138s ]
INFO: [ app_end ] --END-- [ RunTime:0.001181s ]

[ 2017-05-17T17:45:35+08:00 ] 127.0.0.1 /index.php/Admin/System/index.html
INFO: [ app_init ] --START--
INFO: Run Behavior\BuildLiteBehavior [ RunTime:0.000016s ]
INFO: [ app_init ] --END-- [ RunTime:0.000625s ]
INFO: [ app_begin ] --START--
INFO: Run Behavior\ReadHtmlCacheBehavior [ RunTime:0.001032s ]
INFO: [ app_begin ] --END-- [ RunTime:0.001098s ]
SQL: SHOW COLUMNS FROM `catalogue` [ RunTime:0.0072s ]
SQL: SELECT * FROM `catalogue` ORDER BY id  [ RunTime:0.0005s ]
INFO: [ view_parse ] --START--
INFO: [ template_filter ] --START--
INFO: Run Behavior\ContentReplaceBehavior [ RunTime:0.000088s ]
INFO: [ template_filter ] --END-- [ RunTime:0.000157s ]
INFO: Run Behavior\ParseTemplateBehavior [ RunTime:0.014245s ]
INFO: [ view_parse ] --END-- [ RunTime:0.014319s ]
INFO: [ view_filter ] --START--
INFO: Run Behavior\WriteHtmlCacheBehavior [ RunTime:0.000631s ]
INFO: [ view_filter ] --END-- [ RunTime:0.000676s ]
INFO: [ app_end ] --START--
INFO: Run Behavior\ShowPageTraceBehavior [ RunTime:0.000881s ]
INFO: [ app_end ] --END-- [ RunTime:0.000917s ]

[ 2017-05-17T17:45:37+08:00 ] 127.0.0.1 /index.php/Admin/System/admin_list.html
INFO: [ app_init ] --START--
INFO: Run Behavior\BuildLiteBehavior [ RunTime:0.000019s ]
INFO: [ app_init ] --END-- [ RunTime:0.000663s ]
INFO: [ app_begin ] --START--
INFO: Run Behavior\ReadHtmlCacheBehavior [ RunTime:0.001045s ]
INFO: [ app_begin ] --END-- [ RunTime:0.001133s ]
SQL: SHOW COLUMNS FROM `admin_users` [ RunTime:0.0084s ]
SQL: SELECT * FROM `admin_users`  [ RunTime:0.0006s ]
INFO: [ view_parse ] --START--
INFO: [ template_filter ] --START--
INFO: Run Behavior\ContentReplaceBehavior [ RunTime:0.000089s ]
INFO: [ template_filter ] --END-- [ RunTime:0.000212s ]
NOTIC: [8] Undefined index: delete D:\WillProject\thinkPHP\Application\Runtime\Cache\Admin\20ad540a2aa8b40fd265df5c9fff6957.php 第 76 行.
NOTIC: [8] Undefined index: menu D:\WillProject\thinkPHP\Application\Runtime\Cache\Admin\20ad540a2aa8b40fd265df5c9fff6957.php 第 76 行.
NOTIC: [8] Undefined index: delete D:\WillProject\thinkPHP\Application\Runtime\Cache\Admin\20ad540a2aa8b40fd265df5c9fff6957.php 第 76 行.
NOTIC: [8] Undefined index: menu D:\WillProject\thinkPHP\Application\Runtime\Cache\Admin\20ad540a2aa8b40fd265df5c9fff6957.php 第 76 行.
INFO: Run Behavior\ParseTemplateBehavior [ RunTime:0.010792s ]
INFO: [ view_parse ] --END-- [ RunTime:0.010948s ]
INFO: [ view_filter ] --START--
INFO: Run Behavior\WriteHtmlCacheBehavior [ RunTime:0.002475s ]
INFO: [ view_filter ] --END-- [ RunTime:0.002757s ]
INFO: [ app_end ] --START--
INFO: Run Behavior\ShowPageTraceBehavior [ RunTime:0.001681s ]
INFO: [ app_end ] --END-- [ RunTime:0.001963s ]

[ 2017-05-17T17:45:58+08:00 ] 127.0.0.1 /index.php/Admin/System/admin_grouping/id/3.html
INFO: [ app_init ] --START--
INFO: Run Behavior\BuildLiteBehavior [ RunTime:0.000012s ]
INFO: [ app_init ] --END-- [ RunTime:0.000469s ]
INFO: [ app_begin ] --START--
INFO: Run Behavior\ReadHtmlCacheBehavior [ RunTime:0.000824s ]
INFO: [ app_begin ] --END-- [ RunTime:0.000866s ]
SQL: SHOW COLUMNS FROM `admin_users` [ RunTime:0.0056s ]
SQL: SELECT `id`,`username`,`password`,`nickname`,`name`,`mobile`,`mail`,`age`,`gender`,`rank` FROM `admin_users` WHERE ( id=3 )  [ RunTime:0.0004s ]
INFO: [ view_parse ] --START--
INFO: [ template_filter ] --START--
INFO: Run Behavior\ContentReplaceBehavior [ RunTime:0.000041s ]
INFO: [ template_filter ] --END-- [ RunTime:0.000085s ]
INFO: Run Behavior\ParseTemplateBehavior [ RunTime:0.007935s ]
INFO: [ view_parse ] --END-- [ RunTime:0.007999s ]
INFO: [ view_filter ] --START--
INFO: Run Behavior\WriteHtmlCacheBehavior [ RunTime:0.001044s ]
INFO: [ view_filter ] --END-- [ RunTime:0.001106s ]
INFO: [ app_end ] --START--
INFO: Run Behavior\ShowPageTraceBehavior [ RunTime:0.001258s ]
INFO: [ app_end ] --END-- [ RunTime:0.001320s ]

[ 2017-05-17T17:46:12+08:00 ] 127.0.0.1 /index.php/Admin/System/admin_list.html
INFO: [ app_init ] --START--
INFO: Run Behavior\BuildLiteBehavior [ RunTime:0.000018s ]
INFO: [ app_init ] --END-- [ RunTime:0.000617s ]
INFO: [ app_begin ] --START--
INFO: Run Behavior\ReadHtmlCacheBehavior [ RunTime:0.000991s ]
INFO: [ app_begin ] --END-- [ RunTime:0.001060s ]
SQL: SHOW COLUMNS FROM `admin_users` [ RunTime:0.0090s ]
SQL: SELECT * FROM `admin_users`  [ RunTime:0.0005s ]
INFO: [ view_parse ] --START--
INFO: [ template_filter ] --START--
INFO: Run Behavior\ContentReplaceBehavior [ RunTime:0.000096s ]
INFO: [ template_filter ] --END-- [ RunTime:0.000165s ]
NOTIC: [8] Undefined index: delete D:\WillProject\thinkPHP\Application\Runtime\Cache\Admin\20ad540a2aa8b40fd265df5c9fff6957.php 第 76 行.
NOTIC: [8] Undefined index: menu D:\WillProject\thinkPHP\Application\Runtime\Cache\Admin\20ad540a2aa8b40fd265df5c9fff6957.php 第 76 行.
NOTIC: [8] Undefined index: delete D:\WillProject\thinkPHP\Application\Runtime\Cache\Admin\20ad540a2aa8b40fd265df5c9fff6957.php 第 76 行.
NOTIC: [8] Undefined index: menu D:\WillProject\thinkPHP\Application\Runtime\Cache\Admin\20ad540a2aa8b40fd265df5c9fff6957.php 第 76 行.
INFO: Run Behavior\ParseTemplateBehavior [ RunTime:0.011772s ]
INFO: [ view_parse ] --END-- [ RunTime:0.012130s ]
INFO: [ view_filter ] --START--
INFO: Run Behavior\WriteHtmlCacheBehavior [ RunTime:0.001560s ]
INFO: [ view_filter ] --END-- [ RunTime:0.001794s ]
INFO: [ app_end ] --START--
INFO: Run Behavior\ShowPageTraceBehavior [ RunTime:0.000891s ]
INFO: [ app_end ] --END-- [ RunTime:0.000937s ]

[ 2017-05-17T17:46:22+08:00 ] 127.0.0.1 /index.php/Admin/System/catalogue/id/8.html
INFO: [ app_init ] --START--
INFO: Run Behavior\BuildLiteBehavior [ RunTime:0.000011s ]
INFO: [ app_init ] --END-- [ RunTime:0.000582s ]
INFO: [ app_begin ] --START--
INFO: Run Behavior\ReadHtmlCacheBehavior [ RunTime:0.000706s ]
INFO: [ app_begin ] --END-- [ RunTime:0.000747s ]
SQL: SHOW COLUMNS FROM `catalogue` [ RunTime:0.0062s ]
SQL: SELECT * FROM `catalogue` WHERE ( id=8 ) LIMIT 1   [ RunTime:0.0005s ]
SQL: SELECT * FROM `catalogue` WHERE ( superior=0 )  [ RunTime:0.0005s ]
INFO: [ view_parse ] --START--
INFO: [ template_filter ] --START--
INFO: Run Behavior\ContentReplaceBehavior [ RunTime:0.000040s ]
INFO: [ template_filter ] --END-- [ RunTime:0.000080s ]
INFO: Run Behavior\ParseTemplateBehavior [ RunTime:0.008434s ]
INFO: [ view_parse ] --END-- [ RunTime:0.008483s ]
INFO: [ view_filter ] --START--
INFO: Run Behavior\WriteHtmlCacheBehavior [ RunTime:0.000482s ]
INFO: [ view_filter ] --END-- [ RunTime:0.000527s ]
INFO: [ app_end ] --START--
INFO: Run Behavior\ShowPageTraceBehavior [ RunTime:0.000591s ]
INFO: [ app_end ] --END-- [ RunTime:0.000629s ]

[ 2017-05-17T17:46:40+08:00 ] 127.0.0.1 /index.php/Admin/User/users.html
INFO: [ app_init ] --START--
INFO: Run Behavior\BuildLiteBehavior [ RunTime:0.000014s ]
INFO: [ app_init ] --END-- [ RunTime:0.000684s ]
INFO: [ app_begin ] --START--
INFO: Run Behavior\ReadHtmlCacheBehavior [ RunTime:0.000730s ]
INFO: [ app_begin ] --END-- [ RunTime:0.000838s ]
SQL: SHOW COLUMNS FROM `sdb_wxuser` [ RunTime:0.0089s ]
SQL: SELECT * FROM `sdb_wxuser` WHERE ( is_auth != '1' )  [ RunTime:0.0021s ]
INFO: [ view_parse ] --START--
INFO: [ template_filter ] --START--
INFO: Run Behavior\ContentReplaceBehavior [ RunTime:0.000043s ]
INFO: [ template_filter ] --END-- [ RunTime:0.000085s ]
NOTIC: [8] Undefined index: id D:\WillProject\thinkPHP\Application\Runtime\Cache\Admin\cc6dee5cc5f336703631d619a16bafab.php 第 78 行.
NOTIC: [8] Undefined index: id D:\WillProject\thinkPHP\Application\Runtime\Cache\Admin\cc6dee5cc5f336703631d619a16bafab.php 第 79 行.
NOTIC: [8] Undefined index: delete D:\WillProject\thinkPHP\Application\Runtime\Cache\Admin\cc6dee5cc5f336703631d619a16bafab.php 第 79 行.
NOTIC: [8] Undefined index: menu D:\WillProject\thinkPHP\Application\Runtime\Cache\Admin\cc6dee5cc5f336703631d619a16bafab.php 第 79 行.
NOTIC: [8] Undefined index: id D:\WillProject\thinkPHP\Application\Runtime\Cache\Admin\cc6dee5cc5f336703631d619a16bafab.php 第 78 行.
NOTIC: [8] Undefined index: id D:\WillProject\thinkPHP\Application\Runtime\Cache\Admin\cc6dee5cc5f336703631d619a16bafab.php 第 79 行.
NOTIC: [8] Undefined index: delete D:\WillProject\thinkPHP\Application\Runtime\Cache\Admin\cc6dee5cc5f336703631d619a16bafab.php 第 79 行.
NOTIC: [8] Undefined index: menu D:\WillProject\thinkPHP\Application\Runtime\Cache\Admin\cc6dee5cc5f336703631d619a16bafab.php 第 79 行.
NOTIC: [8] Undefined index: id D:\WillProject\thinkPHP\Application\Runtime\Cache\Admin\cc6dee5cc5f336703631d619a16bafab.php 第 78 行.
NOTIC: [8] Undefined index: id D:\WillProject\thinkPHP\Application\Runtime\Cache\Admin\cc6dee5cc5f336703631d619a16bafab.php 第 79 行.
NOTIC: [8] Undefined index: delete D:\WillProject\thinkPHP\Application\Runtime\Cache\Admin\cc6dee5cc5f336703631d619a16bafab.php 第 79 行.
NOTIC: [8] Undefined index: menu D:\WillProject\thinkPHP\Application\Runtime\Cache\Admin\cc6dee5cc5f336703631d619a16bafab.php 第 79 行.
NOTIC: [8] Undefined index: id D:\WillProject\thinkPHP\Application\Runtime\Cache\Admin\cc6dee5cc5f336703631d619a16bafab.php 第 78 行.
NOTIC: [8] Undefined index: id D:\WillProject\thinkPHP\Application\Runtime\Cache\Admin\cc6dee5cc5f336703631d619a16bafab.php 第 79 行.
NOTIC: [8] Undefined index: delete D:\WillProject\thinkPHP\Application\Runtime\Cache\Admin\cc6dee5cc5f336703631d619a16bafab.php 第 79 行.
NOTIC: [8] Undefined index: menu D:\WillProject\thinkPHP\Application\Runtime\Cache\Admin\cc6dee5cc5f336703631d619a16bafab.php 第 79 行.
NOTIC: [8] Undefined index: id D:\WillProject\thinkPHP\Application\Runtime\Cache\Admin\cc6dee5cc5f336703631d619a16bafab.php 第 78 行.
NOTIC: [8] Undefined index: id D:\WillProject\thinkPHP\Application\Runtime\Cache\Admin\cc6dee5cc5f336703631d619a16bafab.php 第 79 行.
NOTIC: [8] Undefined index: delete D:\WillProject\thinkPHP\Application\Runtime\Cache\Admin\cc6dee5cc5f336703631d619a16bafab.php 第 79 行.
NOTIC: [8] Undefined index: menu D:\WillProject\thinkPHP\Application\Runtime\Cache\Admin\cc6dee5cc5f336703631d619a16bafab.php 第 79 行.
NOTIC: [8] Undefined index: id D:\WillProject\thinkPHP\Application\Runtime\Cache\Admin\cc6dee5cc5f336703631d619a16bafab.php 第 78 行.
NOTIC: [8] Undefined index: id D:\WillProject\thinkPHP\Application\Runtime\Cache\Admin\cc6dee5cc5f336703631d619a16bafab.php 第 79 行.
NOTIC: [8] Undefined index: delete D:\WillProject\thinkPHP\Application\Runtime\Cache\Admin\cc6dee5cc5f336703631d619a16bafab.php 第 79 行.
NOTIC: [8] Undefined index: menu D:\WillProject\thinkPHP\Application\Runtime\Cache\Admin\cc6dee5cc5f336703631d619a16bafab.php 第 79 行.
NOTIC: [8] Undefined index: id D:\WillProject\thinkPHP\Application\Runtime\Cache\Admin\cc6dee5cc5f336703631d619a16bafab.php 第 78 行.
NOTIC: [8] Undefined index: id D:\WillProject\thinkPHP\Application\Runtime\Cache\Admin\cc6dee5cc5f336703631d619a16bafab.php 第 79 行.
NOTIC: [8] Undefined index: delete D:\WillProject\thinkPHP\Application\Runtime\Cache\Admin\cc6dee5cc5f336703631d619a16bafab.php 第 79 行.
NOTIC: [8] Undefined index: menu D:\WillProject\thinkPHP\Application\Runtime\Cache\Admin\cc6dee5cc5f336703631d619a16bafab.php 第 79 行.
NOTIC: [8] Undefined index: id D:\WillProject\thinkPHP\Application\Runtime\Cache\Admin\cc6dee5cc5f336703631d619a16bafab.php 第 78 行.
NOTIC: [8] Undefined index: id D:\WillProject\thinkPHP\Application\Runtime\Cache\Admin\cc6dee5cc5f336703631d619a16bafab.php 第 79 行.
NOTIC: [8] Undefined index: delete D:\WillProject\thinkPHP\Application\Runtime\Cache\Admin\cc6dee5cc5f336703631d619a16bafab.php 第 79 行.
NOTIC: [8] Undefined index: menu D:\WillProject\thinkPHP\Application\Runtime\Cache\Admin\cc6dee5cc5f336703631d619a16bafab.php 第 79 行.
NOTIC: [8] Undefined index: id D:\WillProject\thinkPHP\Application\Runtime\Cache\Admin\cc6dee5cc5f336703631d619a16bafab.php 第 78 行.
NOTIC: [8] Undefined index: id D:\WillProject\thinkPHP\Application\Runtime\Cache\Admin\cc6dee5cc5f336703631d619a16bafab.php 第 79 行.
NOTIC: [8] Undefined index: delete D:\WillProject\thinkPHP\Application\Runtime\Cache\Admin\cc6dee5cc5f336703631d619a16bafab.php 第 79 行.
NOTIC: [8] Undefined index: menu D:\WillProject\thinkPHP\Application\Runtime\Cache\Admin\cc6dee5cc5f336703631d619a16bafab.php 第 79 行.
NOTIC: [8] Undefined index: id D:\WillProject\thinkPHP\Application\Runtime\Cache\Admin\cc6dee5cc5f336703631d619a16bafab.php 第 78 行.
NOTIC: [8] Undefined index: id D:\WillProject\thinkPHP\Application\Runtime\Cache\Admin\cc6dee5cc5f336703631d619a16bafab.php 第 79 行.
NOTIC: [8] Undefined index: delete D:\WillProject\thinkPHP\Application\Runtime\Cache\Admin\cc6dee5cc5f336703631d619a16bafab.php 第 79 行.
NOTIC: [8] Undefined index: menu D:\WillProject\thinkPHP\Application\Runtime\Cache\Admin\cc6dee5cc5f336703631d619a16bafab.php 第 79 行.
NOTIC: [8] Undefined index: id D:\WillProject\thinkPHP\Application\Runtime\Cache\Admin\cc6dee5cc5f336703631d619a16bafab.php 第 78 行.
NOTIC: [8] Undefined index: id D:\WillProject\thinkPHP\Application\Runtime\Cache\Admin\cc6dee5cc5f336703631d619a16bafab.php 第 79 行.
NOTIC: [8] Undefined index: delete D:\WillProject\thinkPHP\Application\Runtime\Cache\Admin\cc6dee5cc5f336703631d619a16bafab.php 第 79 行.
NOTIC: [8] Undefined index: menu D:\WillProject\thinkPHP\Application\Runtime\Cache\Admin\cc6dee5cc5f336703631d619a16bafab.php 第 79 行.
NOTIC: [8] Undefined index: id D:\WillProject\thinkPHP\Application\Runtime\Cache\Admin\cc6dee5cc5f336703631d619a16bafab.php 第 78 行.
NOTIC: [8] Undefined index: id D:\WillProject\thinkPHP\Application\Runtime\Cache\Admin\cc6dee5cc5f336703631d619a16bafab.php 第 79 行.
NOTIC: [8] Undefined index: delete D:\WillProject\thinkPHP\Application\Runtime\Cache\Admin\cc6dee5cc5f336703631d619a16bafab.php 第 79 行.
NOTIC: [8] Undefined index: menu D:\WillProject\thinkPHP\Application\Runtime\Cache\Admin\cc6dee5cc5f336703631d619a16bafab.php 第 79 行.
NOTIC: [8] Undefined index: id D:\WillProject\thinkPHP\Application\Runtime\Cache\Admin\cc6dee5cc5f336703631d619a16bafab.php 第 78 行.
NOTIC: [8] Undefined index: id D:\WillProject\thinkPHP\Application\Runtime\Cache\Admin\cc6dee5cc5f336703631d619a16bafab.php 第 79 行.
NOTIC: [8] Undefined index: delete D:\WillProject\thinkPHP\Application\Runtime\Cache\Admin\cc6dee5cc5f336703631d619a16bafab.php 第 79 行.
NOTIC: [8] Undefined index: menu D:\WillProject\thinkPHP\Application\Runtime\Cache\Admin\cc6dee5cc5f336703631d619a16bafab.php 第 79 行.
NOTIC: [8] Undefined index: id D:\WillProject\thinkPHP\Application\Runtime\Cache\Admin\cc6dee5cc5f336703631d619a16bafab.php 第 78 行.
NOTIC: [8] Undefined index: id D:\WillProject\thinkPHP\Application\Runtime\Cache\Admin\cc6dee5cc5f336703631d619a16bafab.php 第 79 行.
NOTIC: [8] Undefined index: delete D:\WillProject\thinkPHP\Application\Runtime\Cache\Admin\cc6dee5cc5f336703631d619a16bafab.php 第 79 行.
NOTIC: [8] Undefined index: menu D:\WillProject\thinkPHP\Application\Runtime\Cache\Admin\cc6dee5cc5f336703631d619a16bafab.php 第 79 行.
NOTIC: [8] Undefined index: id D:\WillProject\thinkPHP\Application\Runtime\Cache\Admin\cc6dee5cc5f336703631d619a16bafab.php 第 78 行.
NOTIC: [8] Undefined index: id D:\WillProject\thinkPHP\Application\Runtime\Cache\Admin\cc6dee5cc5f336703631d619a16bafab.php 第 79 行.
NOTIC: [8] Undefined index: delete D:\WillProject\thinkPHP\Application\Runtime\Cache\Admin\cc6dee5cc5f336703631d619a16bafab.php 第 79 行.
NOTIC: [8] Undefined index: menu D:\WillProject\thinkPHP\Application\Runtime\Cache\Admin\cc6dee5cc5f336703631d619a16bafab.php 第 79 行.
NOTIC: [8] Undefined index: id D:\WillProject\thinkPHP\Application\Runtime\Cache\Admin\cc6dee5cc5f336703631d619a16bafab.php 第 78 行.
NOTIC: [8] Undefined index: id D:\WillProject\thinkPHP\Application\Runtime\Cache\Admin\cc6dee5cc5f336703631d619a16bafab.php 第 79 行.
NOTIC: [8] Undefined index: delete D:\WillProject\thinkPHP\Application\Runtime\Cache\Admin\cc6dee5cc5f336703631d619a16bafab.php 第 79 行.
NOTIC: [8] Undefined index: menu D:\WillProject\thinkPHP\Application\Runtime\Cache\Admin\cc6dee5cc5f336703631d619a16bafab.php 第 79 行.
NOTIC: [8] Undefined index: id D:\WillProject\thinkPHP\Application\Runtime\Cache\Admin\cc6dee5cc5f336703631d619a16bafab.php 第 78 行.
NOTIC: [8] Undefined index: id D:\WillProject\thinkPHP\Application\Runtime\Cache\Admin\cc6dee5cc5f336703631d619a16bafab.php 第 79 行.
NOTIC: [8] Undefined index: delete D:\WillProject\thinkPHP\Application\Runtime\Cache\Admin\cc6dee5cc5f336703631d619a16bafab.php 第 79 行.
NOTIC: [8] Undefined index: menu D:\WillProject\thinkPHP\Application\Runtime\Cache\Admin\cc6dee5cc5f336703631d619a16bafab.php 第 79 行.
NOTIC: [8] Undefined index: id D:\WillProject\thinkPHP\Application\Runtime\Cache\Admin\cc6dee5cc5f336703631d619a16bafab.php 第 78 行.
NOTIC: [8] Undefined index: id D:\WillProject\thinkPHP\Application\Runtime\Cache\Admin\cc6dee5cc5f336703631d619a16bafab.php 第 79 行.
NOTIC: [8] Undefined index: delete D:\WillProject\thinkPHP\Application\Runtime\Cache\Admin\cc6dee5cc5f336703631d619a16bafab.php 第 79 行.
NOTIC: [8] Undefined index: menu D:\WillProject\thinkPHP\Application\Runtime\Cache\Admin\cc6dee5cc5f336703631d619a16bafab.php 第 79 行.
NOTIC: [8] Undefined index: id D:\WillProject\thinkPHP\Application\Runtime\Cache\Admin\cc6dee5cc5f336703631d619a16bafab.php 第 78 行.
NOTIC: [8] Undefined index: id D:\WillProject\thinkPHP\Application\Runtime\Cache\Admin\cc6dee5cc5f336703631d619a16bafab.php 第 79 行.
NOTIC: [8] Undefined index: delete D:\WillProject\thinkPHP\Application\Runtime\Cache\Admin\cc6dee5cc5f336703631d619a16bafab.php 第 79 行.
NOTIC: [8] Undefined index: menu D:\WillProject\thinkPHP\Application\Runtime\Cache\Admin\cc6dee5cc5f336703631d619a16bafab.php 第 79 行.
NOTIC: [8] Undefined index: id D:\WillProject\thinkPHP\Application\Runtime\Cache\Admin\cc6dee5cc5f336703631d619a16bafab.php 第 78 行.
NOTIC: [8] Undefined index: id D:\WillProject\thinkPHP\Application\Runtime\Cache\Admin\cc6dee5cc5f336703631d619a16bafab.php 第 79 行.
NOTIC: [8] Undefined index: delete D:\WillProject\thinkPHP\Application\Runtime\Cache\Admin\cc6dee5cc5f336703631d619a16bafab.php 第 79 行.
NOTIC: [8] Undefined index: menu D:\WillProject\thinkPHP\Application\Runtime\Cache\Admin\cc6dee5cc5f336703631d619a16bafab.php 第 79 行.
NOTIC: [8] Undefined index: id D:\WillProject\thinkPHP\Application\Runtime\Cache\Admin\cc6dee5cc5f336703631d619a16bafab.php 第 78 行.
NOTIC: [8] Undefined index: id D:\WillProject\thinkPHP\Application\Runtime\Cache\Admin\cc6dee5cc5f336703631d619a16bafab.php 第 79 行.
NOTIC: [8] Undefined index: delete D:\WillProject\thinkPHP\Application\Runtime\Cache\Admin\cc6dee5cc5f336703631d619a16bafab.php 第 79 行.
NOTIC: [8] Undefined index: menu D:\WillProject\thinkPHP\Application\Runtime\Cache\Admin\cc6dee5cc5f336703631d619a16bafab.php 第 79 行.
NOTIC: [8] Undefined index: id D:\WillProject\thinkPHP\Application\Runtime\Cache\Admin\cc6dee5cc5f336703631d619a16bafab.php 第 78 行.
NOTIC: [8] Undefined index: id D:\WillProject\thinkPHP\Application\Runtime\Cache\Admin\cc6dee5cc5f336703631d619a16bafab.php 第 79 行.
NOTIC: [8] Undefined index: delete D:\WillProject\thinkPHP\Application\Runtime\Cache\Admin\cc6dee5cc5f336703631d619a16bafab.php 第 79 行.
NOTIC: [8] Undefined index: menu D:\WillProject\thinkPHP\Application\Runtime\Cache\Admin\cc6dee5cc5f336703631d619a16bafab.php 第 79 行.
NOTIC: [8] Undefined index: id D:\WillProject\thinkPHP\Application\Runtime\Cache\Admin\cc6dee5cc5f336703631d619a16bafab.php 第 78 行.
NOTIC: [8] Undefined index: id D:\WillProject\thinkPHP\Application\Runtime\Cache\Admin\cc6dee5cc5f336703631d619a16bafab.php 第 79 行.
NOTIC: [8] Undefined index: delete D:\WillProject\thinkPHP\Application\Runtime\Cache\Admin\cc6dee5cc5f336703631d619a16bafab.php 第 79 行.
NOTIC: [8] Undefined index: menu D:\WillProject\thinkPHP\Application\Runtime\Cache\Admin\cc6dee5cc5f336703631d619a16bafab.php 第 79 行.
NOTIC: [8] Undefined index: id D:\WillProject\thinkPHP\Application\Runtime\Cache\Admin\cc6dee5cc5f336703631d619a16bafab.php 第 78 行.
NOTIC: [8] Undefined index: id D:\WillProject\thinkPHP\Application\Runtime\Cache\Admin\cc6dee5cc5f336703631d619a16bafab.php 第 79 行.
NOTIC: [8] Undefined index: delete D:\WillProject\thinkPHP\Application\Runtime\Cache\Admin\cc6dee5cc5f336703631d619a16bafab.php 第 79 行.
NOTIC: [8] Undefined index: menu D:\WillProject\thinkPHP\Application\Runtime\Cache\Admin\cc6dee5cc5f336703631d619a16bafab.php 第 79 行.
NOTIC: [8] Undefined index: id D:\WillProject\thinkPHP\Application\Runtime\Cache\Admin\cc6dee5cc5f336703631d619a16bafab.php 第 78 行.
NOTIC: [8] Undefined index: id D:\WillProject\thinkPHP\Application\Runtime\Cache\Admin\cc6dee5cc5f336703631d619a16bafab.php 第 79 行.
NOTIC: [8] Undefined index: delete D:\WillProject\thinkPHP\Application\Runtime\Cache\Admin\cc6dee5cc5f336703631d619a16bafab.php 第 79 行.
NOTIC: [8] Undefined index: menu D:\WillProject\thinkPHP\Application\Runtime\Cache\Admin\cc6dee5cc5f336703631d619a16bafab.php 第 79 行.
NOTIC: [8] Undefined index: id D:\WillProject\thinkPHP\Application\Runtime\Cache\Admin\cc6dee5cc5f336703631d619a16bafab.php 第 78 行.
NOTIC: [8] Undefined index: id D:\WillProject\thinkPHP\Application\Runtime\Cache\Admin\cc6dee5cc5f336703631d619a16bafab.php 第 79 行.
NOTIC: [8] Undefined index: delete D:\WillProject\thinkPHP\Application\Runtime\Cache\Admin\cc6dee5cc5f336703631d619a16bafab.php 第 79 行.
NOTIC: [8] Undefined index: menu D:\WillProject\thinkPHP\Application\Runtime\Cache\Admin\cc6dee5cc5f336703631d619a16bafab.php 第 79 行.
NOTIC: [8] Undefined index: id D:\WillProject\thinkPHP\Application\Runtime\Cache\Admin\cc6dee5cc5f336703631d619a16bafab.php 第 78 行.
NOTIC: [8] Undefined index: id D:\WillProject\thinkPHP\Application\Runtime\Cache\Admin\cc6dee5cc5f336703631d619a16bafab.php 第 79 行.
NOTIC: [8] Undefined index: delete D:\WillProject\thinkPHP\Application\Runtime\Cache\Admin\cc6dee5cc5f336703631d619a16bafab.php 第 79 行.
NOTIC: [8] Undefined index: menu D:\WillProject\thinkPHP\Application\Runtime\Cache\Admin\cc6dee5cc5f336703631d619a16bafab.php 第 79 行.
NOTIC: [8] Undefined index: id D:\WillProject\thinkPHP\Application\Runtime\Cache\Admin\cc6dee5cc5f336703631d619a16bafab.php 第 78 行.
NOTIC: [8] Undefined index: id D:\WillProject\thinkPHP\Application\Runtime\Cache\Admin\cc6dee5cc5f336703631d619a16bafab.php 第 79 行.
NOTIC: [8] Undefined index: delete D:\WillProject\thinkPHP\Application\Runtime\Cache\Admin\cc6dee5cc5f336703631d619a16bafab.php 第 79 行.
NOTIC: [8] Undefined index: menu D:\WillProject\thinkPHP\Application\Runtime\Cache\Admin\cc6dee5cc5f336703631d619a16bafab.php 第 79 行.
NOTIC: [8] Undefined index: id D:\WillProject\thinkPHP\Application\Runtime\Cache\Admin\cc6dee5cc5f336703631d619a16bafab.php 第 78 行.
NOTIC: [8] Undefined index: id D:\WillProject\thinkPHP\Application\Runtime\Cache\Admin\cc6dee5cc5f336703631d619a16bafab.php 第 79 行.
NOTIC: [8] Undefined index: delete D:\WillProject\thinkPHP\Application\Runtime\Cache\Admin\cc6dee5cc5f336703631d619a16bafab.php 第 79 行.
NOTIC: [8] Undefined index: menu D:\WillProject\thinkPHP\Application\Runtime\Cache\Admin\cc6dee5cc5f336703631d619a16bafab.php 第 79 行.
INFO: Run Behavior\ParseTemplateBehavior [ RunTime:0.014604s ]
INFO: [ view_parse ] --END-- [ RunTime:0.014744s ]
INFO: [ view_filter ] --START--
INFO: Run Behavior\WriteHtmlCacheBehavior [ RunTime:0.000984s ]
INFO: [ view_filter ] --END-- [ RunTime:0.001046s ]
INFO: [ app_end ] --START--
INFO: Run Behavior\ShowPageTraceBehavior [ RunTime:0.001076s ]
INFO: [ app_end ] --END-- [ RunTime:0.001162s ]

[ 2017-05-17T17:46:42+08:00 ] 127.0.0.1 /index.php/Admin/Adminclient/index.html
INFO: [ app_init ] --START--
INFO: Run Behavior\BuildLiteBehavior [ RunTime:0.000014s ]
INFO: [ app_init ] --END-- [ RunTime:0.000633s ]
INFO: [ app_begin ] --START--
INFO: Run Behavior\ReadHtmlCacheBehavior [ RunTime:0.001219s ]
INFO: [ app_begin ] --END-- [ RunTime:0.001343s ]
INFO: [ view_parse ] --START--
INFO: [ template_filter ] --START--
INFO: Run Behavior\ContentReplaceBehavior [ RunTime:0.000058s ]
INFO: [ template_filter ] --END-- [ RunTime:0.000110s ]
NOTIC: [8] Undefined variable: list D:\WillProject\thinkPHP\Application\Runtime\Cache\Admin\9d98f1221ea016693fac61eb5fdf558d.php 第 67 行.
INFO: Run Behavior\ParseTemplateBehavior [ RunTime:0.012898s ]
INFO: [ view_parse ] --END-- [ RunTime:0.012967s ]
INFO: [ view_filter ] --START--
INFO: Run Behavior\WriteHtmlCacheBehavior [ RunTime:0.000908s ]
INFO: [ view_filter ] --END-- [ RunTime:0.000958s ]
INFO: [ app_end ] --START--
INFO: Run Behavior\ShowPageTraceBehavior [ RunTime:0.000903s ]
INFO: [ app_end ] --END-- [ RunTime:0.000948s ]

[ 2017-05-17T17:46:44+08:00 ] 127.0.0.1 /index.php/Admin/Adminclient/add.html
INFO: [ app_init ] --START--
INFO: Run Behavior\BuildLiteBehavior [ RunTime:0.000018s ]
INFO: [ app_init ] --END-- [ RunTime:0.000559s ]
INFO: [ app_begin ] --START--
INFO: Run Behavior\ReadHtmlCacheBehavior [ RunTime:0.000882s ]
INFO: [ app_begin ] --END-- [ RunTime:0.000954s ]
INFO: [ view_parse ] --START--
INFO: [ template_filter ] --START--
INFO: Run Behavior\ContentReplaceBehavior [ RunTime:0.000079s ]
INFO: [ template_filter ] --END-- [ RunTime:0.000149s ]
INFO: Run Behavior\ParseTemplateBehavior [ RunTime:0.009795s ]
INFO: [ view_parse ] --END-- [ RunTime:0.009879s ]
INFO: [ view_filter ] --START--
INFO: Run Behavior\WriteHtmlCacheBehavior [ RunTime:0.000589s ]
INFO: [ view_filter ] --END-- [ RunTime:0.000637s ]
INFO: [ app_end ] --START--
INFO: Run Behavior\ShowPageTraceBehavior [ RunTime:0.001151s ]
INFO: [ app_end ] --END-- [ RunTime:0.001206s ]

[ 2017-05-17T17:46:45+08:00 ] 127.0.0.1 /index.php/Admin/Adminclient/index.html
INFO: [ app_init ] --START--
INFO: Run Behavior\BuildLiteBehavior [ RunTime:0.000019s ]
INFO: [ app_init ] --END-- [ RunTime:0.000676s ]
INFO: [ app_begin ] --START--
INFO: Run Behavior\ReadHtmlCacheBehavior [ RunTime:0.000916s ]
INFO: [ app_begin ] --END-- [ RunTime:0.001029s ]
INFO: [ view_parse ] --START--
INFO: [ template_filter ] --START--
INFO: Run Behavior\ContentReplaceBehavior [ RunTime:0.000064s ]
INFO: [ template_filter ] --END-- [ RunTime:0.000122s ]
NOTIC: [8] Undefined variable: list D:\WillProject\thinkPHP\Application\Runtime\Cache\Admin\9d98f1221ea016693fac61eb5fdf558d.php 第 67 行.
INFO: Run Behavior\ParseTemplateBehavior [ RunTime:0.013094s ]
INFO: [ view_parse ] --END-- [ RunTime:0.013171s ]
INFO: [ view_filter ] --START--
INFO: Run Behavior\WriteHtmlCacheBehavior [ RunTime:0.000817s ]
INFO: [ view_filter ] --END-- [ RunTime:0.000890s ]
INFO: [ app_end ] --START--
INFO: Run Behavior\ShowPageTraceBehavior [ RunTime:0.001199s ]
INFO: [ app_end ] --END-- [ RunTime:0.001267s ]

[ 2017-05-17T17:46:49+08:00 ] 127.0.0.1 /index.php/Admin/System/index.html
INFO: [ app_init ] --START--
INFO: Run Behavior\BuildLiteBehavior [ RunTime:0.000018s ]
INFO: [ app_init ] --END-- [ RunTime:0.000662s ]
INFO: [ app_begin ] --START--
INFO: Run Behavior\ReadHtmlCacheBehavior [ RunTime:0.001010s ]
INFO: [ app_begin ] --END-- [ RunTime:0.001112s ]
SQL: SHOW COLUMNS FROM `catalogue` [ RunTime:0.0075s ]
SQL: SELECT * FROM `catalogue` ORDER BY id  [ RunTime:0.0005s ]
INFO: [ view_parse ] --START--
INFO: [ template_filter ] --START--
INFO: Run Behavior\ContentReplaceBehavior [ RunTime:0.000045s ]
INFO: [ template_filter ] --END-- [ RunTime:0.000097s ]
INFO: Run Behavior\ParseTemplateBehavior [ RunTime:0.011086s ]
INFO: [ view_parse ] --END-- [ RunTime:0.011177s ]
INFO: [ view_filter ] --START--
INFO: Run Behavior\WriteHtmlCacheBehavior [ RunTime:0.000671s ]
INFO: [ view_filter ] --END-- [ RunTime:0.000725s ]
INFO: [ app_end ] --START--
INFO: Run Behavior\ShowPageTraceBehavior [ RunTime:0.001390s ]
INFO: [ app_end ] --END-- [ RunTime:0.001731s ]

[ 2017-05-17T17:46:51+08:00 ] 127.0.0.1 /index.php/Admin/System/admin_list.html
INFO: [ app_init ] --START--
INFO: Run Behavior\BuildLiteBehavior [ RunTime:0.000015s ]
INFO: [ app_init ] --END-- [ RunTime:0.000506s ]
INFO: [ app_begin ] --START--
INFO: Run Behavior\ReadHtmlCacheBehavior [ RunTime:0.000779s ]
INFO: [ app_begin ] --END-- [ RunTime:0.000840s ]
SQL: SHOW COLUMNS FROM `admin_users` [ RunTime:0.0077s ]
SQL: SELECT * FROM `admin_users`  [ RunTime:0.0005s ]
INFO: [ view_parse ] --START--
INFO: [ template_filter ] --START--
INFO: Run Behavior\ContentReplaceBehavior [ RunTime:0.000048s ]
INFO: [ template_filter ] --END-- [ RunTime:0.000102s ]
NOTIC: [8] Undefined index: delete D:\WillProject\thinkPHP\Application\Runtime\Cache\Admin\20ad540a2aa8b40fd265df5c9fff6957.php 第 76 行.
NOTIC: [8] Undefined index: menu D:\WillProject\thinkPHP\Application\Runtime\Cache\Admin\20ad540a2aa8b40fd265df5c9fff6957.php 第 76 行.
NOTIC: [8] Undefined index: delete D:\WillProject\thinkPHP\Application\Runtime\Cache\Admin\20ad540a2aa8b40fd265df5c9fff6957.php 第 76 行.
NOTIC: [8] Undefined index: menu D:\WillProject\thinkPHP\Application\Runtime\Cache\Admin\20ad540a2aa8b40fd265df5c9fff6957.php 第 76 行.
INFO: Run Behavior\ParseTemplateBehavior [ RunTime:0.009455s ]
INFO: [ view_parse ] --END-- [ RunTime:0.009537s ]
INFO: [ view_filter ] --START--
INFO: Run Behavior\WriteHtmlCacheBehavior [ RunTime:0.003447s ]
INFO: [ view_filter ] --END-- [ RunTime:0.003514s ]
INFO: [ app_end ] --START--
INFO: Run Behavior\ShowPageTraceBehavior [ RunTime:0.000806s ]
INFO: [ app_end ] --END-- [ RunTime:0.000870s ]

