[ 2017-05-04T17:04:37+08:00 ] 127.0.0.1 /admin
INFO: [ app_init ] --START--
INFO: Run Behavior\BuildLiteBehavior [ RunTime:0.000012s ]
INFO: [ app_init ] --END-- [ RunTime:0.000564s ]
INFO: [ app_begin ] --START--
INFO: Run Behavior\ReadHtmlCacheBehavior [ RunTime:0.000733s ]
INFO: [ app_begin ] --END-- [ RunTime:0.000786s ]

[ 2017-05-04T17:04:37+08:00 ] 127.0.0.1 /index.php/Admin/Login/login.html
INFO: [ app_init ] --START--
INFO: Run Behavior\BuildLiteBehavior [ RunTime:0.000013s ]
INFO: [ app_init ] --END-- [ RunTime:0.000539s ]
INFO: [ app_begin ] --START--
INFO: Run Behavior\ReadHtmlCacheBehavior [ RunTime:0.000616s ]
INFO: [ app_begin ] --END-- [ RunTime:0.000666s ]
INFO: [ view_parse ] --START--
INFO: [ template_filter ] --START--
INFO: Run Behavior\ContentReplaceBehavior [ RunTime:0.000300s ]
INFO: [ template_filter ] --END-- [ RunTime:0.000360s ]
INFO: Run Behavior\ParseTemplateBehavior [ RunTime:0.010708s ]
INFO: [ view_parse ] --END-- [ RunTime:0.010766s ]
INFO: [ view_filter ] --START--
INFO: Run Behavior\WriteHtmlCacheBehavior [ RunTime:0.000552s ]
INFO: [ view_filter ] --END-- [ RunTime:0.000590s ]
INFO: [ app_end ] --START--
INFO: Run Behavior\ShowPageTraceBehavior [ RunTime:0.000665s ]
INFO: [ app_end ] --END-- [ RunTime:0.000708s ]

[ 2017-05-04T17:04:37+08:00 ] 127.0.0.1 /index.php/Admin/Login/img_code.html
INFO: [ app_init ] --START--
INFO: Run Behavior\BuildLiteBehavior [ RunTime:0.000013s ]
INFO: [ app_init ] --END-- [ RunTime:0.000412s ]
INFO: [ app_begin ] --START--
INFO: Run Behavior\ReadHtmlCacheBehavior [ RunTime:0.000529s ]
INFO: [ app_begin ] --END-- [ RunTime:0.000578s ]
INFO: [ app_end ] --START--
INFO: Run Behavior\ShowPageTraceBehavior [ RunTime:0.000610s ]
INFO: [ app_end ] --END-- [ RunTime:0.000667s ]

[ 2017-05-04T17:04:44+08:00 ] 127.0.0.1 /index.php/Admin/Login/check_code.html
INFO: [ app_init ] --START--
INFO: Run Behavior\BuildLiteBehavior [ RunTime:0.000012s ]
INFO: [ app_init ] --END-- [ RunTime:0.000499s ]
INFO: [ app_begin ] --START--
INFO: Run Behavior\ReadHtmlCacheBehavior [ RunTime:0.000714s ]
INFO: [ app_begin ] --END-- [ RunTime:0.000769s ]
SQL: SHOW COLUMNS FROM `admin_users` [ RunTime:0.0120s ]
SQL: SELECT * FROM `admin_users` WHERE ( username='will' ) LIMIT 1   [ RunTime:0.0014s ]
INFO: [ view_parse ] --START--
INFO: [ template_filter ] --START--
INFO: Run Behavior\ContentReplaceBehavior [ RunTime:0.000030s ]
INFO: [ template_filter ] --END-- [ RunTime:0.000071s ]
INFO: Run Behavior\ParseTemplateBehavior [ RunTime:0.005276s ]
INFO: [ view_parse ] --END-- [ RunTime:0.005323s ]
INFO: [ view_filter ] --START--
INFO: Run Behavior\WriteHtmlCacheBehavior [ RunTime:0.000455s ]
INFO: [ view_filter ] --END-- [ RunTime:0.000488s ]

[ 2017-05-04T17:04:51+08:00 ] 127.0.0.1 /index.php/Admin/Login/img_code.html
INFO: [ app_init ] --START--
INFO: Run Behavior\BuildLiteBehavior [ RunTime:0.000013s ]
INFO: [ app_init ] --END-- [ RunTime:0.000601s ]
INFO: [ app_begin ] --START--
INFO: Run Behavior\ReadHtmlCacheBehavior [ RunTime:0.000716s ]
INFO: [ app_begin ] --END-- [ RunTime:0.000768s ]
INFO: [ app_end ] --START--
INFO: Run Behavior\ShowPageTraceBehavior [ RunTime:0.000772s ]
INFO: [ app_end ] --END-- [ RunTime:0.000831s ]

[ 2017-05-04T17:04:56+08:00 ] 127.0.0.1 /index.php/Admin/Login/check_code.html
INFO: [ app_init ] --START--
INFO: Run Behavior\BuildLiteBehavior [ RunTime:0.000017s ]
INFO: [ app_init ] --END-- [ RunTime:0.000454s ]
INFO: [ app_begin ] --START--
INFO: Run Behavior\ReadHtmlCacheBehavior [ RunTime:0.001209s ]
INFO: [ app_begin ] --END-- [ RunTime:0.001275s ]
SQL: SHOW COLUMNS FROM `admin_users` [ RunTime:0.0052s ]
SQL: SELECT * FROM `admin_users` WHERE ( username='will' ) LIMIT 1   [ RunTime:0.0004s ]
INFO: [ view_parse ] --START--
INFO: [ template_filter ] --START--
INFO: Run Behavior\ContentReplaceBehavior [ RunTime:0.000035s ]
INFO: [ template_filter ] --END-- [ RunTime:0.000085s ]
INFO: Run Behavior\ParseTemplateBehavior [ RunTime:0.005820s ]
INFO: [ view_parse ] --END-- [ RunTime:0.005877s ]
INFO: [ view_filter ] --START--
INFO: Run Behavior\WriteHtmlCacheBehavior [ RunTime:0.000475s ]
INFO: [ view_filter ] --END-- [ RunTime:0.000513s ]

[ 2017-05-04T17:05:01+08:00 ] 127.0.0.1 /index.php/Admin/Login/img_code.html
INFO: [ app_init ] --START--
INFO: Run Behavior\BuildLiteBehavior [ RunTime:0.000014s ]
INFO: [ app_init ] --END-- [ RunTime:0.000636s ]
INFO: [ app_begin ] --START--
INFO: Run Behavior\ReadHtmlCacheBehavior [ RunTime:0.000640s ]
INFO: [ app_begin ] --END-- [ RunTime:0.000693s ]
INFO: [ app_end ] --START--
INFO: Run Behavior\ShowPageTraceBehavior [ RunTime:0.000739s ]
INFO: [ app_end ] --END-- [ RunTime:0.000797s ]

[ 2017-05-04T17:05:01+08:00 ] 127.0.0.1 /index.php/Admin/Login/img_code.html
INFO: [ app_init ] --START--
INFO: Run Behavior\BuildLiteBehavior [ RunTime:0.000012s ]
INFO: [ app_init ] --END-- [ RunTime:0.000540s ]
INFO: [ app_begin ] --START--
INFO: Run Behavior\ReadHtmlCacheBehavior [ RunTime:0.000614s ]
INFO: [ app_begin ] --END-- [ RunTime:0.000664s ]
INFO: [ app_end ] --START--
INFO: Run Behavior\ShowPageTraceBehavior [ RunTime:0.000830s ]
INFO: [ app_end ] --END-- [ RunTime:0.000887s ]

[ 2017-05-04T17:05:02+08:00 ] 127.0.0.1 /index.php/Admin/Login/img_code.html
INFO: [ app_init ] --START--
INFO: Run Behavior\BuildLiteBehavior [ RunTime:0.000013s ]
INFO: [ app_init ] --END-- [ RunTime:0.000422s ]
INFO: [ app_begin ] --START--
INFO: Run Behavior\ReadHtmlCacheBehavior [ RunTime:0.000506s ]
INFO: [ app_begin ] --END-- [ RunTime:0.000560s ]
INFO: [ app_end ] --START--
INFO: Run Behavior\ShowPageTraceBehavior [ RunTime:0.000771s ]
INFO: [ app_end ] --END-- [ RunTime:0.000834s ]

[ 2017-05-04T17:05:07+08:00 ] 127.0.0.1 /index.php/Admin/Login/check_code.html
INFO: [ app_init ] --START--
INFO: Run Behavior\BuildLiteBehavior [ RunTime:0.000013s ]
INFO: [ app_init ] --END-- [ RunTime:0.000567s ]
INFO: [ app_begin ] --START--
INFO: Run Behavior\ReadHtmlCacheBehavior [ RunTime:0.000615s ]
INFO: [ app_begin ] --END-- [ RunTime:0.000668s ]
SQL: SHOW COLUMNS FROM `admin_users` [ RunTime:0.0053s ]
SQL: SELECT * FROM `admin_users` WHERE ( username='will' ) LIMIT 1   [ RunTime:0.0004s ]
SQL: UPDATE `admin_users` SET `enter_time`='1493888707',`enter_ip`='127.0.0.1' WHERE ( id=3 ) [ RunTime:0.0109s ]
INFO: [ view_parse ] --START--
INFO: [ template_filter ] --START--
INFO: Run Behavior\ContentReplaceBehavior [ RunTime:0.000036s ]
INFO: [ template_filter ] --END-- [ RunTime:0.000090s ]
INFO: Run Behavior\ParseTemplateBehavior [ RunTime:0.006513s ]
INFO: [ view_parse ] --END-- [ RunTime:0.006568s ]
INFO: [ view_filter ] --START--
INFO: Run Behavior\WriteHtmlCacheBehavior [ RunTime:0.000551s ]
INFO: [ view_filter ] --END-- [ RunTime:0.000592s ]
INFO: [ app_end ] --START--
INFO: Run Behavior\ShowPageTraceBehavior [ RunTime:0.000739s ]
INFO: [ app_end ] --END-- [ RunTime:0.000782s ]

[ 2017-05-04T17:05:09+08:00 ] 127.0.0.1 /index.php/Admin/Index/index.html
INFO: [ app_init ] --START--
INFO: Run Behavior\BuildLiteBehavior [ RunTime:0.000018s ]
INFO: [ app_init ] --END-- [ RunTime:0.000655s ]
INFO: [ app_begin ] --START--
INFO: Run Behavior\ReadHtmlCacheBehavior [ RunTime:0.000627s ]
INFO: [ app_begin ] --END-- [ RunTime:0.000679s ]
SQL: SHOW COLUMNS FROM `catalogue` [ RunTime:0.0123s ]
SQL: SELECT * FROM `catalogue`  [ RunTime:0.0004s ]
INFO: [ view_parse ] --START--
INFO: [ template_filter ] --START--
INFO: Run Behavior\ContentReplaceBehavior [ RunTime:0.000044s ]
INFO: [ template_filter ] --END-- [ RunTime:0.000097s ]
INFO: Run Behavior\ParseTemplateBehavior [ RunTime:0.007100s ]
INFO: [ view_parse ] --END-- [ RunTime:0.007166s ]
INFO: [ view_filter ] --START--
INFO: Run Behavior\WriteHtmlCacheBehavior [ RunTime:0.000588s ]
INFO: [ view_filter ] --END-- [ RunTime:0.000628s ]
INFO: [ app_end ] --START--
INFO: Run Behavior\ShowPageTraceBehavior [ RunTime:0.000738s ]
INFO: [ app_end ] --END-- [ RunTime:0.000781s ]

[ 2017-05-04T17:05:09+08:00 ] 127.0.0.1 /index.php/Admin/System/index.html
INFO: [ app_init ] --START--
INFO: Run Behavior\BuildLiteBehavior [ RunTime:0.000020s ]
INFO: [ app_init ] --END-- [ RunTime:0.000618s ]
INFO: [ app_begin ] --START--
INFO: Run Behavior\ReadHtmlCacheBehavior [ RunTime:0.000820s ]
INFO: [ app_begin ] --END-- [ RunTime:0.000938s ]
SQL: SHOW COLUMNS FROM `catalogue` [ RunTime:0.0039s ]
SQL: SELECT * FROM `catalogue` ORDER BY id  [ RunTime:0.0005s ]
INFO: [ view_parse ] --START--
INFO: [ template_filter ] --START--
INFO: Run Behavior\ContentReplaceBehavior [ RunTime:0.000049s ]
INFO: [ template_filter ] --END-- [ RunTime:0.000105s ]
INFO: Run Behavior\ParseTemplateBehavior [ RunTime:0.011885s ]
INFO: [ view_parse ] --END-- [ RunTime:0.012072s ]
INFO: [ view_filter ] --START--
INFO: Run Behavior\WriteHtmlCacheBehavior [ RunTime:0.000553s ]
INFO: [ view_filter ] --END-- [ RunTime:0.000589s ]
INFO: [ app_end ] --START--
INFO: Run Behavior\ShowPageTraceBehavior [ RunTime:0.000602s ]
INFO: [ app_end ] --END-- [ RunTime:0.000638s ]

[ 2017-05-04T17:49:09+08:00 ] 127.0.0.1 /index.php/Admin/System/admin_list.html
INFO: [ app_init ] --START--
INFO: Run Behavior\BuildLiteBehavior [ RunTime:0.000031s ]
INFO: [ app_init ] --END-- [ RunTime:0.000907s ]
INFO: [ app_begin ] --START--
INFO: Run Behavior\ReadHtmlCacheBehavior [ RunTime:0.001012s ]
INFO: [ app_begin ] --END-- [ RunTime:0.001126s ]
SQL: SHOW COLUMNS FROM `admin_users` [ RunTime:0.0074s ]
SQL: SELECT * FROM `admin_users`  [ RunTime:0.0007s ]
INFO: [ view_parse ] --START--
INFO: [ template_filter ] --START--
INFO: Run Behavior\ContentReplaceBehavior [ RunTime:0.000048s ]
INFO: [ template_filter ] --END-- [ RunTime:0.000099s ]
NOTIC: [8] Undefined index: delete D:\WillProject\thinkPHP\Application\Runtime\Cache\Admin\20ad540a2aa8b40fd265df5c9fff6957.php 第 76 行.
NOTIC: [8] Undefined index: menu D:\WillProject\thinkPHP\Application\Runtime\Cache\Admin\20ad540a2aa8b40fd265df5c9fff6957.php 第 76 行.
NOTIC: [8] Undefined index: delete D:\WillProject\thinkPHP\Application\Runtime\Cache\Admin\20ad540a2aa8b40fd265df5c9fff6957.php 第 76 行.
NOTIC: [8] Undefined index: menu D:\WillProject\thinkPHP\Application\Runtime\Cache\Admin\20ad540a2aa8b40fd265df5c9fff6957.php 第 76 行.
INFO: Run Behavior\ParseTemplateBehavior [ RunTime:0.010012s ]
INFO: [ view_parse ] --END-- [ RunTime:0.010129s ]
INFO: [ view_filter ] --START--
INFO: Run Behavior\WriteHtmlCacheBehavior [ RunTime:0.000640s ]
INFO: [ view_filter ] --END-- [ RunTime:0.000680s ]
INFO: [ app_end ] --START--
INFO: Run Behavior\ShowPageTraceBehavior [ RunTime:0.000873s ]
INFO: [ app_end ] --END-- [ RunTime:0.000923s ]

[ 2017-05-04T17:49:11+08:00 ] 127.0.0.1 /index.php/Admin/User/users.html
INFO: [ app_init ] --START--
INFO: Run Behavior\BuildLiteBehavior [ RunTime:0.000017s ]
INFO: [ app_init ] --END-- [ RunTime:0.000611s ]
INFO: [ app_begin ] --START--
INFO: Run Behavior\ReadHtmlCacheBehavior [ RunTime:0.000916s ]
INFO: [ app_begin ] --END-- [ RunTime:0.000997s ]
SQL: SHOW COLUMNS FROM `sdb_wxuser` [ RunTime:0.0144s ]
SQL: SELECT * FROM `sdb_wxuser` WHERE ( is_auth != '1' )  [ RunTime:0.0013s ]
INFO: [ view_parse ] --START--
INFO: [ template_filter ] --START--
INFO: Run Behavior\ContentReplaceBehavior [ RunTime:0.000044s ]
INFO: [ template_filter ] --END-- [ RunTime:0.000089s ]
NOTIC: [8] Undefined index: id D:\WillProject\thinkPHP\Application\Runtime\Cache\Admin\cc6dee5cc5f336703631d619a16bafab.php 第 78 行.
NOTIC: [8] Undefined index: id D:\WillProject\thinkPHP\Application\Runtime\Cache\Admin\cc6dee5cc5f336703631d619a16bafab.php 第 79 行.
NOTIC: [8] Undefined index: delete D:\WillProject\thinkPHP\Application\Runtime\Cache\Admin\cc6dee5cc5f336703631d619a16bafab.php 第 79 行.
NOTIC: [8] Undefined index: menu D:\WillProject\thinkPHP\Application\Runtime\Cache\Admin\cc6dee5cc5f336703631d619a16bafab.php 第 79 行.
NOTIC: [8] Undefined index: id D:\WillProject\thinkPHP\Application\Runtime\Cache\Admin\cc6dee5cc5f336703631d619a16bafab.php 第 78 行.
NOTIC: [8] Undefined index: id D:\WillProject\thinkPHP\Application\Runtime\Cache\Admin\cc6dee5cc5f336703631d619a16bafab.php 第 79 行.
NOTIC: [8] Undefined index: delete D:\WillProject\thinkPHP\Application\Runtime\Cache\Admin\cc6dee5cc5f336703631d619a16bafab.php 第 79 行.
NOTIC: [8] Undefined index: menu D:\WillProject\thinkPHP\Application\Runtime\Cache\Admin\cc6dee5cc5f336703631d619a16bafab.php 第 79 行.
NOTIC: [8] Undefined index: id D:\WillProject\thinkPHP\Application\Runtime\Cache\Admin\cc6dee5cc5f336703631d619a16bafab.php 第 78 行.
NOTIC: [8] Undefined index: id D:\WillProject\thinkPHP\Application\Runtime\Cache\Admin\cc6dee5cc5f336703631d619a16bafab.php 第 79 行.
NOTIC: [8] Undefined index: delete D:\WillProject\thinkPHP\Application\Runtime\Cache\Admin\cc6dee5cc5f336703631d619a16bafab.php 第 79 行.
NOTIC: [8] Undefined index: menu D:\WillProject\thinkPHP\Application\Runtime\Cache\Admin\cc6dee5cc5f336703631d619a16bafab.php 第 79 行.
NOTIC: [8] Undefined index: id D:\WillProject\thinkPHP\Application\Runtime\Cache\Admin\cc6dee5cc5f336703631d619a16bafab.php 第 78 行.
NOTIC: [8] Undefined index: id D:\WillProject\thinkPHP\Application\Runtime\Cache\Admin\cc6dee5cc5f336703631d619a16bafab.php 第 79 行.
NOTIC: [8] Undefined index: delete D:\WillProject\thinkPHP\Application\Runtime\Cache\Admin\cc6dee5cc5f336703631d619a16bafab.php 第 79 行.
NOTIC: [8] Undefined index: menu D:\WillProject\thinkPHP\Application\Runtime\Cache\Admin\cc6dee5cc5f336703631d619a16bafab.php 第 79 行.
NOTIC: [8] Undefined index: id D:\WillProject\thinkPHP\Application\Runtime\Cache\Admin\cc6dee5cc5f336703631d619a16bafab.php 第 78 行.
NOTIC: [8] Undefined index: id D:\WillProject\thinkPHP\Application\Runtime\Cache\Admin\cc6dee5cc5f336703631d619a16bafab.php 第 79 行.
NOTIC: [8] Undefined index: delete D:\WillProject\thinkPHP\Application\Runtime\Cache\Admin\cc6dee5cc5f336703631d619a16bafab.php 第 79 行.
NOTIC: [8] Undefined index: menu D:\WillProject\thinkPHP\Application\Runtime\Cache\Admin\cc6dee5cc5f336703631d619a16bafab.php 第 79 行.
NOTIC: [8] Undefined index: id D:\WillProject\thinkPHP\Application\Runtime\Cache\Admin\cc6dee5cc5f336703631d619a16bafab.php 第 78 行.
NOTIC: [8] Undefined index: id D:\WillProject\thinkPHP\Application\Runtime\Cache\Admin\cc6dee5cc5f336703631d619a16bafab.php 第 79 行.
NOTIC: [8] Undefined index: delete D:\WillProject\thinkPHP\Application\Runtime\Cache\Admin\cc6dee5cc5f336703631d619a16bafab.php 第 79 行.
NOTIC: [8] Undefined index: menu D:\WillProject\thinkPHP\Application\Runtime\Cache\Admin\cc6dee5cc5f336703631d619a16bafab.php 第 79 行.
NOTIC: [8] Undefined index: id D:\WillProject\thinkPHP\Application\Runtime\Cache\Admin\cc6dee5cc5f336703631d619a16bafab.php 第 78 行.
NOTIC: [8] Undefined index: id D:\WillProject\thinkPHP\Application\Runtime\Cache\Admin\cc6dee5cc5f336703631d619a16bafab.php 第 79 行.
NOTIC: [8] Undefined index: delete D:\WillProject\thinkPHP\Application\Runtime\Cache\Admin\cc6dee5cc5f336703631d619a16bafab.php 第 79 行.
NOTIC: [8] Undefined index: menu D:\WillProject\thinkPHP\Application\Runtime\Cache\Admin\cc6dee5cc5f336703631d619a16bafab.php 第 79 行.
NOTIC: [8] Undefined index: id D:\WillProject\thinkPHP\Application\Runtime\Cache\Admin\cc6dee5cc5f336703631d619a16bafab.php 第 78 行.
NOTIC: [8] Undefined index: id D:\WillProject\thinkPHP\Application\Runtime\Cache\Admin\cc6dee5cc5f336703631d619a16bafab.php 第 79 行.
NOTIC: [8] Undefined index: delete D:\WillProject\thinkPHP\Application\Runtime\Cache\Admin\cc6dee5cc5f336703631d619a16bafab.php 第 79 行.
NOTIC: [8] Undefined index: menu D:\WillProject\thinkPHP\Application\Runtime\Cache\Admin\cc6dee5cc5f336703631d619a16bafab.php 第 79 行.
NOTIC: [8] Undefined index: id D:\WillProject\thinkPHP\Application\Runtime\Cache\Admin\cc6dee5cc5f336703631d619a16bafab.php 第 78 行.
NOTIC: [8] Undefined index: id D:\WillProject\thinkPHP\Application\Runtime\Cache\Admin\cc6dee5cc5f336703631d619a16bafab.php 第 79 行.
NOTIC: [8] Undefined index: delete D:\WillProject\thinkPHP\Application\Runtime\Cache\Admin\cc6dee5cc5f336703631d619a16bafab.php 第 79 行.
NOTIC: [8] Undefined index: menu D:\WillProject\thinkPHP\Application\Runtime\Cache\Admin\cc6dee5cc5f336703631d619a16bafab.php 第 79 行.
NOTIC: [8] Undefined index: id D:\WillProject\thinkPHP\Application\Runtime\Cache\Admin\cc6dee5cc5f336703631d619a16bafab.php 第 78 行.
NOTIC: [8] Undefined index: id D:\WillProject\thinkPHP\Application\Runtime\Cache\Admin\cc6dee5cc5f336703631d619a16bafab.php 第 79 行.
NOTIC: [8] Undefined index: delete D:\WillProject\thinkPHP\Application\Runtime\Cache\Admin\cc6dee5cc5f336703631d619a16bafab.php 第 79 行.
NOTIC: [8] Undefined index: menu D:\WillProject\thinkPHP\Application\Runtime\Cache\Admin\cc6dee5cc5f336703631d619a16bafab.php 第 79 行.
NOTIC: [8] Undefined index: id D:\WillProject\thinkPHP\Application\Runtime\Cache\Admin\cc6dee5cc5f336703631d619a16bafab.php 第 78 行.
NOTIC: [8] Undefined index: id D:\WillProject\thinkPHP\Application\Runtime\Cache\Admin\cc6dee5cc5f336703631d619a16bafab.php 第 79 行.
NOTIC: [8] Undefined index: delete D:\WillProject\thinkPHP\Application\Runtime\Cache\Admin\cc6dee5cc5f336703631d619a16bafab.php 第 79 行.
NOTIC: [8] Undefined index: menu D:\WillProject\thinkPHP\Application\Runtime\Cache\Admin\cc6dee5cc5f336703631d619a16bafab.php 第 79 行.
NOTIC: [8] Undefined index: id D:\WillProject\thinkPHP\Application\Runtime\Cache\Admin\cc6dee5cc5f336703631d619a16bafab.php 第 78 行.
NOTIC: [8] Undefined index: id D:\WillProject\thinkPHP\Application\Runtime\Cache\Admin\cc6dee5cc5f336703631d619a16bafab.php 第 79 行.
NOTIC: [8] Undefined index: delete D:\WillProject\thinkPHP\Application\Runtime\Cache\Admin\cc6dee5cc5f336703631d619a16bafab.php 第 79 行.
NOTIC: [8] Undefined index: menu D:\WillProject\thinkPHP\Application\Runtime\Cache\Admin\cc6dee5cc5f336703631d619a16bafab.php 第 79 行.
NOTIC: [8] Undefined index: id D:\WillProject\thinkPHP\Application\Runtime\Cache\Admin\cc6dee5cc5f336703631d619a16bafab.php 第 78 行.
NOTIC: [8] Undefined index: id D:\WillProject\thinkPHP\Application\Runtime\Cache\Admin\cc6dee5cc5f336703631d619a16bafab.php 第 79 行.
NOTIC: [8] Undefined index: delete D:\WillProject\thinkPHP\Application\Runtime\Cache\Admin\cc6dee5cc5f336703631d619a16bafab.php 第 79 行.
NOTIC: [8] Undefined index: menu D:\WillProject\thinkPHP\Application\Runtime\Cache\Admin\cc6dee5cc5f336703631d619a16bafab.php 第 79 行.
NOTIC: [8] Undefined index: id D:\WillProject\thinkPHP\Application\Runtime\Cache\Admin\cc6dee5cc5f336703631d619a16bafab.php 第 78 行.
NOTIC: [8] Undefined index: id D:\WillProject\thinkPHP\Application\Runtime\Cache\Admin\cc6dee5cc5f336703631d619a16bafab.php 第 79 行.
NOTIC: [8] Undefined index: delete D:\WillProject\thinkPHP\Application\Runtime\Cache\Admin\cc6dee5cc5f336703631d619a16bafab.php 第 79 行.
NOTIC: [8] Undefined index: menu D:\WillProject\thinkPHP\Application\Runtime\Cache\Admin\cc6dee5cc5f336703631d619a16bafab.php 第 79 行.
NOTIC: [8] Undefined index: id D:\WillProject\thinkPHP\Application\Runtime\Cache\Admin\cc6dee5cc5f336703631d619a16bafab.php 第 78 行.
NOTIC: [8] Undefined index: id D:\WillProject\thinkPHP\Application\Runtime\Cache\Admin\cc6dee5cc5f336703631d619a16bafab.php 第 79 行.
NOTIC: [8] Undefined index: delete D:\WillProject\thinkPHP\Application\Runtime\Cache\Admin\cc6dee5cc5f336703631d619a16bafab.php 第 79 行.
NOTIC: [8] Undefined index: menu D:\WillProject\thinkPHP\Application\Runtime\Cache\Admin\cc6dee5cc5f336703631d619a16bafab.php 第 79 行.
NOTIC: [8] Undefined index: id D:\WillProject\thinkPHP\Application\Runtime\Cache\Admin\cc6dee5cc5f336703631d619a16bafab.php 第 78 行.
NOTIC: [8] Undefined index: id D:\WillProject\thinkPHP\Application\Runtime\Cache\Admin\cc6dee5cc5f336703631d619a16bafab.php 第 79 行.
NOTIC: [8] Undefined index: delete D:\WillProject\thinkPHP\Application\Runtime\Cache\Admin\cc6dee5cc5f336703631d619a16bafab.php 第 79 行.
NOTIC: [8] Undefined index: menu D:\WillProject\thinkPHP\Application\Runtime\Cache\Admin\cc6dee5cc5f336703631d619a16bafab.php 第 79 行.
NOTIC: [8] Undefined index: id D:\WillProject\thinkPHP\Application\Runtime\Cache\Admin\cc6dee5cc5f336703631d619a16bafab.php 第 78 行.
NOTIC: [8] Undefined index: id D:\WillProject\thinkPHP\Application\Runtime\Cache\Admin\cc6dee5cc5f336703631d619a16bafab.php 第 79 行.
NOTIC: [8] Undefined index: delete D:\WillProject\thinkPHP\Application\Runtime\Cache\Admin\cc6dee5cc5f336703631d619a16bafab.php 第 79 行.
NOTIC: [8] Undefined index: menu D:\WillProject\thinkPHP\Application\Runtime\Cache\Admin\cc6dee5cc5f336703631d619a16bafab.php 第 79 行.
NOTIC: [8] Undefined index: id D:\WillProject\thinkPHP\Application\Runtime\Cache\Admin\cc6dee5cc5f336703631d619a16bafab.php 第 78 行.
NOTIC: [8] Undefined index: id D:\WillProject\thinkPHP\Application\Runtime\Cache\Admin\cc6dee5cc5f336703631d619a16bafab.php 第 79 行.
NOTIC: [8] Undefined index: delete D:\WillProject\thinkPHP\Application\Runtime\Cache\Admin\cc6dee5cc5f336703631d619a16bafab.php 第 79 行.
NOTIC: [8] Undefined index: menu D:\WillProject\thinkPHP\Application\Runtime\Cache\Admin\cc6dee5cc5f336703631d619a16bafab.php 第 79 行.
NOTIC: [8] Undefined index: id D:\WillProject\thinkPHP\Application\Runtime\Cache\Admin\cc6dee5cc5f336703631d619a16bafab.php 第 78 行.
NOTIC: [8] Undefined index: id D:\WillProject\thinkPHP\Application\Runtime\Cache\Admin\cc6dee5cc5f336703631d619a16bafab.php 第 79 行.
NOTIC: [8] Undefined index: delete D:\WillProject\thinkPHP\Application\Runtime\Cache\Admin\cc6dee5cc5f336703631d619a16bafab.php 第 79 行.
NOTIC: [8] Undefined index: menu D:\WillProject\thinkPHP\Application\Runtime\Cache\Admin\cc6dee5cc5f336703631d619a16bafab.php 第 79 行.
NOTIC: [8] Undefined index: id D:\WillProject\thinkPHP\Application\Runtime\Cache\Admin\cc6dee5cc5f336703631d619a16bafab.php 第 78 行.
NOTIC: [8] Undefined index: id D:\WillProject\thinkPHP\Application\Runtime\Cache\Admin\cc6dee5cc5f336703631d619a16bafab.php 第 79 行.
NOTIC: [8] Undefined index: delete D:\WillProject\thinkPHP\Application\Runtime\Cache\Admin\cc6dee5cc5f336703631d619a16bafab.php 第 79 行.
NOTIC: [8] Undefined index: menu D:\WillProject\thinkPHP\Application\Runtime\Cache\Admin\cc6dee5cc5f336703631d619a16bafab.php 第 79 行.
NOTIC: [8] Undefined index: id D:\WillProject\thinkPHP\Application\Runtime\Cache\Admin\cc6dee5cc5f336703631d619a16bafab.php 第 78 行.
NOTIC: [8] Undefined index: id D:\WillProject\thinkPHP\Application\Runtime\Cache\Admin\cc6dee5cc5f336703631d619a16bafab.php 第 79 行.
NOTIC: [8] Undefined index: delete D:\WillProject\thinkPHP\Application\Runtime\Cache\Admin\cc6dee5cc5f336703631d619a16bafab.php 第 79 行.
NOTIC: [8] Undefined index: menu D:\WillProject\thinkPHP\Application\Runtime\Cache\Admin\cc6dee5cc5f336703631d619a16bafab.php 第 79 行.
NOTIC: [8] Undefined index: id D:\WillProject\thinkPHP\Application\Runtime\Cache\Admin\cc6dee5cc5f336703631d619a16bafab.php 第 78 行.
NOTIC: [8] Undefined index: id D:\WillProject\thinkPHP\Application\Runtime\Cache\Admin\cc6dee5cc5f336703631d619a16bafab.php 第 79 行.
NOTIC: [8] Undefined index: delete D:\WillProject\thinkPHP\Application\Runtime\Cache\Admin\cc6dee5cc5f336703631d619a16bafab.php 第 79 行.
NOTIC: [8] Undefined index: menu D:\WillProject\thinkPHP\Application\Runtime\Cache\Admin\cc6dee5cc5f336703631d619a16bafab.php 第 79 行.
NOTIC: [8] Undefined index: id D:\WillProject\thinkPHP\Application\Runtime\Cache\Admin\cc6dee5cc5f336703631d619a16bafab.php 第 78 行.
NOTIC: [8] Undefined index: id D:\WillProject\thinkPHP\Application\Runtime\Cache\Admin\cc6dee5cc5f336703631d619a16bafab.php 第 79 行.
NOTIC: [8] Undefined index: delete D:\WillProject\thinkPHP\Application\Runtime\Cache\Admin\cc6dee5cc5f336703631d619a16bafab.php 第 79 行.
NOTIC: [8] Undefined index: menu D:\WillProject\thinkPHP\Application\Runtime\Cache\Admin\cc6dee5cc5f336703631d619a16bafab.php 第 79 行.
NOTIC: [8] Undefined index: id D:\WillProject\thinkPHP\Application\Runtime\Cache\Admin\cc6dee5cc5f336703631d619a16bafab.php 第 78 行.
NOTIC: [8] Undefined index: id D:\WillProject\thinkPHP\Application\Runtime\Cache\Admin\cc6dee5cc5f336703631d619a16bafab.php 第 79 行.
NOTIC: [8] Undefined index: delete D:\WillProject\thinkPHP\Application\Runtime\Cache\Admin\cc6dee5cc5f336703631d619a16bafab.php 第 79 行.
NOTIC: [8] Undefined index: menu D:\WillProject\thinkPHP\Application\Runtime\Cache\Admin\cc6dee5cc5f336703631d619a16bafab.php 第 79 行.
NOTIC: [8] Undefined index: id D:\WillProject\thinkPHP\Application\Runtime\Cache\Admin\cc6dee5cc5f336703631d619a16bafab.php 第 78 行.
NOTIC: [8] Undefined index: id D:\WillProject\thinkPHP\Application\Runtime\Cache\Admin\cc6dee5cc5f336703631d619a16bafab.php 第 79 行.
NOTIC: [8] Undefined index: delete D:\WillProject\thinkPHP\Application\Runtime\Cache\Admin\cc6dee5cc5f336703631d619a16bafab.php 第 79 行.
NOTIC: [8] Undefined index: menu D:\WillProject\thinkPHP\Application\Runtime\Cache\Admin\cc6dee5cc5f336703631d619a16bafab.php 第 79 行.
NOTIC: [8] Undefined index: id D:\WillProject\thinkPHP\Application\Runtime\Cache\Admin\cc6dee5cc5f336703631d619a16bafab.php 第 78 行.
NOTIC: [8] Undefined index: id D:\WillProject\thinkPHP\Application\Runtime\Cache\Admin\cc6dee5cc5f336703631d619a16bafab.php 第 79 行.
NOTIC: [8] Undefined index: delete D:\WillProject\thinkPHP\Application\Runtime\Cache\Admin\cc6dee5cc5f336703631d619a16bafab.php 第 79 行.
NOTIC: [8] Undefined index: menu D:\WillProject\thinkPHP\Application\Runtime\Cache\Admin\cc6dee5cc5f336703631d619a16bafab.php 第 79 行.
NOTIC: [8] Undefined index: id D:\WillProject\thinkPHP\Application\Runtime\Cache\Admin\cc6dee5cc5f336703631d619a16bafab.php 第 78 行.
NOTIC: [8] Undefined index: id D:\WillProject\thinkPHP\Application\Runtime\Cache\Admin\cc6dee5cc5f336703631d619a16bafab.php 第 79 行.
NOTIC: [8] Undefined index: delete D:\WillProject\thinkPHP\Application\Runtime\Cache\Admin\cc6dee5cc5f336703631d619a16bafab.php 第 79 行.
NOTIC: [8] Undefined index: menu D:\WillProject\thinkPHP\Application\Runtime\Cache\Admin\cc6dee5cc5f336703631d619a16bafab.php 第 79 行.
NOTIC: [8] Undefined index: id D:\WillProject\thinkPHP\Application\Runtime\Cache\Admin\cc6dee5cc5f336703631d619a16bafab.php 第 78 行.
NOTIC: [8] Undefined index: id D:\WillProject\thinkPHP\Application\Runtime\Cache\Admin\cc6dee5cc5f336703631d619a16bafab.php 第 79 行.
NOTIC: [8] Undefined index: delete D:\WillProject\thinkPHP\Application\Runtime\Cache\Admin\cc6dee5cc5f336703631d619a16bafab.php 第 79 行.
NOTIC: [8] Undefined index: menu D:\WillProject\thinkPHP\Application\Runtime\Cache\Admin\cc6dee5cc5f336703631d619a16bafab.php 第 79 行.
NOTIC: [8] Undefined index: id D:\WillProject\thinkPHP\Application\Runtime\Cache\Admin\cc6dee5cc5f336703631d619a16bafab.php 第 78 行.
NOTIC: [8] Undefined index: id D:\WillProject\thinkPHP\Application\Runtime\Cache\Admin\cc6dee5cc5f336703631d619a16bafab.php 第 79 行.
NOTIC: [8] Undefined index: delete D:\WillProject\thinkPHP\Application\Runtime\Cache\Admin\cc6dee5cc5f336703631d619a16bafab.php 第 79 行.
NOTIC: [8] Undefined index: menu D:\WillProject\thinkPHP\Application\Runtime\Cache\Admin\cc6dee5cc5f336703631d619a16bafab.php 第 79 行.
INFO: Run Behavior\ParseTemplateBehavior [ RunTime:0.014053s ]
INFO: [ view_parse ] --END-- [ RunTime:0.014109s ]
INFO: [ view_filter ] --START--
INFO: Run Behavior\WriteHtmlCacheBehavior [ RunTime:0.000633s ]
INFO: [ view_filter ] --END-- [ RunTime:0.000671s ]
INFO: [ app_end ] --START--
INFO: Run Behavior\ShowPageTraceBehavior [ RunTime:0.000890s ]
INFO: [ app_end ] --END-- [ RunTime:0.000942s ]

[ 2017-05-04T17:49:12+08:00 ] 127.0.0.1 /index.php/Admin/DateCount/date_print.html
INFO: [ app_init ] --START--
INFO: Run Behavior\BuildLiteBehavior [ RunTime:0.000020s ]
INFO: [ app_init ] --END-- [ RunTime:0.000664s ]
INFO: [ app_begin ] --START--
INFO: Run Behavior\ReadHtmlCacheBehavior [ RunTime:0.001466s ]
INFO: [ app_begin ] --END-- [ RunTime:0.001565s ]
INFO: [ view_parse ] --START--
INFO: [ template_filter ] --START--
INFO: Run Behavior\ContentReplaceBehavior [ RunTime:0.000058s ]
INFO: [ template_filter ] --END-- [ RunTime:0.000126s ]
INFO: Run Behavior\ParseTemplateBehavior [ RunTime:0.009797s ]
INFO: [ view_parse ] --END-- [ RunTime:0.009866s ]
INFO: [ view_filter ] --START--
INFO: Run Behavior\WriteHtmlCacheBehavior [ RunTime:0.000589s ]
INFO: [ view_filter ] --END-- [ RunTime:0.000630s ]
INFO: [ app_end ] --START--
INFO: Run Behavior\ShowPageTraceBehavior [ RunTime:0.000855s ]
INFO: [ app_end ] --END-- [ RunTime:0.000898s ]

[ 2017-05-04T17:49:14+08:00 ] 127.0.0.1 /index.php/Admin/User/users.html
INFO: [ app_init ] --START--
INFO: Run Behavior\BuildLiteBehavior [ RunTime:0.000019s ]
INFO: [ app_init ] --END-- [ RunTime:0.000653s ]
INFO: [ app_begin ] --START--
INFO: Run Behavior\ReadHtmlCacheBehavior [ RunTime:0.001131s ]
INFO: [ app_begin ] --END-- [ RunTime:0.001202s ]
SQL: SHOW COLUMNS FROM `sdb_wxuser` [ RunTime:0.0093s ]
SQL: SELECT * FROM `sdb_wxuser` WHERE ( is_auth != '1' )  [ RunTime:0.0015s ]
INFO: [ view_parse ] --START--
INFO: [ template_filter ] --START--
INFO: Run Behavior\ContentReplaceBehavior [ RunTime:0.000049s ]
INFO: [ template_filter ] --END-- [ RunTime:0.000099s ]
NOTIC: [8] Undefined index: id D:\WillProject\thinkPHP\Application\Runtime\Cache\Admin\cc6dee5cc5f336703631d619a16bafab.php 第 78 行.
NOTIC: [8] Undefined index: id D:\WillProject\thinkPHP\Application\Runtime\Cache\Admin\cc6dee5cc5f336703631d619a16bafab.php 第 79 行.
NOTIC: [8] Undefined index: delete D:\WillProject\thinkPHP\Application\Runtime\Cache\Admin\cc6dee5cc5f336703631d619a16bafab.php 第 79 行.
NOTIC: [8] Undefined index: menu D:\WillProject\thinkPHP\Application\Runtime\Cache\Admin\cc6dee5cc5f336703631d619a16bafab.php 第 79 行.
NOTIC: [8] Undefined index: id D:\WillProject\thinkPHP\Application\Runtime\Cache\Admin\cc6dee5cc5f336703631d619a16bafab.php 第 78 行.
NOTIC: [8] Undefined index: id D:\WillProject\thinkPHP\Application\Runtime\Cache\Admin\cc6dee5cc5f336703631d619a16bafab.php 第 79 行.
NOTIC: [8] Undefined index: delete D:\WillProject\thinkPHP\Application\Runtime\Cache\Admin\cc6dee5cc5f336703631d619a16bafab.php 第 79 行.
NOTIC: [8] Undefined index: menu D:\WillProject\thinkPHP\Application\Runtime\Cache\Admin\cc6dee5cc5f336703631d619a16bafab.php 第 79 行.
NOTIC: [8] Undefined index: id D:\WillProject\thinkPHP\Application\Runtime\Cache\Admin\cc6dee5cc5f336703631d619a16bafab.php 第 78 行.
NOTIC: [8] Undefined index: id D:\WillProject\thinkPHP\Application\Runtime\Cache\Admin\cc6dee5cc5f336703631d619a16bafab.php 第 79 行.
NOTIC: [8] Undefined index: delete D:\WillProject\thinkPHP\Application\Runtime\Cache\Admin\cc6dee5cc5f336703631d619a16bafab.php 第 79 行.
NOTIC: [8] Undefined index: menu D:\WillProject\thinkPHP\Application\Runtime\Cache\Admin\cc6dee5cc5f336703631d619a16bafab.php 第 79 行.
NOTIC: [8] Undefined index: id D:\WillProject\thinkPHP\Application\Runtime\Cache\Admin\cc6dee5cc5f336703631d619a16bafab.php 第 78 行.
NOTIC: [8] Undefined index: id D:\WillProject\thinkPHP\Application\Runtime\Cache\Admin\cc6dee5cc5f336703631d619a16bafab.php 第 79 行.
NOTIC: [8] Undefined index: delete D:\WillProject\thinkPHP\Application\Runtime\Cache\Admin\cc6dee5cc5f336703631d619a16bafab.php 第 79 行.
NOTIC: [8] Undefined index: menu D:\WillProject\thinkPHP\Application\Runtime\Cache\Admin\cc6dee5cc5f336703631d619a16bafab.php 第 79 行.
NOTIC: [8] Undefined index: id D:\WillProject\thinkPHP\Application\Runtime\Cache\Admin\cc6dee5cc5f336703631d619a16bafab.php 第 78 行.
NOTIC: [8] Undefined index: id D:\WillProject\thinkPHP\Application\Runtime\Cache\Admin\cc6dee5cc5f336703631d619a16bafab.php 第 79 行.
NOTIC: [8] Undefined index: delete D:\WillProject\thinkPHP\Application\Runtime\Cache\Admin\cc6dee5cc5f336703631d619a16bafab.php 第 79 行.
NOTIC: [8] Undefined index: menu D:\WillProject\thinkPHP\Application\Runtime\Cache\Admin\cc6dee5cc5f336703631d619a16bafab.php 第 79 行.
NOTIC: [8] Undefined index: id D:\WillProject\thinkPHP\Application\Runtime\Cache\Admin\cc6dee5cc5f336703631d619a16bafab.php 第 78 行.
NOTIC: [8] Undefined index: id D:\WillProject\thinkPHP\Application\Runtime\Cache\Admin\cc6dee5cc5f336703631d619a16bafab.php 第 79 行.
NOTIC: [8] Undefined index: delete D:\WillProject\thinkPHP\Application\Runtime\Cache\Admin\cc6dee5cc5f336703631d619a16bafab.php 第 79 行.
NOTIC: [8] Undefined index: menu D:\WillProject\thinkPHP\Application\Runtime\Cache\Admin\cc6dee5cc5f336703631d619a16bafab.php 第 79 行.
NOTIC: [8] Undefined index: id D:\WillProject\thinkPHP\Application\Runtime\Cache\Admin\cc6dee5cc5f336703631d619a16bafab.php 第 78 行.
NOTIC: [8] Undefined index: id D:\WillProject\thinkPHP\Application\Runtime\Cache\Admin\cc6dee5cc5f336703631d619a16bafab.php 第 79 行.
NOTIC: [8] Undefined index: delete D:\WillProject\thinkPHP\Application\Runtime\Cache\Admin\cc6dee5cc5f336703631d619a16bafab.php 第 79 行.
NOTIC: [8] Undefined index: menu D:\WillProject\thinkPHP\Application\Runtime\Cache\Admin\cc6dee5cc5f336703631d619a16bafab.php 第 79 行.
NOTIC: [8] Undefined index: id D:\WillProject\thinkPHP\Application\Runtime\Cache\Admin\cc6dee5cc5f336703631d619a16bafab.php 第 78 行.
NOTIC: [8] Undefined index: id D:\WillProject\thinkPHP\Application\Runtime\Cache\Admin\cc6dee5cc5f336703631d619a16bafab.php 第 79 行.
NOTIC: [8] Undefined index: delete D:\WillProject\thinkPHP\Application\Runtime\Cache\Admin\cc6dee5cc5f336703631d619a16bafab.php 第 79 行.
NOTIC: [8] Undefined index: menu D:\WillProject\thinkPHP\Application\Runtime\Cache\Admin\cc6dee5cc5f336703631d619a16bafab.php 第 79 行.
NOTIC: [8] Undefined index: id D:\WillProject\thinkPHP\Application\Runtime\Cache\Admin\cc6dee5cc5f336703631d619a16bafab.php 第 78 行.
NOTIC: [8] Undefined index: id D:\WillProject\thinkPHP\Application\Runtime\Cache\Admin\cc6dee5cc5f336703631d619a16bafab.php 第 79 行.
NOTIC: [8] Undefined index: delete D:\WillProject\thinkPHP\Application\Runtime\Cache\Admin\cc6dee5cc5f336703631d619a16bafab.php 第 79 行.
NOTIC: [8] Undefined index: menu D:\WillProject\thinkPHP\Application\Runtime\Cache\Admin\cc6dee5cc5f336703631d619a16bafab.php 第 79 行.
NOTIC: [8] Undefined index: id D:\WillProject\thinkPHP\Application\Runtime\Cache\Admin\cc6dee5cc5f336703631d619a16bafab.php 第 78 行.
NOTIC: [8] Undefined index: id D:\WillProject\thinkPHP\Application\Runtime\Cache\Admin\cc6dee5cc5f336703631d619a16bafab.php 第 79 行.
NOTIC: [8] Undefined index: delete D:\WillProject\thinkPHP\Application\Runtime\Cache\Admin\cc6dee5cc5f336703631d619a16bafab.php 第 79 行.
NOTIC: [8] Undefined index: menu D:\WillProject\thinkPHP\Application\Runtime\Cache\Admin\cc6dee5cc5f336703631d619a16bafab.php 第 79 行.
NOTIC: [8] Undefined index: id D:\WillProject\thinkPHP\Application\Runtime\Cache\Admin\cc6dee5cc5f336703631d619a16bafab.php 第 78 行.
NOTIC: [8] Undefined index: id D:\WillProject\thinkPHP\Application\Runtime\Cache\Admin\cc6dee5cc5f336703631d619a16bafab.php 第 79 行.
NOTIC: [8] Undefined index: delete D:\WillProject\thinkPHP\Application\Runtime\Cache\Admin\cc6dee5cc5f336703631d619a16bafab.php 第 79 行.
NOTIC: [8] Undefined index: menu D:\WillProject\thinkPHP\Application\Runtime\Cache\Admin\cc6dee5cc5f336703631d619a16bafab.php 第 79 行.
NOTIC: [8] Undefined index: id D:\WillProject\thinkPHP\Application\Runtime\Cache\Admin\cc6dee5cc5f336703631d619a16bafab.php 第 78 行.
NOTIC: [8] Undefined index: id D:\WillProject\thinkPHP\Application\Runtime\Cache\Admin\cc6dee5cc5f336703631d619a16bafab.php 第 79 行.
NOTIC: [8] Undefined index: delete D:\WillProject\thinkPHP\Application\Runtime\Cache\Admin\cc6dee5cc5f336703631d619a16bafab.php 第 79 行.
NOTIC: [8] Undefined index: menu D:\WillProject\thinkPHP\Application\Runtime\Cache\Admin\cc6dee5cc5f336703631d619a16bafab.php 第 79 行.
NOTIC: [8] Undefined index: id D:\WillProject\thinkPHP\Application\Runtime\Cache\Admin\cc6dee5cc5f336703631d619a16bafab.php 第 78 行.
NOTIC: [8] Undefined index: id D:\WillProject\thinkPHP\Application\Runtime\Cache\Admin\cc6dee5cc5f336703631d619a16bafab.php 第 79 行.
NOTIC: [8] Undefined index: delete D:\WillProject\thinkPHP\Application\Runtime\Cache\Admin\cc6dee5cc5f336703631d619a16bafab.php 第 79 行.
NOTIC: [8] Undefined index: menu D:\WillProject\thinkPHP\Application\Runtime\Cache\Admin\cc6dee5cc5f336703631d619a16bafab.php 第 79 行.
NOTIC: [8] Undefined index: id D:\WillProject\thinkPHP\Application\Runtime\Cache\Admin\cc6dee5cc5f336703631d619a16bafab.php 第 78 行.
NOTIC: [8] Undefined index: id D:\WillProject\thinkPHP\Application\Runtime\Cache\Admin\cc6dee5cc5f336703631d619a16bafab.php 第 79 行.
NOTIC: [8] Undefined index: delete D:\WillProject\thinkPHP\Application\Runtime\Cache\Admin\cc6dee5cc5f336703631d619a16bafab.php 第 79 行.
NOTIC: [8] Undefined index: menu D:\WillProject\thinkPHP\Application\Runtime\Cache\Admin\cc6dee5cc5f336703631d619a16bafab.php 第 79 行.
NOTIC: [8] Undefined index: id D:\WillProject\thinkPHP\Application\Runtime\Cache\Admin\cc6dee5cc5f336703631d619a16bafab.php 第 78 行.
NOTIC: [8] Undefined index: id D:\WillProject\thinkPHP\Application\Runtime\Cache\Admin\cc6dee5cc5f336703631d619a16bafab.php 第 79 行.
NOTIC: [8] Undefined index: delete D:\WillProject\thinkPHP\Application\Runtime\Cache\Admin\cc6dee5cc5f336703631d619a16bafab.php 第 79 行.
NOTIC: [8] Undefined index: menu D:\WillProject\thinkPHP\Application\Runtime\Cache\Admin\cc6dee5cc5f336703631d619a16bafab.php 第 79 行.
NOTIC: [8] Undefined index: id D:\WillProject\thinkPHP\Application\Runtime\Cache\Admin\cc6dee5cc5f336703631d619a16bafab.php 第 78 行.
NOTIC: [8] Undefined index: id D:\WillProject\thinkPHP\Application\Runtime\Cache\Admin\cc6dee5cc5f336703631d619a16bafab.php 第 79 行.
NOTIC: [8] Undefined index: delete D:\WillProject\thinkPHP\Application\Runtime\Cache\Admin\cc6dee5cc5f336703631d619a16bafab.php 第 79 行.
NOTIC: [8] Undefined index: menu D:\WillProject\thinkPHP\Application\Runtime\Cache\Admin\cc6dee5cc5f336703631d619a16bafab.php 第 79 行.
NOTIC: [8] Undefined index: id D:\WillProject\thinkPHP\Application\Runtime\Cache\Admin\cc6dee5cc5f336703631d619a16bafab.php 第 78 行.
NOTIC: [8] Undefined index: id D:\WillProject\thinkPHP\Application\Runtime\Cache\Admin\cc6dee5cc5f336703631d619a16bafab.php 第 79 行.
NOTIC: [8] Undefined index: delete D:\WillProject\thinkPHP\Application\Runtime\Cache\Admin\cc6dee5cc5f336703631d619a16bafab.php 第 79 行.
NOTIC: [8] Undefined index: menu D:\WillProject\thinkPHP\Application\Runtime\Cache\Admin\cc6dee5cc5f336703631d619a16bafab.php 第 79 行.
NOTIC: [8] Undefined index: id D:\WillProject\thinkPHP\Application\Runtime\Cache\Admin\cc6dee5cc5f336703631d619a16bafab.php 第 78 行.
NOTIC: [8] Undefined index: id D:\WillProject\thinkPHP\Application\Runtime\Cache\Admin\cc6dee5cc5f336703631d619a16bafab.php 第 79 行.
NOTIC: [8] Undefined index: delete D:\WillProject\thinkPHP\Application\Runtime\Cache\Admin\cc6dee5cc5f336703631d619a16bafab.php 第 79 行.
NOTIC: [8] Undefined index: menu D:\WillProject\thinkPHP\Application\Runtime\Cache\Admin\cc6dee5cc5f336703631d619a16bafab.php 第 79 行.
NOTIC: [8] Undefined index: id D:\WillProject\thinkPHP\Application\Runtime\Cache\Admin\cc6dee5cc5f336703631d619a16bafab.php 第 78 行.
NOTIC: [8] Undefined index: id D:\WillProject\thinkPHP\Application\Runtime\Cache\Admin\cc6dee5cc5f336703631d619a16bafab.php 第 79 行.
NOTIC: [8] Undefined index: delete D:\WillProject\thinkPHP\Application\Runtime\Cache\Admin\cc6dee5cc5f336703631d619a16bafab.php 第 79 行.
NOTIC: [8] Undefined index: menu D:\WillProject\thinkPHP\Application\Runtime\Cache\Admin\cc6dee5cc5f336703631d619a16bafab.php 第 79 行.
NOTIC: [8] Undefined index: id D:\WillProject\thinkPHP\Application\Runtime\Cache\Admin\cc6dee5cc5f336703631d619a16bafab.php 第 78 行.
NOTIC: [8] Undefined index: id D:\WillProject\thinkPHP\Application\Runtime\Cache\Admin\cc6dee5cc5f336703631d619a16bafab.php 第 79 行.
NOTIC: [8] Undefined index: delete D:\WillProject\thinkPHP\Application\Runtime\Cache\Admin\cc6dee5cc5f336703631d619a16bafab.php 第 79 行.
NOTIC: [8] Undefined index: menu D:\WillProject\thinkPHP\Application\Runtime\Cache\Admin\cc6dee5cc5f336703631d619a16bafab.php 第 79 行.
NOTIC: [8] Undefined index: id D:\WillProject\thinkPHP\Application\Runtime\Cache\Admin\cc6dee5cc5f336703631d619a16bafab.php 第 78 行.
NOTIC: [8] Undefined index: id D:\WillProject\thinkPHP\Application\Runtime\Cache\Admin\cc6dee5cc5f336703631d619a16bafab.php 第 79 行.
NOTIC: [8] Undefined index: delete D:\WillProject\thinkPHP\Application\Runtime\Cache\Admin\cc6dee5cc5f336703631d619a16bafab.php 第 79 行.
NOTIC: [8] Undefined index: menu D:\WillProject\thinkPHP\Application\Runtime\Cache\Admin\cc6dee5cc5f336703631d619a16bafab.php 第 79 行.
NOTIC: [8] Undefined index: id D:\WillProject\thinkPHP\Application\Runtime\Cache\Admin\cc6dee5cc5f336703631d619a16bafab.php 第 78 行.
NOTIC: [8] Undefined index: id D:\WillProject\thinkPHP\Application\Runtime\Cache\Admin\cc6dee5cc5f336703631d619a16bafab.php 第 79 行.
NOTIC: [8] Undefined index: delete D:\WillProject\thinkPHP\Application\Runtime\Cache\Admin\cc6dee5cc5f336703631d619a16bafab.php 第 79 行.
NOTIC: [8] Undefined index: menu D:\WillProject\thinkPHP\Application\Runtime\Cache\Admin\cc6dee5cc5f336703631d619a16bafab.php 第 79 行.
NOTIC: [8] Undefined index: id D:\WillProject\thinkPHP\Application\Runtime\Cache\Admin\cc6dee5cc5f336703631d619a16bafab.php 第 78 行.
NOTIC: [8] Undefined index: id D:\WillProject\thinkPHP\Application\Runtime\Cache\Admin\cc6dee5cc5f336703631d619a16bafab.php 第 79 行.
NOTIC: [8] Undefined index: delete D:\WillProject\thinkPHP\Application\Runtime\Cache\Admin\cc6dee5cc5f336703631d619a16bafab.php 第 79 行.
NOTIC: [8] Undefined index: menu D:\WillProject\thinkPHP\Application\Runtime\Cache\Admin\cc6dee5cc5f336703631d619a16bafab.php 第 79 行.
NOTIC: [8] Undefined index: id D:\WillProject\thinkPHP\Application\Runtime\Cache\Admin\cc6dee5cc5f336703631d619a16bafab.php 第 78 行.
NOTIC: [8] Undefined index: id D:\WillProject\thinkPHP\Application\Runtime\Cache\Admin\cc6dee5cc5f336703631d619a16bafab.php 第 79 行.
NOTIC: [8] Undefined index: delete D:\WillProject\thinkPHP\Application\Runtime\Cache\Admin\cc6dee5cc5f336703631d619a16bafab.php 第 79 行.
NOTIC: [8] Undefined index: menu D:\WillProject\thinkPHP\Application\Runtime\Cache\Admin\cc6dee5cc5f336703631d619a16bafab.php 第 79 行.
NOTIC: [8] Undefined index: id D:\WillProject\thinkPHP\Application\Runtime\Cache\Admin\cc6dee5cc5f336703631d619a16bafab.php 第 78 行.
NOTIC: [8] Undefined index: id D:\WillProject\thinkPHP\Application\Runtime\Cache\Admin\cc6dee5cc5f336703631d619a16bafab.php 第 79 行.
NOTIC: [8] Undefined index: delete D:\WillProject\thinkPHP\Application\Runtime\Cache\Admin\cc6dee5cc5f336703631d619a16bafab.php 第 79 行.
NOTIC: [8] Undefined index: menu D:\WillProject\thinkPHP\Application\Runtime\Cache\Admin\cc6dee5cc5f336703631d619a16bafab.php 第 79 行.
NOTIC: [8] Undefined index: id D:\WillProject\thinkPHP\Application\Runtime\Cache\Admin\cc6dee5cc5f336703631d619a16bafab.php 第 78 行.
NOTIC: [8] Undefined index: id D:\WillProject\thinkPHP\Application\Runtime\Cache\Admin\cc6dee5cc5f336703631d619a16bafab.php 第 79 行.
NOTIC: [8] Undefined index: delete D:\WillProject\thinkPHP\Application\Runtime\Cache\Admin\cc6dee5cc5f336703631d619a16bafab.php 第 79 行.
NOTIC: [8] Undefined index: menu D:\WillProject\thinkPHP\Application\Runtime\Cache\Admin\cc6dee5cc5f336703631d619a16bafab.php 第 79 行.
NOTIC: [8] Undefined index: id D:\WillProject\thinkPHP\Application\Runtime\Cache\Admin\cc6dee5cc5f336703631d619a16bafab.php 第 78 行.
NOTIC: [8] Undefined index: id D:\WillProject\thinkPHP\Application\Runtime\Cache\Admin\cc6dee5cc5f336703631d619a16bafab.php 第 79 行.
NOTIC: [8] Undefined index: delete D:\WillProject\thinkPHP\Application\Runtime\Cache\Admin\cc6dee5cc5f336703631d619a16bafab.php 第 79 行.
NOTIC: [8] Undefined index: menu D:\WillProject\thinkPHP\Application\Runtime\Cache\Admin\cc6dee5cc5f336703631d619a16bafab.php 第 79 行.
NOTIC: [8] Undefined index: id D:\WillProject\thinkPHP\Application\Runtime\Cache\Admin\cc6dee5cc5f336703631d619a16bafab.php 第 78 行.
NOTIC: [8] Undefined index: id D:\WillProject\thinkPHP\Application\Runtime\Cache\Admin\cc6dee5cc5f336703631d619a16bafab.php 第 79 行.
NOTIC: [8] Undefined index: delete D:\WillProject\thinkPHP\Application\Runtime\Cache\Admin\cc6dee5cc5f336703631d619a16bafab.php 第 79 行.
NOTIC: [8] Undefined index: menu D:\WillProject\thinkPHP\Application\Runtime\Cache\Admin\cc6dee5cc5f336703631d619a16bafab.php 第 79 行.
NOTIC: [8] Undefined index: id D:\WillProject\thinkPHP\Application\Runtime\Cache\Admin\cc6dee5cc5f336703631d619a16bafab.php 第 78 行.
NOTIC: [8] Undefined index: id D:\WillProject\thinkPHP\Application\Runtime\Cache\Admin\cc6dee5cc5f336703631d619a16bafab.php 第 79 行.
NOTIC: [8] Undefined index: delete D:\WillProject\thinkPHP\Application\Runtime\Cache\Admin\cc6dee5cc5f336703631d619a16bafab.php 第 79 行.
NOTIC: [8] Undefined index: menu D:\WillProject\thinkPHP\Application\Runtime\Cache\Admin\cc6dee5cc5f336703631d619a16bafab.php 第 79 行.
INFO: Run Behavior\ParseTemplateBehavior [ RunTime:0.014795s ]
INFO: [ view_parse ] --END-- [ RunTime:0.014911s ]
INFO: [ view_filter ] --START--
INFO: Run Behavior\WriteHtmlCacheBehavior [ RunTime:0.000748s ]
INFO: [ view_filter ] --END-- [ RunTime:0.000791s ]
INFO: [ app_end ] --START--
INFO: Run Behavior\ShowPageTraceBehavior [ RunTime:0.001048s ]
INFO: [ app_end ] --END-- [ RunTime:0.001107s ]

[ 2017-05-04T17:50:17+08:00 ] 127.0.0.1 /index.php/Admin/Index/index.html
INFO: [ app_init ] --START--
INFO: Run Behavior\BuildLiteBehavior [ RunTime:0.000021s ]
INFO: [ app_init ] --END-- [ RunTime:0.000844s ]
INFO: [ app_begin ] --START--
INFO: Run Behavior\ReadHtmlCacheBehavior [ RunTime:0.001428s ]
INFO: [ app_begin ] --END-- [ RunTime:0.001543s ]
SQL: SHOW COLUMNS FROM `catalogue` [ RunTime:0.0092s ]
SQL: SELECT * FROM `catalogue`  [ RunTime:0.0007s ]
INFO: [ view_parse ] --START--
INFO: [ template_filter ] --START--
INFO: Run Behavior\ContentReplaceBehavior [ RunTime:0.000078s ]
INFO: [ template_filter ] --END-- [ RunTime:0.000165s ]
INFO: Run Behavior\ParseTemplateBehavior [ RunTime:0.012088s ]
INFO: [ view_parse ] --END-- [ RunTime:0.012209s ]
INFO: [ view_filter ] --START--
INFO: Run Behavior\WriteHtmlCacheBehavior [ RunTime:0.001042s ]
INFO: [ view_filter ] --END-- [ RunTime:0.001111s ]
INFO: [ app_end ] --START--
INFO: Run Behavior\ShowPageTraceBehavior [ RunTime:0.001353s ]
INFO: [ app_end ] --END-- [ RunTime:0.001427s ]

[ 2017-05-04T17:50:17+08:00 ] 127.0.0.1 /index.php/Admin/System/index.html
INFO: [ app_init ] --START--
INFO: Run Behavior\BuildLiteBehavior [ RunTime:0.000082s ]
INFO: [ app_init ] --END-- [ RunTime:0.000700s ]
INFO: [ app_begin ] --START--
INFO: Run Behavior\ReadHtmlCacheBehavior [ RunTime:0.001260s ]
INFO: [ app_begin ] --END-- [ RunTime:0.001337s ]
SQL: SHOW COLUMNS FROM `catalogue` [ RunTime:0.0074s ]
SQL: SELECT * FROM `catalogue` ORDER BY id  [ RunTime:0.0005s ]
INFO: [ view_parse ] --START--
INFO: [ template_filter ] --START--
INFO: Run Behavior\ContentReplaceBehavior [ RunTime:0.000046s ]
INFO: [ template_filter ] --END-- [ RunTime:0.000097s ]
INFO: Run Behavior\ParseTemplateBehavior [ RunTime:0.012998s ]
INFO: [ view_parse ] --END-- [ RunTime:0.013108s ]
INFO: [ view_filter ] --START--
INFO: Run Behavior\WriteHtmlCacheBehavior [ RunTime:0.000813s ]
INFO: [ view_filter ] --END-- [ RunTime:0.000869s ]
INFO: [ app_end ] --START--
INFO: Run Behavior\ShowPageTraceBehavior [ RunTime:0.000810s ]
INFO: [ app_end ] --END-- [ RunTime:0.000849s ]

[ 2017-05-04T17:50:17+08:00 ] 127.0.0.1 /index.php/Admin/DateCount/date_print.html
INFO: [ app_init ] --START--
INFO: Run Behavior\BuildLiteBehavior [ RunTime:0.000020s ]
INFO: [ app_init ] --END-- [ RunTime:0.000701s ]
INFO: [ app_begin ] --START--
INFO: Run Behavior\ReadHtmlCacheBehavior [ RunTime:0.001272s ]
INFO: [ app_begin ] --END-- [ RunTime:0.001369s ]
INFO: [ view_parse ] --START--
INFO: [ template_filter ] --START--
INFO: Run Behavior\ContentReplaceBehavior [ RunTime:0.000061s ]
INFO: [ template_filter ] --END-- [ RunTime:0.000158s ]
INFO: Run Behavior\ParseTemplateBehavior [ RunTime:0.017760s ]
INFO: [ view_parse ] --END-- [ RunTime:0.017869s ]
INFO: [ view_filter ] --START--
INFO: Run Behavior\WriteHtmlCacheBehavior [ RunTime:0.001033s ]
INFO: [ view_filter ] --END-- [ RunTime:0.001109s ]
INFO: [ app_end ] --START--
INFO: Run Behavior\ShowPageTraceBehavior [ RunTime:0.003445s ]
INFO: [ app_end ] --END-- [ RunTime:0.003632s ]

[ 2017-05-04T17:50:25+08:00 ] 127.0.0.1 /index.php/Admin/Adminclient/index.html
INFO: [ app_init ] --START--
INFO: Run Behavior\BuildLiteBehavior [ RunTime:0.000018s ]
INFO: [ app_init ] --END-- [ RunTime:0.000624s ]
INFO: [ app_begin ] --START--
INFO: Run Behavior\ReadHtmlCacheBehavior [ RunTime:0.000756s ]
INFO: [ app_begin ] --END-- [ RunTime:0.000826s ]
INFO: [ view_parse ] --START--
INFO: [ template_filter ] --START--
INFO: Run Behavior\ContentReplaceBehavior [ RunTime:0.000191s ]
INFO: [ template_filter ] --END-- [ RunTime:0.000462s ]
NOTIC: [8] Undefined variable: list D:\WillProject\thinkPHP\Application\Runtime\Cache\Admin\9d98f1221ea016693fac61eb5fdf558d.php 第 67 行.
INFO: Run Behavior\ParseTemplateBehavior [ RunTime:0.017678s ]
INFO: [ view_parse ] --END-- [ RunTime:0.017837s ]
INFO: [ view_filter ] --START--
INFO: Run Behavior\WriteHtmlCacheBehavior [ RunTime:0.001972s ]
INFO: [ view_filter ] --END-- [ RunTime:0.002166s ]
INFO: [ app_end ] --START--
INFO: Run Behavior\ShowPageTraceBehavior [ RunTime:0.003294s ]
INFO: [ app_end ] --END-- [ RunTime:0.003406s ]

[ 2017-05-04T17:50:28+08:00 ] 127.0.0.1 /index.php/Admin/Adminclient/add.html
INFO: [ app_init ] --START--
INFO: Run Behavior\BuildLiteBehavior [ RunTime:0.000016s ]
INFO: [ app_init ] --END-- [ RunTime:0.000717s ]
INFO: [ app_begin ] --START--
INFO: Run Behavior\ReadHtmlCacheBehavior [ RunTime:0.000765s ]
INFO: [ app_begin ] --END-- [ RunTime:0.000824s ]
INFO: [ view_parse ] --START--
INFO: [ template_filter ] --START--
INFO: Run Behavior\ContentReplaceBehavior [ RunTime:0.000049s ]
INFO: [ template_filter ] --END-- [ RunTime:0.000120s ]
INFO: Run Behavior\ParseTemplateBehavior [ RunTime:0.007797s ]
INFO: [ view_parse ] --END-- [ RunTime:0.007875s ]
INFO: [ view_filter ] --START--
INFO: Run Behavior\WriteHtmlCacheBehavior [ RunTime:0.000453s ]
INFO: [ view_filter ] --END-- [ RunTime:0.000502s ]
INFO: [ app_end ] --START--
INFO: Run Behavior\ShowPageTraceBehavior [ RunTime:0.000691s ]
INFO: [ app_end ] --END-- [ RunTime:0.000769s ]

[ 2017-05-04T17:50:29+08:00 ] 127.0.0.1 /index.php/Admin/Adminclient/index.html
INFO: [ app_init ] --START--
INFO: Run Behavior\BuildLiteBehavior [ RunTime:0.000015s ]
INFO: [ app_init ] --END-- [ RunTime:0.000523s ]
INFO: [ app_begin ] --START--
INFO: Run Behavior\ReadHtmlCacheBehavior [ RunTime:0.000633s ]
INFO: [ app_begin ] --END-- [ RunTime:0.000694s ]
INFO: [ view_parse ] --START--
INFO: [ template_filter ] --START--
INFO: Run Behavior\ContentReplaceBehavior [ RunTime:0.000087s ]
INFO: [ template_filter ] --END-- [ RunTime:0.000181s ]
NOTIC: [8] Undefined variable: list D:\WillProject\thinkPHP\Application\Runtime\Cache\Admin\9d98f1221ea016693fac61eb5fdf558d.php 第 67 行.
INFO: Run Behavior\ParseTemplateBehavior [ RunTime:0.011758s ]
INFO: [ view_parse ] --END-- [ RunTime:0.011812s ]
INFO: [ view_filter ] --START--
INFO: Run Behavior\WriteHtmlCacheBehavior [ RunTime:0.000359s ]
INFO: [ view_filter ] --END-- [ RunTime:0.000403s ]
INFO: [ app_end ] --START--
INFO: Run Behavior\ShowPageTraceBehavior [ RunTime:0.001571s ]
INFO: [ app_end ] --END-- [ RunTime:0.001733s ]

[ 2017-05-04T17:50:33+08:00 ] 127.0.0.1 /index.php/Admin/User/users.html
INFO: [ app_init ] --START--
INFO: Run Behavior\BuildLiteBehavior [ RunTime:0.000015s ]
INFO: [ app_init ] --END-- [ RunTime:0.000483s ]
INFO: [ app_begin ] --START--
INFO: Run Behavior\ReadHtmlCacheBehavior [ RunTime:0.000725s ]
INFO: [ app_begin ] --END-- [ RunTime:0.000821s ]
SQL: SHOW COLUMNS FROM `sdb_wxuser` [ RunTime:0.0063s ]
SQL: SELECT * FROM `sdb_wxuser` WHERE ( is_auth != '1' )  [ RunTime:0.0006s ]
INFO: [ view_parse ] --START--
INFO: [ template_filter ] --START--
INFO: Run Behavior\ContentReplaceBehavior [ RunTime:0.000252s ]
INFO: [ template_filter ] --END-- [ RunTime:0.000625s ]
NOTIC: [8] Undefined index: id D:\WillProject\thinkPHP\Application\Runtime\Cache\Admin\cc6dee5cc5f336703631d619a16bafab.php 第 78 行.
NOTIC: [8] Undefined index: id D:\WillProject\thinkPHP\Application\Runtime\Cache\Admin\cc6dee5cc5f336703631d619a16bafab.php 第 79 行.
NOTIC: [8] Undefined index: delete D:\WillProject\thinkPHP\Application\Runtime\Cache\Admin\cc6dee5cc5f336703631d619a16bafab.php 第 79 行.
NOTIC: [8] Undefined index: menu D:\WillProject\thinkPHP\Application\Runtime\Cache\Admin\cc6dee5cc5f336703631d619a16bafab.php 第 79 行.
NOTIC: [8] Undefined index: id D:\WillProject\thinkPHP\Application\Runtime\Cache\Admin\cc6dee5cc5f336703631d619a16bafab.php 第 78 行.
NOTIC: [8] Undefined index: id D:\WillProject\thinkPHP\Application\Runtime\Cache\Admin\cc6dee5cc5f336703631d619a16bafab.php 第 79 行.
NOTIC: [8] Undefined index: delete D:\WillProject\thinkPHP\Application\Runtime\Cache\Admin\cc6dee5cc5f336703631d619a16bafab.php 第 79 行.
NOTIC: [8] Undefined index: menu D:\WillProject\thinkPHP\Application\Runtime\Cache\Admin\cc6dee5cc5f336703631d619a16bafab.php 第 79 行.
NOTIC: [8] Undefined index: id D:\WillProject\thinkPHP\Application\Runtime\Cache\Admin\cc6dee5cc5f336703631d619a16bafab.php 第 78 行.
NOTIC: [8] Undefined index: id D:\WillProject\thinkPHP\Application\Runtime\Cache\Admin\cc6dee5cc5f336703631d619a16bafab.php 第 79 行.
NOTIC: [8] Undefined index: delete D:\WillProject\thinkPHP\Application\Runtime\Cache\Admin\cc6dee5cc5f336703631d619a16bafab.php 第 79 行.
NOTIC: [8] Undefined index: menu D:\WillProject\thinkPHP\Application\Runtime\Cache\Admin\cc6dee5cc5f336703631d619a16bafab.php 第 79 行.
NOTIC: [8] Undefined index: id D:\WillProject\thinkPHP\Application\Runtime\Cache\Admin\cc6dee5cc5f336703631d619a16bafab.php 第 78 行.
NOTIC: [8] Undefined index: id D:\WillProject\thinkPHP\Application\Runtime\Cache\Admin\cc6dee5cc5f336703631d619a16bafab.php 第 79 行.
NOTIC: [8] Undefined index: delete D:\WillProject\thinkPHP\Application\Runtime\Cache\Admin\cc6dee5cc5f336703631d619a16bafab.php 第 79 行.
NOTIC: [8] Undefined index: menu D:\WillProject\thinkPHP\Application\Runtime\Cache\Admin\cc6dee5cc5f336703631d619a16bafab.php 第 79 行.
NOTIC: [8] Undefined index: id D:\WillProject\thinkPHP\Application\Runtime\Cache\Admin\cc6dee5cc5f336703631d619a16bafab.php 第 78 行.
NOTIC: [8] Undefined index: id D:\WillProject\thinkPHP\Application\Runtime\Cache\Admin\cc6dee5cc5f336703631d619a16bafab.php 第 79 行.
NOTIC: [8] Undefined index: delete D:\WillProject\thinkPHP\Application\Runtime\Cache\Admin\cc6dee5cc5f336703631d619a16bafab.php 第 79 行.
NOTIC: [8] Undefined index: menu D:\WillProject\thinkPHP\Application\Runtime\Cache\Admin\cc6dee5cc5f336703631d619a16bafab.php 第 79 行.
NOTIC: [8] Undefined index: id D:\WillProject\thinkPHP\Application\Runtime\Cache\Admin\cc6dee5cc5f336703631d619a16bafab.php 第 78 行.
NOTIC: [8] Undefined index: id D:\WillProject\thinkPHP\Application\Runtime\Cache\Admin\cc6dee5cc5f336703631d619a16bafab.php 第 79 行.
NOTIC: [8] Undefined index: delete D:\WillProject\thinkPHP\Application\Runtime\Cache\Admin\cc6dee5cc5f336703631d619a16bafab.php 第 79 行.
NOTIC: [8] Undefined index: menu D:\WillProject\thinkPHP\Application\Runtime\Cache\Admin\cc6dee5cc5f336703631d619a16bafab.php 第 79 行.
NOTIC: [8] Undefined index: id D:\WillProject\thinkPHP\Application\Runtime\Cache\Admin\cc6dee5cc5f336703631d619a16bafab.php 第 78 行.
NOTIC: [8] Undefined index: id D:\WillProject\thinkPHP\Application\Runtime\Cache\Admin\cc6dee5cc5f336703631d619a16bafab.php 第 79 行.
NOTIC: [8] Undefined index: delete D:\WillProject\thinkPHP\Application\Runtime\Cache\Admin\cc6dee5cc5f336703631d619a16bafab.php 第 79 行.
NOTIC: [8] Undefined index: menu D:\WillProject\thinkPHP\Application\Runtime\Cache\Admin\cc6dee5cc5f336703631d619a16bafab.php 第 79 行.
NOTIC: [8] Undefined index: id D:\WillProject\thinkPHP\Application\Runtime\Cache\Admin\cc6dee5cc5f336703631d619a16bafab.php 第 78 行.
NOTIC: [8] Undefined index: id D:\WillProject\thinkPHP\Application\Runtime\Cache\Admin\cc6dee5cc5f336703631d619a16bafab.php 第 79 行.
NOTIC: [8] Undefined index: delete D:\WillProject\thinkPHP\Application\Runtime\Cache\Admin\cc6dee5cc5f336703631d619a16bafab.php 第 79 行.
NOTIC: [8] Undefined index: menu D:\WillProject\thinkPHP\Application\Runtime\Cache\Admin\cc6dee5cc5f336703631d619a16bafab.php 第 79 行.
NOTIC: [8] Undefined index: id D:\WillProject\thinkPHP\Application\Runtime\Cache\Admin\cc6dee5cc5f336703631d619a16bafab.php 第 78 行.
NOTIC: [8] Undefined index: id D:\WillProject\thinkPHP\Application\Runtime\Cache\Admin\cc6dee5cc5f336703631d619a16bafab.php 第 79 行.
NOTIC: [8] Undefined index: delete D:\WillProject\thinkPHP\Application\Runtime\Cache\Admin\cc6dee5cc5f336703631d619a16bafab.php 第 79 行.
NOTIC: [8] Undefined index: menu D:\WillProject\thinkPHP\Application\Runtime\Cache\Admin\cc6dee5cc5f336703631d619a16bafab.php 第 79 行.
NOTIC: [8] Undefined index: id D:\WillProject\thinkPHP\Application\Runtime\Cache\Admin\cc6dee5cc5f336703631d619a16bafab.php 第 78 行.
NOTIC: [8] Undefined index: id D:\WillProject\thinkPHP\Application\Runtime\Cache\Admin\cc6dee5cc5f336703631d619a16bafab.php 第 79 行.
NOTIC: [8] Undefined index: delete D:\WillProject\thinkPHP\Application\Runtime\Cache\Admin\cc6dee5cc5f336703631d619a16bafab.php 第 79 行.
NOTIC: [8] Undefined index: menu D:\WillProject\thinkPHP\Application\Runtime\Cache\Admin\cc6dee5cc5f336703631d619a16bafab.php 第 79 行.
NOTIC: [8] Undefined index: id D:\WillProject\thinkPHP\Application\Runtime\Cache\Admin\cc6dee5cc5f336703631d619a16bafab.php 第 78 行.
NOTIC: [8] Undefined index: id D:\WillProject\thinkPHP\Application\Runtime\Cache\Admin\cc6dee5cc5f336703631d619a16bafab.php 第 79 行.
NOTIC: [8] Undefined index: delete D:\WillProject\thinkPHP\Application\Runtime\Cache\Admin\cc6dee5cc5f336703631d619a16bafab.php 第 79 行.
NOTIC: [8] Undefined index: menu D:\WillProject\thinkPHP\Application\Runtime\Cache\Admin\cc6dee5cc5f336703631d619a16bafab.php 第 79 行.
NOTIC: [8] Undefined index: id D:\WillProject\thinkPHP\Application\Runtime\Cache\Admin\cc6dee5cc5f336703631d619a16bafab.php 第 78 行.
NOTIC: [8] Undefined index: id D:\WillProject\thinkPHP\Application\Runtime\Cache\Admin\cc6dee5cc5f336703631d619a16bafab.php 第 79 行.
NOTIC: [8] Undefined index: delete D:\WillProject\thinkPHP\Application\Runtime\Cache\Admin\cc6dee5cc5f336703631d619a16bafab.php 第 79 行.
NOTIC: [8] Undefined index: menu D:\WillProject\thinkPHP\Application\Runtime\Cache\Admin\cc6dee5cc5f336703631d619a16bafab.php 第 79 行.
NOTIC: [8] Undefined index: id D:\WillProject\thinkPHP\Application\Runtime\Cache\Admin\cc6dee5cc5f336703631d619a16bafab.php 第 78 行.
NOTIC: [8] Undefined index: id D:\WillProject\thinkPHP\Application\Runtime\Cache\Admin\cc6dee5cc5f336703631d619a16bafab.php 第 79 行.
NOTIC: [8] Undefined index: delete D:\WillProject\thinkPHP\Application\Runtime\Cache\Admin\cc6dee5cc5f336703631d619a16bafab.php 第 79 行.
NOTIC: [8] Undefined index: menu D:\WillProject\thinkPHP\Application\Runtime\Cache\Admin\cc6dee5cc5f336703631d619a16bafab.php 第 79 行.
NOTIC: [8] Undefined index: id D:\WillProject\thinkPHP\Application\Runtime\Cache\Admin\cc6dee5cc5f336703631d619a16bafab.php 第 78 行.
NOTIC: [8] Undefined index: id D:\WillProject\thinkPHP\Application\Runtime\Cache\Admin\cc6dee5cc5f336703631d619a16bafab.php 第 79 行.
NOTIC: [8] Undefined index: delete D:\WillProject\thinkPHP\Application\Runtime\Cache\Admin\cc6dee5cc5f336703631d619a16bafab.php 第 79 行.
NOTIC: [8] Undefined index: menu D:\WillProject\thinkPHP\Application\Runtime\Cache\Admin\cc6dee5cc5f336703631d619a16bafab.php 第 79 行.
NOTIC: [8] Undefined index: id D:\WillProject\thinkPHP\Application\Runtime\Cache\Admin\cc6dee5cc5f336703631d619a16bafab.php 第 78 行.
NOTIC: [8] Undefined index: id D:\WillProject\thinkPHP\Application\Runtime\Cache\Admin\cc6dee5cc5f336703631d619a16bafab.php 第 79 行.
NOTIC: [8] Undefined index: delete D:\WillProject\thinkPHP\Application\Runtime\Cache\Admin\cc6dee5cc5f336703631d619a16bafab.php 第 79 行.
NOTIC: [8] Undefined index: menu D:\WillProject\thinkPHP\Application\Runtime\Cache\Admin\cc6dee5cc5f336703631d619a16bafab.php 第 79 行.
NOTIC: [8] Undefined index: id D:\WillProject\thinkPHP\Application\Runtime\Cache\Admin\cc6dee5cc5f336703631d619a16bafab.php 第 78 行.
NOTIC: [8] Undefined index: id D:\WillProject\thinkPHP\Application\Runtime\Cache\Admin\cc6dee5cc5f336703631d619a16bafab.php 第 79 行.
NOTIC: [8] Undefined index: delete D:\WillProject\thinkPHP\Application\Runtime\Cache\Admin\cc6dee5cc5f336703631d619a16bafab.php 第 79 行.
NOTIC: [8] Undefined index: menu D:\WillProject\thinkPHP\Application\Runtime\Cache\Admin\cc6dee5cc5f336703631d619a16bafab.php 第 79 行.
NOTIC: [8] Undefined index: id D:\WillProject\thinkPHP\Application\Runtime\Cache\Admin\cc6dee5cc5f336703631d619a16bafab.php 第 78 行.
NOTIC: [8] Undefined index: id D:\WillProject\thinkPHP\Application\Runtime\Cache\Admin\cc6dee5cc5f336703631d619a16bafab.php 第 79 行.
NOTIC: [8] Undefined index: delete D:\WillProject\thinkPHP\Application\Runtime\Cache\Admin\cc6dee5cc5f336703631d619a16bafab.php 第 79 行.
NOTIC: [8] Undefined index: menu D:\WillProject\thinkPHP\Application\Runtime\Cache\Admin\cc6dee5cc5f336703631d619a16bafab.php 第 79 行.
NOTIC: [8] Undefined index: id D:\WillProject\thinkPHP\Application\Runtime\Cache\Admin\cc6dee5cc5f336703631d619a16bafab.php 第 78 行.
NOTIC: [8] Undefined index: id D:\WillProject\thinkPHP\Application\Runtime\Cache\Admin\cc6dee5cc5f336703631d619a16bafab.php 第 79 行.
NOTIC: [8] Undefined index: delete D:\WillProject\thinkPHP\Application\Runtime\Cache\Admin\cc6dee5cc5f336703631d619a16bafab.php 第 79 行.
NOTIC: [8] Undefined index: menu D:\WillProject\thinkPHP\Application\Runtime\Cache\Admin\cc6dee5cc5f336703631d619a16bafab.php 第 79 行.
NOTIC: [8] Undefined index: id D:\WillProject\thinkPHP\Application\Runtime\Cache\Admin\cc6dee5cc5f336703631d619a16bafab.php 第 78 行.
NOTIC: [8] Undefined index: id D:\WillProject\thinkPHP\Application\Runtime\Cache\Admin\cc6dee5cc5f336703631d619a16bafab.php 第 79 行.
NOTIC: [8] Undefined index: delete D:\WillProject\thinkPHP\Application\Runtime\Cache\Admin\cc6dee5cc5f336703631d619a16bafab.php 第 79 行.
NOTIC: [8] Undefined index: menu D:\WillProject\thinkPHP\Application\Runtime\Cache\Admin\cc6dee5cc5f336703631d619a16bafab.php 第 79 行.
NOTIC: [8] Undefined index: id D:\WillProject\thinkPHP\Application\Runtime\Cache\Admin\cc6dee5cc5f336703631d619a16bafab.php 第 78 行.
NOTIC: [8] Undefined index: id D:\WillProject\thinkPHP\Application\Runtime\Cache\Admin\cc6dee5cc5f336703631d619a16bafab.php 第 79 行.
NOTIC: [8] Undefined index: delete D:\WillProject\thinkPHP\Application\Runtime\Cache\Admin\cc6dee5cc5f336703631d619a16bafab.php 第 79 行.
NOTIC: [8] Undefined index: menu D:\WillProject\thinkPHP\Application\Runtime\Cache\Admin\cc6dee5cc5f336703631d619a16bafab.php 第 79 行.
NOTIC: [8] Undefined index: id D:\WillProject\thinkPHP\Application\Runtime\Cache\Admin\cc6dee5cc5f336703631d619a16bafab.php 第 78 行.
NOTIC: [8] Undefined index: id D:\WillProject\thinkPHP\Application\Runtime\Cache\Admin\cc6dee5cc5f336703631d619a16bafab.php 第 79 行.
NOTIC: [8] Undefined index: delete D:\WillProject\thinkPHP\Application\Runtime\Cache\Admin\cc6dee5cc5f336703631d619a16bafab.php 第 79 行.
NOTIC: [8] Undefined index: menu D:\WillProject\thinkPHP\Application\Runtime\Cache\Admin\cc6dee5cc5f336703631d619a16bafab.php 第 79 行.
NOTIC: [8] Undefined index: id D:\WillProject\thinkPHP\Application\Runtime\Cache\Admin\cc6dee5cc5f336703631d619a16bafab.php 第 78 行.
NOTIC: [8] Undefined index: id D:\WillProject\thinkPHP\Application\Runtime\Cache\Admin\cc6dee5cc5f336703631d619a16bafab.php 第 79 行.
NOTIC: [8] Undefined index: delete D:\WillProject\thinkPHP\Application\Runtime\Cache\Admin\cc6dee5cc5f336703631d619a16bafab.php 第 79 行.
NOTIC: [8] Undefined index: menu D:\WillProject\thinkPHP\Application\Runtime\Cache\Admin\cc6dee5cc5f336703631d619a16bafab.php 第 79 行.
NOTIC: [8] Undefined index: id D:\WillProject\thinkPHP\Application\Runtime\Cache\Admin\cc6dee5cc5f336703631d619a16bafab.php 第 78 行.
NOTIC: [8] Undefined index: id D:\WillProject\thinkPHP\Application\Runtime\Cache\Admin\cc6dee5cc5f336703631d619a16bafab.php 第 79 行.
NOTIC: [8] Undefined index: delete D:\WillProject\thinkPHP\Application\Runtime\Cache\Admin\cc6dee5cc5f336703631d619a16bafab.php 第 79 行.
NOTIC: [8] Undefined index: menu D:\WillProject\thinkPHP\Application\Runtime\Cache\Admin\cc6dee5cc5f336703631d619a16bafab.php 第 79 行.
NOTIC: [8] Undefined index: id D:\WillProject\thinkPHP\Application\Runtime\Cache\Admin\cc6dee5cc5f336703631d619a16bafab.php 第 78 行.
NOTIC: [8] Undefined index: id D:\WillProject\thinkPHP\Application\Runtime\Cache\Admin\cc6dee5cc5f336703631d619a16bafab.php 第 79 行.
NOTIC: [8] Undefined index: delete D:\WillProject\thinkPHP\Application\Runtime\Cache\Admin\cc6dee5cc5f336703631d619a16bafab.php 第 79 行.
NOTIC: [8] Undefined index: menu D:\WillProject\thinkPHP\Application\Runtime\Cache\Admin\cc6dee5cc5f336703631d619a16bafab.php 第 79 行.
NOTIC: [8] Undefined index: id D:\WillProject\thinkPHP\Application\Runtime\Cache\Admin\cc6dee5cc5f336703631d619a16bafab.php 第 78 行.
NOTIC: [8] Undefined index: id D:\WillProject\thinkPHP\Application\Runtime\Cache\Admin\cc6dee5cc5f336703631d619a16bafab.php 第 79 行.
NOTIC: [8] Undefined index: delete D:\WillProject\thinkPHP\Application\Runtime\Cache\Admin\cc6dee5cc5f336703631d619a16bafab.php 第 79 行.
NOTIC: [8] Undefined index: menu D:\WillProject\thinkPHP\Application\Runtime\Cache\Admin\cc6dee5cc5f336703631d619a16bafab.php 第 79 行.
NOTIC: [8] Undefined index: id D:\WillProject\thinkPHP\Application\Runtime\Cache\Admin\cc6dee5cc5f336703631d619a16bafab.php 第 78 行.
NOTIC: [8] Undefined index: id D:\WillProject\thinkPHP\Application\Runtime\Cache\Admin\cc6dee5cc5f336703631d619a16bafab.php 第 79 行.
NOTIC: [8] Undefined index: delete D:\WillProject\thinkPHP\Application\Runtime\Cache\Admin\cc6dee5cc5f336703631d619a16bafab.php 第 79 行.
NOTIC: [8] Undefined index: menu D:\WillProject\thinkPHP\Application\Runtime\Cache\Admin\cc6dee5cc5f336703631d619a16bafab.php 第 79 行.
NOTIC: [8] Undefined index: id D:\WillProject\thinkPHP\Application\Runtime\Cache\Admin\cc6dee5cc5f336703631d619a16bafab.php 第 78 行.
NOTIC: [8] Undefined index: id D:\WillProject\thinkPHP\Application\Runtime\Cache\Admin\cc6dee5cc5f336703631d619a16bafab.php 第 79 行.
NOTIC: [8] Undefined index: delete D:\WillProject\thinkPHP\Application\Runtime\Cache\Admin\cc6dee5cc5f336703631d619a16bafab.php 第 79 行.
NOTIC: [8] Undefined index: menu D:\WillProject\thinkPHP\Application\Runtime\Cache\Admin\cc6dee5cc5f336703631d619a16bafab.php 第 79 行.
NOTIC: [8] Undefined index: id D:\WillProject\thinkPHP\Application\Runtime\Cache\Admin\cc6dee5cc5f336703631d619a16bafab.php 第 78 行.
NOTIC: [8] Undefined index: id D:\WillProject\thinkPHP\Application\Runtime\Cache\Admin\cc6dee5cc5f336703631d619a16bafab.php 第 79 行.
NOTIC: [8] Undefined index: delete D:\WillProject\thinkPHP\Application\Runtime\Cache\Admin\cc6dee5cc5f336703631d619a16bafab.php 第 79 行.
NOTIC: [8] Undefined index: menu D:\WillProject\thinkPHP\Application\Runtime\Cache\Admin\cc6dee5cc5f336703631d619a16bafab.php 第 79 行.
NOTIC: [8] Undefined index: id D:\WillProject\thinkPHP\Application\Runtime\Cache\Admin\cc6dee5cc5f336703631d619a16bafab.php 第 78 行.
NOTIC: [8] Undefined index: id D:\WillProject\thinkPHP\Application\Runtime\Cache\Admin\cc6dee5cc5f336703631d619a16bafab.php 第 79 行.
NOTIC: [8] Undefined index: delete D:\WillProject\thinkPHP\Application\Runtime\Cache\Admin\cc6dee5cc5f336703631d619a16bafab.php 第 79 行.
NOTIC: [8] Undefined index: menu D:\WillProject\thinkPHP\Application\Runtime\Cache\Admin\cc6dee5cc5f336703631d619a16bafab.php 第 79 行.
INFO: Run Behavior\ParseTemplateBehavior [ RunTime:0.019255s ]
INFO: [ view_parse ] --END-- [ RunTime:0.019304s ]
INFO: [ view_filter ] --START--
INFO: Run Behavior\WriteHtmlCacheBehavior [ RunTime:0.000407s ]
INFO: [ view_filter ] --END-- [ RunTime:0.000444s ]
INFO: [ app_end ] --START--
INFO: Run Behavior\ShowPageTraceBehavior [ RunTime:0.000561s ]
INFO: [ app_end ] --END-- [ RunTime:0.000634s ]

[ 2017-05-04T17:50:34+08:00 ] 127.0.0.1 /index.php/Admin/System/admin_list.html
INFO: [ app_init ] --START--
INFO: Run Behavior\BuildLiteBehavior [ RunTime:0.000014s ]
INFO: [ app_init ] --END-- [ RunTime:0.000572s ]
INFO: [ app_begin ] --START--
INFO: Run Behavior\ReadHtmlCacheBehavior [ RunTime:0.001955s ]
INFO: [ app_begin ] --END-- [ RunTime:0.002146s ]
SQL: SHOW COLUMNS FROM `admin_users` [ RunTime:0.0082s ]
SQL: SELECT * FROM `admin_users`  [ RunTime:0.0016s ]
INFO: [ view_parse ] --START--
INFO: [ template_filter ] --START--
INFO: Run Behavior\ContentReplaceBehavior [ RunTime:0.000047s ]
INFO: [ template_filter ] --END-- [ RunTime:0.000096s ]
NOTIC: [8] Undefined index: delete D:\WillProject\thinkPHP\Application\Runtime\Cache\Admin\20ad540a2aa8b40fd265df5c9fff6957.php 第 76 行.
NOTIC: [8] Undefined index: menu D:\WillProject\thinkPHP\Application\Runtime\Cache\Admin\20ad540a2aa8b40fd265df5c9fff6957.php 第 76 行.
NOTIC: [8] Undefined index: delete D:\WillProject\thinkPHP\Application\Runtime\Cache\Admin\20ad540a2aa8b40fd265df5c9fff6957.php 第 76 行.
NOTIC: [8] Undefined index: menu D:\WillProject\thinkPHP\Application\Runtime\Cache\Admin\20ad540a2aa8b40fd265df5c9fff6957.php 第 76 行.
INFO: Run Behavior\ParseTemplateBehavior [ RunTime:0.008676s ]
INFO: [ view_parse ] --END-- [ RunTime:0.008944s ]
INFO: [ view_filter ] --START--
INFO: Run Behavior\WriteHtmlCacheBehavior [ RunTime:0.000605s ]
INFO: [ view_filter ] --END-- [ RunTime:0.000670s ]
INFO: [ app_end ] --START--
INFO: Run Behavior\ShowPageTraceBehavior [ RunTime:0.001480s ]
INFO: [ app_end ] --END-- [ RunTime:0.001591s ]

[ 2017-05-04T17:50:35+08:00 ] 127.0.0.1 /index.php/Admin/System/index.html
INFO: [ app_init ] --START--
INFO: Run Behavior\BuildLiteBehavior [ RunTime:0.000018s ]
INFO: [ app_init ] --END-- [ RunTime:0.001600s ]
INFO: [ app_begin ] --START--
INFO: Run Behavior\ReadHtmlCacheBehavior [ RunTime:0.000546s ]
INFO: [ app_begin ] --END-- [ RunTime:0.000597s ]
SQL: SHOW COLUMNS FROM `catalogue` [ RunTime:0.0056s ]
SQL: SELECT * FROM `catalogue` ORDER BY id  [ RunTime:0.0009s ]
INFO: [ view_parse ] --START--
INFO: [ template_filter ] --START--
INFO: Run Behavior\ContentReplaceBehavior [ RunTime:0.000045s ]
INFO: [ template_filter ] --END-- [ RunTime:0.000093s ]
INFO: Run Behavior\ParseTemplateBehavior [ RunTime:0.008008s ]
INFO: [ view_parse ] --END-- [ RunTime:0.008089s ]
INFO: [ view_filter ] --START--
INFO: Run Behavior\WriteHtmlCacheBehavior [ RunTime:0.000438s ]
INFO: [ view_filter ] --END-- [ RunTime:0.000478s ]
INFO: [ app_end ] --START--
INFO: Run Behavior\ShowPageTraceBehavior [ RunTime:0.000627s ]
INFO: [ app_end ] --END-- [ RunTime:0.000668s ]

