[ 2017-05-11T14:15:41+08:00 ] 127.0.0.1 /admin
INFO: [ app_init ] --START--
INFO: Run Behavior\BuildLiteBehavior [ RunTime:0.000014s ]
INFO: [ app_init ] --END-- [ RunTime:0.000661s ]
INFO: [ app_begin ] --START--
INFO: Run Behavior\ReadHtmlCacheBehavior [ RunTime:0.000677s ]
INFO: [ app_begin ] --END-- [ RunTime:0.000747s ]

[ 2017-05-11T14:15:41+08:00 ] 127.0.0.1 /index.php/Admin/Login/login.html
INFO: [ app_init ] --START--
INFO: Run Behavior\BuildLiteBehavior [ RunTime:0.000012s ]
INFO: [ app_init ] --END-- [ RunTime:0.000432s ]
INFO: [ app_begin ] --START--
INFO: Run Behavior\ReadHtmlCacheBehavior [ RunTime:0.000447s ]
INFO: [ app_begin ] --END-- [ RunTime:0.000491s ]
INFO: [ view_parse ] --START--
INFO: [ template_filter ] --START--
INFO: Run Behavior\ContentReplaceBehavior [ RunTime:0.000347s ]
INFO: [ template_filter ] --END-- [ RunTime:0.000530s ]
INFO: Run Behavior\ParseTemplateBehavior [ RunTime:0.012156s ]
INFO: [ view_parse ] --END-- [ RunTime:0.012225s ]
INFO: [ view_filter ] --START--
INFO: Run Behavior\WriteHtmlCacheBehavior [ RunTime:0.000521s ]
INFO: [ view_filter ] --END-- [ RunTime:0.000558s ]
INFO: [ app_end ] --START--
INFO: Run Behavior\ShowPageTraceBehavior [ RunTime:0.000531s ]
INFO: [ app_end ] --END-- [ RunTime:0.000568s ]

[ 2017-05-11T14:15:41+08:00 ] 127.0.0.1 /index.php/Admin/Login/img_code.html
INFO: [ app_init ] --START--
INFO: Run Behavior\BuildLiteBehavior [ RunTime:0.000018s ]
INFO: [ app_init ] --END-- [ RunTime:0.000628s ]
INFO: [ app_begin ] --START--
INFO: Run Behavior\ReadHtmlCacheBehavior [ RunTime:0.000977s ]
INFO: [ app_begin ] --END-- [ RunTime:0.001130s ]
INFO: [ app_end ] --START--
INFO: Run Behavior\ShowPageTraceBehavior [ RunTime:0.000853s ]
INFO: [ app_end ] --END-- [ RunTime:0.000936s ]

[ 2017-05-11T14:15:49+08:00 ] 127.0.0.1 /index.php/Admin/Login/check_code.html
INFO: [ app_init ] --START--
INFO: Run Behavior\BuildLiteBehavior [ RunTime:0.000018s ]
INFO: [ app_init ] --END-- [ RunTime:0.000630s ]
INFO: [ app_begin ] --START--
INFO: Run Behavior\ReadHtmlCacheBehavior [ RunTime:0.000974s ]
INFO: [ app_begin ] --END-- [ RunTime:0.001060s ]
SQL: SHOW COLUMNS FROM `admin_users` [ RunTime:0.0107s ]
SQL: SELECT * FROM `admin_users` WHERE ( username='will' ) LIMIT 1   [ RunTime:0.0007s ]
SQL: UPDATE `admin_users` SET `enter_time`='1494483349',`enter_ip`='127.0.0.1' WHERE ( id=3 ) [ RunTime:0.0090s ]
INFO: [ view_parse ] --START--
INFO: [ template_filter ] --START--
INFO: Run Behavior\ContentReplaceBehavior [ RunTime:0.000053s ]
INFO: [ template_filter ] --END-- [ RunTime:0.000129s ]
INFO: Run Behavior\ParseTemplateBehavior [ RunTime:0.007110s ]
INFO: [ view_parse ] --END-- [ RunTime:0.007224s ]
INFO: [ view_filter ] --START--
INFO: Run Behavior\WriteHtmlCacheBehavior [ RunTime:0.000649s ]
INFO: [ view_filter ] --END-- [ RunTime:0.000698s ]
INFO: [ app_end ] --START--
INFO: Run Behavior\ShowPageTraceBehavior [ RunTime:0.000603s ]
INFO: [ app_end ] --END-- [ RunTime:0.000645s ]

[ 2017-05-11T14:15:52+08:00 ] 127.0.0.1 /index.php/Admin/Index/index.html
INFO: [ app_init ] --START--
INFO: Run Behavior\BuildLiteBehavior [ RunTime:0.000017s ]
INFO: [ app_init ] --END-- [ RunTime:0.000624s ]
INFO: [ app_begin ] --START--
INFO: Run Behavior\ReadHtmlCacheBehavior [ RunTime:0.000880s ]
INFO: [ app_begin ] --END-- [ RunTime:0.000971s ]
SQL: SHOW COLUMNS FROM `catalogue` [ RunTime:0.0125s ]
SQL: SELECT * FROM `catalogue`  [ RunTime:0.0006s ]
INFO: [ view_parse ] --START--
INFO: [ template_filter ] --START--
INFO: Run Behavior\ContentReplaceBehavior [ RunTime:0.000060s ]
INFO: [ template_filter ] --END-- [ RunTime:0.000127s ]
INFO: Run Behavior\ParseTemplateBehavior [ RunTime:0.009280s ]
INFO: [ view_parse ] --END-- [ RunTime:0.009373s ]
INFO: [ view_filter ] --START--
INFO: Run Behavior\WriteHtmlCacheBehavior [ RunTime:0.000394s ]
INFO: [ view_filter ] --END-- [ RunTime:0.000442s ]
INFO: [ app_end ] --START--
INFO: Run Behavior\ShowPageTraceBehavior [ RunTime:0.000640s ]
INFO: [ app_end ] --END-- [ RunTime:0.000693s ]

[ 2017-05-11T14:15:53+08:00 ] 127.0.0.1 /index.php/Admin/System/index.html
INFO: [ app_init ] --START--
INFO: Run Behavior\BuildLiteBehavior [ RunTime:0.000017s ]
INFO: [ app_init ] --END-- [ RunTime:0.000514s ]
INFO: [ app_begin ] --START--
INFO: Run Behavior\ReadHtmlCacheBehavior [ RunTime:0.000636s ]
INFO: [ app_begin ] --END-- [ RunTime:0.000705s ]
SQL: SHOW COLUMNS FROM `catalogue` [ RunTime:0.0066s ]
SQL: SELECT * FROM `catalogue` ORDER BY id  [ RunTime:0.0025s ]
INFO: [ view_parse ] --START--
INFO: [ template_filter ] --START--
INFO: Run Behavior\ContentReplaceBehavior [ RunTime:0.000061s ]
INFO: [ template_filter ] --END-- [ RunTime:0.000165s ]
INFO: Run Behavior\ParseTemplateBehavior [ RunTime:0.013134s ]
INFO: [ view_parse ] --END-- [ RunTime:0.013576s ]
INFO: [ view_filter ] --START--
INFO: Run Behavior\WriteHtmlCacheBehavior [ RunTime:0.003191s ]
INFO: [ view_filter ] --END-- [ RunTime:0.003289s ]
INFO: [ app_end ] --START--
INFO: Run Behavior\ShowPageTraceBehavior [ RunTime:0.000791s ]
INFO: [ app_end ] --END-- [ RunTime:0.000915s ]

[ 2017-05-11T14:18:39+08:00 ] 127.0.0.1 /index.php/Admin/User/users.html
INFO: [ app_init ] --START--
INFO: Run Behavior\BuildLiteBehavior [ RunTime:0.000014s ]
INFO: [ app_init ] --END-- [ RunTime:0.000665s ]
INFO: [ app_begin ] --START--
INFO: Run Behavior\ReadHtmlCacheBehavior [ RunTime:0.000762s ]
INFO: [ app_begin ] --END-- [ RunTime:0.000839s ]
SQL: SHOW COLUMNS FROM `sdb_wxuser` [ RunTime:0.0128s ]
SQL: SELECT * FROM `sdb_wxuser` WHERE ( is_auth != '1' )  [ RunTime:0.0012s ]
INFO: [ view_parse ] --START--
INFO: [ template_filter ] --START--
INFO: Run Behavior\ContentReplaceBehavior [ RunTime:0.000068s ]
INFO: [ template_filter ] --END-- [ RunTime:0.000139s ]
NOTIC: [8] Undefined index: id D:\WillProject\thinkPHP\Application\Runtime\Cache\Admin\cc6dee5cc5f336703631d619a16bafab.php 第 78 行.
NOTIC: [8] Undefined index: id D:\WillProject\thinkPHP\Application\Runtime\Cache\Admin\cc6dee5cc5f336703631d619a16bafab.php 第 79 行.
NOTIC: [8] Undefined index: delete D:\WillProject\thinkPHP\Application\Runtime\Cache\Admin\cc6dee5cc5f336703631d619a16bafab.php 第 79 行.
NOTIC: [8] Undefined index: menu D:\WillProject\thinkPHP\Application\Runtime\Cache\Admin\cc6dee5cc5f336703631d619a16bafab.php 第 79 行.
NOTIC: [8] Undefined index: id D:\WillProject\thinkPHP\Application\Runtime\Cache\Admin\cc6dee5cc5f336703631d619a16bafab.php 第 78 行.
NOTIC: [8] Undefined index: id D:\WillProject\thinkPHP\Application\Runtime\Cache\Admin\cc6dee5cc5f336703631d619a16bafab.php 第 79 行.
NOTIC: [8] Undefined index: delete D:\WillProject\thinkPHP\Application\Runtime\Cache\Admin\cc6dee5cc5f336703631d619a16bafab.php 第 79 行.
NOTIC: [8] Undefined index: menu D:\WillProject\thinkPHP\Application\Runtime\Cache\Admin\cc6dee5cc5f336703631d619a16bafab.php 第 79 行.
NOTIC: [8] Undefined index: id D:\WillProject\thinkPHP\Application\Runtime\Cache\Admin\cc6dee5cc5f336703631d619a16bafab.php 第 78 行.
NOTIC: [8] Undefined index: id D:\WillProject\thinkPHP\Application\Runtime\Cache\Admin\cc6dee5cc5f336703631d619a16bafab.php 第 79 行.
NOTIC: [8] Undefined index: delete D:\WillProject\thinkPHP\Application\Runtime\Cache\Admin\cc6dee5cc5f336703631d619a16bafab.php 第 79 行.
NOTIC: [8] Undefined index: menu D:\WillProject\thinkPHP\Application\Runtime\Cache\Admin\cc6dee5cc5f336703631d619a16bafab.php 第 79 行.
NOTIC: [8] Undefined index: id D:\WillProject\thinkPHP\Application\Runtime\Cache\Admin\cc6dee5cc5f336703631d619a16bafab.php 第 78 行.
NOTIC: [8] Undefined index: id D:\WillProject\thinkPHP\Application\Runtime\Cache\Admin\cc6dee5cc5f336703631d619a16bafab.php 第 79 行.
NOTIC: [8] Undefined index: delete D:\WillProject\thinkPHP\Application\Runtime\Cache\Admin\cc6dee5cc5f336703631d619a16bafab.php 第 79 行.
NOTIC: [8] Undefined index: menu D:\WillProject\thinkPHP\Application\Runtime\Cache\Admin\cc6dee5cc5f336703631d619a16bafab.php 第 79 行.
NOTIC: [8] Undefined index: id D:\WillProject\thinkPHP\Application\Runtime\Cache\Admin\cc6dee5cc5f336703631d619a16bafab.php 第 78 行.
NOTIC: [8] Undefined index: id D:\WillProject\thinkPHP\Application\Runtime\Cache\Admin\cc6dee5cc5f336703631d619a16bafab.php 第 79 行.
NOTIC: [8] Undefined index: delete D:\WillProject\thinkPHP\Application\Runtime\Cache\Admin\cc6dee5cc5f336703631d619a16bafab.php 第 79 行.
NOTIC: [8] Undefined index: menu D:\WillProject\thinkPHP\Application\Runtime\Cache\Admin\cc6dee5cc5f336703631d619a16bafab.php 第 79 行.
NOTIC: [8] Undefined index: id D:\WillProject\thinkPHP\Application\Runtime\Cache\Admin\cc6dee5cc5f336703631d619a16bafab.php 第 78 行.
NOTIC: [8] Undefined index: id D:\WillProject\thinkPHP\Application\Runtime\Cache\Admin\cc6dee5cc5f336703631d619a16bafab.php 第 79 行.
NOTIC: [8] Undefined index: delete D:\WillProject\thinkPHP\Application\Runtime\Cache\Admin\cc6dee5cc5f336703631d619a16bafab.php 第 79 行.
NOTIC: [8] Undefined index: menu D:\WillProject\thinkPHP\Application\Runtime\Cache\Admin\cc6dee5cc5f336703631d619a16bafab.php 第 79 行.
NOTIC: [8] Undefined index: id D:\WillProject\thinkPHP\Application\Runtime\Cache\Admin\cc6dee5cc5f336703631d619a16bafab.php 第 78 行.
NOTIC: [8] Undefined index: id D:\WillProject\thinkPHP\Application\Runtime\Cache\Admin\cc6dee5cc5f336703631d619a16bafab.php 第 79 行.
NOTIC: [8] Undefined index: delete D:\WillProject\thinkPHP\Application\Runtime\Cache\Admin\cc6dee5cc5f336703631d619a16bafab.php 第 79 行.
NOTIC: [8] Undefined index: menu D:\WillProject\thinkPHP\Application\Runtime\Cache\Admin\cc6dee5cc5f336703631d619a16bafab.php 第 79 行.
NOTIC: [8] Undefined index: id D:\WillProject\thinkPHP\Application\Runtime\Cache\Admin\cc6dee5cc5f336703631d619a16bafab.php 第 78 行.
NOTIC: [8] Undefined index: id D:\WillProject\thinkPHP\Application\Runtime\Cache\Admin\cc6dee5cc5f336703631d619a16bafab.php 第 79 行.
NOTIC: [8] Undefined index: delete D:\WillProject\thinkPHP\Application\Runtime\Cache\Admin\cc6dee5cc5f336703631d619a16bafab.php 第 79 行.
NOTIC: [8] Undefined index: menu D:\WillProject\thinkPHP\Application\Runtime\Cache\Admin\cc6dee5cc5f336703631d619a16bafab.php 第 79 行.
NOTIC: [8] Undefined index: id D:\WillProject\thinkPHP\Application\Runtime\Cache\Admin\cc6dee5cc5f336703631d619a16bafab.php 第 78 行.
NOTIC: [8] Undefined index: id D:\WillProject\thinkPHP\Application\Runtime\Cache\Admin\cc6dee5cc5f336703631d619a16bafab.php 第 79 行.
NOTIC: [8] Undefined index: delete D:\WillProject\thinkPHP\Application\Runtime\Cache\Admin\cc6dee5cc5f336703631d619a16bafab.php 第 79 行.
NOTIC: [8] Undefined index: menu D:\WillProject\thinkPHP\Application\Runtime\Cache\Admin\cc6dee5cc5f336703631d619a16bafab.php 第 79 行.
NOTIC: [8] Undefined index: id D:\WillProject\thinkPHP\Application\Runtime\Cache\Admin\cc6dee5cc5f336703631d619a16bafab.php 第 78 行.
NOTIC: [8] Undefined index: id D:\WillProject\thinkPHP\Application\Runtime\Cache\Admin\cc6dee5cc5f336703631d619a16bafab.php 第 79 行.
NOTIC: [8] Undefined index: delete D:\WillProject\thinkPHP\Application\Runtime\Cache\Admin\cc6dee5cc5f336703631d619a16bafab.php 第 79 行.
NOTIC: [8] Undefined index: menu D:\WillProject\thinkPHP\Application\Runtime\Cache\Admin\cc6dee5cc5f336703631d619a16bafab.php 第 79 行.
NOTIC: [8] Undefined index: id D:\WillProject\thinkPHP\Application\Runtime\Cache\Admin\cc6dee5cc5f336703631d619a16bafab.php 第 78 行.
NOTIC: [8] Undefined index: id D:\WillProject\thinkPHP\Application\Runtime\Cache\Admin\cc6dee5cc5f336703631d619a16bafab.php 第 79 行.
NOTIC: [8] Undefined index: delete D:\WillProject\thinkPHP\Application\Runtime\Cache\Admin\cc6dee5cc5f336703631d619a16bafab.php 第 79 行.
NOTIC: [8] Undefined index: menu D:\WillProject\thinkPHP\Application\Runtime\Cache\Admin\cc6dee5cc5f336703631d619a16bafab.php 第 79 行.
NOTIC: [8] Undefined index: id D:\WillProject\thinkPHP\Application\Runtime\Cache\Admin\cc6dee5cc5f336703631d619a16bafab.php 第 78 行.
NOTIC: [8] Undefined index: id D:\WillProject\thinkPHP\Application\Runtime\Cache\Admin\cc6dee5cc5f336703631d619a16bafab.php 第 79 行.
NOTIC: [8] Undefined index: delete D:\WillProject\thinkPHP\Application\Runtime\Cache\Admin\cc6dee5cc5f336703631d619a16bafab.php 第 79 行.
NOTIC: [8] Undefined index: menu D:\WillProject\thinkPHP\Application\Runtime\Cache\Admin\cc6dee5cc5f336703631d619a16bafab.php 第 79 行.
NOTIC: [8] Undefined index: id D:\WillProject\thinkPHP\Application\Runtime\Cache\Admin\cc6dee5cc5f336703631d619a16bafab.php 第 78 行.
NOTIC: [8] Undefined index: id D:\WillProject\thinkPHP\Application\Runtime\Cache\Admin\cc6dee5cc5f336703631d619a16bafab.php 第 79 行.
NOTIC: [8] Undefined index: delete D:\WillProject\thinkPHP\Application\Runtime\Cache\Admin\cc6dee5cc5f336703631d619a16bafab.php 第 79 行.
NOTIC: [8] Undefined index: menu D:\WillProject\thinkPHP\Application\Runtime\Cache\Admin\cc6dee5cc5f336703631d619a16bafab.php 第 79 行.
NOTIC: [8] Undefined index: id D:\WillProject\thinkPHP\Application\Runtime\Cache\Admin\cc6dee5cc5f336703631d619a16bafab.php 第 78 行.
NOTIC: [8] Undefined index: id D:\WillProject\thinkPHP\Application\Runtime\Cache\Admin\cc6dee5cc5f336703631d619a16bafab.php 第 79 行.
NOTIC: [8] Undefined index: delete D:\WillProject\thinkPHP\Application\Runtime\Cache\Admin\cc6dee5cc5f336703631d619a16bafab.php 第 79 行.
NOTIC: [8] Undefined index: menu D:\WillProject\thinkPHP\Application\Runtime\Cache\Admin\cc6dee5cc5f336703631d619a16bafab.php 第 79 行.
NOTIC: [8] Undefined index: id D:\WillProject\thinkPHP\Application\Runtime\Cache\Admin\cc6dee5cc5f336703631d619a16bafab.php 第 78 行.
NOTIC: [8] Undefined index: id D:\WillProject\thinkPHP\Application\Runtime\Cache\Admin\cc6dee5cc5f336703631d619a16bafab.php 第 79 行.
NOTIC: [8] Undefined index: delete D:\WillProject\thinkPHP\Application\Runtime\Cache\Admin\cc6dee5cc5f336703631d619a16bafab.php 第 79 行.
NOTIC: [8] Undefined index: menu D:\WillProject\thinkPHP\Application\Runtime\Cache\Admin\cc6dee5cc5f336703631d619a16bafab.php 第 79 行.
NOTIC: [8] Undefined index: id D:\WillProject\thinkPHP\Application\Runtime\Cache\Admin\cc6dee5cc5f336703631d619a16bafab.php 第 78 行.
NOTIC: [8] Undefined index: id D:\WillProject\thinkPHP\Application\Runtime\Cache\Admin\cc6dee5cc5f336703631d619a16bafab.php 第 79 行.
NOTIC: [8] Undefined index: delete D:\WillProject\thinkPHP\Application\Runtime\Cache\Admin\cc6dee5cc5f336703631d619a16bafab.php 第 79 行.
NOTIC: [8] Undefined index: menu D:\WillProject\thinkPHP\Application\Runtime\Cache\Admin\cc6dee5cc5f336703631d619a16bafab.php 第 79 行.
NOTIC: [8] Undefined index: id D:\WillProject\thinkPHP\Application\Runtime\Cache\Admin\cc6dee5cc5f336703631d619a16bafab.php 第 78 行.
NOTIC: [8] Undefined index: id D:\WillProject\thinkPHP\Application\Runtime\Cache\Admin\cc6dee5cc5f336703631d619a16bafab.php 第 79 行.
NOTIC: [8] Undefined index: delete D:\WillProject\thinkPHP\Application\Runtime\Cache\Admin\cc6dee5cc5f336703631d619a16bafab.php 第 79 行.
NOTIC: [8] Undefined index: menu D:\WillProject\thinkPHP\Application\Runtime\Cache\Admin\cc6dee5cc5f336703631d619a16bafab.php 第 79 行.
NOTIC: [8] Undefined index: id D:\WillProject\thinkPHP\Application\Runtime\Cache\Admin\cc6dee5cc5f336703631d619a16bafab.php 第 78 行.
NOTIC: [8] Undefined index: id D:\WillProject\thinkPHP\Application\Runtime\Cache\Admin\cc6dee5cc5f336703631d619a16bafab.php 第 79 行.
NOTIC: [8] Undefined index: delete D:\WillProject\thinkPHP\Application\Runtime\Cache\Admin\cc6dee5cc5f336703631d619a16bafab.php 第 79 行.
NOTIC: [8] Undefined index: menu D:\WillProject\thinkPHP\Application\Runtime\Cache\Admin\cc6dee5cc5f336703631d619a16bafab.php 第 79 行.
NOTIC: [8] Undefined index: id D:\WillProject\thinkPHP\Application\Runtime\Cache\Admin\cc6dee5cc5f336703631d619a16bafab.php 第 78 行.
NOTIC: [8] Undefined index: id D:\WillProject\thinkPHP\Application\Runtime\Cache\Admin\cc6dee5cc5f336703631d619a16bafab.php 第 79 行.
NOTIC: [8] Undefined index: delete D:\WillProject\thinkPHP\Application\Runtime\Cache\Admin\cc6dee5cc5f336703631d619a16bafab.php 第 79 行.
NOTIC: [8] Undefined index: menu D:\WillProject\thinkPHP\Application\Runtime\Cache\Admin\cc6dee5cc5f336703631d619a16bafab.php 第 79 行.
NOTIC: [8] Undefined index: id D:\WillProject\thinkPHP\Application\Runtime\Cache\Admin\cc6dee5cc5f336703631d619a16bafab.php 第 78 行.
NOTIC: [8] Undefined index: id D:\WillProject\thinkPHP\Application\Runtime\Cache\Admin\cc6dee5cc5f336703631d619a16bafab.php 第 79 行.
NOTIC: [8] Undefined index: delete D:\WillProject\thinkPHP\Application\Runtime\Cache\Admin\cc6dee5cc5f336703631d619a16bafab.php 第 79 行.
NOTIC: [8] Undefined index: menu D:\WillProject\thinkPHP\Application\Runtime\Cache\Admin\cc6dee5cc5f336703631d619a16bafab.php 第 79 行.
NOTIC: [8] Undefined index: id D:\WillProject\thinkPHP\Application\Runtime\Cache\Admin\cc6dee5cc5f336703631d619a16bafab.php 第 78 行.
NOTIC: [8] Undefined index: id D:\WillProject\thinkPHP\Application\Runtime\Cache\Admin\cc6dee5cc5f336703631d619a16bafab.php 第 79 行.
NOTIC: [8] Undefined index: delete D:\WillProject\thinkPHP\Application\Runtime\Cache\Admin\cc6dee5cc5f336703631d619a16bafab.php 第 79 行.
NOTIC: [8] Undefined index: menu D:\WillProject\thinkPHP\Application\Runtime\Cache\Admin\cc6dee5cc5f336703631d619a16bafab.php 第 79 行.
NOTIC: [8] Undefined index: id D:\WillProject\thinkPHP\Application\Runtime\Cache\Admin\cc6dee5cc5f336703631d619a16bafab.php 第 78 行.
NOTIC: [8] Undefined index: id D:\WillProject\thinkPHP\Application\Runtime\Cache\Admin\cc6dee5cc5f336703631d619a16bafab.php 第 79 行.
NOTIC: [8] Undefined index: delete D:\WillProject\thinkPHP\Application\Runtime\Cache\Admin\cc6dee5cc5f336703631d619a16bafab.php 第 79 行.
NOTIC: [8] Undefined index: menu D:\WillProject\thinkPHP\Application\Runtime\Cache\Admin\cc6dee5cc5f336703631d619a16bafab.php 第 79 行.
NOTIC: [8] Undefined index: id D:\WillProject\thinkPHP\Application\Runtime\Cache\Admin\cc6dee5cc5f336703631d619a16bafab.php 第 78 行.
NOTIC: [8] Undefined index: id D:\WillProject\thinkPHP\Application\Runtime\Cache\Admin\cc6dee5cc5f336703631d619a16bafab.php 第 79 行.
NOTIC: [8] Undefined index: delete D:\WillProject\thinkPHP\Application\Runtime\Cache\Admin\cc6dee5cc5f336703631d619a16bafab.php 第 79 行.
NOTIC: [8] Undefined index: menu D:\WillProject\thinkPHP\Application\Runtime\Cache\Admin\cc6dee5cc5f336703631d619a16bafab.php 第 79 行.
NOTIC: [8] Undefined index: id D:\WillProject\thinkPHP\Application\Runtime\Cache\Admin\cc6dee5cc5f336703631d619a16bafab.php 第 78 行.
NOTIC: [8] Undefined index: id D:\WillProject\thinkPHP\Application\Runtime\Cache\Admin\cc6dee5cc5f336703631d619a16bafab.php 第 79 行.
NOTIC: [8] Undefined index: delete D:\WillProject\thinkPHP\Application\Runtime\Cache\Admin\cc6dee5cc5f336703631d619a16bafab.php 第 79 行.
NOTIC: [8] Undefined index: menu D:\WillProject\thinkPHP\Application\Runtime\Cache\Admin\cc6dee5cc5f336703631d619a16bafab.php 第 79 行.
NOTIC: [8] Undefined index: id D:\WillProject\thinkPHP\Application\Runtime\Cache\Admin\cc6dee5cc5f336703631d619a16bafab.php 第 78 行.
NOTIC: [8] Undefined index: id D:\WillProject\thinkPHP\Application\Runtime\Cache\Admin\cc6dee5cc5f336703631d619a16bafab.php 第 79 行.
NOTIC: [8] Undefined index: delete D:\WillProject\thinkPHP\Application\Runtime\Cache\Admin\cc6dee5cc5f336703631d619a16bafab.php 第 79 行.
NOTIC: [8] Undefined index: menu D:\WillProject\thinkPHP\Application\Runtime\Cache\Admin\cc6dee5cc5f336703631d619a16bafab.php 第 79 行.
NOTIC: [8] Undefined index: id D:\WillProject\thinkPHP\Application\Runtime\Cache\Admin\cc6dee5cc5f336703631d619a16bafab.php 第 78 行.
NOTIC: [8] Undefined index: id D:\WillProject\thinkPHP\Application\Runtime\Cache\Admin\cc6dee5cc5f336703631d619a16bafab.php 第 79 行.
NOTIC: [8] Undefined index: delete D:\WillProject\thinkPHP\Application\Runtime\Cache\Admin\cc6dee5cc5f336703631d619a16bafab.php 第 79 行.
NOTIC: [8] Undefined index: menu D:\WillProject\thinkPHP\Application\Runtime\Cache\Admin\cc6dee5cc5f336703631d619a16bafab.php 第 79 行.
NOTIC: [8] Undefined index: id D:\WillProject\thinkPHP\Application\Runtime\Cache\Admin\cc6dee5cc5f336703631d619a16bafab.php 第 78 行.
NOTIC: [8] Undefined index: id D:\WillProject\thinkPHP\Application\Runtime\Cache\Admin\cc6dee5cc5f336703631d619a16bafab.php 第 79 行.
NOTIC: [8] Undefined index: delete D:\WillProject\thinkPHP\Application\Runtime\Cache\Admin\cc6dee5cc5f336703631d619a16bafab.php 第 79 行.
NOTIC: [8] Undefined index: menu D:\WillProject\thinkPHP\Application\Runtime\Cache\Admin\cc6dee5cc5f336703631d619a16bafab.php 第 79 行.
NOTIC: [8] Undefined index: id D:\WillProject\thinkPHP\Application\Runtime\Cache\Admin\cc6dee5cc5f336703631d619a16bafab.php 第 78 行.
NOTIC: [8] Undefined index: id D:\WillProject\thinkPHP\Application\Runtime\Cache\Admin\cc6dee5cc5f336703631d619a16bafab.php 第 79 行.
NOTIC: [8] Undefined index: delete D:\WillProject\thinkPHP\Application\Runtime\Cache\Admin\cc6dee5cc5f336703631d619a16bafab.php 第 79 行.
NOTIC: [8] Undefined index: menu D:\WillProject\thinkPHP\Application\Runtime\Cache\Admin\cc6dee5cc5f336703631d619a16bafab.php 第 79 行.
NOTIC: [8] Undefined index: id D:\WillProject\thinkPHP\Application\Runtime\Cache\Admin\cc6dee5cc5f336703631d619a16bafab.php 第 78 行.
NOTIC: [8] Undefined index: id D:\WillProject\thinkPHP\Application\Runtime\Cache\Admin\cc6dee5cc5f336703631d619a16bafab.php 第 79 行.
NOTIC: [8] Undefined index: delete D:\WillProject\thinkPHP\Application\Runtime\Cache\Admin\cc6dee5cc5f336703631d619a16bafab.php 第 79 行.
NOTIC: [8] Undefined index: menu D:\WillProject\thinkPHP\Application\Runtime\Cache\Admin\cc6dee5cc5f336703631d619a16bafab.php 第 79 行.
INFO: Run Behavior\ParseTemplateBehavior [ RunTime:0.015292s ]
INFO: [ view_parse ] --END-- [ RunTime:0.015385s ]
INFO: [ view_filter ] --START--
INFO: Run Behavior\WriteHtmlCacheBehavior [ RunTime:0.000750s ]
INFO: [ view_filter ] --END-- [ RunTime:0.000811s ]
INFO: [ app_end ] --START--
INFO: Run Behavior\ShowPageTraceBehavior [ RunTime:0.000915s ]
INFO: [ app_end ] --END-- [ RunTime:0.001012s ]

[ 2017-05-11T14:18:41+08:00 ] 127.0.0.1 /index.php/Admin/System/admin_list.html
INFO: [ app_init ] --START--
INFO: Run Behavior\BuildLiteBehavior [ RunTime:0.000025s ]
INFO: [ app_init ] --END-- [ RunTime:0.000854s ]
INFO: [ app_begin ] --START--
INFO: Run Behavior\ReadHtmlCacheBehavior [ RunTime:0.001053s ]
INFO: [ app_begin ] --END-- [ RunTime:0.001190s ]
SQL: SHOW COLUMNS FROM `admin_users` [ RunTime:0.0081s ]
SQL: SELECT * FROM `admin_users`  [ RunTime:0.0008s ]
INFO: [ view_parse ] --START--
INFO: [ template_filter ] --START--
INFO: Run Behavior\ContentReplaceBehavior [ RunTime:0.000067s ]
INFO: [ template_filter ] --END-- [ RunTime:0.000143s ]
NOTIC: [8] Undefined index: delete D:\WillProject\thinkPHP\Application\Runtime\Cache\Admin\20ad540a2aa8b40fd265df5c9fff6957.php 第 76 行.
NOTIC: [8] Undefined index: menu D:\WillProject\thinkPHP\Application\Runtime\Cache\Admin\20ad540a2aa8b40fd265df5c9fff6957.php 第 76 行.
NOTIC: [8] Undefined index: delete D:\WillProject\thinkPHP\Application\Runtime\Cache\Admin\20ad540a2aa8b40fd265df5c9fff6957.php 第 76 行.
NOTIC: [8] Undefined index: menu D:\WillProject\thinkPHP\Application\Runtime\Cache\Admin\20ad540a2aa8b40fd265df5c9fff6957.php 第 76 行.
INFO: Run Behavior\ParseTemplateBehavior [ RunTime:0.012902s ]
INFO: [ view_parse ] --END-- [ RunTime:0.012993s ]
INFO: [ view_filter ] --START--
INFO: Run Behavior\WriteHtmlCacheBehavior [ RunTime:0.000995s ]
INFO: [ view_filter ] --END-- [ RunTime:0.001132s ]
INFO: [ app_end ] --START--
INFO: Run Behavior\ShowPageTraceBehavior [ RunTime:0.001300s ]
INFO: [ app_end ] --END-- [ RunTime:0.001388s ]

[ 2017-05-11T14:18:45+08:00 ] 127.0.0.1 /index.php/Admin/System/index.html
INFO: [ app_init ] --START--
INFO: Run Behavior\BuildLiteBehavior [ RunTime:0.000014s ]
INFO: [ app_init ] --END-- [ RunTime:0.000617s ]
INFO: [ app_begin ] --START--
INFO: Run Behavior\ReadHtmlCacheBehavior [ RunTime:0.000836s ]
INFO: [ app_begin ] --END-- [ RunTime:0.000928s ]
SQL: SHOW COLUMNS FROM `catalogue` [ RunTime:0.0084s ]
SQL: SELECT * FROM `catalogue` ORDER BY id  [ RunTime:0.0004s ]
INFO: [ view_parse ] --START--
INFO: [ template_filter ] --START--
INFO: Run Behavior\ContentReplaceBehavior [ RunTime:0.000055s ]
INFO: [ template_filter ] --END-- [ RunTime:0.000111s ]
INFO: Run Behavior\ParseTemplateBehavior [ RunTime:0.009185s ]
INFO: [ view_parse ] --END-- [ RunTime:0.009258s ]
INFO: [ view_filter ] --START--
INFO: Run Behavior\WriteHtmlCacheBehavior [ RunTime:0.000561s ]
INFO: [ view_filter ] --END-- [ RunTime:0.000610s ]
INFO: [ app_end ] --START--
INFO: Run Behavior\ShowPageTraceBehavior [ RunTime:0.000642s ]
INFO: [ app_end ] --END-- [ RunTime:0.000742s ]

[ 2017-05-11T14:18:46+08:00 ] 127.0.0.1 /index.php/Admin/System/admin_list.html
INFO: [ app_init ] --START--
INFO: Run Behavior\BuildLiteBehavior [ RunTime:0.000019s ]
INFO: [ app_init ] --END-- [ RunTime:0.000677s ]
INFO: [ app_begin ] --START--
INFO: Run Behavior\ReadHtmlCacheBehavior [ RunTime:0.000744s ]
INFO: [ app_begin ] --END-- [ RunTime:0.000824s ]
SQL: SHOW COLUMNS FROM `admin_users` [ RunTime:0.0060s ]
SQL: SELECT * FROM `admin_users`  [ RunTime:0.0005s ]
INFO: [ view_parse ] --START--
INFO: [ template_filter ] --START--
INFO: Run Behavior\ContentReplaceBehavior [ RunTime:0.000064s ]
INFO: [ template_filter ] --END-- [ RunTime:0.000132s ]
NOTIC: [8] Undefined index: delete D:\WillProject\thinkPHP\Application\Runtime\Cache\Admin\20ad540a2aa8b40fd265df5c9fff6957.php 第 76 行.
NOTIC: [8] Undefined index: menu D:\WillProject\thinkPHP\Application\Runtime\Cache\Admin\20ad540a2aa8b40fd265df5c9fff6957.php 第 76 行.
NOTIC: [8] Undefined index: delete D:\WillProject\thinkPHP\Application\Runtime\Cache\Admin\20ad540a2aa8b40fd265df5c9fff6957.php 第 76 行.
NOTIC: [8] Undefined index: menu D:\WillProject\thinkPHP\Application\Runtime\Cache\Admin\20ad540a2aa8b40fd265df5c9fff6957.php 第 76 行.
INFO: Run Behavior\ParseTemplateBehavior [ RunTime:0.009484s ]
INFO: [ view_parse ] --END-- [ RunTime:0.009545s ]
INFO: [ view_filter ] --START--
INFO: Run Behavior\WriteHtmlCacheBehavior [ RunTime:0.000422s ]
INFO: [ view_filter ] --END-- [ RunTime:0.000463s ]
INFO: [ app_end ] --START--
INFO: Run Behavior\ShowPageTraceBehavior [ RunTime:0.000886s ]
INFO: [ app_end ] --END-- [ RunTime:0.000943s ]

[ 2017-05-11T14:18:48+08:00 ] 127.0.0.1 /index.php/Admin/User/users.html
INFO: [ app_init ] --START--
INFO: Run Behavior\BuildLiteBehavior [ RunTime:0.000019s ]
INFO: [ app_init ] --END-- [ RunTime:0.000678s ]
INFO: [ app_begin ] --START--
INFO: Run Behavior\ReadHtmlCacheBehavior [ RunTime:0.000803s ]
INFO: [ app_begin ] --END-- [ RunTime:0.000891s ]
SQL: SHOW COLUMNS FROM `sdb_wxuser` [ RunTime:0.0086s ]
SQL: SELECT * FROM `sdb_wxuser` WHERE ( is_auth != '1' )  [ RunTime:0.0010s ]
INFO: [ view_parse ] --START--
INFO: [ template_filter ] --START--
INFO: Run Behavior\ContentReplaceBehavior [ RunTime:0.000050s ]
INFO: [ template_filter ] --END-- [ RunTime:0.000115s ]
NOTIC: [8] Undefined index: id D:\WillProject\thinkPHP\Application\Runtime\Cache\Admin\cc6dee5cc5f336703631d619a16bafab.php 第 78 行.
NOTIC: [8] Undefined index: id D:\WillProject\thinkPHP\Application\Runtime\Cache\Admin\cc6dee5cc5f336703631d619a16bafab.php 第 79 行.
NOTIC: [8] Undefined index: delete D:\WillProject\thinkPHP\Application\Runtime\Cache\Admin\cc6dee5cc5f336703631d619a16bafab.php 第 79 行.
NOTIC: [8] Undefined index: menu D:\WillProject\thinkPHP\Application\Runtime\Cache\Admin\cc6dee5cc5f336703631d619a16bafab.php 第 79 行.
NOTIC: [8] Undefined index: id D:\WillProject\thinkPHP\Application\Runtime\Cache\Admin\cc6dee5cc5f336703631d619a16bafab.php 第 78 行.
NOTIC: [8] Undefined index: id D:\WillProject\thinkPHP\Application\Runtime\Cache\Admin\cc6dee5cc5f336703631d619a16bafab.php 第 79 行.
NOTIC: [8] Undefined index: delete D:\WillProject\thinkPHP\Application\Runtime\Cache\Admin\cc6dee5cc5f336703631d619a16bafab.php 第 79 行.
NOTIC: [8] Undefined index: menu D:\WillProject\thinkPHP\Application\Runtime\Cache\Admin\cc6dee5cc5f336703631d619a16bafab.php 第 79 行.
NOTIC: [8] Undefined index: id D:\WillProject\thinkPHP\Application\Runtime\Cache\Admin\cc6dee5cc5f336703631d619a16bafab.php 第 78 行.
NOTIC: [8] Undefined index: id D:\WillProject\thinkPHP\Application\Runtime\Cache\Admin\cc6dee5cc5f336703631d619a16bafab.php 第 79 行.
NOTIC: [8] Undefined index: delete D:\WillProject\thinkPHP\Application\Runtime\Cache\Admin\cc6dee5cc5f336703631d619a16bafab.php 第 79 行.
NOTIC: [8] Undefined index: menu D:\WillProject\thinkPHP\Application\Runtime\Cache\Admin\cc6dee5cc5f336703631d619a16bafab.php 第 79 行.
NOTIC: [8] Undefined index: id D:\WillProject\thinkPHP\Application\Runtime\Cache\Admin\cc6dee5cc5f336703631d619a16bafab.php 第 78 行.
NOTIC: [8] Undefined index: id D:\WillProject\thinkPHP\Application\Runtime\Cache\Admin\cc6dee5cc5f336703631d619a16bafab.php 第 79 行.
NOTIC: [8] Undefined index: delete D:\WillProject\thinkPHP\Application\Runtime\Cache\Admin\cc6dee5cc5f336703631d619a16bafab.php 第 79 行.
NOTIC: [8] Undefined index: menu D:\WillProject\thinkPHP\Application\Runtime\Cache\Admin\cc6dee5cc5f336703631d619a16bafab.php 第 79 行.
NOTIC: [8] Undefined index: id D:\WillProject\thinkPHP\Application\Runtime\Cache\Admin\cc6dee5cc5f336703631d619a16bafab.php 第 78 行.
NOTIC: [8] Undefined index: id D:\WillProject\thinkPHP\Application\Runtime\Cache\Admin\cc6dee5cc5f336703631d619a16bafab.php 第 79 行.
NOTIC: [8] Undefined index: delete D:\WillProject\thinkPHP\Application\Runtime\Cache\Admin\cc6dee5cc5f336703631d619a16bafab.php 第 79 行.
NOTIC: [8] Undefined index: menu D:\WillProject\thinkPHP\Application\Runtime\Cache\Admin\cc6dee5cc5f336703631d619a16bafab.php 第 79 行.
NOTIC: [8] Undefined index: id D:\WillProject\thinkPHP\Application\Runtime\Cache\Admin\cc6dee5cc5f336703631d619a16bafab.php 第 78 行.
NOTIC: [8] Undefined index: id D:\WillProject\thinkPHP\Application\Runtime\Cache\Admin\cc6dee5cc5f336703631d619a16bafab.php 第 79 行.
NOTIC: [8] Undefined index: delete D:\WillProject\thinkPHP\Application\Runtime\Cache\Admin\cc6dee5cc5f336703631d619a16bafab.php 第 79 行.
NOTIC: [8] Undefined index: menu D:\WillProject\thinkPHP\Application\Runtime\Cache\Admin\cc6dee5cc5f336703631d619a16bafab.php 第 79 行.
NOTIC: [8] Undefined index: id D:\WillProject\thinkPHP\Application\Runtime\Cache\Admin\cc6dee5cc5f336703631d619a16bafab.php 第 78 行.
NOTIC: [8] Undefined index: id D:\WillProject\thinkPHP\Application\Runtime\Cache\Admin\cc6dee5cc5f336703631d619a16bafab.php 第 79 行.
NOTIC: [8] Undefined index: delete D:\WillProject\thinkPHP\Application\Runtime\Cache\Admin\cc6dee5cc5f336703631d619a16bafab.php 第 79 行.
NOTIC: [8] Undefined index: menu D:\WillProject\thinkPHP\Application\Runtime\Cache\Admin\cc6dee5cc5f336703631d619a16bafab.php 第 79 行.
NOTIC: [8] Undefined index: id D:\WillProject\thinkPHP\Application\Runtime\Cache\Admin\cc6dee5cc5f336703631d619a16bafab.php 第 78 行.
NOTIC: [8] Undefined index: id D:\WillProject\thinkPHP\Application\Runtime\Cache\Admin\cc6dee5cc5f336703631d619a16bafab.php 第 79 行.
NOTIC: [8] Undefined index: delete D:\WillProject\thinkPHP\Application\Runtime\Cache\Admin\cc6dee5cc5f336703631d619a16bafab.php 第 79 行.
NOTIC: [8] Undefined index: menu D:\WillProject\thinkPHP\Application\Runtime\Cache\Admin\cc6dee5cc5f336703631d619a16bafab.php 第 79 行.
NOTIC: [8] Undefined index: id D:\WillProject\thinkPHP\Application\Runtime\Cache\Admin\cc6dee5cc5f336703631d619a16bafab.php 第 78 行.
NOTIC: [8] Undefined index: id D:\WillProject\thinkPHP\Application\Runtime\Cache\Admin\cc6dee5cc5f336703631d619a16bafab.php 第 79 行.
NOTIC: [8] Undefined index: delete D:\WillProject\thinkPHP\Application\Runtime\Cache\Admin\cc6dee5cc5f336703631d619a16bafab.php 第 79 行.
NOTIC: [8] Undefined index: menu D:\WillProject\thinkPHP\Application\Runtime\Cache\Admin\cc6dee5cc5f336703631d619a16bafab.php 第 79 行.
NOTIC: [8] Undefined index: id D:\WillProject\thinkPHP\Application\Runtime\Cache\Admin\cc6dee5cc5f336703631d619a16bafab.php 第 78 行.
NOTIC: [8] Undefined index: id D:\WillProject\thinkPHP\Application\Runtime\Cache\Admin\cc6dee5cc5f336703631d619a16bafab.php 第 79 行.
NOTIC: [8] Undefined index: delete D:\WillProject\thinkPHP\Application\Runtime\Cache\Admin\cc6dee5cc5f336703631d619a16bafab.php 第 79 行.
NOTIC: [8] Undefined index: menu D:\WillProject\thinkPHP\Application\Runtime\Cache\Admin\cc6dee5cc5f336703631d619a16bafab.php 第 79 行.
NOTIC: [8] Undefined index: id D:\WillProject\thinkPHP\Application\Runtime\Cache\Admin\cc6dee5cc5f336703631d619a16bafab.php 第 78 行.
NOTIC: [8] Undefined index: id D:\WillProject\thinkPHP\Application\Runtime\Cache\Admin\cc6dee5cc5f336703631d619a16bafab.php 第 79 行.
NOTIC: [8] Undefined index: delete D:\WillProject\thinkPHP\Application\Runtime\Cache\Admin\cc6dee5cc5f336703631d619a16bafab.php 第 79 行.
NOTIC: [8] Undefined index: menu D:\WillProject\thinkPHP\Application\Runtime\Cache\Admin\cc6dee5cc5f336703631d619a16bafab.php 第 79 行.
NOTIC: [8] Undefined index: id D:\WillProject\thinkPHP\Application\Runtime\Cache\Admin\cc6dee5cc5f336703631d619a16bafab.php 第 78 行.
NOTIC: [8] Undefined index: id D:\WillProject\thinkPHP\Application\Runtime\Cache\Admin\cc6dee5cc5f336703631d619a16bafab.php 第 79 行.
NOTIC: [8] Undefined index: delete D:\WillProject\thinkPHP\Application\Runtime\Cache\Admin\cc6dee5cc5f336703631d619a16bafab.php 第 79 行.
NOTIC: [8] Undefined index: menu D:\WillProject\thinkPHP\Application\Runtime\Cache\Admin\cc6dee5cc5f336703631d619a16bafab.php 第 79 行.
NOTIC: [8] Undefined index: id D:\WillProject\thinkPHP\Application\Runtime\Cache\Admin\cc6dee5cc5f336703631d619a16bafab.php 第 78 行.
NOTIC: [8] Undefined index: id D:\WillProject\thinkPHP\Application\Runtime\Cache\Admin\cc6dee5cc5f336703631d619a16bafab.php 第 79 行.
NOTIC: [8] Undefined index: delete D:\WillProject\thinkPHP\Application\Runtime\Cache\Admin\cc6dee5cc5f336703631d619a16bafab.php 第 79 行.
NOTIC: [8] Undefined index: menu D:\WillProject\thinkPHP\Application\Runtime\Cache\Admin\cc6dee5cc5f336703631d619a16bafab.php 第 79 行.
NOTIC: [8] Undefined index: id D:\WillProject\thinkPHP\Application\Runtime\Cache\Admin\cc6dee5cc5f336703631d619a16bafab.php 第 78 行.
NOTIC: [8] Undefined index: id D:\WillProject\thinkPHP\Application\Runtime\Cache\Admin\cc6dee5cc5f336703631d619a16bafab.php 第 79 行.
NOTIC: [8] Undefined index: delete D:\WillProject\thinkPHP\Application\Runtime\Cache\Admin\cc6dee5cc5f336703631d619a16bafab.php 第 79 行.
NOTIC: [8] Undefined index: menu D:\WillProject\thinkPHP\Application\Runtime\Cache\Admin\cc6dee5cc5f336703631d619a16bafab.php 第 79 行.
NOTIC: [8] Undefined index: id D:\WillProject\thinkPHP\Application\Runtime\Cache\Admin\cc6dee5cc5f336703631d619a16bafab.php 第 78 行.
NOTIC: [8] Undefined index: id D:\WillProject\thinkPHP\Application\Runtime\Cache\Admin\cc6dee5cc5f336703631d619a16bafab.php 第 79 行.
NOTIC: [8] Undefined index: delete D:\WillProject\thinkPHP\Application\Runtime\Cache\Admin\cc6dee5cc5f336703631d619a16bafab.php 第 79 行.
NOTIC: [8] Undefined index: menu D:\WillProject\thinkPHP\Application\Runtime\Cache\Admin\cc6dee5cc5f336703631d619a16bafab.php 第 79 行.
NOTIC: [8] Undefined index: id D:\WillProject\thinkPHP\Application\Runtime\Cache\Admin\cc6dee5cc5f336703631d619a16bafab.php 第 78 行.
NOTIC: [8] Undefined index: id D:\WillProject\thinkPHP\Application\Runtime\Cache\Admin\cc6dee5cc5f336703631d619a16bafab.php 第 79 行.
NOTIC: [8] Undefined index: delete D:\WillProject\thinkPHP\Application\Runtime\Cache\Admin\cc6dee5cc5f336703631d619a16bafab.php 第 79 行.
NOTIC: [8] Undefined index: menu D:\WillProject\thinkPHP\Application\Runtime\Cache\Admin\cc6dee5cc5f336703631d619a16bafab.php 第 79 行.
NOTIC: [8] Undefined index: id D:\WillProject\thinkPHP\Application\Runtime\Cache\Admin\cc6dee5cc5f336703631d619a16bafab.php 第 78 行.
NOTIC: [8] Undefined index: id D:\WillProject\thinkPHP\Application\Runtime\Cache\Admin\cc6dee5cc5f336703631d619a16bafab.php 第 79 行.
NOTIC: [8] Undefined index: delete D:\WillProject\thinkPHP\Application\Runtime\Cache\Admin\cc6dee5cc5f336703631d619a16bafab.php 第 79 行.
NOTIC: [8] Undefined index: menu D:\WillProject\thinkPHP\Application\Runtime\Cache\Admin\cc6dee5cc5f336703631d619a16bafab.php 第 79 行.
NOTIC: [8] Undefined index: id D:\WillProject\thinkPHP\Application\Runtime\Cache\Admin\cc6dee5cc5f336703631d619a16bafab.php 第 78 行.
NOTIC: [8] Undefined index: id D:\WillProject\thinkPHP\Application\Runtime\Cache\Admin\cc6dee5cc5f336703631d619a16bafab.php 第 79 行.
NOTIC: [8] Undefined index: delete D:\WillProject\thinkPHP\Application\Runtime\Cache\Admin\cc6dee5cc5f336703631d619a16bafab.php 第 79 行.
NOTIC: [8] Undefined index: menu D:\WillProject\thinkPHP\Application\Runtime\Cache\Admin\cc6dee5cc5f336703631d619a16bafab.php 第 79 行.
NOTIC: [8] Undefined index: id D:\WillProject\thinkPHP\Application\Runtime\Cache\Admin\cc6dee5cc5f336703631d619a16bafab.php 第 78 行.
NOTIC: [8] Undefined index: id D:\WillProject\thinkPHP\Application\Runtime\Cache\Admin\cc6dee5cc5f336703631d619a16bafab.php 第 79 行.
NOTIC: [8] Undefined index: delete D:\WillProject\thinkPHP\Application\Runtime\Cache\Admin\cc6dee5cc5f336703631d619a16bafab.php 第 79 行.
NOTIC: [8] Undefined index: menu D:\WillProject\thinkPHP\Application\Runtime\Cache\Admin\cc6dee5cc5f336703631d619a16bafab.php 第 79 行.
NOTIC: [8] Undefined index: id D:\WillProject\thinkPHP\Application\Runtime\Cache\Admin\cc6dee5cc5f336703631d619a16bafab.php 第 78 行.
NOTIC: [8] Undefined index: id D:\WillProject\thinkPHP\Application\Runtime\Cache\Admin\cc6dee5cc5f336703631d619a16bafab.php 第 79 行.
NOTIC: [8] Undefined index: delete D:\WillProject\thinkPHP\Application\Runtime\Cache\Admin\cc6dee5cc5f336703631d619a16bafab.php 第 79 行.
NOTIC: [8] Undefined index: menu D:\WillProject\thinkPHP\Application\Runtime\Cache\Admin\cc6dee5cc5f336703631d619a16bafab.php 第 79 行.
NOTIC: [8] Undefined index: id D:\WillProject\thinkPHP\Application\Runtime\Cache\Admin\cc6dee5cc5f336703631d619a16bafab.php 第 78 行.
NOTIC: [8] Undefined index: id D:\WillProject\thinkPHP\Application\Runtime\Cache\Admin\cc6dee5cc5f336703631d619a16bafab.php 第 79 行.
NOTIC: [8] Undefined index: delete D:\WillProject\thinkPHP\Application\Runtime\Cache\Admin\cc6dee5cc5f336703631d619a16bafab.php 第 79 行.
NOTIC: [8] Undefined index: menu D:\WillProject\thinkPHP\Application\Runtime\Cache\Admin\cc6dee5cc5f336703631d619a16bafab.php 第 79 行.
NOTIC: [8] Undefined index: id D:\WillProject\thinkPHP\Application\Runtime\Cache\Admin\cc6dee5cc5f336703631d619a16bafab.php 第 78 行.
NOTIC: [8] Undefined index: id D:\WillProject\thinkPHP\Application\Runtime\Cache\Admin\cc6dee5cc5f336703631d619a16bafab.php 第 79 行.
NOTIC: [8] Undefined index: delete D:\WillProject\thinkPHP\Application\Runtime\Cache\Admin\cc6dee5cc5f336703631d619a16bafab.php 第 79 行.
NOTIC: [8] Undefined index: menu D:\WillProject\thinkPHP\Application\Runtime\Cache\Admin\cc6dee5cc5f336703631d619a16bafab.php 第 79 行.
NOTIC: [8] Undefined index: id D:\WillProject\thinkPHP\Application\Runtime\Cache\Admin\cc6dee5cc5f336703631d619a16bafab.php 第 78 行.
NOTIC: [8] Undefined index: id D:\WillProject\thinkPHP\Application\Runtime\Cache\Admin\cc6dee5cc5f336703631d619a16bafab.php 第 79 行.
NOTIC: [8] Undefined index: delete D:\WillProject\thinkPHP\Application\Runtime\Cache\Admin\cc6dee5cc5f336703631d619a16bafab.php 第 79 行.
NOTIC: [8] Undefined index: menu D:\WillProject\thinkPHP\Application\Runtime\Cache\Admin\cc6dee5cc5f336703631d619a16bafab.php 第 79 行.
NOTIC: [8] Undefined index: id D:\WillProject\thinkPHP\Application\Runtime\Cache\Admin\cc6dee5cc5f336703631d619a16bafab.php 第 78 行.
NOTIC: [8] Undefined index: id D:\WillProject\thinkPHP\Application\Runtime\Cache\Admin\cc6dee5cc5f336703631d619a16bafab.php 第 79 行.
NOTIC: [8] Undefined index: delete D:\WillProject\thinkPHP\Application\Runtime\Cache\Admin\cc6dee5cc5f336703631d619a16bafab.php 第 79 行.
NOTIC: [8] Undefined index: menu D:\WillProject\thinkPHP\Application\Runtime\Cache\Admin\cc6dee5cc5f336703631d619a16bafab.php 第 79 行.
NOTIC: [8] Undefined index: id D:\WillProject\thinkPHP\Application\Runtime\Cache\Admin\cc6dee5cc5f336703631d619a16bafab.php 第 78 行.
NOTIC: [8] Undefined index: id D:\WillProject\thinkPHP\Application\Runtime\Cache\Admin\cc6dee5cc5f336703631d619a16bafab.php 第 79 行.
NOTIC: [8] Undefined index: delete D:\WillProject\thinkPHP\Application\Runtime\Cache\Admin\cc6dee5cc5f336703631d619a16bafab.php 第 79 行.
NOTIC: [8] Undefined index: menu D:\WillProject\thinkPHP\Application\Runtime\Cache\Admin\cc6dee5cc5f336703631d619a16bafab.php 第 79 行.
NOTIC: [8] Undefined index: id D:\WillProject\thinkPHP\Application\Runtime\Cache\Admin\cc6dee5cc5f336703631d619a16bafab.php 第 78 行.
NOTIC: [8] Undefined index: id D:\WillProject\thinkPHP\Application\Runtime\Cache\Admin\cc6dee5cc5f336703631d619a16bafab.php 第 79 行.
NOTIC: [8] Undefined index: delete D:\WillProject\thinkPHP\Application\Runtime\Cache\Admin\cc6dee5cc5f336703631d619a16bafab.php 第 79 行.
NOTIC: [8] Undefined index: menu D:\WillProject\thinkPHP\Application\Runtime\Cache\Admin\cc6dee5cc5f336703631d619a16bafab.php 第 79 行.
NOTIC: [8] Undefined index: id D:\WillProject\thinkPHP\Application\Runtime\Cache\Admin\cc6dee5cc5f336703631d619a16bafab.php 第 78 行.
NOTIC: [8] Undefined index: id D:\WillProject\thinkPHP\Application\Runtime\Cache\Admin\cc6dee5cc5f336703631d619a16bafab.php 第 79 行.
NOTIC: [8] Undefined index: delete D:\WillProject\thinkPHP\Application\Runtime\Cache\Admin\cc6dee5cc5f336703631d619a16bafab.php 第 79 行.
NOTIC: [8] Undefined index: menu D:\WillProject\thinkPHP\Application\Runtime\Cache\Admin\cc6dee5cc5f336703631d619a16bafab.php 第 79 行.
NOTIC: [8] Undefined index: id D:\WillProject\thinkPHP\Application\Runtime\Cache\Admin\cc6dee5cc5f336703631d619a16bafab.php 第 78 行.
NOTIC: [8] Undefined index: id D:\WillProject\thinkPHP\Application\Runtime\Cache\Admin\cc6dee5cc5f336703631d619a16bafab.php 第 79 行.
NOTIC: [8] Undefined index: delete D:\WillProject\thinkPHP\Application\Runtime\Cache\Admin\cc6dee5cc5f336703631d619a16bafab.php 第 79 行.
NOTIC: [8] Undefined index: menu D:\WillProject\thinkPHP\Application\Runtime\Cache\Admin\cc6dee5cc5f336703631d619a16bafab.php 第 79 行.
NOTIC: [8] Undefined index: id D:\WillProject\thinkPHP\Application\Runtime\Cache\Admin\cc6dee5cc5f336703631d619a16bafab.php 第 78 行.
NOTIC: [8] Undefined index: id D:\WillProject\thinkPHP\Application\Runtime\Cache\Admin\cc6dee5cc5f336703631d619a16bafab.php 第 79 行.
NOTIC: [8] Undefined index: delete D:\WillProject\thinkPHP\Application\Runtime\Cache\Admin\cc6dee5cc5f336703631d619a16bafab.php 第 79 行.
NOTIC: [8] Undefined index: menu D:\WillProject\thinkPHP\Application\Runtime\Cache\Admin\cc6dee5cc5f336703631d619a16bafab.php 第 79 行.
INFO: Run Behavior\ParseTemplateBehavior [ RunTime:0.013106s ]
INFO: [ view_parse ] --END-- [ RunTime:0.013181s ]
INFO: [ view_filter ] --START--
INFO: Run Behavior\WriteHtmlCacheBehavior [ RunTime:0.000580s ]
INFO: [ view_filter ] --END-- [ RunTime:0.000632s ]
INFO: [ app_end ] --START--
INFO: Run Behavior\ShowPageTraceBehavior [ RunTime:0.000846s ]
INFO: [ app_end ] --END-- [ RunTime:0.000959s ]

[ 2017-05-11T14:18:55+08:00 ] 127.0.0.1 /index.php/Admin/System/admin_list.html
INFO: [ app_init ] --START--
INFO: Run Behavior\BuildLiteBehavior [ RunTime:0.000020s ]
INFO: [ app_init ] --END-- [ RunTime:0.000762s ]
INFO: [ app_begin ] --START--
INFO: Run Behavior\ReadHtmlCacheBehavior [ RunTime:0.000838s ]
INFO: [ app_begin ] --END-- [ RunTime:0.000925s ]
SQL: SHOW COLUMNS FROM `admin_users` [ RunTime:0.0066s ]
SQL: SELECT * FROM `admin_users`  [ RunTime:0.0005s ]
INFO: [ view_parse ] --START--
INFO: [ template_filter ] --START--
INFO: Run Behavior\ContentReplaceBehavior [ RunTime:0.000054s ]
INFO: [ template_filter ] --END-- [ RunTime:0.000116s ]
NOTIC: [8] Undefined index: delete D:\WillProject\thinkPHP\Application\Runtime\Cache\Admin\20ad540a2aa8b40fd265df5c9fff6957.php 第 76 行.
NOTIC: [8] Undefined index: menu D:\WillProject\thinkPHP\Application\Runtime\Cache\Admin\20ad540a2aa8b40fd265df5c9fff6957.php 第 76 行.
NOTIC: [8] Undefined index: delete D:\WillProject\thinkPHP\Application\Runtime\Cache\Admin\20ad540a2aa8b40fd265df5c9fff6957.php 第 76 行.
NOTIC: [8] Undefined index: menu D:\WillProject\thinkPHP\Application\Runtime\Cache\Admin\20ad540a2aa8b40fd265df5c9fff6957.php 第 76 行.
INFO: Run Behavior\ParseTemplateBehavior [ RunTime:0.012272s ]
INFO: [ view_parse ] --END-- [ RunTime:0.012363s ]
INFO: [ view_filter ] --START--
INFO: Run Behavior\WriteHtmlCacheBehavior [ RunTime:0.001140s ]
INFO: [ view_filter ] --END-- [ RunTime:0.001208s ]
INFO: [ app_end ] --START--
INFO: Run Behavior\ShowPageTraceBehavior [ RunTime:0.000924s ]
INFO: [ app_end ] --END-- [ RunTime:0.001001s ]

[ 2017-05-11T14:18:56+08:00 ] 127.0.0.1 /index.php/Admin/System/index.html
INFO: [ app_init ] --START--
INFO: Run Behavior\BuildLiteBehavior [ RunTime:0.000021s ]
INFO: [ app_init ] --END-- [ RunTime:0.000650s ]
INFO: [ app_begin ] --START--
INFO: Run Behavior\ReadHtmlCacheBehavior [ RunTime:0.000792s ]
INFO: [ app_begin ] --END-- [ RunTime:0.000873s ]
SQL: SHOW COLUMNS FROM `catalogue` [ RunTime:0.0083s ]
SQL: SELECT * FROM `catalogue` ORDER BY id  [ RunTime:0.0005s ]
INFO: [ view_parse ] --START--
INFO: [ template_filter ] --START--
INFO: Run Behavior\ContentReplaceBehavior [ RunTime:0.000047s ]
INFO: [ template_filter ] --END-- [ RunTime:0.000096s ]
INFO: Run Behavior\ParseTemplateBehavior [ RunTime:0.010768s ]
INFO: [ view_parse ] --END-- [ RunTime:0.010859s ]
INFO: [ view_filter ] --START--
INFO: Run Behavior\WriteHtmlCacheBehavior [ RunTime:0.000647s ]
INFO: [ view_filter ] --END-- [ RunTime:0.000707s ]
INFO: [ app_end ] --START--
INFO: Run Behavior\ShowPageTraceBehavior [ RunTime:0.000703s ]
INFO: [ app_end ] --END-- [ RunTime:0.000747s ]

[ 2017-05-11T14:18:58+08:00 ] 127.0.0.1 /index.php/Admin/User/users.html
INFO: [ app_init ] --START--
INFO: Run Behavior\BuildLiteBehavior [ RunTime:0.000019s ]
INFO: [ app_init ] --END-- [ RunTime:0.000596s ]
INFO: [ app_begin ] --START--
INFO: Run Behavior\ReadHtmlCacheBehavior [ RunTime:0.000786s ]
INFO: [ app_begin ] --END-- [ RunTime:0.000867s ]
SQL: SHOW COLUMNS FROM `sdb_wxuser` [ RunTime:0.0065s ]
SQL: SELECT * FROM `sdb_wxuser` WHERE ( is_auth != '1' )  [ RunTime:0.0007s ]
INFO: [ view_parse ] --START--
INFO: [ template_filter ] --START--
INFO: Run Behavior\ContentReplaceBehavior [ RunTime:0.000075s ]
INFO: [ template_filter ] --END-- [ RunTime:0.000200s ]
NOTIC: [8] Undefined index: id D:\WillProject\thinkPHP\Application\Runtime\Cache\Admin\cc6dee5cc5f336703631d619a16bafab.php 第 78 行.
NOTIC: [8] Undefined index: id D:\WillProject\thinkPHP\Application\Runtime\Cache\Admin\cc6dee5cc5f336703631d619a16bafab.php 第 79 行.
NOTIC: [8] Undefined index: delete D:\WillProject\thinkPHP\Application\Runtime\Cache\Admin\cc6dee5cc5f336703631d619a16bafab.php 第 79 行.
NOTIC: [8] Undefined index: menu D:\WillProject\thinkPHP\Application\Runtime\Cache\Admin\cc6dee5cc5f336703631d619a16bafab.php 第 79 行.
NOTIC: [8] Undefined index: id D:\WillProject\thinkPHP\Application\Runtime\Cache\Admin\cc6dee5cc5f336703631d619a16bafab.php 第 78 行.
NOTIC: [8] Undefined index: id D:\WillProject\thinkPHP\Application\Runtime\Cache\Admin\cc6dee5cc5f336703631d619a16bafab.php 第 79 行.
NOTIC: [8] Undefined index: delete D:\WillProject\thinkPHP\Application\Runtime\Cache\Admin\cc6dee5cc5f336703631d619a16bafab.php 第 79 行.
NOTIC: [8] Undefined index: menu D:\WillProject\thinkPHP\Application\Runtime\Cache\Admin\cc6dee5cc5f336703631d619a16bafab.php 第 79 行.
NOTIC: [8] Undefined index: id D:\WillProject\thinkPHP\Application\Runtime\Cache\Admin\cc6dee5cc5f336703631d619a16bafab.php 第 78 行.
NOTIC: [8] Undefined index: id D:\WillProject\thinkPHP\Application\Runtime\Cache\Admin\cc6dee5cc5f336703631d619a16bafab.php 第 79 行.
NOTIC: [8] Undefined index: delete D:\WillProject\thinkPHP\Application\Runtime\Cache\Admin\cc6dee5cc5f336703631d619a16bafab.php 第 79 行.
NOTIC: [8] Undefined index: menu D:\WillProject\thinkPHP\Application\Runtime\Cache\Admin\cc6dee5cc5f336703631d619a16bafab.php 第 79 行.
NOTIC: [8] Undefined index: id D:\WillProject\thinkPHP\Application\Runtime\Cache\Admin\cc6dee5cc5f336703631d619a16bafab.php 第 78 行.
NOTIC: [8] Undefined index: id D:\WillProject\thinkPHP\Application\Runtime\Cache\Admin\cc6dee5cc5f336703631d619a16bafab.php 第 79 行.
NOTIC: [8] Undefined index: delete D:\WillProject\thinkPHP\Application\Runtime\Cache\Admin\cc6dee5cc5f336703631d619a16bafab.php 第 79 行.
NOTIC: [8] Undefined index: menu D:\WillProject\thinkPHP\Application\Runtime\Cache\Admin\cc6dee5cc5f336703631d619a16bafab.php 第 79 行.
NOTIC: [8] Undefined index: id D:\WillProject\thinkPHP\Application\Runtime\Cache\Admin\cc6dee5cc5f336703631d619a16bafab.php 第 78 行.
NOTIC: [8] Undefined index: id D:\WillProject\thinkPHP\Application\Runtime\Cache\Admin\cc6dee5cc5f336703631d619a16bafab.php 第 79 行.
NOTIC: [8] Undefined index: delete D:\WillProject\thinkPHP\Application\Runtime\Cache\Admin\cc6dee5cc5f336703631d619a16bafab.php 第 79 行.
NOTIC: [8] Undefined index: menu D:\WillProject\thinkPHP\Application\Runtime\Cache\Admin\cc6dee5cc5f336703631d619a16bafab.php 第 79 行.
NOTIC: [8] Undefined index: id D:\WillProject\thinkPHP\Application\Runtime\Cache\Admin\cc6dee5cc5f336703631d619a16bafab.php 第 78 行.
NOTIC: [8] Undefined index: id D:\WillProject\thinkPHP\Application\Runtime\Cache\Admin\cc6dee5cc5f336703631d619a16bafab.php 第 79 行.
NOTIC: [8] Undefined index: delete D:\WillProject\thinkPHP\Application\Runtime\Cache\Admin\cc6dee5cc5f336703631d619a16bafab.php 第 79 行.
NOTIC: [8] Undefined index: menu D:\WillProject\thinkPHP\Application\Runtime\Cache\Admin\cc6dee5cc5f336703631d619a16bafab.php 第 79 行.
NOTIC: [8] Undefined index: id D:\WillProject\thinkPHP\Application\Runtime\Cache\Admin\cc6dee5cc5f336703631d619a16bafab.php 第 78 行.
NOTIC: [8] Undefined index: id D:\WillProject\thinkPHP\Application\Runtime\Cache\Admin\cc6dee5cc5f336703631d619a16bafab.php 第 79 行.
NOTIC: [8] Undefined index: delete D:\WillProject\thinkPHP\Application\Runtime\Cache\Admin\cc6dee5cc5f336703631d619a16bafab.php 第 79 行.
NOTIC: [8] Undefined index: menu D:\WillProject\thinkPHP\Application\Runtime\Cache\Admin\cc6dee5cc5f336703631d619a16bafab.php 第 79 行.
NOTIC: [8] Undefined index: id D:\WillProject\thinkPHP\Application\Runtime\Cache\Admin\cc6dee5cc5f336703631d619a16bafab.php 第 78 行.
NOTIC: [8] Undefined index: id D:\WillProject\thinkPHP\Application\Runtime\Cache\Admin\cc6dee5cc5f336703631d619a16bafab.php 第 79 行.
NOTIC: [8] Undefined index: delete D:\WillProject\thinkPHP\Application\Runtime\Cache\Admin\cc6dee5cc5f336703631d619a16bafab.php 第 79 行.
NOTIC: [8] Undefined index: menu D:\WillProject\thinkPHP\Application\Runtime\Cache\Admin\cc6dee5cc5f336703631d619a16bafab.php 第 79 行.
NOTIC: [8] Undefined index: id D:\WillProject\thinkPHP\Application\Runtime\Cache\Admin\cc6dee5cc5f336703631d619a16bafab.php 第 78 行.
NOTIC: [8] Undefined index: id D:\WillProject\thinkPHP\Application\Runtime\Cache\Admin\cc6dee5cc5f336703631d619a16bafab.php 第 79 行.
NOTIC: [8] Undefined index: delete D:\WillProject\thinkPHP\Application\Runtime\Cache\Admin\cc6dee5cc5f336703631d619a16bafab.php 第 79 行.
NOTIC: [8] Undefined index: menu D:\WillProject\thinkPHP\Application\Runtime\Cache\Admin\cc6dee5cc5f336703631d619a16bafab.php 第 79 行.
NOTIC: [8] Undefined index: id D:\WillProject\thinkPHP\Application\Runtime\Cache\Admin\cc6dee5cc5f336703631d619a16bafab.php 第 78 行.
NOTIC: [8] Undefined index: id D:\WillProject\thinkPHP\Application\Runtime\Cache\Admin\cc6dee5cc5f336703631d619a16bafab.php 第 79 行.
NOTIC: [8] Undefined index: delete D:\WillProject\thinkPHP\Application\Runtime\Cache\Admin\cc6dee5cc5f336703631d619a16bafab.php 第 79 行.
NOTIC: [8] Undefined index: menu D:\WillProject\thinkPHP\Application\Runtime\Cache\Admin\cc6dee5cc5f336703631d619a16bafab.php 第 79 行.
NOTIC: [8] Undefined index: id D:\WillProject\thinkPHP\Application\Runtime\Cache\Admin\cc6dee5cc5f336703631d619a16bafab.php 第 78 行.
NOTIC: [8] Undefined index: id D:\WillProject\thinkPHP\Application\Runtime\Cache\Admin\cc6dee5cc5f336703631d619a16bafab.php 第 79 行.
NOTIC: [8] Undefined index: delete D:\WillProject\thinkPHP\Application\Runtime\Cache\Admin\cc6dee5cc5f336703631d619a16bafab.php 第 79 行.
NOTIC: [8] Undefined index: menu D:\WillProject\thinkPHP\Application\Runtime\Cache\Admin\cc6dee5cc5f336703631d619a16bafab.php 第 79 行.
NOTIC: [8] Undefined index: id D:\WillProject\thinkPHP\Application\Runtime\Cache\Admin\cc6dee5cc5f336703631d619a16bafab.php 第 78 行.
NOTIC: [8] Undefined index: id D:\WillProject\thinkPHP\Application\Runtime\Cache\Admin\cc6dee5cc5f336703631d619a16bafab.php 第 79 行.
NOTIC: [8] Undefined index: delete D:\WillProject\thinkPHP\Application\Runtime\Cache\Admin\cc6dee5cc5f336703631d619a16bafab.php 第 79 行.
NOTIC: [8] Undefined index: menu D:\WillProject\thinkPHP\Application\Runtime\Cache\Admin\cc6dee5cc5f336703631d619a16bafab.php 第 79 行.
NOTIC: [8] Undefined index: id D:\WillProject\thinkPHP\Application\Runtime\Cache\Admin\cc6dee5cc5f336703631d619a16bafab.php 第 78 行.
NOTIC: [8] Undefined index: id D:\WillProject\thinkPHP\Application\Runtime\Cache\Admin\cc6dee5cc5f336703631d619a16bafab.php 第 79 行.
NOTIC: [8] Undefined index: delete D:\WillProject\thinkPHP\Application\Runtime\Cache\Admin\cc6dee5cc5f336703631d619a16bafab.php 第 79 行.
NOTIC: [8] Undefined index: menu D:\WillProject\thinkPHP\Application\Runtime\Cache\Admin\cc6dee5cc5f336703631d619a16bafab.php 第 79 行.
NOTIC: [8] Undefined index: id D:\WillProject\thinkPHP\Application\Runtime\Cache\Admin\cc6dee5cc5f336703631d619a16bafab.php 第 78 行.
NOTIC: [8] Undefined index: id D:\WillProject\thinkPHP\Application\Runtime\Cache\Admin\cc6dee5cc5f336703631d619a16bafab.php 第 79 行.
NOTIC: [8] Undefined index: delete D:\WillProject\thinkPHP\Application\Runtime\Cache\Admin\cc6dee5cc5f336703631d619a16bafab.php 第 79 行.
NOTIC: [8] Undefined index: menu D:\WillProject\thinkPHP\Application\Runtime\Cache\Admin\cc6dee5cc5f336703631d619a16bafab.php 第 79 行.
NOTIC: [8] Undefined index: id D:\WillProject\thinkPHP\Application\Runtime\Cache\Admin\cc6dee5cc5f336703631d619a16bafab.php 第 78 行.
NOTIC: [8] Undefined index: id D:\WillProject\thinkPHP\Application\Runtime\Cache\Admin\cc6dee5cc5f336703631d619a16bafab.php 第 79 行.
NOTIC: [8] Undefined index: delete D:\WillProject\thinkPHP\Application\Runtime\Cache\Admin\cc6dee5cc5f336703631d619a16bafab.php 第 79 行.
NOTIC: [8] Undefined index: menu D:\WillProject\thinkPHP\Application\Runtime\Cache\Admin\cc6dee5cc5f336703631d619a16bafab.php 第 79 行.
NOTIC: [8] Undefined index: id D:\WillProject\thinkPHP\Application\Runtime\Cache\Admin\cc6dee5cc5f336703631d619a16bafab.php 第 78 行.
NOTIC: [8] Undefined index: id D:\WillProject\thinkPHP\Application\Runtime\Cache\Admin\cc6dee5cc5f336703631d619a16bafab.php 第 79 行.
NOTIC: [8] Undefined index: delete D:\WillProject\thinkPHP\Application\Runtime\Cache\Admin\cc6dee5cc5f336703631d619a16bafab.php 第 79 行.
NOTIC: [8] Undefined index: menu D:\WillProject\thinkPHP\Application\Runtime\Cache\Admin\cc6dee5cc5f336703631d619a16bafab.php 第 79 行.
NOTIC: [8] Undefined index: id D:\WillProject\thinkPHP\Application\Runtime\Cache\Admin\cc6dee5cc5f336703631d619a16bafab.php 第 78 行.
NOTIC: [8] Undefined index: id D:\WillProject\thinkPHP\Application\Runtime\Cache\Admin\cc6dee5cc5f336703631d619a16bafab.php 第 79 行.
NOTIC: [8] Undefined index: delete D:\WillProject\thinkPHP\Application\Runtime\Cache\Admin\cc6dee5cc5f336703631d619a16bafab.php 第 79 行.
NOTIC: [8] Undefined index: menu D:\WillProject\thinkPHP\Application\Runtime\Cache\Admin\cc6dee5cc5f336703631d619a16bafab.php 第 79 行.
NOTIC: [8] Undefined index: id D:\WillProject\thinkPHP\Application\Runtime\Cache\Admin\cc6dee5cc5f336703631d619a16bafab.php 第 78 行.
NOTIC: [8] Undefined index: id D:\WillProject\thinkPHP\Application\Runtime\Cache\Admin\cc6dee5cc5f336703631d619a16bafab.php 第 79 行.
NOTIC: [8] Undefined index: delete D:\WillProject\thinkPHP\Application\Runtime\Cache\Admin\cc6dee5cc5f336703631d619a16bafab.php 第 79 行.
NOTIC: [8] Undefined index: menu D:\WillProject\thinkPHP\Application\Runtime\Cache\Admin\cc6dee5cc5f336703631d619a16bafab.php 第 79 行.
NOTIC: [8] Undefined index: id D:\WillProject\thinkPHP\Application\Runtime\Cache\Admin\cc6dee5cc5f336703631d619a16bafab.php 第 78 行.
NOTIC: [8] Undefined index: id D:\WillProject\thinkPHP\Application\Runtime\Cache\Admin\cc6dee5cc5f336703631d619a16bafab.php 第 79 行.
NOTIC: [8] Undefined index: delete D:\WillProject\thinkPHP\Application\Runtime\Cache\Admin\cc6dee5cc5f336703631d619a16bafab.php 第 79 行.
NOTIC: [8] Undefined index: menu D:\WillProject\thinkPHP\Application\Runtime\Cache\Admin\cc6dee5cc5f336703631d619a16bafab.php 第 79 行.
NOTIC: [8] Undefined index: id D:\WillProject\thinkPHP\Application\Runtime\Cache\Admin\cc6dee5cc5f336703631d619a16bafab.php 第 78 行.
NOTIC: [8] Undefined index: id D:\WillProject\thinkPHP\Application\Runtime\Cache\Admin\cc6dee5cc5f336703631d619a16bafab.php 第 79 行.
NOTIC: [8] Undefined index: delete D:\WillProject\thinkPHP\Application\Runtime\Cache\Admin\cc6dee5cc5f336703631d619a16bafab.php 第 79 行.
NOTIC: [8] Undefined index: menu D:\WillProject\thinkPHP\Application\Runtime\Cache\Admin\cc6dee5cc5f336703631d619a16bafab.php 第 79 行.
NOTIC: [8] Undefined index: id D:\WillProject\thinkPHP\Application\Runtime\Cache\Admin\cc6dee5cc5f336703631d619a16bafab.php 第 78 行.
NOTIC: [8] Undefined index: id D:\WillProject\thinkPHP\Application\Runtime\Cache\Admin\cc6dee5cc5f336703631d619a16bafab.php 第 79 行.
NOTIC: [8] Undefined index: delete D:\WillProject\thinkPHP\Application\Runtime\Cache\Admin\cc6dee5cc5f336703631d619a16bafab.php 第 79 行.
NOTIC: [8] Undefined index: menu D:\WillProject\thinkPHP\Application\Runtime\Cache\Admin\cc6dee5cc5f336703631d619a16bafab.php 第 79 行.
NOTIC: [8] Undefined index: id D:\WillProject\thinkPHP\Application\Runtime\Cache\Admin\cc6dee5cc5f336703631d619a16bafab.php 第 78 行.
NOTIC: [8] Undefined index: id D:\WillProject\thinkPHP\Application\Runtime\Cache\Admin\cc6dee5cc5f336703631d619a16bafab.php 第 79 行.
NOTIC: [8] Undefined index: delete D:\WillProject\thinkPHP\Application\Runtime\Cache\Admin\cc6dee5cc5f336703631d619a16bafab.php 第 79 行.
NOTIC: [8] Undefined index: menu D:\WillProject\thinkPHP\Application\Runtime\Cache\Admin\cc6dee5cc5f336703631d619a16bafab.php 第 79 行.
NOTIC: [8] Undefined index: id D:\WillProject\thinkPHP\Application\Runtime\Cache\Admin\cc6dee5cc5f336703631d619a16bafab.php 第 78 行.
NOTIC: [8] Undefined index: id D:\WillProject\thinkPHP\Application\Runtime\Cache\Admin\cc6dee5cc5f336703631d619a16bafab.php 第 79 行.
NOTIC: [8] Undefined index: delete D:\WillProject\thinkPHP\Application\Runtime\Cache\Admin\cc6dee5cc5f336703631d619a16bafab.php 第 79 行.
NOTIC: [8] Undefined index: menu D:\WillProject\thinkPHP\Application\Runtime\Cache\Admin\cc6dee5cc5f336703631d619a16bafab.php 第 79 行.
NOTIC: [8] Undefined index: id D:\WillProject\thinkPHP\Application\Runtime\Cache\Admin\cc6dee5cc5f336703631d619a16bafab.php 第 78 行.
NOTIC: [8] Undefined index: id D:\WillProject\thinkPHP\Application\Runtime\Cache\Admin\cc6dee5cc5f336703631d619a16bafab.php 第 79 行.
NOTIC: [8] Undefined index: delete D:\WillProject\thinkPHP\Application\Runtime\Cache\Admin\cc6dee5cc5f336703631d619a16bafab.php 第 79 行.
NOTIC: [8] Undefined index: menu D:\WillProject\thinkPHP\Application\Runtime\Cache\Admin\cc6dee5cc5f336703631d619a16bafab.php 第 79 行.
NOTIC: [8] Undefined index: id D:\WillProject\thinkPHP\Application\Runtime\Cache\Admin\cc6dee5cc5f336703631d619a16bafab.php 第 78 行.
NOTIC: [8] Undefined index: id D:\WillProject\thinkPHP\Application\Runtime\Cache\Admin\cc6dee5cc5f336703631d619a16bafab.php 第 79 行.
NOTIC: [8] Undefined index: delete D:\WillProject\thinkPHP\Application\Runtime\Cache\Admin\cc6dee5cc5f336703631d619a16bafab.php 第 79 行.
NOTIC: [8] Undefined index: menu D:\WillProject\thinkPHP\Application\Runtime\Cache\Admin\cc6dee5cc5f336703631d619a16bafab.php 第 79 行.
NOTIC: [8] Undefined index: id D:\WillProject\thinkPHP\Application\Runtime\Cache\Admin\cc6dee5cc5f336703631d619a16bafab.php 第 78 行.
NOTIC: [8] Undefined index: id D:\WillProject\thinkPHP\Application\Runtime\Cache\Admin\cc6dee5cc5f336703631d619a16bafab.php 第 79 行.
NOTIC: [8] Undefined index: delete D:\WillProject\thinkPHP\Application\Runtime\Cache\Admin\cc6dee5cc5f336703631d619a16bafab.php 第 79 行.
NOTIC: [8] Undefined index: menu D:\WillProject\thinkPHP\Application\Runtime\Cache\Admin\cc6dee5cc5f336703631d619a16bafab.php 第 79 行.
NOTIC: [8] Undefined index: id D:\WillProject\thinkPHP\Application\Runtime\Cache\Admin\cc6dee5cc5f336703631d619a16bafab.php 第 78 行.
NOTIC: [8] Undefined index: id D:\WillProject\thinkPHP\Application\Runtime\Cache\Admin\cc6dee5cc5f336703631d619a16bafab.php 第 79 行.
NOTIC: [8] Undefined index: delete D:\WillProject\thinkPHP\Application\Runtime\Cache\Admin\cc6dee5cc5f336703631d619a16bafab.php 第 79 行.
NOTIC: [8] Undefined index: menu D:\WillProject\thinkPHP\Application\Runtime\Cache\Admin\cc6dee5cc5f336703631d619a16bafab.php 第 79 行.
NOTIC: [8] Undefined index: id D:\WillProject\thinkPHP\Application\Runtime\Cache\Admin\cc6dee5cc5f336703631d619a16bafab.php 第 78 行.
NOTIC: [8] Undefined index: id D:\WillProject\thinkPHP\Application\Runtime\Cache\Admin\cc6dee5cc5f336703631d619a16bafab.php 第 79 行.
NOTIC: [8] Undefined index: delete D:\WillProject\thinkPHP\Application\Runtime\Cache\Admin\cc6dee5cc5f336703631d619a16bafab.php 第 79 行.
NOTIC: [8] Undefined index: menu D:\WillProject\thinkPHP\Application\Runtime\Cache\Admin\cc6dee5cc5f336703631d619a16bafab.php 第 79 行.
NOTIC: [8] Undefined index: id D:\WillProject\thinkPHP\Application\Runtime\Cache\Admin\cc6dee5cc5f336703631d619a16bafab.php 第 78 行.
NOTIC: [8] Undefined index: id D:\WillProject\thinkPHP\Application\Runtime\Cache\Admin\cc6dee5cc5f336703631d619a16bafab.php 第 79 行.
NOTIC: [8] Undefined index: delete D:\WillProject\thinkPHP\Application\Runtime\Cache\Admin\cc6dee5cc5f336703631d619a16bafab.php 第 79 行.
NOTIC: [8] Undefined index: menu D:\WillProject\thinkPHP\Application\Runtime\Cache\Admin\cc6dee5cc5f336703631d619a16bafab.php 第 79 行.
INFO: Run Behavior\ParseTemplateBehavior [ RunTime:0.015004s ]
INFO: [ view_parse ] --END-- [ RunTime:0.015108s ]
INFO: [ view_filter ] --START--
INFO: Run Behavior\WriteHtmlCacheBehavior [ RunTime:0.001473s ]
INFO: [ view_filter ] --END-- [ RunTime:0.001572s ]
INFO: [ app_end ] --START--
INFO: Run Behavior\ShowPageTraceBehavior [ RunTime:0.000845s ]
INFO: [ app_end ] --END-- [ RunTime:0.000933s ]

[ 2017-05-11T14:18:59+08:00 ] 127.0.0.1 /index.php/Admin/System/admin_list.html
INFO: [ app_init ] --START--
INFO: Run Behavior\BuildLiteBehavior [ RunTime:0.000022s ]
INFO: [ app_init ] --END-- [ RunTime:0.000768s ]
INFO: [ app_begin ] --START--
INFO: Run Behavior\ReadHtmlCacheBehavior [ RunTime:0.001341s ]
INFO: [ app_begin ] --END-- [ RunTime:0.001545s ]
SQL: SHOW COLUMNS FROM `admin_users` [ RunTime:0.0082s ]
SQL: SELECT * FROM `admin_users`  [ RunTime:0.0006s ]
INFO: [ view_parse ] --START--
INFO: [ template_filter ] --START--
INFO: Run Behavior\ContentReplaceBehavior [ RunTime:0.000119s ]
INFO: [ template_filter ] --END-- [ RunTime:0.000206s ]
NOTIC: [8] Undefined index: delete D:\WillProject\thinkPHP\Application\Runtime\Cache\Admin\20ad540a2aa8b40fd265df5c9fff6957.php 第 76 行.
NOTIC: [8] Undefined index: menu D:\WillProject\thinkPHP\Application\Runtime\Cache\Admin\20ad540a2aa8b40fd265df5c9fff6957.php 第 76 行.
NOTIC: [8] Undefined index: delete D:\WillProject\thinkPHP\Application\Runtime\Cache\Admin\20ad540a2aa8b40fd265df5c9fff6957.php 第 76 行.
NOTIC: [8] Undefined index: menu D:\WillProject\thinkPHP\Application\Runtime\Cache\Admin\20ad540a2aa8b40fd265df5c9fff6957.php 第 76 行.
INFO: Run Behavior\ParseTemplateBehavior [ RunTime:0.011954s ]
INFO: [ view_parse ] --END-- [ RunTime:0.012037s ]
INFO: [ view_filter ] --START--
INFO: Run Behavior\WriteHtmlCacheBehavior [ RunTime:0.000577s ]
INFO: [ view_filter ] --END-- [ RunTime:0.000643s ]
INFO: [ app_end ] --START--
INFO: Run Behavior\ShowPageTraceBehavior [ RunTime:0.001048s ]
INFO: [ app_end ] --END-- [ RunTime:0.001128s ]

[ 2017-05-11T14:19:01+08:00 ] 127.0.0.1 /index.php/Admin/System/index.html
INFO: [ app_init ] --START--
INFO: Run Behavior\BuildLiteBehavior [ RunTime:0.000019s ]
INFO: [ app_init ] --END-- [ RunTime:0.000562s ]
INFO: [ app_begin ] --START--
INFO: Run Behavior\ReadHtmlCacheBehavior [ RunTime:0.000970s ]
INFO: [ app_begin ] --END-- [ RunTime:0.001037s ]
SQL: SHOW COLUMNS FROM `catalogue` [ RunTime:0.0103s ]
SQL: SELECT * FROM `catalogue` ORDER BY id  [ RunTime:0.0007s ]
INFO: [ view_parse ] --START--
INFO: [ template_filter ] --START--
INFO: Run Behavior\ContentReplaceBehavior [ RunTime:0.000172s ]
INFO: [ template_filter ] --END-- [ RunTime:0.000308s ]
INFO: Run Behavior\ParseTemplateBehavior [ RunTime:0.013724s ]
INFO: [ view_parse ] --END-- [ RunTime:0.013839s ]
INFO: [ view_filter ] --START--
INFO: Run Behavior\WriteHtmlCacheBehavior [ RunTime:0.000658s ]
INFO: [ view_filter ] --END-- [ RunTime:0.000724s ]
INFO: [ app_end ] --START--
INFO: Run Behavior\ShowPageTraceBehavior [ RunTime:0.001025s ]
INFO: [ app_end ] --END-- [ RunTime:0.001097s ]

[ 2017-05-11T14:19:27+08:00 ] 127.0.0.1 /index.php/Admin/System/index.html?menuname=%E8%8F%9C%E5%8D%95%E7%AE%A1%E7%90%86
INFO: [ app_init ] --START--
INFO: Run Behavior\BuildLiteBehavior [ RunTime:0.000011s ]
INFO: [ app_init ] --END-- [ RunTime:0.000476s ]
INFO: [ app_begin ] --START--
INFO: Run Behavior\ReadHtmlCacheBehavior [ RunTime:0.000707s ]
INFO: [ app_begin ] --END-- [ RunTime:0.000814s ]
SQL: SHOW COLUMNS FROM `catalogue` [ RunTime:0.0052s ]
SQL: SELECT * FROM `catalogue` ORDER BY id  [ RunTime:0.0004s ]
INFO: [ view_parse ] --START--
INFO: [ template_filter ] --START--
INFO: Run Behavior\ContentReplaceBehavior [ RunTime:0.000042s ]
INFO: [ template_filter ] --END-- [ RunTime:0.000083s ]
INFO: Run Behavior\ParseTemplateBehavior [ RunTime:0.009007s ]
INFO: [ view_parse ] --END-- [ RunTime:0.009059s ]
INFO: [ view_filter ] --START--
INFO: Run Behavior\WriteHtmlCacheBehavior [ RunTime:0.000420s ]
INFO: [ view_filter ] --END-- [ RunTime:0.000455s ]
INFO: [ app_end ] --START--
INFO: Run Behavior\ShowPageTraceBehavior [ RunTime:0.000637s ]
INFO: [ app_end ] --END-- [ RunTime:0.000676s ]

[ 2017-05-11T14:19:30+08:00 ] 127.0.0.1 /index.php/Admin/System/index.html?menuname=
INFO: [ app_init ] --START--
INFO: Run Behavior\BuildLiteBehavior [ RunTime:0.000023s ]
INFO: [ app_init ] --END-- [ RunTime:0.000847s ]
INFO: [ app_begin ] --START--
INFO: Run Behavior\ReadHtmlCacheBehavior [ RunTime:0.001745s ]
INFO: [ app_begin ] --END-- [ RunTime:0.002094s ]
SQL: SHOW COLUMNS FROM `catalogue` [ RunTime:0.0060s ]
SQL: SELECT * FROM `catalogue` ORDER BY id  [ RunTime:0.0011s ]
INFO: [ view_parse ] --START--
INFO: [ template_filter ] --START--
INFO: Run Behavior\ContentReplaceBehavior [ RunTime:0.000079s ]
INFO: [ template_filter ] --END-- [ RunTime:0.000173s ]
INFO: Run Behavior\ParseTemplateBehavior [ RunTime:0.013413s ]
INFO: [ view_parse ] --END-- [ RunTime:0.013510s ]
INFO: [ view_filter ] --START--
INFO: Run Behavior\WriteHtmlCacheBehavior [ RunTime:0.000603s ]
INFO: [ view_filter ] --END-- [ RunTime:0.000712s ]
INFO: [ app_end ] --START--
INFO: Run Behavior\ShowPageTraceBehavior [ RunTime:0.000754s ]
INFO: [ app_end ] --END-- [ RunTime:0.000865s ]

[ 2017-05-11T14:19:31+08:00 ] 127.0.0.1 /index.php/Admin/System/index.html?menuname=
INFO: [ app_init ] --START--
INFO: Run Behavior\BuildLiteBehavior [ RunTime:0.000011s ]
INFO: [ app_init ] --END-- [ RunTime:0.000357s ]
INFO: [ app_begin ] --START--
INFO: Run Behavior\ReadHtmlCacheBehavior [ RunTime:0.001215s ]
INFO: [ app_begin ] --END-- [ RunTime:0.001340s ]
SQL: SHOW COLUMNS FROM `catalogue` [ RunTime:0.0052s ]
SQL: SELECT * FROM `catalogue` ORDER BY id  [ RunTime:0.0004s ]
INFO: [ view_parse ] --START--
INFO: [ template_filter ] --START--
INFO: Run Behavior\ContentReplaceBehavior [ RunTime:0.000046s ]
INFO: [ template_filter ] --END-- [ RunTime:0.000098s ]
INFO: Run Behavior\ParseTemplateBehavior [ RunTime:0.008185s ]
INFO: [ view_parse ] --END-- [ RunTime:0.008250s ]
INFO: [ view_filter ] --START--
INFO: Run Behavior\WriteHtmlCacheBehavior [ RunTime:0.000453s ]
INFO: [ view_filter ] --END-- [ RunTime:0.000489s ]
INFO: [ app_end ] --START--
INFO: Run Behavior\ShowPageTraceBehavior [ RunTime:0.000667s ]
INFO: [ app_end ] --END-- [ RunTime:0.000704s ]

[ 2017-05-11T14:19:31+08:00 ] 127.0.0.1 /index.php/Admin/System/index.html?menuname=
INFO: [ app_init ] --START--
INFO: Run Behavior\BuildLiteBehavior [ RunTime:0.000018s ]
INFO: [ app_init ] --END-- [ RunTime:0.000673s ]
INFO: [ app_begin ] --START--
INFO: Run Behavior\ReadHtmlCacheBehavior [ RunTime:0.000569s ]
INFO: [ app_begin ] --END-- [ RunTime:0.000634s ]
SQL: SHOW COLUMNS FROM `catalogue` [ RunTime:0.0061s ]
SQL: SELECT * FROM `catalogue` ORDER BY id  [ RunTime:0.0005s ]
INFO: [ view_parse ] --START--
INFO: [ template_filter ] --START--
INFO: Run Behavior\ContentReplaceBehavior [ RunTime:0.000115s ]
INFO: [ template_filter ] --END-- [ RunTime:0.000259s ]
INFO: Run Behavior\ParseTemplateBehavior [ RunTime:0.009336s ]
INFO: [ view_parse ] --END-- [ RunTime:0.009419s ]
INFO: [ view_filter ] --START--
INFO: Run Behavior\WriteHtmlCacheBehavior [ RunTime:0.000400s ]
INFO: [ view_filter ] --END-- [ RunTime:0.000436s ]
INFO: [ app_end ] --START--
INFO: Run Behavior\ShowPageTraceBehavior [ RunTime:0.000628s ]
INFO: [ app_end ] --END-- [ RunTime:0.000667s ]

[ 2017-05-11T14:19:31+08:00 ] 127.0.0.1 /index.php/Admin/System/index.html?menuname=
INFO: [ app_init ] --START--
INFO: Run Behavior\BuildLiteBehavior [ RunTime:0.000025s ]
INFO: [ app_init ] --END-- [ RunTime:0.000981s ]
INFO: [ app_begin ] --START--
INFO: Run Behavior\ReadHtmlCacheBehavior [ RunTime:0.000589s ]
INFO: [ app_begin ] --END-- [ RunTime:0.000649s ]
SQL: SHOW COLUMNS FROM `catalogue` [ RunTime:0.0075s ]
SQL: SELECT * FROM `catalogue` ORDER BY id  [ RunTime:0.0004s ]
INFO: [ view_parse ] --START--
INFO: [ template_filter ] --START--
INFO: Run Behavior\ContentReplaceBehavior [ RunTime:0.000046s ]
INFO: [ template_filter ] --END-- [ RunTime:0.000116s ]
INFO: Run Behavior\ParseTemplateBehavior [ RunTime:0.009688s ]
INFO: [ view_parse ] --END-- [ RunTime:0.009782s ]
INFO: [ view_filter ] --START--
INFO: Run Behavior\WriteHtmlCacheBehavior [ RunTime:0.000533s ]
INFO: [ view_filter ] --END-- [ RunTime:0.000582s ]
INFO: [ app_end ] --START--
INFO: Run Behavior\ShowPageTraceBehavior [ RunTime:0.000653s ]
INFO: [ app_end ] --END-- [ RunTime:0.000696s ]

[ 2017-05-11T14:19:32+08:00 ] 127.0.0.1 /index.php/Admin/System/catalogue.html
INFO: [ app_init ] --START--
INFO: Run Behavior\BuildLiteBehavior [ RunTime:0.000024s ]
INFO: [ app_init ] --END-- [ RunTime:0.000673s ]
INFO: [ app_begin ] --START--
INFO: Run Behavior\ReadHtmlCacheBehavior [ RunTime:0.000663s ]
INFO: [ app_begin ] --END-- [ RunTime:0.000742s ]
SQL: SHOW COLUMNS FROM `catalogue` [ RunTime:0.0070s ]
SQL: SELECT * FROM `catalogue` WHERE ( superior=0 )  [ RunTime:0.0005s ]
INFO: [ view_parse ] --START--
INFO: [ template_filter ] --START--
INFO: Run Behavior\ContentReplaceBehavior [ RunTime:0.000060s ]
INFO: [ template_filter ] --END-- [ RunTime:0.000140s ]
NOTIC: [8] Undefined variable: list D:\WillProject\thinkPHP\Application\Runtime\Cache\Admin\cf64782baf446ae877076205ce2b9b39.php 第 38 行.
NOTIC: [8] Undefined variable: list D:\WillProject\thinkPHP\Application\Runtime\Cache\Admin\cf64782baf446ae877076205ce2b9b39.php 第 39 行.
NOTIC: [8] Undefined variable: list D:\WillProject\thinkPHP\Application\Runtime\Cache\Admin\cf64782baf446ae877076205ce2b9b39.php 第 46 行.
NOTIC: [8] Undefined variable: list D:\WillProject\thinkPHP\Application\Runtime\Cache\Admin\cf64782baf446ae877076205ce2b9b39.php 第 47 行.
NOTIC: [8] Undefined variable: list D:\WillProject\thinkPHP\Application\Runtime\Cache\Admin\cf64782baf446ae877076205ce2b9b39.php 第 56 行.
NOTIC: [8] Undefined variable: list D:\WillProject\thinkPHP\Application\Runtime\Cache\Admin\cf64782baf446ae877076205ce2b9b39.php 第 56 行.
NOTIC: [8] Undefined variable: list D:\WillProject\thinkPHP\Application\Runtime\Cache\Admin\cf64782baf446ae877076205ce2b9b39.php 第 57 行.
NOTIC: [8] Undefined variable: list D:\WillProject\thinkPHP\Application\Runtime\Cache\Admin\cf64782baf446ae877076205ce2b9b39.php 第 63 行.
NOTIC: [8] Undefined variable: list D:\WillProject\thinkPHP\Application\Runtime\Cache\Admin\cf64782baf446ae877076205ce2b9b39.php 第 70 行.
NOTIC: [8] Undefined variable: list D:\WillProject\thinkPHP\Application\Runtime\Cache\Admin\cf64782baf446ae877076205ce2b9b39.php 第 70 行.
NOTIC: [8] Undefined variable: list D:\WillProject\thinkPHP\Application\Runtime\Cache\Admin\cf64782baf446ae877076205ce2b9b39.php 第 70 行.
NOTIC: [8] Undefined variable: list D:\WillProject\thinkPHP\Application\Runtime\Cache\Admin\cf64782baf446ae877076205ce2b9b39.php 第 70 行.
NOTIC: [8] Undefined variable: list D:\WillProject\thinkPHP\Application\Runtime\Cache\Admin\cf64782baf446ae877076205ce2b9b39.php 第 78 行.
INFO: Run Behavior\ParseTemplateBehavior [ RunTime:0.010375s ]
INFO: [ view_parse ] --END-- [ RunTime:0.010431s ]
INFO: [ view_filter ] --START--
INFO: Run Behavior\WriteHtmlCacheBehavior [ RunTime:0.000339s ]
INFO: [ view_filter ] --END-- [ RunTime:0.000373s ]
INFO: [ app_end ] --START--
INFO: Run Behavior\ShowPageTraceBehavior [ RunTime:0.000811s ]
INFO: [ app_end ] --END-- [ RunTime:0.000897s ]

[ 2017-05-11T14:19:39+08:00 ] 127.0.0.1 /index.php/Admin/System/index.html
INFO: [ app_init ] --START--
INFO: Run Behavior\BuildLiteBehavior [ RunTime:0.000014s ]
INFO: [ app_init ] --END-- [ RunTime:0.000525s ]
INFO: [ app_begin ] --START--
INFO: Run Behavior\ReadHtmlCacheBehavior [ RunTime:0.000621s ]
INFO: [ app_begin ] --END-- [ RunTime:0.000674s ]
SQL: SHOW COLUMNS FROM `catalogue` [ RunTime:0.0059s ]
SQL: SELECT * FROM `catalogue` ORDER BY id  [ RunTime:0.0004s ]
INFO: [ view_parse ] --START--
INFO: [ template_filter ] --START--
INFO: Run Behavior\ContentReplaceBehavior [ RunTime:0.000067s ]
INFO: [ template_filter ] --END-- [ RunTime:0.000135s ]
INFO: Run Behavior\ParseTemplateBehavior [ RunTime:0.015702s ]
INFO: [ view_parse ] --END-- [ RunTime:0.015763s ]
INFO: [ view_filter ] --START--
INFO: Run Behavior\WriteHtmlCacheBehavior [ RunTime:0.000502s ]
INFO: [ view_filter ] --END-- [ RunTime:0.000552s ]
INFO: [ app_end ] --START--
INFO: Run Behavior\ShowPageTraceBehavior [ RunTime:0.000784s ]
INFO: [ app_end ] --END-- [ RunTime:0.000842s ]

