[ 2017-05-03T10:15:14+08:00 ] 127.0.0.1 /Admin
INFO: [ app_init ] --START--
INFO: Run Behavior\BuildLiteBehavior [ RunTime:0.000012s ]
INFO: [ app_init ] --END-- [ RunTime:0.000503s ]
INFO: [ app_begin ] --START--
INFO: Run Behavior\ReadHtmlCacheBehavior [ RunTime:0.000641s ]
INFO: [ app_begin ] --END-- [ RunTime:0.000720s ]

[ 2017-05-03T10:15:14+08:00 ] 127.0.0.1 /index.php/Admin/Login/login.html
INFO: [ app_init ] --START--
INFO: Run Behavior\BuildLiteBehavior [ RunTime:0.000012s ]
INFO: [ app_init ] --END-- [ RunTime:0.000475s ]
INFO: [ app_begin ] --START--
INFO: Run Behavior\ReadHtmlCacheBehavior [ RunTime:0.000537s ]
INFO: [ app_begin ] --END-- [ RunTime:0.000580s ]
INFO: [ view_parse ] --START--
INFO: [ template_filter ] --START--
INFO: Run Behavior\ContentReplaceBehavior [ RunTime:0.000407s ]
INFO: [ template_filter ] --END-- [ RunTime:0.000469s ]
INFO: Run Behavior\ParseTemplateBehavior [ RunTime:0.013724s ]
INFO: [ view_parse ] --END-- [ RunTime:0.013777s ]
INFO: [ view_filter ] --START--
INFO: Run Behavior\WriteHtmlCacheBehavior [ RunTime:0.000544s ]
INFO: [ view_filter ] --END-- [ RunTime:0.000604s ]
INFO: [ app_end ] --START--
INFO: Run Behavior\ShowPageTraceBehavior [ RunTime:0.000618s ]
INFO: [ app_end ] --END-- [ RunTime:0.000653s ]

[ 2017-05-03T10:15:14+08:00 ] 127.0.0.1 /index.php/Admin/Login/img_code.html
INFO: [ app_init ] --START--
INFO: Run Behavior\BuildLiteBehavior [ RunTime:0.000014s ]
INFO: [ app_init ] --END-- [ RunTime:0.000539s ]
INFO: [ app_begin ] --START--
INFO: Run Behavior\ReadHtmlCacheBehavior [ RunTime:0.000504s ]
INFO: [ app_begin ] --END-- [ RunTime:0.000556s ]
INFO: [ app_end ] --START--
INFO: Run Behavior\ShowPageTraceBehavior [ RunTime:0.001179s ]
INFO: [ app_end ] --END-- [ RunTime:0.001293s ]

[ 2017-05-03T10:15:23+08:00 ] 127.0.0.1 /index.php/Admin/Login/check_code.html
INFO: [ app_init ] --START--
INFO: Run Behavior\BuildLiteBehavior [ RunTime:0.000011s ]
INFO: [ app_init ] --END-- [ RunTime:0.000504s ]
INFO: [ app_begin ] --START--
INFO: Run Behavior\ReadHtmlCacheBehavior [ RunTime:0.000642s ]
INFO: [ app_begin ] --END-- [ RunTime:0.000689s ]
SQL: SHOW COLUMNS FROM `admin_users` [ RunTime:0.0043s ]
SQL: SELECT * FROM `admin_users` WHERE ( username='will' ) LIMIT 1   [ RunTime:0.0004s ]
SQL: UPDATE `admin_users` SET `enter_time`='1493777723',`enter_ip`='127.0.0.1' WHERE ( id=3 ) [ RunTime:0.0099s ]
INFO: [ view_parse ] --START--
INFO: [ template_filter ] --START--
INFO: Run Behavior\ContentReplaceBehavior [ RunTime:0.000030s ]
INFO: [ template_filter ] --END-- [ RunTime:0.000072s ]
INFO: Run Behavior\ParseTemplateBehavior [ RunTime:0.005579s ]
INFO: [ view_parse ] --END-- [ RunTime:0.005625s ]
INFO: [ view_filter ] --START--
INFO: Run Behavior\WriteHtmlCacheBehavior [ RunTime:0.000492s ]
INFO: [ view_filter ] --END-- [ RunTime:0.000537s ]
INFO: [ app_end ] --START--
INFO: Run Behavior\ShowPageTraceBehavior [ RunTime:0.000659s ]
INFO: [ app_end ] --END-- [ RunTime:0.000696s ]

[ 2017-05-03T10:15:26+08:00 ] 127.0.0.1 /index.php/Admin/Index/index.html
INFO: [ app_init ] --START--
INFO: Run Behavior\BuildLiteBehavior [ RunTime:0.000023s ]
INFO: [ app_init ] --END-- [ RunTime:0.000989s ]
INFO: [ app_begin ] --START--
INFO: Run Behavior\ReadHtmlCacheBehavior [ RunTime:0.001056s ]
INFO: [ app_begin ] --END-- [ RunTime:0.001183s ]
SQL: SHOW COLUMNS FROM `catalogue` [ RunTime:0.0065s ]
SQL: SELECT * FROM `catalogue`  [ RunTime:0.0004s ]
INFO: [ view_parse ] --START--
INFO: [ template_filter ] --START--
INFO: Run Behavior\ContentReplaceBehavior [ RunTime:0.000053s ]
INFO: [ template_filter ] --END-- [ RunTime:0.000129s ]
INFO: Run Behavior\ParseTemplateBehavior [ RunTime:0.008055s ]
INFO: [ view_parse ] --END-- [ RunTime:0.008151s ]
INFO: [ view_filter ] --START--
INFO: Run Behavior\WriteHtmlCacheBehavior [ RunTime:0.000526s ]
INFO: [ view_filter ] --END-- [ RunTime:0.000593s ]
INFO: [ app_end ] --START--
INFO: Run Behavior\ShowPageTraceBehavior [ RunTime:0.000672s ]
INFO: [ app_end ] --END-- [ RunTime:0.000740s ]

[ 2017-05-03T10:15:26+08:00 ] 127.0.0.1 /index.php/Admin/Index/index.html
INFO: [ app_init ] --START--
INFO: Run Behavior\BuildLiteBehavior [ RunTime:0.000011s ]
INFO: [ app_init ] --END-- [ RunTime:0.000547s ]
INFO: [ app_begin ] --START--
INFO: Run Behavior\ReadHtmlCacheBehavior [ RunTime:0.000610s ]
INFO: [ app_begin ] --END-- [ RunTime:0.000652s ]
SQL: SHOW COLUMNS FROM `catalogue` [ RunTime:0.0041s ]
SQL: SELECT * FROM `catalogue`  [ RunTime:0.0004s ]
INFO: [ view_parse ] --START--
INFO: [ template_filter ] --START--
INFO: Run Behavior\ContentReplaceBehavior [ RunTime:0.000078s ]
INFO: [ template_filter ] --END-- [ RunTime:0.000121s ]
INFO: Run Behavior\ParseTemplateBehavior [ RunTime:0.005824s ]
INFO: [ view_parse ] --END-- [ RunTime:0.005894s ]
INFO: [ view_filter ] --START--
INFO: Run Behavior\WriteHtmlCacheBehavior [ RunTime:0.000865s ]
INFO: [ view_filter ] --END-- [ RunTime:0.000902s ]
INFO: [ app_end ] --START--
INFO: Run Behavior\ShowPageTraceBehavior [ RunTime:0.000685s ]
INFO: [ app_end ] --END-- [ RunTime:0.000738s ]

[ 2017-05-03T10:15:26+08:00 ] 127.0.0.1 /index.php/Admin/System/index.html
INFO: [ app_init ] --START--
INFO: Run Behavior\BuildLiteBehavior [ RunTime:0.000021s ]
INFO: [ app_init ] --END-- [ RunTime:0.000661s ]
INFO: [ app_begin ] --START--
INFO: Run Behavior\ReadHtmlCacheBehavior [ RunTime:0.000715s ]
INFO: [ app_begin ] --END-- [ RunTime:0.000833s ]
SQL: SHOW COLUMNS FROM `catalogue` [ RunTime:0.0048s ]
SQL: SELECT * FROM `catalogue` ORDER BY id  [ RunTime:0.0006s ]
INFO: [ view_parse ] --START--
INFO: [ template_filter ] --START--
INFO: Run Behavior\ContentReplaceBehavior [ RunTime:0.000056s ]
INFO: [ template_filter ] --END-- [ RunTime:0.000112s ]
INFO: Run Behavior\ParseTemplateBehavior [ RunTime:0.011074s ]
INFO: [ view_parse ] --END-- [ RunTime:0.011168s ]
INFO: [ view_filter ] --START--
INFO: Run Behavior\WriteHtmlCacheBehavior [ RunTime:0.000401s ]
INFO: [ view_filter ] --END-- [ RunTime:0.000442s ]
INFO: [ app_end ] --START--
INFO: Run Behavior\ShowPageTraceBehavior [ RunTime:0.000567s ]
INFO: [ app_end ] --END-- [ RunTime:0.000609s ]

[ 2017-05-03T10:15:30+08:00 ] 127.0.0.1 /index.php/Admin/User/users.html
INFO: [ app_init ] --START--
INFO: Run Behavior\BuildLiteBehavior [ RunTime:0.000045s ]
INFO: [ app_init ] --END-- [ RunTime:0.000969s ]
INFO: [ app_begin ] --START--
INFO: Run Behavior\ReadHtmlCacheBehavior [ RunTime:0.000623s ]
INFO: [ app_begin ] --END-- [ RunTime:0.000716s ]
SQL: SHOW COLUMNS FROM `sdb_wxuser` [ RunTime:0.0048s ]
SQL: SELECT * FROM `sdb_wxuser` WHERE ( is_auth != '1' )  [ RunTime:0.0011s ]
INFO: [ view_parse ] --START--
INFO: [ template_filter ] --START--
INFO: Run Behavior\ContentReplaceBehavior [ RunTime:0.000041s ]
INFO: [ template_filter ] --END-- [ RunTime:0.000081s ]
NOTIC: [8] Undefined index: id D:\WillProject\thinkPHP\Application\Runtime\Cache\Admin\cc6dee5cc5f336703631d619a16bafab.php 第 78 行.
NOTIC: [8] Undefined index: id D:\WillProject\thinkPHP\Application\Runtime\Cache\Admin\cc6dee5cc5f336703631d619a16bafab.php 第 79 行.
NOTIC: [8] Undefined index: delete D:\WillProject\thinkPHP\Application\Runtime\Cache\Admin\cc6dee5cc5f336703631d619a16bafab.php 第 79 行.
NOTIC: [8] Undefined index: menu D:\WillProject\thinkPHP\Application\Runtime\Cache\Admin\cc6dee5cc5f336703631d619a16bafab.php 第 79 行.
NOTIC: [8] Undefined index: id D:\WillProject\thinkPHP\Application\Runtime\Cache\Admin\cc6dee5cc5f336703631d619a16bafab.php 第 78 行.
NOTIC: [8] Undefined index: id D:\WillProject\thinkPHP\Application\Runtime\Cache\Admin\cc6dee5cc5f336703631d619a16bafab.php 第 79 行.
NOTIC: [8] Undefined index: delete D:\WillProject\thinkPHP\Application\Runtime\Cache\Admin\cc6dee5cc5f336703631d619a16bafab.php 第 79 行.
NOTIC: [8] Undefined index: menu D:\WillProject\thinkPHP\Application\Runtime\Cache\Admin\cc6dee5cc5f336703631d619a16bafab.php 第 79 行.
NOTIC: [8] Undefined index: id D:\WillProject\thinkPHP\Application\Runtime\Cache\Admin\cc6dee5cc5f336703631d619a16bafab.php 第 78 行.
NOTIC: [8] Undefined index: id D:\WillProject\thinkPHP\Application\Runtime\Cache\Admin\cc6dee5cc5f336703631d619a16bafab.php 第 79 行.
NOTIC: [8] Undefined index: delete D:\WillProject\thinkPHP\Application\Runtime\Cache\Admin\cc6dee5cc5f336703631d619a16bafab.php 第 79 行.
NOTIC: [8] Undefined index: menu D:\WillProject\thinkPHP\Application\Runtime\Cache\Admin\cc6dee5cc5f336703631d619a16bafab.php 第 79 行.
NOTIC: [8] Undefined index: id D:\WillProject\thinkPHP\Application\Runtime\Cache\Admin\cc6dee5cc5f336703631d619a16bafab.php 第 78 行.
NOTIC: [8] Undefined index: id D:\WillProject\thinkPHP\Application\Runtime\Cache\Admin\cc6dee5cc5f336703631d619a16bafab.php 第 79 行.
NOTIC: [8] Undefined index: delete D:\WillProject\thinkPHP\Application\Runtime\Cache\Admin\cc6dee5cc5f336703631d619a16bafab.php 第 79 行.
NOTIC: [8] Undefined index: menu D:\WillProject\thinkPHP\Application\Runtime\Cache\Admin\cc6dee5cc5f336703631d619a16bafab.php 第 79 行.
NOTIC: [8] Undefined index: id D:\WillProject\thinkPHP\Application\Runtime\Cache\Admin\cc6dee5cc5f336703631d619a16bafab.php 第 78 行.
NOTIC: [8] Undefined index: id D:\WillProject\thinkPHP\Application\Runtime\Cache\Admin\cc6dee5cc5f336703631d619a16bafab.php 第 79 行.
NOTIC: [8] Undefined index: delete D:\WillProject\thinkPHP\Application\Runtime\Cache\Admin\cc6dee5cc5f336703631d619a16bafab.php 第 79 行.
NOTIC: [8] Undefined index: menu D:\WillProject\thinkPHP\Application\Runtime\Cache\Admin\cc6dee5cc5f336703631d619a16bafab.php 第 79 行.
NOTIC: [8] Undefined index: id D:\WillProject\thinkPHP\Application\Runtime\Cache\Admin\cc6dee5cc5f336703631d619a16bafab.php 第 78 行.
NOTIC: [8] Undefined index: id D:\WillProject\thinkPHP\Application\Runtime\Cache\Admin\cc6dee5cc5f336703631d619a16bafab.php 第 79 行.
NOTIC: [8] Undefined index: delete D:\WillProject\thinkPHP\Application\Runtime\Cache\Admin\cc6dee5cc5f336703631d619a16bafab.php 第 79 行.
NOTIC: [8] Undefined index: menu D:\WillProject\thinkPHP\Application\Runtime\Cache\Admin\cc6dee5cc5f336703631d619a16bafab.php 第 79 行.
NOTIC: [8] Undefined index: id D:\WillProject\thinkPHP\Application\Runtime\Cache\Admin\cc6dee5cc5f336703631d619a16bafab.php 第 78 行.
NOTIC: [8] Undefined index: id D:\WillProject\thinkPHP\Application\Runtime\Cache\Admin\cc6dee5cc5f336703631d619a16bafab.php 第 79 行.
NOTIC: [8] Undefined index: delete D:\WillProject\thinkPHP\Application\Runtime\Cache\Admin\cc6dee5cc5f336703631d619a16bafab.php 第 79 行.
NOTIC: [8] Undefined index: menu D:\WillProject\thinkPHP\Application\Runtime\Cache\Admin\cc6dee5cc5f336703631d619a16bafab.php 第 79 行.
NOTIC: [8] Undefined index: id D:\WillProject\thinkPHP\Application\Runtime\Cache\Admin\cc6dee5cc5f336703631d619a16bafab.php 第 78 行.
NOTIC: [8] Undefined index: id D:\WillProject\thinkPHP\Application\Runtime\Cache\Admin\cc6dee5cc5f336703631d619a16bafab.php 第 79 行.
NOTIC: [8] Undefined index: delete D:\WillProject\thinkPHP\Application\Runtime\Cache\Admin\cc6dee5cc5f336703631d619a16bafab.php 第 79 行.
NOTIC: [8] Undefined index: menu D:\WillProject\thinkPHP\Application\Runtime\Cache\Admin\cc6dee5cc5f336703631d619a16bafab.php 第 79 行.
NOTIC: [8] Undefined index: id D:\WillProject\thinkPHP\Application\Runtime\Cache\Admin\cc6dee5cc5f336703631d619a16bafab.php 第 78 行.
NOTIC: [8] Undefined index: id D:\WillProject\thinkPHP\Application\Runtime\Cache\Admin\cc6dee5cc5f336703631d619a16bafab.php 第 79 行.
NOTIC: [8] Undefined index: delete D:\WillProject\thinkPHP\Application\Runtime\Cache\Admin\cc6dee5cc5f336703631d619a16bafab.php 第 79 行.
NOTIC: [8] Undefined index: menu D:\WillProject\thinkPHP\Application\Runtime\Cache\Admin\cc6dee5cc5f336703631d619a16bafab.php 第 79 行.
NOTIC: [8] Undefined index: id D:\WillProject\thinkPHP\Application\Runtime\Cache\Admin\cc6dee5cc5f336703631d619a16bafab.php 第 78 行.
NOTIC: [8] Undefined index: id D:\WillProject\thinkPHP\Application\Runtime\Cache\Admin\cc6dee5cc5f336703631d619a16bafab.php 第 79 行.
NOTIC: [8] Undefined index: delete D:\WillProject\thinkPHP\Application\Runtime\Cache\Admin\cc6dee5cc5f336703631d619a16bafab.php 第 79 行.
NOTIC: [8] Undefined index: menu D:\WillProject\thinkPHP\Application\Runtime\Cache\Admin\cc6dee5cc5f336703631d619a16bafab.php 第 79 行.
NOTIC: [8] Undefined index: id D:\WillProject\thinkPHP\Application\Runtime\Cache\Admin\cc6dee5cc5f336703631d619a16bafab.php 第 78 行.
NOTIC: [8] Undefined index: id D:\WillProject\thinkPHP\Application\Runtime\Cache\Admin\cc6dee5cc5f336703631d619a16bafab.php 第 79 行.
NOTIC: [8] Undefined index: delete D:\WillProject\thinkPHP\Application\Runtime\Cache\Admin\cc6dee5cc5f336703631d619a16bafab.php 第 79 行.
NOTIC: [8] Undefined index: menu D:\WillProject\thinkPHP\Application\Runtime\Cache\Admin\cc6dee5cc5f336703631d619a16bafab.php 第 79 行.
NOTIC: [8] Undefined index: id D:\WillProject\thinkPHP\Application\Runtime\Cache\Admin\cc6dee5cc5f336703631d619a16bafab.php 第 78 行.
NOTIC: [8] Undefined index: id D:\WillProject\thinkPHP\Application\Runtime\Cache\Admin\cc6dee5cc5f336703631d619a16bafab.php 第 79 行.
NOTIC: [8] Undefined index: delete D:\WillProject\thinkPHP\Application\Runtime\Cache\Admin\cc6dee5cc5f336703631d619a16bafab.php 第 79 行.
NOTIC: [8] Undefined index: menu D:\WillProject\thinkPHP\Application\Runtime\Cache\Admin\cc6dee5cc5f336703631d619a16bafab.php 第 79 行.
NOTIC: [8] Undefined index: id D:\WillProject\thinkPHP\Application\Runtime\Cache\Admin\cc6dee5cc5f336703631d619a16bafab.php 第 78 行.
NOTIC: [8] Undefined index: id D:\WillProject\thinkPHP\Application\Runtime\Cache\Admin\cc6dee5cc5f336703631d619a16bafab.php 第 79 行.
NOTIC: [8] Undefined index: delete D:\WillProject\thinkPHP\Application\Runtime\Cache\Admin\cc6dee5cc5f336703631d619a16bafab.php 第 79 行.
NOTIC: [8] Undefined index: menu D:\WillProject\thinkPHP\Application\Runtime\Cache\Admin\cc6dee5cc5f336703631d619a16bafab.php 第 79 行.
NOTIC: [8] Undefined index: id D:\WillProject\thinkPHP\Application\Runtime\Cache\Admin\cc6dee5cc5f336703631d619a16bafab.php 第 78 行.
NOTIC: [8] Undefined index: id D:\WillProject\thinkPHP\Application\Runtime\Cache\Admin\cc6dee5cc5f336703631d619a16bafab.php 第 79 行.
NOTIC: [8] Undefined index: delete D:\WillProject\thinkPHP\Application\Runtime\Cache\Admin\cc6dee5cc5f336703631d619a16bafab.php 第 79 行.
NOTIC: [8] Undefined index: menu D:\WillProject\thinkPHP\Application\Runtime\Cache\Admin\cc6dee5cc5f336703631d619a16bafab.php 第 79 行.
NOTIC: [8] Undefined index: id D:\WillProject\thinkPHP\Application\Runtime\Cache\Admin\cc6dee5cc5f336703631d619a16bafab.php 第 78 行.
NOTIC: [8] Undefined index: id D:\WillProject\thinkPHP\Application\Runtime\Cache\Admin\cc6dee5cc5f336703631d619a16bafab.php 第 79 行.
NOTIC: [8] Undefined index: delete D:\WillProject\thinkPHP\Application\Runtime\Cache\Admin\cc6dee5cc5f336703631d619a16bafab.php 第 79 行.
NOTIC: [8] Undefined index: menu D:\WillProject\thinkPHP\Application\Runtime\Cache\Admin\cc6dee5cc5f336703631d619a16bafab.php 第 79 行.
NOTIC: [8] Undefined index: id D:\WillProject\thinkPHP\Application\Runtime\Cache\Admin\cc6dee5cc5f336703631d619a16bafab.php 第 78 行.
NOTIC: [8] Undefined index: id D:\WillProject\thinkPHP\Application\Runtime\Cache\Admin\cc6dee5cc5f336703631d619a16bafab.php 第 79 行.
NOTIC: [8] Undefined index: delete D:\WillProject\thinkPHP\Application\Runtime\Cache\Admin\cc6dee5cc5f336703631d619a16bafab.php 第 79 行.
NOTIC: [8] Undefined index: menu D:\WillProject\thinkPHP\Application\Runtime\Cache\Admin\cc6dee5cc5f336703631d619a16bafab.php 第 79 行.
NOTIC: [8] Undefined index: id D:\WillProject\thinkPHP\Application\Runtime\Cache\Admin\cc6dee5cc5f336703631d619a16bafab.php 第 78 行.
NOTIC: [8] Undefined index: id D:\WillProject\thinkPHP\Application\Runtime\Cache\Admin\cc6dee5cc5f336703631d619a16bafab.php 第 79 行.
NOTIC: [8] Undefined index: delete D:\WillProject\thinkPHP\Application\Runtime\Cache\Admin\cc6dee5cc5f336703631d619a16bafab.php 第 79 行.
NOTIC: [8] Undefined index: menu D:\WillProject\thinkPHP\Application\Runtime\Cache\Admin\cc6dee5cc5f336703631d619a16bafab.php 第 79 行.
NOTIC: [8] Undefined index: id D:\WillProject\thinkPHP\Application\Runtime\Cache\Admin\cc6dee5cc5f336703631d619a16bafab.php 第 78 行.
NOTIC: [8] Undefined index: id D:\WillProject\thinkPHP\Application\Runtime\Cache\Admin\cc6dee5cc5f336703631d619a16bafab.php 第 79 行.
NOTIC: [8] Undefined index: delete D:\WillProject\thinkPHP\Application\Runtime\Cache\Admin\cc6dee5cc5f336703631d619a16bafab.php 第 79 行.
NOTIC: [8] Undefined index: menu D:\WillProject\thinkPHP\Application\Runtime\Cache\Admin\cc6dee5cc5f336703631d619a16bafab.php 第 79 行.
NOTIC: [8] Undefined index: id D:\WillProject\thinkPHP\Application\Runtime\Cache\Admin\cc6dee5cc5f336703631d619a16bafab.php 第 78 行.
NOTIC: [8] Undefined index: id D:\WillProject\thinkPHP\Application\Runtime\Cache\Admin\cc6dee5cc5f336703631d619a16bafab.php 第 79 行.
NOTIC: [8] Undefined index: delete D:\WillProject\thinkPHP\Application\Runtime\Cache\Admin\cc6dee5cc5f336703631d619a16bafab.php 第 79 行.
NOTIC: [8] Undefined index: menu D:\WillProject\thinkPHP\Application\Runtime\Cache\Admin\cc6dee5cc5f336703631d619a16bafab.php 第 79 行.
NOTIC: [8] Undefined index: id D:\WillProject\thinkPHP\Application\Runtime\Cache\Admin\cc6dee5cc5f336703631d619a16bafab.php 第 78 行.
NOTIC: [8] Undefined index: id D:\WillProject\thinkPHP\Application\Runtime\Cache\Admin\cc6dee5cc5f336703631d619a16bafab.php 第 79 行.
NOTIC: [8] Undefined index: delete D:\WillProject\thinkPHP\Application\Runtime\Cache\Admin\cc6dee5cc5f336703631d619a16bafab.php 第 79 行.
NOTIC: [8] Undefined index: menu D:\WillProject\thinkPHP\Application\Runtime\Cache\Admin\cc6dee5cc5f336703631d619a16bafab.php 第 79 行.
NOTIC: [8] Undefined index: id D:\WillProject\thinkPHP\Application\Runtime\Cache\Admin\cc6dee5cc5f336703631d619a16bafab.php 第 78 行.
NOTIC: [8] Undefined index: id D:\WillProject\thinkPHP\Application\Runtime\Cache\Admin\cc6dee5cc5f336703631d619a16bafab.php 第 79 行.
NOTIC: [8] Undefined index: delete D:\WillProject\thinkPHP\Application\Runtime\Cache\Admin\cc6dee5cc5f336703631d619a16bafab.php 第 79 行.
NOTIC: [8] Undefined index: menu D:\WillProject\thinkPHP\Application\Runtime\Cache\Admin\cc6dee5cc5f336703631d619a16bafab.php 第 79 行.
NOTIC: [8] Undefined index: id D:\WillProject\thinkPHP\Application\Runtime\Cache\Admin\cc6dee5cc5f336703631d619a16bafab.php 第 78 行.
NOTIC: [8] Undefined index: id D:\WillProject\thinkPHP\Application\Runtime\Cache\Admin\cc6dee5cc5f336703631d619a16bafab.php 第 79 行.
NOTIC: [8] Undefined index: delete D:\WillProject\thinkPHP\Application\Runtime\Cache\Admin\cc6dee5cc5f336703631d619a16bafab.php 第 79 行.
NOTIC: [8] Undefined index: menu D:\WillProject\thinkPHP\Application\Runtime\Cache\Admin\cc6dee5cc5f336703631d619a16bafab.php 第 79 行.
NOTIC: [8] Undefined index: id D:\WillProject\thinkPHP\Application\Runtime\Cache\Admin\cc6dee5cc5f336703631d619a16bafab.php 第 78 行.
NOTIC: [8] Undefined index: id D:\WillProject\thinkPHP\Application\Runtime\Cache\Admin\cc6dee5cc5f336703631d619a16bafab.php 第 79 行.
NOTIC: [8] Undefined index: delete D:\WillProject\thinkPHP\Application\Runtime\Cache\Admin\cc6dee5cc5f336703631d619a16bafab.php 第 79 行.
NOTIC: [8] Undefined index: menu D:\WillProject\thinkPHP\Application\Runtime\Cache\Admin\cc6dee5cc5f336703631d619a16bafab.php 第 79 行.
NOTIC: [8] Undefined index: id D:\WillProject\thinkPHP\Application\Runtime\Cache\Admin\cc6dee5cc5f336703631d619a16bafab.php 第 78 行.
NOTIC: [8] Undefined index: id D:\WillProject\thinkPHP\Application\Runtime\Cache\Admin\cc6dee5cc5f336703631d619a16bafab.php 第 79 行.
NOTIC: [8] Undefined index: delete D:\WillProject\thinkPHP\Application\Runtime\Cache\Admin\cc6dee5cc5f336703631d619a16bafab.php 第 79 行.
NOTIC: [8] Undefined index: menu D:\WillProject\thinkPHP\Application\Runtime\Cache\Admin\cc6dee5cc5f336703631d619a16bafab.php 第 79 行.
NOTIC: [8] Undefined index: id D:\WillProject\thinkPHP\Application\Runtime\Cache\Admin\cc6dee5cc5f336703631d619a16bafab.php 第 78 行.
NOTIC: [8] Undefined index: id D:\WillProject\thinkPHP\Application\Runtime\Cache\Admin\cc6dee5cc5f336703631d619a16bafab.php 第 79 行.
NOTIC: [8] Undefined index: delete D:\WillProject\thinkPHP\Application\Runtime\Cache\Admin\cc6dee5cc5f336703631d619a16bafab.php 第 79 行.
NOTIC: [8] Undefined index: menu D:\WillProject\thinkPHP\Application\Runtime\Cache\Admin\cc6dee5cc5f336703631d619a16bafab.php 第 79 行.
NOTIC: [8] Undefined index: id D:\WillProject\thinkPHP\Application\Runtime\Cache\Admin\cc6dee5cc5f336703631d619a16bafab.php 第 78 行.
NOTIC: [8] Undefined index: id D:\WillProject\thinkPHP\Application\Runtime\Cache\Admin\cc6dee5cc5f336703631d619a16bafab.php 第 79 行.
NOTIC: [8] Undefined index: delete D:\WillProject\thinkPHP\Application\Runtime\Cache\Admin\cc6dee5cc5f336703631d619a16bafab.php 第 79 行.
NOTIC: [8] Undefined index: menu D:\WillProject\thinkPHP\Application\Runtime\Cache\Admin\cc6dee5cc5f336703631d619a16bafab.php 第 79 行.
NOTIC: [8] Undefined index: id D:\WillProject\thinkPHP\Application\Runtime\Cache\Admin\cc6dee5cc5f336703631d619a16bafab.php 第 78 行.
NOTIC: [8] Undefined index: id D:\WillProject\thinkPHP\Application\Runtime\Cache\Admin\cc6dee5cc5f336703631d619a16bafab.php 第 79 行.
NOTIC: [8] Undefined index: delete D:\WillProject\thinkPHP\Application\Runtime\Cache\Admin\cc6dee5cc5f336703631d619a16bafab.php 第 79 行.
NOTIC: [8] Undefined index: menu D:\WillProject\thinkPHP\Application\Runtime\Cache\Admin\cc6dee5cc5f336703631d619a16bafab.php 第 79 行.
NOTIC: [8] Undefined index: id D:\WillProject\thinkPHP\Application\Runtime\Cache\Admin\cc6dee5cc5f336703631d619a16bafab.php 第 78 行.
NOTIC: [8] Undefined index: id D:\WillProject\thinkPHP\Application\Runtime\Cache\Admin\cc6dee5cc5f336703631d619a16bafab.php 第 79 行.
NOTIC: [8] Undefined index: delete D:\WillProject\thinkPHP\Application\Runtime\Cache\Admin\cc6dee5cc5f336703631d619a16bafab.php 第 79 行.
NOTIC: [8] Undefined index: menu D:\WillProject\thinkPHP\Application\Runtime\Cache\Admin\cc6dee5cc5f336703631d619a16bafab.php 第 79 行.
NOTIC: [8] Undefined index: id D:\WillProject\thinkPHP\Application\Runtime\Cache\Admin\cc6dee5cc5f336703631d619a16bafab.php 第 78 行.
NOTIC: [8] Undefined index: id D:\WillProject\thinkPHP\Application\Runtime\Cache\Admin\cc6dee5cc5f336703631d619a16bafab.php 第 79 行.
NOTIC: [8] Undefined index: delete D:\WillProject\thinkPHP\Application\Runtime\Cache\Admin\cc6dee5cc5f336703631d619a16bafab.php 第 79 行.
NOTIC: [8] Undefined index: menu D:\WillProject\thinkPHP\Application\Runtime\Cache\Admin\cc6dee5cc5f336703631d619a16bafab.php 第 79 行.
INFO: Run Behavior\ParseTemplateBehavior [ RunTime:0.012855s ]
INFO: [ view_parse ] --END-- [ RunTime:0.012901s ]
INFO: [ view_filter ] --START--
INFO: Run Behavior\WriteHtmlCacheBehavior [ RunTime:0.000533s ]
INFO: [ view_filter ] --END-- [ RunTime:0.000568s ]
INFO: [ app_end ] --START--
INFO: Run Behavior\ShowPageTraceBehavior [ RunTime:0.000620s ]
INFO: [ app_end ] --END-- [ RunTime:0.000685s ]

