[ 2017-10-17T14:47:36+08:00 ] 211.161.244.144 /
INFO: [ app_init ] --START--
INFO: Run Behavior\BuildLiteBehavior [ RunTime:0.000012s ]
INFO: [ app_init ] --END-- [ RunTime:0.000323s ]
INFO: [ app_begin ] --START--
INFO: Run Behavior\ReadHtmlCacheBehavior [ RunTime:0.000413s ]
INFO: [ app_begin ] --END-- [ RunTime:0.000453s ]

[ 2017-10-17T14:47:36+08:00 ] 211.161.244.144 /index.php/Admin/Login/login.html
INFO: [ app_init ] --START--
INFO: Run Behavior\BuildLiteBehavior [ RunTime:0.000011s ]
INFO: [ app_init ] --END-- [ RunTime:0.000265s ]
INFO: [ app_begin ] --START--
INFO: Run Behavior\ReadHtmlCacheBehavior [ RunTime:0.000375s ]
INFO: [ app_begin ] --END-- [ RunTime:0.000413s ]
INFO: [ view_parse ] --START--
INFO: [ template_filter ] --START--
INFO: Run Behavior\ContentReplaceBehavior [ RunTime:0.000036s ]
INFO: [ template_filter ] --END-- [ RunTime:0.000075s ]
INFO: Run Behavior\ParseTemplateBehavior [ RunTime:0.004703s ]
INFO: [ view_parse ] --END-- [ RunTime:0.004741s ]
INFO: [ view_filter ] --START--
INFO: Run Behavior\WriteHtmlCacheBehavior [ RunTime:0.000173s ]
INFO: [ view_filter ] --END-- [ RunTime:0.000205s ]
INFO: [ app_end ] --START--
INFO: Run Behavior\ShowPageTraceBehavior [ RunTime:0.000391s ]
INFO: [ app_end ] --END-- [ RunTime:0.000425s ]

[ 2017-10-17T14:47:46+08:00 ] 101.226.33.205 /index.php/Admin/Login/login.html
INFO: [ app_init ] --START--
INFO: Run Behavior\BuildLiteBehavior [ RunTime:0.000022s ]
INFO: [ app_init ] --END-- [ RunTime:0.000314s ]
INFO: [ app_begin ] --START--
INFO: Run Behavior\ReadHtmlCacheBehavior [ RunTime:0.000416s ]
INFO: [ app_begin ] --END-- [ RunTime:0.000455s ]
INFO: [ view_parse ] --START--
INFO: [ template_filter ] --START--
INFO: Run Behavior\ContentReplaceBehavior [ RunTime:0.000045s ]
INFO: [ template_filter ] --END-- [ RunTime:0.000085s ]
INFO: Run Behavior\ParseTemplateBehavior [ RunTime:0.004770s ]
INFO: [ view_parse ] --END-- [ RunTime:0.004806s ]
INFO: [ view_filter ] --START--
INFO: Run Behavior\WriteHtmlCacheBehavior [ RunTime:0.000176s ]
INFO: [ view_filter ] --END-- [ RunTime:0.000208s ]
INFO: [ app_end ] --START--
INFO: Run Behavior\ShowPageTraceBehavior [ RunTime:0.000411s ]
INFO: [ app_end ] --END-- [ RunTime:0.000465s ]

[ 2017-10-17T14:47:47+08:00 ] 211.161.244.144 /index.php/Admin/Login/check_code.html
INFO: [ app_init ] --START--
INFO: Run Behavior\BuildLiteBehavior [ RunTime:0.000012s ]
INFO: [ app_init ] --END-- [ RunTime:0.000311s ]
INFO: [ app_begin ] --START--
INFO: Run Behavior\ReadHtmlCacheBehavior [ RunTime:0.000408s ]
INFO: [ app_begin ] --END-- [ RunTime:0.000446s ]
SQL: SHOW COLUMNS FROM `yzs_admin_users` [ RunTime:0.0009s ]
SQL: SELECT * FROM `yzs_admin_users` WHERE ( username='will' ) LIMIT 1   [ RunTime:0.0003s ]
SQL: UPDATE `yzs_admin_users` SET `enter_time`='1508222867',`enter_ip`='211.161.244.144' WHERE ( id=3 ) [ RunTime:0.0134s ]
SQL: SHOW COLUMNS FROM `yzs_log` [ RunTime:0.0007s ]
SQL: INSERT INTO `yzs_log` (`ctr`,`act`,`user_id`,`user_name`,`get`,`post`,`time`) VALUES ('Login','check_code','3','will','','{\"username\":\"will\",\"password\":\"zw0403301x\"}','1508222867') [ RunTime:0.0087s ]

[ 2017-10-17T14:47:48+08:00 ] 211.161.244.144 /index.php/Admin/Index/index.html
INFO: [ app_init ] --START--
INFO: Run Behavior\BuildLiteBehavior [ RunTime:0.000013s ]
INFO: [ app_init ] --END-- [ RunTime:0.000312s ]
INFO: [ app_begin ] --START--
INFO: Run Behavior\ReadHtmlCacheBehavior [ RunTime:0.000412s ]
INFO: [ app_begin ] --END-- [ RunTime:0.000456s ]
SQL: SHOW COLUMNS FROM `yzs_log` [ RunTime:0.0007s ]
SQL: INSERT INTO `yzs_log` (`ctr`,`act`,`user_id`,`user_name`,`get`,`post`,`time`) VALUES ('Index','index','3','will','','','1508222868') [ RunTime:0.0171s ]
SQL: SHOW COLUMNS FROM `yzs_catalogue` [ RunTime:0.0007s ]
SQL: SELECT * FROM `yzs_catalogue` WHERE ( state=1 )  [ RunTime:0.0003s ]
INFO: [ view_parse ] --START--
INFO: [ template_filter ] --START--
INFO: Run Behavior\ContentReplaceBehavior [ RunTime:0.000040s ]
INFO: [ template_filter ] --END-- [ RunTime:0.000086s ]
INFO: Run Behavior\ParseTemplateBehavior [ RunTime:0.005161s ]
INFO: [ view_parse ] --END-- [ RunTime:0.005201s ]
INFO: [ view_filter ] --START--
INFO: Run Behavior\WriteHtmlCacheBehavior [ RunTime:0.000178s ]
INFO: [ view_filter ] --END-- [ RunTime:0.000211s ]
INFO: [ app_end ] --START--
INFO: Run Behavior\ShowPageTraceBehavior [ RunTime:0.000456s ]
INFO: [ app_end ] --END-- [ RunTime:0.000492s ]

[ 2017-10-17T14:47:49+08:00 ] 211.161.244.144 /index.php/Admin/System/admin_list.html
INFO: [ app_init ] --START--
INFO: Run Behavior\BuildLiteBehavior [ RunTime:0.000013s ]
INFO: [ app_init ] --END-- [ RunTime:0.000298s ]
INFO: [ app_begin ] --START--
INFO: Run Behavior\ReadHtmlCacheBehavior [ RunTime:0.000447s ]
INFO: [ app_begin ] --END-- [ RunTime:0.000502s ]
SQL: SHOW COLUMNS FROM `yzs_log` [ RunTime:0.0007s ]
SQL: INSERT INTO `yzs_log` (`ctr`,`act`,`user_id`,`user_name`,`get`,`post`,`time`) VALUES ('System','admin_list','3','will','','','1508222868') [ RunTime:0.0137s ]
SQL: SHOW COLUMNS FROM `yzs_admin_users` [ RunTime:0.0007s ]
SQL: SELECT COUNT(*) AS tp_count FROM `yzs_admin_users` LIMIT 1   [ RunTime:0.0002s ]
SQL: SELECT * FROM `yzs_admin_users` WHERE ( 1 and status='1' ) ORDER BY rank LIMIT 0,20   [ RunTime:0.0003s ]
NOTIC: [2] date() expects parameter 2 to be long, string given /home/wwwroot/cesi3.0.zhiyujinrong.com/Application/Admin/Controller/SystemController.class.php 第 249 行.
SQL: SELECT `name` FROM `yzs_admin_users` WHERE ( id=0 ) LIMIT 1   [ RunTime:0.0002s ]
SQL: SELECT `name` FROM `yzs_admin_users` WHERE ( id=0 ) LIMIT 1   [ RunTime:0.0002s ]
SQL: SELECT `name` FROM `yzs_admin_users` WHERE ( id=3 ) LIMIT 1   [ RunTime:0.0002s ]
NOTIC: [2] date() expects parameter 2 to be long, string given /home/wwwroot/cesi3.0.zhiyujinrong.com/Application/Admin/Controller/SystemController.class.php 第 249 行.
SQL: SELECT `name` FROM `yzs_admin_users` WHERE ( id=3 ) LIMIT 1   [ RunTime:0.0002s ]
INFO: [ view_parse ] --START--
INFO: [ template_filter ] --START--
INFO: Run Behavior\ContentReplaceBehavior [ RunTime:0.000046s ]
INFO: [ template_filter ] --END-- [ RunTime:0.000098s ]
NOTIC: [8] Undefined index: delete /home/wwwroot/cesi3.0.zhiyujinrong.com/Application/Runtime/Cache/Admin/20ad540a2aa8b40fd265df5c9fff6957.php 第 76 行.
NOTIC: [8] Undefined index: menu /home/wwwroot/cesi3.0.zhiyujinrong.com/Application/Runtime/Cache/Admin/20ad540a2aa8b40fd265df5c9fff6957.php 第 76 行.
NOTIC: [8] Undefined index: delete /home/wwwroot/cesi3.0.zhiyujinrong.com/Application/Runtime/Cache/Admin/20ad540a2aa8b40fd265df5c9fff6957.php 第 76 行.
NOTIC: [8] Undefined index: menu /home/wwwroot/cesi3.0.zhiyujinrong.com/Application/Runtime/Cache/Admin/20ad540a2aa8b40fd265df5c9fff6957.php 第 76 行.
NOTIC: [8] Undefined index: delete /home/wwwroot/cesi3.0.zhiyujinrong.com/Application/Runtime/Cache/Admin/20ad540a2aa8b40fd265df5c9fff6957.php 第 76 行.
NOTIC: [8] Undefined index: menu /home/wwwroot/cesi3.0.zhiyujinrong.com/Application/Runtime/Cache/Admin/20ad540a2aa8b40fd265df5c9fff6957.php 第 76 行.
NOTIC: [8] Undefined index: delete /home/wwwroot/cesi3.0.zhiyujinrong.com/Application/Runtime/Cache/Admin/20ad540a2aa8b40fd265df5c9fff6957.php 第 76 行.
NOTIC: [8] Undefined index: menu /home/wwwroot/cesi3.0.zhiyujinrong.com/Application/Runtime/Cache/Admin/20ad540a2aa8b40fd265df5c9fff6957.php 第 76 行.
INFO: Run Behavior\ParseTemplateBehavior [ RunTime:0.008426s ]
INFO: [ view_parse ] --END-- [ RunTime:0.008462s ]
INFO: [ view_filter ] --START--
INFO: Run Behavior\WriteHtmlCacheBehavior [ RunTime:0.000177s ]
INFO: [ view_filter ] --END-- [ RunTime:0.000210s ]
INFO: [ app_end ] --START--
INFO: Run Behavior\ShowPageTraceBehavior [ RunTime:0.000438s ]
INFO: [ app_end ] --END-- [ RunTime:0.000475s ]

[ 2017-10-17T14:47:58+08:00 ] 101.226.66.187 /index.php/Admin/Index/index.html
INFO: [ app_init ] --START--
INFO: Run Behavior\BuildLiteBehavior [ RunTime:0.000013s ]
INFO: [ app_init ] --END-- [ RunTime:0.000284s ]
INFO: [ app_begin ] --START--
INFO: Run Behavior\ReadHtmlCacheBehavior [ RunTime:0.000426s ]
INFO: [ app_begin ] --END-- [ RunTime:0.000470s ]

[ 2017-10-17T14:47:58+08:00 ] 101.226.66.187 /index.php/Admin/Login/login.html
INFO: [ app_init ] --START--
INFO: Run Behavior\BuildLiteBehavior [ RunTime:0.000011s ]
INFO: [ app_init ] --END-- [ RunTime:0.000271s ]
INFO: [ app_begin ] --START--
INFO: Run Behavior\ReadHtmlCacheBehavior [ RunTime:0.000383s ]
INFO: [ app_begin ] --END-- [ RunTime:0.000421s ]
INFO: [ view_parse ] --START--
INFO: [ template_filter ] --START--
INFO: Run Behavior\ContentReplaceBehavior [ RunTime:0.000037s ]
INFO: [ template_filter ] --END-- [ RunTime:0.000076s ]
INFO: Run Behavior\ParseTemplateBehavior [ RunTime:0.004974s ]
INFO: [ view_parse ] --END-- [ RunTime:0.005012s ]
INFO: [ view_filter ] --START--
INFO: Run Behavior\WriteHtmlCacheBehavior [ RunTime:0.000174s ]
INFO: [ view_filter ] --END-- [ RunTime:0.000205s ]
INFO: [ app_end ] --START--
INFO: Run Behavior\ShowPageTraceBehavior [ RunTime:0.000421s ]
INFO: [ app_end ] --END-- [ RunTime:0.000455s ]

[ 2017-10-17T14:48:16+08:00 ] 211.161.244.144 /index.php/Admin/Product/product_list.html
INFO: [ app_init ] --START--
INFO: Run Behavior\BuildLiteBehavior [ RunTime:0.000012s ]
INFO: [ app_init ] --END-- [ RunTime:0.000332s ]
INFO: [ app_begin ] --START--
INFO: Run Behavior\ReadHtmlCacheBehavior [ RunTime:0.000435s ]
INFO: [ app_begin ] --END-- [ RunTime:0.000475s ]
SQL: SHOW COLUMNS FROM `yzs_log` [ RunTime:0.0007s ]
SQL: INSERT INTO `yzs_log` (`ctr`,`act`,`user_id`,`user_name`,`get`,`post`,`time`) VALUES ('Product','product_list','3','will','','','1508222896') [ RunTime:0.0138s ]
SQL: SHOW COLUMNS FROM `yzs_product` [ RunTime:0.0007s ]
SQL: SELECT COUNT(id) AS tp_count FROM `yzs_product` LIMIT 1   [ RunTime:0.0002s ]
SQL: select p.*, (select `name` from yzs_product_type pt where id=p.type)as ptname,
                (select `name` from yzs_loans_type lt where id=p.loans_type) as ltname from yzs_product p where 1 limit 0,20 [ RunTime:0.0003s ]
SQL: select GROUP_CONCAT(name) as city from yzs_territory ter where id in(1) [ RunTime:0.0002s ]
INFO: [ view_parse ] --START--
INFO: [ template_filter ] --START--
INFO: Run Behavior\ContentReplaceBehavior [ RunTime:0.000045s ]
INFO: [ template_filter ] --END-- [ RunTime:0.000081s ]
NOTIC: [8] Undefined index: enter_time /home/wwwroot/cesi3.0.zhiyujinrong.com/Application/Runtime/Cache/Admin/527ac73b321bc66eb5b723d07450871f.php 第 75 行.
NOTIC: [8] Undefined index: enter_ip /home/wwwroot/cesi3.0.zhiyujinrong.com/Application/Runtime/Cache/Admin/527ac73b321bc66eb5b723d07450871f.php 第 76 行.
NOTIC: [8] Undefined index: delete /home/wwwroot/cesi3.0.zhiyujinrong.com/Application/Runtime/Cache/Admin/527ac73b321bc66eb5b723d07450871f.php 第 79 行.
NOTIC: [8] Undefined index: menu /home/wwwroot/cesi3.0.zhiyujinrong.com/Application/Runtime/Cache/Admin/527ac73b321bc66eb5b723d07450871f.php 第 79 行.
INFO: Run Behavior\ParseTemplateBehavior [ RunTime:0.007983s ]
INFO: [ view_parse ] --END-- [ RunTime:0.008017s ]
INFO: [ view_filter ] --START--
INFO: Run Behavior\WriteHtmlCacheBehavior [ RunTime:0.000187s ]
INFO: [ view_filter ] --END-- [ RunTime:0.000219s ]
INFO: [ app_end ] --START--
INFO: Run Behavior\ShowPageTraceBehavior [ RunTime:0.000384s ]
INFO: [ app_end ] --END-- [ RunTime:0.000418s ]

[ 2017-10-17T14:48:18+08:00 ] 211.161.244.144 /index.php/Admin/Product/product_redact.html
INFO: [ app_init ] --START--
INFO: Run Behavior\BuildLiteBehavior [ RunTime:0.000013s ]
INFO: [ app_init ] --END-- [ RunTime:0.000288s ]
INFO: [ app_begin ] --START--
INFO: Run Behavior\ReadHtmlCacheBehavior [ RunTime:0.000390s ]
INFO: [ app_begin ] --END-- [ RunTime:0.000430s ]
SQL: SHOW COLUMNS FROM `yzs_log` [ RunTime:0.0007s ]
SQL: INSERT INTO `yzs_log` (`ctr`,`act`,`user_id`,`user_name`,`get`,`post`,`time`) VALUES ('Product','product_redact','3','will','','','1508222898') [ RunTime:0.0069s ]
SQL: SHOW COLUMNS FROM `yzs_territory` [ RunTime:0.0004s ]
SQL: SELECT * FROM `yzs_territory` WHERE ( higher_up='0' )  [ RunTime:0.0004s ]
SQL: SHOW COLUMNS FROM `yzs_loans_type` [ RunTime:0.0003s ]
SQL: SELECT * FROM `yzs_loans_type`  [ RunTime:0.0001s ]
SQL: SHOW COLUMNS FROM `yzs_house_type` [ RunTime:0.0004s ]
SQL: SELECT * FROM `yzs_house_type`  [ RunTime:0.0002s ]
INFO: [ view_parse ] --START--
INFO: [ template_filter ] --START--
INFO: Run Behavior\ContentReplaceBehavior [ RunTime:0.000071s ]
INFO: [ template_filter ] --END-- [ RunTime:0.000111s ]
NOTIC: [8] Undefined variable: product /home/wwwroot/cesi3.0.zhiyujinrong.com/Application/Runtime/Cache/Admin/9ff023b606b5c4b18abb3eb0282c776b.php 第 66 行.
NOTIC: [8] Undefined variable: product /home/wwwroot/cesi3.0.zhiyujinrong.com/Application/Runtime/Cache/Admin/9ff023b606b5c4b18abb3eb0282c776b.php 第 68 行.
NOTIC: [8] Undefined variable: product /home/wwwroot/cesi3.0.zhiyujinrong.com/Application/Runtime/Cache/Admin/9ff023b606b5c4b18abb3eb0282c776b.php 第 72 行.
NOTIC: [8] Undefined variable: product /home/wwwroot/cesi3.0.zhiyujinrong.com/Application/Runtime/Cache/Admin/9ff023b606b5c4b18abb3eb0282c776b.php 第 74 行.
NOTIC: [8] Undefined variable: product /home/wwwroot/cesi3.0.zhiyujinrong.com/Application/Runtime/Cache/Admin/9ff023b606b5c4b18abb3eb0282c776b.php 第 78 行.
NOTIC: [8] Undefined variable: product /home/wwwroot/cesi3.0.zhiyujinrong.com/Application/Runtime/Cache/Admin/9ff023b606b5c4b18abb3eb0282c776b.php 第 80 行.
NOTIC: [8] Undefined variable: product /home/wwwroot/cesi3.0.zhiyujinrong.com/Application/Runtime/Cache/Admin/9ff023b606b5c4b18abb3eb0282c776b.php 第 84 行.
NOTIC: [8] Undefined variable: product /home/wwwroot/cesi3.0.zhiyujinrong.com/Application/Runtime/Cache/Admin/9ff023b606b5c4b18abb3eb0282c776b.php 第 86 行.
NOTIC: [8] Undefined variable: product /home/wwwroot/cesi3.0.zhiyujinrong.com/Application/Runtime/Cache/Admin/9ff023b606b5c4b18abb3eb0282c776b.php 第 90 行.
NOTIC: [8] Undefined variable: product /home/wwwroot/cesi3.0.zhiyujinrong.com/Application/Runtime/Cache/Admin/9ff023b606b5c4b18abb3eb0282c776b.php 第 92 行.
NOTIC: [8] Undefined variable: product /home/wwwroot/cesi3.0.zhiyujinrong.com/Application/Runtime/Cache/Admin/9ff023b606b5c4b18abb3eb0282c776b.php 第 96 行.
NOTIC: [8] Undefined variable: product /home/wwwroot/cesi3.0.zhiyujinrong.com/Application/Runtime/Cache/Admin/9ff023b606b5c4b18abb3eb0282c776b.php 第 98 行.
NOTIC: [8] Undefined variable: product /home/wwwroot/cesi3.0.zhiyujinrong.com/Application/Runtime/Cache/Admin/9ff023b606b5c4b18abb3eb0282c776b.php 第 102 行.
NOTIC: [8] Undefined variable: product /home/wwwroot/cesi3.0.zhiyujinrong.com/Application/Runtime/Cache/Admin/9ff023b606b5c4b18abb3eb0282c776b.php 第 104 行.
NOTIC: [8] Undefined variable: user /home/wwwroot/cesi3.0.zhiyujinrong.com/Application/Runtime/Cache/Admin/9ff023b606b5c4b18abb3eb0282c776b.php 第 109 行.
NOTIC: [8] Undefined variable: p_city /home/wwwroot/cesi3.0.zhiyujinrong.com/Application/Runtime/Cache/Admin/9ff023b606b5c4b18abb3eb0282c776b.php 第 118 行.
NOTIC: [8] Undefined variable: p_city /home/wwwroot/cesi3.0.zhiyujinrong.com/Application/Runtime/Cache/Admin/9ff023b606b5c4b18abb3eb0282c776b.php 第 118 行.
NOTIC: [8] Undefined variable: territory /home/wwwroot/cesi3.0.zhiyujinrong.com/Application/Runtime/Cache/Admin/9ff023b606b5c4b18abb3eb0282c776b.php 第 124 行.
NOTIC: [8] Undefined index: state /home/wwwroot/cesi3.0.zhiyujinrong.com/Application/Runtime/Cache/Admin/9ff023b606b5c4b18abb3eb0282c776b.php 第 135 行.
NOTIC: [8] Undefined index: state /home/wwwroot/cesi3.0.zhiyujinrong.com/Application/Runtime/Cache/Admin/9ff023b606b5c4b18abb3eb0282c776b.php 第 135 行.
NOTIC: [8] Undefined index: state /home/wwwroot/cesi3.0.zhiyujinrong.com/Application/Runtime/Cache/Admin/9ff023b606b5c4b18abb3eb0282c776b.php 第 135 行.
NOTIC: [8] Undefined index: state /home/wwwroot/cesi3.0.zhiyujinrong.com/Application/Runtime/Cache/Admin/9ff023b606b5c4b18abb3eb0282c776b.php 第 135 行.
NOTIC: [8] Undefined index: state /home/wwwroot/cesi3.0.zhiyujinrong.com/Application/Runtime/Cache/Admin/9ff023b606b5c4b18abb3eb0282c776b.php 第 135 行.
NOTIC: [8] Undefined index: state /home/wwwroot/cesi3.0.zhiyujinrong.com/Application/Runtime/Cache/Admin/9ff023b606b5c4b18abb3eb0282c776b.php 第 135 行.
NOTIC: [8] Undefined index: state /home/wwwroot/cesi3.0.zhiyujinrong.com/Application/Runtime/Cache/Admin/9ff023b606b5c4b18abb3eb0282c776b.php 第 135 行.
NOTIC: [8] Undefined index: state /home/wwwroot/cesi3.0.zhiyujinrong.com/Application/Runtime/Cache/Admin/9ff023b606b5c4b18abb3eb0282c776b.php 第 135 行.
NOTIC: [8] Undefined index: state /home/wwwroot/cesi3.0.zhiyujinrong.com/Application/Runtime/Cache/Admin/9ff023b606b5c4b18abb3eb0282c776b.php 第 135 行.
NOTIC: [8] Undefined index: impawn_type /home/wwwroot/cesi3.0.zhiyujinrong.com/Application/Runtime/Cache/Admin/9ff023b606b5c4b18abb3eb0282c776b.php 第 136 行.
NOTIC: [8] Undefined index: state /home/wwwroot/cesi3.0.zhiyujinrong.com/Application/Runtime/Cache/Admin/9ff023b606b5c4b18abb3eb0282c776b.php 第 140 行.
NOTIC: [8] Undefined index: state /home/wwwroot/cesi3.0.zhiyujinrong.com/Application/Runtime/Cache/Admin/9ff023b606b5c4b18abb3eb0282c776b.php 第 140 行.
NOTIC: [8] Undefined index: state /home/wwwroot/cesi3.0.zhiyujinrong.com/Application/Runtime/Cache/Admin/9ff023b606b5c4b18abb3eb0282c776b.php 第 140 行.
NOTIC: [8] Undefined index: state /home/wwwroot/cesi3.0.zhiyujinrong.com/Application/Runtime/Cache/Admin/9ff023b606b5c4b18abb3eb0282c776b.php 第 140 行.
NOTIC: [8] Undefined variable: product /home/wwwroot/cesi3.0.zhiyujinrong.com/Application/Runtime/Cache/Admin/9ff023b606b5c4b18abb3eb0282c776b.php 第 141 行.
NOTIC: [8] Undefined variable: product /home/wwwroot/cesi3.0.zhiyujinrong.com/Application/Runtime/Cache/Admin/9ff023b606b5c4b18abb3eb0282c776b.php 第 148 行.
NOTIC: [8] Undefined index: state /home/wwwroot/cesi3.0.zhiyujinrong.com/Application/Runtime/Cache/Admin/9ff023b606b5c4b18abb3eb0282c776b.php 第 153 行.
NOTIC: [8] Undefined index: state /home/wwwroot/cesi3.0.zhiyujinrong.com/Application/Runtime/Cache/Admin/9ff023b606b5c4b18abb3eb0282c776b.php 第 153 行.
NOTIC: [8] Undefined index: state /home/wwwroot/cesi3.0.zhiyujinrong.com/Application/Runtime/Cache/Admin/9ff023b606b5c4b18abb3eb0282c776b.php 第 153 行.
NOTIC: [8] Undefined index: state /home/wwwroot/cesi3.0.zhiyujinrong.com/Application/Runtime/Cache/Admin/9ff023b606b5c4b18abb3eb0282c776b.php 第 153 行.
NOTIC: [8] Undefined variable: product /home/wwwroot/cesi3.0.zhiyujinrong.com/Application/Runtime/Cache/Admin/9ff023b606b5c4b18abb3eb0282c776b.php 第 154 行.
NOTIC: [8] Undefined variable: user /home/wwwroot/cesi3.0.zhiyujinrong.com/Application/Runtime/Cache/Admin/9ff023b606b5c4b18abb3eb0282c776b.php 第 176 行.
NOTIC: [8] Undefined variable: user /home/wwwroot/cesi3.0.zhiyujinrong.com/Application/Runtime/Cache/Admin/9ff023b606b5c4b18abb3eb0282c776b.php 第 177 行.
NOTIC: [8] Undefined variable: user /home/wwwroot/cesi3.0.zhiyujinrong.com/Application/Runtime/Cache/Admin/9ff023b606b5c4b18abb3eb0282c776b.php 第 178 行.
INFO: Run Behavior\ParseTemplateBehavior [ RunTime:0.012474s ]
INFO: [ view_parse ] --END-- [ RunTime:0.012514s ]
INFO: [ view_filter ] --START--
INFO: Run Behavior\WriteHtmlCacheBehavior [ RunTime:0.000181s ]
INFO: [ view_filter ] --END-- [ RunTime:0.000218s ]
INFO: [ app_end ] --START--
INFO: Run Behavior\ShowPageTraceBehavior [ RunTime:0.000438s ]
INFO: [ app_end ] --END-- [ RunTime:0.000476s ]

[ 2017-10-17T14:48:22+08:00 ] 211.161.244.144 /index.php/Admin/Product/product_list.html
INFO: [ app_init ] --START--
INFO: Run Behavior\BuildLiteBehavior [ RunTime:0.000013s ]
INFO: [ app_init ] --END-- [ RunTime:0.000334s ]
INFO: [ app_begin ] --START--
INFO: Run Behavior\ReadHtmlCacheBehavior [ RunTime:0.000438s ]
INFO: [ app_begin ] --END-- [ RunTime:0.000477s ]
SQL: SHOW COLUMNS FROM `yzs_log` [ RunTime:0.0007s ]
SQL: INSERT INTO `yzs_log` (`ctr`,`act`,`user_id`,`user_name`,`get`,`post`,`time`) VALUES ('Product','product_list','3','will','','','1508222902') [ RunTime:0.0134s ]
SQL: SHOW COLUMNS FROM `yzs_product` [ RunTime:0.0008s ]
SQL: SELECT COUNT(id) AS tp_count FROM `yzs_product` LIMIT 1   [ RunTime:0.0002s ]
SQL: select p.*, (select `name` from yzs_product_type pt where id=p.type)as ptname,
                (select `name` from yzs_loans_type lt where id=p.loans_type) as ltname from yzs_product p where 1 limit 0,20 [ RunTime:0.0004s ]
SQL: select GROUP_CONCAT(name) as city from yzs_territory ter where id in(1) [ RunTime:0.0003s ]
INFO: [ view_parse ] --START--
INFO: [ template_filter ] --START--
INFO: Run Behavior\ContentReplaceBehavior [ RunTime:0.000048s ]
INFO: [ template_filter ] --END-- [ RunTime:0.000089s ]
NOTIC: [8] Undefined index: enter_time /home/wwwroot/cesi3.0.zhiyujinrong.com/Application/Runtime/Cache/Admin/527ac73b321bc66eb5b723d07450871f.php 第 75 行.
NOTIC: [8] Undefined index: enter_ip /home/wwwroot/cesi3.0.zhiyujinrong.com/Application/Runtime/Cache/Admin/527ac73b321bc66eb5b723d07450871f.php 第 76 行.
NOTIC: [8] Undefined index: delete /home/wwwroot/cesi3.0.zhiyujinrong.com/Application/Runtime/Cache/Admin/527ac73b321bc66eb5b723d07450871f.php 第 79 行.
NOTIC: [8] Undefined index: menu /home/wwwroot/cesi3.0.zhiyujinrong.com/Application/Runtime/Cache/Admin/527ac73b321bc66eb5b723d07450871f.php 第 79 行.
INFO: Run Behavior\ParseTemplateBehavior [ RunTime:0.008373s ]
INFO: [ view_parse ] --END-- [ RunTime:0.008411s ]
INFO: [ view_filter ] --START--
INFO: Run Behavior\WriteHtmlCacheBehavior [ RunTime:0.000177s ]
INFO: [ view_filter ] --END-- [ RunTime:0.000209s ]
INFO: [ app_end ] --START--
INFO: Run Behavior\ShowPageTraceBehavior [ RunTime:0.000423s ]
INFO: [ app_end ] --END-- [ RunTime:0.000458s ]

[ 2017-10-17T14:48:26+08:00 ] 101.226.66.192 /index.php/Admin/Product/product_list.html
INFO: [ app_init ] --START--
INFO: Run Behavior\BuildLiteBehavior [ RunTime:0.000013s ]
INFO: [ app_init ] --END-- [ RunTime:0.000329s ]
INFO: [ app_begin ] --START--
INFO: Run Behavior\ReadHtmlCacheBehavior [ RunTime:0.000430s ]
INFO: [ app_begin ] --END-- [ RunTime:0.000475s ]

[ 2017-10-17T14:48:26+08:00 ] 101.226.66.192 /index.php/Admin/Login/login.html
INFO: [ app_init ] --START--
INFO: Run Behavior\BuildLiteBehavior [ RunTime:0.000017s ]
INFO: [ app_init ] --END-- [ RunTime:0.000323s ]
INFO: [ app_begin ] --START--
INFO: Run Behavior\ReadHtmlCacheBehavior [ RunTime:0.000452s ]
INFO: [ app_begin ] --END-- [ RunTime:0.000492s ]
INFO: [ view_parse ] --START--
INFO: [ template_filter ] --START--
INFO: Run Behavior\ContentReplaceBehavior [ RunTime:0.000035s ]
INFO: [ template_filter ] --END-- [ RunTime:0.000075s ]
INFO: Run Behavior\ParseTemplateBehavior [ RunTime:0.005068s ]
INFO: [ view_parse ] --END-- [ RunTime:0.005104s ]
INFO: [ view_filter ] --START--
INFO: Run Behavior\WriteHtmlCacheBehavior [ RunTime:0.000193s ]
INFO: [ view_filter ] --END-- [ RunTime:0.000227s ]
INFO: [ app_end ] --START--
INFO: Run Behavior\ShowPageTraceBehavior [ RunTime:0.000414s ]
INFO: [ app_end ] --END-- [ RunTime:0.000458s ]

[ 2017-10-17T14:48:28+08:00 ] 101.226.33.225 /index.php/Admin/Product/product_redact.html
INFO: [ app_init ] --START--
INFO: Run Behavior\BuildLiteBehavior [ RunTime:0.000013s ]
INFO: [ app_init ] --END-- [ RunTime:0.000311s ]
INFO: [ app_begin ] --START--
INFO: Run Behavior\ReadHtmlCacheBehavior [ RunTime:0.000416s ]
INFO: [ app_begin ] --END-- [ RunTime:0.000457s ]

[ 2017-10-17T14:48:28+08:00 ] 101.226.33.225 /index.php/Admin/Login/login.html
INFO: [ app_init ] --START--
INFO: Run Behavior\BuildLiteBehavior [ RunTime:0.000013s ]
INFO: [ app_init ] --END-- [ RunTime:0.000286s ]
INFO: [ app_begin ] --START--
INFO: Run Behavior\ReadHtmlCacheBehavior [ RunTime:0.000387s ]
INFO: [ app_begin ] --END-- [ RunTime:0.000426s ]
INFO: [ view_parse ] --START--
INFO: [ template_filter ] --START--
INFO: Run Behavior\ContentReplaceBehavior [ RunTime:0.000036s ]
INFO: [ template_filter ] --END-- [ RunTime:0.000075s ]
INFO: Run Behavior\ParseTemplateBehavior [ RunTime:0.004921s ]
INFO: [ view_parse ] --END-- [ RunTime:0.004958s ]
INFO: [ view_filter ] --START--
INFO: Run Behavior\WriteHtmlCacheBehavior [ RunTime:0.000178s ]
INFO: [ view_filter ] --END-- [ RunTime:0.000209s ]
INFO: [ app_end ] --START--
INFO: Run Behavior\ShowPageTraceBehavior [ RunTime:0.000432s ]
INFO: [ app_end ] --END-- [ RunTime:0.000466s ]

[ 2017-10-17T14:56:04+08:00 ] 106.11.227.168 /
INFO: [ app_init ] --START--
INFO: Run Behavior\BuildLiteBehavior [ RunTime:0.000012s ]
INFO: [ app_init ] --END-- [ RunTime:0.000299s ]
INFO: [ app_begin ] --START--
INFO: Run Behavior\ReadHtmlCacheBehavior [ RunTime:0.000424s ]
INFO: [ app_begin ] --END-- [ RunTime:0.000464s ]

[ 2017-10-17T14:56:04+08:00 ] 106.11.227.122 /index.php/Admin/Login/login.html
INFO: [ app_init ] --START--
INFO: Run Behavior\BuildLiteBehavior [ RunTime:0.000011s ]
INFO: [ app_init ] --END-- [ RunTime:0.000269s ]
INFO: [ app_begin ] --START--
INFO: Run Behavior\ReadHtmlCacheBehavior [ RunTime:0.000385s ]
INFO: [ app_begin ] --END-- [ RunTime:0.000445s ]
INFO: [ view_parse ] --START--
INFO: [ template_filter ] --START--
INFO: Run Behavior\ContentReplaceBehavior [ RunTime:0.000035s ]
INFO: [ template_filter ] --END-- [ RunTime:0.000075s ]
INFO: Run Behavior\ParseTemplateBehavior [ RunTime:0.004690s ]
INFO: [ view_parse ] --END-- [ RunTime:0.004726s ]
INFO: [ view_filter ] --START--
INFO: Run Behavior\WriteHtmlCacheBehavior [ RunTime:0.000186s ]
INFO: [ view_filter ] --END-- [ RunTime:0.000218s ]
INFO: [ app_end ] --START--
INFO: Run Behavior\ShowPageTraceBehavior [ RunTime:0.000402s ]
INFO: [ app_end ] --END-- [ RunTime:0.000435s ]

[ 2017-10-17T15:13:07+08:00 ] 211.161.244.144 /index.php/Admin/System/admin_list.html
INFO: [ app_init ] --START--
INFO: Run Behavior\BuildLiteBehavior [ RunTime:0.000017s ]
INFO: [ app_init ] --END-- [ RunTime:0.000448s ]
INFO: [ app_begin ] --START--
INFO: Run Behavior\ReadHtmlCacheBehavior [ RunTime:0.000633s ]
INFO: [ app_begin ] --END-- [ RunTime:0.000737s ]
SQL: SHOW COLUMNS FROM `yzs_log` [ RunTime:0.0007s ]
SQL: INSERT INTO `yzs_log` (`ctr`,`act`,`user_id`,`user_name`,`get`,`post`,`time`) VALUES ('System','admin_list','3','will','','','1508224387') [ RunTime:0.0127s ]
SQL: SHOW COLUMNS FROM `yzs_admin_users` [ RunTime:0.0007s ]
SQL: SELECT COUNT(*) AS tp_count FROM `yzs_admin_users` LIMIT 1   [ RunTime:0.0002s ]
SQL: SELECT * FROM `yzs_admin_users` WHERE ( 1 and status='1' ) ORDER BY rank LIMIT 0,20   [ RunTime:0.0003s ]
NOTIC: [2] date() expects parameter 2 to be long, string given /home/wwwroot/cesi3.0.zhiyujinrong.com/Application/Admin/Controller/SystemController.class.php 第 249 行.
SQL: SELECT `name` FROM `yzs_admin_users` WHERE ( id=0 ) LIMIT 1   [ RunTime:0.0002s ]
SQL: SELECT `name` FROM `yzs_admin_users` WHERE ( id=0 ) LIMIT 1   [ RunTime:0.0002s ]
SQL: SELECT `name` FROM `yzs_admin_users` WHERE ( id=3 ) LIMIT 1   [ RunTime:0.0002s ]
NOTIC: [2] date() expects parameter 2 to be long, string given /home/wwwroot/cesi3.0.zhiyujinrong.com/Application/Admin/Controller/SystemController.class.php 第 249 行.
SQL: SELECT `name` FROM `yzs_admin_users` WHERE ( id=3 ) LIMIT 1   [ RunTime:0.0002s ]
INFO: [ view_parse ] --START--
INFO: [ template_filter ] --START--
INFO: Run Behavior\ContentReplaceBehavior [ RunTime:0.000049s ]
INFO: [ template_filter ] --END-- [ RunTime:0.000089s ]
NOTIC: [8] Undefined index: delete /home/wwwroot/cesi3.0.zhiyujinrong.com/Application/Runtime/Cache/Admin/20ad540a2aa8b40fd265df5c9fff6957.php 第 76 行.
NOTIC: [8] Undefined index: menu /home/wwwroot/cesi3.0.zhiyujinrong.com/Application/Runtime/Cache/Admin/20ad540a2aa8b40fd265df5c9fff6957.php 第 76 行.
NOTIC: [8] Undefined index: delete /home/wwwroot/cesi3.0.zhiyujinrong.com/Application/Runtime/Cache/Admin/20ad540a2aa8b40fd265df5c9fff6957.php 第 76 行.
NOTIC: [8] Undefined index: menu /home/wwwroot/cesi3.0.zhiyujinrong.com/Application/Runtime/Cache/Admin/20ad540a2aa8b40fd265df5c9fff6957.php 第 76 行.
NOTIC: [8] Undefined index: delete /home/wwwroot/cesi3.0.zhiyujinrong.com/Application/Runtime/Cache/Admin/20ad540a2aa8b40fd265df5c9fff6957.php 第 76 行.
NOTIC: [8] Undefined index: menu /home/wwwroot/cesi3.0.zhiyujinrong.com/Application/Runtime/Cache/Admin/20ad540a2aa8b40fd265df5c9fff6957.php 第 76 行.
NOTIC: [8] Undefined index: delete /home/wwwroot/cesi3.0.zhiyujinrong.com/Application/Runtime/Cache/Admin/20ad540a2aa8b40fd265df5c9fff6957.php 第 76 行.
NOTIC: [8] Undefined index: menu /home/wwwroot/cesi3.0.zhiyujinrong.com/Application/Runtime/Cache/Admin/20ad540a2aa8b40fd265df5c9fff6957.php 第 76 行.
INFO: Run Behavior\ParseTemplateBehavior [ RunTime:0.008585s ]
INFO: [ view_parse ] --END-- [ RunTime:0.008623s ]
INFO: [ view_filter ] --START--
INFO: Run Behavior\WriteHtmlCacheBehavior [ RunTime:0.000180s ]
INFO: [ view_filter ] --END-- [ RunTime:0.000214s ]
INFO: [ app_end ] --START--
INFO: Run Behavior\ShowPageTraceBehavior [ RunTime:0.000414s ]
INFO: [ app_end ] --END-- [ RunTime:0.000449s ]

[ 2017-10-17T15:13:07+08:00 ] 211.161.244.144 /index.php/Admin/Product/product_list.html
INFO: [ app_init ] --START--
INFO: Run Behavior\BuildLiteBehavior [ RunTime:0.000015s ]
INFO: [ app_init ] --END-- [ RunTime:0.000425s ]
INFO: [ app_begin ] --START--
INFO: Run Behavior\ReadHtmlCacheBehavior [ RunTime:0.000657s ]
INFO: [ app_begin ] --END-- [ RunTime:0.000718s ]
SQL: SHOW COLUMNS FROM `yzs_log` [ RunTime:0.0006s ]
SQL: INSERT INTO `yzs_log` (`ctr`,`act`,`user_id`,`user_name`,`get`,`post`,`time`) VALUES ('Product','product_list','3','will','','','1508224387') [ RunTime:0.0127s ]
SQL: SHOW COLUMNS FROM `yzs_product` [ RunTime:0.0008s ]
SQL: SELECT COUNT(id) AS tp_count FROM `yzs_product` LIMIT 1   [ RunTime:0.0002s ]
SQL: select p.*, (select `name` from yzs_product_type pt where id=p.type)as ptname,
                (select `name` from yzs_loans_type lt where id=p.loans_type) as ltname from yzs_product p where 1 limit 0,20 [ RunTime:0.0003s ]
SQL: select GROUP_CONCAT(name) as city from yzs_territory ter where id in(1) [ RunTime:0.0002s ]
INFO: [ view_parse ] --START--
INFO: [ template_filter ] --START--
INFO: Run Behavior\ContentReplaceBehavior [ RunTime:0.000051s ]
INFO: [ template_filter ] --END-- [ RunTime:0.000090s ]
NOTIC: [8] Undefined index: enter_time /home/wwwroot/cesi3.0.zhiyujinrong.com/Application/Runtime/Cache/Admin/527ac73b321bc66eb5b723d07450871f.php 第 75 行.
NOTIC: [8] Undefined index: enter_ip /home/wwwroot/cesi3.0.zhiyujinrong.com/Application/Runtime/Cache/Admin/527ac73b321bc66eb5b723d07450871f.php 第 76 行.
NOTIC: [8] Undefined index: delete /home/wwwroot/cesi3.0.zhiyujinrong.com/Application/Runtime/Cache/Admin/527ac73b321bc66eb5b723d07450871f.php 第 79 行.
NOTIC: [8] Undefined index: menu /home/wwwroot/cesi3.0.zhiyujinrong.com/Application/Runtime/Cache/Admin/527ac73b321bc66eb5b723d07450871f.php 第 79 行.
INFO: Run Behavior\ParseTemplateBehavior [ RunTime:0.008325s ]
INFO: [ view_parse ] --END-- [ RunTime:0.008362s ]
INFO: [ view_filter ] --START--
INFO: Run Behavior\WriteHtmlCacheBehavior [ RunTime:0.000199s ]
INFO: [ view_filter ] --END-- [ RunTime:0.000242s ]
INFO: [ app_end ] --START--
INFO: Run Behavior\ShowPageTraceBehavior [ RunTime:0.000414s ]
INFO: [ app_end ] --END-- [ RunTime:0.000450s ]

