[ 2017-10-27T09:41:32+08:00 ] 180.173.195.106 /index.php/Admin/Index/index.html
INFO: [ app_init ] --START--
INFO: Run Behavior\BuildLiteBehavior [ RunTime:0.000013s ]
INFO: [ app_init ] --END-- [ RunTime:0.000306s ]
INFO: [ app_begin ] --START--
INFO: Run Behavior\ReadHtmlCacheBehavior [ RunTime:0.000390s ]
INFO: [ app_begin ] --END-- [ RunTime:0.000429s ]

[ 2017-10-27T09:41:32+08:00 ] 180.173.195.106 /index.php/Admin/Login/login.html
INFO: [ app_init ] --START--
INFO: Run Behavior\BuildLiteBehavior [ RunTime:0.000011s ]
INFO: [ app_init ] --END-- [ RunTime:0.000271s ]
INFO: [ app_begin ] --START--
INFO: Run Behavior\ReadHtmlCacheBehavior [ RunTime:0.000380s ]
INFO: [ app_begin ] --END-- [ RunTime:0.000419s ]
INFO: [ view_parse ] --START--
INFO: [ template_filter ] --START--
INFO: Run Behavior\ContentReplaceBehavior [ RunTime:0.000035s ]
INFO: [ template_filter ] --END-- [ RunTime:0.000074s ]
INFO: Run Behavior\ParseTemplateBehavior [ RunTime:0.004709s ]
INFO: [ view_parse ] --END-- [ RunTime:0.004747s ]
INFO: [ view_filter ] --START--
INFO: Run Behavior\WriteHtmlCacheBehavior [ RunTime:0.000174s ]
INFO: [ view_filter ] --END-- [ RunTime:0.000206s ]
INFO: [ app_end ] --START--
INFO: Run Behavior\ShowPageTraceBehavior [ RunTime:0.000396s ]
INFO: [ app_end ] --END-- [ RunTime:0.000429s ]

[ 2017-10-27T10:55:05+08:00 ] 180.173.195.106 /
INFO: [ app_init ] --START--
INFO: Run Behavior\BuildLiteBehavior [ RunTime:0.000012s ]
INFO: [ app_init ] --END-- [ RunTime:0.000296s ]
INFO: [ app_begin ] --START--
INFO: Run Behavior\ReadHtmlCacheBehavior [ RunTime:0.000395s ]
INFO: [ app_begin ] --END-- [ RunTime:0.000436s ]

[ 2017-10-27T10:55:05+08:00 ] 180.173.195.106 /index.php/Admin/Login/login.html
INFO: [ app_init ] --START--
INFO: Run Behavior\BuildLiteBehavior [ RunTime:0.000011s ]
INFO: [ app_init ] --END-- [ RunTime:0.000311s ]
INFO: [ app_begin ] --START--
INFO: Run Behavior\ReadHtmlCacheBehavior [ RunTime:0.000435s ]
INFO: [ app_begin ] --END-- [ RunTime:0.000476s ]
INFO: [ view_parse ] --START--
INFO: [ template_filter ] --START--
INFO: Run Behavior\ContentReplaceBehavior [ RunTime:0.000036s ]
INFO: [ template_filter ] --END-- [ RunTime:0.000076s ]
INFO: Run Behavior\ParseTemplateBehavior [ RunTime:0.005149s ]
INFO: [ view_parse ] --END-- [ RunTime:0.005187s ]
INFO: [ view_filter ] --START--
INFO: Run Behavior\WriteHtmlCacheBehavior [ RunTime:0.000210s ]
INFO: [ view_filter ] --END-- [ RunTime:0.000261s ]
INFO: [ app_end ] --START--
INFO: Run Behavior\ShowPageTraceBehavior [ RunTime:0.000401s ]
INFO: [ app_end ] --END-- [ RunTime:0.000436s ]

[ 2017-10-27T10:55:13+08:00 ] 180.173.195.106 /index.php/Admin/Login/check_code.html
INFO: [ app_init ] --START--
INFO: Run Behavior\BuildLiteBehavior [ RunTime:0.000017s ]
INFO: [ app_init ] --END-- [ RunTime:0.000309s ]
INFO: [ app_begin ] --START--
INFO: Run Behavior\ReadHtmlCacheBehavior [ RunTime:0.000410s ]
INFO: [ app_begin ] --END-- [ RunTime:0.000448s ]
SQL: SHOW COLUMNS FROM `yzs_admin_users` [ RunTime:0.0009s ]
SQL: SELECT * FROM `yzs_admin_users` WHERE ( username='will' ) LIMIT 1   [ RunTime:0.0004s ]
SQL: UPDATE `yzs_admin_users` SET `enter_time`='1509072913',`enter_ip`='180.173.195.106' WHERE ( id=3 ) [ RunTime:0.0135s ]
SQL: SHOW COLUMNS FROM `yzs_log` [ RunTime:0.0007s ]
SQL: INSERT INTO `yzs_log` (`ctr`,`act`,`user_id`,`user_name`,`get`,`post`,`time`) VALUES ('Login','check_code','3','will','','{\"username\":\"will\",\"password\":\"zw0403301x\"}','1509072913') [ RunTime:0.0048s ]

[ 2017-10-27T10:55:14+08:00 ] 180.173.195.106 /index.php/Admin/Index/index.html
INFO: [ app_init ] --START--
INFO: Run Behavior\BuildLiteBehavior [ RunTime:0.000014s ]
INFO: [ app_init ] --END-- [ RunTime:0.000323s ]
INFO: [ app_begin ] --START--
INFO: Run Behavior\ReadHtmlCacheBehavior [ RunTime:0.000469s ]
INFO: [ app_begin ] --END-- [ RunTime:0.000550s ]
SQL: SHOW COLUMNS FROM `yzs_log` [ RunTime:0.0007s ]
SQL: INSERT INTO `yzs_log` (`ctr`,`act`,`user_id`,`user_name`,`get`,`post`,`time`) VALUES ('Index','index','3','will','','','1509072914') [ RunTime:0.0131s ]
SQL: SHOW COLUMNS FROM `yzs_catalogue` [ RunTime:0.0005s ]
SQL: SELECT * FROM `yzs_catalogue` WHERE ( state=1 )  [ RunTime:0.0003s ]
INFO: [ view_parse ] --START--
INFO: [ template_filter ] --START--
INFO: Run Behavior\ContentReplaceBehavior [ RunTime:0.000036s ]
INFO: [ template_filter ] --END-- [ RunTime:0.000073s ]
INFO: Run Behavior\ParseTemplateBehavior [ RunTime:0.004814s ]
INFO: [ view_parse ] --END-- [ RunTime:0.004853s ]
INFO: [ view_filter ] --START--
INFO: Run Behavior\WriteHtmlCacheBehavior [ RunTime:0.000186s ]
INFO: [ view_filter ] --END-- [ RunTime:0.000218s ]
INFO: [ app_end ] --START--
INFO: Run Behavior\ShowPageTraceBehavior [ RunTime:0.000400s ]
INFO: [ app_end ] --END-- [ RunTime:0.000432s ]

[ 2017-10-27T10:55:15+08:00 ] 180.173.195.106 /index.php/Admin/System/admin_list.html
INFO: [ app_init ] --START--
INFO: Run Behavior\BuildLiteBehavior [ RunTime:0.000013s ]
INFO: [ app_init ] --END-- [ RunTime:0.000284s ]
INFO: [ app_begin ] --START--
INFO: Run Behavior\ReadHtmlCacheBehavior [ RunTime:0.000386s ]
INFO: [ app_begin ] --END-- [ RunTime:0.000426s ]
SQL: SHOW COLUMNS FROM `yzs_log` [ RunTime:0.0007s ]
SQL: INSERT INTO `yzs_log` (`ctr`,`act`,`user_id`,`user_name`,`get`,`post`,`time`) VALUES ('System','admin_list','3','will','','','1509072915') [ RunTime:0.0128s ]
SQL: SHOW COLUMNS FROM `yzs_admin_users` [ RunTime:0.0009s ]
SQL: SELECT COUNT(*) AS tp_count FROM `yzs_admin_users` LIMIT 1   [ RunTime:0.0002s ]
SQL: SELECT * FROM `yzs_admin_users` WHERE ( 1 and status='1' ) ORDER BY rank LIMIT 0,20   [ RunTime:0.0003s ]
NOTIC: [2] date() expects parameter 2 to be long, string given /home/wwwroot/cesi3.0.zhiyujinrong.com/Application/Admin/Controller/SystemController.class.php 第 249 行.
SQL: SELECT `name` FROM `yzs_admin_users` WHERE ( id=0 ) LIMIT 1   [ RunTime:0.0002s ]
SQL: SELECT `name` FROM `yzs_admin_users` WHERE ( id=0 ) LIMIT 1   [ RunTime:0.0001s ]
SQL: SELECT `name` FROM `yzs_admin_users` WHERE ( id=0 ) LIMIT 1   [ RunTime:0.0001s ]
SQL: SELECT `name` FROM `yzs_admin_users` WHERE ( id=3 ) LIMIT 1   [ RunTime:0.0002s ]
NOTIC: [2] date() expects parameter 2 to be long, string given /home/wwwroot/cesi3.0.zhiyujinrong.com/Application/Admin/Controller/SystemController.class.php 第 249 行.
SQL: SELECT `name` FROM `yzs_admin_users` WHERE ( id=3 ) LIMIT 1   [ RunTime:0.0001s ]
INFO: [ view_parse ] --START--
INFO: [ template_filter ] --START--
INFO: Run Behavior\ContentReplaceBehavior [ RunTime:0.000049s ]
INFO: [ template_filter ] --END-- [ RunTime:0.000103s ]
NOTIC: [8] Undefined index: delete /home/wwwroot/cesi3.0.zhiyujinrong.com/Application/Runtime/Cache/Admin/20ad540a2aa8b40fd265df5c9fff6957.php 第 76 行.
NOTIC: [8] Undefined index: menu /home/wwwroot/cesi3.0.zhiyujinrong.com/Application/Runtime/Cache/Admin/20ad540a2aa8b40fd265df5c9fff6957.php 第 76 行.
NOTIC: [8] Undefined index: delete /home/wwwroot/cesi3.0.zhiyujinrong.com/Application/Runtime/Cache/Admin/20ad540a2aa8b40fd265df5c9fff6957.php 第 76 行.
NOTIC: [8] Undefined index: menu /home/wwwroot/cesi3.0.zhiyujinrong.com/Application/Runtime/Cache/Admin/20ad540a2aa8b40fd265df5c9fff6957.php 第 76 行.
NOTIC: [8] Undefined index: delete /home/wwwroot/cesi3.0.zhiyujinrong.com/Application/Runtime/Cache/Admin/20ad540a2aa8b40fd265df5c9fff6957.php 第 76 行.
NOTIC: [8] Undefined index: menu /home/wwwroot/cesi3.0.zhiyujinrong.com/Application/Runtime/Cache/Admin/20ad540a2aa8b40fd265df5c9fff6957.php 第 76 行.
NOTIC: [8] Undefined index: delete /home/wwwroot/cesi3.0.zhiyujinrong.com/Application/Runtime/Cache/Admin/20ad540a2aa8b40fd265df5c9fff6957.php 第 76 行.
NOTIC: [8] Undefined index: menu /home/wwwroot/cesi3.0.zhiyujinrong.com/Application/Runtime/Cache/Admin/20ad540a2aa8b40fd265df5c9fff6957.php 第 76 行.
NOTIC: [8] Undefined index: delete /home/wwwroot/cesi3.0.zhiyujinrong.com/Application/Runtime/Cache/Admin/20ad540a2aa8b40fd265df5c9fff6957.php 第 76 行.
NOTIC: [8] Undefined index: menu /home/wwwroot/cesi3.0.zhiyujinrong.com/Application/Runtime/Cache/Admin/20ad540a2aa8b40fd265df5c9fff6957.php 第 76 行.
INFO: Run Behavior\ParseTemplateBehavior [ RunTime:0.009155s ]
INFO: [ view_parse ] --END-- [ RunTime:0.009210s ]
INFO: [ view_filter ] --START--
INFO: Run Behavior\WriteHtmlCacheBehavior [ RunTime:0.000201s ]
INFO: [ view_filter ] --END-- [ RunTime:0.000244s ]
INFO: [ app_end ] --START--
INFO: Run Behavior\ShowPageTraceBehavior [ RunTime:0.000408s ]
INFO: [ app_end ] --END-- [ RunTime:0.000443s ]

[ 2017-10-27T10:55:17+08:00 ] 180.173.195.106 /index.php/Admin/Product/parameter_list.html
INFO: [ app_init ] --START--
INFO: Run Behavior\BuildLiteBehavior [ RunTime:0.000012s ]
INFO: [ app_init ] --END-- [ RunTime:0.000290s ]
INFO: [ app_begin ] --START--
INFO: Run Behavior\ReadHtmlCacheBehavior [ RunTime:0.000394s ]
INFO: [ app_begin ] --END-- [ RunTime:0.000435s ]
SQL: SHOW COLUMNS FROM `yzs_log` [ RunTime:0.0007s ]
SQL: INSERT INTO `yzs_log` (`ctr`,`act`,`user_id`,`user_name`,`get`,`post`,`time`) VALUES ('Product','parameter_list','3','will','','','1509072917') [ RunTime:0.0129s ]
SQL: SHOW COLUMNS FROM `yzs_house_type` [ RunTime:0.0004s ]
SQL: SELECT COUNT(*) AS tp_count FROM `yzs_house_type` LIMIT 1   [ RunTime:0.0002s ]
SQL: SELECT * FROM `yzs_house_type` ORDER BY id LIMIT 0,10   [ RunTime:0.0001s ]
SQL: SHOW COLUMNS FROM `yzs_loans_type` [ RunTime:0.0004s ]
SQL: SELECT COUNT(*) AS tp_count FROM `yzs_loans_type` LIMIT 1   [ RunTime:0.0001s ]
SQL: SELECT * FROM `yzs_loans_type` ORDER BY id LIMIT 0,10   [ RunTime:0.0001s ]
SQL: SHOW COLUMNS FROM `yzs_repayment_pattern` [ RunTime:0.0004s ]
SQL: SELECT COUNT(*) AS tp_count FROM `yzs_repayment_pattern` LIMIT 1   [ RunTime:0.0001s ]
SQL: SELECT * FROM `yzs_repayment_pattern` ORDER BY id LIMIT 0,10   [ RunTime:0.0001s ]
SQL: SHOW COLUMNS FROM `yzs_territory` [ RunTime:0.0004s ]
SQL: SELECT COUNT(*) AS tp_count FROM `yzs_territory` LIMIT 1   [ RunTime:0.0001s ]
SQL: SELECT * FROM `yzs_territory` LIMIT 0,10   [ RunTime:0.0001s ]
INFO: [ view_parse ] --START--
INFO: [ template_filter ] --START--
INFO: Run Behavior\ContentReplaceBehavior [ RunTime:0.000087s ]
INFO: [ template_filter ] --END-- [ RunTime:0.000134s ]
INFO: Run Behavior\ParseTemplateBehavior [ RunTime:0.015650s ]
INFO: [ view_parse ] --END-- [ RunTime:0.015689s ]
INFO: [ view_filter ] --START--
INFO: Run Behavior\WriteHtmlCacheBehavior [ RunTime:0.000181s ]
INFO: [ view_filter ] --END-- [ RunTime:0.000213s ]
INFO: [ app_end ] --START--
INFO: Run Behavior\ShowPageTraceBehavior [ RunTime:0.000440s ]
INFO: [ app_end ] --END-- [ RunTime:0.000477s ]

[ 2017-10-27T10:55:18+08:00 ] 180.173.195.106 /index.php/Admin/Product/product_list.html
INFO: [ app_init ] --START--
INFO: Run Behavior\BuildLiteBehavior [ RunTime:0.000013s ]
INFO: [ app_init ] --END-- [ RunTime:0.000287s ]
INFO: [ app_begin ] --START--
INFO: Run Behavior\ReadHtmlCacheBehavior [ RunTime:0.000507s ]
INFO: [ app_begin ] --END-- [ RunTime:0.000548s ]
SQL: SHOW COLUMNS FROM `yzs_log` [ RunTime:0.0007s ]
SQL: INSERT INTO `yzs_log` (`ctr`,`act`,`user_id`,`user_name`,`get`,`post`,`time`) VALUES ('Product','product_list','3','will','','','1509072918') [ RunTime:0.0054s ]
SQL: SHOW COLUMNS FROM `yzs_product` [ RunTime:0.0011s ]
SQL: SELECT COUNT(id) AS tp_count FROM `yzs_product` LIMIT 1   [ RunTime:0.0002s ]
SQL: select p.*, (select `name` from yzs_product_type pt where id=p.type)as ptname,
                (select `name` from yzs_loans_type lt where id=p.loans_type) as ltname from yzs_product p where 1 limit 0,20 [ RunTime:0.0004s ]
SQL: select GROUP_CONCAT(name) as city from yzs_territory ter where id in(1) [ RunTime:0.0002s ]
SQL: select GROUP_CONCAT(name) as city from yzs_territory ter where id in(1,7,16) [ RunTime:0.0002s ]
SQL: select GROUP_CONCAT(name) as city from yzs_territory ter where id in(1,7,16) [ RunTime:0.0003s ]
INFO: [ view_parse ] --START--
INFO: [ template_filter ] --START--
INFO: Run Behavior\ContentReplaceBehavior [ RunTime:0.000046s ]
INFO: [ template_filter ] --END-- [ RunTime:0.000094s ]
NOTIC: [8] Undefined index: enter_time /home/wwwroot/cesi3.0.zhiyujinrong.com/Application/Runtime/Cache/Admin/527ac73b321bc66eb5b723d07450871f.php 第 75 行.
NOTIC: [8] Undefined index: enter_ip /home/wwwroot/cesi3.0.zhiyujinrong.com/Application/Runtime/Cache/Admin/527ac73b321bc66eb5b723d07450871f.php 第 76 行.
NOTIC: [8] Undefined index: delete /home/wwwroot/cesi3.0.zhiyujinrong.com/Application/Runtime/Cache/Admin/527ac73b321bc66eb5b723d07450871f.php 第 79 行.
NOTIC: [8] Undefined index: menu /home/wwwroot/cesi3.0.zhiyujinrong.com/Application/Runtime/Cache/Admin/527ac73b321bc66eb5b723d07450871f.php 第 79 行.
NOTIC: [8] Undefined index: enter_time /home/wwwroot/cesi3.0.zhiyujinrong.com/Application/Runtime/Cache/Admin/527ac73b321bc66eb5b723d07450871f.php 第 75 行.
NOTIC: [8] Undefined index: enter_ip /home/wwwroot/cesi3.0.zhiyujinrong.com/Application/Runtime/Cache/Admin/527ac73b321bc66eb5b723d07450871f.php 第 76 行.
NOTIC: [8] Undefined index: delete /home/wwwroot/cesi3.0.zhiyujinrong.com/Application/Runtime/Cache/Admin/527ac73b321bc66eb5b723d07450871f.php 第 79 行.
NOTIC: [8] Undefined index: menu /home/wwwroot/cesi3.0.zhiyujinrong.com/Application/Runtime/Cache/Admin/527ac73b321bc66eb5b723d07450871f.php 第 79 行.
NOTIC: [8] Undefined index: enter_time /home/wwwroot/cesi3.0.zhiyujinrong.com/Application/Runtime/Cache/Admin/527ac73b321bc66eb5b723d07450871f.php 第 75 行.
NOTIC: [8] Undefined index: enter_ip /home/wwwroot/cesi3.0.zhiyujinrong.com/Application/Runtime/Cache/Admin/527ac73b321bc66eb5b723d07450871f.php 第 76 行.
NOTIC: [8] Undefined index: delete /home/wwwroot/cesi3.0.zhiyujinrong.com/Application/Runtime/Cache/Admin/527ac73b321bc66eb5b723d07450871f.php 第 79 行.
NOTIC: [8] Undefined index: menu /home/wwwroot/cesi3.0.zhiyujinrong.com/Application/Runtime/Cache/Admin/527ac73b321bc66eb5b723d07450871f.php 第 79 行.
INFO: Run Behavior\ParseTemplateBehavior [ RunTime:0.009129s ]
INFO: [ view_parse ] --END-- [ RunTime:0.009165s ]
INFO: [ view_filter ] --START--
INFO: Run Behavior\WriteHtmlCacheBehavior [ RunTime:0.000212s ]
INFO: [ view_filter ] --END-- [ RunTime:0.000246s ]
INFO: [ app_end ] --START--
INFO: Run Behavior\ShowPageTraceBehavior [ RunTime:0.000544s ]
INFO: [ app_end ] --END-- [ RunTime:0.000581s ]

[ 2017-10-27T10:55:19+08:00 ] 180.173.195.106 /index.php/Admin/Product/parameter_list.html
INFO: [ app_init ] --START--
INFO: Run Behavior\BuildLiteBehavior [ RunTime:0.000013s ]
INFO: [ app_init ] --END-- [ RunTime:0.000288s ]
INFO: [ app_begin ] --START--
INFO: Run Behavior\ReadHtmlCacheBehavior [ RunTime:0.000411s ]
INFO: [ app_begin ] --END-- [ RunTime:0.000452s ]
SQL: SHOW COLUMNS FROM `yzs_log` [ RunTime:0.0007s ]
SQL: INSERT INTO `yzs_log` (`ctr`,`act`,`user_id`,`user_name`,`get`,`post`,`time`) VALUES ('Product','parameter_list','3','will','','','1509072919') [ RunTime:0.0129s ]
SQL: SHOW COLUMNS FROM `yzs_house_type` [ RunTime:0.0004s ]
SQL: SELECT COUNT(*) AS tp_count FROM `yzs_house_type` LIMIT 1   [ RunTime:0.0002s ]
SQL: SELECT * FROM `yzs_house_type` ORDER BY id LIMIT 0,10   [ RunTime:0.0002s ]
SQL: SHOW COLUMNS FROM `yzs_loans_type` [ RunTime:0.0004s ]
SQL: SELECT COUNT(*) AS tp_count FROM `yzs_loans_type` LIMIT 1   [ RunTime:0.0002s ]
SQL: SELECT * FROM `yzs_loans_type` ORDER BY id LIMIT 0,10   [ RunTime:0.0002s ]
SQL: SHOW COLUMNS FROM `yzs_repayment_pattern` [ RunTime:0.0004s ]
SQL: SELECT COUNT(*) AS tp_count FROM `yzs_repayment_pattern` LIMIT 1   [ RunTime:0.0002s ]
SQL: SELECT * FROM `yzs_repayment_pattern` ORDER BY id LIMIT 0,10   [ RunTime:0.0002s ]
SQL: SHOW COLUMNS FROM `yzs_territory` [ RunTime:0.0004s ]
SQL: SELECT COUNT(*) AS tp_count FROM `yzs_territory` LIMIT 1   [ RunTime:0.0002s ]
SQL: SELECT * FROM `yzs_territory` LIMIT 0,10   [ RunTime:0.0002s ]
INFO: [ view_parse ] --START--
INFO: [ template_filter ] --START--
INFO: Run Behavior\ContentReplaceBehavior [ RunTime:0.000082s ]
INFO: [ template_filter ] --END-- [ RunTime:0.000119s ]
INFO: Run Behavior\ParseTemplateBehavior [ RunTime:0.015915s ]
INFO: [ view_parse ] --END-- [ RunTime:0.015954s ]
INFO: [ view_filter ] --START--
INFO: Run Behavior\WriteHtmlCacheBehavior [ RunTime:0.000184s ]
INFO: [ view_filter ] --END-- [ RunTime:0.000216s ]
INFO: [ app_end ] --START--
INFO: Run Behavior\ShowPageTraceBehavior [ RunTime:0.000531s ]
INFO: [ app_end ] --END-- [ RunTime:0.000577s ]

[ 2017-10-27T10:55:22+08:00 ] 180.173.195.106 /index.php/Admin/System/admin_list.html
INFO: [ app_init ] --START--
INFO: Run Behavior\BuildLiteBehavior [ RunTime:0.000013s ]
INFO: [ app_init ] --END-- [ RunTime:0.000290s ]
INFO: [ app_begin ] --START--
INFO: Run Behavior\ReadHtmlCacheBehavior [ RunTime:0.000392s ]
INFO: [ app_begin ] --END-- [ RunTime:0.000431s ]
SQL: SHOW COLUMNS FROM `yzs_log` [ RunTime:0.0008s ]
SQL: INSERT INTO `yzs_log` (`ctr`,`act`,`user_id`,`user_name`,`get`,`post`,`time`) VALUES ('System','admin_list','3','will','','','1509072922') [ RunTime:0.0137s ]
SQL: SHOW COLUMNS FROM `yzs_admin_users` [ RunTime:0.0007s ]
SQL: SELECT COUNT(*) AS tp_count FROM `yzs_admin_users` LIMIT 1   [ RunTime:0.0002s ]
SQL: SELECT * FROM `yzs_admin_users` WHERE ( 1 and status='1' ) ORDER BY rank LIMIT 0,20   [ RunTime:0.0003s ]
NOTIC: [2] date() expects parameter 2 to be long, string given /home/wwwroot/cesi3.0.zhiyujinrong.com/Application/Admin/Controller/SystemController.class.php 第 249 行.
SQL: SELECT `name` FROM `yzs_admin_users` WHERE ( id=0 ) LIMIT 1   [ RunTime:0.0002s ]
SQL: SELECT `name` FROM `yzs_admin_users` WHERE ( id=0 ) LIMIT 1   [ RunTime:0.0002s ]
SQL: SELECT `name` FROM `yzs_admin_users` WHERE ( id=0 ) LIMIT 1   [ RunTime:0.0002s ]
SQL: SELECT `name` FROM `yzs_admin_users` WHERE ( id=3 ) LIMIT 1   [ RunTime:0.0002s ]
NOTIC: [2] date() expects parameter 2 to be long, string given /home/wwwroot/cesi3.0.zhiyujinrong.com/Application/Admin/Controller/SystemController.class.php 第 249 行.
SQL: SELECT `name` FROM `yzs_admin_users` WHERE ( id=3 ) LIMIT 1   [ RunTime:0.0002s ]
INFO: [ view_parse ] --START--
INFO: [ template_filter ] --START--
INFO: Run Behavior\ContentReplaceBehavior [ RunTime:0.000067s ]
INFO: [ template_filter ] --END-- [ RunTime:0.000129s ]
NOTIC: [8] Undefined index: delete /home/wwwroot/cesi3.0.zhiyujinrong.com/Application/Runtime/Cache/Admin/20ad540a2aa8b40fd265df5c9fff6957.php 第 76 行.
NOTIC: [8] Undefined index: menu /home/wwwroot/cesi3.0.zhiyujinrong.com/Application/Runtime/Cache/Admin/20ad540a2aa8b40fd265df5c9fff6957.php 第 76 行.
NOTIC: [8] Undefined index: delete /home/wwwroot/cesi3.0.zhiyujinrong.com/Application/Runtime/Cache/Admin/20ad540a2aa8b40fd265df5c9fff6957.php 第 76 行.
NOTIC: [8] Undefined index: menu /home/wwwroot/cesi3.0.zhiyujinrong.com/Application/Runtime/Cache/Admin/20ad540a2aa8b40fd265df5c9fff6957.php 第 76 行.
NOTIC: [8] Undefined index: delete /home/wwwroot/cesi3.0.zhiyujinrong.com/Application/Runtime/Cache/Admin/20ad540a2aa8b40fd265df5c9fff6957.php 第 76 行.
NOTIC: [8] Undefined index: menu /home/wwwroot/cesi3.0.zhiyujinrong.com/Application/Runtime/Cache/Admin/20ad540a2aa8b40fd265df5c9fff6957.php 第 76 行.
NOTIC: [8] Undefined index: delete /home/wwwroot/cesi3.0.zhiyujinrong.com/Application/Runtime/Cache/Admin/20ad540a2aa8b40fd265df5c9fff6957.php 第 76 行.
NOTIC: [8] Undefined index: menu /home/wwwroot/cesi3.0.zhiyujinrong.com/Application/Runtime/Cache/Admin/20ad540a2aa8b40fd265df5c9fff6957.php 第 76 行.
NOTIC: [8] Undefined index: delete /home/wwwroot/cesi3.0.zhiyujinrong.com/Application/Runtime/Cache/Admin/20ad540a2aa8b40fd265df5c9fff6957.php 第 76 行.
NOTIC: [8] Undefined index: menu /home/wwwroot/cesi3.0.zhiyujinrong.com/Application/Runtime/Cache/Admin/20ad540a2aa8b40fd265df5c9fff6957.php 第 76 行.
INFO: Run Behavior\ParseTemplateBehavior [ RunTime:0.009074s ]
INFO: [ view_parse ] --END-- [ RunTime:0.009120s ]
INFO: [ view_filter ] --START--
INFO: Run Behavior\WriteHtmlCacheBehavior [ RunTime:0.000182s ]
INFO: [ view_filter ] --END-- [ RunTime:0.000214s ]
INFO: [ app_end ] --START--
INFO: Run Behavior\ShowPageTraceBehavior [ RunTime:0.000433s ]
INFO: [ app_end ] --END-- [ RunTime:0.000485s ]

[ 2017-10-27T10:56:08+08:00 ] 180.173.195.106 /index.php/Admin/Product/parameter_list.html
INFO: [ app_init ] --START--
INFO: Run Behavior\BuildLiteBehavior [ RunTime:0.000012s ]
INFO: [ app_init ] --END-- [ RunTime:0.000285s ]
INFO: [ app_begin ] --START--
INFO: Run Behavior\ReadHtmlCacheBehavior [ RunTime:0.000389s ]
INFO: [ app_begin ] --END-- [ RunTime:0.000427s ]
SQL: SHOW COLUMNS FROM `yzs_log` [ RunTime:0.0007s ]
SQL: INSERT INTO `yzs_log` (`ctr`,`act`,`user_id`,`user_name`,`get`,`post`,`time`) VALUES ('Product','parameter_list','3','will','','','1509072968') [ RunTime:0.0145s ]
SQL: SHOW COLUMNS FROM `yzs_house_type` [ RunTime:0.0004s ]
SQL: SELECT COUNT(*) AS tp_count FROM `yzs_house_type` LIMIT 1   [ RunTime:0.0002s ]
SQL: SELECT * FROM `yzs_house_type` ORDER BY id LIMIT 0,10   [ RunTime:0.0002s ]
SQL: SHOW COLUMNS FROM `yzs_loans_type` [ RunTime:0.0004s ]
SQL: SELECT COUNT(*) AS tp_count FROM `yzs_loans_type` LIMIT 1   [ RunTime:0.0002s ]
SQL: SELECT * FROM `yzs_loans_type` ORDER BY id LIMIT 0,10   [ RunTime:0.0002s ]
SQL: SHOW COLUMNS FROM `yzs_repayment_pattern` [ RunTime:0.0004s ]
SQL: SELECT COUNT(*) AS tp_count FROM `yzs_repayment_pattern` LIMIT 1   [ RunTime:0.0002s ]
SQL: SELECT * FROM `yzs_repayment_pattern` ORDER BY id LIMIT 0,10   [ RunTime:0.0002s ]
SQL: SHOW COLUMNS FROM `yzs_territory` [ RunTime:0.0005s ]
SQL: SELECT COUNT(*) AS tp_count FROM `yzs_territory` LIMIT 1   [ RunTime:0.0002s ]
SQL: SELECT * FROM `yzs_territory` LIMIT 0,10   [ RunTime:0.0002s ]
INFO: [ view_parse ] --START--
INFO: [ template_filter ] --START--
INFO: Run Behavior\ContentReplaceBehavior [ RunTime:0.000106s ]
INFO: [ template_filter ] --END-- [ RunTime:0.000147s ]
INFO: Run Behavior\ParseTemplateBehavior [ RunTime:0.016009s ]
INFO: [ view_parse ] --END-- [ RunTime:0.016048s ]
INFO: [ view_filter ] --START--
INFO: Run Behavior\WriteHtmlCacheBehavior [ RunTime:0.000188s ]
INFO: [ view_filter ] --END-- [ RunTime:0.000221s ]
INFO: [ app_end ] --START--
INFO: Run Behavior\ShowPageTraceBehavior [ RunTime:0.000439s ]
INFO: [ app_end ] --END-- [ RunTime:0.000482s ]

[ 2017-10-27T16:25:18+08:00 ] 106.11.242.178 /
INFO: [ app_init ] --START--
INFO: Run Behavior\BuildLiteBehavior [ RunTime:0.000018s ]
INFO: [ app_init ] --END-- [ RunTime:0.000331s ]
INFO: [ app_begin ] --START--
INFO: Run Behavior\ReadHtmlCacheBehavior [ RunTime:0.000420s ]
INFO: [ app_begin ] --END-- [ RunTime:0.000460s ]

[ 2017-10-27T16:25:18+08:00 ] 106.11.242.139 /index.php/Admin/Login/login.html
INFO: [ app_init ] --START--
INFO: Run Behavior\BuildLiteBehavior [ RunTime:0.000011s ]
INFO: [ app_init ] --END-- [ RunTime:0.000279s ]
INFO: [ app_begin ] --START--
INFO: Run Behavior\ReadHtmlCacheBehavior [ RunTime:0.000392s ]
INFO: [ app_begin ] --END-- [ RunTime:0.000433s ]
INFO: [ view_parse ] --START--
INFO: [ template_filter ] --START--
INFO: Run Behavior\ContentReplaceBehavior [ RunTime:0.000035s ]
INFO: [ template_filter ] --END-- [ RunTime:0.000075s ]
INFO: Run Behavior\ParseTemplateBehavior [ RunTime:0.004691s ]
INFO: [ view_parse ] --END-- [ RunTime:0.004728s ]
INFO: [ view_filter ] --START--
INFO: Run Behavior\WriteHtmlCacheBehavior [ RunTime:0.000173s ]
INFO: [ view_filter ] --END-- [ RunTime:0.000204s ]
INFO: [ app_end ] --START--
INFO: Run Behavior\ShowPageTraceBehavior [ RunTime:0.000411s ]
INFO: [ app_end ] --END-- [ RunTime:0.000461s ]

[ 2017-10-27T17:57:14+08:00 ] 180.173.195.106 /index.php/Admin/Product/product_list.html
INFO: [ app_init ] --START--
INFO: Run Behavior\BuildLiteBehavior [ RunTime:0.000013s ]
INFO: [ app_init ] --END-- [ RunTime:0.000290s ]
INFO: [ app_begin ] --START--
INFO: Run Behavior\ReadHtmlCacheBehavior [ RunTime:0.000438s ]
INFO: [ app_begin ] --END-- [ RunTime:0.000478s ]
SQL: SHOW COLUMNS FROM `yzs_log` [ RunTime:0.0007s ]
SQL: INSERT INTO `yzs_log` (`ctr`,`act`,`user_id`,`user_name`,`get`,`post`,`time`) VALUES ('Product','product_list','3','will','','','1509098234') [ RunTime:0.0056s ]
SQL: SHOW COLUMNS FROM `yzs_product` [ RunTime:0.0010s ]
SQL: SELECT COUNT(id) AS tp_count FROM `yzs_product` LIMIT 1   [ RunTime:0.0002s ]
SQL: select p.*, (select `name` from yzs_product_type pt where id=p.type)as ptname,
                (select `name` from yzs_loans_type lt where id=p.loans_type) as ltname from yzs_product p where 1 limit 0,20 [ RunTime:0.0004s ]
SQL: select GROUP_CONCAT(name) as city from yzs_territory ter where id in(1) [ RunTime:0.0002s ]
SQL: select GROUP_CONCAT(name) as city from yzs_territory ter where id in(1,7,16) [ RunTime:0.0002s ]
SQL: select GROUP_CONCAT(name) as city from yzs_territory ter where id in(1,7,16) [ RunTime:0.0002s ]
INFO: [ view_parse ] --START--
INFO: [ template_filter ] --START--
INFO: Run Behavior\ContentReplaceBehavior [ RunTime:0.000046s ]
INFO: [ template_filter ] --END-- [ RunTime:0.000086s ]
NOTIC: [8] Undefined index: enter_time /home/wwwroot/cesi3.0.zhiyujinrong.com/Application/Runtime/Cache/Admin/527ac73b321bc66eb5b723d07450871f.php 第 75 行.
NOTIC: [8] Undefined index: enter_ip /home/wwwroot/cesi3.0.zhiyujinrong.com/Application/Runtime/Cache/Admin/527ac73b321bc66eb5b723d07450871f.php 第 76 行.
NOTIC: [8] Undefined index: delete /home/wwwroot/cesi3.0.zhiyujinrong.com/Application/Runtime/Cache/Admin/527ac73b321bc66eb5b723d07450871f.php 第 79 行.
NOTIC: [8] Undefined index: menu /home/wwwroot/cesi3.0.zhiyujinrong.com/Application/Runtime/Cache/Admin/527ac73b321bc66eb5b723d07450871f.php 第 79 行.
NOTIC: [8] Undefined index: enter_time /home/wwwroot/cesi3.0.zhiyujinrong.com/Application/Runtime/Cache/Admin/527ac73b321bc66eb5b723d07450871f.php 第 75 行.
NOTIC: [8] Undefined index: enter_ip /home/wwwroot/cesi3.0.zhiyujinrong.com/Application/Runtime/Cache/Admin/527ac73b321bc66eb5b723d07450871f.php 第 76 行.
NOTIC: [8] Undefined index: delete /home/wwwroot/cesi3.0.zhiyujinrong.com/Application/Runtime/Cache/Admin/527ac73b321bc66eb5b723d07450871f.php 第 79 行.
NOTIC: [8] Undefined index: menu /home/wwwroot/cesi3.0.zhiyujinrong.com/Application/Runtime/Cache/Admin/527ac73b321bc66eb5b723d07450871f.php 第 79 行.
NOTIC: [8] Undefined index: enter_time /home/wwwroot/cesi3.0.zhiyujinrong.com/Application/Runtime/Cache/Admin/527ac73b321bc66eb5b723d07450871f.php 第 75 行.
NOTIC: [8] Undefined index: enter_ip /home/wwwroot/cesi3.0.zhiyujinrong.com/Application/Runtime/Cache/Admin/527ac73b321bc66eb5b723d07450871f.php 第 76 行.
NOTIC: [8] Undefined index: delete /home/wwwroot/cesi3.0.zhiyujinrong.com/Application/Runtime/Cache/Admin/527ac73b321bc66eb5b723d07450871f.php 第 79 行.
NOTIC: [8] Undefined index: menu /home/wwwroot/cesi3.0.zhiyujinrong.com/Application/Runtime/Cache/Admin/527ac73b321bc66eb5b723d07450871f.php 第 79 行.
INFO: Run Behavior\ParseTemplateBehavior [ RunTime:0.008486s ]
INFO: [ view_parse ] --END-- [ RunTime:0.008525s ]
INFO: [ view_filter ] --START--
INFO: Run Behavior\WriteHtmlCacheBehavior [ RunTime:0.000184s ]
INFO: [ view_filter ] --END-- [ RunTime:0.000218s ]
INFO: [ app_end ] --START--
INFO: Run Behavior\ShowPageTraceBehavior [ RunTime:0.000388s ]
INFO: [ app_end ] --END-- [ RunTime:0.000423s ]

[ 2017-10-27T17:57:15+08:00 ] 180.173.195.106 /index.php/Admin/Product/product_redact.html
INFO: [ app_init ] --START--
INFO: Run Behavior\BuildLiteBehavior [ RunTime:0.000012s ]
INFO: [ app_init ] --END-- [ RunTime:0.000300s ]
INFO: [ app_begin ] --START--
INFO: Run Behavior\ReadHtmlCacheBehavior [ RunTime:0.000410s ]
INFO: [ app_begin ] --END-- [ RunTime:0.000449s ]
SQL: SHOW COLUMNS FROM `yzs_log` [ RunTime:0.0006s ]
SQL: INSERT INTO `yzs_log` (`ctr`,`act`,`user_id`,`user_name`,`get`,`post`,`time`) VALUES ('Product','product_redact','3','will','','','1509098235') [ RunTime:0.0121s ]
SQL: SHOW COLUMNS FROM `yzs_territory` [ RunTime:0.0004s ]
SQL: SELECT * FROM `yzs_territory` ORDER BY higher_up  [ RunTime:0.0003s ]
SQL: SHOW COLUMNS FROM `yzs_loans_type` [ RunTime:0.0004s ]
SQL: SELECT * FROM `yzs_loans_type`  [ RunTime:0.0002s ]
SQL: SHOW COLUMNS FROM `yzs_house_type` [ RunTime:0.0004s ]
SQL: SELECT * FROM `yzs_house_type`  [ RunTime:0.0002s ]
SQL: SHOW COLUMNS FROM `yzs_product_type` [ RunTime:0.0004s ]
SQL: SELECT * FROM `yzs_product_type`  [ RunTime:0.0002s ]
SQL: SHOW COLUMNS FROM `yzs_repayment_pattern` [ RunTime:0.0004s ]
SQL: SELECT * FROM `yzs_repayment_pattern`  [ RunTime:0.0002s ]
INFO: [ view_parse ] --START--
INFO: [ template_filter ] --START--
INFO: Run Behavior\ContentReplaceBehavior [ RunTime:0.000095s ]
INFO: [ template_filter ] --END-- [ RunTime:0.000135s ]
NOTIC: [8] Undefined variable: product /home/wwwroot/cesi3.0.zhiyujinrong.com/Application/Runtime/Cache/Admin/9ff023b606b5c4b18abb3eb0282c776b.php 第 66 行.
NOTIC: [8] Undefined variable: product /home/wwwroot/cesi3.0.zhiyujinrong.com/Application/Runtime/Cache/Admin/9ff023b606b5c4b18abb3eb0282c776b.php 第 68 行.
NOTIC: [8] Undefined variable: product /home/wwwroot/cesi3.0.zhiyujinrong.com/Application/Runtime/Cache/Admin/9ff023b606b5c4b18abb3eb0282c776b.php 第 72 行.
NOTIC: [8] Undefined variable: product /home/wwwroot/cesi3.0.zhiyujinrong.com/Application/Runtime/Cache/Admin/9ff023b606b5c4b18abb3eb0282c776b.php 第 74 行.
NOTIC: [8] Undefined variable: product /home/wwwroot/cesi3.0.zhiyujinrong.com/Application/Runtime/Cache/Admin/9ff023b606b5c4b18abb3eb0282c776b.php 第 78 行.
NOTIC: [8] Undefined variable: product /home/wwwroot/cesi3.0.zhiyujinrong.com/Application/Runtime/Cache/Admin/9ff023b606b5c4b18abb3eb0282c776b.php 第 78 行.
NOTIC: [8] Undefined variable: product /home/wwwroot/cesi3.0.zhiyujinrong.com/Application/Runtime/Cache/Admin/9ff023b606b5c4b18abb3eb0282c776b.php 第 80 行.
NOTIC: [8] Undefined variable: product /home/wwwroot/cesi3.0.zhiyujinrong.com/Application/Runtime/Cache/Admin/9ff023b606b5c4b18abb3eb0282c776b.php 第 84 行.
NOTIC: [8] Undefined variable: product /home/wwwroot/cesi3.0.zhiyujinrong.com/Application/Runtime/Cache/Admin/9ff023b606b5c4b18abb3eb0282c776b.php 第 84 行.
NOTIC: [8] Undefined variable: product /home/wwwroot/cesi3.0.zhiyujinrong.com/Application/Runtime/Cache/Admin/9ff023b606b5c4b18abb3eb0282c776b.php 第 86 行.
NOTIC: [8] Undefined variable: product /home/wwwroot/cesi3.0.zhiyujinrong.com/Application/Runtime/Cache/Admin/9ff023b606b5c4b18abb3eb0282c776b.php 第 86 行.
NOTIC: [8] Undefined variable: product /home/wwwroot/cesi3.0.zhiyujinrong.com/Application/Runtime/Cache/Admin/9ff023b606b5c4b18abb3eb0282c776b.php 第 89 行.
NOTIC: [8] Undefined variable: product /home/wwwroot/cesi3.0.zhiyujinrong.com/Application/Runtime/Cache/Admin/9ff023b606b5c4b18abb3eb0282c776b.php 第 98 行.
NOTIC: [2] in_array() expects parameter 2 to be array, null given /home/wwwroot/cesi3.0.zhiyujinrong.com/Application/Runtime/Cache/Admin/9ff023b606b5c4b18abb3eb0282c776b.php 第 98 行.
NOTIC: [8] Undefined variable: product /home/wwwroot/cesi3.0.zhiyujinrong.com/Application/Runtime/Cache/Admin/9ff023b606b5c4b18abb3eb0282c776b.php 第 99 行.
NOTIC: [2] in_array() expects parameter 2 to be array, null given /home/wwwroot/cesi3.0.zhiyujinrong.com/Application/Runtime/Cache/Admin/9ff023b606b5c4b18abb3eb0282c776b.php 第 99 行.
NOTIC: [8] Undefined variable: product /home/wwwroot/cesi3.0.zhiyujinrong.com/Application/Runtime/Cache/Admin/9ff023b606b5c4b18abb3eb0282c776b.php 第 100 行.
NOTIC: [2] in_array() expects parameter 2 to be array, null given /home/wwwroot/cesi3.0.zhiyujinrong.com/Application/Runtime/Cache/Admin/9ff023b606b5c4b18abb3eb0282c776b.php 第 100 行.
NOTIC: [8] Undefined variable: product /home/wwwroot/cesi3.0.zhiyujinrong.com/Application/Runtime/Cache/Admin/9ff023b606b5c4b18abb3eb0282c776b.php 第 101 行.
NOTIC: [2] in_array() expects parameter 2 to be array, null given /home/wwwroot/cesi3.0.zhiyujinrong.com/Application/Runtime/Cache/Admin/9ff023b606b5c4b18abb3eb0282c776b.php 第 101 行.
NOTIC: [8] Undefined variable: product /home/wwwroot/cesi3.0.zhiyujinrong.com/Application/Runtime/Cache/Admin/9ff023b606b5c4b18abb3eb0282c776b.php 第 102 行.
NOTIC: [2] in_array() expects parameter 2 to be array, null given /home/wwwroot/cesi3.0.zhiyujinrong.com/Application/Runtime/Cache/Admin/9ff023b606b5c4b18abb3eb0282c776b.php 第 102 行.
NOTIC: [8] Undefined variable: product /home/wwwroot/cesi3.0.zhiyujinrong.com/Application/Runtime/Cache/Admin/9ff023b606b5c4b18abb3eb0282c776b.php 第 103 行.
NOTIC: [2] in_array() expects parameter 2 to be array, null given /home/wwwroot/cesi3.0.zhiyujinrong.com/Application/Runtime/Cache/Admin/9ff023b606b5c4b18abb3eb0282c776b.php 第 103 行.
NOTIC: [8] Undefined variable: product /home/wwwroot/cesi3.0.zhiyujinrong.com/Application/Runtime/Cache/Admin/9ff023b606b5c4b18abb3eb0282c776b.php 第 104 行.
NOTIC: [2] in_array() expects parameter 2 to be array, null given /home/wwwroot/cesi3.0.zhiyujinrong.com/Application/Runtime/Cache/Admin/9ff023b606b5c4b18abb3eb0282c776b.php 第 104 行.
NOTIC: [8] Undefined variable: product /home/wwwroot/cesi3.0.zhiyujinrong.com/Application/Runtime/Cache/Admin/9ff023b606b5c4b18abb3eb0282c776b.php 第 105 行.
NOTIC: [2] in_array() expects parameter 2 to be array, null given /home/wwwroot/cesi3.0.zhiyujinrong.com/Application/Runtime/Cache/Admin/9ff023b606b5c4b18abb3eb0282c776b.php 第 105 行.
NOTIC: [8] Undefined variable: product /home/wwwroot/cesi3.0.zhiyujinrong.com/Application/Runtime/Cache/Admin/9ff023b606b5c4b18abb3eb0282c776b.php 第 109 行.
NOTIC: [8] Undefined variable: product /home/wwwroot/cesi3.0.zhiyujinrong.com/Application/Runtime/Cache/Admin/9ff023b606b5c4b18abb3eb0282c776b.php 第 109 行.
NOTIC: [8] Undefined variable: product /home/wwwroot/cesi3.0.zhiyujinrong.com/Application/Runtime/Cache/Admin/9ff023b606b5c4b18abb3eb0282c776b.php 第 113 行.
NOTIC: [2] in_array() expects parameter 2 to be array, null given /home/wwwroot/cesi3.0.zhiyujinrong.com/Application/Runtime/Cache/Admin/9ff023b606b5c4b18abb3eb0282c776b.php 第 113 行.
NOTIC: [8] Undefined variable: product /home/wwwroot/cesi3.0.zhiyujinrong.com/Application/Runtime/Cache/Admin/9ff023b606b5c4b18abb3eb0282c776b.php 第 114 行.
NOTIC: [2] in_array() expects parameter 2 to be array, null given /home/wwwroot/cesi3.0.zhiyujinrong.com/Application/Runtime/Cache/Admin/9ff023b606b5c4b18abb3eb0282c776b.php 第 114 行.
NOTIC: [8] Undefined variable: product /home/wwwroot/cesi3.0.zhiyujinrong.com/Application/Runtime/Cache/Admin/9ff023b606b5c4b18abb3eb0282c776b.php 第 115 行.
NOTIC: [2] in_array() expects parameter 2 to be array, null given /home/wwwroot/cesi3.0.zhiyujinrong.com/Application/Runtime/Cache/Admin/9ff023b606b5c4b18abb3eb0282c776b.php 第 115 行.
NOTIC: [8] Undefined variable: product /home/wwwroot/cesi3.0.zhiyujinrong.com/Application/Runtime/Cache/Admin/9ff023b606b5c4b18abb3eb0282c776b.php 第 116 行.
NOTIC: [2] in_array() expects parameter 2 to be array, null given /home/wwwroot/cesi3.0.zhiyujinrong.com/Application/Runtime/Cache/Admin/9ff023b606b5c4b18abb3eb0282c776b.php 第 116 行.
NOTIC: [8] Undefined variable: product /home/wwwroot/cesi3.0.zhiyujinrong.com/Application/Runtime/Cache/Admin/9ff023b606b5c4b18abb3eb0282c776b.php 第 117 行.
NOTIC: [2] in_array() expects parameter 2 to be array, null given /home/wwwroot/cesi3.0.zhiyujinrong.com/Application/Runtime/Cache/Admin/9ff023b606b5c4b18abb3eb0282c776b.php 第 117 行.
NOTIC: [8] Undefined variable: product /home/wwwroot/cesi3.0.zhiyujinrong.com/Application/Runtime/Cache/Admin/9ff023b606b5c4b18abb3eb0282c776b.php 第 118 行.
NOTIC: [2] in_array() expects parameter 2 to be array, null given /home/wwwroot/cesi3.0.zhiyujinrong.com/Application/Runtime/Cache/Admin/9ff023b606b5c4b18abb3eb0282c776b.php 第 118 行.
NOTIC: [8] Undefined variable: product /home/wwwroot/cesi3.0.zhiyujinrong.com/Application/Runtime/Cache/Admin/9ff023b606b5c4b18abb3eb0282c776b.php 第 119 行.
NOTIC: [8] Undefined index: state /home/wwwroot/cesi3.0.zhiyujinrong.com/Application/Runtime/Cache/Admin/9ff023b606b5c4b18abb3eb0282c776b.php 第 124 行.
NOTIC: [8] Undefined index: state /home/wwwroot/cesi3.0.zhiyujinrong.com/Application/Runtime/Cache/Admin/9ff023b606b5c4b18abb3eb0282c776b.php 第 124 行.
NOTIC: [8] Undefined index: state /home/wwwroot/cesi3.0.zhiyujinrong.com/Application/Runtime/Cache/Admin/9ff023b606b5c4b18abb3eb0282c776b.php 第 124 行.
NOTIC: [8] Undefined index: state /home/wwwroot/cesi3.0.zhiyujinrong.com/Application/Runtime/Cache/Admin/9ff023b606b5c4b18abb3eb0282c776b.php 第 124 行.
NOTIC: [8] Undefined variable: product /home/wwwroot/cesi3.0.zhiyujinrong.com/Application/Runtime/Cache/Admin/9ff023b606b5c4b18abb3eb0282c776b.php 第 127 行.
NOTIC: [8] Undefined variable: product /home/wwwroot/cesi3.0.zhiyujinrong.com/Application/Runtime/Cache/Admin/9ff023b606b5c4b18abb3eb0282c776b.php 第 130 行.
NOTIC: [8] Undefined variable: product /home/wwwroot/cesi3.0.zhiyujinrong.com/Application/Runtime/Cache/Admin/9ff023b606b5c4b18abb3eb0282c776b.php 第 134 行.
NOTIC: [8] Undefined variable: user /home/wwwroot/cesi3.0.zhiyujinrong.com/Application/Runtime/Cache/Admin/9ff023b606b5c4b18abb3eb0282c776b.php 第 139 行.
NOTIC: [8] Undefined index: state /home/wwwroot/cesi3.0.zhiyujinrong.com/Application/Runtime/Cache/Admin/9ff023b606b5c4b18abb3eb0282c776b.php 第 147 行.
NOTIC: [8] Undefined index: state /home/wwwroot/cesi3.0.zhiyujinrong.com/Application/Runtime/Cache/Admin/9ff023b606b5c4b18abb3eb0282c776b.php 第 147 行.
NOTIC: [8] Undefined index: state /home/wwwroot/cesi3.0.zhiyujinrong.com/Application/Runtime/Cache/Admin/9ff023b606b5c4b18abb3eb0282c776b.php 第 147 行.
NOTIC: [8] Undefined index: state /home/wwwroot/cesi3.0.zhiyujinrong.com/Application/Runtime/Cache/Admin/9ff023b606b5c4b18abb3eb0282c776b.php 第 152 行.
NOTIC: [8] Undefined index: state /home/wwwroot/cesi3.0.zhiyujinrong.com/Application/Runtime/Cache/Admin/9ff023b606b5c4b18abb3eb0282c776b.php 第 152 行.
NOTIC: [8] Undefined index: state /home/wwwroot/cesi3.0.zhiyujinrong.com/Application/Runtime/Cache/Admin/9ff023b606b5c4b18abb3eb0282c776b.php 第 152 行.
NOTIC: [8] Undefined index: state /home/wwwroot/cesi3.0.zhiyujinrong.com/Application/Runtime/Cache/Admin/9ff023b606b5c4b18abb3eb0282c776b.php 第 164 行.
NOTIC: [8] Undefined index: state /home/wwwroot/cesi3.0.zhiyujinrong.com/Application/Runtime/Cache/Admin/9ff023b606b5c4b18abb3eb0282c776b.php 第 164 行.
NOTIC: [8] Undefined index: state /home/wwwroot/cesi3.0.zhiyujinrong.com/Application/Runtime/Cache/Admin/9ff023b606b5c4b18abb3eb0282c776b.php 第 164 行.
NOTIC: [8] Undefined index: state /home/wwwroot/cesi3.0.zhiyujinrong.com/Application/Runtime/Cache/Admin/9ff023b606b5c4b18abb3eb0282c776b.php 第 164 行.
NOTIC: [8] Undefined index: state /home/wwwroot/cesi3.0.zhiyujinrong.com/Application/Runtime/Cache/Admin/9ff023b606b5c4b18abb3eb0282c776b.php 第 164 行.
NOTIC: [8] Undefined index: state /home/wwwroot/cesi3.0.zhiyujinrong.com/Application/Runtime/Cache/Admin/9ff023b606b5c4b18abb3eb0282c776b.php 第 164 行.
NOTIC: [8] Undefined index: state /home/wwwroot/cesi3.0.zhiyujinrong.com/Application/Runtime/Cache/Admin/9ff023b606b5c4b18abb3eb0282c776b.php 第 164 行.
NOTIC: [8] Undefined index: state /home/wwwroot/cesi3.0.zhiyujinrong.com/Application/Runtime/Cache/Admin/9ff023b606b5c4b18abb3eb0282c776b.php 第 164 行.
NOTIC: [8] Undefined index: state /home/wwwroot/cesi3.0.zhiyujinrong.com/Application/Runtime/Cache/Admin/9ff023b606b5c4b18abb3eb0282c776b.php 第 164 行.
NOTIC: [8] Undefined index: impawn_type /home/wwwroot/cesi3.0.zhiyujinrong.com/Application/Runtime/Cache/Admin/9ff023b606b5c4b18abb3eb0282c776b.php 第 165 行.
NOTIC: [8] Undefined index: state /home/wwwroot/cesi3.0.zhiyujinrong.com/Application/Runtime/Cache/Admin/9ff023b606b5c4b18abb3eb0282c776b.php 第 169 行.
NOTIC: [8] Undefined index: state /home/wwwroot/cesi3.0.zhiyujinrong.com/Application/Runtime/Cache/Admin/9ff023b606b5c4b18abb3eb0282c776b.php 第 169 行.
NOTIC: [8] Undefined index: state /home/wwwroot/cesi3.0.zhiyujinrong.com/Application/Runtime/Cache/Admin/9ff023b606b5c4b18abb3eb0282c776b.php 第 169 行.
NOTIC: [8] Undefined index: state /home/wwwroot/cesi3.0.zhiyujinrong.com/Application/Runtime/Cache/Admin/9ff023b606b5c4b18abb3eb0282c776b.php 第 169 行.
NOTIC: [8] Undefined variable: product /home/wwwroot/cesi3.0.zhiyujinrong.com/Application/Runtime/Cache/Admin/9ff023b606b5c4b18abb3eb0282c776b.php 第 170 行.
NOTIC: [8] Undefined variable: product /home/wwwroot/cesi3.0.zhiyujinrong.com/Application/Runtime/Cache/Admin/9ff023b606b5c4b18abb3eb0282c776b.php 第 175 行.
NOTIC: [8] Undefined variable: product /home/wwwroot/cesi3.0.zhiyujinrong.com/Application/Runtime/Cache/Admin/9ff023b606b5c4b18abb3eb0282c776b.php 第 179 行.
NOTIC: [8] Undefined index: state /home/wwwroot/cesi3.0.zhiyujinrong.com/Application/Runtime/Cache/Admin/9ff023b606b5c4b18abb3eb0282c776b.php 第 189 行.
NOTIC: [8] Undefined index: state /home/wwwroot/cesi3.0.zhiyujinrong.com/Application/Runtime/Cache/Admin/9ff023b606b5c4b18abb3eb0282c776b.php 第 189 行.
NOTIC: [8] Undefined index: state /home/wwwroot/cesi3.0.zhiyujinrong.com/Application/Runtime/Cache/Admin/9ff023b606b5c4b18abb3eb0282c776b.php 第 189 行.
NOTIC: [8] Undefined variable: product /home/wwwroot/cesi3.0.zhiyujinrong.com/Application/Runtime/Cache/Admin/9ff023b606b5c4b18abb3eb0282c776b.php 第 195 行.
NOTIC: [8] Undefined variable: product /home/wwwroot/cesi3.0.zhiyujinrong.com/Application/Runtime/Cache/Admin/9ff023b606b5c4b18abb3eb0282c776b.php 第 211 行.
NOTIC: [8] Undefined variable: product /home/wwwroot/cesi3.0.zhiyujinrong.com/Application/Runtime/Cache/Admin/9ff023b606b5c4b18abb3eb0282c776b.php 第 218 行.
NOTIC: [8] Undefined variable: product /home/wwwroot/cesi3.0.zhiyujinrong.com/Application/Runtime/Cache/Admin/9ff023b606b5c4b18abb3eb0282c776b.php 第 229 行.
NOTIC: [8] Undefined variable: product /home/wwwroot/cesi3.0.zhiyujinrong.com/Application/Runtime/Cache/Admin/9ff023b606b5c4b18abb3eb0282c776b.php 第 235 行.
INFO: Run Behavior\ParseTemplateBehavior [ RunTime:0.018507s ]
INFO: [ view_parse ] --END-- [ RunTime:0.018545s ]
INFO: [ view_filter ] --START--
INFO: Run Behavior\WriteHtmlCacheBehavior [ RunTime:0.000204s ]
INFO: [ view_filter ] --END-- [ RunTime:0.000237s ]
INFO: [ app_end ] --START--
INFO: Run Behavior\ShowPageTraceBehavior [ RunTime:0.000426s ]
INFO: [ app_end ] --END-- [ RunTime:0.000471s ]

