[ 2018-03-23T09:30:34+08:00 ] 127.0.0.1 /index.php/Admin/User/wechat_list.html
INFO: [ app_init ] --START--
INFO: Run Behavior\BuildLiteBehavior [ RunTime:0.000012s ]
INFO: [ app_init ] --END-- [ RunTime:0.009353s ]
INFO: [ app_begin ] --START--
INFO: Run Behavior\ReadHtmlCacheBehavior [ RunTime:0.011922s ]
INFO: [ app_begin ] --END-- [ RunTime:0.011974s ]

[ 2018-03-23T09:30:34+08:00 ] 127.0.0.1 /index.php/Admin/Login/login.html
INFO: [ app_init ] --START--
INFO: Run Behavior\BuildLiteBehavior [ RunTime:0.000007s ]
INFO: [ app_init ] --END-- [ RunTime:0.000260s ]
INFO: [ app_begin ] --START--
INFO: Run Behavior\ReadHtmlCacheBehavior [ RunTime:0.000275s ]
INFO: [ app_begin ] --END-- [ RunTime:0.000308s ]
INFO: [ view_parse ] --START--
INFO: [ template_filter ] --START--
INFO: Run Behavior\ContentReplaceBehavior [ RunTime:0.000069s ]
INFO: [ template_filter ] --END-- [ RunTime:0.000108s ]
INFO: Run Behavior\ParseTemplateBehavior [ RunTime:0.065506s ]
INFO: [ view_parse ] --END-- [ RunTime:0.065550s ]
INFO: [ view_filter ] --START--
INFO: Run Behavior\WriteHtmlCacheBehavior [ RunTime:0.006606s ]
INFO: [ view_filter ] --END-- [ RunTime:0.006643s ]
INFO: [ app_end ] --START--
INFO: Run Behavior\ShowPageTraceBehavior [ RunTime:0.006170s ]
INFO: [ app_end ] --END-- [ RunTime:0.006208s ]

[ 2018-03-23T09:30:39+08:00 ] 127.0.0.1 /index.php/Admin/Login/check_code.html
INFO: [ app_init ] --START--
INFO: Run Behavior\BuildLiteBehavior [ RunTime:0.000009s ]
INFO: [ app_init ] --END-- [ RunTime:0.000268s ]
INFO: [ app_begin ] --START--
INFO: Run Behavior\ReadHtmlCacheBehavior [ RunTime:0.000340s ]
INFO: [ app_begin ] --END-- [ RunTime:0.000372s ]
SQL: SHOW COLUMNS FROM `yzs_admin_users` [ RunTime:0.0342s ]
SQL: SELECT * FROM `yzs_admin_users` WHERE ( username='admin' ) LIMIT 1   [ RunTime:0.0021s ]
SQL: UPDATE `yzs_admin_users` SET `enter_time`='1521768639',`enter_ip`='127.0.0.1' WHERE ( id=1 ) [ RunTime:0.0045s ]
SQL: SHOW COLUMNS FROM `yzs_log` [ RunTime:0.0122s ]
SQL: INSERT INTO `yzs_log` (`ctr`,`act`,`user_id`,`user_name`,`get`,`post`,`time`) VALUES ('Login','check_code','1','张中','','{\"username\":\"admin\",\"password\":\"admin123\"}','1521768639') [ RunTime:0.0030s ]

[ 2018-03-23T09:30:40+08:00 ] 127.0.0.1 /index.php/Admin/Index/index.html
INFO: [ app_init ] --START--
INFO: Run Behavior\BuildLiteBehavior [ RunTime:0.000008s ]
INFO: [ app_init ] --END-- [ RunTime:0.000228s ]
INFO: [ app_begin ] --START--
INFO: Run Behavior\ReadHtmlCacheBehavior [ RunTime:0.000272s ]
INFO: [ app_begin ] --END-- [ RunTime:0.000305s ]
SQL: SHOW COLUMNS FROM `yzs_log` [ RunTime:0.0095s ]
SQL: INSERT INTO `yzs_log` (`ctr`,`act`,`user_id`,`user_name`,`get`,`post`,`time`) VALUES ('Index','index','1','张中','','','1521768640') [ RunTime:0.0016s ]
SQL: SHOW COLUMNS FROM `yzs_catalogue` [ RunTime:0.0153s ]
SQL: SELECT * FROM `yzs_catalogue` WHERE ( state=1 )  [ RunTime:0.0004s ]
SQL: SHOW COLUMNS FROM `yzs_rank_catalogue` [ RunTime:0.0100s ]
SQL: SELECT `c_id` FROM `yzs_rank_catalogue` WHERE ( r_id='1' )  [ RunTime:0.0007s ]
NOTIC: [2] in_array() expects parameter 2 to be array, null given H:\www\3.0\Application\Admin\Controller\IndexController.class.php 第 20 行.
NOTIC: [2] in_array() expects parameter 2 to be array, null given H:\www\3.0\Application\Admin\Controller\IndexController.class.php 第 20 行.
NOTIC: [2] in_array() expects parameter 2 to be array, null given H:\www\3.0\Application\Admin\Controller\IndexController.class.php 第 20 行.
NOTIC: [2] in_array() expects parameter 2 to be array, null given H:\www\3.0\Application\Admin\Controller\IndexController.class.php 第 20 行.
NOTIC: [2] in_array() expects parameter 2 to be array, null given H:\www\3.0\Application\Admin\Controller\IndexController.class.php 第 20 行.
NOTIC: [2] in_array() expects parameter 2 to be array, null given H:\www\3.0\Application\Admin\Controller\IndexController.class.php 第 20 行.
NOTIC: [2] in_array() expects parameter 2 to be array, null given H:\www\3.0\Application\Admin\Controller\IndexController.class.php 第 20 行.
NOTIC: [2] in_array() expects parameter 2 to be array, null given H:\www\3.0\Application\Admin\Controller\IndexController.class.php 第 20 行.
NOTIC: [2] in_array() expects parameter 2 to be array, null given H:\www\3.0\Application\Admin\Controller\IndexController.class.php 第 20 行.
NOTIC: [2] in_array() expects parameter 2 to be array, null given H:\www\3.0\Application\Admin\Controller\IndexController.class.php 第 20 行.
NOTIC: [2] in_array() expects parameter 2 to be array, null given H:\www\3.0\Application\Admin\Controller\IndexController.class.php 第 20 行.
NOTIC: [2] in_array() expects parameter 2 to be array, null given H:\www\3.0\Application\Admin\Controller\IndexController.class.php 第 20 行.
NOTIC: [2] in_array() expects parameter 2 to be array, null given H:\www\3.0\Application\Admin\Controller\IndexController.class.php 第 20 行.
NOTIC: [2] in_array() expects parameter 2 to be array, null given H:\www\3.0\Application\Admin\Controller\IndexController.class.php 第 20 行.
NOTIC: [2] in_array() expects parameter 2 to be array, null given H:\www\3.0\Application\Admin\Controller\IndexController.class.php 第 20 行.
NOTIC: [2] in_array() expects parameter 2 to be array, null given H:\www\3.0\Application\Admin\Controller\IndexController.class.php 第 20 行.
NOTIC: [2] in_array() expects parameter 2 to be array, null given H:\www\3.0\Application\Admin\Controller\IndexController.class.php 第 20 行.
NOTIC: [2] in_array() expects parameter 2 to be array, null given H:\www\3.0\Application\Admin\Controller\IndexController.class.php 第 20 行.
NOTIC: [2] in_array() expects parameter 2 to be array, null given H:\www\3.0\Application\Admin\Controller\IndexController.class.php 第 20 行.
NOTIC: [2] in_array() expects parameter 2 to be array, null given H:\www\3.0\Application\Admin\Controller\IndexController.class.php 第 20 行.
NOTIC: [2] in_array() expects parameter 2 to be array, null given H:\www\3.0\Application\Admin\Controller\IndexController.class.php 第 20 行.
NOTIC: [2] in_array() expects parameter 2 to be array, null given H:\www\3.0\Application\Admin\Controller\IndexController.class.php 第 20 行.
NOTIC: [2] in_array() expects parameter 2 to be array, null given H:\www\3.0\Application\Admin\Controller\IndexController.class.php 第 20 行.
NOTIC: [2] in_array() expects parameter 2 to be array, null given H:\www\3.0\Application\Admin\Controller\IndexController.class.php 第 20 行.
NOTIC: [2] in_array() expects parameter 2 to be array, null given H:\www\3.0\Application\Admin\Controller\IndexController.class.php 第 20 行.
NOTIC: [2] in_array() expects parameter 2 to be array, null given H:\www\3.0\Application\Admin\Controller\IndexController.class.php 第 20 行.
NOTIC: [2] in_array() expects parameter 2 to be array, null given H:\www\3.0\Application\Admin\Controller\IndexController.class.php 第 20 行.
NOTIC: [2] in_array() expects parameter 2 to be array, null given H:\www\3.0\Application\Admin\Controller\IndexController.class.php 第 20 行.
NOTIC: [2] in_array() expects parameter 2 to be array, null given H:\www\3.0\Application\Admin\Controller\IndexController.class.php 第 20 行.
NOTIC: [2] in_array() expects parameter 2 to be array, null given H:\www\3.0\Application\Admin\Controller\IndexController.class.php 第 20 行.
INFO: [ view_parse ] --START--
INFO: [ template_filter ] --START--
INFO: Run Behavior\ContentReplaceBehavior [ RunTime:0.000039s ]
INFO: [ template_filter ] --END-- [ RunTime:0.000078s ]
INFO: Run Behavior\ParseTemplateBehavior [ RunTime:0.031037s ]
INFO: [ view_parse ] --END-- [ RunTime:0.031082s ]
INFO: [ view_filter ] --START--
INFO: Run Behavior\WriteHtmlCacheBehavior [ RunTime:0.000251s ]
INFO: [ view_filter ] --END-- [ RunTime:0.000276s ]
INFO: [ app_end ] --START--
INFO: Run Behavior\ShowPageTraceBehavior [ RunTime:0.000365s ]
INFO: [ app_end ] --END-- [ RunTime:0.000395s ]

[ 2018-03-23T09:30:41+08:00 ] 127.0.0.1 /index.php/Admin/System/admin_list.html
INFO: [ app_init ] --START--
INFO: Run Behavior\BuildLiteBehavior [ RunTime:0.000011s ]
INFO: [ app_init ] --END-- [ RunTime:0.000371s ]
INFO: [ app_begin ] --START--
INFO: Run Behavior\ReadHtmlCacheBehavior [ RunTime:0.001438s ]
INFO: [ app_begin ] --END-- [ RunTime:0.001710s ]
SQL: SHOW COLUMNS FROM `yzs_log` [ RunTime:0.0097s ]
SQL: INSERT INTO `yzs_log` (`ctr`,`act`,`user_id`,`user_name`,`get`,`post`,`time`) VALUES ('System','admin_list','1','张中','','','1521768641') [ RunTime:0.0018s ]
NOTIC: [8] Undefined index: name H:\www\3.0\Application\Admin\Controller\SystemController.class.php 第 252 行.
SQL: SHOW COLUMNS FROM `yzs_admin_users` [ RunTime:0.0055s ]
SQL: SELECT COUNT(*) AS tp_count FROM `yzs_admin_users` LIMIT 1   [ RunTime:0.0012s ]
SQL: SELECT * FROM `yzs_admin_users` WHERE ( 1 ) ORDER BY rank LIMIT 0,20   [ RunTime:0.0010s ]
NOTIC: [2] date() expects parameter 2 to be long, string given H:\www\3.0\Application\Admin\Controller\SystemController.class.php 第 274 行.
SQL: SELECT `name` FROM `yzs_admin_users` WHERE ( id=0 ) LIMIT 1   [ RunTime:0.0002s ]
SQL: SHOW COLUMNS FROM `yzs_rank` [ RunTime:0.0181s ]
SQL: SELECT `rank` FROM `yzs_rank` WHERE ( id=1 ) LIMIT 1   [ RunTime:0.0002s ]
SQL: SELECT `name` FROM `yzs_admin_users` WHERE ( id=0 ) LIMIT 1   [ RunTime:0.0002s ]
SQL: SELECT `rank` FROM `yzs_rank` WHERE ( id=1 ) LIMIT 1   [ RunTime:0.0003s ]
NOTIC: [2] date() expects parameter 2 to be long, string given H:\www\3.0\Application\Admin\Controller\SystemController.class.php 第 274 行.
SQL: SELECT `name` FROM `yzs_admin_users` WHERE ( id=3 ) LIMIT 1   [ RunTime:0.0005s ]
SQL: SELECT `rank` FROM `yzs_rank` WHERE ( id=2 ) LIMIT 1   [ RunTime:0.0007s ]
SQL: SHOW COLUMNS FROM `yzs_territory` [ RunTime:0.0208s ]
SQL: SELECT `name` FROM `yzs_territory` WHERE ( id=5 ) LIMIT 1   [ RunTime:0.0007s ]
SQL: SELECT `name` FROM `yzs_admin_users` WHERE ( id=3 ) LIMIT 1   [ RunTime:0.0002s ]
SQL: SELECT `rank` FROM `yzs_rank` WHERE ( id=2 ) LIMIT 1   [ RunTime:0.0002s ]
SQL: SELECT `name` FROM `yzs_territory` WHERE ( id=2 ) LIMIT 1   [ RunTime:0.0002s ]
NOTIC: [2] date() expects parameter 2 to be long, string given H:\www\3.0\Application\Admin\Controller\SystemController.class.php 第 275 行.
SQL: SELECT `name` FROM `yzs_admin_users` WHERE ( id=1 ) LIMIT 1   [ RunTime:0.0002s ]
SQL: SELECT `rank` FROM `yzs_rank` WHERE ( id=2 ) LIMIT 1   [ RunTime:0.0001s ]
SQL: SELECT `name` FROM `yzs_territory` WHERE ( id=1 ) LIMIT 1   [ RunTime:0.0002s ]
NOTIC: [2] date() expects parameter 2 to be long, string given H:\www\3.0\Application\Admin\Controller\SystemController.class.php 第 275 行.
SQL: SELECT `name` FROM `yzs_admin_users` WHERE ( id=1 ) LIMIT 1   [ RunTime:0.0002s ]
SQL: SELECT `rank` FROM `yzs_rank` WHERE ( id=2 ) LIMIT 1   [ RunTime:0.0002s ]
SQL: SELECT `name` FROM `yzs_territory` WHERE ( id=8 ) LIMIT 1   [ RunTime:0.0002s ]
INFO: [ view_parse ] --START--
INFO: [ template_filter ] --START--
INFO: Run Behavior\ContentReplaceBehavior [ RunTime:0.000059s ]
INFO: [ template_filter ] --END-- [ RunTime:0.000106s ]
INFO: Run Behavior\ParseTemplateBehavior [ RunTime:0.082377s ]
INFO: [ view_parse ] --END-- [ RunTime:0.082427s ]
INFO: [ view_filter ] --START--
INFO: Run Behavior\WriteHtmlCacheBehavior [ RunTime:0.000229s ]
INFO: [ view_filter ] --END-- [ RunTime:0.000255s ]
INFO: [ app_end ] --START--
INFO: Run Behavior\ShowPageTraceBehavior [ RunTime:0.000358s ]
INFO: [ app_end ] --END-- [ RunTime:0.000384s ]

