[ 2017-11-17T04:13:30+08:00 ] 106.11.227.150 /
INFO: [ app_init ] --START--
INFO: Run Behavior\BuildLiteBehavior [ RunTime:0.000013s ]
INFO: [ app_init ] --END-- [ RunTime:0.000317s ]
INFO: [ app_begin ] --START--
INFO: Run Behavior\ReadHtmlCacheBehavior [ RunTime:0.000418s ]
INFO: [ app_begin ] --END-- [ RunTime:0.000456s ]

[ 2017-11-17T04:13:30+08:00 ] 106.11.227.108 /index.php/Admin/Login/login.html
INFO: [ app_init ] --START--
INFO: Run Behavior\BuildLiteBehavior [ RunTime:0.000011s ]
INFO: [ app_init ] --END-- [ RunTime:0.000280s ]
INFO: [ app_begin ] --START--
INFO: Run Behavior\ReadHtmlCacheBehavior [ RunTime:0.000394s ]
INFO: [ app_begin ] --END-- [ RunTime:0.000433s ]
INFO: [ view_parse ] --START--
INFO: [ template_filter ] --START--
INFO: Run Behavior\ContentReplaceBehavior [ RunTime:0.000034s ]
INFO: [ template_filter ] --END-- [ RunTime:0.000073s ]
INFO: Run Behavior\ParseTemplateBehavior [ RunTime:0.004715s ]
INFO: [ view_parse ] --END-- [ RunTime:0.004753s ]
INFO: [ view_filter ] --START--
INFO: Run Behavior\WriteHtmlCacheBehavior [ RunTime:0.000169s ]
INFO: [ view_filter ] --END-- [ RunTime:0.000200s ]
INFO: [ app_end ] --START--
INFO: Run Behavior\ShowPageTraceBehavior [ RunTime:0.000405s ]
INFO: [ app_end ] --END-- [ RunTime:0.000439s ]

[ 2017-11-17T17:45:24+08:00 ] 223.166.151.191 /
INFO: [ app_init ] --START--
INFO: Run Behavior\BuildLiteBehavior [ RunTime:0.000012s ]
INFO: [ app_init ] --END-- [ RunTime:0.000312s ]
INFO: [ app_begin ] --START--
INFO: Run Behavior\ReadHtmlCacheBehavior [ RunTime:0.000432s ]
INFO: [ app_begin ] --END-- [ RunTime:0.000476s ]

[ 2017-11-17T17:45:24+08:00 ] 58.247.212.69 /
INFO: [ app_init ] --START--
INFO: Run Behavior\BuildLiteBehavior [ RunTime:0.000024s ]
INFO: [ app_init ] --END-- [ RunTime:0.000337s ]
INFO: [ app_begin ] --START--
INFO: Run Behavior\ReadHtmlCacheBehavior [ RunTime:0.000460s ]
INFO: [ app_begin ] --END-- [ RunTime:0.000503s ]

[ 2017-11-17T17:45:24+08:00 ] 61.129.6.70 /
INFO: [ app_init ] --START--
INFO: Run Behavior\BuildLiteBehavior [ RunTime:0.000011s ]
INFO: [ app_init ] --END-- [ RunTime:0.000278s ]
INFO: [ app_begin ] --START--
INFO: Run Behavior\ReadHtmlCacheBehavior [ RunTime:0.000372s ]
INFO: [ app_begin ] --END-- [ RunTime:0.000411s ]

[ 2017-11-17T17:45:32+08:00 ] 120.204.17.73 /
INFO: [ app_init ] --START--
INFO: Run Behavior\BuildLiteBehavior [ RunTime:0.000013s ]
INFO: [ app_init ] --END-- [ RunTime:0.000314s ]
INFO: [ app_begin ] --START--
INFO: Run Behavior\ReadHtmlCacheBehavior [ RunTime:0.000422s ]
INFO: [ app_begin ] --END-- [ RunTime:0.000476s ]

[ 2017-11-17T18:11:48+08:00 ] 180.173.193.172 /
INFO: [ app_init ] --START--
INFO: Run Behavior\BuildLiteBehavior [ RunTime:0.000013s ]
INFO: [ app_init ] --END-- [ RunTime:0.000328s ]
INFO: [ app_begin ] --START--
INFO: Run Behavior\ReadHtmlCacheBehavior [ RunTime:0.000413s ]
INFO: [ app_begin ] --END-- [ RunTime:0.000457s ]

[ 2017-11-17T18:11:48+08:00 ] 180.173.193.172 /index.php/Admin/Login/login.html
INFO: [ app_init ] --START--
INFO: Run Behavior\BuildLiteBehavior [ RunTime:0.000012s ]
INFO: [ app_init ] --END-- [ RunTime:0.000277s ]
INFO: [ app_begin ] --START--
INFO: Run Behavior\ReadHtmlCacheBehavior [ RunTime:0.000396s ]
INFO: [ app_begin ] --END-- [ RunTime:0.000444s ]
INFO: [ view_parse ] --START--
INFO: [ template_filter ] --START--
INFO: Run Behavior\ContentReplaceBehavior [ RunTime:0.000036s ]
INFO: [ template_filter ] --END-- [ RunTime:0.000075s ]
INFO: Run Behavior\ParseTemplateBehavior [ RunTime:0.004780s ]
INFO: [ view_parse ] --END-- [ RunTime:0.004816s ]
INFO: [ view_filter ] --START--
INFO: Run Behavior\WriteHtmlCacheBehavior [ RunTime:0.000179s ]
INFO: [ view_filter ] --END-- [ RunTime:0.000211s ]
INFO: [ app_end ] --START--
INFO: Run Behavior\ShowPageTraceBehavior [ RunTime:0.000430s ]
INFO: [ app_end ] --END-- [ RunTime:0.000469s ]

[ 2017-11-17T18:11:50+08:00 ] 180.173.193.172 /index.php/Admin/Login/check_code.html
INFO: [ app_init ] --START--
INFO: Run Behavior\BuildLiteBehavior [ RunTime:0.000013s ]
INFO: [ app_init ] --END-- [ RunTime:0.000304s ]
INFO: [ app_begin ] --START--
INFO: Run Behavior\ReadHtmlCacheBehavior [ RunTime:0.000385s ]
INFO: [ app_begin ] --END-- [ RunTime:0.000433s ]
SQL: SHOW COLUMNS FROM `yzs_admin_users` [ RunTime:0.0252s ]
SQL: SELECT * FROM `yzs_admin_users` WHERE ( username='will' ) LIMIT 1   [ RunTime:0.0003s ]
SQL: UPDATE `yzs_admin_users` SET `enter_time`='1510913510',`enter_ip`='180.173.193.172' WHERE ( id=3 ) [ RunTime:0.0059s ]
SQL: SHOW COLUMNS FROM `yzs_log` [ RunTime:0.0440s ]
SQL: INSERT INTO `yzs_log` (`ctr`,`act`,`user_id`,`user_name`,`get`,`post`,`time`) VALUES ('Login','check_code','3','will','','{\"username\":\"will\",\"password\":\"zw0403301x\"}','1510913510') [ RunTime:0.0051s ]

[ 2017-11-17T18:11:51+08:00 ] 180.173.193.172 /index.php/Admin/Index/index.html
INFO: [ app_init ] --START--
INFO: Run Behavior\BuildLiteBehavior [ RunTime:0.000013s ]
INFO: [ app_init ] --END-- [ RunTime:0.000290s ]
INFO: [ app_begin ] --START--
INFO: Run Behavior\ReadHtmlCacheBehavior [ RunTime:0.000381s ]
INFO: [ app_begin ] --END-- [ RunTime:0.000428s ]
SQL: SHOW COLUMNS FROM `yzs_log` [ RunTime:0.0007s ]
SQL: INSERT INTO `yzs_log` (`ctr`,`act`,`user_id`,`user_name`,`get`,`post`,`time`) VALUES ('Index','index','3','will','','','1510913511') [ RunTime:0.0130s ]
SQL: SHOW COLUMNS FROM `yzs_catalogue` [ RunTime:0.0205s ]
SQL: SELECT * FROM `yzs_catalogue` WHERE ( state=1 )  [ RunTime:0.0003s ]
INFO: [ view_parse ] --START--
INFO: [ template_filter ] --START--
INFO: Run Behavior\ContentReplaceBehavior [ RunTime:0.000042s ]
INFO: [ template_filter ] --END-- [ RunTime:0.000084s ]
INFO: Run Behavior\ParseTemplateBehavior [ RunTime:0.005198s ]
INFO: [ view_parse ] --END-- [ RunTime:0.005239s ]
INFO: [ view_filter ] --START--
INFO: Run Behavior\WriteHtmlCacheBehavior [ RunTime:0.000202s ]
INFO: [ view_filter ] --END-- [ RunTime:0.000239s ]
INFO: [ app_end ] --START--
INFO: Run Behavior\ShowPageTraceBehavior [ RunTime:0.000411s ]
INFO: [ app_end ] --END-- [ RunTime:0.000449s ]

[ 2017-11-17T18:11:51+08:00 ] 180.173.193.172 /index.php/Admin/System/admin_list.html
INFO: [ app_init ] --START--
INFO: Run Behavior\BuildLiteBehavior [ RunTime:0.000012s ]
INFO: [ app_init ] --END-- [ RunTime:0.000311s ]
INFO: [ app_begin ] --START--
INFO: Run Behavior\ReadHtmlCacheBehavior [ RunTime:0.000442s ]
INFO: [ app_begin ] --END-- [ RunTime:0.000483s ]
SQL: SHOW COLUMNS FROM `yzs_log` [ RunTime:0.0007s ]
SQL: INSERT INTO `yzs_log` (`ctr`,`act`,`user_id`,`user_name`,`get`,`post`,`time`) VALUES ('System','admin_list','3','will','','','1510913511') [ RunTime:0.0126s ]
SQL: SHOW COLUMNS FROM `yzs_admin_users` [ RunTime:0.0007s ]
SQL: SELECT COUNT(*) AS tp_count FROM `yzs_admin_users` LIMIT 1   [ RunTime:0.0002s ]
SQL: SELECT * FROM `yzs_admin_users` WHERE ( 1 and status='1' ) ORDER BY rank LIMIT 0,20   [ RunTime:0.0003s ]
NOTIC: [2] date() expects parameter 2 to be long, string given /home/wwwroot/cesi3.0.zhiyujinrong.com/Application/Admin/Controller/SystemController.class.php 第 249 行.
SQL: SELECT `name` FROM `yzs_admin_users` WHERE ( id=0 ) LIMIT 1   [ RunTime:0.0002s ]
SQL: SELECT `name` FROM `yzs_admin_users` WHERE ( id=0 ) LIMIT 1   [ RunTime:0.0002s ]
SQL: SELECT `name` FROM `yzs_admin_users` WHERE ( id=0 ) LIMIT 1   [ RunTime:0.0002s ]
SQL: SELECT `name` FROM `yzs_admin_users` WHERE ( id=3 ) LIMIT 1   [ RunTime:0.0002s ]
NOTIC: [2] date() expects parameter 2 to be long, string given /home/wwwroot/cesi3.0.zhiyujinrong.com/Application/Admin/Controller/SystemController.class.php 第 249 行.
SQL: SELECT `name` FROM `yzs_admin_users` WHERE ( id=3 ) LIMIT 1   [ RunTime:0.0002s ]
INFO: [ view_parse ] --START--
INFO: [ template_filter ] --START--
INFO: Run Behavior\ContentReplaceBehavior [ RunTime:0.000045s ]
INFO: [ template_filter ] --END-- [ RunTime:0.000083s ]
NOTIC: [8] Undefined index: delete /home/wwwroot/cesi3.0.zhiyujinrong.com/Application/Runtime/Cache/Admin/20ad540a2aa8b40fd265df5c9fff6957.php 第 76 行.
NOTIC: [8] Undefined index: menu /home/wwwroot/cesi3.0.zhiyujinrong.com/Application/Runtime/Cache/Admin/20ad540a2aa8b40fd265df5c9fff6957.php 第 76 行.
NOTIC: [8] Undefined index: delete /home/wwwroot/cesi3.0.zhiyujinrong.com/Application/Runtime/Cache/Admin/20ad540a2aa8b40fd265df5c9fff6957.php 第 76 行.
NOTIC: [8] Undefined index: menu /home/wwwroot/cesi3.0.zhiyujinrong.com/Application/Runtime/Cache/Admin/20ad540a2aa8b40fd265df5c9fff6957.php 第 76 行.
NOTIC: [8] Undefined index: delete /home/wwwroot/cesi3.0.zhiyujinrong.com/Application/Runtime/Cache/Admin/20ad540a2aa8b40fd265df5c9fff6957.php 第 76 行.
NOTIC: [8] Undefined index: menu /home/wwwroot/cesi3.0.zhiyujinrong.com/Application/Runtime/Cache/Admin/20ad540a2aa8b40fd265df5c9fff6957.php 第 76 行.
NOTIC: [8] Undefined index: delete /home/wwwroot/cesi3.0.zhiyujinrong.com/Application/Runtime/Cache/Admin/20ad540a2aa8b40fd265df5c9fff6957.php 第 76 行.
NOTIC: [8] Undefined index: menu /home/wwwroot/cesi3.0.zhiyujinrong.com/Application/Runtime/Cache/Admin/20ad540a2aa8b40fd265df5c9fff6957.php 第 76 行.
NOTIC: [8] Undefined index: delete /home/wwwroot/cesi3.0.zhiyujinrong.com/Application/Runtime/Cache/Admin/20ad540a2aa8b40fd265df5c9fff6957.php 第 76 行.
NOTIC: [8] Undefined index: menu /home/wwwroot/cesi3.0.zhiyujinrong.com/Application/Runtime/Cache/Admin/20ad540a2aa8b40fd265df5c9fff6957.php 第 76 行.
INFO: Run Behavior\ParseTemplateBehavior [ RunTime:0.008747s ]
INFO: [ view_parse ] --END-- [ RunTime:0.008788s ]
INFO: [ view_filter ] --START--
INFO: Run Behavior\WriteHtmlCacheBehavior [ RunTime:0.000172s ]
INFO: [ view_filter ] --END-- [ RunTime:0.000205s ]
INFO: [ app_end ] --START--
INFO: Run Behavior\ShowPageTraceBehavior [ RunTime:0.000403s ]
INFO: [ app_end ] --END-- [ RunTime:0.000438s ]

[ 2017-11-17T18:11:54+08:00 ] 180.173.193.172 /index.php/Admin/Product/product_list.html
INFO: [ app_init ] --START--
INFO: Run Behavior\BuildLiteBehavior [ RunTime:0.000013s ]
INFO: [ app_init ] --END-- [ RunTime:0.000288s ]
INFO: [ app_begin ] --START--
INFO: Run Behavior\ReadHtmlCacheBehavior [ RunTime:0.000382s ]
INFO: [ app_begin ] --END-- [ RunTime:0.000420s ]
SQL: SHOW COLUMNS FROM `yzs_log` [ RunTime:0.0007s ]
SQL: INSERT INTO `yzs_log` (`ctr`,`act`,`user_id`,`user_name`,`get`,`post`,`time`) VALUES ('Product','product_list','3','will','','','1510913514') [ RunTime:0.0135s ]
SQL: SHOW COLUMNS FROM `yzs_product` [ RunTime:0.0010s ]
SQL: SELECT COUNT(id) AS tp_count FROM `yzs_product` LIMIT 1   [ RunTime:0.0002s ]
SQL: select p.*, (select `name` from yzs_product_type pt where id=p.type)as ptname,
                (select `name` from yzs_loans_type lt where id=p.loans_type) as ltname from yzs_product p where 1 limit 0,20 [ RunTime:0.0233s ]
SQL: select GROUP_CONCAT(name) as city from yzs_territory ter where id in(1) [ RunTime:0.0002s ]
SQL: select GROUP_CONCAT(name) as city from yzs_territory ter where id in(8) [ RunTime:0.0002s ]
SQL: select GROUP_CONCAT(name) as city from yzs_territory ter where id in(1) [ RunTime:0.0002s ]
SQL: select GROUP_CONCAT(name) as city from yzs_territory ter where id in(1) [ RunTime:0.0002s ]
INFO: [ view_parse ] --START--
INFO: [ template_filter ] --START--
INFO: Run Behavior\ContentReplaceBehavior [ RunTime:0.000049s ]
INFO: [ template_filter ] --END-- [ RunTime:0.000089s ]
NOTIC: [8] Undefined index: enter_time /home/wwwroot/cesi3.0.zhiyujinrong.com/Application/Runtime/Cache/Admin/527ac73b321bc66eb5b723d07450871f.php 第 75 行.
NOTIC: [8] Undefined index: enter_ip /home/wwwroot/cesi3.0.zhiyujinrong.com/Application/Runtime/Cache/Admin/527ac73b321bc66eb5b723d07450871f.php 第 76 行.
NOTIC: [8] Undefined index: delete /home/wwwroot/cesi3.0.zhiyujinrong.com/Application/Runtime/Cache/Admin/527ac73b321bc66eb5b723d07450871f.php 第 79 行.
NOTIC: [8] Undefined index: menu /home/wwwroot/cesi3.0.zhiyujinrong.com/Application/Runtime/Cache/Admin/527ac73b321bc66eb5b723d07450871f.php 第 79 行.
NOTIC: [8] Undefined index: enter_time /home/wwwroot/cesi3.0.zhiyujinrong.com/Application/Runtime/Cache/Admin/527ac73b321bc66eb5b723d07450871f.php 第 75 行.
NOTIC: [8] Undefined index: enter_ip /home/wwwroot/cesi3.0.zhiyujinrong.com/Application/Runtime/Cache/Admin/527ac73b321bc66eb5b723d07450871f.php 第 76 行.
NOTIC: [8] Undefined index: delete /home/wwwroot/cesi3.0.zhiyujinrong.com/Application/Runtime/Cache/Admin/527ac73b321bc66eb5b723d07450871f.php 第 79 行.
NOTIC: [8] Undefined index: menu /home/wwwroot/cesi3.0.zhiyujinrong.com/Application/Runtime/Cache/Admin/527ac73b321bc66eb5b723d07450871f.php 第 79 行.
NOTIC: [8] Undefined index: enter_time /home/wwwroot/cesi3.0.zhiyujinrong.com/Application/Runtime/Cache/Admin/527ac73b321bc66eb5b723d07450871f.php 第 75 行.
NOTIC: [8] Undefined index: enter_ip /home/wwwroot/cesi3.0.zhiyujinrong.com/Application/Runtime/Cache/Admin/527ac73b321bc66eb5b723d07450871f.php 第 76 行.
NOTIC: [8] Undefined index: delete /home/wwwroot/cesi3.0.zhiyujinrong.com/Application/Runtime/Cache/Admin/527ac73b321bc66eb5b723d07450871f.php 第 79 行.
NOTIC: [8] Undefined index: menu /home/wwwroot/cesi3.0.zhiyujinrong.com/Application/Runtime/Cache/Admin/527ac73b321bc66eb5b723d07450871f.php 第 79 行.
NOTIC: [8] Undefined index: enter_time /home/wwwroot/cesi3.0.zhiyujinrong.com/Application/Runtime/Cache/Admin/527ac73b321bc66eb5b723d07450871f.php 第 75 行.
NOTIC: [8] Undefined index: enter_ip /home/wwwroot/cesi3.0.zhiyujinrong.com/Application/Runtime/Cache/Admin/527ac73b321bc66eb5b723d07450871f.php 第 76 行.
NOTIC: [8] Undefined index: delete /home/wwwroot/cesi3.0.zhiyujinrong.com/Application/Runtime/Cache/Admin/527ac73b321bc66eb5b723d07450871f.php 第 79 行.
NOTIC: [8] Undefined index: menu /home/wwwroot/cesi3.0.zhiyujinrong.com/Application/Runtime/Cache/Admin/527ac73b321bc66eb5b723d07450871f.php 第 79 行.
INFO: Run Behavior\ParseTemplateBehavior [ RunTime:0.009149s ]
INFO: [ view_parse ] --END-- [ RunTime:0.009189s ]
INFO: [ view_filter ] --START--
INFO: Run Behavior\WriteHtmlCacheBehavior [ RunTime:0.000202s ]
INFO: [ view_filter ] --END-- [ RunTime:0.000236s ]
INFO: [ app_end ] --START--
INFO: Run Behavior\ShowPageTraceBehavior [ RunTime:0.000459s ]
INFO: [ app_end ] --END-- [ RunTime:0.000524s ]

[ 2017-11-17T18:11:54+08:00 ] 180.173.193.172 /index.php/Admin/Product/parameter_list.html
INFO: [ app_init ] --START--
INFO: Run Behavior\BuildLiteBehavior [ RunTime:0.000012s ]
INFO: [ app_init ] --END-- [ RunTime:0.000314s ]
INFO: [ app_begin ] --START--
INFO: Run Behavior\ReadHtmlCacheBehavior [ RunTime:0.000407s ]
INFO: [ app_begin ] --END-- [ RunTime:0.000449s ]
SQL: SHOW COLUMNS FROM `yzs_log` [ RunTime:0.0006s ]
SQL: INSERT INTO `yzs_log` (`ctr`,`act`,`user_id`,`user_name`,`get`,`post`,`time`) VALUES ('Product','parameter_list','3','will','','','1510913514') [ RunTime:0.0128s ]
SQL: SHOW COLUMNS FROM `yzs_house_type` [ RunTime:0.0004s ]
SQL: SELECT COUNT(*) AS tp_count FROM `yzs_house_type` LIMIT 1   [ RunTime:0.0002s ]
SQL: SELECT * FROM `yzs_house_type` ORDER BY id LIMIT 0,10   [ RunTime:0.0002s ]
SQL: SHOW COLUMNS FROM `yzs_loans_type` [ RunTime:0.0004s ]
SQL: SELECT COUNT(*) AS tp_count FROM `yzs_loans_type` LIMIT 1   [ RunTime:0.0002s ]
SQL: SELECT * FROM `yzs_loans_type` ORDER BY id LIMIT 0,10   [ RunTime:0.0001s ]
SQL: SHOW COLUMNS FROM `yzs_repayment_pattern` [ RunTime:0.0022s ]
SQL: SELECT COUNT(*) AS tp_count FROM `yzs_repayment_pattern` LIMIT 1   [ RunTime:0.0001s ]
SQL: SELECT * FROM `yzs_repayment_pattern` ORDER BY id LIMIT 0,10   [ RunTime:0.0001s ]
SQL: SHOW COLUMNS FROM `yzs_territory` [ RunTime:0.0004s ]
SQL: SELECT COUNT(*) AS tp_count FROM `yzs_territory` LIMIT 1   [ RunTime:0.0002s ]
SQL: SELECT * FROM `yzs_territory` LIMIT 0,10   [ RunTime:0.0002s ]
INFO: [ view_parse ] --START--
INFO: [ template_filter ] --START--
INFO: Run Behavior\ContentReplaceBehavior [ RunTime:0.000085s ]
INFO: [ template_filter ] --END-- [ RunTime:0.000125s ]
INFO: Run Behavior\ParseTemplateBehavior [ RunTime:0.017325s ]
INFO: [ view_parse ] --END-- [ RunTime:0.017366s ]
INFO: [ view_filter ] --START--
INFO: Run Behavior\WriteHtmlCacheBehavior [ RunTime:0.000217s ]
INFO: [ view_filter ] --END-- [ RunTime:0.000262s ]
INFO: [ app_end ] --START--
INFO: Run Behavior\ShowPageTraceBehavior [ RunTime:0.000403s ]
INFO: [ app_end ] --END-- [ RunTime:0.000440s ]

[ 2017-11-17T18:11:56+08:00 ] 180.173.193.172 /index.php/Admin/Product/area_list.html
INFO: [ app_init ] --START--
INFO: Run Behavior\BuildLiteBehavior [ RunTime:0.000012s ]
INFO: [ app_init ] --END-- [ RunTime:0.000292s ]
INFO: [ app_begin ] --START--
INFO: Run Behavior\ReadHtmlCacheBehavior [ RunTime:0.000385s ]
INFO: [ app_begin ] --END-- [ RunTime:0.000424s ]
SQL: SHOW COLUMNS FROM `yzs_log` [ RunTime:0.0007s ]
SQL: INSERT INTO `yzs_log` (`ctr`,`act`,`user_id`,`user_name`,`get`,`post`,`time`) VALUES ('Product','area_list','3','will','','','1510913516') [ RunTime:0.0229s ]
ERR: 非法操作:area_list

[ 2017-11-17T18:11:59+08:00 ] 180.173.193.172 /index.php/Admin/Product/parameter_list.html
INFO: [ app_init ] --START--
INFO: Run Behavior\BuildLiteBehavior [ RunTime:0.000013s ]
INFO: [ app_init ] --END-- [ RunTime:0.000315s ]
INFO: [ app_begin ] --START--
INFO: Run Behavior\ReadHtmlCacheBehavior [ RunTime:0.000436s ]
INFO: [ app_begin ] --END-- [ RunTime:0.000486s ]
SQL: SHOW COLUMNS FROM `yzs_log` [ RunTime:0.0007s ]
SQL: INSERT INTO `yzs_log` (`ctr`,`act`,`user_id`,`user_name`,`get`,`post`,`time`) VALUES ('Product','parameter_list','3','will','','','1510913519') [ RunTime:0.0126s ]
SQL: SHOW COLUMNS FROM `yzs_house_type` [ RunTime:0.0004s ]
SQL: SELECT COUNT(*) AS tp_count FROM `yzs_house_type` LIMIT 1   [ RunTime:0.0002s ]
SQL: SELECT * FROM `yzs_house_type` ORDER BY id LIMIT 0,10   [ RunTime:0.0002s ]
SQL: SHOW COLUMNS FROM `yzs_loans_type` [ RunTime:0.0003s ]
SQL: SELECT COUNT(*) AS tp_count FROM `yzs_loans_type` LIMIT 1   [ RunTime:0.0001s ]
SQL: SELECT * FROM `yzs_loans_type` ORDER BY id LIMIT 0,10   [ RunTime:0.0002s ]
SQL: SHOW COLUMNS FROM `yzs_repayment_pattern` [ RunTime:0.0003s ]
SQL: SELECT COUNT(*) AS tp_count FROM `yzs_repayment_pattern` LIMIT 1   [ RunTime:0.0001s ]
SQL: SELECT * FROM `yzs_repayment_pattern` ORDER BY id LIMIT 0,10   [ RunTime:0.0002s ]
SQL: SHOW COLUMNS FROM `yzs_territory` [ RunTime:0.0004s ]
SQL: SELECT COUNT(*) AS tp_count FROM `yzs_territory` LIMIT 1   [ RunTime:0.0002s ]
SQL: SELECT * FROM `yzs_territory` LIMIT 0,10   [ RunTime:0.0001s ]
INFO: [ view_parse ] --START--
INFO: [ template_filter ] --START--
INFO: Run Behavior\ContentReplaceBehavior [ RunTime:0.000086s ]
INFO: [ template_filter ] --END-- [ RunTime:0.000123s ]
INFO: Run Behavior\ParseTemplateBehavior [ RunTime:0.016695s ]
INFO: [ view_parse ] --END-- [ RunTime:0.016771s ]
INFO: [ view_filter ] --START--
INFO: Run Behavior\WriteHtmlCacheBehavior [ RunTime:0.000176s ]
INFO: [ view_filter ] --END-- [ RunTime:0.000209s ]
INFO: [ app_end ] --START--
INFO: Run Behavior\ShowPageTraceBehavior [ RunTime:0.000386s ]
INFO: [ app_end ] --END-- [ RunTime:0.000422s ]

[ 2017-11-17T18:12:35+08:00 ] 180.173.193.172 /index.php/Admin/Product/product_list.html
INFO: [ app_init ] --START--
INFO: Run Behavior\BuildLiteBehavior [ RunTime:0.000013s ]
INFO: [ app_init ] --END-- [ RunTime:0.000310s ]
INFO: [ app_begin ] --START--
INFO: Run Behavior\ReadHtmlCacheBehavior [ RunTime:0.000399s ]
INFO: [ app_begin ] --END-- [ RunTime:0.000476s ]
SQL: SHOW COLUMNS FROM `yzs_log` [ RunTime:0.0008s ]
SQL: INSERT INTO `yzs_log` (`ctr`,`act`,`user_id`,`user_name`,`get`,`post`,`time`) VALUES ('Product','product_list','3','will','','','1510913555') [ RunTime:0.0210s ]
SQL: SHOW COLUMNS FROM `yzs_product` [ RunTime:0.0010s ]
SQL: SELECT COUNT(id) AS tp_count FROM `yzs_product` LIMIT 1   [ RunTime:0.0002s ]
SQL: select p.*, (select `name` from yzs_product_type pt where id=p.type)as ptname,
                (select `name` from yzs_loans_type lt where id=p.loans_type) as ltname from yzs_product p where 1 limit 0,20 [ RunTime:0.0004s ]
SQL: select GROUP_CONCAT(name) as city from yzs_territory ter where id in(1) [ RunTime:0.0003s ]
SQL: select GROUP_CONCAT(name) as city from yzs_territory ter where id in(8) [ RunTime:0.0002s ]
SQL: select GROUP_CONCAT(name) as city from yzs_territory ter where id in(1) [ RunTime:0.0003s ]
SQL: select GROUP_CONCAT(name) as city from yzs_territory ter where id in(1) [ RunTime:0.0002s ]
INFO: [ view_parse ] --START--
INFO: [ template_filter ] --START--
INFO: Run Behavior\ContentReplaceBehavior [ RunTime:0.000048s ]
INFO: [ template_filter ] --END-- [ RunTime:0.000086s ]
NOTIC: [8] Undefined index: enter_time /home/wwwroot/cesi3.0.zhiyujinrong.com/Application/Runtime/Cache/Admin/527ac73b321bc66eb5b723d07450871f.php 第 75 行.
NOTIC: [8] Undefined index: enter_ip /home/wwwroot/cesi3.0.zhiyujinrong.com/Application/Runtime/Cache/Admin/527ac73b321bc66eb5b723d07450871f.php 第 76 行.
NOTIC: [8] Undefined index: delete /home/wwwroot/cesi3.0.zhiyujinrong.com/Application/Runtime/Cache/Admin/527ac73b321bc66eb5b723d07450871f.php 第 79 行.
NOTIC: [8] Undefined index: menu /home/wwwroot/cesi3.0.zhiyujinrong.com/Application/Runtime/Cache/Admin/527ac73b321bc66eb5b723d07450871f.php 第 79 行.
NOTIC: [8] Undefined index: enter_time /home/wwwroot/cesi3.0.zhiyujinrong.com/Application/Runtime/Cache/Admin/527ac73b321bc66eb5b723d07450871f.php 第 75 行.
NOTIC: [8] Undefined index: enter_ip /home/wwwroot/cesi3.0.zhiyujinrong.com/Application/Runtime/Cache/Admin/527ac73b321bc66eb5b723d07450871f.php 第 76 行.
NOTIC: [8] Undefined index: delete /home/wwwroot/cesi3.0.zhiyujinrong.com/Application/Runtime/Cache/Admin/527ac73b321bc66eb5b723d07450871f.php 第 79 行.
NOTIC: [8] Undefined index: menu /home/wwwroot/cesi3.0.zhiyujinrong.com/Application/Runtime/Cache/Admin/527ac73b321bc66eb5b723d07450871f.php 第 79 行.
NOTIC: [8] Undefined index: enter_time /home/wwwroot/cesi3.0.zhiyujinrong.com/Application/Runtime/Cache/Admin/527ac73b321bc66eb5b723d07450871f.php 第 75 行.
NOTIC: [8] Undefined index: enter_ip /home/wwwroot/cesi3.0.zhiyujinrong.com/Application/Runtime/Cache/Admin/527ac73b321bc66eb5b723d07450871f.php 第 76 行.
NOTIC: [8] Undefined index: delete /home/wwwroot/cesi3.0.zhiyujinrong.com/Application/Runtime/Cache/Admin/527ac73b321bc66eb5b723d07450871f.php 第 79 行.
NOTIC: [8] Undefined index: menu /home/wwwroot/cesi3.0.zhiyujinrong.com/Application/Runtime/Cache/Admin/527ac73b321bc66eb5b723d07450871f.php 第 79 行.
NOTIC: [8] Undefined index: enter_time /home/wwwroot/cesi3.0.zhiyujinrong.com/Application/Runtime/Cache/Admin/527ac73b321bc66eb5b723d07450871f.php 第 75 行.
NOTIC: [8] Undefined index: enter_ip /home/wwwroot/cesi3.0.zhiyujinrong.com/Application/Runtime/Cache/Admin/527ac73b321bc66eb5b723d07450871f.php 第 76 行.
NOTIC: [8] Undefined index: delete /home/wwwroot/cesi3.0.zhiyujinrong.com/Application/Runtime/Cache/Admin/527ac73b321bc66eb5b723d07450871f.php 第 79 行.
NOTIC: [8] Undefined index: menu /home/wwwroot/cesi3.0.zhiyujinrong.com/Application/Runtime/Cache/Admin/527ac73b321bc66eb5b723d07450871f.php 第 79 行.
INFO: Run Behavior\ParseTemplateBehavior [ RunTime:0.009045s ]
INFO: [ view_parse ] --END-- [ RunTime:0.009084s ]
INFO: [ view_filter ] --START--
INFO: Run Behavior\WriteHtmlCacheBehavior [ RunTime:0.000181s ]
INFO: [ view_filter ] --END-- [ RunTime:0.000224s ]
INFO: [ app_end ] --START--
INFO: Run Behavior\ShowPageTraceBehavior [ RunTime:0.000454s ]
INFO: [ app_end ] --END-- [ RunTime:0.000491s ]

[ 2017-11-17T18:45:44+08:00 ] 180.173.193.172 /index.php/Admin/Product/area_list.html
INFO: [ app_init ] --START--
INFO: Run Behavior\BuildLiteBehavior [ RunTime:0.000012s ]
INFO: [ app_init ] --END-- [ RunTime:0.000285s ]
INFO: [ app_begin ] --START--
INFO: Run Behavior\ReadHtmlCacheBehavior [ RunTime:0.000378s ]
INFO: [ app_begin ] --END-- [ RunTime:0.000416s ]
SQL: SHOW COLUMNS FROM `yzs_log` [ RunTime:0.0007s ]
SQL: INSERT INTO `yzs_log` (`ctr`,`act`,`user_id`,`user_name`,`get`,`post`,`time`) VALUES ('Product','area_list','3','will','','','1510915544') [ RunTime:0.0066s ]
ERR: 非法操作:area_list

[ 2017-11-17T18:45:46+08:00 ] 180.173.193.172 /index.php/Admin/Product/parameter_list.html
INFO: [ app_init ] --START--
INFO: Run Behavior\BuildLiteBehavior [ RunTime:0.000012s ]
INFO: [ app_init ] --END-- [ RunTime:0.000295s ]
INFO: [ app_begin ] --START--
INFO: Run Behavior\ReadHtmlCacheBehavior [ RunTime:0.000394s ]
INFO: [ app_begin ] --END-- [ RunTime:0.000432s ]
SQL: SHOW COLUMNS FROM `yzs_log` [ RunTime:0.0007s ]
SQL: INSERT INTO `yzs_log` (`ctr`,`act`,`user_id`,`user_name`,`get`,`post`,`time`) VALUES ('Product','parameter_list','3','will','','','1510915546') [ RunTime:0.0168s ]
SQL: SHOW COLUMNS FROM `yzs_house_type` [ RunTime:0.0005s ]
SQL: SELECT COUNT(*) AS tp_count FROM `yzs_house_type` LIMIT 1   [ RunTime:0.0002s ]
SQL: SELECT * FROM `yzs_house_type` ORDER BY id LIMIT 0,10   [ RunTime:0.0002s ]
SQL: SHOW COLUMNS FROM `yzs_loans_type` [ RunTime:0.0004s ]
SQL: SELECT COUNT(*) AS tp_count FROM `yzs_loans_type` LIMIT 1   [ RunTime:0.0001s ]
SQL: SELECT * FROM `yzs_loans_type` ORDER BY id LIMIT 0,10   [ RunTime:0.0001s ]
SQL: SHOW COLUMNS FROM `yzs_repayment_pattern` [ RunTime:0.0003s ]
SQL: SELECT COUNT(*) AS tp_count FROM `yzs_repayment_pattern` LIMIT 1   [ RunTime:0.0001s ]
SQL: SELECT * FROM `yzs_repayment_pattern` ORDER BY id LIMIT 0,10   [ RunTime:0.0001s ]
SQL: SHOW COLUMNS FROM `yzs_territory` [ RunTime:0.0004s ]
SQL: SELECT COUNT(*) AS tp_count FROM `yzs_territory` LIMIT 1   [ RunTime:0.0002s ]
SQL: SELECT * FROM `yzs_territory` LIMIT 0,10   [ RunTime:0.0001s ]
INFO: [ view_parse ] --START--
INFO: [ template_filter ] --START--
INFO: Run Behavior\ContentReplaceBehavior [ RunTime:0.000080s ]
INFO: [ template_filter ] --END-- [ RunTime:0.000117s ]
INFO: Run Behavior\ParseTemplateBehavior [ RunTime:0.016277s ]
INFO: [ view_parse ] --END-- [ RunTime:0.016315s ]
INFO: [ view_filter ] --START--
INFO: Run Behavior\WriteHtmlCacheBehavior [ RunTime:0.000180s ]
INFO: [ view_filter ] --END-- [ RunTime:0.000212s ]
INFO: [ app_end ] --START--
INFO: Run Behavior\ShowPageTraceBehavior [ RunTime:0.000392s ]
INFO: [ app_end ] --END-- [ RunTime:0.000424s ]

[ 2017-11-17T18:46:55+08:00 ] 180.173.193.172 /index.php/Admin/Product/area_list.html
INFO: [ app_init ] --START--
INFO: Run Behavior\BuildLiteBehavior [ RunTime:0.000012s ]
INFO: [ app_init ] --END-- [ RunTime:0.000288s ]
INFO: [ app_begin ] --START--
INFO: Run Behavior\ReadHtmlCacheBehavior [ RunTime:0.000379s ]
INFO: [ app_begin ] --END-- [ RunTime:0.000433s ]
SQL: SHOW COLUMNS FROM `yzs_log` [ RunTime:0.0007s ]
SQL: INSERT INTO `yzs_log` (`ctr`,`act`,`user_id`,`user_name`,`get`,`post`,`time`) VALUES ('Product','area_list','3','will','','','1510915615') [ RunTime:0.0198s ]
INFO: [ view_parse ] --START--
INFO: [ template_filter ] --START--
INFO: Run Behavior\ContentReplaceBehavior [ RunTime:0.000089s ]
INFO: [ template_filter ] --END-- [ RunTime:0.000126s ]
NOTIC: [8] Undefined variable: province /home/wwwroot/cesi3.0.zhiyujinrong.com/Application/Runtime/Cache/Admin/ad79260ce21650d137ad2e1b075413f9.php 第 55 行.
NOTIC: [8] Undefined variable: ht_data /home/wwwroot/cesi3.0.zhiyujinrong.com/Application/Runtime/Cache/Admin/ad79260ce21650d137ad2e1b075413f9.php 第 77 行.
NOTIC: [8] Undefined variable: ht_page_number /home/wwwroot/cesi3.0.zhiyujinrong.com/Application/Runtime/Cache/Admin/ad79260ce21650d137ad2e1b075413f9.php 第 85 行.
NOTIC: [8] Undefined variable: ht_page_number /home/wwwroot/cesi3.0.zhiyujinrong.com/Application/Runtime/Cache/Admin/ad79260ce21650d137ad2e1b075413f9.php 第 86 行.
NOTIC: [8] Undefined variable: ht_page_number /home/wwwroot/cesi3.0.zhiyujinrong.com/Application/Runtime/Cache/Admin/ad79260ce21650d137ad2e1b075413f9.php 第 86 行.
NOTIC: [8] Undefined variable: ht_page_number /home/wwwroot/cesi3.0.zhiyujinrong.com/Application/Runtime/Cache/Admin/ad79260ce21650d137ad2e1b075413f9.php 第 87 行.
NOTIC: [8] Undefined variable: ht_page_number /home/wwwroot/cesi3.0.zhiyujinrong.com/Application/Runtime/Cache/Admin/ad79260ce21650d137ad2e1b075413f9.php 第 88 行.
NOTIC: [8] Undefined variable: ht_page_number /home/wwwroot/cesi3.0.zhiyujinrong.com/Application/Runtime/Cache/Admin/ad79260ce21650d137ad2e1b075413f9.php 第 93 行.
NOTIC: [8] Undefined variable: ht_page_number /home/wwwroot/cesi3.0.zhiyujinrong.com/Application/Runtime/Cache/Admin/ad79260ce21650d137ad2e1b075413f9.php 第 94 行.
NOTIC: [8] Undefined variable: ht_page_number /home/wwwroot/cesi3.0.zhiyujinrong.com/Application/Runtime/Cache/Admin/ad79260ce21650d137ad2e1b075413f9.php 第 94 行.
NOTIC: [8] Undefined variable: lt_data /home/wwwroot/cesi3.0.zhiyujinrong.com/Application/Runtime/Cache/Admin/ad79260ce21650d137ad2e1b075413f9.php 第 113 行.
NOTIC: [8] Undefined variable: lt_page_number /home/wwwroot/cesi3.0.zhiyujinrong.com/Application/Runtime/Cache/Admin/ad79260ce21650d137ad2e1b075413f9.php 第 121 行.
NOTIC: [8] Undefined variable: lt_page_number /home/wwwroot/cesi3.0.zhiyujinrong.com/Application/Runtime/Cache/Admin/ad79260ce21650d137ad2e1b075413f9.php 第 122 行.
NOTIC: [8] Undefined variable: lt_page_number /home/wwwroot/cesi3.0.zhiyujinrong.com/Application/Runtime/Cache/Admin/ad79260ce21650d137ad2e1b075413f9.php 第 122 行.
NOTIC: [8] Undefined variable: lt_page_number /home/wwwroot/cesi3.0.zhiyujinrong.com/Application/Runtime/Cache/Admin/ad79260ce21650d137ad2e1b075413f9.php 第 123 行.
NOTIC: [8] Undefined variable: lt_page_number /home/wwwroot/cesi3.0.zhiyujinrong.com/Application/Runtime/Cache/Admin/ad79260ce21650d137ad2e1b075413f9.php 第 124 行.
NOTIC: [8] Undefined variable: lt_page_number /home/wwwroot/cesi3.0.zhiyujinrong.com/Application/Runtime/Cache/Admin/ad79260ce21650d137ad2e1b075413f9.php 第 129 行.
NOTIC: [8] Undefined variable: lt_page_number /home/wwwroot/cesi3.0.zhiyujinrong.com/Application/Runtime/Cache/Admin/ad79260ce21650d137ad2e1b075413f9.php 第 130 行.
NOTIC: [8] Undefined variable: lt_page_number /home/wwwroot/cesi3.0.zhiyujinrong.com/Application/Runtime/Cache/Admin/ad79260ce21650d137ad2e1b075413f9.php 第 130 行.
NOTIC: [8] Undefined variable: rp_data /home/wwwroot/cesi3.0.zhiyujinrong.com/Application/Runtime/Cache/Admin/ad79260ce21650d137ad2e1b075413f9.php 第 149 行.
NOTIC: [8] Undefined variable: rp_page_number /home/wwwroot/cesi3.0.zhiyujinrong.com/Application/Runtime/Cache/Admin/ad79260ce21650d137ad2e1b075413f9.php 第 157 行.
NOTIC: [8] Undefined variable: rp_page_number /home/wwwroot/cesi3.0.zhiyujinrong.com/Application/Runtime/Cache/Admin/ad79260ce21650d137ad2e1b075413f9.php 第 158 行.
NOTIC: [8] Undefined variable: rp_page_number /home/wwwroot/cesi3.0.zhiyujinrong.com/Application/Runtime/Cache/Admin/ad79260ce21650d137ad2e1b075413f9.php 第 158 行.
NOTIC: [8] Undefined variable: rp_page_number /home/wwwroot/cesi3.0.zhiyujinrong.com/Application/Runtime/Cache/Admin/ad79260ce21650d137ad2e1b075413f9.php 第 159 行.
NOTIC: [8] Undefined variable: rp_page_number /home/wwwroot/cesi3.0.zhiyujinrong.com/Application/Runtime/Cache/Admin/ad79260ce21650d137ad2e1b075413f9.php 第 160 行.
NOTIC: [8] Undefined variable: rp_page_number /home/wwwroot/cesi3.0.zhiyujinrong.com/Application/Runtime/Cache/Admin/ad79260ce21650d137ad2e1b075413f9.php 第 165 行.
NOTIC: [8] Undefined variable: rp_page_number /home/wwwroot/cesi3.0.zhiyujinrong.com/Application/Runtime/Cache/Admin/ad79260ce21650d137ad2e1b075413f9.php 第 166 行.
NOTIC: [8] Undefined variable: rp_page_number /home/wwwroot/cesi3.0.zhiyujinrong.com/Application/Runtime/Cache/Admin/ad79260ce21650d137ad2e1b075413f9.php 第 166 行.
NOTIC: [8] Undefined variable: province /home/wwwroot/cesi3.0.zhiyujinrong.com/Application/Runtime/Cache/Admin/ad79260ce21650d137ad2e1b075413f9.php 第 170 行.
INFO: Run Behavior\ParseTemplateBehavior [ RunTime:0.018649s ]
INFO: [ view_parse ] --END-- [ RunTime:0.018685s ]
INFO: [ view_filter ] --START--
INFO: Run Behavior\WriteHtmlCacheBehavior [ RunTime:0.000199s ]
INFO: [ view_filter ] --END-- [ RunTime:0.000243s ]
INFO: [ app_end ] --START--
INFO: Run Behavior\ShowPageTraceBehavior [ RunTime:0.000387s ]
INFO: [ app_end ] --END-- [ RunTime:0.000421s ]

[ 2017-11-17T18:49:11+08:00 ] 180.173.193.172 /index.php/Admin/Product/area_list.html
INFO: [ app_init ] --START--
INFO: Run Behavior\BuildLiteBehavior [ RunTime:0.000013s ]
INFO: [ app_init ] --END-- [ RunTime:0.000288s ]
INFO: [ app_begin ] --START--
INFO: Run Behavior\ReadHtmlCacheBehavior [ RunTime:0.000386s ]
INFO: [ app_begin ] --END-- [ RunTime:0.000433s ]
SQL: SHOW COLUMNS FROM `yzs_log` [ RunTime:0.0008s ]
SQL: INSERT INTO `yzs_log` (`ctr`,`act`,`user_id`,`user_name`,`get`,`post`,`time`) VALUES ('Product','area_list','3','will','','','1510915751') [ RunTime:0.0142s ]
INFO: [ view_parse ] --START--
INFO: [ template_filter ] --START--
INFO: Run Behavior\ContentReplaceBehavior [ RunTime:0.000121s ]
INFO: [ template_filter ] --END-- [ RunTime:0.000171s ]
NOTIC: [8] Undefined variable: province /home/wwwroot/cesi3.0.zhiyujinrong.com/Application/Runtime/Cache/Admin/ad79260ce21650d137ad2e1b075413f9.php 第 55 行.
NOTIC: [8] Undefined variable: ht_data /home/wwwroot/cesi3.0.zhiyujinrong.com/Application/Runtime/Cache/Admin/ad79260ce21650d137ad2e1b075413f9.php 第 77 行.
NOTIC: [8] Undefined variable: ht_page_number /home/wwwroot/cesi3.0.zhiyujinrong.com/Application/Runtime/Cache/Admin/ad79260ce21650d137ad2e1b075413f9.php 第 85 行.
NOTIC: [8] Undefined variable: ht_page_number /home/wwwroot/cesi3.0.zhiyujinrong.com/Application/Runtime/Cache/Admin/ad79260ce21650d137ad2e1b075413f9.php 第 86 行.
NOTIC: [8] Undefined variable: ht_page_number /home/wwwroot/cesi3.0.zhiyujinrong.com/Application/Runtime/Cache/Admin/ad79260ce21650d137ad2e1b075413f9.php 第 86 行.
NOTIC: [8] Undefined variable: ht_page_number /home/wwwroot/cesi3.0.zhiyujinrong.com/Application/Runtime/Cache/Admin/ad79260ce21650d137ad2e1b075413f9.php 第 87 行.
NOTIC: [8] Undefined variable: ht_page_number /home/wwwroot/cesi3.0.zhiyujinrong.com/Application/Runtime/Cache/Admin/ad79260ce21650d137ad2e1b075413f9.php 第 88 行.
NOTIC: [8] Undefined variable: ht_page_number /home/wwwroot/cesi3.0.zhiyujinrong.com/Application/Runtime/Cache/Admin/ad79260ce21650d137ad2e1b075413f9.php 第 93 行.
NOTIC: [8] Undefined variable: ht_page_number /home/wwwroot/cesi3.0.zhiyujinrong.com/Application/Runtime/Cache/Admin/ad79260ce21650d137ad2e1b075413f9.php 第 94 行.
NOTIC: [8] Undefined variable: ht_page_number /home/wwwroot/cesi3.0.zhiyujinrong.com/Application/Runtime/Cache/Admin/ad79260ce21650d137ad2e1b075413f9.php 第 94 行.
NOTIC: [8] Undefined variable: lt_data /home/wwwroot/cesi3.0.zhiyujinrong.com/Application/Runtime/Cache/Admin/ad79260ce21650d137ad2e1b075413f9.php 第 113 行.
NOTIC: [8] Undefined variable: lt_page_number /home/wwwroot/cesi3.0.zhiyujinrong.com/Application/Runtime/Cache/Admin/ad79260ce21650d137ad2e1b075413f9.php 第 121 行.
NOTIC: [8] Undefined variable: lt_page_number /home/wwwroot/cesi3.0.zhiyujinrong.com/Application/Runtime/Cache/Admin/ad79260ce21650d137ad2e1b075413f9.php 第 122 行.
NOTIC: [8] Undefined variable: lt_page_number /home/wwwroot/cesi3.0.zhiyujinrong.com/Application/Runtime/Cache/Admin/ad79260ce21650d137ad2e1b075413f9.php 第 122 行.
NOTIC: [8] Undefined variable: lt_page_number /home/wwwroot/cesi3.0.zhiyujinrong.com/Application/Runtime/Cache/Admin/ad79260ce21650d137ad2e1b075413f9.php 第 123 行.
NOTIC: [8] Undefined variable: lt_page_number /home/wwwroot/cesi3.0.zhiyujinrong.com/Application/Runtime/Cache/Admin/ad79260ce21650d137ad2e1b075413f9.php 第 124 行.
NOTIC: [8] Undefined variable: lt_page_number /home/wwwroot/cesi3.0.zhiyujinrong.com/Application/Runtime/Cache/Admin/ad79260ce21650d137ad2e1b075413f9.php 第 129 行.
NOTIC: [8] Undefined variable: lt_page_number /home/wwwroot/cesi3.0.zhiyujinrong.com/Application/Runtime/Cache/Admin/ad79260ce21650d137ad2e1b075413f9.php 第 130 行.
NOTIC: [8] Undefined variable: lt_page_number /home/wwwroot/cesi3.0.zhiyujinrong.com/Application/Runtime/Cache/Admin/ad79260ce21650d137ad2e1b075413f9.php 第 130 行.
NOTIC: [8] Undefined variable: rp_data /home/wwwroot/cesi3.0.zhiyujinrong.com/Application/Runtime/Cache/Admin/ad79260ce21650d137ad2e1b075413f9.php 第 149 行.
NOTIC: [8] Undefined variable: rp_page_number /home/wwwroot/cesi3.0.zhiyujinrong.com/Application/Runtime/Cache/Admin/ad79260ce21650d137ad2e1b075413f9.php 第 157 行.
NOTIC: [8] Undefined variable: rp_page_number /home/wwwroot/cesi3.0.zhiyujinrong.com/Application/Runtime/Cache/Admin/ad79260ce21650d137ad2e1b075413f9.php 第 158 行.
NOTIC: [8] Undefined variable: rp_page_number /home/wwwroot/cesi3.0.zhiyujinrong.com/Application/Runtime/Cache/Admin/ad79260ce21650d137ad2e1b075413f9.php 第 158 行.
NOTIC: [8] Undefined variable: rp_page_number /home/wwwroot/cesi3.0.zhiyujinrong.com/Application/Runtime/Cache/Admin/ad79260ce21650d137ad2e1b075413f9.php 第 159 行.
NOTIC: [8] Undefined variable: rp_page_number /home/wwwroot/cesi3.0.zhiyujinrong.com/Application/Runtime/Cache/Admin/ad79260ce21650d137ad2e1b075413f9.php 第 160 行.
NOTIC: [8] Undefined variable: rp_page_number /home/wwwroot/cesi3.0.zhiyujinrong.com/Application/Runtime/Cache/Admin/ad79260ce21650d137ad2e1b075413f9.php 第 165 行.
NOTIC: [8] Undefined variable: rp_page_number /home/wwwroot/cesi3.0.zhiyujinrong.com/Application/Runtime/Cache/Admin/ad79260ce21650d137ad2e1b075413f9.php 第 166 行.
NOTIC: [8] Undefined variable: rp_page_number /home/wwwroot/cesi3.0.zhiyujinrong.com/Application/Runtime/Cache/Admin/ad79260ce21650d137ad2e1b075413f9.php 第 166 行.
NOTIC: [8] Undefined variable: province /home/wwwroot/cesi3.0.zhiyujinrong.com/Application/Runtime/Cache/Admin/ad79260ce21650d137ad2e1b075413f9.php 第 170 行.
INFO: Run Behavior\ParseTemplateBehavior [ RunTime:0.019175s ]
INFO: [ view_parse ] --END-- [ RunTime:0.019211s ]
INFO: [ view_filter ] --START--
INFO: Run Behavior\WriteHtmlCacheBehavior [ RunTime:0.000204s ]
INFO: [ view_filter ] --END-- [ RunTime:0.000243s ]
INFO: [ app_end ] --START--
INFO: Run Behavior\ShowPageTraceBehavior [ RunTime:0.000419s ]
INFO: [ app_end ] --END-- [ RunTime:0.000454s ]

[ 2017-11-17T18:49:14+08:00 ] 180.173.193.172 /index.php/Admin/Product/product_list.html
INFO: [ app_init ] --START--
INFO: Run Behavior\BuildLiteBehavior [ RunTime:0.000012s ]
INFO: [ app_init ] --END-- [ RunTime:0.000293s ]
INFO: [ app_begin ] --START--
INFO: Run Behavior\ReadHtmlCacheBehavior [ RunTime:0.000399s ]
INFO: [ app_begin ] --END-- [ RunTime:0.000438s ]
SQL: SHOW COLUMNS FROM `yzs_log` [ RunTime:0.0007s ]
SQL: INSERT INTO `yzs_log` (`ctr`,`act`,`user_id`,`user_name`,`get`,`post`,`time`) VALUES ('Product','product_list','3','will','','','1510915754') [ RunTime:0.0130s ]
SQL: SHOW COLUMNS FROM `yzs_product` [ RunTime:0.0011s ]
SQL: SELECT COUNT(id) AS tp_count FROM `yzs_product` LIMIT 1   [ RunTime:0.0002s ]
SQL: select p.*, (select `name` from yzs_product_type pt where id=p.type)as ptname,
                (select `name` from yzs_loans_type lt where id=p.loans_type) as ltname from yzs_product p where 1 limit 0,20 [ RunTime:0.0004s ]
SQL: select GROUP_CONCAT(name) as city from yzs_territory ter where id in(1) [ RunTime:0.0002s ]
SQL: select GROUP_CONCAT(name) as city from yzs_territory ter where id in(8) [ RunTime:0.0002s ]
SQL: select GROUP_CONCAT(name) as city from yzs_territory ter where id in(1) [ RunTime:0.0002s ]
SQL: select GROUP_CONCAT(name) as city from yzs_territory ter where id in(1) [ RunTime:0.0002s ]
INFO: [ view_parse ] --START--
INFO: [ template_filter ] --START--
INFO: Run Behavior\ContentReplaceBehavior [ RunTime:0.000059s ]
INFO: [ template_filter ] --END-- [ RunTime:0.000115s ]
NOTIC: [8] Undefined index: enter_time /home/wwwroot/cesi3.0.zhiyujinrong.com/Application/Runtime/Cache/Admin/527ac73b321bc66eb5b723d07450871f.php 第 75 行.
NOTIC: [8] Undefined index: enter_ip /home/wwwroot/cesi3.0.zhiyujinrong.com/Application/Runtime/Cache/Admin/527ac73b321bc66eb5b723d07450871f.php 第 76 行.
NOTIC: [8] Undefined index: delete /home/wwwroot/cesi3.0.zhiyujinrong.com/Application/Runtime/Cache/Admin/527ac73b321bc66eb5b723d07450871f.php 第 79 行.
NOTIC: [8] Undefined index: menu /home/wwwroot/cesi3.0.zhiyujinrong.com/Application/Runtime/Cache/Admin/527ac73b321bc66eb5b723d07450871f.php 第 79 行.
NOTIC: [8] Undefined index: enter_time /home/wwwroot/cesi3.0.zhiyujinrong.com/Application/Runtime/Cache/Admin/527ac73b321bc66eb5b723d07450871f.php 第 75 行.
NOTIC: [8] Undefined index: enter_ip /home/wwwroot/cesi3.0.zhiyujinrong.com/Application/Runtime/Cache/Admin/527ac73b321bc66eb5b723d07450871f.php 第 76 行.
NOTIC: [8] Undefined index: delete /home/wwwroot/cesi3.0.zhiyujinrong.com/Application/Runtime/Cache/Admin/527ac73b321bc66eb5b723d07450871f.php 第 79 行.
NOTIC: [8] Undefined index: menu /home/wwwroot/cesi3.0.zhiyujinrong.com/Application/Runtime/Cache/Admin/527ac73b321bc66eb5b723d07450871f.php 第 79 行.
NOTIC: [8] Undefined index: enter_time /home/wwwroot/cesi3.0.zhiyujinrong.com/Application/Runtime/Cache/Admin/527ac73b321bc66eb5b723d07450871f.php 第 75 行.
NOTIC: [8] Undefined index: enter_ip /home/wwwroot/cesi3.0.zhiyujinrong.com/Application/Runtime/Cache/Admin/527ac73b321bc66eb5b723d07450871f.php 第 76 行.
NOTIC: [8] Undefined index: delete /home/wwwroot/cesi3.0.zhiyujinrong.com/Application/Runtime/Cache/Admin/527ac73b321bc66eb5b723d07450871f.php 第 79 行.
NOTIC: [8] Undefined index: menu /home/wwwroot/cesi3.0.zhiyujinrong.com/Application/Runtime/Cache/Admin/527ac73b321bc66eb5b723d07450871f.php 第 79 行.
NOTIC: [8] Undefined index: enter_time /home/wwwroot/cesi3.0.zhiyujinrong.com/Application/Runtime/Cache/Admin/527ac73b321bc66eb5b723d07450871f.php 第 75 行.
NOTIC: [8] Undefined index: enter_ip /home/wwwroot/cesi3.0.zhiyujinrong.com/Application/Runtime/Cache/Admin/527ac73b321bc66eb5b723d07450871f.php 第 76 行.
NOTIC: [8] Undefined index: delete /home/wwwroot/cesi3.0.zhiyujinrong.com/Application/Runtime/Cache/Admin/527ac73b321bc66eb5b723d07450871f.php 第 79 行.
NOTIC: [8] Undefined index: menu /home/wwwroot/cesi3.0.zhiyujinrong.com/Application/Runtime/Cache/Admin/527ac73b321bc66eb5b723d07450871f.php 第 79 行.
INFO: Run Behavior\ParseTemplateBehavior [ RunTime:0.009015s ]
INFO: [ view_parse ] --END-- [ RunTime:0.009050s ]
INFO: [ view_filter ] --START--
INFO: Run Behavior\WriteHtmlCacheBehavior [ RunTime:0.000183s ]
INFO: [ view_filter ] --END-- [ RunTime:0.000215s ]
INFO: [ app_end ] --START--
INFO: Run Behavior\ShowPageTraceBehavior [ RunTime:0.000413s ]
INFO: [ app_end ] --END-- [ RunTime:0.000448s ]

[ 2017-11-17T18:49:16+08:00 ] 180.173.193.172 /index.php/Admin/Product/product_list.html
INFO: [ app_init ] --START--
INFO: Run Behavior\BuildLiteBehavior [ RunTime:0.000013s ]
INFO: [ app_init ] --END-- [ RunTime:0.000285s ]
INFO: [ app_begin ] --START--
INFO: Run Behavior\ReadHtmlCacheBehavior [ RunTime:0.000382s ]
INFO: [ app_begin ] --END-- [ RunTime:0.000421s ]
SQL: SHOW COLUMNS FROM `yzs_log` [ RunTime:0.0007s ]
SQL: INSERT INTO `yzs_log` (`ctr`,`act`,`user_id`,`user_name`,`get`,`post`,`time`) VALUES ('Product','product_list','3','will','','','1510915756') [ RunTime:0.0135s ]
SQL: SHOW COLUMNS FROM `yzs_product` [ RunTime:0.0010s ]
SQL: SELECT COUNT(id) AS tp_count FROM `yzs_product` LIMIT 1   [ RunTime:0.0002s ]
SQL: select p.*, (select `name` from yzs_product_type pt where id=p.type)as ptname,
                (select `name` from yzs_loans_type lt where id=p.loans_type) as ltname from yzs_product p where 1 limit 0,20 [ RunTime:0.0004s ]
SQL: select GROUP_CONCAT(name) as city from yzs_territory ter where id in(1) [ RunTime:0.0002s ]
SQL: select GROUP_CONCAT(name) as city from yzs_territory ter where id in(8) [ RunTime:0.0002s ]
SQL: select GROUP_CONCAT(name) as city from yzs_territory ter where id in(1) [ RunTime:0.0002s ]
SQL: select GROUP_CONCAT(name) as city from yzs_territory ter where id in(1) [ RunTime:0.0002s ]
INFO: [ view_parse ] --START--
INFO: [ template_filter ] --START--
INFO: Run Behavior\ContentReplaceBehavior [ RunTime:0.000046s ]
INFO: [ template_filter ] --END-- [ RunTime:0.000083s ]
NOTIC: [8] Undefined index: enter_time /home/wwwroot/cesi3.0.zhiyujinrong.com/Application/Runtime/Cache/Admin/527ac73b321bc66eb5b723d07450871f.php 第 75 行.
NOTIC: [8] Undefined index: enter_ip /home/wwwroot/cesi3.0.zhiyujinrong.com/Application/Runtime/Cache/Admin/527ac73b321bc66eb5b723d07450871f.php 第 76 行.
NOTIC: [8] Undefined index: delete /home/wwwroot/cesi3.0.zhiyujinrong.com/Application/Runtime/Cache/Admin/527ac73b321bc66eb5b723d07450871f.php 第 79 行.
NOTIC: [8] Undefined index: menu /home/wwwroot/cesi3.0.zhiyujinrong.com/Application/Runtime/Cache/Admin/527ac73b321bc66eb5b723d07450871f.php 第 79 行.
NOTIC: [8] Undefined index: enter_time /home/wwwroot/cesi3.0.zhiyujinrong.com/Application/Runtime/Cache/Admin/527ac73b321bc66eb5b723d07450871f.php 第 75 行.
NOTIC: [8] Undefined index: enter_ip /home/wwwroot/cesi3.0.zhiyujinrong.com/Application/Runtime/Cache/Admin/527ac73b321bc66eb5b723d07450871f.php 第 76 行.
NOTIC: [8] Undefined index: delete /home/wwwroot/cesi3.0.zhiyujinrong.com/Application/Runtime/Cache/Admin/527ac73b321bc66eb5b723d07450871f.php 第 79 行.
NOTIC: [8] Undefined index: menu /home/wwwroot/cesi3.0.zhiyujinrong.com/Application/Runtime/Cache/Admin/527ac73b321bc66eb5b723d07450871f.php 第 79 行.
NOTIC: [8] Undefined index: enter_time /home/wwwroot/cesi3.0.zhiyujinrong.com/Application/Runtime/Cache/Admin/527ac73b321bc66eb5b723d07450871f.php 第 75 行.
NOTIC: [8] Undefined index: enter_ip /home/wwwroot/cesi3.0.zhiyujinrong.com/Application/Runtime/Cache/Admin/527ac73b321bc66eb5b723d07450871f.php 第 76 行.
NOTIC: [8] Undefined index: delete /home/wwwroot/cesi3.0.zhiyujinrong.com/Application/Runtime/Cache/Admin/527ac73b321bc66eb5b723d07450871f.php 第 79 行.
NOTIC: [8] Undefined index: menu /home/wwwroot/cesi3.0.zhiyujinrong.com/Application/Runtime/Cache/Admin/527ac73b321bc66eb5b723d07450871f.php 第 79 行.
NOTIC: [8] Undefined index: enter_time /home/wwwroot/cesi3.0.zhiyujinrong.com/Application/Runtime/Cache/Admin/527ac73b321bc66eb5b723d07450871f.php 第 75 行.
NOTIC: [8] Undefined index: enter_ip /home/wwwroot/cesi3.0.zhiyujinrong.com/Application/Runtime/Cache/Admin/527ac73b321bc66eb5b723d07450871f.php 第 76 行.
NOTIC: [8] Undefined index: delete /home/wwwroot/cesi3.0.zhiyujinrong.com/Application/Runtime/Cache/Admin/527ac73b321bc66eb5b723d07450871f.php 第 79 行.
NOTIC: [8] Undefined index: menu /home/wwwroot/cesi3.0.zhiyujinrong.com/Application/Runtime/Cache/Admin/527ac73b321bc66eb5b723d07450871f.php 第 79 行.
INFO: Run Behavior\ParseTemplateBehavior [ RunTime:0.008403s ]
INFO: [ view_parse ] --END-- [ RunTime:0.008445s ]
INFO: [ view_filter ] --START--
INFO: Run Behavior\WriteHtmlCacheBehavior [ RunTime:0.000180s ]
INFO: [ view_filter ] --END-- [ RunTime:0.000211s ]
INFO: [ app_end ] --START--
INFO: Run Behavior\ShowPageTraceBehavior [ RunTime:0.000419s ]
INFO: [ app_end ] --END-- [ RunTime:0.000453s ]

[ 2017-11-17T18:49:16+08:00 ] 180.173.193.172 /index.php/Admin/Product/parameter_list.html
INFO: [ app_init ] --START--
INFO: Run Behavior\BuildLiteBehavior [ RunTime:0.000012s ]
INFO: [ app_init ] --END-- [ RunTime:0.000293s ]
INFO: [ app_begin ] --START--
INFO: Run Behavior\ReadHtmlCacheBehavior [ RunTime:0.000387s ]
INFO: [ app_begin ] --END-- [ RunTime:0.000425s ]
SQL: SHOW COLUMNS FROM `yzs_log` [ RunTime:0.0007s ]
SQL: INSERT INTO `yzs_log` (`ctr`,`act`,`user_id`,`user_name`,`get`,`post`,`time`) VALUES ('Product','parameter_list','3','will','','','1510915756') [ RunTime:0.0124s ]
SQL: SHOW COLUMNS FROM `yzs_house_type` [ RunTime:0.0004s ]
SQL: SELECT COUNT(*) AS tp_count FROM `yzs_house_type` LIMIT 1   [ RunTime:0.0002s ]
SQL: SELECT * FROM `yzs_house_type` ORDER BY id LIMIT 0,10   [ RunTime:0.0002s ]
SQL: SHOW COLUMNS FROM `yzs_loans_type` [ RunTime:0.0004s ]
SQL: SELECT COUNT(*) AS tp_count FROM `yzs_loans_type` LIMIT 1   [ RunTime:0.0002s ]
SQL: SELECT * FROM `yzs_loans_type` ORDER BY id LIMIT 0,10   [ RunTime:0.0002s ]
SQL: SHOW COLUMNS FROM `yzs_repayment_pattern` [ RunTime:0.0003s ]
SQL: SELECT COUNT(*) AS tp_count FROM `yzs_repayment_pattern` LIMIT 1   [ RunTime:0.0002s ]
SQL: SELECT * FROM `yzs_repayment_pattern` ORDER BY id LIMIT 0,10   [ RunTime:0.0002s ]
SQL: SHOW COLUMNS FROM `yzs_territory` [ RunTime:0.0004s ]
SQL: SELECT COUNT(*) AS tp_count FROM `yzs_territory` LIMIT 1   [ RunTime:0.0002s ]
SQL: SELECT * FROM `yzs_territory` LIMIT 0,10   [ RunTime:0.0002s ]
INFO: [ view_parse ] --START--
INFO: [ template_filter ] --START--
INFO: Run Behavior\ContentReplaceBehavior [ RunTime:0.000085s ]
INFO: [ template_filter ] --END-- [ RunTime:0.000131s ]
INFO: Run Behavior\ParseTemplateBehavior [ RunTime:0.016109s ]
INFO: [ view_parse ] --END-- [ RunTime:0.016148s ]
INFO: [ view_filter ] --START--
INFO: Run Behavior\WriteHtmlCacheBehavior [ RunTime:0.000218s ]
INFO: [ view_filter ] --END-- [ RunTime:0.000261s ]
INFO: [ app_end ] --START--
INFO: Run Behavior\ShowPageTraceBehavior [ RunTime:0.000505s ]
INFO: [ app_end ] --END-- [ RunTime:0.000559s ]

