[ 2017-12-21T06:44:13+08:00 ] 106.11.226.131 /
INFO: [ app_init ] --START--
INFO: Run Behavior\BuildLiteBehavior [ RunTime:0.000036s ]
INFO: [ app_init ] --END-- [ RunTime:0.016986s ]
INFO: [ app_begin ] --START--
INFO: Run Behavior\ReadHtmlCacheBehavior [ RunTime:0.001035s ]
INFO: [ app_begin ] --END-- [ RunTime:0.001078s ]

[ 2017-12-21T06:44:13+08:00 ] 106.11.226.212 /index.php/Admin/Login/login.html
INFO: [ app_init ] --START--
INFO: Run Behavior\BuildLiteBehavior [ RunTime:0.000011s ]
INFO: [ app_init ] --END-- [ RunTime:0.000278s ]
INFO: [ app_begin ] --START--
INFO: Run Behavior\ReadHtmlCacheBehavior [ RunTime:0.000379s ]
INFO: [ app_begin ] --END-- [ RunTime:0.000436s ]
INFO: [ view_parse ] --START--
INFO: [ template_filter ] --START--
INFO: Run Behavior\ContentReplaceBehavior [ RunTime:0.000037s ]
INFO: [ template_filter ] --END-- [ RunTime:0.000076s ]
INFO: Run Behavior\ParseTemplateBehavior [ RunTime:0.009187s ]
INFO: [ view_parse ] --END-- [ RunTime:0.009225s ]
INFO: [ view_filter ] --START--
INFO: Run Behavior\WriteHtmlCacheBehavior [ RunTime:0.000742s ]
INFO: [ view_filter ] --END-- [ RunTime:0.000784s ]
INFO: [ app_end ] --START--
INFO: Run Behavior\ShowPageTraceBehavior [ RunTime:0.001042s ]
INFO: [ app_end ] --END-- [ RunTime:0.001077s ]

[ 2017-12-21T16:05:29+08:00 ] 180.173.192.37 /
INFO: [ app_init ] --START--
INFO: Run Behavior\BuildLiteBehavior [ RunTime:0.000012s ]
INFO: [ app_init ] --END-- [ RunTime:0.000313s ]
INFO: [ app_begin ] --START--
INFO: Run Behavior\ReadHtmlCacheBehavior [ RunTime:0.000409s ]
INFO: [ app_begin ] --END-- [ RunTime:0.000450s ]

[ 2017-12-21T16:05:29+08:00 ] 180.173.192.37 /index.php/Admin/Login/login.html
INFO: [ app_init ] --START--
INFO: Run Behavior\BuildLiteBehavior [ RunTime:0.000012s ]
INFO: [ app_init ] --END-- [ RunTime:0.000329s ]
INFO: [ app_begin ] --START--
INFO: Run Behavior\ReadHtmlCacheBehavior [ RunTime:0.000482s ]
INFO: [ app_begin ] --END-- [ RunTime:0.000530s ]
INFO: [ view_parse ] --START--
INFO: [ template_filter ] --START--
INFO: Run Behavior\ContentReplaceBehavior [ RunTime:0.000037s ]
INFO: [ template_filter ] --END-- [ RunTime:0.000107s ]
INFO: Run Behavior\ParseTemplateBehavior [ RunTime:0.005239s ]
INFO: [ view_parse ] --END-- [ RunTime:0.005278s ]
INFO: [ view_filter ] --START--
INFO: Run Behavior\WriteHtmlCacheBehavior [ RunTime:0.000171s ]
INFO: [ view_filter ] --END-- [ RunTime:0.000202s ]
INFO: [ app_end ] --START--
INFO: Run Behavior\ShowPageTraceBehavior [ RunTime:0.000467s ]
INFO: [ app_end ] --END-- [ RunTime:0.000507s ]

[ 2017-12-21T16:05:36+08:00 ] 180.173.192.37 /index.php/Admin/Login/check_code.html
INFO: [ app_init ] --START--
INFO: Run Behavior\BuildLiteBehavior [ RunTime:0.000013s ]
INFO: [ app_init ] --END-- [ RunTime:0.000323s ]
INFO: [ app_begin ] --START--
INFO: Run Behavior\ReadHtmlCacheBehavior [ RunTime:0.000427s ]
INFO: [ app_begin ] --END-- [ RunTime:0.000474s ]
SQL: SHOW COLUMNS FROM `yzs_admin_users` [ RunTime:0.0009s ]
SQL: SELECT * FROM `yzs_admin_users` WHERE ( username='admin' ) LIMIT 1   [ RunTime:0.0004s ]

[ 2017-12-21T16:05:38+08:00 ] 180.173.192.37 /index.php/Admin/Login/check_code.html
INFO: [ app_init ] --START--
INFO: Run Behavior\BuildLiteBehavior [ RunTime:0.000013s ]
INFO: [ app_init ] --END-- [ RunTime:0.000285s ]
INFO: [ app_begin ] --START--
INFO: Run Behavior\ReadHtmlCacheBehavior [ RunTime:0.000371s ]
INFO: [ app_begin ] --END-- [ RunTime:0.000408s ]
SQL: SHOW COLUMNS FROM `yzs_admin_users` [ RunTime:0.0009s ]
SQL: SELECT * FROM `yzs_admin_users` WHERE ( username='admin' ) LIMIT 1   [ RunTime:0.0003s ]
SQL: UPDATE `yzs_admin_users` SET `enter_time`='1513843538',`enter_ip`='180.173.192.37' WHERE ( id=1 ) [ RunTime:0.0130s ]
SQL: SHOW COLUMNS FROM `yzs_log` [ RunTime:0.0005s ]
SQL: INSERT INTO `yzs_log` (`ctr`,`act`,`user_id`,`user_name`,`get`,`post`,`time`) VALUES ('Login','check_code','1','张中','','{\"username\":\"admin\",\"password\":\"admin123\"}','1513843538') [ RunTime:0.0055s ]

[ 2017-12-21T16:05:39+08:00 ] 180.173.192.37 /index.php/Admin/Index/index.html
INFO: [ app_init ] --START--
INFO: Run Behavior\BuildLiteBehavior [ RunTime:0.000013s ]
INFO: [ app_init ] --END-- [ RunTime:0.000281s ]
INFO: [ app_begin ] --START--
INFO: Run Behavior\ReadHtmlCacheBehavior [ RunTime:0.000371s ]
INFO: [ app_begin ] --END-- [ RunTime:0.000413s ]
SQL: SHOW COLUMNS FROM `yzs_log` [ RunTime:0.0006s ]
SQL: INSERT INTO `yzs_log` (`ctr`,`act`,`user_id`,`user_name`,`get`,`post`,`time`) VALUES ('Index','index','1','张中','','','1513843539') [ RunTime:0.0128s ]
SQL: SHOW COLUMNS FROM `yzs_catalogue` [ RunTime:0.0005s ]
SQL: SELECT * FROM `yzs_catalogue` WHERE ( state=1 )  [ RunTime:0.0003s ]
INFO: [ view_parse ] --START--
INFO: [ template_filter ] --START--
INFO: Run Behavior\ContentReplaceBehavior [ RunTime:0.000040s ]
INFO: [ template_filter ] --END-- [ RunTime:0.000077s ]
INFO: Run Behavior\ParseTemplateBehavior [ RunTime:0.004973s ]
INFO: [ view_parse ] --END-- [ RunTime:0.005012s ]
INFO: [ view_filter ] --START--
INFO: Run Behavior\WriteHtmlCacheBehavior [ RunTime:0.000169s ]
INFO: [ view_filter ] --END-- [ RunTime:0.000201s ]
INFO: [ app_end ] --START--
INFO: Run Behavior\ShowPageTraceBehavior [ RunTime:0.000424s ]
INFO: [ app_end ] --END-- [ RunTime:0.000459s ]

[ 2017-12-21T16:05:39+08:00 ] 180.173.192.37 /index.php/Admin/System/admin_list.html
INFO: [ app_init ] --START--
INFO: Run Behavior\BuildLiteBehavior [ RunTime:0.000013s ]
INFO: [ app_init ] --END-- [ RunTime:0.000285s ]
INFO: [ app_begin ] --START--
INFO: Run Behavior\ReadHtmlCacheBehavior [ RunTime:0.000392s ]
INFO: [ app_begin ] --END-- [ RunTime:0.000431s ]
SQL: SHOW COLUMNS FROM `yzs_log` [ RunTime:0.0007s ]
SQL: INSERT INTO `yzs_log` (`ctr`,`act`,`user_id`,`user_name`,`get`,`post`,`time`) VALUES ('System','admin_list','1','张中','','','1513843539') [ RunTime:0.0120s ]
NOTIC: [8] Undefined index: name /home/wwwroot/cesi3.0.zhiyujinrong.com/Application/Admin/Controller/SystemController.class.php 第 238 行.
SQL: SHOW COLUMNS FROM `yzs_admin_users` [ RunTime:0.0007s ]
SQL: SELECT COUNT(*) AS tp_count FROM `yzs_admin_users` LIMIT 1   [ RunTime:0.0002s ]
SQL: SELECT * FROM `yzs_admin_users` WHERE ( 1 and status='1' ) ORDER BY rank LIMIT 0,20   [ RunTime:0.0003s ]
NOTIC: [2] date() expects parameter 2 to be long, string given /home/wwwroot/cesi3.0.zhiyujinrong.com/Application/Admin/Controller/SystemController.class.php 第 261 行.
SQL: SELECT `name` FROM `yzs_admin_users` WHERE ( id=0 ) LIMIT 1   [ RunTime:0.0002s ]
SQL: SHOW COLUMNS FROM `yzs_rank` [ RunTime:0.0004s ]
SQL: SELECT `rank` FROM `yzs_rank` WHERE ( id=1 ) LIMIT 1   [ RunTime:0.0002s ]
SQL: SELECT `name` FROM `yzs_admin_users` WHERE ( id=0 ) LIMIT 1   [ RunTime:0.0002s ]
SQL: SELECT `rank` FROM `yzs_rank` WHERE ( id=1 ) LIMIT 1   [ RunTime:0.0002s ]
SQL: SELECT `name` FROM `yzs_admin_users` WHERE ( id=3 ) LIMIT 1   [ RunTime:0.0002s ]
SQL: SELECT `rank` FROM `yzs_rank` WHERE ( id=2 ) LIMIT 1   [ RunTime:0.0002s ]
SQL: SHOW COLUMNS FROM `yzs_territory` [ RunTime:0.0004s ]
SQL: SELECT `name` FROM `yzs_territory` WHERE ( id=2 ) LIMIT 1   [ RunTime:0.0003s ]
NOTIC: [2] date() expects parameter 2 to be long, string given /home/wwwroot/cesi3.0.zhiyujinrong.com/Application/Admin/Controller/SystemController.class.php 第 261 行.
SQL: SELECT `name` FROM `yzs_admin_users` WHERE ( id=3 ) LIMIT 1   [ RunTime:0.0002s ]
SQL: SELECT `rank` FROM `yzs_rank` WHERE ( id=3 ) LIMIT 1   [ RunTime:0.0002s ]
SQL: SELECT `name` FROM `yzs_territory` WHERE ( id=1 ) LIMIT 1   [ RunTime:0.0002s ]
INFO: [ view_parse ] --START--
INFO: [ template_filter ] --START--
INFO: Run Behavior\ContentReplaceBehavior [ RunTime:0.000052s ]
INFO: [ template_filter ] --END-- [ RunTime:0.000102s ]
INFO: Run Behavior\ParseTemplateBehavior [ RunTime:0.008652s ]
INFO: [ view_parse ] --END-- [ RunTime:0.008691s ]
INFO: [ view_filter ] --START--
INFO: Run Behavior\WriteHtmlCacheBehavior [ RunTime:0.000177s ]
INFO: [ view_filter ] --END-- [ RunTime:0.000211s ]
INFO: [ app_end ] --START--
INFO: Run Behavior\ShowPageTraceBehavior [ RunTime:0.000416s ]
INFO: [ app_end ] --END-- [ RunTime:0.000453s ]

[ 2017-12-21T16:05:42+08:00 ] 180.173.192.37 /index.php/Admin/Product/parameter_list.html
INFO: [ app_init ] --START--
INFO: Run Behavior\BuildLiteBehavior [ RunTime:0.000012s ]
INFO: [ app_init ] --END-- [ RunTime:0.000294s ]
INFO: [ app_begin ] --START--
INFO: Run Behavior\ReadHtmlCacheBehavior [ RunTime:0.000405s ]
INFO: [ app_begin ] --END-- [ RunTime:0.000455s ]
SQL: SHOW COLUMNS FROM `yzs_log` [ RunTime:0.0007s ]
SQL: INSERT INTO `yzs_log` (`ctr`,`act`,`user_id`,`user_name`,`get`,`post`,`time`) VALUES ('Product','parameter_list','1','张中','','','1513843542') [ RunTime:0.0127s ]
SQL: SHOW COLUMNS FROM `yzs_house_type` [ RunTime:0.0004s ]
SQL: SELECT COUNT(*) AS tp_count FROM `yzs_house_type` LIMIT 1   [ RunTime:0.0003s ]
SQL: SELECT * FROM `yzs_house_type` LIMIT 0,10   [ RunTime:0.0002s ]
SQL: SHOW COLUMNS FROM `yzs_loans_type` [ RunTime:0.0003s ]
SQL: SELECT COUNT(*) AS tp_count FROM `yzs_loans_type` LIMIT 1   [ RunTime:0.0002s ]
SQL: SELECT * FROM `yzs_loans_type` LIMIT 0,10   [ RunTime:0.0002s ]
SQL: SHOW COLUMNS FROM `yzs_repayment_pattern` [ RunTime:0.0004s ]
SQL: SELECT COUNT(*) AS tp_count FROM `yzs_repayment_pattern` LIMIT 1   [ RunTime:0.0002s ]
SQL: SELECT * FROM `yzs_repayment_pattern` LIMIT 0,10   [ RunTime:0.0002s ]
SQL: SHOW COLUMNS FROM `yzs_month` [ RunTime:0.0003s ]
SQL: SELECT COUNT(*) AS tp_count FROM `yzs_month` LIMIT 1   [ RunTime:0.0002s ]
SQL: SELECT * FROM `yzs_month` ORDER BY CONVERT(month,SIGNED) LIMIT 0,10   [ RunTime:0.0467s ]
INFO: [ view_parse ] --START--
INFO: [ template_filter ] --START--
INFO: Run Behavior\ContentReplaceBehavior [ RunTime:0.000147s ]
INFO: [ template_filter ] --END-- [ RunTime:0.000189s ]
NOTIC: [8] Undefined variable: t_page_number /home/wwwroot/cesi3.0.zhiyujinrong.com/Application/Runtime/Cache/Admin/3f8b2b318c9e423670b8eed4e32bed55.php 第 151 行.
NOTIC: [8] Undefined variable: t_page_number /home/wwwroot/cesi3.0.zhiyujinrong.com/Application/Runtime/Cache/Admin/3f8b2b318c9e423670b8eed4e32bed55.php 第 151 行.
NOTIC: [8] Undefined variable: id /home/wwwroot/cesi3.0.zhiyujinrong.com/Application/Runtime/Cache/Admin/3f8b2b318c9e423670b8eed4e32bed55.php 第 151 行.
NOTIC: [8] Undefined variable: id /home/wwwroot/cesi3.0.zhiyujinrong.com/Application/Runtime/Cache/Admin/3f8b2b318c9e423670b8eed4e32bed55.php 第 155 行.
NOTIC: [8] Undefined variable: id /home/wwwroot/cesi3.0.zhiyujinrong.com/Application/Runtime/Cache/Admin/3f8b2b318c9e423670b8eed4e32bed55.php 第 156 行.
NOTIC: [8] Undefined variable: t_page_number /home/wwwroot/cesi3.0.zhiyujinrong.com/Application/Runtime/Cache/Admin/3f8b2b318c9e423670b8eed4e32bed55.php 第 162 行.
NOTIC: [8] Undefined variable: t_page_number /home/wwwroot/cesi3.0.zhiyujinrong.com/Application/Runtime/Cache/Admin/3f8b2b318c9e423670b8eed4e32bed55.php 第 162 行.
NOTIC: [8] Undefined variable: so_data /home/wwwroot/cesi3.0.zhiyujinrong.com/Application/Runtime/Cache/Admin/3f8b2b318c9e423670b8eed4e32bed55.php 第 279 行.
NOTIC: [8] Undefined variable: so_page_number /home/wwwroot/cesi3.0.zhiyujinrong.com/Application/Runtime/Cache/Admin/3f8b2b318c9e423670b8eed4e32bed55.php 第 292 行.
NOTIC: [8] Undefined variable: so_page_number /home/wwwroot/cesi3.0.zhiyujinrong.com/Application/Runtime/Cache/Admin/3f8b2b318c9e423670b8eed4e32bed55.php 第 293 行.
NOTIC: [8] Undefined variable: so_page_number /home/wwwroot/cesi3.0.zhiyujinrong.com/Application/Runtime/Cache/Admin/3f8b2b318c9e423670b8eed4e32bed55.php 第 293 行.
NOTIC: [8] Undefined variable: so_page_number /home/wwwroot/cesi3.0.zhiyujinrong.com/Application/Runtime/Cache/Admin/3f8b2b318c9e423670b8eed4e32bed55.php 第 294 行.
NOTIC: [8] Undefined variable: so_page_number /home/wwwroot/cesi3.0.zhiyujinrong.com/Application/Runtime/Cache/Admin/3f8b2b318c9e423670b8eed4e32bed55.php 第 295 行.
NOTIC: [8] Undefined variable: so_page_number /home/wwwroot/cesi3.0.zhiyujinrong.com/Application/Runtime/Cache/Admin/3f8b2b318c9e423670b8eed4e32bed55.php 第 299 行.
NOTIC: [8] Undefined variable: so_page_number /home/wwwroot/cesi3.0.zhiyujinrong.com/Application/Runtime/Cache/Admin/3f8b2b318c9e423670b8eed4e32bed55.php 第 300 行.
NOTIC: [8] Undefined variable: so_page_number /home/wwwroot/cesi3.0.zhiyujinrong.com/Application/Runtime/Cache/Admin/3f8b2b318c9e423670b8eed4e32bed55.php 第 300 行.
NOTIC: [8] Undefined variable: so_page_number /home/wwwroot/cesi3.0.zhiyujinrong.com/Application/Runtime/Cache/Admin/3f8b2b318c9e423670b8eed4e32bed55.php 第 301 行.
NOTIC: [8] Undefined variable: so_page_number /home/wwwroot/cesi3.0.zhiyujinrong.com/Application/Runtime/Cache/Admin/3f8b2b318c9e423670b8eed4e32bed55.php 第 301 行.
INFO: Run Behavior\ParseTemplateBehavior [ RunTime:0.023734s ]
INFO: [ view_parse ] --END-- [ RunTime:0.023775s ]
INFO: [ view_filter ] --START--
INFO: Run Behavior\WriteHtmlCacheBehavior [ RunTime:0.000191s ]
INFO: [ view_filter ] --END-- [ RunTime:0.000224s ]
INFO: [ app_end ] --START--
INFO: Run Behavior\ShowPageTraceBehavior [ RunTime:0.000414s ]
INFO: [ app_end ] --END-- [ RunTime:0.000461s ]

[ 2017-12-21T16:05:47+08:00 ] 180.173.192.37 /index.php/Admin/Product/parameter_list_page.html
INFO: [ app_init ] --START--
INFO: Run Behavior\BuildLiteBehavior [ RunTime:0.000013s ]
INFO: [ app_init ] --END-- [ RunTime:0.000365s ]
INFO: [ app_begin ] --START--
INFO: Run Behavior\ReadHtmlCacheBehavior [ RunTime:0.000475s ]
INFO: [ app_begin ] --END-- [ RunTime:0.000513s ]
SQL: SHOW COLUMNS FROM `yzs_log` [ RunTime:0.0007s ]
SQL: INSERT INTO `yzs_log` (`ctr`,`act`,`user_id`,`user_name`,`get`,`post`,`time`) VALUES ('Product','parameter_list_page','1','张中','','{\"page\":\"2\",\"dj\":\"4\"}','1513843547') [ RunTime:0.0128s ]
SQL: SHOW COLUMNS FROM `yzs_month` [ RunTime:0.0004s ]
SQL: SELECT COUNT(*) AS tp_count FROM `yzs_month` LIMIT 1   [ RunTime:0.0002s ]
SQL: SELECT * FROM `yzs_month` ORDER BY CONVERT(month,SIGNED) LIMIT 10,10   [ RunTime:0.0003s ]
INFO: [ view_parse ] --START--
INFO: [ template_filter ] --START--
INFO: Run Behavior\ContentReplaceBehavior [ RunTime:0.000055s ]
INFO: [ template_filter ] --END-- [ RunTime:0.000098s ]
INFO: Run Behavior\ParseTemplateBehavior [ RunTime:0.011101s ]
INFO: [ view_parse ] --END-- [ RunTime:0.011140s ]
INFO: [ view_filter ] --START--
INFO: Run Behavior\WriteHtmlCacheBehavior [ RunTime:0.000224s ]
INFO: [ view_filter ] --END-- [ RunTime:0.000255s ]
INFO: [ app_end ] --START--
INFO: Run Behavior\ShowPageTraceBehavior [ RunTime:0.000453s ]
INFO: [ app_end ] --END-- [ RunTime:0.000507s ]

[ 2017-12-21T16:05:51+08:00 ] 180.173.192.37 /index.php/Admin/Product/parameter_list_page.html
INFO: [ app_init ] --START--
INFO: Run Behavior\BuildLiteBehavior [ RunTime:0.000016s ]
INFO: [ app_init ] --END-- [ RunTime:0.000331s ]
INFO: [ app_begin ] --START--
INFO: Run Behavior\ReadHtmlCacheBehavior [ RunTime:0.000441s ]
INFO: [ app_begin ] --END-- [ RunTime:0.000480s ]
SQL: SHOW COLUMNS FROM `yzs_log` [ RunTime:0.0008s ]
SQL: INSERT INTO `yzs_log` (`ctr`,`act`,`user_id`,`user_name`,`get`,`post`,`time`) VALUES ('Product','parameter_list_page','1','张中','','{\"page\":\"1\",\"dj\":\"4\"}','1513843551') [ RunTime:0.0129s ]
SQL: SHOW COLUMNS FROM `yzs_month` [ RunTime:0.0004s ]
SQL: SELECT COUNT(*) AS tp_count FROM `yzs_month` LIMIT 1   [ RunTime:0.0003s ]
SQL: SELECT * FROM `yzs_month` ORDER BY CONVERT(month,SIGNED) LIMIT 0,10   [ RunTime:0.0002s ]
INFO: [ view_parse ] --START--
INFO: [ template_filter ] --START--
INFO: Run Behavior\ContentReplaceBehavior [ RunTime:0.000053s ]
INFO: [ template_filter ] --END-- [ RunTime:0.000091s ]
INFO: Run Behavior\ParseTemplateBehavior [ RunTime:0.010771s ]
INFO: [ view_parse ] --END-- [ RunTime:0.010810s ]
INFO: [ view_filter ] --START--
INFO: Run Behavior\WriteHtmlCacheBehavior [ RunTime:0.000176s ]
INFO: [ view_filter ] --END-- [ RunTime:0.000208s ]
INFO: [ app_end ] --START--
INFO: Run Behavior\ShowPageTraceBehavior [ RunTime:0.000516s ]
INFO: [ app_end ] --END-- [ RunTime:0.000560s ]

[ 2017-12-21T16:05:59+08:00 ] 180.173.192.37 /index.php/Admin/Product/uplode.html
INFO: [ app_init ] --START--
INFO: Run Behavior\BuildLiteBehavior [ RunTime:0.000013s ]
INFO: [ app_init ] --END-- [ RunTime:0.000310s ]
INFO: [ app_begin ] --START--
INFO: Run Behavior\ReadHtmlCacheBehavior [ RunTime:0.000405s ]
INFO: [ app_begin ] --END-- [ RunTime:0.000442s ]
SQL: SHOW COLUMNS FROM `yzs_log` [ RunTime:0.0007s ]
SQL: INSERT INTO `yzs_log` (`ctr`,`act`,`user_id`,`user_name`,`get`,`post`,`time`) VALUES ('Product','uplode','1','张中','','{\"name\":\"3\",\"id\":\"5\",\"type\":\"4\",\"year\":\"\\n\\n                    \\u4e2a\\u6708\\n\\n                \"}','1513843559') [ RunTime:0.0126s ]
SQL: SHOW COLUMNS FROM `yzs_month` [ RunTime:0.0004s ]
SQL: SELECT * FROM `yzs_month` WHERE ( month=3 ) LIMIT 1   [ RunTime:0.0002s ]
SQL: SELECT * FROM `yzs_month` WHERE ( id=5 ) LIMIT 1   [ RunTime:0.0002s ]
NOTIC: [8] Undefined offset: 5 /home/wwwroot/cesi3.0.zhiyujinrong.com/Application/Admin/Controller/ProductController.class.php 第 1521 行.
NOTIC: [8] Undefined index: month /home/wwwroot/cesi3.0.zhiyujinrong.com/Application/Admin/Controller/ProductController.class.php 第 1524 行.
SQL: UPDATE `yzs_month` SET `month`='3' WHERE ( id=5 ) [ RunTime:0.0047s ]

[ 2017-12-21T16:06:02+08:00 ] 180.173.192.37 /index.php/Admin/Product/parameter_list.html
INFO: [ app_init ] --START--
INFO: Run Behavior\BuildLiteBehavior [ RunTime:0.000040s ]
INFO: [ app_init ] --END-- [ RunTime:0.000354s ]
INFO: [ app_begin ] --START--
INFO: Run Behavior\ReadHtmlCacheBehavior [ RunTime:0.000454s ]
INFO: [ app_begin ] --END-- [ RunTime:0.000494s ]
SQL: SHOW COLUMNS FROM `yzs_log` [ RunTime:0.0007s ]
SQL: INSERT INTO `yzs_log` (`ctr`,`act`,`user_id`,`user_name`,`get`,`post`,`time`) VALUES ('Product','parameter_list','1','张中','','','1513843562') [ RunTime:0.0133s ]
SQL: SHOW COLUMNS FROM `yzs_house_type` [ RunTime:0.0005s ]
SQL: SELECT COUNT(*) AS tp_count FROM `yzs_house_type` LIMIT 1   [ RunTime:0.0002s ]
SQL: SELECT * FROM `yzs_house_type` LIMIT 0,10   [ RunTime:0.0002s ]
SQL: SHOW COLUMNS FROM `yzs_loans_type` [ RunTime:0.0004s ]
SQL: SELECT COUNT(*) AS tp_count FROM `yzs_loans_type` LIMIT 1   [ RunTime:0.0002s ]
SQL: SELECT * FROM `yzs_loans_type` LIMIT 0,10   [ RunTime:0.0002s ]
SQL: SHOW COLUMNS FROM `yzs_repayment_pattern` [ RunTime:0.0004s ]
SQL: SELECT COUNT(*) AS tp_count FROM `yzs_repayment_pattern` LIMIT 1   [ RunTime:0.0002s ]
SQL: SELECT * FROM `yzs_repayment_pattern` LIMIT 0,10   [ RunTime:0.0002s ]
SQL: SHOW COLUMNS FROM `yzs_month` [ RunTime:0.0004s ]
SQL: SELECT COUNT(*) AS tp_count FROM `yzs_month` LIMIT 1   [ RunTime:0.0002s ]
SQL: SELECT * FROM `yzs_month` ORDER BY CONVERT(month,SIGNED) LIMIT 0,10   [ RunTime:0.0003s ]
INFO: [ view_parse ] --START--
INFO: [ template_filter ] --START--
INFO: Run Behavior\ContentReplaceBehavior [ RunTime:0.000162s ]
INFO: [ template_filter ] --END-- [ RunTime:0.000236s ]
NOTIC: [8] Undefined variable: t_page_number /home/wwwroot/cesi3.0.zhiyujinrong.com/Application/Runtime/Cache/Admin/3f8b2b318c9e423670b8eed4e32bed55.php 第 151 行.
NOTIC: [8] Undefined variable: t_page_number /home/wwwroot/cesi3.0.zhiyujinrong.com/Application/Runtime/Cache/Admin/3f8b2b318c9e423670b8eed4e32bed55.php 第 151 行.
NOTIC: [8] Undefined variable: id /home/wwwroot/cesi3.0.zhiyujinrong.com/Application/Runtime/Cache/Admin/3f8b2b318c9e423670b8eed4e32bed55.php 第 151 行.
NOTIC: [8] Undefined variable: id /home/wwwroot/cesi3.0.zhiyujinrong.com/Application/Runtime/Cache/Admin/3f8b2b318c9e423670b8eed4e32bed55.php 第 155 行.
NOTIC: [8] Undefined variable: id /home/wwwroot/cesi3.0.zhiyujinrong.com/Application/Runtime/Cache/Admin/3f8b2b318c9e423670b8eed4e32bed55.php 第 156 行.
NOTIC: [8] Undefined variable: t_page_number /home/wwwroot/cesi3.0.zhiyujinrong.com/Application/Runtime/Cache/Admin/3f8b2b318c9e423670b8eed4e32bed55.php 第 162 行.
NOTIC: [8] Undefined variable: t_page_number /home/wwwroot/cesi3.0.zhiyujinrong.com/Application/Runtime/Cache/Admin/3f8b2b318c9e423670b8eed4e32bed55.php 第 162 行.
NOTIC: [8] Undefined variable: so_data /home/wwwroot/cesi3.0.zhiyujinrong.com/Application/Runtime/Cache/Admin/3f8b2b318c9e423670b8eed4e32bed55.php 第 279 行.
NOTIC: [8] Undefined variable: so_page_number /home/wwwroot/cesi3.0.zhiyujinrong.com/Application/Runtime/Cache/Admin/3f8b2b318c9e423670b8eed4e32bed55.php 第 292 行.
NOTIC: [8] Undefined variable: so_page_number /home/wwwroot/cesi3.0.zhiyujinrong.com/Application/Runtime/Cache/Admin/3f8b2b318c9e423670b8eed4e32bed55.php 第 293 行.
NOTIC: [8] Undefined variable: so_page_number /home/wwwroot/cesi3.0.zhiyujinrong.com/Application/Runtime/Cache/Admin/3f8b2b318c9e423670b8eed4e32bed55.php 第 293 行.
NOTIC: [8] Undefined variable: so_page_number /home/wwwroot/cesi3.0.zhiyujinrong.com/Application/Runtime/Cache/Admin/3f8b2b318c9e423670b8eed4e32bed55.php 第 294 行.
NOTIC: [8] Undefined variable: so_page_number /home/wwwroot/cesi3.0.zhiyujinrong.com/Application/Runtime/Cache/Admin/3f8b2b318c9e423670b8eed4e32bed55.php 第 295 行.
NOTIC: [8] Undefined variable: so_page_number /home/wwwroot/cesi3.0.zhiyujinrong.com/Application/Runtime/Cache/Admin/3f8b2b318c9e423670b8eed4e32bed55.php 第 299 行.
NOTIC: [8] Undefined variable: so_page_number /home/wwwroot/cesi3.0.zhiyujinrong.com/Application/Runtime/Cache/Admin/3f8b2b318c9e423670b8eed4e32bed55.php 第 300 行.
NOTIC: [8] Undefined variable: so_page_number /home/wwwroot/cesi3.0.zhiyujinrong.com/Application/Runtime/Cache/Admin/3f8b2b318c9e423670b8eed4e32bed55.php 第 300 行.
NOTIC: [8] Undefined variable: so_page_number /home/wwwroot/cesi3.0.zhiyujinrong.com/Application/Runtime/Cache/Admin/3f8b2b318c9e423670b8eed4e32bed55.php 第 301 行.
NOTIC: [8] Undefined variable: so_page_number /home/wwwroot/cesi3.0.zhiyujinrong.com/Application/Runtime/Cache/Admin/3f8b2b318c9e423670b8eed4e32bed55.php 第 301 行.
INFO: Run Behavior\ParseTemplateBehavior [ RunTime:0.025416s ]
INFO: [ view_parse ] --END-- [ RunTime:0.025456s ]
INFO: [ view_filter ] --START--
INFO: Run Behavior\WriteHtmlCacheBehavior [ RunTime:0.000323s ]
INFO: [ view_filter ] --END-- [ RunTime:0.000358s ]
INFO: [ app_end ] --START--
INFO: Run Behavior\ShowPageTraceBehavior [ RunTime:0.000444s ]
INFO: [ app_end ] --END-- [ RunTime:0.000491s ]

[ 2017-12-21T16:06:10+08:00 ] 180.173.192.37 /index.php/Admin/Product/parameter_delete.html
INFO: [ app_init ] --START--
INFO: Run Behavior\BuildLiteBehavior [ RunTime:0.000013s ]
INFO: [ app_init ] --END-- [ RunTime:0.000284s ]
INFO: [ app_begin ] --START--
INFO: Run Behavior\ReadHtmlCacheBehavior [ RunTime:0.000387s ]
INFO: [ app_begin ] --END-- [ RunTime:0.000431s ]
SQL: SHOW COLUMNS FROM `yzs_log` [ RunTime:0.0007s ]
SQL: INSERT INTO `yzs_log` (`ctr`,`act`,`user_id`,`user_name`,`get`,`post`,`time`) VALUES ('Product','parameter_delete','1','张中','','{\"tid\":\"26\",\"typ\":\"month\"}','1513843570') [ RunTime:0.0128s ]
SQL: SHOW COLUMNS FROM `yzs_month` [ RunTime:0.0004s ]
SQL: DELETE FROM `yzs_month` WHERE ( id='26' ) [ RunTime:0.0049s ]

[ 2017-12-21T16:06:14+08:00 ] 180.173.192.37 /index.php/Admin/Product/parameter_list.html
INFO: [ app_init ] --START--
INFO: Run Behavior\BuildLiteBehavior [ RunTime:0.000013s ]
INFO: [ app_init ] --END-- [ RunTime:0.000288s ]
INFO: [ app_begin ] --START--
INFO: Run Behavior\ReadHtmlCacheBehavior [ RunTime:0.000378s ]
INFO: [ app_begin ] --END-- [ RunTime:0.000418s ]
SQL: SHOW COLUMNS FROM `yzs_log` [ RunTime:0.0007s ]
SQL: INSERT INTO `yzs_log` (`ctr`,`act`,`user_id`,`user_name`,`get`,`post`,`time`) VALUES ('Product','parameter_list','1','张中','','','1513843574') [ RunTime:0.0127s ]
SQL: SHOW COLUMNS FROM `yzs_house_type` [ RunTime:0.0004s ]
SQL: SELECT COUNT(*) AS tp_count FROM `yzs_house_type` LIMIT 1   [ RunTime:0.0002s ]
SQL: SELECT * FROM `yzs_house_type` LIMIT 0,10   [ RunTime:0.0002s ]
SQL: SHOW COLUMNS FROM `yzs_loans_type` [ RunTime:0.0004s ]
SQL: SELECT COUNT(*) AS tp_count FROM `yzs_loans_type` LIMIT 1   [ RunTime:0.0002s ]
SQL: SELECT * FROM `yzs_loans_type` LIMIT 0,10   [ RunTime:0.0002s ]
SQL: SHOW COLUMNS FROM `yzs_repayment_pattern` [ RunTime:0.0004s ]
SQL: SELECT COUNT(*) AS tp_count FROM `yzs_repayment_pattern` LIMIT 1   [ RunTime:0.0002s ]
SQL: SELECT * FROM `yzs_repayment_pattern` LIMIT 0,10   [ RunTime:0.0002s ]
SQL: SHOW COLUMNS FROM `yzs_month` [ RunTime:0.0003s ]
SQL: SELECT COUNT(*) AS tp_count FROM `yzs_month` LIMIT 1   [ RunTime:0.0002s ]
SQL: SELECT * FROM `yzs_month` ORDER BY CONVERT(month,SIGNED) LIMIT 0,10   [ RunTime:0.0003s ]
INFO: [ view_parse ] --START--
INFO: [ template_filter ] --START--
INFO: Run Behavior\ContentReplaceBehavior [ RunTime:0.000138s ]
INFO: [ template_filter ] --END-- [ RunTime:0.000181s ]
NOTIC: [8] Undefined variable: t_page_number /home/wwwroot/cesi3.0.zhiyujinrong.com/Application/Runtime/Cache/Admin/3f8b2b318c9e423670b8eed4e32bed55.php 第 151 行.
NOTIC: [8] Undefined variable: t_page_number /home/wwwroot/cesi3.0.zhiyujinrong.com/Application/Runtime/Cache/Admin/3f8b2b318c9e423670b8eed4e32bed55.php 第 151 行.
NOTIC: [8] Undefined variable: id /home/wwwroot/cesi3.0.zhiyujinrong.com/Application/Runtime/Cache/Admin/3f8b2b318c9e423670b8eed4e32bed55.php 第 151 行.
NOTIC: [8] Undefined variable: id /home/wwwroot/cesi3.0.zhiyujinrong.com/Application/Runtime/Cache/Admin/3f8b2b318c9e423670b8eed4e32bed55.php 第 155 行.
NOTIC: [8] Undefined variable: id /home/wwwroot/cesi3.0.zhiyujinrong.com/Application/Runtime/Cache/Admin/3f8b2b318c9e423670b8eed4e32bed55.php 第 156 行.
NOTIC: [8] Undefined variable: t_page_number /home/wwwroot/cesi3.0.zhiyujinrong.com/Application/Runtime/Cache/Admin/3f8b2b318c9e423670b8eed4e32bed55.php 第 162 行.
NOTIC: [8] Undefined variable: t_page_number /home/wwwroot/cesi3.0.zhiyujinrong.com/Application/Runtime/Cache/Admin/3f8b2b318c9e423670b8eed4e32bed55.php 第 162 行.
NOTIC: [8] Undefined variable: so_data /home/wwwroot/cesi3.0.zhiyujinrong.com/Application/Runtime/Cache/Admin/3f8b2b318c9e423670b8eed4e32bed55.php 第 279 行.
NOTIC: [8] Undefined variable: so_page_number /home/wwwroot/cesi3.0.zhiyujinrong.com/Application/Runtime/Cache/Admin/3f8b2b318c9e423670b8eed4e32bed55.php 第 292 行.
NOTIC: [8] Undefined variable: so_page_number /home/wwwroot/cesi3.0.zhiyujinrong.com/Application/Runtime/Cache/Admin/3f8b2b318c9e423670b8eed4e32bed55.php 第 293 行.
NOTIC: [8] Undefined variable: so_page_number /home/wwwroot/cesi3.0.zhiyujinrong.com/Application/Runtime/Cache/Admin/3f8b2b318c9e423670b8eed4e32bed55.php 第 293 行.
NOTIC: [8] Undefined variable: so_page_number /home/wwwroot/cesi3.0.zhiyujinrong.com/Application/Runtime/Cache/Admin/3f8b2b318c9e423670b8eed4e32bed55.php 第 294 行.
NOTIC: [8] Undefined variable: so_page_number /home/wwwroot/cesi3.0.zhiyujinrong.com/Application/Runtime/Cache/Admin/3f8b2b318c9e423670b8eed4e32bed55.php 第 295 行.
NOTIC: [8] Undefined variable: so_page_number /home/wwwroot/cesi3.0.zhiyujinrong.com/Application/Runtime/Cache/Admin/3f8b2b318c9e423670b8eed4e32bed55.php 第 299 行.
NOTIC: [8] Undefined variable: so_page_number /home/wwwroot/cesi3.0.zhiyujinrong.com/Application/Runtime/Cache/Admin/3f8b2b318c9e423670b8eed4e32bed55.php 第 300 行.
NOTIC: [8] Undefined variable: so_page_number /home/wwwroot/cesi3.0.zhiyujinrong.com/Application/Runtime/Cache/Admin/3f8b2b318c9e423670b8eed4e32bed55.php 第 300 行.
NOTIC: [8] Undefined variable: so_page_number /home/wwwroot/cesi3.0.zhiyujinrong.com/Application/Runtime/Cache/Admin/3f8b2b318c9e423670b8eed4e32bed55.php 第 301 行.
NOTIC: [8] Undefined variable: so_page_number /home/wwwroot/cesi3.0.zhiyujinrong.com/Application/Runtime/Cache/Admin/3f8b2b318c9e423670b8eed4e32bed55.php 第 301 行.
INFO: Run Behavior\ParseTemplateBehavior [ RunTime:0.023802s ]
INFO: [ view_parse ] --END-- [ RunTime:0.023840s ]
INFO: [ view_filter ] --START--
INFO: Run Behavior\WriteHtmlCacheBehavior [ RunTime:0.000183s ]
INFO: [ view_filter ] --END-- [ RunTime:0.000216s ]
INFO: [ app_end ] --START--
INFO: Run Behavior\ShowPageTraceBehavior [ RunTime:0.000474s ]
INFO: [ app_end ] --END-- [ RunTime:0.000521s ]

[ 2017-12-21T16:06:20+08:00 ] 180.173.192.37 /index.php/Admin/Product/parameter_delete.html
INFO: [ app_init ] --START--
INFO: Run Behavior\BuildLiteBehavior [ RunTime:0.000014s ]
INFO: [ app_init ] --END-- [ RunTime:0.000295s ]
INFO: [ app_begin ] --START--
INFO: Run Behavior\ReadHtmlCacheBehavior [ RunTime:0.000448s ]
INFO: [ app_begin ] --END-- [ RunTime:0.000487s ]
SQL: SHOW COLUMNS FROM `yzs_log` [ RunTime:0.0007s ]
SQL: INSERT INTO `yzs_log` (`ctr`,`act`,`user_id`,`user_name`,`get`,`post`,`time`) VALUES ('Product','parameter_delete','1','张中','','{\"tid\":\"28\",\"typ\":\"month\"}','1513843580') [ RunTime:0.0208s ]
SQL: SHOW COLUMNS FROM `yzs_month` [ RunTime:0.0005s ]
SQL: DELETE FROM `yzs_month` WHERE ( id='28' ) [ RunTime:0.0052s ]

[ 2017-12-21T16:06:39+08:00 ] 180.173.192.37 /index.php/Admin/Product/uplode.html
INFO: [ app_init ] --START--
INFO: Run Behavior\BuildLiteBehavior [ RunTime:0.000013s ]
INFO: [ app_init ] --END-- [ RunTime:0.000310s ]
INFO: [ app_begin ] --START--
INFO: Run Behavior\ReadHtmlCacheBehavior [ RunTime:0.000401s ]
INFO: [ app_begin ] --END-- [ RunTime:0.000438s ]
SQL: SHOW COLUMNS FROM `yzs_log` [ RunTime:0.0006s ]
SQL: INSERT INTO `yzs_log` (`ctr`,`act`,`user_id`,`user_name`,`get`,`post`,`time`) VALUES ('Product','uplode','1','张中','','{\"name\":\"6\",\"id\":\"30\",\"type\":\"4\",\"year\":\"\\n                                    \\u4e2a\\u6708                                \"}','1513843599') [ RunTime:0.0132s ]
SQL: SHOW COLUMNS FROM `yzs_month` [ RunTime:0.0004s ]
SQL: SELECT * FROM `yzs_month` WHERE ( month=6 ) LIMIT 1   [ RunTime:0.0002s ]

[ 2017-12-21T16:06:44+08:00 ] 180.173.192.37 /index.php/Admin/Product/parameter_delete.html
INFO: [ app_init ] --START--
INFO: Run Behavior\BuildLiteBehavior [ RunTime:0.000013s ]
INFO: [ app_init ] --END-- [ RunTime:0.000285s ]
INFO: [ app_begin ] --START--
INFO: Run Behavior\ReadHtmlCacheBehavior [ RunTime:0.000386s ]
INFO: [ app_begin ] --END-- [ RunTime:0.000424s ]
SQL: SHOW COLUMNS FROM `yzs_log` [ RunTime:0.0007s ]
SQL: INSERT INTO `yzs_log` (`ctr`,`act`,`user_id`,`user_name`,`get`,`post`,`time`) VALUES ('Product','parameter_delete','1','张中','','{\"tid\":\"37\",\"typ\":\"month\"}','1513843604') [ RunTime:0.0134s ]
SQL: SHOW COLUMNS FROM `yzs_month` [ RunTime:0.0007s ]
SQL: DELETE FROM `yzs_month` WHERE ( id='37' ) [ RunTime:0.0052s ]

[ 2017-12-21T16:06:46+08:00 ] 180.173.192.37 /index.php/Admin/Product/parameter_list_page.html
INFO: [ app_init ] --START--
INFO: Run Behavior\BuildLiteBehavior [ RunTime:0.000013s ]
INFO: [ app_init ] --END-- [ RunTime:0.000286s ]
INFO: [ app_begin ] --START--
INFO: Run Behavior\ReadHtmlCacheBehavior [ RunTime:0.000366s ]
INFO: [ app_begin ] --END-- [ RunTime:0.000403s ]
SQL: SHOW COLUMNS FROM `yzs_log` [ RunTime:0.0006s ]
SQL: INSERT INTO `yzs_log` (`ctr`,`act`,`user_id`,`user_name`,`get`,`post`,`time`) VALUES ('Product','parameter_list_page','1','张中','','{\"page\":\"2\",\"dj\":\"4\"}','1513843606') [ RunTime:0.0130s ]
SQL: SHOW COLUMNS FROM `yzs_month` [ RunTime:0.0004s ]
SQL: SELECT COUNT(*) AS tp_count FROM `yzs_month` LIMIT 1   [ RunTime:0.0002s ]
SQL: SELECT * FROM `yzs_month` ORDER BY CONVERT(month,SIGNED) LIMIT 10,10   [ RunTime:0.0002s ]
INFO: [ view_parse ] --START--
INFO: [ template_filter ] --START--
INFO: Run Behavior\ContentReplaceBehavior [ RunTime:0.000050s ]
INFO: [ template_filter ] --END-- [ RunTime:0.000093s ]
INFO: Run Behavior\ParseTemplateBehavior [ RunTime:0.009578s ]
INFO: [ view_parse ] --END-- [ RunTime:0.009614s ]
INFO: [ view_filter ] --START--
INFO: Run Behavior\WriteHtmlCacheBehavior [ RunTime:0.000173s ]
INFO: [ view_filter ] --END-- [ RunTime:0.000203s ]
INFO: [ app_end ] --START--
INFO: Run Behavior\ShowPageTraceBehavior [ RunTime:0.000381s ]
INFO: [ app_end ] --END-- [ RunTime:0.000413s ]

[ 2017-12-21T16:06:53+08:00 ] 180.173.192.37 /index.php/Admin/Product/uplode.html
INFO: [ app_init ] --START--
INFO: Run Behavior\BuildLiteBehavior [ RunTime:0.000017s ]
INFO: [ app_init ] --END-- [ RunTime:0.000298s ]
INFO: [ app_begin ] --START--
INFO: Run Behavior\ReadHtmlCacheBehavior [ RunTime:0.000374s ]
INFO: [ app_begin ] --END-- [ RunTime:0.000412s ]
SQL: SHOW COLUMNS FROM `yzs_log` [ RunTime:0.0007s ]
SQL: INSERT INTO `yzs_log` (`ctr`,`act`,`user_id`,`user_name`,`get`,`post`,`time`) VALUES ('Product','uplode','1','张中','','{\"name\":\"3\",\"id\":\"42\",\"type\":\"4\",\"year\":\"\\n\\n                    \\u5e74\\n\\n                \"}','1513843613') [ RunTime:0.0133s ]
SQL: SHOW COLUMNS FROM `yzs_month` [ RunTime:0.0005s ]
SQL: SELECT * FROM `yzs_month` WHERE ( month=36 ) LIMIT 1   [ RunTime:0.0002s ]
SQL: SELECT * FROM `yzs_month` WHERE ( id=42 ) LIMIT 1   [ RunTime:0.0002s ]
NOTIC: [8] Undefined offset: 42 /home/wwwroot/cesi3.0.zhiyujinrong.com/Application/Admin/Controller/ProductController.class.php 第 1521 行.
NOTIC: [8] Undefined index: month /home/wwwroot/cesi3.0.zhiyujinrong.com/Application/Admin/Controller/ProductController.class.php 第 1524 行.
SQL: UPDATE `yzs_month` SET `month`='36' WHERE ( id=42 ) [ RunTime:0.0053s ]

[ 2017-12-21T16:06:55+08:00 ] 180.173.192.37 /index.php/Admin/Index/index.html
INFO: [ app_init ] --START--
INFO: Run Behavior\BuildLiteBehavior [ RunTime:0.000012s ]
INFO: [ app_init ] --END-- [ RunTime:0.000289s ]
INFO: [ app_begin ] --START--
INFO: Run Behavior\ReadHtmlCacheBehavior [ RunTime:0.000375s ]
INFO: [ app_begin ] --END-- [ RunTime:0.000414s ]
SQL: SHOW COLUMNS FROM `yzs_log` [ RunTime:0.0007s ]
SQL: INSERT INTO `yzs_log` (`ctr`,`act`,`user_id`,`user_name`,`get`,`post`,`time`) VALUES ('Index','index','1','张中','','','1513843615') [ RunTime:0.0125s ]
SQL: SHOW COLUMNS FROM `yzs_catalogue` [ RunTime:0.0005s ]
SQL: SELECT * FROM `yzs_catalogue` WHERE ( state=1 )  [ RunTime:0.0003s ]
INFO: [ view_parse ] --START--
INFO: [ template_filter ] --START--
INFO: Run Behavior\ContentReplaceBehavior [ RunTime:0.000056s ]
INFO: [ template_filter ] --END-- [ RunTime:0.000096s ]
INFO: Run Behavior\ParseTemplateBehavior [ RunTime:0.005205s ]
INFO: [ view_parse ] --END-- [ RunTime:0.005244s ]
INFO: [ view_filter ] --START--
INFO: Run Behavior\WriteHtmlCacheBehavior [ RunTime:0.000206s ]
INFO: [ view_filter ] --END-- [ RunTime:0.000241s ]
INFO: [ app_end ] --START--
INFO: Run Behavior\ShowPageTraceBehavior [ RunTime:0.000428s ]
INFO: [ app_end ] --END-- [ RunTime:0.000463s ]

[ 2017-12-21T16:06:56+08:00 ] 180.173.192.37 /index.php/Admin/Product/parameter_list.html
INFO: [ app_init ] --START--
INFO: Run Behavior\BuildLiteBehavior [ RunTime:0.000013s ]
INFO: [ app_init ] --END-- [ RunTime:0.000288s ]
INFO: [ app_begin ] --START--
INFO: Run Behavior\ReadHtmlCacheBehavior [ RunTime:0.000428s ]
INFO: [ app_begin ] --END-- [ RunTime:0.000468s ]
SQL: SHOW COLUMNS FROM `yzs_log` [ RunTime:0.0006s ]
SQL: INSERT INTO `yzs_log` (`ctr`,`act`,`user_id`,`user_name`,`get`,`post`,`time`) VALUES ('Product','parameter_list','1','张中','','','1513843616') [ RunTime:0.0289s ]
SQL: SHOW COLUMNS FROM `yzs_house_type` [ RunTime:0.0004s ]
SQL: SELECT COUNT(*) AS tp_count FROM `yzs_house_type` LIMIT 1   [ RunTime:0.0002s ]
SQL: SELECT * FROM `yzs_house_type` LIMIT 0,10   [ RunTime:0.0001s ]
SQL: SHOW COLUMNS FROM `yzs_loans_type` [ RunTime:0.0003s ]
SQL: SELECT COUNT(*) AS tp_count FROM `yzs_loans_type` LIMIT 1   [ RunTime:0.0001s ]
SQL: SELECT * FROM `yzs_loans_type` LIMIT 0,10   [ RunTime:0.0001s ]
SQL: SHOW COLUMNS FROM `yzs_repayment_pattern` [ RunTime:0.0003s ]
SQL: SELECT COUNT(*) AS tp_count FROM `yzs_repayment_pattern` LIMIT 1   [ RunTime:0.0001s ]
SQL: SELECT * FROM `yzs_repayment_pattern` LIMIT 0,10   [ RunTime:0.0001s ]
SQL: SHOW COLUMNS FROM `yzs_month` [ RunTime:0.0004s ]
SQL: SELECT COUNT(*) AS tp_count FROM `yzs_month` LIMIT 1   [ RunTime:0.0001s ]
SQL: SELECT * FROM `yzs_month` ORDER BY CONVERT(month,SIGNED) LIMIT 0,10   [ RunTime:0.0002s ]
INFO: [ view_parse ] --START--
INFO: [ template_filter ] --START--
INFO: Run Behavior\ContentReplaceBehavior [ RunTime:0.000162s ]
INFO: [ template_filter ] --END-- [ RunTime:0.000204s ]
NOTIC: [8] Undefined variable: t_page_number /home/wwwroot/cesi3.0.zhiyujinrong.com/Application/Runtime/Cache/Admin/3f8b2b318c9e423670b8eed4e32bed55.php 第 151 行.
NOTIC: [8] Undefined variable: t_page_number /home/wwwroot/cesi3.0.zhiyujinrong.com/Application/Runtime/Cache/Admin/3f8b2b318c9e423670b8eed4e32bed55.php 第 151 行.
NOTIC: [8] Undefined variable: id /home/wwwroot/cesi3.0.zhiyujinrong.com/Application/Runtime/Cache/Admin/3f8b2b318c9e423670b8eed4e32bed55.php 第 151 行.
NOTIC: [8] Undefined variable: id /home/wwwroot/cesi3.0.zhiyujinrong.com/Application/Runtime/Cache/Admin/3f8b2b318c9e423670b8eed4e32bed55.php 第 155 行.
NOTIC: [8] Undefined variable: id /home/wwwroot/cesi3.0.zhiyujinrong.com/Application/Runtime/Cache/Admin/3f8b2b318c9e423670b8eed4e32bed55.php 第 156 行.
NOTIC: [8] Undefined variable: t_page_number /home/wwwroot/cesi3.0.zhiyujinrong.com/Application/Runtime/Cache/Admin/3f8b2b318c9e423670b8eed4e32bed55.php 第 162 行.
NOTIC: [8] Undefined variable: t_page_number /home/wwwroot/cesi3.0.zhiyujinrong.com/Application/Runtime/Cache/Admin/3f8b2b318c9e423670b8eed4e32bed55.php 第 162 行.
NOTIC: [8] Undefined variable: so_data /home/wwwroot/cesi3.0.zhiyujinrong.com/Application/Runtime/Cache/Admin/3f8b2b318c9e423670b8eed4e32bed55.php 第 279 行.
NOTIC: [8] Undefined variable: so_page_number /home/wwwroot/cesi3.0.zhiyujinrong.com/Application/Runtime/Cache/Admin/3f8b2b318c9e423670b8eed4e32bed55.php 第 292 行.
NOTIC: [8] Undefined variable: so_page_number /home/wwwroot/cesi3.0.zhiyujinrong.com/Application/Runtime/Cache/Admin/3f8b2b318c9e423670b8eed4e32bed55.php 第 293 行.
NOTIC: [8] Undefined variable: so_page_number /home/wwwroot/cesi3.0.zhiyujinrong.com/Application/Runtime/Cache/Admin/3f8b2b318c9e423670b8eed4e32bed55.php 第 293 行.
NOTIC: [8] Undefined variable: so_page_number /home/wwwroot/cesi3.0.zhiyujinrong.com/Application/Runtime/Cache/Admin/3f8b2b318c9e423670b8eed4e32bed55.php 第 294 行.
NOTIC: [8] Undefined variable: so_page_number /home/wwwroot/cesi3.0.zhiyujinrong.com/Application/Runtime/Cache/Admin/3f8b2b318c9e423670b8eed4e32bed55.php 第 295 行.
NOTIC: [8] Undefined variable: so_page_number /home/wwwroot/cesi3.0.zhiyujinrong.com/Application/Runtime/Cache/Admin/3f8b2b318c9e423670b8eed4e32bed55.php 第 299 行.
NOTIC: [8] Undefined variable: so_page_number /home/wwwroot/cesi3.0.zhiyujinrong.com/Application/Runtime/Cache/Admin/3f8b2b318c9e423670b8eed4e32bed55.php 第 300 行.
NOTIC: [8] Undefined variable: so_page_number /home/wwwroot/cesi3.0.zhiyujinrong.com/Application/Runtime/Cache/Admin/3f8b2b318c9e423670b8eed4e32bed55.php 第 300 行.
NOTIC: [8] Undefined variable: so_page_number /home/wwwroot/cesi3.0.zhiyujinrong.com/Application/Runtime/Cache/Admin/3f8b2b318c9e423670b8eed4e32bed55.php 第 301 行.
NOTIC: [8] Undefined variable: so_page_number /home/wwwroot/cesi3.0.zhiyujinrong.com/Application/Runtime/Cache/Admin/3f8b2b318c9e423670b8eed4e32bed55.php 第 301 行.
INFO: Run Behavior\ParseTemplateBehavior [ RunTime:0.023421s ]
INFO: [ view_parse ] --END-- [ RunTime:0.023459s ]
INFO: [ view_filter ] --START--
INFO: Run Behavior\WriteHtmlCacheBehavior [ RunTime:0.000180s ]
INFO: [ view_filter ] --END-- [ RunTime:0.000214s ]
INFO: [ app_end ] --START--
INFO: Run Behavior\ShowPageTraceBehavior [ RunTime:0.000447s ]
INFO: [ app_end ] --END-- [ RunTime:0.000484s ]

[ 2017-12-21T16:06:56+08:00 ] 180.173.192.37 /index.php/Admin/System/admin_list.html
INFO: [ app_init ] --START--
INFO: Run Behavior\BuildLiteBehavior [ RunTime:0.000011s ]
INFO: [ app_init ] --END-- [ RunTime:0.000289s ]
INFO: [ app_begin ] --START--
INFO: Run Behavior\ReadHtmlCacheBehavior [ RunTime:0.000448s ]
INFO: [ app_begin ] --END-- [ RunTime:0.000486s ]
SQL: SHOW COLUMNS FROM `yzs_log` [ RunTime:0.0006s ]
SQL: INSERT INTO `yzs_log` (`ctr`,`act`,`user_id`,`user_name`,`get`,`post`,`time`) VALUES ('System','admin_list','1','张中','','','1513843616') [ RunTime:0.0126s ]
NOTIC: [8] Undefined index: name /home/wwwroot/cesi3.0.zhiyujinrong.com/Application/Admin/Controller/SystemController.class.php 第 238 行.
SQL: SHOW COLUMNS FROM `yzs_admin_users` [ RunTime:0.0007s ]
SQL: SELECT COUNT(*) AS tp_count FROM `yzs_admin_users` LIMIT 1   [ RunTime:0.0002s ]
SQL: SELECT * FROM `yzs_admin_users` WHERE ( 1 and status='1' ) ORDER BY rank LIMIT 0,20   [ RunTime:0.0003s ]
NOTIC: [2] date() expects parameter 2 to be long, string given /home/wwwroot/cesi3.0.zhiyujinrong.com/Application/Admin/Controller/SystemController.class.php 第 261 行.
SQL: SELECT `name` FROM `yzs_admin_users` WHERE ( id=0 ) LIMIT 1   [ RunTime:0.0001s ]
SQL: SHOW COLUMNS FROM `yzs_rank` [ RunTime:0.0003s ]
SQL: SELECT `rank` FROM `yzs_rank` WHERE ( id=1 ) LIMIT 1   [ RunTime:0.0001s ]
SQL: SELECT `name` FROM `yzs_admin_users` WHERE ( id=0 ) LIMIT 1   [ RunTime:0.0001s ]
SQL: SELECT `rank` FROM `yzs_rank` WHERE ( id=1 ) LIMIT 1   [ RunTime:0.0001s ]
SQL: SELECT `name` FROM `yzs_admin_users` WHERE ( id=3 ) LIMIT 1   [ RunTime:0.0001s ]
SQL: SELECT `rank` FROM `yzs_rank` WHERE ( id=2 ) LIMIT 1   [ RunTime:0.0002s ]
SQL: SHOW COLUMNS FROM `yzs_territory` [ RunTime:0.0004s ]
SQL: SELECT `name` FROM `yzs_territory` WHERE ( id=2 ) LIMIT 1   [ RunTime:0.0001s ]
NOTIC: [2] date() expects parameter 2 to be long, string given /home/wwwroot/cesi3.0.zhiyujinrong.com/Application/Admin/Controller/SystemController.class.php 第 261 行.
SQL: SELECT `name` FROM `yzs_admin_users` WHERE ( id=3 ) LIMIT 1   [ RunTime:0.0001s ]
SQL: SELECT `rank` FROM `yzs_rank` WHERE ( id=3 ) LIMIT 1   [ RunTime:0.0001s ]
SQL: SELECT `name` FROM `yzs_territory` WHERE ( id=1 ) LIMIT 1   [ RunTime:0.0001s ]
INFO: [ view_parse ] --START--
INFO: [ template_filter ] --START--
INFO: Run Behavior\ContentReplaceBehavior [ RunTime:0.000067s ]
INFO: [ template_filter ] --END-- [ RunTime:0.000107s ]
INFO: Run Behavior\ParseTemplateBehavior [ RunTime:0.008503s ]
INFO: [ view_parse ] --END-- [ RunTime:0.008542s ]
INFO: [ view_filter ] --START--
INFO: Run Behavior\WriteHtmlCacheBehavior [ RunTime:0.000172s ]
INFO: [ view_filter ] --END-- [ RunTime:0.000207s ]
INFO: [ app_end ] --START--
INFO: Run Behavior\ShowPageTraceBehavior [ RunTime:0.000422s ]
INFO: [ app_end ] --END-- [ RunTime:0.000456s ]

[ 2017-12-21T16:07:00+08:00 ] 180.173.192.37 /index.php/Admin/Product/parameter_list_page.html
INFO: [ app_init ] --START--
INFO: Run Behavior\BuildLiteBehavior [ RunTime:0.000012s ]
INFO: [ app_init ] --END-- [ RunTime:0.000288s ]
INFO: [ app_begin ] --START--
INFO: Run Behavior\ReadHtmlCacheBehavior [ RunTime:0.000371s ]
INFO: [ app_begin ] --END-- [ RunTime:0.000408s ]
SQL: SHOW COLUMNS FROM `yzs_log` [ RunTime:0.0007s ]
SQL: INSERT INTO `yzs_log` (`ctr`,`act`,`user_id`,`user_name`,`get`,`post`,`time`) VALUES ('Product','parameter_list_page','1','张中','','{\"page\":\"2\",\"dj\":\"4\"}','1513843620') [ RunTime:0.0132s ]
SQL: SHOW COLUMNS FROM `yzs_month` [ RunTime:0.0004s ]
SQL: SELECT COUNT(*) AS tp_count FROM `yzs_month` LIMIT 1   [ RunTime:0.0002s ]
SQL: SELECT * FROM `yzs_month` ORDER BY CONVERT(month,SIGNED) LIMIT 10,10   [ RunTime:0.0002s ]
INFO: [ view_parse ] --START--
INFO: [ template_filter ] --START--
INFO: Run Behavior\ContentReplaceBehavior [ RunTime:0.000073s ]
INFO: [ template_filter ] --END-- [ RunTime:0.000121s ]
INFO: Run Behavior\ParseTemplateBehavior [ RunTime:0.010195s ]
INFO: [ view_parse ] --END-- [ RunTime:0.010232s ]
INFO: [ view_filter ] --START--
INFO: Run Behavior\WriteHtmlCacheBehavior [ RunTime:0.000172s ]
INFO: [ view_filter ] --END-- [ RunTime:0.000202s ]
INFO: [ app_end ] --START--
INFO: Run Behavior\ShowPageTraceBehavior [ RunTime:0.000410s ]
INFO: [ app_end ] --END-- [ RunTime:0.000443s ]

[ 2017-12-21T16:07:03+08:00 ] 180.173.192.37 /index.php/Admin/Product/parameter_list_page.html
INFO: [ app_init ] --START--
INFO: Run Behavior\BuildLiteBehavior [ RunTime:0.000013s ]
INFO: [ app_init ] --END-- [ RunTime:0.000288s ]
INFO: [ app_begin ] --START--
INFO: Run Behavior\ReadHtmlCacheBehavior [ RunTime:0.000396s ]
INFO: [ app_begin ] --END-- [ RunTime:0.000433s ]
SQL: SHOW COLUMNS FROM `yzs_log` [ RunTime:0.0006s ]
SQL: INSERT INTO `yzs_log` (`ctr`,`act`,`user_id`,`user_name`,`get`,`post`,`time`) VALUES ('Product','parameter_list_page','1','张中','','{\"page\":\"1\",\"dj\":\"4\"}','1513843623') [ RunTime:0.0182s ]
SQL: SHOW COLUMNS FROM `yzs_month` [ RunTime:0.0004s ]
SQL: SELECT COUNT(*) AS tp_count FROM `yzs_month` LIMIT 1   [ RunTime:0.0002s ]
SQL: SELECT * FROM `yzs_month` ORDER BY CONVERT(month,SIGNED) LIMIT 0,10   [ RunTime:0.0002s ]
INFO: [ view_parse ] --START--
INFO: [ template_filter ] --START--
INFO: Run Behavior\ContentReplaceBehavior [ RunTime:0.000051s ]
INFO: [ template_filter ] --END-- [ RunTime:0.000084s ]
INFO: Run Behavior\ParseTemplateBehavior [ RunTime:0.009743s ]
INFO: [ view_parse ] --END-- [ RunTime:0.009778s ]
INFO: [ view_filter ] --START--
INFO: Run Behavior\WriteHtmlCacheBehavior [ RunTime:0.000173s ]
INFO: [ view_filter ] --END-- [ RunTime:0.000202s ]
INFO: [ app_end ] --START--
INFO: Run Behavior\ShowPageTraceBehavior [ RunTime:0.000428s ]
INFO: [ app_end ] --END-- [ RunTime:0.000468s ]

[ 2017-12-21T16:07:05+08:00 ] 180.173.192.37 /index.php/Admin/Product/parameter_list_page.html
INFO: [ app_init ] --START--
INFO: Run Behavior\BuildLiteBehavior [ RunTime:0.000013s ]
INFO: [ app_init ] --END-- [ RunTime:0.000287s ]
INFO: [ app_begin ] --START--
INFO: Run Behavior\ReadHtmlCacheBehavior [ RunTime:0.000389s ]
INFO: [ app_begin ] --END-- [ RunTime:0.000427s ]
SQL: SHOW COLUMNS FROM `yzs_log` [ RunTime:0.0007s ]
SQL: INSERT INTO `yzs_log` (`ctr`,`act`,`user_id`,`user_name`,`get`,`post`,`time`) VALUES ('Product','parameter_list_page','1','张中','','{\"page\":\"2\",\"dj\":\"4\"}','1513843625') [ RunTime:0.0132s ]
SQL: SHOW COLUMNS FROM `yzs_month` [ RunTime:0.0004s ]
SQL: SELECT COUNT(*) AS tp_count FROM `yzs_month` LIMIT 1   [ RunTime:0.0002s ]
SQL: SELECT * FROM `yzs_month` ORDER BY CONVERT(month,SIGNED) LIMIT 10,10   [ RunTime:0.0002s ]
INFO: [ view_parse ] --START--
INFO: [ template_filter ] --START--
INFO: Run Behavior\ContentReplaceBehavior [ RunTime:0.000052s ]
INFO: [ template_filter ] --END-- [ RunTime:0.000093s ]
INFO: Run Behavior\ParseTemplateBehavior [ RunTime:0.011899s ]
INFO: [ view_parse ] --END-- [ RunTime:0.011936s ]
INFO: [ view_filter ] --START--
INFO: Run Behavior\WriteHtmlCacheBehavior [ RunTime:0.000237s ]
INFO: [ view_filter ] --END-- [ RunTime:0.000274s ]
INFO: [ app_end ] --START--
INFO: Run Behavior\ShowPageTraceBehavior [ RunTime:0.000424s ]
INFO: [ app_end ] --END-- [ RunTime:0.000470s ]

[ 2017-12-21T16:07:17+08:00 ] 180.173.192.37 /index.php/Admin/Product/wechat_update/type/4/page/2.html
INFO: [ app_init ] --START--
INFO: Run Behavior\BuildLiteBehavior [ RunTime:0.000013s ]
INFO: [ app_init ] --END-- [ RunTime:0.000305s ]
INFO: [ app_begin ] --START--
INFO: Run Behavior\ReadHtmlCacheBehavior [ RunTime:0.000406s ]
INFO: [ app_begin ] --END-- [ RunTime:0.000444s ]
SQL: SHOW COLUMNS FROM `yzs_log` [ RunTime:0.0007s ]
SQL: INSERT INTO `yzs_log` (`ctr`,`act`,`user_id`,`user_name`,`get`,`post`,`time`) VALUES ('Product','wechat_update','1','张中','{\"type\":\"4\",\"page\":\"2\"}','','1513843637') [ RunTime:0.0055s ]
INFO: [ view_parse ] --START--
INFO: [ template_filter ] --START--
INFO: Run Behavior\ContentReplaceBehavior [ RunTime:0.000042s ]
INFO: [ template_filter ] --END-- [ RunTime:0.000080s ]
INFO: Run Behavior\ParseTemplateBehavior [ RunTime:0.006353s ]
INFO: [ view_parse ] --END-- [ RunTime:0.006394s ]
INFO: [ view_filter ] --START--
INFO: Run Behavior\WriteHtmlCacheBehavior [ RunTime:0.000178s ]
INFO: [ view_filter ] --END-- [ RunTime:0.000210s ]
INFO: [ app_end ] --START--
INFO: Run Behavior\ShowPageTraceBehavior [ RunTime:0.000420s ]
INFO: [ app_end ] --END-- [ RunTime:0.000453s ]

[ 2017-12-21T16:07:30+08:00 ] 180.173.192.37 /index.php/Admin/Product/add.html
INFO: [ app_init ] --START--
INFO: Run Behavior\BuildLiteBehavior [ RunTime:0.000013s ]
INFO: [ app_init ] --END-- [ RunTime:0.000305s ]
INFO: [ app_begin ] --START--
INFO: Run Behavior\ReadHtmlCacheBehavior [ RunTime:0.000396s ]
INFO: [ app_begin ] --END-- [ RunTime:0.000433s ]
SQL: SHOW COLUMNS FROM `yzs_log` [ RunTime:0.0006s ]
SQL: INSERT INTO `yzs_log` (`ctr`,`act`,`user_id`,`user_name`,`get`,`post`,`time`) VALUES ('Product','add','1','张中','','{\"type\":\"4\",\"name\":\"120\"}','1513843650') [ RunTime:0.0128s ]
SQL: SHOW COLUMNS FROM `yzs_month` [ RunTime:0.0004s ]
SQL: SELECT * FROM `yzs_month` WHERE ( month=120 ) LIMIT 1   [ RunTime:0.0002s ]
SQL: INSERT INTO `yzs_month` (`month`) VALUES ('120') [ RunTime:0.0044s ]

[ 2017-12-21T16:07:30+08:00 ] 180.173.192.37 /index.php/Admin/Product/wechat_update/type/4/page/2.html
INFO: [ app_init ] --START--
INFO: Run Behavior\BuildLiteBehavior [ RunTime:0.000011s ]
INFO: [ app_init ] --END-- [ RunTime:0.000296s ]
INFO: [ app_begin ] --START--
INFO: Run Behavior\ReadHtmlCacheBehavior [ RunTime:0.000398s ]
INFO: [ app_begin ] --END-- [ RunTime:0.000437s ]
SQL: SHOW COLUMNS FROM `yzs_log` [ RunTime:0.0005s ]
SQL: INSERT INTO `yzs_log` (`ctr`,`act`,`user_id`,`user_name`,`get`,`post`,`time`) VALUES ('Product','wechat_update','1','张中','{\"type\":\"4\",\"page\":\"2\"}','{\"type\":\"4\",\"name\":\"120\"}','1513843650') [ RunTime:0.0144s ]
INFO: [ view_parse ] --START--
INFO: [ template_filter ] --START--
INFO: Run Behavior\ContentReplaceBehavior [ RunTime:0.000041s ]
INFO: [ template_filter ] --END-- [ RunTime:0.000078s ]
INFO: Run Behavior\ParseTemplateBehavior [ RunTime:0.006001s ]
INFO: [ view_parse ] --END-- [ RunTime:0.006039s ]
INFO: [ view_filter ] --START--
INFO: Run Behavior\WriteHtmlCacheBehavior [ RunTime:0.000170s ]
INFO: [ view_filter ] --END-- [ RunTime:0.000202s ]
INFO: [ app_end ] --START--
INFO: Run Behavior\ShowPageTraceBehavior [ RunTime:0.000403s ]
INFO: [ app_end ] --END-- [ RunTime:0.000436s ]

[ 2017-12-21T16:07:31+08:00 ] 180.173.192.37 /index.php/Admin/Product/parameter_list_page.html
INFO: [ app_init ] --START--
INFO: Run Behavior\BuildLiteBehavior [ RunTime:0.000013s ]
INFO: [ app_init ] --END-- [ RunTime:0.000283s ]
INFO: [ app_begin ] --START--
INFO: Run Behavior\ReadHtmlCacheBehavior [ RunTime:0.000374s ]
INFO: [ app_begin ] --END-- [ RunTime:0.000411s ]
SQL: SHOW COLUMNS FROM `yzs_log` [ RunTime:0.0006s ]
SQL: INSERT INTO `yzs_log` (`ctr`,`act`,`user_id`,`user_name`,`get`,`post`,`time`) VALUES ('Product','parameter_list_page','1','张中','','{\"dj\":\"4\",\"page\":\"2\"}','1513843651') [ RunTime:0.0218s ]
SQL: SHOW COLUMNS FROM `yzs_month` [ RunTime:0.0004s ]
SQL: SELECT COUNT(*) AS tp_count FROM `yzs_month` LIMIT 1   [ RunTime:0.0002s ]
SQL: SELECT * FROM `yzs_month` ORDER BY CONVERT(month,SIGNED) LIMIT 10,10   [ RunTime:0.0002s ]
INFO: [ view_parse ] --START--
INFO: [ template_filter ] --START--
INFO: Run Behavior\ContentReplaceBehavior [ RunTime:0.000055s ]
INFO: [ template_filter ] --END-- [ RunTime:0.000090s ]
INFO: Run Behavior\ParseTemplateBehavior [ RunTime:0.009643s ]
INFO: [ view_parse ] --END-- [ RunTime:0.009681s ]
INFO: [ view_filter ] --START--
INFO: Run Behavior\WriteHtmlCacheBehavior [ RunTime:0.000171s ]
INFO: [ view_filter ] --END-- [ RunTime:0.000201s ]
INFO: [ app_end ] --START--
INFO: Run Behavior\ShowPageTraceBehavior [ RunTime:0.000417s ]
INFO: [ app_end ] --END-- [ RunTime:0.000449s ]

[ 2017-12-21T16:07:31+08:00 ] 180.173.192.37 /index.php/Admin/Product/parameter_list_page.html
INFO: [ app_init ] --START--
INFO: Run Behavior\BuildLiteBehavior [ RunTime:0.000010s ]
INFO: [ app_init ] --END-- [ RunTime:0.000272s ]
INFO: [ app_begin ] --START--
INFO: Run Behavior\ReadHtmlCacheBehavior [ RunTime:0.000370s ]
INFO: [ app_begin ] --END-- [ RunTime:0.000407s ]
SQL: SHOW COLUMNS FROM `yzs_log` [ RunTime:0.0005s ]
SQL: INSERT INTO `yzs_log` (`ctr`,`act`,`user_id`,`user_name`,`get`,`post`,`time`) VALUES ('Product','parameter_list_page','1','张中','','{\"dj\":\"4\",\"page\":\"2\"}','1513843651') [ RunTime:0.0119s ]
SQL: SHOW COLUMNS FROM `yzs_month` [ RunTime:0.0004s ]
SQL: SELECT COUNT(*) AS tp_count FROM `yzs_month` LIMIT 1   [ RunTime:0.0002s ]
SQL: SELECT * FROM `yzs_month` ORDER BY CONVERT(month,SIGNED) LIMIT 10,10   [ RunTime:0.0002s ]
INFO: [ view_parse ] --START--
INFO: [ template_filter ] --START--
INFO: Run Behavior\ContentReplaceBehavior [ RunTime:0.000053s ]
INFO: [ template_filter ] --END-- [ RunTime:0.000087s ]
INFO: Run Behavior\ParseTemplateBehavior [ RunTime:0.009525s ]
INFO: [ view_parse ] --END-- [ RunTime:0.009562s ]
INFO: [ view_filter ] --START--
INFO: Run Behavior\WriteHtmlCacheBehavior [ RunTime:0.000171s ]
INFO: [ view_filter ] --END-- [ RunTime:0.000201s ]
INFO: [ app_end ] --START--
INFO: Run Behavior\ShowPageTraceBehavior [ RunTime:0.000396s ]
INFO: [ app_end ] --END-- [ RunTime:0.000447s ]

[ 2017-12-21T16:07:31+08:00 ] 180.173.192.37 /index.php/Admin/Product/parameter_list_page.html
INFO: [ app_init ] --START--
INFO: Run Behavior\BuildLiteBehavior [ RunTime:0.000020s ]
INFO: [ app_init ] --END-- [ RunTime:0.000280s ]
INFO: [ app_begin ] --START--
INFO: Run Behavior\ReadHtmlCacheBehavior [ RunTime:0.000365s ]
INFO: [ app_begin ] --END-- [ RunTime:0.000414s ]
SQL: SHOW COLUMNS FROM `yzs_log` [ RunTime:0.0006s ]
SQL: INSERT INTO `yzs_log` (`ctr`,`act`,`user_id`,`user_name`,`get`,`post`,`time`) VALUES ('Product','parameter_list_page','1','张中','','{\"dj\":\"4\",\"page\":\"2\"}','1513843651') [ RunTime:0.0123s ]
SQL: SHOW COLUMNS FROM `yzs_month` [ RunTime:0.0004s ]
SQL: SELECT COUNT(*) AS tp_count FROM `yzs_month` LIMIT 1   [ RunTime:0.0001s ]
SQL: SELECT * FROM `yzs_month` ORDER BY CONVERT(month,SIGNED) LIMIT 10,10   [ RunTime:0.0002s ]
INFO: [ view_parse ] --START--
INFO: [ template_filter ] --START--
INFO: Run Behavior\ContentReplaceBehavior [ RunTime:0.000052s ]
INFO: [ template_filter ] --END-- [ RunTime:0.000088s ]
INFO: Run Behavior\ParseTemplateBehavior [ RunTime:0.009531s ]
INFO: [ view_parse ] --END-- [ RunTime:0.009568s ]
INFO: [ view_filter ] --START--
INFO: Run Behavior\WriteHtmlCacheBehavior [ RunTime:0.000189s ]
INFO: [ view_filter ] --END-- [ RunTime:0.000219s ]
INFO: [ app_end ] --START--
INFO: Run Behavior\ShowPageTraceBehavior [ RunTime:0.000400s ]
INFO: [ app_end ] --END-- [ RunTime:0.000433s ]

[ 2017-12-21T16:07:31+08:00 ] 180.173.192.37 /index.php/Admin/Product/parameter_list_page.html
INFO: [ app_init ] --START--
INFO: Run Behavior\BuildLiteBehavior [ RunTime:0.000012s ]
INFO: [ app_init ] --END-- [ RunTime:0.000287s ]
INFO: [ app_begin ] --START--
INFO: Run Behavior\ReadHtmlCacheBehavior [ RunTime:0.000366s ]
INFO: [ app_begin ] --END-- [ RunTime:0.000403s ]
SQL: SHOW COLUMNS FROM `yzs_log` [ RunTime:0.0005s ]
SQL: INSERT INTO `yzs_log` (`ctr`,`act`,`user_id`,`user_name`,`get`,`post`,`time`) VALUES ('Product','parameter_list_page','1','张中','','{\"dj\":\"4\",\"page\":\"2\"}','1513843651') [ RunTime:0.0322s ]
SQL: SHOW COLUMNS FROM `yzs_month` [ RunTime:0.0004s ]
SQL: SELECT COUNT(*) AS tp_count FROM `yzs_month` LIMIT 1   [ RunTime:0.0002s ]
SQL: SELECT * FROM `yzs_month` ORDER BY CONVERT(month,SIGNED) LIMIT 10,10   [ RunTime:0.0002s ]
INFO: [ view_parse ] --START--
INFO: [ template_filter ] --START--
INFO: Run Behavior\ContentReplaceBehavior [ RunTime:0.000053s ]
INFO: [ template_filter ] --END-- [ RunTime:0.000088s ]
INFO: Run Behavior\ParseTemplateBehavior [ RunTime:0.009547s ]
INFO: [ view_parse ] --END-- [ RunTime:0.009595s ]
INFO: [ view_filter ] --START--
INFO: Run Behavior\WriteHtmlCacheBehavior [ RunTime:0.000172s ]
INFO: [ view_filter ] --END-- [ RunTime:0.000204s ]
INFO: [ app_end ] --START--
INFO: Run Behavior\ShowPageTraceBehavior [ RunTime:0.000415s ]
INFO: [ app_end ] --END-- [ RunTime:0.000449s ]

[ 2017-12-21T16:07:32+08:00 ] 180.173.192.37 /index.php/Admin/Product/parameter_list_page.html
INFO: [ app_init ] --START--
INFO: Run Behavior\BuildLiteBehavior [ RunTime:0.000011s ]
INFO: [ app_init ] --END-- [ RunTime:0.000299s ]
INFO: [ app_begin ] --START--
INFO: Run Behavior\ReadHtmlCacheBehavior [ RunTime:0.000414s ]
INFO: [ app_begin ] --END-- [ RunTime:0.000450s ]
SQL: SHOW COLUMNS FROM `yzs_log` [ RunTime:0.0005s ]
SQL: INSERT INTO `yzs_log` (`ctr`,`act`,`user_id`,`user_name`,`get`,`post`,`time`) VALUES ('Product','parameter_list_page','1','张中','','{\"dj\":\"4\",\"page\":\"2\"}','1513843651') [ RunTime:0.0123s ]
SQL: SHOW COLUMNS FROM `yzs_month` [ RunTime:0.0004s ]
SQL: SELECT COUNT(*) AS tp_count FROM `yzs_month` LIMIT 1   [ RunTime:0.0001s ]
SQL: SELECT * FROM `yzs_month` ORDER BY CONVERT(month,SIGNED) LIMIT 10,10   [ RunTime:0.0002s ]
INFO: [ view_parse ] --START--
INFO: [ template_filter ] --START--
INFO: Run Behavior\ContentReplaceBehavior [ RunTime:0.000053s ]
INFO: [ template_filter ] --END-- [ RunTime:0.000088s ]
INFO: Run Behavior\ParseTemplateBehavior [ RunTime:0.009605s ]
INFO: [ view_parse ] --END-- [ RunTime:0.009643s ]
INFO: [ view_filter ] --START--
INFO: Run Behavior\WriteHtmlCacheBehavior [ RunTime:0.000194s ]
INFO: [ view_filter ] --END-- [ RunTime:0.000225s ]
INFO: [ app_end ] --START--
INFO: Run Behavior\ShowPageTraceBehavior [ RunTime:0.000400s ]
INFO: [ app_end ] --END-- [ RunTime:0.000432s ]

[ 2017-12-21T16:07:34+08:00 ] 180.173.192.37 /index.php/Admin/Product/parameter_list_page.html
INFO: [ app_init ] --START--
INFO: Run Behavior\BuildLiteBehavior [ RunTime:0.000014s ]
INFO: [ app_init ] --END-- [ RunTime:0.000285s ]
INFO: [ app_begin ] --START--
INFO: Run Behavior\ReadHtmlCacheBehavior [ RunTime:0.000371s ]
INFO: [ app_begin ] --END-- [ RunTime:0.000408s ]
SQL: SHOW COLUMNS FROM `yzs_log` [ RunTime:0.0006s ]
SQL: INSERT INTO `yzs_log` (`ctr`,`act`,`user_id`,`user_name`,`get`,`post`,`time`) VALUES ('Product','parameter_list_page','1','张中','','{\"page\":\"1\",\"dj\":\"4\"}','1513843654') [ RunTime:0.0121s ]
SQL: SHOW COLUMNS FROM `yzs_month` [ RunTime:0.0004s ]
SQL: SELECT COUNT(*) AS tp_count FROM `yzs_month` LIMIT 1   [ RunTime:0.0002s ]
SQL: SELECT * FROM `yzs_month` ORDER BY CONVERT(month,SIGNED) LIMIT 0,10   [ RunTime:0.0002s ]
INFO: [ view_parse ] --START--
INFO: [ template_filter ] --START--
INFO: Run Behavior\ContentReplaceBehavior [ RunTime:0.000049s ]
INFO: [ template_filter ] --END-- [ RunTime:0.000083s ]
INFO: Run Behavior\ParseTemplateBehavior [ RunTime:0.009535s ]
INFO: [ view_parse ] --END-- [ RunTime:0.009572s ]
INFO: [ view_filter ] --START--
INFO: Run Behavior\WriteHtmlCacheBehavior [ RunTime:0.000191s ]
INFO: [ view_filter ] --END-- [ RunTime:0.000222s ]
INFO: [ app_end ] --START--
INFO: Run Behavior\ShowPageTraceBehavior [ RunTime:0.000384s ]
INFO: [ app_end ] --END-- [ RunTime:0.000419s ]

[ 2017-12-21T17:28:02+08:00 ] 180.173.192.37 /index.php/Admin/Login/img_code.html?59992
INFO: [ app_init ] --START--
INFO: Run Behavior\BuildLiteBehavior [ RunTime:0.000012s ]
INFO: [ app_init ] --END-- [ RunTime:0.000325s ]
INFO: [ app_begin ] --START--
INFO: Run Behavior\ReadHtmlCacheBehavior [ RunTime:0.000425s ]
INFO: [ app_begin ] --END-- [ RunTime:0.000465s ]
INFO: [ app_end ] --START--
INFO: Run Behavior\ShowPageTraceBehavior [ RunTime:0.000481s ]
INFO: [ app_end ] --END-- [ RunTime:0.000525s ]

[ 2017-12-21T18:15:08+08:00 ] 180.173.192.37 /index.php/Admin/Login/img_code.html?11757
INFO: [ app_init ] --START--
INFO: Run Behavior\BuildLiteBehavior [ RunTime:0.000013s ]
INFO: [ app_init ] --END-- [ RunTime:0.000303s ]
INFO: [ app_begin ] --START--
INFO: Run Behavior\ReadHtmlCacheBehavior [ RunTime:0.000398s ]
INFO: [ app_begin ] --END-- [ RunTime:0.000437s ]
INFO: [ app_end ] --START--
INFO: Run Behavior\ShowPageTraceBehavior [ RunTime:0.000430s ]
INFO: [ app_end ] --END-- [ RunTime:0.000477s ]

