[ 2017-12-29T15:37:52+08:00 ] 116.226.228.2 /index.php/Admin/System/admin_list.html
INFO: [ app_init ] --START--
INFO: Run Behavior\BuildLiteBehavior [ RunTime:0.000015s ]
INFO: [ app_init ] --END-- [ RunTime:0.000464s ]
INFO: [ app_begin ] --START--
INFO: Run Behavior\ReadHtmlCacheBehavior [ RunTime:0.000590s ]
INFO: [ app_begin ] --END-- [ RunTime:0.000651s ]
SQL: SHOW COLUMNS FROM `yzs_log` [ RunTime:0.0006s ]
SQL: INSERT INTO `yzs_log` (`ctr`,`act`,`user_id`,`user_name`,`get`,`post`,`time`) VALUES ('System','admin_list','3','will','','','1514533072') [ RunTime:0.0128s ]
NOTIC: [8] Undefined index: name /home/wwwroot/cesi3.0.zhiyujinrong.com/Application/Admin/Controller/SystemController.class.php 第 252 行.
SQL: SHOW COLUMNS FROM `yzs_admin_users` [ RunTime:0.0007s ]
SQL: SELECT COUNT(*) AS tp_count FROM `yzs_admin_users` LIMIT 1   [ RunTime:0.0002s ]
SQL: SELECT * FROM `yzs_admin_users` WHERE ( 1 ) ORDER BY rank LIMIT 0,20   [ RunTime:0.0003s ]
NOTIC: [2] date() expects parameter 2 to be long, string given /home/wwwroot/cesi3.0.zhiyujinrong.com/Application/Admin/Controller/SystemController.class.php 第 274 行.
SQL: SELECT `name` FROM `yzs_admin_users` WHERE ( id=0 ) LIMIT 1   [ RunTime:0.0001s ]
SQL: SHOW COLUMNS FROM `yzs_rank` [ RunTime:0.0003s ]
SQL: SELECT `rank` FROM `yzs_rank` WHERE ( id=1 ) LIMIT 1   [ RunTime:0.0002s ]
SQL: SELECT `name` FROM `yzs_admin_users` WHERE ( id=0 ) LIMIT 1   [ RunTime:0.0001s ]
SQL: SELECT `rank` FROM `yzs_rank` WHERE ( id=1 ) LIMIT 1   [ RunTime:0.0001s ]
SQL: SELECT `name` FROM `yzs_admin_users` WHERE ( id=3 ) LIMIT 1   [ RunTime:0.0001s ]
SQL: SELECT `rank` FROM `yzs_rank` WHERE ( id=2 ) LIMIT 1   [ RunTime:0.0001s ]
SQL: SHOW COLUMNS FROM `yzs_territory` [ RunTime:0.0004s ]
SQL: SELECT `name` FROM `yzs_territory` WHERE ( id=2 ) LIMIT 1   [ RunTime:0.0001s ]
NOTIC: [2] date() expects parameter 2 to be long, string given /home/wwwroot/cesi3.0.zhiyujinrong.com/Application/Admin/Controller/SystemController.class.php 第 274 行.
SQL: SELECT `name` FROM `yzs_admin_users` WHERE ( id=3 ) LIMIT 1   [ RunTime:0.0001s ]
SQL: SELECT `rank` FROM `yzs_rank` WHERE ( id=3 ) LIMIT 1   [ RunTime:0.0001s ]
SQL: SELECT `name` FROM `yzs_territory` WHERE ( id=1 ) LIMIT 1   [ RunTime:0.0001s ]
NOTIC: [2] date() expects parameter 2 to be long, string given /home/wwwroot/cesi3.0.zhiyujinrong.com/Application/Admin/Controller/SystemController.class.php 第 275 行.
SQL: SELECT `name` FROM `yzs_admin_users` WHERE ( id=1 ) LIMIT 1   [ RunTime:0.0001s ]
SQL: SELECT `rank` FROM `yzs_rank` WHERE ( id=6 ) LIMIT 1   [ RunTime:0.0001s ]
SQL: SELECT `name` FROM `yzs_territory` WHERE ( id=7 ) LIMIT 1   [ RunTime:0.0001s ]
NOTIC: [2] date() expects parameter 2 to be long, string given /home/wwwroot/cesi3.0.zhiyujinrong.com/Application/Admin/Controller/SystemController.class.php 第 275 行.
SQL: SELECT `name` FROM `yzs_admin_users` WHERE ( id=1 ) LIMIT 1   [ RunTime:0.0001s ]
SQL: SELECT `rank` FROM `yzs_rank` WHERE ( id=6 ) LIMIT 1   [ RunTime:0.0001s ]
SQL: SELECT `name` FROM `yzs_territory` WHERE ( id=1 ) LIMIT 1   [ RunTime:0.0001s ]
INFO: [ view_parse ] --START--
INFO: [ template_filter ] --START--
INFO: Run Behavior\ContentReplaceBehavior [ RunTime:0.000052s ]
INFO: [ template_filter ] --END-- [ RunTime:0.000093s ]
INFO: Run Behavior\ParseTemplateBehavior [ RunTime:0.009180s ]
INFO: [ view_parse ] --END-- [ RunTime:0.009221s ]
INFO: [ view_filter ] --START--
INFO: Run Behavior\WriteHtmlCacheBehavior [ RunTime:0.000175s ]
INFO: [ view_filter ] --END-- [ RunTime:0.000208s ]
INFO: [ app_end ] --START--
INFO: Run Behavior\ShowPageTraceBehavior [ RunTime:0.000414s ]
INFO: [ app_end ] --END-- [ RunTime:0.000450s ]

[ 2017-12-29T15:37:52+08:00 ] 116.226.228.2 /index.php/Admin/Product/img_url.html
INFO: [ app_init ] --START--
INFO: Run Behavior\BuildLiteBehavior [ RunTime:0.000012s ]
INFO: [ app_init ] --END-- [ RunTime:0.000302s ]
INFO: [ app_begin ] --START--
INFO: Run Behavior\ReadHtmlCacheBehavior [ RunTime:0.000389s ]
INFO: [ app_begin ] --END-- [ RunTime:0.000426s ]
SQL: SHOW COLUMNS FROM `yzs_log` [ RunTime:0.0007s ]
SQL: INSERT INTO `yzs_log` (`ctr`,`act`,`user_id`,`user_name`,`get`,`post`,`time`) VALUES ('Product','img_url','3','will','','{\"data\":\"10\"}','1514533072') [ RunTime:0.0056s ]
SQL: SHOW COLUMNS FROM `yzs_product` [ RunTime:0.0011s ]
SQL: SELECT * FROM `yzs_product` WHERE ( id=10 ) LIMIT 1   [ RunTime:0.0003s ]

[ 2017-12-29T15:37:54+08:00 ] 116.226.228.2 /index.php/Admin/Product/roasting.html
INFO: [ app_init ] --START--
INFO: Run Behavior\BuildLiteBehavior [ RunTime:0.000013s ]
INFO: [ app_init ] --END-- [ RunTime:0.000291s ]
INFO: [ app_begin ] --START--
INFO: Run Behavior\ReadHtmlCacheBehavior [ RunTime:0.000401s ]
INFO: [ app_begin ] --END-- [ RunTime:0.000441s ]
SQL: SHOW COLUMNS FROM `yzs_log` [ RunTime:0.0007s ]
SQL: INSERT INTO `yzs_log` (`ctr`,`act`,`user_id`,`user_name`,`get`,`post`,`time`) VALUES ('Product','roasting','3','will','','','1514533074') [ RunTime:0.0140s ]
NOTIC: [8] Undefined index: name /home/wwwroot/cesi3.0.zhiyujinrong.com/Application/Admin/Controller/ProductController.class.php 第 1579 行.
NOTIC: [8] Undefined index: menu /home/wwwroot/cesi3.0.zhiyujinrong.com/Application/Admin/Controller/ProductController.class.php 第 1580 行.
NOTIC: [8] Undefined index: name /home/wwwroot/cesi3.0.zhiyujinrong.com/Application/Admin/Controller/ProductController.class.php 第 1582 行.
SQL: select r.id,r.p_id,p.name,p.img_roasting,p.banks,p.img_url from yzs_roasting r, yzs_product p where p.id=r.p_id and 1 [ RunTime:0.0003s ]
SQL: select * from yzs_product where id not in(select distinct(p_id) from yzs_roasting where p_id!='0') and img_roasting != '' [ RunTime:0.0005s ]
INFO: [ view_parse ] --START--
INFO: [ template_filter ] --START--
INFO: Run Behavior\ContentReplaceBehavior [ RunTime:0.000111s ]
INFO: [ template_filter ] --END-- [ RunTime:0.000151s ]
NOTIC: [8] Undefined index: code /home/wwwroot/cesi3.0.zhiyujinrong.com/Application/Runtime/Cache/Admin/8811399cceac5a326d276ce653a36b76.php 第 92 行.
NOTIC: [8] Undefined index: source /home/wwwroot/cesi3.0.zhiyujinrong.com/Application/Runtime/Cache/Admin/8811399cceac5a326d276ce653a36b76.php 第 94 行.
NOTIC: [8] Undefined index: city /home/wwwroot/cesi3.0.zhiyujinrong.com/Application/Runtime/Cache/Admin/8811399cceac5a326d276ce653a36b76.php 第 99 行.
NOTIC: [8] Undefined index: min_money /home/wwwroot/cesi3.0.zhiyujinrong.com/Application/Runtime/Cache/Admin/8811399cceac5a326d276ce653a36b76.php 第 100 行.
NOTIC: [8] Undefined index: max_money /home/wwwroot/cesi3.0.zhiyujinrong.com/Application/Runtime/Cache/Admin/8811399cceac5a326d276ce653a36b76.php 第 101 行.
NOTIC: [8] Undefined index: add_time /home/wwwroot/cesi3.0.zhiyujinrong.com/Application/Runtime/Cache/Admin/8811399cceac5a326d276ce653a36b76.php 第 102 行.
NOTIC: [8] Undefined index: state /home/wwwroot/cesi3.0.zhiyujinrong.com/Application/Runtime/Cache/Admin/8811399cceac5a326d276ce653a36b76.php 第 103 行.
NOTIC: [8] Undefined index: enter_time /home/wwwroot/cesi3.0.zhiyujinrong.com/Application/Runtime/Cache/Admin/8811399cceac5a326d276ce653a36b76.php 第 104 行.
NOTIC: [8] Undefined index: enter_ip /home/wwwroot/cesi3.0.zhiyujinrong.com/Application/Runtime/Cache/Admin/8811399cceac5a326d276ce653a36b76.php 第 105 行.
NOTIC: [8] Undefined index: delete /home/wwwroot/cesi3.0.zhiyujinrong.com/Application/Runtime/Cache/Admin/8811399cceac5a326d276ce653a36b76.php 第 110 行.
NOTIC: [8] Undefined index: menu /home/wwwroot/cesi3.0.zhiyujinrong.com/Application/Runtime/Cache/Admin/8811399cceac5a326d276ce653a36b76.php 第 110 行.
NOTIC: [8] Undefined index: code /home/wwwroot/cesi3.0.zhiyujinrong.com/Application/Runtime/Cache/Admin/8811399cceac5a326d276ce653a36b76.php 第 92 行.
NOTIC: [8] Undefined index: source /home/wwwroot/cesi3.0.zhiyujinrong.com/Application/Runtime/Cache/Admin/8811399cceac5a326d276ce653a36b76.php 第 94 行.
NOTIC: [8] Undefined index: city /home/wwwroot/cesi3.0.zhiyujinrong.com/Application/Runtime/Cache/Admin/8811399cceac5a326d276ce653a36b76.php 第 99 行.
NOTIC: [8] Undefined index: min_money /home/wwwroot/cesi3.0.zhiyujinrong.com/Application/Runtime/Cache/Admin/8811399cceac5a326d276ce653a36b76.php 第 100 行.
NOTIC: [8] Undefined index: max_money /home/wwwroot/cesi3.0.zhiyujinrong.com/Application/Runtime/Cache/Admin/8811399cceac5a326d276ce653a36b76.php 第 101 行.
NOTIC: [8] Undefined index: add_time /home/wwwroot/cesi3.0.zhiyujinrong.com/Application/Runtime/Cache/Admin/8811399cceac5a326d276ce653a36b76.php 第 102 行.
NOTIC: [8] Undefined index: state /home/wwwroot/cesi3.0.zhiyujinrong.com/Application/Runtime/Cache/Admin/8811399cceac5a326d276ce653a36b76.php 第 103 行.
NOTIC: [8] Undefined index: enter_time /home/wwwroot/cesi3.0.zhiyujinrong.com/Application/Runtime/Cache/Admin/8811399cceac5a326d276ce653a36b76.php 第 104 行.
NOTIC: [8] Undefined index: enter_ip /home/wwwroot/cesi3.0.zhiyujinrong.com/Application/Runtime/Cache/Admin/8811399cceac5a326d276ce653a36b76.php 第 105 行.
NOTIC: [8] Undefined index: delete /home/wwwroot/cesi3.0.zhiyujinrong.com/Application/Runtime/Cache/Admin/8811399cceac5a326d276ce653a36b76.php 第 110 行.
NOTIC: [8] Undefined index: menu /home/wwwroot/cesi3.0.zhiyujinrong.com/Application/Runtime/Cache/Admin/8811399cceac5a326d276ce653a36b76.php 第 110 行.
NOTIC: [8] Undefined index: code /home/wwwroot/cesi3.0.zhiyujinrong.com/Application/Runtime/Cache/Admin/8811399cceac5a326d276ce653a36b76.php 第 92 行.
NOTIC: [8] Undefined index: source /home/wwwroot/cesi3.0.zhiyujinrong.com/Application/Runtime/Cache/Admin/8811399cceac5a326d276ce653a36b76.php 第 94 行.
NOTIC: [8] Undefined index: city /home/wwwroot/cesi3.0.zhiyujinrong.com/Application/Runtime/Cache/Admin/8811399cceac5a326d276ce653a36b76.php 第 99 行.
NOTIC: [8] Undefined index: min_money /home/wwwroot/cesi3.0.zhiyujinrong.com/Application/Runtime/Cache/Admin/8811399cceac5a326d276ce653a36b76.php 第 100 行.
NOTIC: [8] Undefined index: max_money /home/wwwroot/cesi3.0.zhiyujinrong.com/Application/Runtime/Cache/Admin/8811399cceac5a326d276ce653a36b76.php 第 101 行.
NOTIC: [8] Undefined index: add_time /home/wwwroot/cesi3.0.zhiyujinrong.com/Application/Runtime/Cache/Admin/8811399cceac5a326d276ce653a36b76.php 第 102 行.
NOTIC: [8] Undefined index: state /home/wwwroot/cesi3.0.zhiyujinrong.com/Application/Runtime/Cache/Admin/8811399cceac5a326d276ce653a36b76.php 第 103 行.
NOTIC: [8] Undefined index: enter_time /home/wwwroot/cesi3.0.zhiyujinrong.com/Application/Runtime/Cache/Admin/8811399cceac5a326d276ce653a36b76.php 第 104 行.
NOTIC: [8] Undefined index: enter_ip /home/wwwroot/cesi3.0.zhiyujinrong.com/Application/Runtime/Cache/Admin/8811399cceac5a326d276ce653a36b76.php 第 105 行.
NOTIC: [8] Undefined index: delete /home/wwwroot/cesi3.0.zhiyujinrong.com/Application/Runtime/Cache/Admin/8811399cceac5a326d276ce653a36b76.php 第 110 行.
NOTIC: [8] Undefined index: menu /home/wwwroot/cesi3.0.zhiyujinrong.com/Application/Runtime/Cache/Admin/8811399cceac5a326d276ce653a36b76.php 第 110 行.
NOTIC: [8] Undefined variable: product /home/wwwroot/cesi3.0.zhiyujinrong.com/Application/Runtime/Cache/Admin/8811399cceac5a326d276ce653a36b76.php 第 131 行.
NOTIC: [8] Undefined variable: page_number /home/wwwroot/cesi3.0.zhiyujinrong.com/Application/Runtime/Cache/Admin/8811399cceac5a326d276ce653a36b76.php 第 158 行.
NOTIC: [8] Undefined variable: page_number /home/wwwroot/cesi3.0.zhiyujinrong.com/Application/Runtime/Cache/Admin/8811399cceac5a326d276ce653a36b76.php 第 158 行.
NOTIC: [8] Undefined variable: page_number /home/wwwroot/cesi3.0.zhiyujinrong.com/Application/Runtime/Cache/Admin/8811399cceac5a326d276ce653a36b76.php 第 159 行.
NOTIC: [8] Undefined variable: page_number /home/wwwroot/cesi3.0.zhiyujinrong.com/Application/Runtime/Cache/Admin/8811399cceac5a326d276ce653a36b76.php 第 162 行.
NOTIC: [8] Undefined variable: page_number /home/wwwroot/cesi3.0.zhiyujinrong.com/Application/Runtime/Cache/Admin/8811399cceac5a326d276ce653a36b76.php 第 175 行.
NOTIC: [8] Undefined variable: page_number /home/wwwroot/cesi3.0.zhiyujinrong.com/Application/Runtime/Cache/Admin/8811399cceac5a326d276ce653a36b76.php 第 178 行.
NOTIC: [8] Undefined variable: page_number /home/wwwroot/cesi3.0.zhiyujinrong.com/Application/Runtime/Cache/Admin/8811399cceac5a326d276ce653a36b76.php 第 178 行.
INFO: Run Behavior\ParseTemplateBehavior [ RunTime:0.015822s ]
INFO: [ view_parse ] --END-- [ RunTime:0.015859s ]
INFO: [ view_filter ] --START--
INFO: Run Behavior\WriteHtmlCacheBehavior [ RunTime:0.000177s ]
INFO: [ view_filter ] --END-- [ RunTime:0.000209s ]
INFO: [ app_end ] --START--
INFO: Run Behavior\ShowPageTraceBehavior [ RunTime:0.000422s ]
INFO: [ app_end ] --END-- [ RunTime:0.000470s ]

[ 2017-12-29T15:37:55+08:00 ] 116.226.228.2 /index.php/Admin/Product/present_activity.html
INFO: [ app_init ] --START--
INFO: Run Behavior\BuildLiteBehavior [ RunTime:0.000014s ]
INFO: [ app_init ] --END-- [ RunTime:0.000288s ]
INFO: [ app_begin ] --START--
INFO: Run Behavior\ReadHtmlCacheBehavior [ RunTime:0.000391s ]
INFO: [ app_begin ] --END-- [ RunTime:0.000429s ]
SQL: SHOW COLUMNS FROM `yzs_log` [ RunTime:0.0008s ]
SQL: INSERT INTO `yzs_log` (`ctr`,`act`,`user_id`,`user_name`,`get`,`post`,`time`) VALUES ('Product','present_activity','3','will','','{\"data\":\"157\"}','1514533075') [ RunTime:0.0128s ]
SQL: SHOW COLUMNS FROM `yzs_product` [ RunTime:0.0012s ]
SQL: select * from yzs_product where id not in(select distinct(p_id) from yzs_roasting where p_id!='0' ORDER BY img_roasting DESC) [ RunTime:0.0005s ]

[ 2017-12-29T15:37:56+08:00 ] 116.226.228.2 /index.php/Admin/Product/roasting.html
INFO: [ app_init ] --START--
INFO: Run Behavior\BuildLiteBehavior [ RunTime:0.000013s ]
INFO: [ app_init ] --END-- [ RunTime:0.000307s ]
INFO: [ app_begin ] --START--
INFO: Run Behavior\ReadHtmlCacheBehavior [ RunTime:0.000377s ]
INFO: [ app_begin ] --END-- [ RunTime:0.000419s ]
SQL: SHOW COLUMNS FROM `yzs_log` [ RunTime:0.0007s ]
SQL: INSERT INTO `yzs_log` (`ctr`,`act`,`user_id`,`user_name`,`get`,`post`,`time`) VALUES ('Product','roasting','3','will','','','1514533076') [ RunTime:0.0142s ]
NOTIC: [8] Undefined index: name /home/wwwroot/cesi3.0.zhiyujinrong.com/Application/Admin/Controller/ProductController.class.php 第 1579 行.
NOTIC: [8] Undefined index: menu /home/wwwroot/cesi3.0.zhiyujinrong.com/Application/Admin/Controller/ProductController.class.php 第 1580 行.
NOTIC: [8] Undefined index: name /home/wwwroot/cesi3.0.zhiyujinrong.com/Application/Admin/Controller/ProductController.class.php 第 1582 行.
SQL: select r.id,r.p_id,p.name,p.img_roasting,p.banks,p.img_url from yzs_roasting r, yzs_product p where p.id=r.p_id and 1 [ RunTime:0.0003s ]
SQL: select * from yzs_product where id not in(select distinct(p_id) from yzs_roasting where p_id!='0') and img_roasting != '' [ RunTime:0.0006s ]
INFO: [ view_parse ] --START--
INFO: [ template_filter ] --START--
INFO: Run Behavior\ContentReplaceBehavior [ RunTime:0.000101s ]
INFO: [ template_filter ] --END-- [ RunTime:0.000144s ]
NOTIC: [8] Undefined index: code /home/wwwroot/cesi3.0.zhiyujinrong.com/Application/Runtime/Cache/Admin/8811399cceac5a326d276ce653a36b76.php 第 92 行.
NOTIC: [8] Undefined index: source /home/wwwroot/cesi3.0.zhiyujinrong.com/Application/Runtime/Cache/Admin/8811399cceac5a326d276ce653a36b76.php 第 94 行.
NOTIC: [8] Undefined index: city /home/wwwroot/cesi3.0.zhiyujinrong.com/Application/Runtime/Cache/Admin/8811399cceac5a326d276ce653a36b76.php 第 99 行.
NOTIC: [8] Undefined index: min_money /home/wwwroot/cesi3.0.zhiyujinrong.com/Application/Runtime/Cache/Admin/8811399cceac5a326d276ce653a36b76.php 第 100 行.
NOTIC: [8] Undefined index: max_money /home/wwwroot/cesi3.0.zhiyujinrong.com/Application/Runtime/Cache/Admin/8811399cceac5a326d276ce653a36b76.php 第 101 行.
NOTIC: [8] Undefined index: add_time /home/wwwroot/cesi3.0.zhiyujinrong.com/Application/Runtime/Cache/Admin/8811399cceac5a326d276ce653a36b76.php 第 102 行.
NOTIC: [8] Undefined index: state /home/wwwroot/cesi3.0.zhiyujinrong.com/Application/Runtime/Cache/Admin/8811399cceac5a326d276ce653a36b76.php 第 103 行.
NOTIC: [8] Undefined index: enter_time /home/wwwroot/cesi3.0.zhiyujinrong.com/Application/Runtime/Cache/Admin/8811399cceac5a326d276ce653a36b76.php 第 104 行.
NOTIC: [8] Undefined index: enter_ip /home/wwwroot/cesi3.0.zhiyujinrong.com/Application/Runtime/Cache/Admin/8811399cceac5a326d276ce653a36b76.php 第 105 行.
NOTIC: [8] Undefined index: delete /home/wwwroot/cesi3.0.zhiyujinrong.com/Application/Runtime/Cache/Admin/8811399cceac5a326d276ce653a36b76.php 第 110 行.
NOTIC: [8] Undefined index: menu /home/wwwroot/cesi3.0.zhiyujinrong.com/Application/Runtime/Cache/Admin/8811399cceac5a326d276ce653a36b76.php 第 110 行.
NOTIC: [8] Undefined index: code /home/wwwroot/cesi3.0.zhiyujinrong.com/Application/Runtime/Cache/Admin/8811399cceac5a326d276ce653a36b76.php 第 92 行.
NOTIC: [8] Undefined index: source /home/wwwroot/cesi3.0.zhiyujinrong.com/Application/Runtime/Cache/Admin/8811399cceac5a326d276ce653a36b76.php 第 94 行.
NOTIC: [8] Undefined index: city /home/wwwroot/cesi3.0.zhiyujinrong.com/Application/Runtime/Cache/Admin/8811399cceac5a326d276ce653a36b76.php 第 99 行.
NOTIC: [8] Undefined index: min_money /home/wwwroot/cesi3.0.zhiyujinrong.com/Application/Runtime/Cache/Admin/8811399cceac5a326d276ce653a36b76.php 第 100 行.
NOTIC: [8] Undefined index: max_money /home/wwwroot/cesi3.0.zhiyujinrong.com/Application/Runtime/Cache/Admin/8811399cceac5a326d276ce653a36b76.php 第 101 行.
NOTIC: [8] Undefined index: add_time /home/wwwroot/cesi3.0.zhiyujinrong.com/Application/Runtime/Cache/Admin/8811399cceac5a326d276ce653a36b76.php 第 102 行.
NOTIC: [8] Undefined index: state /home/wwwroot/cesi3.0.zhiyujinrong.com/Application/Runtime/Cache/Admin/8811399cceac5a326d276ce653a36b76.php 第 103 行.
NOTIC: [8] Undefined index: enter_time /home/wwwroot/cesi3.0.zhiyujinrong.com/Application/Runtime/Cache/Admin/8811399cceac5a326d276ce653a36b76.php 第 104 行.
NOTIC: [8] Undefined index: enter_ip /home/wwwroot/cesi3.0.zhiyujinrong.com/Application/Runtime/Cache/Admin/8811399cceac5a326d276ce653a36b76.php 第 105 行.
NOTIC: [8] Undefined index: delete /home/wwwroot/cesi3.0.zhiyujinrong.com/Application/Runtime/Cache/Admin/8811399cceac5a326d276ce653a36b76.php 第 110 行.
NOTIC: [8] Undefined index: menu /home/wwwroot/cesi3.0.zhiyujinrong.com/Application/Runtime/Cache/Admin/8811399cceac5a326d276ce653a36b76.php 第 110 行.
NOTIC: [8] Undefined index: code /home/wwwroot/cesi3.0.zhiyujinrong.com/Application/Runtime/Cache/Admin/8811399cceac5a326d276ce653a36b76.php 第 92 行.
NOTIC: [8] Undefined index: source /home/wwwroot/cesi3.0.zhiyujinrong.com/Application/Runtime/Cache/Admin/8811399cceac5a326d276ce653a36b76.php 第 94 行.
NOTIC: [8] Undefined index: city /home/wwwroot/cesi3.0.zhiyujinrong.com/Application/Runtime/Cache/Admin/8811399cceac5a326d276ce653a36b76.php 第 99 行.
NOTIC: [8] Undefined index: min_money /home/wwwroot/cesi3.0.zhiyujinrong.com/Application/Runtime/Cache/Admin/8811399cceac5a326d276ce653a36b76.php 第 100 行.
NOTIC: [8] Undefined index: max_money /home/wwwroot/cesi3.0.zhiyujinrong.com/Application/Runtime/Cache/Admin/8811399cceac5a326d276ce653a36b76.php 第 101 行.
NOTIC: [8] Undefined index: add_time /home/wwwroot/cesi3.0.zhiyujinrong.com/Application/Runtime/Cache/Admin/8811399cceac5a326d276ce653a36b76.php 第 102 行.
NOTIC: [8] Undefined index: state /home/wwwroot/cesi3.0.zhiyujinrong.com/Application/Runtime/Cache/Admin/8811399cceac5a326d276ce653a36b76.php 第 103 行.
NOTIC: [8] Undefined index: enter_time /home/wwwroot/cesi3.0.zhiyujinrong.com/Application/Runtime/Cache/Admin/8811399cceac5a326d276ce653a36b76.php 第 104 行.
NOTIC: [8] Undefined index: enter_ip /home/wwwroot/cesi3.0.zhiyujinrong.com/Application/Runtime/Cache/Admin/8811399cceac5a326d276ce653a36b76.php 第 105 行.
NOTIC: [8] Undefined index: delete /home/wwwroot/cesi3.0.zhiyujinrong.com/Application/Runtime/Cache/Admin/8811399cceac5a326d276ce653a36b76.php 第 110 行.
NOTIC: [8] Undefined index: menu /home/wwwroot/cesi3.0.zhiyujinrong.com/Application/Runtime/Cache/Admin/8811399cceac5a326d276ce653a36b76.php 第 110 行.
NOTIC: [8] Undefined variable: product /home/wwwroot/cesi3.0.zhiyujinrong.com/Application/Runtime/Cache/Admin/8811399cceac5a326d276ce653a36b76.php 第 131 行.
NOTIC: [8] Undefined variable: page_number /home/wwwroot/cesi3.0.zhiyujinrong.com/Application/Runtime/Cache/Admin/8811399cceac5a326d276ce653a36b76.php 第 158 行.
NOTIC: [8] Undefined variable: page_number /home/wwwroot/cesi3.0.zhiyujinrong.com/Application/Runtime/Cache/Admin/8811399cceac5a326d276ce653a36b76.php 第 158 行.
NOTIC: [8] Undefined variable: page_number /home/wwwroot/cesi3.0.zhiyujinrong.com/Application/Runtime/Cache/Admin/8811399cceac5a326d276ce653a36b76.php 第 159 行.
NOTIC: [8] Undefined variable: page_number /home/wwwroot/cesi3.0.zhiyujinrong.com/Application/Runtime/Cache/Admin/8811399cceac5a326d276ce653a36b76.php 第 162 行.
NOTIC: [8] Undefined variable: page_number /home/wwwroot/cesi3.0.zhiyujinrong.com/Application/Runtime/Cache/Admin/8811399cceac5a326d276ce653a36b76.php 第 175 行.
NOTIC: [8] Undefined variable: page_number /home/wwwroot/cesi3.0.zhiyujinrong.com/Application/Runtime/Cache/Admin/8811399cceac5a326d276ce653a36b76.php 第 178 行.
NOTIC: [8] Undefined variable: page_number /home/wwwroot/cesi3.0.zhiyujinrong.com/Application/Runtime/Cache/Admin/8811399cceac5a326d276ce653a36b76.php 第 178 行.
INFO: Run Behavior\ParseTemplateBehavior [ RunTime:0.016959s ]
INFO: [ view_parse ] --END-- [ RunTime:0.017006s ]
INFO: [ view_filter ] --START--
INFO: Run Behavior\WriteHtmlCacheBehavior [ RunTime:0.000223s ]
INFO: [ view_filter ] --END-- [ RunTime:0.000272s ]
INFO: [ app_end ] --START--
INFO: Run Behavior\ShowPageTraceBehavior [ RunTime:0.000436s ]
INFO: [ app_end ] --END-- [ RunTime:0.000484s ]

[ 2017-12-29T15:37:57+08:00 ] 116.226.228.2 /index.php/Admin/Product/present_activity.html
INFO: [ app_init ] --START--
INFO: Run Behavior\BuildLiteBehavior [ RunTime:0.000013s ]
INFO: [ app_init ] --END-- [ RunTime:0.000339s ]
INFO: [ app_begin ] --START--
INFO: Run Behavior\ReadHtmlCacheBehavior [ RunTime:0.000384s ]
INFO: [ app_begin ] --END-- [ RunTime:0.000423s ]
SQL: SHOW COLUMNS FROM `yzs_log` [ RunTime:0.0007s ]
SQL: INSERT INTO `yzs_log` (`ctr`,`act`,`user_id`,`user_name`,`get`,`post`,`time`) VALUES ('Product','present_activity','3','will','','{\"data\":\"161\"}','1514533077') [ RunTime:0.0147s ]
SQL: SHOW COLUMNS FROM `yzs_product` [ RunTime:0.0012s ]
SQL: select * from yzs_product where id not in(select distinct(p_id) from yzs_roasting where p_id!='0' ORDER BY img_roasting DESC) [ RunTime:0.0006s ]

[ 2017-12-29T15:37:58+08:00 ] 116.226.228.2 /index.php/Admin/Product/roasting.html
INFO: [ app_init ] --START--
INFO: Run Behavior\BuildLiteBehavior [ RunTime:0.000013s ]
INFO: [ app_init ] --END-- [ RunTime:0.000306s ]
INFO: [ app_begin ] --START--
INFO: Run Behavior\ReadHtmlCacheBehavior [ RunTime:0.000381s ]
INFO: [ app_begin ] --END-- [ RunTime:0.000426s ]
SQL: SHOW COLUMNS FROM `yzs_log` [ RunTime:0.0007s ]
SQL: INSERT INTO `yzs_log` (`ctr`,`act`,`user_id`,`user_name`,`get`,`post`,`time`) VALUES ('Product','roasting','3','will','','','1514533078') [ RunTime:0.0056s ]
NOTIC: [8] Undefined index: name /home/wwwroot/cesi3.0.zhiyujinrong.com/Application/Admin/Controller/ProductController.class.php 第 1579 行.
NOTIC: [8] Undefined index: menu /home/wwwroot/cesi3.0.zhiyujinrong.com/Application/Admin/Controller/ProductController.class.php 第 1580 行.
NOTIC: [8] Undefined index: name /home/wwwroot/cesi3.0.zhiyujinrong.com/Application/Admin/Controller/ProductController.class.php 第 1582 行.
SQL: select r.id,r.p_id,p.name,p.img_roasting,p.banks,p.img_url from yzs_roasting r, yzs_product p where p.id=r.p_id and 1 [ RunTime:0.0003s ]
SQL: select * from yzs_product where id not in(select distinct(p_id) from yzs_roasting where p_id!='0') and img_roasting != '' [ RunTime:0.0005s ]
INFO: [ view_parse ] --START--
INFO: [ template_filter ] --START--
INFO: Run Behavior\ContentReplaceBehavior [ RunTime:0.000097s ]
INFO: [ template_filter ] --END-- [ RunTime:0.000138s ]
NOTIC: [8] Undefined index: code /home/wwwroot/cesi3.0.zhiyujinrong.com/Application/Runtime/Cache/Admin/8811399cceac5a326d276ce653a36b76.php 第 92 行.
NOTIC: [8] Undefined index: source /home/wwwroot/cesi3.0.zhiyujinrong.com/Application/Runtime/Cache/Admin/8811399cceac5a326d276ce653a36b76.php 第 94 行.
NOTIC: [8] Undefined index: city /home/wwwroot/cesi3.0.zhiyujinrong.com/Application/Runtime/Cache/Admin/8811399cceac5a326d276ce653a36b76.php 第 99 行.
NOTIC: [8] Undefined index: min_money /home/wwwroot/cesi3.0.zhiyujinrong.com/Application/Runtime/Cache/Admin/8811399cceac5a326d276ce653a36b76.php 第 100 行.
NOTIC: [8] Undefined index: max_money /home/wwwroot/cesi3.0.zhiyujinrong.com/Application/Runtime/Cache/Admin/8811399cceac5a326d276ce653a36b76.php 第 101 行.
NOTIC: [8] Undefined index: add_time /home/wwwroot/cesi3.0.zhiyujinrong.com/Application/Runtime/Cache/Admin/8811399cceac5a326d276ce653a36b76.php 第 102 行.
NOTIC: [8] Undefined index: state /home/wwwroot/cesi3.0.zhiyujinrong.com/Application/Runtime/Cache/Admin/8811399cceac5a326d276ce653a36b76.php 第 103 行.
NOTIC: [8] Undefined index: enter_time /home/wwwroot/cesi3.0.zhiyujinrong.com/Application/Runtime/Cache/Admin/8811399cceac5a326d276ce653a36b76.php 第 104 行.
NOTIC: [8] Undefined index: enter_ip /home/wwwroot/cesi3.0.zhiyujinrong.com/Application/Runtime/Cache/Admin/8811399cceac5a326d276ce653a36b76.php 第 105 行.
NOTIC: [8] Undefined index: delete /home/wwwroot/cesi3.0.zhiyujinrong.com/Application/Runtime/Cache/Admin/8811399cceac5a326d276ce653a36b76.php 第 110 行.
NOTIC: [8] Undefined index: menu /home/wwwroot/cesi3.0.zhiyujinrong.com/Application/Runtime/Cache/Admin/8811399cceac5a326d276ce653a36b76.php 第 110 行.
NOTIC: [8] Undefined index: code /home/wwwroot/cesi3.0.zhiyujinrong.com/Application/Runtime/Cache/Admin/8811399cceac5a326d276ce653a36b76.php 第 92 行.
NOTIC: [8] Undefined index: source /home/wwwroot/cesi3.0.zhiyujinrong.com/Application/Runtime/Cache/Admin/8811399cceac5a326d276ce653a36b76.php 第 94 行.
NOTIC: [8] Undefined index: city /home/wwwroot/cesi3.0.zhiyujinrong.com/Application/Runtime/Cache/Admin/8811399cceac5a326d276ce653a36b76.php 第 99 行.
NOTIC: [8] Undefined index: min_money /home/wwwroot/cesi3.0.zhiyujinrong.com/Application/Runtime/Cache/Admin/8811399cceac5a326d276ce653a36b76.php 第 100 行.
NOTIC: [8] Undefined index: max_money /home/wwwroot/cesi3.0.zhiyujinrong.com/Application/Runtime/Cache/Admin/8811399cceac5a326d276ce653a36b76.php 第 101 行.
NOTIC: [8] Undefined index: add_time /home/wwwroot/cesi3.0.zhiyujinrong.com/Application/Runtime/Cache/Admin/8811399cceac5a326d276ce653a36b76.php 第 102 行.
NOTIC: [8] Undefined index: state /home/wwwroot/cesi3.0.zhiyujinrong.com/Application/Runtime/Cache/Admin/8811399cceac5a326d276ce653a36b76.php 第 103 行.
NOTIC: [8] Undefined index: enter_time /home/wwwroot/cesi3.0.zhiyujinrong.com/Application/Runtime/Cache/Admin/8811399cceac5a326d276ce653a36b76.php 第 104 行.
NOTIC: [8] Undefined index: enter_ip /home/wwwroot/cesi3.0.zhiyujinrong.com/Application/Runtime/Cache/Admin/8811399cceac5a326d276ce653a36b76.php 第 105 行.
NOTIC: [8] Undefined index: delete /home/wwwroot/cesi3.0.zhiyujinrong.com/Application/Runtime/Cache/Admin/8811399cceac5a326d276ce653a36b76.php 第 110 行.
NOTIC: [8] Undefined index: menu /home/wwwroot/cesi3.0.zhiyujinrong.com/Application/Runtime/Cache/Admin/8811399cceac5a326d276ce653a36b76.php 第 110 行.
NOTIC: [8] Undefined index: code /home/wwwroot/cesi3.0.zhiyujinrong.com/Application/Runtime/Cache/Admin/8811399cceac5a326d276ce653a36b76.php 第 92 行.
NOTIC: [8] Undefined index: source /home/wwwroot/cesi3.0.zhiyujinrong.com/Application/Runtime/Cache/Admin/8811399cceac5a326d276ce653a36b76.php 第 94 行.
NOTIC: [8] Undefined index: city /home/wwwroot/cesi3.0.zhiyujinrong.com/Application/Runtime/Cache/Admin/8811399cceac5a326d276ce653a36b76.php 第 99 行.
NOTIC: [8] Undefined index: min_money /home/wwwroot/cesi3.0.zhiyujinrong.com/Application/Runtime/Cache/Admin/8811399cceac5a326d276ce653a36b76.php 第 100 行.
NOTIC: [8] Undefined index: max_money /home/wwwroot/cesi3.0.zhiyujinrong.com/Application/Runtime/Cache/Admin/8811399cceac5a326d276ce653a36b76.php 第 101 行.
NOTIC: [8] Undefined index: add_time /home/wwwroot/cesi3.0.zhiyujinrong.com/Application/Runtime/Cache/Admin/8811399cceac5a326d276ce653a36b76.php 第 102 行.
NOTIC: [8] Undefined index: state /home/wwwroot/cesi3.0.zhiyujinrong.com/Application/Runtime/Cache/Admin/8811399cceac5a326d276ce653a36b76.php 第 103 行.
NOTIC: [8] Undefined index: enter_time /home/wwwroot/cesi3.0.zhiyujinrong.com/Application/Runtime/Cache/Admin/8811399cceac5a326d276ce653a36b76.php 第 104 行.
NOTIC: [8] Undefined index: enter_ip /home/wwwroot/cesi3.0.zhiyujinrong.com/Application/Runtime/Cache/Admin/8811399cceac5a326d276ce653a36b76.php 第 105 行.
NOTIC: [8] Undefined index: delete /home/wwwroot/cesi3.0.zhiyujinrong.com/Application/Runtime/Cache/Admin/8811399cceac5a326d276ce653a36b76.php 第 110 行.
NOTIC: [8] Undefined index: menu /home/wwwroot/cesi3.0.zhiyujinrong.com/Application/Runtime/Cache/Admin/8811399cceac5a326d276ce653a36b76.php 第 110 行.
NOTIC: [8] Undefined variable: product /home/wwwroot/cesi3.0.zhiyujinrong.com/Application/Runtime/Cache/Admin/8811399cceac5a326d276ce653a36b76.php 第 131 行.
NOTIC: [8] Undefined variable: page_number /home/wwwroot/cesi3.0.zhiyujinrong.com/Application/Runtime/Cache/Admin/8811399cceac5a326d276ce653a36b76.php 第 158 行.
NOTIC: [8] Undefined variable: page_number /home/wwwroot/cesi3.0.zhiyujinrong.com/Application/Runtime/Cache/Admin/8811399cceac5a326d276ce653a36b76.php 第 158 行.
NOTIC: [8] Undefined variable: page_number /home/wwwroot/cesi3.0.zhiyujinrong.com/Application/Runtime/Cache/Admin/8811399cceac5a326d276ce653a36b76.php 第 159 行.
NOTIC: [8] Undefined variable: page_number /home/wwwroot/cesi3.0.zhiyujinrong.com/Application/Runtime/Cache/Admin/8811399cceac5a326d276ce653a36b76.php 第 162 行.
NOTIC: [8] Undefined variable: page_number /home/wwwroot/cesi3.0.zhiyujinrong.com/Application/Runtime/Cache/Admin/8811399cceac5a326d276ce653a36b76.php 第 175 行.
NOTIC: [8] Undefined variable: page_number /home/wwwroot/cesi3.0.zhiyujinrong.com/Application/Runtime/Cache/Admin/8811399cceac5a326d276ce653a36b76.php 第 178 行.
NOTIC: [8] Undefined variable: page_number /home/wwwroot/cesi3.0.zhiyujinrong.com/Application/Runtime/Cache/Admin/8811399cceac5a326d276ce653a36b76.php 第 178 行.
INFO: Run Behavior\ParseTemplateBehavior [ RunTime:0.016116s ]
INFO: [ view_parse ] --END-- [ RunTime:0.016152s ]
INFO: [ view_filter ] --START--
INFO: Run Behavior\WriteHtmlCacheBehavior [ RunTime:0.000175s ]
INFO: [ view_filter ] --END-- [ RunTime:0.000208s ]
INFO: [ app_end ] --START--
INFO: Run Behavior\ShowPageTraceBehavior [ RunTime:0.000441s ]
INFO: [ app_end ] --END-- [ RunTime:0.000489s ]

[ 2017-12-29T15:37:59+08:00 ] 116.226.228.2 /index.php/Admin/Product/present_activity.html
INFO: [ app_init ] --START--
INFO: Run Behavior\BuildLiteBehavior [ RunTime:0.000013s ]
INFO: [ app_init ] --END-- [ RunTime:0.000289s ]
INFO: [ app_begin ] --START--
INFO: Run Behavior\ReadHtmlCacheBehavior [ RunTime:0.000375s ]
INFO: [ app_begin ] --END-- [ RunTime:0.000413s ]
SQL: SHOW COLUMNS FROM `yzs_log` [ RunTime:0.0007s ]
SQL: INSERT INTO `yzs_log` (`ctr`,`act`,`user_id`,`user_name`,`get`,`post`,`time`) VALUES ('Product','present_activity','3','will','','{\"data\":\"161\"}','1514533079') [ RunTime:0.0184s ]
SQL: SHOW COLUMNS FROM `yzs_product` [ RunTime:0.0012s ]
SQL: select * from yzs_product where id not in(select distinct(p_id) from yzs_roasting where p_id!='0' ORDER BY img_roasting DESC) [ RunTime:0.0005s ]

[ 2017-12-29T15:38:00+08:00 ] 116.226.228.2 /index.php/Admin/Product/roasting.html
INFO: [ app_init ] --START--
INFO: Run Behavior\BuildLiteBehavior [ RunTime:0.000017s ]
INFO: [ app_init ] --END-- [ RunTime:0.000310s ]
INFO: [ app_begin ] --START--
INFO: Run Behavior\ReadHtmlCacheBehavior [ RunTime:0.000427s ]
INFO: [ app_begin ] --END-- [ RunTime:0.000468s ]
SQL: SHOW COLUMNS FROM `yzs_log` [ RunTime:0.0007s ]
SQL: INSERT INTO `yzs_log` (`ctr`,`act`,`user_id`,`user_name`,`get`,`post`,`time`) VALUES ('Product','roasting','3','will','','','1514533080') [ RunTime:0.0128s ]
NOTIC: [8] Undefined index: name /home/wwwroot/cesi3.0.zhiyujinrong.com/Application/Admin/Controller/ProductController.class.php 第 1579 行.
NOTIC: [8] Undefined index: menu /home/wwwroot/cesi3.0.zhiyujinrong.com/Application/Admin/Controller/ProductController.class.php 第 1580 行.
NOTIC: [8] Undefined index: name /home/wwwroot/cesi3.0.zhiyujinrong.com/Application/Admin/Controller/ProductController.class.php 第 1582 行.
SQL: select r.id,r.p_id,p.name,p.img_roasting,p.banks,p.img_url from yzs_roasting r, yzs_product p where p.id=r.p_id and 1 [ RunTime:0.0003s ]
SQL: select * from yzs_product where id not in(select distinct(p_id) from yzs_roasting where p_id!='0') and img_roasting != '' [ RunTime:0.0005s ]
INFO: [ view_parse ] --START--
INFO: [ template_filter ] --START--
INFO: Run Behavior\ContentReplaceBehavior [ RunTime:0.000095s ]
INFO: [ template_filter ] --END-- [ RunTime:0.000135s ]
NOTIC: [8] Undefined index: code /home/wwwroot/cesi3.0.zhiyujinrong.com/Application/Runtime/Cache/Admin/8811399cceac5a326d276ce653a36b76.php 第 92 行.
NOTIC: [8] Undefined index: source /home/wwwroot/cesi3.0.zhiyujinrong.com/Application/Runtime/Cache/Admin/8811399cceac5a326d276ce653a36b76.php 第 94 行.
NOTIC: [8] Undefined index: city /home/wwwroot/cesi3.0.zhiyujinrong.com/Application/Runtime/Cache/Admin/8811399cceac5a326d276ce653a36b76.php 第 99 行.
NOTIC: [8] Undefined index: min_money /home/wwwroot/cesi3.0.zhiyujinrong.com/Application/Runtime/Cache/Admin/8811399cceac5a326d276ce653a36b76.php 第 100 行.
NOTIC: [8] Undefined index: max_money /home/wwwroot/cesi3.0.zhiyujinrong.com/Application/Runtime/Cache/Admin/8811399cceac5a326d276ce653a36b76.php 第 101 行.
NOTIC: [8] Undefined index: add_time /home/wwwroot/cesi3.0.zhiyujinrong.com/Application/Runtime/Cache/Admin/8811399cceac5a326d276ce653a36b76.php 第 102 行.
NOTIC: [8] Undefined index: state /home/wwwroot/cesi3.0.zhiyujinrong.com/Application/Runtime/Cache/Admin/8811399cceac5a326d276ce653a36b76.php 第 103 行.
NOTIC: [8] Undefined index: enter_time /home/wwwroot/cesi3.0.zhiyujinrong.com/Application/Runtime/Cache/Admin/8811399cceac5a326d276ce653a36b76.php 第 104 行.
NOTIC: [8] Undefined index: enter_ip /home/wwwroot/cesi3.0.zhiyujinrong.com/Application/Runtime/Cache/Admin/8811399cceac5a326d276ce653a36b76.php 第 105 行.
NOTIC: [8] Undefined index: delete /home/wwwroot/cesi3.0.zhiyujinrong.com/Application/Runtime/Cache/Admin/8811399cceac5a326d276ce653a36b76.php 第 110 行.
NOTIC: [8] Undefined index: menu /home/wwwroot/cesi3.0.zhiyujinrong.com/Application/Runtime/Cache/Admin/8811399cceac5a326d276ce653a36b76.php 第 110 行.
NOTIC: [8] Undefined index: code /home/wwwroot/cesi3.0.zhiyujinrong.com/Application/Runtime/Cache/Admin/8811399cceac5a326d276ce653a36b76.php 第 92 行.
NOTIC: [8] Undefined index: source /home/wwwroot/cesi3.0.zhiyujinrong.com/Application/Runtime/Cache/Admin/8811399cceac5a326d276ce653a36b76.php 第 94 行.
NOTIC: [8] Undefined index: city /home/wwwroot/cesi3.0.zhiyujinrong.com/Application/Runtime/Cache/Admin/8811399cceac5a326d276ce653a36b76.php 第 99 行.
NOTIC: [8] Undefined index: min_money /home/wwwroot/cesi3.0.zhiyujinrong.com/Application/Runtime/Cache/Admin/8811399cceac5a326d276ce653a36b76.php 第 100 行.
NOTIC: [8] Undefined index: max_money /home/wwwroot/cesi3.0.zhiyujinrong.com/Application/Runtime/Cache/Admin/8811399cceac5a326d276ce653a36b76.php 第 101 行.
NOTIC: [8] Undefined index: add_time /home/wwwroot/cesi3.0.zhiyujinrong.com/Application/Runtime/Cache/Admin/8811399cceac5a326d276ce653a36b76.php 第 102 行.
NOTIC: [8] Undefined index: state /home/wwwroot/cesi3.0.zhiyujinrong.com/Application/Runtime/Cache/Admin/8811399cceac5a326d276ce653a36b76.php 第 103 行.
NOTIC: [8] Undefined index: enter_time /home/wwwroot/cesi3.0.zhiyujinrong.com/Application/Runtime/Cache/Admin/8811399cceac5a326d276ce653a36b76.php 第 104 行.
NOTIC: [8] Undefined index: enter_ip /home/wwwroot/cesi3.0.zhiyujinrong.com/Application/Runtime/Cache/Admin/8811399cceac5a326d276ce653a36b76.php 第 105 行.
NOTIC: [8] Undefined index: delete /home/wwwroot/cesi3.0.zhiyujinrong.com/Application/Runtime/Cache/Admin/8811399cceac5a326d276ce653a36b76.php 第 110 行.
NOTIC: [8] Undefined index: menu /home/wwwroot/cesi3.0.zhiyujinrong.com/Application/Runtime/Cache/Admin/8811399cceac5a326d276ce653a36b76.php 第 110 行.
NOTIC: [8] Undefined index: code /home/wwwroot/cesi3.0.zhiyujinrong.com/Application/Runtime/Cache/Admin/8811399cceac5a326d276ce653a36b76.php 第 92 行.
NOTIC: [8] Undefined index: source /home/wwwroot/cesi3.0.zhiyujinrong.com/Application/Runtime/Cache/Admin/8811399cceac5a326d276ce653a36b76.php 第 94 行.
NOTIC: [8] Undefined index: city /home/wwwroot/cesi3.0.zhiyujinrong.com/Application/Runtime/Cache/Admin/8811399cceac5a326d276ce653a36b76.php 第 99 行.
NOTIC: [8] Undefined index: min_money /home/wwwroot/cesi3.0.zhiyujinrong.com/Application/Runtime/Cache/Admin/8811399cceac5a326d276ce653a36b76.php 第 100 行.
NOTIC: [8] Undefined index: max_money /home/wwwroot/cesi3.0.zhiyujinrong.com/Application/Runtime/Cache/Admin/8811399cceac5a326d276ce653a36b76.php 第 101 行.
NOTIC: [8] Undefined index: add_time /home/wwwroot/cesi3.0.zhiyujinrong.com/Application/Runtime/Cache/Admin/8811399cceac5a326d276ce653a36b76.php 第 102 行.
NOTIC: [8] Undefined index: state /home/wwwroot/cesi3.0.zhiyujinrong.com/Application/Runtime/Cache/Admin/8811399cceac5a326d276ce653a36b76.php 第 103 行.
NOTIC: [8] Undefined index: enter_time /home/wwwroot/cesi3.0.zhiyujinrong.com/Application/Runtime/Cache/Admin/8811399cceac5a326d276ce653a36b76.php 第 104 行.
NOTIC: [8] Undefined index: enter_ip /home/wwwroot/cesi3.0.zhiyujinrong.com/Application/Runtime/Cache/Admin/8811399cceac5a326d276ce653a36b76.php 第 105 行.
NOTIC: [8] Undefined index: delete /home/wwwroot/cesi3.0.zhiyujinrong.com/Application/Runtime/Cache/Admin/8811399cceac5a326d276ce653a36b76.php 第 110 行.
NOTIC: [8] Undefined index: menu /home/wwwroot/cesi3.0.zhiyujinrong.com/Application/Runtime/Cache/Admin/8811399cceac5a326d276ce653a36b76.php 第 110 行.
NOTIC: [8] Undefined variable: product /home/wwwroot/cesi3.0.zhiyujinrong.com/Application/Runtime/Cache/Admin/8811399cceac5a326d276ce653a36b76.php 第 131 行.
NOTIC: [8] Undefined variable: page_number /home/wwwroot/cesi3.0.zhiyujinrong.com/Application/Runtime/Cache/Admin/8811399cceac5a326d276ce653a36b76.php 第 158 行.
NOTIC: [8] Undefined variable: page_number /home/wwwroot/cesi3.0.zhiyujinrong.com/Application/Runtime/Cache/Admin/8811399cceac5a326d276ce653a36b76.php 第 158 行.
NOTIC: [8] Undefined variable: page_number /home/wwwroot/cesi3.0.zhiyujinrong.com/Application/Runtime/Cache/Admin/8811399cceac5a326d276ce653a36b76.php 第 159 行.
NOTIC: [8] Undefined variable: page_number /home/wwwroot/cesi3.0.zhiyujinrong.com/Application/Runtime/Cache/Admin/8811399cceac5a326d276ce653a36b76.php 第 162 行.
NOTIC: [8] Undefined variable: page_number /home/wwwroot/cesi3.0.zhiyujinrong.com/Application/Runtime/Cache/Admin/8811399cceac5a326d276ce653a36b76.php 第 175 行.
NOTIC: [8] Undefined variable: page_number /home/wwwroot/cesi3.0.zhiyujinrong.com/Application/Runtime/Cache/Admin/8811399cceac5a326d276ce653a36b76.php 第 178 行.
NOTIC: [8] Undefined variable: page_number /home/wwwroot/cesi3.0.zhiyujinrong.com/Application/Runtime/Cache/Admin/8811399cceac5a326d276ce653a36b76.php 第 178 行.
INFO: Run Behavior\ParseTemplateBehavior [ RunTime:0.015741s ]
INFO: [ view_parse ] --END-- [ RunTime:0.015778s ]
INFO: [ view_filter ] --START--
INFO: Run Behavior\WriteHtmlCacheBehavior [ RunTime:0.000179s ]
INFO: [ view_filter ] --END-- [ RunTime:0.000212s ]
INFO: [ app_end ] --START--
INFO: Run Behavior\ShowPageTraceBehavior [ RunTime:0.000422s ]
INFO: [ app_end ] --END-- [ RunTime:0.000461s ]

[ 2017-12-29T15:38:01+08:00 ] 116.226.228.2 /index.php/Admin/Product/present_activity.html
INFO: [ app_init ] --START--
INFO: Run Behavior\BuildLiteBehavior [ RunTime:0.000013s ]
INFO: [ app_init ] --END-- [ RunTime:0.000338s ]
INFO: [ app_begin ] --START--
INFO: Run Behavior\ReadHtmlCacheBehavior [ RunTime:0.000375s ]
INFO: [ app_begin ] --END-- [ RunTime:0.000413s ]
SQL: SHOW COLUMNS FROM `yzs_log` [ RunTime:0.0007s ]
SQL: INSERT INTO `yzs_log` (`ctr`,`act`,`user_id`,`user_name`,`get`,`post`,`time`) VALUES ('Product','present_activity','3','will','','{\"data\":\"160\"}','1514533081') [ RunTime:0.0130s ]
SQL: SHOW COLUMNS FROM `yzs_product` [ RunTime:0.0011s ]
SQL: select * from yzs_product where id not in(select distinct(p_id) from yzs_roasting where p_id!='0' ORDER BY img_roasting DESC) [ RunTime:0.0005s ]

[ 2017-12-29T15:38:02+08:00 ] 116.226.228.2 /index.php/Admin/Product/roasting.html
INFO: [ app_init ] --START--
INFO: Run Behavior\BuildLiteBehavior [ RunTime:0.000014s ]
INFO: [ app_init ] --END-- [ RunTime:0.000311s ]
INFO: [ app_begin ] --START--
INFO: Run Behavior\ReadHtmlCacheBehavior [ RunTime:0.000396s ]
INFO: [ app_begin ] --END-- [ RunTime:0.000436s ]
SQL: SHOW COLUMNS FROM `yzs_log` [ RunTime:0.0009s ]
SQL: INSERT INTO `yzs_log` (`ctr`,`act`,`user_id`,`user_name`,`get`,`post`,`time`) VALUES ('Product','roasting','3','will','','','1514533081') [ RunTime:0.0167s ]
NOTIC: [8] Undefined index: name /home/wwwroot/cesi3.0.zhiyujinrong.com/Application/Admin/Controller/ProductController.class.php 第 1579 行.
NOTIC: [8] Undefined index: menu /home/wwwroot/cesi3.0.zhiyujinrong.com/Application/Admin/Controller/ProductController.class.php 第 1580 行.
NOTIC: [8] Undefined index: name /home/wwwroot/cesi3.0.zhiyujinrong.com/Application/Admin/Controller/ProductController.class.php 第 1582 行.
SQL: select r.id,r.p_id,p.name,p.img_roasting,p.banks,p.img_url from yzs_roasting r, yzs_product p where p.id=r.p_id and 1 [ RunTime:0.0003s ]
SQL: select * from yzs_product where id not in(select distinct(p_id) from yzs_roasting where p_id!='0') and img_roasting != '' [ RunTime:0.0005s ]
INFO: [ view_parse ] --START--
INFO: [ template_filter ] --START--
INFO: Run Behavior\ContentReplaceBehavior [ RunTime:0.000103s ]
INFO: [ template_filter ] --END-- [ RunTime:0.000151s ]
NOTIC: [8] Undefined index: code /home/wwwroot/cesi3.0.zhiyujinrong.com/Application/Runtime/Cache/Admin/8811399cceac5a326d276ce653a36b76.php 第 92 行.
NOTIC: [8] Undefined index: source /home/wwwroot/cesi3.0.zhiyujinrong.com/Application/Runtime/Cache/Admin/8811399cceac5a326d276ce653a36b76.php 第 94 行.
NOTIC: [8] Undefined index: city /home/wwwroot/cesi3.0.zhiyujinrong.com/Application/Runtime/Cache/Admin/8811399cceac5a326d276ce653a36b76.php 第 99 行.
NOTIC: [8] Undefined index: min_money /home/wwwroot/cesi3.0.zhiyujinrong.com/Application/Runtime/Cache/Admin/8811399cceac5a326d276ce653a36b76.php 第 100 行.
NOTIC: [8] Undefined index: max_money /home/wwwroot/cesi3.0.zhiyujinrong.com/Application/Runtime/Cache/Admin/8811399cceac5a326d276ce653a36b76.php 第 101 行.
NOTIC: [8] Undefined index: add_time /home/wwwroot/cesi3.0.zhiyujinrong.com/Application/Runtime/Cache/Admin/8811399cceac5a326d276ce653a36b76.php 第 102 行.
NOTIC: [8] Undefined index: state /home/wwwroot/cesi3.0.zhiyujinrong.com/Application/Runtime/Cache/Admin/8811399cceac5a326d276ce653a36b76.php 第 103 行.
NOTIC: [8] Undefined index: enter_time /home/wwwroot/cesi3.0.zhiyujinrong.com/Application/Runtime/Cache/Admin/8811399cceac5a326d276ce653a36b76.php 第 104 行.
NOTIC: [8] Undefined index: enter_ip /home/wwwroot/cesi3.0.zhiyujinrong.com/Application/Runtime/Cache/Admin/8811399cceac5a326d276ce653a36b76.php 第 105 行.
NOTIC: [8] Undefined index: delete /home/wwwroot/cesi3.0.zhiyujinrong.com/Application/Runtime/Cache/Admin/8811399cceac5a326d276ce653a36b76.php 第 110 行.
NOTIC: [8] Undefined index: menu /home/wwwroot/cesi3.0.zhiyujinrong.com/Application/Runtime/Cache/Admin/8811399cceac5a326d276ce653a36b76.php 第 110 行.
NOTIC: [8] Undefined index: code /home/wwwroot/cesi3.0.zhiyujinrong.com/Application/Runtime/Cache/Admin/8811399cceac5a326d276ce653a36b76.php 第 92 行.
NOTIC: [8] Undefined index: source /home/wwwroot/cesi3.0.zhiyujinrong.com/Application/Runtime/Cache/Admin/8811399cceac5a326d276ce653a36b76.php 第 94 行.
NOTIC: [8] Undefined index: city /home/wwwroot/cesi3.0.zhiyujinrong.com/Application/Runtime/Cache/Admin/8811399cceac5a326d276ce653a36b76.php 第 99 行.
NOTIC: [8] Undefined index: min_money /home/wwwroot/cesi3.0.zhiyujinrong.com/Application/Runtime/Cache/Admin/8811399cceac5a326d276ce653a36b76.php 第 100 行.
NOTIC: [8] Undefined index: max_money /home/wwwroot/cesi3.0.zhiyujinrong.com/Application/Runtime/Cache/Admin/8811399cceac5a326d276ce653a36b76.php 第 101 行.
NOTIC: [8] Undefined index: add_time /home/wwwroot/cesi3.0.zhiyujinrong.com/Application/Runtime/Cache/Admin/8811399cceac5a326d276ce653a36b76.php 第 102 行.
NOTIC: [8] Undefined index: state /home/wwwroot/cesi3.0.zhiyujinrong.com/Application/Runtime/Cache/Admin/8811399cceac5a326d276ce653a36b76.php 第 103 行.
NOTIC: [8] Undefined index: enter_time /home/wwwroot/cesi3.0.zhiyujinrong.com/Application/Runtime/Cache/Admin/8811399cceac5a326d276ce653a36b76.php 第 104 行.
NOTIC: [8] Undefined index: enter_ip /home/wwwroot/cesi3.0.zhiyujinrong.com/Application/Runtime/Cache/Admin/8811399cceac5a326d276ce653a36b76.php 第 105 行.
NOTIC: [8] Undefined index: delete /home/wwwroot/cesi3.0.zhiyujinrong.com/Application/Runtime/Cache/Admin/8811399cceac5a326d276ce653a36b76.php 第 110 行.
NOTIC: [8] Undefined index: menu /home/wwwroot/cesi3.0.zhiyujinrong.com/Application/Runtime/Cache/Admin/8811399cceac5a326d276ce653a36b76.php 第 110 行.
NOTIC: [8] Undefined index: code /home/wwwroot/cesi3.0.zhiyujinrong.com/Application/Runtime/Cache/Admin/8811399cceac5a326d276ce653a36b76.php 第 92 行.
NOTIC: [8] Undefined index: source /home/wwwroot/cesi3.0.zhiyujinrong.com/Application/Runtime/Cache/Admin/8811399cceac5a326d276ce653a36b76.php 第 94 行.
NOTIC: [8] Undefined index: city /home/wwwroot/cesi3.0.zhiyujinrong.com/Application/Runtime/Cache/Admin/8811399cceac5a326d276ce653a36b76.php 第 99 行.
NOTIC: [8] Undefined index: min_money /home/wwwroot/cesi3.0.zhiyujinrong.com/Application/Runtime/Cache/Admin/8811399cceac5a326d276ce653a36b76.php 第 100 行.
NOTIC: [8] Undefined index: max_money /home/wwwroot/cesi3.0.zhiyujinrong.com/Application/Runtime/Cache/Admin/8811399cceac5a326d276ce653a36b76.php 第 101 行.
NOTIC: [8] Undefined index: add_time /home/wwwroot/cesi3.0.zhiyujinrong.com/Application/Runtime/Cache/Admin/8811399cceac5a326d276ce653a36b76.php 第 102 行.
NOTIC: [8] Undefined index: state /home/wwwroot/cesi3.0.zhiyujinrong.com/Application/Runtime/Cache/Admin/8811399cceac5a326d276ce653a36b76.php 第 103 行.
NOTIC: [8] Undefined index: enter_time /home/wwwroot/cesi3.0.zhiyujinrong.com/Application/Runtime/Cache/Admin/8811399cceac5a326d276ce653a36b76.php 第 104 行.
NOTIC: [8] Undefined index: enter_ip /home/wwwroot/cesi3.0.zhiyujinrong.com/Application/Runtime/Cache/Admin/8811399cceac5a326d276ce653a36b76.php 第 105 行.
NOTIC: [8] Undefined index: delete /home/wwwroot/cesi3.0.zhiyujinrong.com/Application/Runtime/Cache/Admin/8811399cceac5a326d276ce653a36b76.php 第 110 行.
NOTIC: [8] Undefined index: menu /home/wwwroot/cesi3.0.zhiyujinrong.com/Application/Runtime/Cache/Admin/8811399cceac5a326d276ce653a36b76.php 第 110 行.
NOTIC: [8] Undefined variable: product /home/wwwroot/cesi3.0.zhiyujinrong.com/Application/Runtime/Cache/Admin/8811399cceac5a326d276ce653a36b76.php 第 131 行.
NOTIC: [8] Undefined variable: page_number /home/wwwroot/cesi3.0.zhiyujinrong.com/Application/Runtime/Cache/Admin/8811399cceac5a326d276ce653a36b76.php 第 158 行.
NOTIC: [8] Undefined variable: page_number /home/wwwroot/cesi3.0.zhiyujinrong.com/Application/Runtime/Cache/Admin/8811399cceac5a326d276ce653a36b76.php 第 158 行.
NOTIC: [8] Undefined variable: page_number /home/wwwroot/cesi3.0.zhiyujinrong.com/Application/Runtime/Cache/Admin/8811399cceac5a326d276ce653a36b76.php 第 159 行.
NOTIC: [8] Undefined variable: page_number /home/wwwroot/cesi3.0.zhiyujinrong.com/Application/Runtime/Cache/Admin/8811399cceac5a326d276ce653a36b76.php 第 162 行.
NOTIC: [8] Undefined variable: page_number /home/wwwroot/cesi3.0.zhiyujinrong.com/Application/Runtime/Cache/Admin/8811399cceac5a326d276ce653a36b76.php 第 175 行.
NOTIC: [8] Undefined variable: page_number /home/wwwroot/cesi3.0.zhiyujinrong.com/Application/Runtime/Cache/Admin/8811399cceac5a326d276ce653a36b76.php 第 178 行.
NOTIC: [8] Undefined variable: page_number /home/wwwroot/cesi3.0.zhiyujinrong.com/Application/Runtime/Cache/Admin/8811399cceac5a326d276ce653a36b76.php 第 178 行.
INFO: Run Behavior\ParseTemplateBehavior [ RunTime:0.016261s ]
INFO: [ view_parse ] --END-- [ RunTime:0.016301s ]
INFO: [ view_filter ] --START--
INFO: Run Behavior\WriteHtmlCacheBehavior [ RunTime:0.000285s ]
INFO: [ view_filter ] --END-- [ RunTime:0.000327s ]
INFO: [ app_end ] --START--
INFO: Run Behavior\ShowPageTraceBehavior [ RunTime:0.000491s ]
INFO: [ app_end ] --END-- [ RunTime:0.000540s ]

[ 2017-12-29T15:38:02+08:00 ] 116.226.228.2 /index.php/Admin/Product/present_activity.html
INFO: [ app_init ] --START--
INFO: Run Behavior\BuildLiteBehavior [ RunTime:0.000012s ]
INFO: [ app_init ] --END-- [ RunTime:0.000287s ]
INFO: [ app_begin ] --START--
INFO: Run Behavior\ReadHtmlCacheBehavior [ RunTime:0.000382s ]
INFO: [ app_begin ] --END-- [ RunTime:0.000421s ]
SQL: SHOW COLUMNS FROM `yzs_log` [ RunTime:0.0007s ]
SQL: INSERT INTO `yzs_log` (`ctr`,`act`,`user_id`,`user_name`,`get`,`post`,`time`) VALUES ('Product','present_activity','3','will','','{\"data\":\"160\"}','1514533082') [ RunTime:0.0144s ]
SQL: SHOW COLUMNS FROM `yzs_product` [ RunTime:0.0013s ]
SQL: select * from yzs_product where id not in(select distinct(p_id) from yzs_roasting where p_id!='0' ORDER BY img_roasting DESC) [ RunTime:0.0005s ]

[ 2017-12-29T15:38:05+08:00 ] 116.226.228.2 /index.php/Admin/Product/roasting.html
INFO: [ app_init ] --START--
INFO: Run Behavior\BuildLiteBehavior [ RunTime:0.000013s ]
INFO: [ app_init ] --END-- [ RunTime:0.000323s ]
INFO: [ app_begin ] --START--
INFO: Run Behavior\ReadHtmlCacheBehavior [ RunTime:0.000436s ]
INFO: [ app_begin ] --END-- [ RunTime:0.000493s ]
SQL: SHOW COLUMNS FROM `yzs_log` [ RunTime:0.0007s ]
SQL: INSERT INTO `yzs_log` (`ctr`,`act`,`user_id`,`user_name`,`get`,`post`,`time`) VALUES ('Product','roasting','3','will','','','1514533085') [ RunTime:0.0147s ]
NOTIC: [8] Undefined index: name /home/wwwroot/cesi3.0.zhiyujinrong.com/Application/Admin/Controller/ProductController.class.php 第 1579 行.
NOTIC: [8] Undefined index: menu /home/wwwroot/cesi3.0.zhiyujinrong.com/Application/Admin/Controller/ProductController.class.php 第 1580 行.
NOTIC: [8] Undefined index: name /home/wwwroot/cesi3.0.zhiyujinrong.com/Application/Admin/Controller/ProductController.class.php 第 1582 行.
SQL: select r.id,r.p_id,p.name,p.img_roasting,p.banks,p.img_url from yzs_roasting r, yzs_product p where p.id=r.p_id and 1 [ RunTime:0.0003s ]
SQL: select * from yzs_product where id not in(select distinct(p_id) from yzs_roasting where p_id!='0') and img_roasting != '' [ RunTime:0.0006s ]
INFO: [ view_parse ] --START--
INFO: [ template_filter ] --START--
INFO: Run Behavior\ContentReplaceBehavior [ RunTime:0.000101s ]
INFO: [ template_filter ] --END-- [ RunTime:0.000141s ]
NOTIC: [8] Undefined index: code /home/wwwroot/cesi3.0.zhiyujinrong.com/Application/Runtime/Cache/Admin/8811399cceac5a326d276ce653a36b76.php 第 92 行.
NOTIC: [8] Undefined index: source /home/wwwroot/cesi3.0.zhiyujinrong.com/Application/Runtime/Cache/Admin/8811399cceac5a326d276ce653a36b76.php 第 94 行.
NOTIC: [8] Undefined index: city /home/wwwroot/cesi3.0.zhiyujinrong.com/Application/Runtime/Cache/Admin/8811399cceac5a326d276ce653a36b76.php 第 99 行.
NOTIC: [8] Undefined index: min_money /home/wwwroot/cesi3.0.zhiyujinrong.com/Application/Runtime/Cache/Admin/8811399cceac5a326d276ce653a36b76.php 第 100 行.
NOTIC: [8] Undefined index: max_money /home/wwwroot/cesi3.0.zhiyujinrong.com/Application/Runtime/Cache/Admin/8811399cceac5a326d276ce653a36b76.php 第 101 行.
NOTIC: [8] Undefined index: add_time /home/wwwroot/cesi3.0.zhiyujinrong.com/Application/Runtime/Cache/Admin/8811399cceac5a326d276ce653a36b76.php 第 102 行.
NOTIC: [8] Undefined index: state /home/wwwroot/cesi3.0.zhiyujinrong.com/Application/Runtime/Cache/Admin/8811399cceac5a326d276ce653a36b76.php 第 103 行.
NOTIC: [8] Undefined index: enter_time /home/wwwroot/cesi3.0.zhiyujinrong.com/Application/Runtime/Cache/Admin/8811399cceac5a326d276ce653a36b76.php 第 104 行.
NOTIC: [8] Undefined index: enter_ip /home/wwwroot/cesi3.0.zhiyujinrong.com/Application/Runtime/Cache/Admin/8811399cceac5a326d276ce653a36b76.php 第 105 行.
NOTIC: [8] Undefined index: delete /home/wwwroot/cesi3.0.zhiyujinrong.com/Application/Runtime/Cache/Admin/8811399cceac5a326d276ce653a36b76.php 第 110 行.
NOTIC: [8] Undefined index: menu /home/wwwroot/cesi3.0.zhiyujinrong.com/Application/Runtime/Cache/Admin/8811399cceac5a326d276ce653a36b76.php 第 110 行.
NOTIC: [8] Undefined index: code /home/wwwroot/cesi3.0.zhiyujinrong.com/Application/Runtime/Cache/Admin/8811399cceac5a326d276ce653a36b76.php 第 92 行.
NOTIC: [8] Undefined index: source /home/wwwroot/cesi3.0.zhiyujinrong.com/Application/Runtime/Cache/Admin/8811399cceac5a326d276ce653a36b76.php 第 94 行.
NOTIC: [8] Undefined index: city /home/wwwroot/cesi3.0.zhiyujinrong.com/Application/Runtime/Cache/Admin/8811399cceac5a326d276ce653a36b76.php 第 99 行.
NOTIC: [8] Undefined index: min_money /home/wwwroot/cesi3.0.zhiyujinrong.com/Application/Runtime/Cache/Admin/8811399cceac5a326d276ce653a36b76.php 第 100 行.
NOTIC: [8] Undefined index: max_money /home/wwwroot/cesi3.0.zhiyujinrong.com/Application/Runtime/Cache/Admin/8811399cceac5a326d276ce653a36b76.php 第 101 行.
NOTIC: [8] Undefined index: add_time /home/wwwroot/cesi3.0.zhiyujinrong.com/Application/Runtime/Cache/Admin/8811399cceac5a326d276ce653a36b76.php 第 102 行.
NOTIC: [8] Undefined index: state /home/wwwroot/cesi3.0.zhiyujinrong.com/Application/Runtime/Cache/Admin/8811399cceac5a326d276ce653a36b76.php 第 103 行.
NOTIC: [8] Undefined index: enter_time /home/wwwroot/cesi3.0.zhiyujinrong.com/Application/Runtime/Cache/Admin/8811399cceac5a326d276ce653a36b76.php 第 104 行.
NOTIC: [8] Undefined index: enter_ip /home/wwwroot/cesi3.0.zhiyujinrong.com/Application/Runtime/Cache/Admin/8811399cceac5a326d276ce653a36b76.php 第 105 行.
NOTIC: [8] Undefined index: delete /home/wwwroot/cesi3.0.zhiyujinrong.com/Application/Runtime/Cache/Admin/8811399cceac5a326d276ce653a36b76.php 第 110 行.
NOTIC: [8] Undefined index: menu /home/wwwroot/cesi3.0.zhiyujinrong.com/Application/Runtime/Cache/Admin/8811399cceac5a326d276ce653a36b76.php 第 110 行.
NOTIC: [8] Undefined index: code /home/wwwroot/cesi3.0.zhiyujinrong.com/Application/Runtime/Cache/Admin/8811399cceac5a326d276ce653a36b76.php 第 92 行.
NOTIC: [8] Undefined index: source /home/wwwroot/cesi3.0.zhiyujinrong.com/Application/Runtime/Cache/Admin/8811399cceac5a326d276ce653a36b76.php 第 94 行.
NOTIC: [8] Undefined index: city /home/wwwroot/cesi3.0.zhiyujinrong.com/Application/Runtime/Cache/Admin/8811399cceac5a326d276ce653a36b76.php 第 99 行.
NOTIC: [8] Undefined index: min_money /home/wwwroot/cesi3.0.zhiyujinrong.com/Application/Runtime/Cache/Admin/8811399cceac5a326d276ce653a36b76.php 第 100 行.
NOTIC: [8] Undefined index: max_money /home/wwwroot/cesi3.0.zhiyujinrong.com/Application/Runtime/Cache/Admin/8811399cceac5a326d276ce653a36b76.php 第 101 行.
NOTIC: [8] Undefined index: add_time /home/wwwroot/cesi3.0.zhiyujinrong.com/Application/Runtime/Cache/Admin/8811399cceac5a326d276ce653a36b76.php 第 102 行.
NOTIC: [8] Undefined index: state /home/wwwroot/cesi3.0.zhiyujinrong.com/Application/Runtime/Cache/Admin/8811399cceac5a326d276ce653a36b76.php 第 103 行.
NOTIC: [8] Undefined index: enter_time /home/wwwroot/cesi3.0.zhiyujinrong.com/Application/Runtime/Cache/Admin/8811399cceac5a326d276ce653a36b76.php 第 104 行.
NOTIC: [8] Undefined index: enter_ip /home/wwwroot/cesi3.0.zhiyujinrong.com/Application/Runtime/Cache/Admin/8811399cceac5a326d276ce653a36b76.php 第 105 行.
NOTIC: [8] Undefined index: delete /home/wwwroot/cesi3.0.zhiyujinrong.com/Application/Runtime/Cache/Admin/8811399cceac5a326d276ce653a36b76.php 第 110 行.
NOTIC: [8] Undefined index: menu /home/wwwroot/cesi3.0.zhiyujinrong.com/Application/Runtime/Cache/Admin/8811399cceac5a326d276ce653a36b76.php 第 110 行.
NOTIC: [8] Undefined variable: product /home/wwwroot/cesi3.0.zhiyujinrong.com/Application/Runtime/Cache/Admin/8811399cceac5a326d276ce653a36b76.php 第 131 行.
NOTIC: [8] Undefined variable: page_number /home/wwwroot/cesi3.0.zhiyujinrong.com/Application/Runtime/Cache/Admin/8811399cceac5a326d276ce653a36b76.php 第 158 行.
NOTIC: [8] Undefined variable: page_number /home/wwwroot/cesi3.0.zhiyujinrong.com/Application/Runtime/Cache/Admin/8811399cceac5a326d276ce653a36b76.php 第 158 行.
NOTIC: [8] Undefined variable: page_number /home/wwwroot/cesi3.0.zhiyujinrong.com/Application/Runtime/Cache/Admin/8811399cceac5a326d276ce653a36b76.php 第 159 行.
NOTIC: [8] Undefined variable: page_number /home/wwwroot/cesi3.0.zhiyujinrong.com/Application/Runtime/Cache/Admin/8811399cceac5a326d276ce653a36b76.php 第 162 行.
NOTIC: [8] Undefined variable: page_number /home/wwwroot/cesi3.0.zhiyujinrong.com/Application/Runtime/Cache/Admin/8811399cceac5a326d276ce653a36b76.php 第 175 行.
NOTIC: [8] Undefined variable: page_number /home/wwwroot/cesi3.0.zhiyujinrong.com/Application/Runtime/Cache/Admin/8811399cceac5a326d276ce653a36b76.php 第 178 行.
NOTIC: [8] Undefined variable: page_number /home/wwwroot/cesi3.0.zhiyujinrong.com/Application/Runtime/Cache/Admin/8811399cceac5a326d276ce653a36b76.php 第 178 行.
INFO: Run Behavior\ParseTemplateBehavior [ RunTime:0.016259s ]
INFO: [ view_parse ] --END-- [ RunTime:0.016295s ]
INFO: [ view_filter ] --START--
INFO: Run Behavior\WriteHtmlCacheBehavior [ RunTime:0.000185s ]
INFO: [ view_filter ] --END-- [ RunTime:0.000218s ]
INFO: [ app_end ] --START--
INFO: Run Behavior\ShowPageTraceBehavior [ RunTime:0.000463s ]
INFO: [ app_end ] --END-- [ RunTime:0.000512s ]

[ 2017-12-29T15:38:05+08:00 ] 116.226.228.2 /index.php/Admin/Index/index.html
INFO: [ app_init ] --START--
INFO: Run Behavior\BuildLiteBehavior [ RunTime:0.000012s ]
INFO: [ app_init ] --END-- [ RunTime:0.000332s ]
INFO: [ app_begin ] --START--
INFO: Run Behavior\ReadHtmlCacheBehavior [ RunTime:0.000390s ]
INFO: [ app_begin ] --END-- [ RunTime:0.000430s ]
SQL: SHOW COLUMNS FROM `yzs_log` [ RunTime:0.0007s ]
SQL: INSERT INTO `yzs_log` (`ctr`,`act`,`user_id`,`user_name`,`get`,`post`,`time`) VALUES ('Index','index','3','will','','','1514533085') [ RunTime:0.0119s ]
SQL: SHOW COLUMNS FROM `yzs_catalogue` [ RunTime:0.0005s ]
SQL: SELECT * FROM `yzs_catalogue` WHERE ( state=1 )  [ RunTime:0.0003s ]
SQL: SHOW COLUMNS FROM `yzs_rank_catalogue` [ RunTime:0.0004s ]
SQL: SELECT `c_id` FROM `yzs_rank_catalogue` WHERE ( r_id='1' )  [ RunTime:0.0002s ]
INFO: [ view_parse ] --START--
INFO: [ template_filter ] --START--
INFO: Run Behavior\ContentReplaceBehavior [ RunTime:0.000040s ]
INFO: [ template_filter ] --END-- [ RunTime:0.000081s ]
INFO: Run Behavior\ParseTemplateBehavior [ RunTime:0.005244s ]
INFO: [ view_parse ] --END-- [ RunTime:0.005284s ]
INFO: [ view_filter ] --START--
INFO: Run Behavior\WriteHtmlCacheBehavior [ RunTime:0.000217s ]
INFO: [ view_filter ] --END-- [ RunTime:0.000250s ]
INFO: [ app_end ] --START--
INFO: Run Behavior\ShowPageTraceBehavior [ RunTime:0.000424s ]
INFO: [ app_end ] --END-- [ RunTime:0.000460s ]

[ 2017-12-29T15:38:06+08:00 ] 116.226.228.2 /index.php/Admin/Product/roasting.html
INFO: [ app_init ] --START--
INFO: Run Behavior\BuildLiteBehavior [ RunTime:0.000013s ]
INFO: [ app_init ] --END-- [ RunTime:0.000293s ]
INFO: [ app_begin ] --START--
INFO: Run Behavior\ReadHtmlCacheBehavior [ RunTime:0.000413s ]
INFO: [ app_begin ] --END-- [ RunTime:0.000455s ]
SQL: SHOW COLUMNS FROM `yzs_log` [ RunTime:0.0006s ]
SQL: INSERT INTO `yzs_log` (`ctr`,`act`,`user_id`,`user_name`,`get`,`post`,`time`) VALUES ('Product','roasting','3','will','','','1514533086') [ RunTime:0.0128s ]
NOTIC: [8] Undefined index: name /home/wwwroot/cesi3.0.zhiyujinrong.com/Application/Admin/Controller/ProductController.class.php 第 1579 行.
NOTIC: [8] Undefined index: menu /home/wwwroot/cesi3.0.zhiyujinrong.com/Application/Admin/Controller/ProductController.class.php 第 1580 行.
NOTIC: [8] Undefined index: name /home/wwwroot/cesi3.0.zhiyujinrong.com/Application/Admin/Controller/ProductController.class.php 第 1582 行.
SQL: select r.id,r.p_id,p.name,p.img_roasting,p.banks,p.img_url from yzs_roasting r, yzs_product p where p.id=r.p_id and 1 [ RunTime:0.0003s ]
SQL: select * from yzs_product where id not in(select distinct(p_id) from yzs_roasting where p_id!='0') and img_roasting != '' [ RunTime:0.0005s ]
INFO: [ view_parse ] --START--
INFO: [ template_filter ] --START--
INFO: Run Behavior\ContentReplaceBehavior [ RunTime:0.000116s ]
INFO: [ template_filter ] --END-- [ RunTime:0.000160s ]
NOTIC: [8] Undefined index: code /home/wwwroot/cesi3.0.zhiyujinrong.com/Application/Runtime/Cache/Admin/8811399cceac5a326d276ce653a36b76.php 第 92 行.
NOTIC: [8] Undefined index: source /home/wwwroot/cesi3.0.zhiyujinrong.com/Application/Runtime/Cache/Admin/8811399cceac5a326d276ce653a36b76.php 第 94 行.
NOTIC: [8] Undefined index: city /home/wwwroot/cesi3.0.zhiyujinrong.com/Application/Runtime/Cache/Admin/8811399cceac5a326d276ce653a36b76.php 第 99 行.
NOTIC: [8] Undefined index: min_money /home/wwwroot/cesi3.0.zhiyujinrong.com/Application/Runtime/Cache/Admin/8811399cceac5a326d276ce653a36b76.php 第 100 行.
NOTIC: [8] Undefined index: max_money /home/wwwroot/cesi3.0.zhiyujinrong.com/Application/Runtime/Cache/Admin/8811399cceac5a326d276ce653a36b76.php 第 101 行.
NOTIC: [8] Undefined index: add_time /home/wwwroot/cesi3.0.zhiyujinrong.com/Application/Runtime/Cache/Admin/8811399cceac5a326d276ce653a36b76.php 第 102 行.
NOTIC: [8] Undefined index: state /home/wwwroot/cesi3.0.zhiyujinrong.com/Application/Runtime/Cache/Admin/8811399cceac5a326d276ce653a36b76.php 第 103 行.
NOTIC: [8] Undefined index: enter_time /home/wwwroot/cesi3.0.zhiyujinrong.com/Application/Runtime/Cache/Admin/8811399cceac5a326d276ce653a36b76.php 第 104 行.
NOTIC: [8] Undefined index: enter_ip /home/wwwroot/cesi3.0.zhiyujinrong.com/Application/Runtime/Cache/Admin/8811399cceac5a326d276ce653a36b76.php 第 105 行.
NOTIC: [8] Undefined index: delete /home/wwwroot/cesi3.0.zhiyujinrong.com/Application/Runtime/Cache/Admin/8811399cceac5a326d276ce653a36b76.php 第 110 行.
NOTIC: [8] Undefined index: menu /home/wwwroot/cesi3.0.zhiyujinrong.com/Application/Runtime/Cache/Admin/8811399cceac5a326d276ce653a36b76.php 第 110 行.
NOTIC: [8] Undefined index: code /home/wwwroot/cesi3.0.zhiyujinrong.com/Application/Runtime/Cache/Admin/8811399cceac5a326d276ce653a36b76.php 第 92 行.
NOTIC: [8] Undefined index: source /home/wwwroot/cesi3.0.zhiyujinrong.com/Application/Runtime/Cache/Admin/8811399cceac5a326d276ce653a36b76.php 第 94 行.
NOTIC: [8] Undefined index: city /home/wwwroot/cesi3.0.zhiyujinrong.com/Application/Runtime/Cache/Admin/8811399cceac5a326d276ce653a36b76.php 第 99 行.
NOTIC: [8] Undefined index: min_money /home/wwwroot/cesi3.0.zhiyujinrong.com/Application/Runtime/Cache/Admin/8811399cceac5a326d276ce653a36b76.php 第 100 行.
NOTIC: [8] Undefined index: max_money /home/wwwroot/cesi3.0.zhiyujinrong.com/Application/Runtime/Cache/Admin/8811399cceac5a326d276ce653a36b76.php 第 101 行.
NOTIC: [8] Undefined index: add_time /home/wwwroot/cesi3.0.zhiyujinrong.com/Application/Runtime/Cache/Admin/8811399cceac5a326d276ce653a36b76.php 第 102 行.
NOTIC: [8] Undefined index: state /home/wwwroot/cesi3.0.zhiyujinrong.com/Application/Runtime/Cache/Admin/8811399cceac5a326d276ce653a36b76.php 第 103 行.
NOTIC: [8] Undefined index: enter_time /home/wwwroot/cesi3.0.zhiyujinrong.com/Application/Runtime/Cache/Admin/8811399cceac5a326d276ce653a36b76.php 第 104 行.
NOTIC: [8] Undefined index: enter_ip /home/wwwroot/cesi3.0.zhiyujinrong.com/Application/Runtime/Cache/Admin/8811399cceac5a326d276ce653a36b76.php 第 105 行.
NOTIC: [8] Undefined index: delete /home/wwwroot/cesi3.0.zhiyujinrong.com/Application/Runtime/Cache/Admin/8811399cceac5a326d276ce653a36b76.php 第 110 行.
NOTIC: [8] Undefined index: menu /home/wwwroot/cesi3.0.zhiyujinrong.com/Application/Runtime/Cache/Admin/8811399cceac5a326d276ce653a36b76.php 第 110 行.
NOTIC: [8] Undefined index: code /home/wwwroot/cesi3.0.zhiyujinrong.com/Application/Runtime/Cache/Admin/8811399cceac5a326d276ce653a36b76.php 第 92 行.
NOTIC: [8] Undefined index: source /home/wwwroot/cesi3.0.zhiyujinrong.com/Application/Runtime/Cache/Admin/8811399cceac5a326d276ce653a36b76.php 第 94 行.
NOTIC: [8] Undefined index: city /home/wwwroot/cesi3.0.zhiyujinrong.com/Application/Runtime/Cache/Admin/8811399cceac5a326d276ce653a36b76.php 第 99 行.
NOTIC: [8] Undefined index: min_money /home/wwwroot/cesi3.0.zhiyujinrong.com/Application/Runtime/Cache/Admin/8811399cceac5a326d276ce653a36b76.php 第 100 行.
NOTIC: [8] Undefined index: max_money /home/wwwroot/cesi3.0.zhiyujinrong.com/Application/Runtime/Cache/Admin/8811399cceac5a326d276ce653a36b76.php 第 101 行.
NOTIC: [8] Undefined index: add_time /home/wwwroot/cesi3.0.zhiyujinrong.com/Application/Runtime/Cache/Admin/8811399cceac5a326d276ce653a36b76.php 第 102 行.
NOTIC: [8] Undefined index: state /home/wwwroot/cesi3.0.zhiyujinrong.com/Application/Runtime/Cache/Admin/8811399cceac5a326d276ce653a36b76.php 第 103 行.
NOTIC: [8] Undefined index: enter_time /home/wwwroot/cesi3.0.zhiyujinrong.com/Application/Runtime/Cache/Admin/8811399cceac5a326d276ce653a36b76.php 第 104 行.
NOTIC: [8] Undefined index: enter_ip /home/wwwroot/cesi3.0.zhiyujinrong.com/Application/Runtime/Cache/Admin/8811399cceac5a326d276ce653a36b76.php 第 105 行.
NOTIC: [8] Undefined index: delete /home/wwwroot/cesi3.0.zhiyujinrong.com/Application/Runtime/Cache/Admin/8811399cceac5a326d276ce653a36b76.php 第 110 行.
NOTIC: [8] Undefined index: menu /home/wwwroot/cesi3.0.zhiyujinrong.com/Application/Runtime/Cache/Admin/8811399cceac5a326d276ce653a36b76.php 第 110 行.
NOTIC: [8] Undefined variable: product /home/wwwroot/cesi3.0.zhiyujinrong.com/Application/Runtime/Cache/Admin/8811399cceac5a326d276ce653a36b76.php 第 131 行.
NOTIC: [8] Undefined variable: page_number /home/wwwroot/cesi3.0.zhiyujinrong.com/Application/Runtime/Cache/Admin/8811399cceac5a326d276ce653a36b76.php 第 158 行.
NOTIC: [8] Undefined variable: page_number /home/wwwroot/cesi3.0.zhiyujinrong.com/Application/Runtime/Cache/Admin/8811399cceac5a326d276ce653a36b76.php 第 158 行.
NOTIC: [8] Undefined variable: page_number /home/wwwroot/cesi3.0.zhiyujinrong.com/Application/Runtime/Cache/Admin/8811399cceac5a326d276ce653a36b76.php 第 159 行.
NOTIC: [8] Undefined variable: page_number /home/wwwroot/cesi3.0.zhiyujinrong.com/Application/Runtime/Cache/Admin/8811399cceac5a326d276ce653a36b76.php 第 162 行.
NOTIC: [8] Undefined variable: page_number /home/wwwroot/cesi3.0.zhiyujinrong.com/Application/Runtime/Cache/Admin/8811399cceac5a326d276ce653a36b76.php 第 175 行.
NOTIC: [8] Undefined variable: page_number /home/wwwroot/cesi3.0.zhiyujinrong.com/Application/Runtime/Cache/Admin/8811399cceac5a326d276ce653a36b76.php 第 178 行.
NOTIC: [8] Undefined variable: page_number /home/wwwroot/cesi3.0.zhiyujinrong.com/Application/Runtime/Cache/Admin/8811399cceac5a326d276ce653a36b76.php 第 178 行.
INFO: Run Behavior\ParseTemplateBehavior [ RunTime:0.016564s ]
INFO: [ view_parse ] --END-- [ RunTime:0.016613s ]
INFO: [ view_filter ] --START--
INFO: Run Behavior\WriteHtmlCacheBehavior [ RunTime:0.000178s ]
INFO: [ view_filter ] --END-- [ RunTime:0.000219s ]
INFO: [ app_end ] --START--
INFO: Run Behavior\ShowPageTraceBehavior [ RunTime:0.000459s ]
INFO: [ app_end ] --END-- [ RunTime:0.000498s ]

[ 2017-12-29T15:38:06+08:00 ] 116.226.228.2 /index.php/Admin/Index/index.html
INFO: [ app_init ] --START--
INFO: Run Behavior\BuildLiteBehavior [ RunTime:0.000011s ]
INFO: [ app_init ] --END-- [ RunTime:0.006302s ]
INFO: [ app_begin ] --START--
INFO: Run Behavior\ReadHtmlCacheBehavior [ RunTime:0.000396s ]
INFO: [ app_begin ] --END-- [ RunTime:0.000436s ]
SQL: SHOW COLUMNS FROM `yzs_log` [ RunTime:0.0006s ]
SQL: INSERT INTO `yzs_log` (`ctr`,`act`,`user_id`,`user_name`,`get`,`post`,`time`) VALUES ('Index','index','3','will','','','1514533086') [ RunTime:0.0127s ]
SQL: SHOW COLUMNS FROM `yzs_catalogue` [ RunTime:0.0005s ]
SQL: SELECT * FROM `yzs_catalogue` WHERE ( state=1 )  [ RunTime:0.0003s ]
SQL: SHOW COLUMNS FROM `yzs_rank_catalogue` [ RunTime:0.0003s ]
SQL: SELECT `c_id` FROM `yzs_rank_catalogue` WHERE ( r_id='1' )  [ RunTime:0.0002s ]
INFO: [ view_parse ] --START--
INFO: [ template_filter ] --START--
INFO: Run Behavior\ContentReplaceBehavior [ RunTime:0.000042s ]
INFO: [ template_filter ] --END-- [ RunTime:0.000083s ]
INFO: Run Behavior\ParseTemplateBehavior [ RunTime:0.005066s ]
INFO: [ view_parse ] --END-- [ RunTime:0.005106s ]
INFO: [ view_filter ] --START--
INFO: Run Behavior\WriteHtmlCacheBehavior [ RunTime:0.000190s ]
INFO: [ view_filter ] --END-- [ RunTime:0.000222s ]
INFO: [ app_end ] --START--
INFO: Run Behavior\ShowPageTraceBehavior [ RunTime:0.000410s ]
INFO: [ app_end ] --END-- [ RunTime:0.000445s ]

[ 2017-12-29T15:38:06+08:00 ] 116.226.228.2 /index.php/Admin/System/admin_list.html
INFO: [ app_init ] --START--
INFO: Run Behavior\BuildLiteBehavior [ RunTime:0.000011s ]
INFO: [ app_init ] --END-- [ RunTime:0.000285s ]
INFO: [ app_begin ] --START--
INFO: Run Behavior\ReadHtmlCacheBehavior [ RunTime:0.000389s ]
INFO: [ app_begin ] --END-- [ RunTime:0.000426s ]
SQL: SHOW COLUMNS FROM `yzs_log` [ RunTime:0.0006s ]
SQL: INSERT INTO `yzs_log` (`ctr`,`act`,`user_id`,`user_name`,`get`,`post`,`time`) VALUES ('System','admin_list','3','will','','','1514533086') [ RunTime:0.0139s ]
NOTIC: [8] Undefined index: name /home/wwwroot/cesi3.0.zhiyujinrong.com/Application/Admin/Controller/SystemController.class.php 第 252 行.
SQL: SHOW COLUMNS FROM `yzs_admin_users` [ RunTime:0.0007s ]
SQL: SELECT COUNT(*) AS tp_count FROM `yzs_admin_users` LIMIT 1   [ RunTime:0.0002s ]
SQL: SELECT * FROM `yzs_admin_users` WHERE ( 1 ) ORDER BY rank LIMIT 0,20   [ RunTime:0.0003s ]
NOTIC: [2] date() expects parameter 2 to be long, string given /home/wwwroot/cesi3.0.zhiyujinrong.com/Application/Admin/Controller/SystemController.class.php 第 274 行.
SQL: SELECT `name` FROM `yzs_admin_users` WHERE ( id=0 ) LIMIT 1   [ RunTime:0.0059s ]
SQL: SHOW COLUMNS FROM `yzs_rank` [ RunTime:0.0052s ]
SQL: SELECT `rank` FROM `yzs_rank` WHERE ( id=1 ) LIMIT 1   [ RunTime:0.0002s ]
SQL: SELECT `name` FROM `yzs_admin_users` WHERE ( id=0 ) LIMIT 1   [ RunTime:0.0003s ]
SQL: SELECT `rank` FROM `yzs_rank` WHERE ( id=1 ) LIMIT 1   [ RunTime:0.0001s ]
SQL: SELECT `name` FROM `yzs_admin_users` WHERE ( id=3 ) LIMIT 1   [ RunTime:0.0001s ]
SQL: SELECT `rank` FROM `yzs_rank` WHERE ( id=2 ) LIMIT 1   [ RunTime:0.0001s ]
SQL: SHOW COLUMNS FROM `yzs_territory` [ RunTime:0.0004s ]
SQL: SELECT `name` FROM `yzs_territory` WHERE ( id=2 ) LIMIT 1   [ RunTime:0.0002s ]
NOTIC: [2] date() expects parameter 2 to be long, string given /home/wwwroot/cesi3.0.zhiyujinrong.com/Application/Admin/Controller/SystemController.class.php 第 274 行.
SQL: SELECT `name` FROM `yzs_admin_users` WHERE ( id=3 ) LIMIT 1   [ RunTime:0.0001s ]
SQL: SELECT `rank` FROM `yzs_rank` WHERE ( id=3 ) LIMIT 1   [ RunTime:0.0001s ]
SQL: SELECT `name` FROM `yzs_territory` WHERE ( id=1 ) LIMIT 1   [ RunTime:0.0001s ]
NOTIC: [2] date() expects parameter 2 to be long, string given /home/wwwroot/cesi3.0.zhiyujinrong.com/Application/Admin/Controller/SystemController.class.php 第 275 行.
SQL: SELECT `name` FROM `yzs_admin_users` WHERE ( id=1 ) LIMIT 1   [ RunTime:0.0001s ]
SQL: SELECT `rank` FROM `yzs_rank` WHERE ( id=6 ) LIMIT 1   [ RunTime:0.0001s ]
SQL: SELECT `name` FROM `yzs_territory` WHERE ( id=7 ) LIMIT 1   [ RunTime:0.0001s ]
NOTIC: [2] date() expects parameter 2 to be long, string given /home/wwwroot/cesi3.0.zhiyujinrong.com/Application/Admin/Controller/SystemController.class.php 第 275 行.
SQL: SELECT `name` FROM `yzs_admin_users` WHERE ( id=1 ) LIMIT 1   [ RunTime:0.0001s ]
SQL: SELECT `rank` FROM `yzs_rank` WHERE ( id=6 ) LIMIT 1   [ RunTime:0.0001s ]
SQL: SELECT `name` FROM `yzs_territory` WHERE ( id=1 ) LIMIT 1   [ RunTime:0.0001s ]
INFO: [ view_parse ] --START--
INFO: [ template_filter ] --START--
INFO: Run Behavior\ContentReplaceBehavior [ RunTime:0.000053s ]
INFO: [ template_filter ] --END-- [ RunTime:0.000092s ]
INFO: Run Behavior\ParseTemplateBehavior [ RunTime:0.008909s ]
INFO: [ view_parse ] --END-- [ RunTime:0.008950s ]
INFO: [ view_filter ] --START--
INFO: Run Behavior\WriteHtmlCacheBehavior [ RunTime:0.000176s ]
INFO: [ view_filter ] --END-- [ RunTime:0.000209s ]
INFO: [ app_end ] --START--
INFO: Run Behavior\ShowPageTraceBehavior [ RunTime:0.000420s ]
INFO: [ app_end ] --END-- [ RunTime:0.000455s ]

[ 2017-12-29T15:38:06+08:00 ] 116.226.228.2 /index.php/Admin/Index/index.html
INFO: [ app_init ] --START--
INFO: Run Behavior\BuildLiteBehavior [ RunTime:0.000012s ]
INFO: [ app_init ] --END-- [ RunTime:0.000275s ]
INFO: [ app_begin ] --START--
INFO: Run Behavior\ReadHtmlCacheBehavior [ RunTime:0.000859s ]
INFO: [ app_begin ] --END-- [ RunTime:0.001011s ]
SQL: SHOW COLUMNS FROM `yzs_log` [ RunTime:0.0008s ]
SQL: INSERT INTO `yzs_log` (`ctr`,`act`,`user_id`,`user_name`,`get`,`post`,`time`) VALUES ('Index','index','3','will','','','1514533086') [ RunTime:0.0132s ]
SQL: SHOW COLUMNS FROM `yzs_catalogue` [ RunTime:0.0006s ]
SQL: SELECT * FROM `yzs_catalogue` WHERE ( state=1 )  [ RunTime:0.0003s ]
SQL: SHOW COLUMNS FROM `yzs_rank_catalogue` [ RunTime:0.0004s ]
SQL: SELECT `c_id` FROM `yzs_rank_catalogue` WHERE ( r_id='1' )  [ RunTime:0.0002s ]
INFO: [ view_parse ] --START--
INFO: [ template_filter ] --START--
INFO: Run Behavior\ContentReplaceBehavior [ RunTime:0.000042s ]
INFO: [ template_filter ] --END-- [ RunTime:0.000084s ]
INFO: Run Behavior\ParseTemplateBehavior [ RunTime:0.005402s ]
INFO: [ view_parse ] --END-- [ RunTime:0.005441s ]
INFO: [ view_filter ] --START--
INFO: Run Behavior\WriteHtmlCacheBehavior [ RunTime:0.000174s ]
INFO: [ view_filter ] --END-- [ RunTime:0.000216s ]
INFO: [ app_end ] --START--
INFO: Run Behavior\ShowPageTraceBehavior [ RunTime:0.000444s ]
INFO: [ app_end ] --END-- [ RunTime:0.000481s ]

[ 2017-12-29T15:38:06+08:00 ] 116.226.228.2 /index.php/Admin/Product/roasting.html
INFO: [ app_init ] --START--
INFO: Run Behavior\BuildLiteBehavior [ RunTime:0.000012s ]
INFO: [ app_init ] --END-- [ RunTime:0.000303s ]
INFO: [ app_begin ] --START--
INFO: Run Behavior\ReadHtmlCacheBehavior [ RunTime:0.000407s ]
INFO: [ app_begin ] --END-- [ RunTime:0.000455s ]
SQL: SHOW COLUMNS FROM `yzs_log` [ RunTime:0.0006s ]
SQL: INSERT INTO `yzs_log` (`ctr`,`act`,`user_id`,`user_name`,`get`,`post`,`time`) VALUES ('Product','roasting','3','will','','','1514533086') [ RunTime:0.0139s ]
NOTIC: [8] Undefined index: name /home/wwwroot/cesi3.0.zhiyujinrong.com/Application/Admin/Controller/ProductController.class.php 第 1579 行.
NOTIC: [8] Undefined index: menu /home/wwwroot/cesi3.0.zhiyujinrong.com/Application/Admin/Controller/ProductController.class.php 第 1580 行.
NOTIC: [8] Undefined index: name /home/wwwroot/cesi3.0.zhiyujinrong.com/Application/Admin/Controller/ProductController.class.php 第 1582 行.
SQL: select r.id,r.p_id,p.name,p.img_roasting,p.banks,p.img_url from yzs_roasting r, yzs_product p where p.id=r.p_id and 1 [ RunTime:0.0003s ]
SQL: select * from yzs_product where id not in(select distinct(p_id) from yzs_roasting where p_id!='0') and img_roasting != '' [ RunTime:0.0005s ]
INFO: [ view_parse ] --START--
INFO: [ template_filter ] --START--
INFO: Run Behavior\ContentReplaceBehavior [ RunTime:0.000100s ]
INFO: [ template_filter ] --END-- [ RunTime:0.000143s ]
NOTIC: [8] Undefined index: code /home/wwwroot/cesi3.0.zhiyujinrong.com/Application/Runtime/Cache/Admin/8811399cceac5a326d276ce653a36b76.php 第 92 行.
NOTIC: [8] Undefined index: source /home/wwwroot/cesi3.0.zhiyujinrong.com/Application/Runtime/Cache/Admin/8811399cceac5a326d276ce653a36b76.php 第 94 行.
NOTIC: [8] Undefined index: city /home/wwwroot/cesi3.0.zhiyujinrong.com/Application/Runtime/Cache/Admin/8811399cceac5a326d276ce653a36b76.php 第 99 行.
NOTIC: [8] Undefined index: min_money /home/wwwroot/cesi3.0.zhiyujinrong.com/Application/Runtime/Cache/Admin/8811399cceac5a326d276ce653a36b76.php 第 100 行.
NOTIC: [8] Undefined index: max_money /home/wwwroot/cesi3.0.zhiyujinrong.com/Application/Runtime/Cache/Admin/8811399cceac5a326d276ce653a36b76.php 第 101 行.
NOTIC: [8] Undefined index: add_time /home/wwwroot/cesi3.0.zhiyujinrong.com/Application/Runtime/Cache/Admin/8811399cceac5a326d276ce653a36b76.php 第 102 行.
NOTIC: [8] Undefined index: state /home/wwwroot/cesi3.0.zhiyujinrong.com/Application/Runtime/Cache/Admin/8811399cceac5a326d276ce653a36b76.php 第 103 行.
NOTIC: [8] Undefined index: enter_time /home/wwwroot/cesi3.0.zhiyujinrong.com/Application/Runtime/Cache/Admin/8811399cceac5a326d276ce653a36b76.php 第 104 行.
NOTIC: [8] Undefined index: enter_ip /home/wwwroot/cesi3.0.zhiyujinrong.com/Application/Runtime/Cache/Admin/8811399cceac5a326d276ce653a36b76.php 第 105 行.
NOTIC: [8] Undefined index: delete /home/wwwroot/cesi3.0.zhiyujinrong.com/Application/Runtime/Cache/Admin/8811399cceac5a326d276ce653a36b76.php 第 110 行.
NOTIC: [8] Undefined index: menu /home/wwwroot/cesi3.0.zhiyujinrong.com/Application/Runtime/Cache/Admin/8811399cceac5a326d276ce653a36b76.php 第 110 行.
NOTIC: [8] Undefined index: code /home/wwwroot/cesi3.0.zhiyujinrong.com/Application/Runtime/Cache/Admin/8811399cceac5a326d276ce653a36b76.php 第 92 行.
NOTIC: [8] Undefined index: source /home/wwwroot/cesi3.0.zhiyujinrong.com/Application/Runtime/Cache/Admin/8811399cceac5a326d276ce653a36b76.php 第 94 行.
NOTIC: [8] Undefined index: city /home/wwwroot/cesi3.0.zhiyujinrong.com/Application/Runtime/Cache/Admin/8811399cceac5a326d276ce653a36b76.php 第 99 行.
NOTIC: [8] Undefined index: min_money /home/wwwroot/cesi3.0.zhiyujinrong.com/Application/Runtime/Cache/Admin/8811399cceac5a326d276ce653a36b76.php 第 100 行.
NOTIC: [8] Undefined index: max_money /home/wwwroot/cesi3.0.zhiyujinrong.com/Application/Runtime/Cache/Admin/8811399cceac5a326d276ce653a36b76.php 第 101 行.
NOTIC: [8] Undefined index: add_time /home/wwwroot/cesi3.0.zhiyujinrong.com/Application/Runtime/Cache/Admin/8811399cceac5a326d276ce653a36b76.php 第 102 行.
NOTIC: [8] Undefined index: state /home/wwwroot/cesi3.0.zhiyujinrong.com/Application/Runtime/Cache/Admin/8811399cceac5a326d276ce653a36b76.php 第 103 行.
NOTIC: [8] Undefined index: enter_time /home/wwwroot/cesi3.0.zhiyujinrong.com/Application/Runtime/Cache/Admin/8811399cceac5a326d276ce653a36b76.php 第 104 行.
NOTIC: [8] Undefined index: enter_ip /home/wwwroot/cesi3.0.zhiyujinrong.com/Application/Runtime/Cache/Admin/8811399cceac5a326d276ce653a36b76.php 第 105 行.
NOTIC: [8] Undefined index: delete /home/wwwroot/cesi3.0.zhiyujinrong.com/Application/Runtime/Cache/Admin/8811399cceac5a326d276ce653a36b76.php 第 110 行.
NOTIC: [8] Undefined index: menu /home/wwwroot/cesi3.0.zhiyujinrong.com/Application/Runtime/Cache/Admin/8811399cceac5a326d276ce653a36b76.php 第 110 行.
NOTIC: [8] Undefined index: code /home/wwwroot/cesi3.0.zhiyujinrong.com/Application/Runtime/Cache/Admin/8811399cceac5a326d276ce653a36b76.php 第 92 行.
NOTIC: [8] Undefined index: source /home/wwwroot/cesi3.0.zhiyujinrong.com/Application/Runtime/Cache/Admin/8811399cceac5a326d276ce653a36b76.php 第 94 行.
NOTIC: [8] Undefined index: city /home/wwwroot/cesi3.0.zhiyujinrong.com/Application/Runtime/Cache/Admin/8811399cceac5a326d276ce653a36b76.php 第 99 行.
NOTIC: [8] Undefined index: min_money /home/wwwroot/cesi3.0.zhiyujinrong.com/Application/Runtime/Cache/Admin/8811399cceac5a326d276ce653a36b76.php 第 100 行.
NOTIC: [8] Undefined index: max_money /home/wwwroot/cesi3.0.zhiyujinrong.com/Application/Runtime/Cache/Admin/8811399cceac5a326d276ce653a36b76.php 第 101 行.
NOTIC: [8] Undefined index: add_time /home/wwwroot/cesi3.0.zhiyujinrong.com/Application/Runtime/Cache/Admin/8811399cceac5a326d276ce653a36b76.php 第 102 行.
NOTIC: [8] Undefined index: state /home/wwwroot/cesi3.0.zhiyujinrong.com/Application/Runtime/Cache/Admin/8811399cceac5a326d276ce653a36b76.php 第 103 行.
NOTIC: [8] Undefined index: enter_time /home/wwwroot/cesi3.0.zhiyujinrong.com/Application/Runtime/Cache/Admin/8811399cceac5a326d276ce653a36b76.php 第 104 行.
NOTIC: [8] Undefined index: enter_ip /home/wwwroot/cesi3.0.zhiyujinrong.com/Application/Runtime/Cache/Admin/8811399cceac5a326d276ce653a36b76.php 第 105 行.
NOTIC: [8] Undefined index: delete /home/wwwroot/cesi3.0.zhiyujinrong.com/Application/Runtime/Cache/Admin/8811399cceac5a326d276ce653a36b76.php 第 110 行.
NOTIC: [8] Undefined index: menu /home/wwwroot/cesi3.0.zhiyujinrong.com/Application/Runtime/Cache/Admin/8811399cceac5a326d276ce653a36b76.php 第 110 行.
NOTIC: [8] Undefined variable: product /home/wwwroot/cesi3.0.zhiyujinrong.com/Application/Runtime/Cache/Admin/8811399cceac5a326d276ce653a36b76.php 第 131 行.
NOTIC: [8] Undefined variable: page_number /home/wwwroot/cesi3.0.zhiyujinrong.com/Application/Runtime/Cache/Admin/8811399cceac5a326d276ce653a36b76.php 第 158 行.
NOTIC: [8] Undefined variable: page_number /home/wwwroot/cesi3.0.zhiyujinrong.com/Application/Runtime/Cache/Admin/8811399cceac5a326d276ce653a36b76.php 第 158 行.
NOTIC: [8] Undefined variable: page_number /home/wwwroot/cesi3.0.zhiyujinrong.com/Application/Runtime/Cache/Admin/8811399cceac5a326d276ce653a36b76.php 第 159 行.
NOTIC: [8] Undefined variable: page_number /home/wwwroot/cesi3.0.zhiyujinrong.com/Application/Runtime/Cache/Admin/8811399cceac5a326d276ce653a36b76.php 第 162 行.
NOTIC: [8] Undefined variable: page_number /home/wwwroot/cesi3.0.zhiyujinrong.com/Application/Runtime/Cache/Admin/8811399cceac5a326d276ce653a36b76.php 第 175 行.
NOTIC: [8] Undefined variable: page_number /home/wwwroot/cesi3.0.zhiyujinrong.com/Application/Runtime/Cache/Admin/8811399cceac5a326d276ce653a36b76.php 第 178 行.
NOTIC: [8] Undefined variable: page_number /home/wwwroot/cesi3.0.zhiyujinrong.com/Application/Runtime/Cache/Admin/8811399cceac5a326d276ce653a36b76.php 第 178 行.
INFO: Run Behavior\ParseTemplateBehavior [ RunTime:0.016551s ]
INFO: [ view_parse ] --END-- [ RunTime:0.016591s ]
INFO: [ view_filter ] --START--
INFO: Run Behavior\WriteHtmlCacheBehavior [ RunTime:0.000196s ]
INFO: [ view_filter ] --END-- [ RunTime:0.000230s ]
INFO: [ app_end ] --START--
INFO: Run Behavior\ShowPageTraceBehavior [ RunTime:0.000413s ]
INFO: [ app_end ] --END-- [ RunTime:0.000456s ]

[ 2017-12-29T15:38:07+08:00 ] 116.226.228.2 /index.php/Admin/Index/index.html
INFO: [ app_init ] --START--
INFO: Run Behavior\BuildLiteBehavior [ RunTime:0.000016s ]
INFO: [ app_init ] --END-- [ RunTime:0.000319s ]
INFO: [ app_begin ] --START--
INFO: Run Behavior\ReadHtmlCacheBehavior [ RunTime:0.000454s ]
INFO: [ app_begin ] --END-- [ RunTime:0.000493s ]
SQL: SHOW COLUMNS FROM `yzs_log` [ RunTime:0.0007s ]
SQL: INSERT INTO `yzs_log` (`ctr`,`act`,`user_id`,`user_name`,`get`,`post`,`time`) VALUES ('Index','index','3','will','','','1514533086') [ RunTime:0.0129s ]
SQL: SHOW COLUMNS FROM `yzs_catalogue` [ RunTime:0.0006s ]
SQL: SELECT * FROM `yzs_catalogue` WHERE ( state=1 )  [ RunTime:0.0003s ]
SQL: SHOW COLUMNS FROM `yzs_rank_catalogue` [ RunTime:0.0003s ]
SQL: SELECT `c_id` FROM `yzs_rank_catalogue` WHERE ( r_id='1' )  [ RunTime:0.0002s ]
INFO: [ view_parse ] --START--
INFO: [ template_filter ] --START--
INFO: Run Behavior\ContentReplaceBehavior [ RunTime:0.000044s ]
INFO: [ template_filter ] --END-- [ RunTime:0.000085s ]
INFO: Run Behavior\ParseTemplateBehavior [ RunTime:0.006876s ]
INFO: [ view_parse ] --END-- [ RunTime:0.006919s ]
INFO: [ view_filter ] --START--
INFO: Run Behavior\WriteHtmlCacheBehavior [ RunTime:0.000211s ]
INFO: [ view_filter ] --END-- [ RunTime:0.000268s ]
INFO: [ app_end ] --START--
INFO: Run Behavior\ShowPageTraceBehavior [ RunTime:0.000478s ]
INFO: [ app_end ] --END-- [ RunTime:0.000515s ]

[ 2017-12-29T15:38:07+08:00 ] 116.226.228.2 /index.php/Admin/System/admin_list.html
INFO: [ app_init ] --START--
INFO: Run Behavior\BuildLiteBehavior [ RunTime:0.000011s ]
INFO: [ app_init ] --END-- [ RunTime:0.000300s ]
INFO: [ app_begin ] --START--
INFO: Run Behavior\ReadHtmlCacheBehavior [ RunTime:0.001761s ]
INFO: [ app_begin ] --END-- [ RunTime:0.001805s ]
SQL: SHOW COLUMNS FROM `yzs_log` [ RunTime:0.0006s ]
SQL: INSERT INTO `yzs_log` (`ctr`,`act`,`user_id`,`user_name`,`get`,`post`,`time`) VALUES ('System','admin_list','3','will','','','1514533087') [ RunTime:0.0125s ]
NOTIC: [8] Undefined index: name /home/wwwroot/cesi3.0.zhiyujinrong.com/Application/Admin/Controller/SystemController.class.php 第 252 行.
SQL: SHOW COLUMNS FROM `yzs_admin_users` [ RunTime:0.0008s ]
SQL: SELECT COUNT(*) AS tp_count FROM `yzs_admin_users` LIMIT 1   [ RunTime:0.0002s ]
SQL: SELECT * FROM `yzs_admin_users` WHERE ( 1 ) ORDER BY rank LIMIT 0,20   [ RunTime:0.0002s ]
NOTIC: [2] date() expects parameter 2 to be long, string given /home/wwwroot/cesi3.0.zhiyujinrong.com/Application/Admin/Controller/SystemController.class.php 第 274 行.
SQL: SELECT `name` FROM `yzs_admin_users` WHERE ( id=0 ) LIMIT 1   [ RunTime:0.0001s ]
SQL: SHOW COLUMNS FROM `yzs_rank` [ RunTime:0.0004s ]
SQL: SELECT `rank` FROM `yzs_rank` WHERE ( id=1 ) LIMIT 1   [ RunTime:0.0002s ]
SQL: SELECT `name` FROM `yzs_admin_users` WHERE ( id=0 ) LIMIT 1   [ RunTime:0.0001s ]
SQL: SELECT `rank` FROM `yzs_rank` WHERE ( id=1 ) LIMIT 1   [ RunTime:0.0002s ]
SQL: SELECT `name` FROM `yzs_admin_users` WHERE ( id=3 ) LIMIT 1   [ RunTime:0.0001s ]
SQL: SELECT `rank` FROM `yzs_rank` WHERE ( id=2 ) LIMIT 1   [ RunTime:0.0001s ]
SQL: SHOW COLUMNS FROM `yzs_territory` [ RunTime:0.0004s ]
SQL: SELECT `name` FROM `yzs_territory` WHERE ( id=2 ) LIMIT 1   [ RunTime:0.0001s ]
NOTIC: [2] date() expects parameter 2 to be long, string given /home/wwwroot/cesi3.0.zhiyujinrong.com/Application/Admin/Controller/SystemController.class.php 第 274 行.
SQL: SELECT `name` FROM `yzs_admin_users` WHERE ( id=3 ) LIMIT 1   [ RunTime:0.0001s ]
SQL: SELECT `rank` FROM `yzs_rank` WHERE ( id=3 ) LIMIT 1   [ RunTime:0.0001s ]
SQL: SELECT `name` FROM `yzs_territory` WHERE ( id=1 ) LIMIT 1   [ RunTime:0.0001s ]
NOTIC: [2] date() expects parameter 2 to be long, string given /home/wwwroot/cesi3.0.zhiyujinrong.com/Application/Admin/Controller/SystemController.class.php 第 275 行.
SQL: SELECT `name` FROM `yzs_admin_users` WHERE ( id=1 ) LIMIT 1   [ RunTime:0.0001s ]
SQL: SELECT `rank` FROM `yzs_rank` WHERE ( id=6 ) LIMIT 1   [ RunTime:0.0001s ]
SQL: SELECT `name` FROM `yzs_territory` WHERE ( id=7 ) LIMIT 1   [ RunTime:0.0001s ]
NOTIC: [2] date() expects parameter 2 to be long, string given /home/wwwroot/cesi3.0.zhiyujinrong.com/Application/Admin/Controller/SystemController.class.php 第 275 行.
SQL: SELECT `name` FROM `yzs_admin_users` WHERE ( id=1 ) LIMIT 1   [ RunTime:0.0001s ]
SQL: SELECT `rank` FROM `yzs_rank` WHERE ( id=6 ) LIMIT 1   [ RunTime:0.0001s ]
SQL: SELECT `name` FROM `yzs_territory` WHERE ( id=1 ) LIMIT 1   [ RunTime:0.0001s ]
INFO: [ view_parse ] --START--
INFO: [ template_filter ] --START--
INFO: Run Behavior\ContentReplaceBehavior [ RunTime:0.000052s ]
INFO: [ template_filter ] --END-- [ RunTime:0.000091s ]
INFO: Run Behavior\ParseTemplateBehavior [ RunTime:0.009262s ]
INFO: [ view_parse ] --END-- [ RunTime:0.009302s ]
INFO: [ view_filter ] --START--
INFO: Run Behavior\WriteHtmlCacheBehavior [ RunTime:0.000187s ]
INFO: [ view_filter ] --END-- [ RunTime:0.000220s ]
INFO: [ app_end ] --START--
INFO: Run Behavior\ShowPageTraceBehavior [ RunTime:0.000482s ]
INFO: [ app_end ] --END-- [ RunTime:0.000520s ]

[ 2017-12-29T15:38:07+08:00 ] 116.226.228.2 /index.php/Admin/System/admin_list.html
INFO: [ app_init ] --START--
INFO: Run Behavior\BuildLiteBehavior [ RunTime:0.000011s ]
INFO: [ app_init ] --END-- [ RunTime:0.000271s ]
INFO: [ app_begin ] --START--
INFO: Run Behavior\ReadHtmlCacheBehavior [ RunTime:0.000397s ]
INFO: [ app_begin ] --END-- [ RunTime:0.000435s ]
SQL: SHOW COLUMNS FROM `yzs_log` [ RunTime:0.0006s ]
SQL: INSERT INTO `yzs_log` (`ctr`,`act`,`user_id`,`user_name`,`get`,`post`,`time`) VALUES ('System','admin_list','3','will','','','1514533087') [ RunTime:0.0130s ]
NOTIC: [8] Undefined index: name /home/wwwroot/cesi3.0.zhiyujinrong.com/Application/Admin/Controller/SystemController.class.php 第 252 行.
SQL: SHOW COLUMNS FROM `yzs_admin_users` [ RunTime:0.0007s ]
SQL: SELECT COUNT(*) AS tp_count FROM `yzs_admin_users` LIMIT 1   [ RunTime:0.0002s ]
SQL: SELECT * FROM `yzs_admin_users` WHERE ( 1 ) ORDER BY rank LIMIT 0,20   [ RunTime:0.0002s ]
NOTIC: [2] date() expects parameter 2 to be long, string given /home/wwwroot/cesi3.0.zhiyujinrong.com/Application/Admin/Controller/SystemController.class.php 第 274 行.
SQL: SELECT `name` FROM `yzs_admin_users` WHERE ( id=0 ) LIMIT 1   [ RunTime:0.0001s ]
SQL: SHOW COLUMNS FROM `yzs_rank` [ RunTime:0.0004s ]
SQL: SELECT `rank` FROM `yzs_rank` WHERE ( id=1 ) LIMIT 1   [ RunTime:0.0001s ]
SQL: SELECT `name` FROM `yzs_admin_users` WHERE ( id=0 ) LIMIT 1   [ RunTime:0.0001s ]
SQL: SELECT `rank` FROM `yzs_rank` WHERE ( id=1 ) LIMIT 1   [ RunTime:0.0001s ]
SQL: SELECT `name` FROM `yzs_admin_users` WHERE ( id=3 ) LIMIT 1   [ RunTime:0.0001s ]
SQL: SELECT `rank` FROM `yzs_rank` WHERE ( id=2 ) LIMIT 1   [ RunTime:0.0001s ]
SQL: SHOW COLUMNS FROM `yzs_territory` [ RunTime:0.0004s ]
SQL: SELECT `name` FROM `yzs_territory` WHERE ( id=2 ) LIMIT 1   [ RunTime:0.0002s ]
NOTIC: [2] date() expects parameter 2 to be long, string given /home/wwwroot/cesi3.0.zhiyujinrong.com/Application/Admin/Controller/SystemController.class.php 第 274 行.
SQL: SELECT `name` FROM `yzs_admin_users` WHERE ( id=3 ) LIMIT 1   [ RunTime:0.0001s ]
SQL: SELECT `rank` FROM `yzs_rank` WHERE ( id=3 ) LIMIT 1   [ RunTime:0.0001s ]
SQL: SELECT `name` FROM `yzs_territory` WHERE ( id=1 ) LIMIT 1   [ RunTime:0.0001s ]
NOTIC: [2] date() expects parameter 2 to be long, string given /home/wwwroot/cesi3.0.zhiyujinrong.com/Application/Admin/Controller/SystemController.class.php 第 275 行.
SQL: SELECT `name` FROM `yzs_admin_users` WHERE ( id=1 ) LIMIT 1   [ RunTime:0.0001s ]
SQL: SELECT `rank` FROM `yzs_rank` WHERE ( id=6 ) LIMIT 1   [ RunTime:0.0001s ]
SQL: SELECT `name` FROM `yzs_territory` WHERE ( id=7 ) LIMIT 1   [ RunTime:0.0001s ]
NOTIC: [2] date() expects parameter 2 to be long, string given /home/wwwroot/cesi3.0.zhiyujinrong.com/Application/Admin/Controller/SystemController.class.php 第 275 行.
SQL: SELECT `name` FROM `yzs_admin_users` WHERE ( id=1 ) LIMIT 1   [ RunTime:0.0001s ]
SQL: SELECT `rank` FROM `yzs_rank` WHERE ( id=6 ) LIMIT 1   [ RunTime:0.0001s ]
SQL: SELECT `name` FROM `yzs_territory` WHERE ( id=1 ) LIMIT 1   [ RunTime:0.0001s ]
INFO: [ view_parse ] --START--
INFO: [ template_filter ] --START--
INFO: Run Behavior\ContentReplaceBehavior [ RunTime:0.000047s ]
INFO: [ template_filter ] --END-- [ RunTime:0.000083s ]
INFO: Run Behavior\ParseTemplateBehavior [ RunTime:0.008723s ]
INFO: [ view_parse ] --END-- [ RunTime:0.008761s ]
INFO: [ view_filter ] --START--
INFO: Run Behavior\WriteHtmlCacheBehavior [ RunTime:0.000174s ]
INFO: [ view_filter ] --END-- [ RunTime:0.000206s ]
INFO: [ app_end ] --START--
INFO: Run Behavior\ShowPageTraceBehavior [ RunTime:0.000449s ]
INFO: [ app_end ] --END-- [ RunTime:0.000485s ]

[ 2017-12-29T15:38:07+08:00 ] 116.226.228.2 /index.php/Admin/Product/roasting.html
INFO: [ app_init ] --START--
INFO: Run Behavior\BuildLiteBehavior [ RunTime:0.000012s ]
INFO: [ app_init ] --END-- [ RunTime:0.000299s ]
INFO: [ app_begin ] --START--
INFO: Run Behavior\ReadHtmlCacheBehavior [ RunTime:0.000390s ]
INFO: [ app_begin ] --END-- [ RunTime:0.000430s ]
SQL: SHOW COLUMNS FROM `yzs_log` [ RunTime:0.0005s ]
SQL: INSERT INTO `yzs_log` (`ctr`,`act`,`user_id`,`user_name`,`get`,`post`,`time`) VALUES ('Product','roasting','3','will','','','1514533087') [ RunTime:0.0122s ]
NOTIC: [8] Undefined index: name /home/wwwroot/cesi3.0.zhiyujinrong.com/Application/Admin/Controller/ProductController.class.php 第 1579 行.
NOTIC: [8] Undefined index: menu /home/wwwroot/cesi3.0.zhiyujinrong.com/Application/Admin/Controller/ProductController.class.php 第 1580 行.
NOTIC: [8] Undefined index: name /home/wwwroot/cesi3.0.zhiyujinrong.com/Application/Admin/Controller/ProductController.class.php 第 1582 行.
SQL: select r.id,r.p_id,p.name,p.img_roasting,p.banks,p.img_url from yzs_roasting r, yzs_product p where p.id=r.p_id and 1 [ RunTime:0.0003s ]
SQL: select * from yzs_product where id not in(select distinct(p_id) from yzs_roasting where p_id!='0') and img_roasting != '' [ RunTime:0.0005s ]
INFO: [ view_parse ] --START--
INFO: [ template_filter ] --START--
INFO: Run Behavior\ContentReplaceBehavior [ RunTime:0.000100s ]
INFO: [ template_filter ] --END-- [ RunTime:0.000142s ]
NOTIC: [8] Undefined index: code /home/wwwroot/cesi3.0.zhiyujinrong.com/Application/Runtime/Cache/Admin/8811399cceac5a326d276ce653a36b76.php 第 92 行.
NOTIC: [8] Undefined index: source /home/wwwroot/cesi3.0.zhiyujinrong.com/Application/Runtime/Cache/Admin/8811399cceac5a326d276ce653a36b76.php 第 94 行.
NOTIC: [8] Undefined index: city /home/wwwroot/cesi3.0.zhiyujinrong.com/Application/Runtime/Cache/Admin/8811399cceac5a326d276ce653a36b76.php 第 99 行.
NOTIC: [8] Undefined index: min_money /home/wwwroot/cesi3.0.zhiyujinrong.com/Application/Runtime/Cache/Admin/8811399cceac5a326d276ce653a36b76.php 第 100 行.
NOTIC: [8] Undefined index: max_money /home/wwwroot/cesi3.0.zhiyujinrong.com/Application/Runtime/Cache/Admin/8811399cceac5a326d276ce653a36b76.php 第 101 行.
NOTIC: [8] Undefined index: add_time /home/wwwroot/cesi3.0.zhiyujinrong.com/Application/Runtime/Cache/Admin/8811399cceac5a326d276ce653a36b76.php 第 102 行.
NOTIC: [8] Undefined index: state /home/wwwroot/cesi3.0.zhiyujinrong.com/Application/Runtime/Cache/Admin/8811399cceac5a326d276ce653a36b76.php 第 103 行.
NOTIC: [8] Undefined index: enter_time /home/wwwroot/cesi3.0.zhiyujinrong.com/Application/Runtime/Cache/Admin/8811399cceac5a326d276ce653a36b76.php 第 104 行.
NOTIC: [8] Undefined index: enter_ip /home/wwwroot/cesi3.0.zhiyujinrong.com/Application/Runtime/Cache/Admin/8811399cceac5a326d276ce653a36b76.php 第 105 行.
NOTIC: [8] Undefined index: delete /home/wwwroot/cesi3.0.zhiyujinrong.com/Application/Runtime/Cache/Admin/8811399cceac5a326d276ce653a36b76.php 第 110 行.
NOTIC: [8] Undefined index: menu /home/wwwroot/cesi3.0.zhiyujinrong.com/Application/Runtime/Cache/Admin/8811399cceac5a326d276ce653a36b76.php 第 110 行.
NOTIC: [8] Undefined index: code /home/wwwroot/cesi3.0.zhiyujinrong.com/Application/Runtime/Cache/Admin/8811399cceac5a326d276ce653a36b76.php 第 92 行.
NOTIC: [8] Undefined index: source /home/wwwroot/cesi3.0.zhiyujinrong.com/Application/Runtime/Cache/Admin/8811399cceac5a326d276ce653a36b76.php 第 94 行.
NOTIC: [8] Undefined index: city /home/wwwroot/cesi3.0.zhiyujinrong.com/Application/Runtime/Cache/Admin/8811399cceac5a326d276ce653a36b76.php 第 99 行.
NOTIC: [8] Undefined index: min_money /home/wwwroot/cesi3.0.zhiyujinrong.com/Application/Runtime/Cache/Admin/8811399cceac5a326d276ce653a36b76.php 第 100 行.
NOTIC: [8] Undefined index: max_money /home/wwwroot/cesi3.0.zhiyujinrong.com/Application/Runtime/Cache/Admin/8811399cceac5a326d276ce653a36b76.php 第 101 行.
NOTIC: [8] Undefined index: add_time /home/wwwroot/cesi3.0.zhiyujinrong.com/Application/Runtime/Cache/Admin/8811399cceac5a326d276ce653a36b76.php 第 102 行.
NOTIC: [8] Undefined index: state /home/wwwroot/cesi3.0.zhiyujinrong.com/Application/Runtime/Cache/Admin/8811399cceac5a326d276ce653a36b76.php 第 103 行.
NOTIC: [8] Undefined index: enter_time /home/wwwroot/cesi3.0.zhiyujinrong.com/Application/Runtime/Cache/Admin/8811399cceac5a326d276ce653a36b76.php 第 104 行.
NOTIC: [8] Undefined index: enter_ip /home/wwwroot/cesi3.0.zhiyujinrong.com/Application/Runtime/Cache/Admin/8811399cceac5a326d276ce653a36b76.php 第 105 行.
NOTIC: [8] Undefined index: delete /home/wwwroot/cesi3.0.zhiyujinrong.com/Application/Runtime/Cache/Admin/8811399cceac5a326d276ce653a36b76.php 第 110 行.
NOTIC: [8] Undefined index: menu /home/wwwroot/cesi3.0.zhiyujinrong.com/Application/Runtime/Cache/Admin/8811399cceac5a326d276ce653a36b76.php 第 110 行.
NOTIC: [8] Undefined index: code /home/wwwroot/cesi3.0.zhiyujinrong.com/Application/Runtime/Cache/Admin/8811399cceac5a326d276ce653a36b76.php 第 92 行.
NOTIC: [8] Undefined index: source /home/wwwroot/cesi3.0.zhiyujinrong.com/Application/Runtime/Cache/Admin/8811399cceac5a326d276ce653a36b76.php 第 94 行.
NOTIC: [8] Undefined index: city /home/wwwroot/cesi3.0.zhiyujinrong.com/Application/Runtime/Cache/Admin/8811399cceac5a326d276ce653a36b76.php 第 99 行.
NOTIC: [8] Undefined index: min_money /home/wwwroot/cesi3.0.zhiyujinrong.com/Application/Runtime/Cache/Admin/8811399cceac5a326d276ce653a36b76.php 第 100 行.
NOTIC: [8] Undefined index: max_money /home/wwwroot/cesi3.0.zhiyujinrong.com/Application/Runtime/Cache/Admin/8811399cceac5a326d276ce653a36b76.php 第 101 行.
NOTIC: [8] Undefined index: add_time /home/wwwroot/cesi3.0.zhiyujinrong.com/Application/Runtime/Cache/Admin/8811399cceac5a326d276ce653a36b76.php 第 102 行.
NOTIC: [8] Undefined index: state /home/wwwroot/cesi3.0.zhiyujinrong.com/Application/Runtime/Cache/Admin/8811399cceac5a326d276ce653a36b76.php 第 103 行.
NOTIC: [8] Undefined index: enter_time /home/wwwroot/cesi3.0.zhiyujinrong.com/Application/Runtime/Cache/Admin/8811399cceac5a326d276ce653a36b76.php 第 104 行.
NOTIC: [8] Undefined index: enter_ip /home/wwwroot/cesi3.0.zhiyujinrong.com/Application/Runtime/Cache/Admin/8811399cceac5a326d276ce653a36b76.php 第 105 行.
NOTIC: [8] Undefined index: delete /home/wwwroot/cesi3.0.zhiyujinrong.com/Application/Runtime/Cache/Admin/8811399cceac5a326d276ce653a36b76.php 第 110 行.
NOTIC: [8] Undefined index: menu /home/wwwroot/cesi3.0.zhiyujinrong.com/Application/Runtime/Cache/Admin/8811399cceac5a326d276ce653a36b76.php 第 110 行.
NOTIC: [8] Undefined variable: product /home/wwwroot/cesi3.0.zhiyujinrong.com/Application/Runtime/Cache/Admin/8811399cceac5a326d276ce653a36b76.php 第 131 行.
NOTIC: [8] Undefined variable: page_number /home/wwwroot/cesi3.0.zhiyujinrong.com/Application/Runtime/Cache/Admin/8811399cceac5a326d276ce653a36b76.php 第 158 行.
NOTIC: [8] Undefined variable: page_number /home/wwwroot/cesi3.0.zhiyujinrong.com/Application/Runtime/Cache/Admin/8811399cceac5a326d276ce653a36b76.php 第 158 行.
NOTIC: [8] Undefined variable: page_number /home/wwwroot/cesi3.0.zhiyujinrong.com/Application/Runtime/Cache/Admin/8811399cceac5a326d276ce653a36b76.php 第 159 行.
NOTIC: [8] Undefined variable: page_number /home/wwwroot/cesi3.0.zhiyujinrong.com/Application/Runtime/Cache/Admin/8811399cceac5a326d276ce653a36b76.php 第 162 行.
NOTIC: [8] Undefined variable: page_number /home/wwwroot/cesi3.0.zhiyujinrong.com/Application/Runtime/Cache/Admin/8811399cceac5a326d276ce653a36b76.php 第 175 行.
NOTIC: [8] Undefined variable: page_number /home/wwwroot/cesi3.0.zhiyujinrong.com/Application/Runtime/Cache/Admin/8811399cceac5a326d276ce653a36b76.php 第 178 行.
NOTIC: [8] Undefined variable: page_number /home/wwwroot/cesi3.0.zhiyujinrong.com/Application/Runtime/Cache/Admin/8811399cceac5a326d276ce653a36b76.php 第 178 行.
INFO: Run Behavior\ParseTemplateBehavior [ RunTime:0.015818s ]
INFO: [ view_parse ] --END-- [ RunTime:0.015858s ]
INFO: [ view_filter ] --START--
INFO: Run Behavior\WriteHtmlCacheBehavior [ RunTime:0.000180s ]
INFO: [ view_filter ] --END-- [ RunTime:0.000212s ]
INFO: [ app_end ] --START--
INFO: Run Behavior\ShowPageTraceBehavior [ RunTime:0.000430s ]
INFO: [ app_end ] --END-- [ RunTime:0.000470s ]

