[ 2017-11-30T18:45:53+08:00 ] 116.226.242.189 /index.php/Admin/Login/img_code.html?4379
INFO: [ app_init ] --START--
INFO: Run Behavior\BuildLiteBehavior [ RunTime:0.000013s ]
INFO: [ app_init ] --END-- [ RunTime:0.000328s ]
INFO: [ app_begin ] --START--
INFO: Run Behavior\ReadHtmlCacheBehavior [ RunTime:0.000431s ]
INFO: [ app_begin ] --END-- [ RunTime:0.000471s ]
INFO: [ app_end ] --START--
INFO: Run Behavior\ShowPageTraceBehavior [ RunTime:0.000476s ]
INFO: [ app_end ] --END-- [ RunTime:0.000519s ]

[ 2017-11-30T18:46:33+08:00 ] 116.226.242.189 /index.php/Admin/User/wechat_list.html
INFO: [ app_init ] --START--
INFO: Run Behavior\BuildLiteBehavior [ RunTime:0.000013s ]
INFO: [ app_init ] --END-- [ RunTime:0.000304s ]
INFO: [ app_begin ] --START--
INFO: Run Behavior\ReadHtmlCacheBehavior [ RunTime:0.000402s ]
INFO: [ app_begin ] --END-- [ RunTime:0.000441s ]
SQL: SHOW COLUMNS FROM `yzs_log` [ RunTime:0.0006s ]
SQL: INSERT INTO `yzs_log` (`ctr`,`act`,`user_id`,`user_name`,`get`,`post`,`time`) VALUES ('User','wechat_list','3','章','','','1512038793') [ RunTime:0.0055s ]
NOTIC: [8] Undefined index: type /home/wwwroot/cesi3.0.zhiyujinrong.com/Application/Admin/Controller/UserController.class.php 第 189 行.
SQL: SHOW COLUMNS FROM `yzs_wxusers` [ RunTime:0.0007s ]
SQL: SELECT COUNT(*) AS tp_count FROM `yzs_wxusers` WHERE ( 1 ) LIMIT 1   [ RunTime:0.0002s ]
SQL: SELECT * FROM `yzs_wxusers` WHERE ( 1 ) ORDER BY is_auth desc, channel_number, w_time desc LIMIT 0,20   [ RunTime:0.0004s ]
NOTIC: [8] Undefined index: type /home/wwwroot/cesi3.0.zhiyujinrong.com/Application/Admin/Controller/UserController.class.php 第 219 行.
INFO: [ view_parse ] --START--
INFO: [ template_filter ] --START--
INFO: Run Behavior\ContentReplaceBehavior [ RunTime:0.000075s ]
INFO: [ template_filter ] --END-- [ RunTime:0.000133s ]
NOTIC: [8] Undefined index: wxfollow /home/wwwroot/cesi3.0.zhiyujinrong.com/Application/Runtime/Cache/Admin/3f21fe2b634004bc598a2ff229ee67b8.php 第 121 行.
NOTIC: [8] Undefined index: access_token /home/wwwroot/cesi3.0.zhiyujinrong.com/Application/Runtime/Cache/Admin/3f21fe2b634004bc598a2ff229ee67b8.php 第 122 行.
NOTIC: [8] Undefined index: refresh_token /home/wwwroot/cesi3.0.zhiyujinrong.com/Application/Runtime/Cache/Admin/3f21fe2b634004bc598a2ff229ee67b8.php 第 123 行.
NOTIC: [8] Undefined index: delete /home/wwwroot/cesi3.0.zhiyujinrong.com/Application/Runtime/Cache/Admin/3f21fe2b634004bc598a2ff229ee67b8.php 第 141 行.
NOTIC: [8] Undefined index: menu /home/wwwroot/cesi3.0.zhiyujinrong.com/Application/Runtime/Cache/Admin/3f21fe2b634004bc598a2ff229ee67b8.php 第 141 行.
NOTIC: [8] Undefined index: wxfollow /home/wwwroot/cesi3.0.zhiyujinrong.com/Application/Runtime/Cache/Admin/3f21fe2b634004bc598a2ff229ee67b8.php 第 121 行.
NOTIC: [8] Undefined index: access_token /home/wwwroot/cesi3.0.zhiyujinrong.com/Application/Runtime/Cache/Admin/3f21fe2b634004bc598a2ff229ee67b8.php 第 122 行.
NOTIC: [8] Undefined index: refresh_token /home/wwwroot/cesi3.0.zhiyujinrong.com/Application/Runtime/Cache/Admin/3f21fe2b634004bc598a2ff229ee67b8.php 第 123 行.
NOTIC: [8] Undefined index: delete /home/wwwroot/cesi3.0.zhiyujinrong.com/Application/Runtime/Cache/Admin/3f21fe2b634004bc598a2ff229ee67b8.php 第 141 行.
NOTIC: [8] Undefined index: menu /home/wwwroot/cesi3.0.zhiyujinrong.com/Application/Runtime/Cache/Admin/3f21fe2b634004bc598a2ff229ee67b8.php 第 141 行.
NOTIC: [8] Undefined index: wxfollow /home/wwwroot/cesi3.0.zhiyujinrong.com/Application/Runtime/Cache/Admin/3f21fe2b634004bc598a2ff229ee67b8.php 第 121 行.
NOTIC: [8] Undefined index: access_token /home/wwwroot/cesi3.0.zhiyujinrong.com/Application/Runtime/Cache/Admin/3f21fe2b634004bc598a2ff229ee67b8.php 第 122 行.
NOTIC: [8] Undefined index: refresh_token /home/wwwroot/cesi3.0.zhiyujinrong.com/Application/Runtime/Cache/Admin/3f21fe2b634004bc598a2ff229ee67b8.php 第 123 行.
NOTIC: [8] Undefined index: delete /home/wwwroot/cesi3.0.zhiyujinrong.com/Application/Runtime/Cache/Admin/3f21fe2b634004bc598a2ff229ee67b8.php 第 141 行.
NOTIC: [8] Undefined index: menu /home/wwwroot/cesi3.0.zhiyujinrong.com/Application/Runtime/Cache/Admin/3f21fe2b634004bc598a2ff229ee67b8.php 第 141 行.
NOTIC: [8] Undefined index: wxfollow /home/wwwroot/cesi3.0.zhiyujinrong.com/Application/Runtime/Cache/Admin/3f21fe2b634004bc598a2ff229ee67b8.php 第 121 行.
NOTIC: [8] Undefined index: access_token /home/wwwroot/cesi3.0.zhiyujinrong.com/Application/Runtime/Cache/Admin/3f21fe2b634004bc598a2ff229ee67b8.php 第 122 行.
NOTIC: [8] Undefined index: refresh_token /home/wwwroot/cesi3.0.zhiyujinrong.com/Application/Runtime/Cache/Admin/3f21fe2b634004bc598a2ff229ee67b8.php 第 123 行.
NOTIC: [8] Undefined index: delete /home/wwwroot/cesi3.0.zhiyujinrong.com/Application/Runtime/Cache/Admin/3f21fe2b634004bc598a2ff229ee67b8.php 第 141 行.
NOTIC: [8] Undefined index: menu /home/wwwroot/cesi3.0.zhiyujinrong.com/Application/Runtime/Cache/Admin/3f21fe2b634004bc598a2ff229ee67b8.php 第 141 行.
NOTIC: [8] Undefined index: wxfollow /home/wwwroot/cesi3.0.zhiyujinrong.com/Application/Runtime/Cache/Admin/3f21fe2b634004bc598a2ff229ee67b8.php 第 121 行.
NOTIC: [8] Undefined index: access_token /home/wwwroot/cesi3.0.zhiyujinrong.com/Application/Runtime/Cache/Admin/3f21fe2b634004bc598a2ff229ee67b8.php 第 122 行.
NOTIC: [8] Undefined index: refresh_token /home/wwwroot/cesi3.0.zhiyujinrong.com/Application/Runtime/Cache/Admin/3f21fe2b634004bc598a2ff229ee67b8.php 第 123 行.
NOTIC: [8] Undefined index: delete /home/wwwroot/cesi3.0.zhiyujinrong.com/Application/Runtime/Cache/Admin/3f21fe2b634004bc598a2ff229ee67b8.php 第 141 行.
NOTIC: [8] Undefined index: menu /home/wwwroot/cesi3.0.zhiyujinrong.com/Application/Runtime/Cache/Admin/3f21fe2b634004bc598a2ff229ee67b8.php 第 141 行.
NOTIC: [8] Undefined index: wxfollow /home/wwwroot/cesi3.0.zhiyujinrong.com/Application/Runtime/Cache/Admin/3f21fe2b634004bc598a2ff229ee67b8.php 第 121 行.
NOTIC: [8] Undefined index: access_token /home/wwwroot/cesi3.0.zhiyujinrong.com/Application/Runtime/Cache/Admin/3f21fe2b634004bc598a2ff229ee67b8.php 第 122 行.
NOTIC: [8] Undefined index: refresh_token /home/wwwroot/cesi3.0.zhiyujinrong.com/Application/Runtime/Cache/Admin/3f21fe2b634004bc598a2ff229ee67b8.php 第 123 行.
NOTIC: [8] Undefined index: delete /home/wwwroot/cesi3.0.zhiyujinrong.com/Application/Runtime/Cache/Admin/3f21fe2b634004bc598a2ff229ee67b8.php 第 141 行.
NOTIC: [8] Undefined index: menu /home/wwwroot/cesi3.0.zhiyujinrong.com/Application/Runtime/Cache/Admin/3f21fe2b634004bc598a2ff229ee67b8.php 第 141 行.
NOTIC: [8] Undefined index: wxfollow /home/wwwroot/cesi3.0.zhiyujinrong.com/Application/Runtime/Cache/Admin/3f21fe2b634004bc598a2ff229ee67b8.php 第 121 行.
NOTIC: [8] Undefined index: access_token /home/wwwroot/cesi3.0.zhiyujinrong.com/Application/Runtime/Cache/Admin/3f21fe2b634004bc598a2ff229ee67b8.php 第 122 行.
NOTIC: [8] Undefined index: refresh_token /home/wwwroot/cesi3.0.zhiyujinrong.com/Application/Runtime/Cache/Admin/3f21fe2b634004bc598a2ff229ee67b8.php 第 123 行.
NOTIC: [8] Undefined index: delete /home/wwwroot/cesi3.0.zhiyujinrong.com/Application/Runtime/Cache/Admin/3f21fe2b634004bc598a2ff229ee67b8.php 第 141 行.
NOTIC: [8] Undefined index: menu /home/wwwroot/cesi3.0.zhiyujinrong.com/Application/Runtime/Cache/Admin/3f21fe2b634004bc598a2ff229ee67b8.php 第 141 行.
NOTIC: [8] Undefined index: wxfollow /home/wwwroot/cesi3.0.zhiyujinrong.com/Application/Runtime/Cache/Admin/3f21fe2b634004bc598a2ff229ee67b8.php 第 121 行.
NOTIC: [8] Undefined index: access_token /home/wwwroot/cesi3.0.zhiyujinrong.com/Application/Runtime/Cache/Admin/3f21fe2b634004bc598a2ff229ee67b8.php 第 122 行.
NOTIC: [8] Undefined index: refresh_token /home/wwwroot/cesi3.0.zhiyujinrong.com/Application/Runtime/Cache/Admin/3f21fe2b634004bc598a2ff229ee67b8.php 第 123 行.
NOTIC: [8] Undefined index: delete /home/wwwroot/cesi3.0.zhiyujinrong.com/Application/Runtime/Cache/Admin/3f21fe2b634004bc598a2ff229ee67b8.php 第 141 行.
NOTIC: [8] Undefined index: menu /home/wwwroot/cesi3.0.zhiyujinrong.com/Application/Runtime/Cache/Admin/3f21fe2b634004bc598a2ff229ee67b8.php 第 141 行.
NOTIC: [8] Undefined index: wxfollow /home/wwwroot/cesi3.0.zhiyujinrong.com/Application/Runtime/Cache/Admin/3f21fe2b634004bc598a2ff229ee67b8.php 第 121 行.
NOTIC: [8] Undefined index: access_token /home/wwwroot/cesi3.0.zhiyujinrong.com/Application/Runtime/Cache/Admin/3f21fe2b634004bc598a2ff229ee67b8.php 第 122 行.
NOTIC: [8] Undefined index: refresh_token /home/wwwroot/cesi3.0.zhiyujinrong.com/Application/Runtime/Cache/Admin/3f21fe2b634004bc598a2ff229ee67b8.php 第 123 行.
NOTIC: [8] Undefined index: delete /home/wwwroot/cesi3.0.zhiyujinrong.com/Application/Runtime/Cache/Admin/3f21fe2b634004bc598a2ff229ee67b8.php 第 141 行.
NOTIC: [8] Undefined index: menu /home/wwwroot/cesi3.0.zhiyujinrong.com/Application/Runtime/Cache/Admin/3f21fe2b634004bc598a2ff229ee67b8.php 第 141 行.
NOTIC: [8] Undefined index: wxfollow /home/wwwroot/cesi3.0.zhiyujinrong.com/Application/Runtime/Cache/Admin/3f21fe2b634004bc598a2ff229ee67b8.php 第 121 行.
NOTIC: [8] Undefined index: access_token /home/wwwroot/cesi3.0.zhiyujinrong.com/Application/Runtime/Cache/Admin/3f21fe2b634004bc598a2ff229ee67b8.php 第 122 行.
NOTIC: [8] Undefined index: refresh_token /home/wwwroot/cesi3.0.zhiyujinrong.com/Application/Runtime/Cache/Admin/3f21fe2b634004bc598a2ff229ee67b8.php 第 123 行.
NOTIC: [8] Undefined index: delete /home/wwwroot/cesi3.0.zhiyujinrong.com/Application/Runtime/Cache/Admin/3f21fe2b634004bc598a2ff229ee67b8.php 第 141 行.
NOTIC: [8] Undefined index: menu /home/wwwroot/cesi3.0.zhiyujinrong.com/Application/Runtime/Cache/Admin/3f21fe2b634004bc598a2ff229ee67b8.php 第 141 行.
NOTIC: [8] Undefined index: wxfollow /home/wwwroot/cesi3.0.zhiyujinrong.com/Application/Runtime/Cache/Admin/3f21fe2b634004bc598a2ff229ee67b8.php 第 121 行.
NOTIC: [8] Undefined index: access_token /home/wwwroot/cesi3.0.zhiyujinrong.com/Application/Runtime/Cache/Admin/3f21fe2b634004bc598a2ff229ee67b8.php 第 122 行.
NOTIC: [8] Undefined index: refresh_token /home/wwwroot/cesi3.0.zhiyujinrong.com/Application/Runtime/Cache/Admin/3f21fe2b634004bc598a2ff229ee67b8.php 第 123 行.
NOTIC: [8] Undefined index: delete /home/wwwroot/cesi3.0.zhiyujinrong.com/Application/Runtime/Cache/Admin/3f21fe2b634004bc598a2ff229ee67b8.php 第 141 行.
NOTIC: [8] Undefined index: menu /home/wwwroot/cesi3.0.zhiyujinrong.com/Application/Runtime/Cache/Admin/3f21fe2b634004bc598a2ff229ee67b8.php 第 141 行.
NOTIC: [8] Undefined index: wxfollow /home/wwwroot/cesi3.0.zhiyujinrong.com/Application/Runtime/Cache/Admin/3f21fe2b634004bc598a2ff229ee67b8.php 第 121 行.
NOTIC: [8] Undefined index: access_token /home/wwwroot/cesi3.0.zhiyujinrong.com/Application/Runtime/Cache/Admin/3f21fe2b634004bc598a2ff229ee67b8.php 第 122 行.
NOTIC: [8] Undefined index: refresh_token /home/wwwroot/cesi3.0.zhiyujinrong.com/Application/Runtime/Cache/Admin/3f21fe2b634004bc598a2ff229ee67b8.php 第 123 行.
NOTIC: [8] Undefined index: delete /home/wwwroot/cesi3.0.zhiyujinrong.com/Application/Runtime/Cache/Admin/3f21fe2b634004bc598a2ff229ee67b8.php 第 141 行.
NOTIC: [8] Undefined index: menu /home/wwwroot/cesi3.0.zhiyujinrong.com/Application/Runtime/Cache/Admin/3f21fe2b634004bc598a2ff229ee67b8.php 第 141 行.
NOTIC: [8] Undefined index: wxfollow /home/wwwroot/cesi3.0.zhiyujinrong.com/Application/Runtime/Cache/Admin/3f21fe2b634004bc598a2ff229ee67b8.php 第 121 行.
NOTIC: [8] Undefined index: access_token /home/wwwroot/cesi3.0.zhiyujinrong.com/Application/Runtime/Cache/Admin/3f21fe2b634004bc598a2ff229ee67b8.php 第 122 行.
NOTIC: [8] Undefined index: refresh_token /home/wwwroot/cesi3.0.zhiyujinrong.com/Application/Runtime/Cache/Admin/3f21fe2b634004bc598a2ff229ee67b8.php 第 123 行.
NOTIC: [8] Undefined index: delete /home/wwwroot/cesi3.0.zhiyujinrong.com/Application/Runtime/Cache/Admin/3f21fe2b634004bc598a2ff229ee67b8.php 第 141 行.
NOTIC: [8] Undefined index: menu /home/wwwroot/cesi3.0.zhiyujinrong.com/Application/Runtime/Cache/Admin/3f21fe2b634004bc598a2ff229ee67b8.php 第 141 行.
NOTIC: [8] Undefined index: wxfollow /home/wwwroot/cesi3.0.zhiyujinrong.com/Application/Runtime/Cache/Admin/3f21fe2b634004bc598a2ff229ee67b8.php 第 121 行.
NOTIC: [8] Undefined index: access_token /home/wwwroot/cesi3.0.zhiyujinrong.com/Application/Runtime/Cache/Admin/3f21fe2b634004bc598a2ff229ee67b8.php 第 122 行.
NOTIC: [8] Undefined index: refresh_token /home/wwwroot/cesi3.0.zhiyujinrong.com/Application/Runtime/Cache/Admin/3f21fe2b634004bc598a2ff229ee67b8.php 第 123 行.
NOTIC: [8] Undefined index: delete /home/wwwroot/cesi3.0.zhiyujinrong.com/Application/Runtime/Cache/Admin/3f21fe2b634004bc598a2ff229ee67b8.php 第 141 行.
NOTIC: [8] Undefined index: menu /home/wwwroot/cesi3.0.zhiyujinrong.com/Application/Runtime/Cache/Admin/3f21fe2b634004bc598a2ff229ee67b8.php 第 141 行.
NOTIC: [8] Undefined index: wxfollow /home/wwwroot/cesi3.0.zhiyujinrong.com/Application/Runtime/Cache/Admin/3f21fe2b634004bc598a2ff229ee67b8.php 第 121 行.
NOTIC: [8] Undefined index: access_token /home/wwwroot/cesi3.0.zhiyujinrong.com/Application/Runtime/Cache/Admin/3f21fe2b634004bc598a2ff229ee67b8.php 第 122 行.
NOTIC: [8] Undefined index: refresh_token /home/wwwroot/cesi3.0.zhiyujinrong.com/Application/Runtime/Cache/Admin/3f21fe2b634004bc598a2ff229ee67b8.php 第 123 行.
NOTIC: [8] Undefined index: delete /home/wwwroot/cesi3.0.zhiyujinrong.com/Application/Runtime/Cache/Admin/3f21fe2b634004bc598a2ff229ee67b8.php 第 141 行.
NOTIC: [8] Undefined index: menu /home/wwwroot/cesi3.0.zhiyujinrong.com/Application/Runtime/Cache/Admin/3f21fe2b634004bc598a2ff229ee67b8.php 第 141 行.
NOTIC: [8] Undefined index: wxfollow /home/wwwroot/cesi3.0.zhiyujinrong.com/Application/Runtime/Cache/Admin/3f21fe2b634004bc598a2ff229ee67b8.php 第 121 行.
NOTIC: [8] Undefined index: access_token /home/wwwroot/cesi3.0.zhiyujinrong.com/Application/Runtime/Cache/Admin/3f21fe2b634004bc598a2ff229ee67b8.php 第 122 行.
NOTIC: [8] Undefined index: refresh_token /home/wwwroot/cesi3.0.zhiyujinrong.com/Application/Runtime/Cache/Admin/3f21fe2b634004bc598a2ff229ee67b8.php 第 123 行.
NOTIC: [8] Undefined index: delete /home/wwwroot/cesi3.0.zhiyujinrong.com/Application/Runtime/Cache/Admin/3f21fe2b634004bc598a2ff229ee67b8.php 第 141 行.
NOTIC: [8] Undefined index: menu /home/wwwroot/cesi3.0.zhiyujinrong.com/Application/Runtime/Cache/Admin/3f21fe2b634004bc598a2ff229ee67b8.php 第 141 行.
NOTIC: [8] Undefined index: wxfollow /home/wwwroot/cesi3.0.zhiyujinrong.com/Application/Runtime/Cache/Admin/3f21fe2b634004bc598a2ff229ee67b8.php 第 121 行.
NOTIC: [8] Undefined index: access_token /home/wwwroot/cesi3.0.zhiyujinrong.com/Application/Runtime/Cache/Admin/3f21fe2b634004bc598a2ff229ee67b8.php 第 122 行.
NOTIC: [8] Undefined index: refresh_token /home/wwwroot/cesi3.0.zhiyujinrong.com/Application/Runtime/Cache/Admin/3f21fe2b634004bc598a2ff229ee67b8.php 第 123 行.
NOTIC: [8] Undefined index: delete /home/wwwroot/cesi3.0.zhiyujinrong.com/Application/Runtime/Cache/Admin/3f21fe2b634004bc598a2ff229ee67b8.php 第 141 行.
NOTIC: [8] Undefined index: menu /home/wwwroot/cesi3.0.zhiyujinrong.com/Application/Runtime/Cache/Admin/3f21fe2b634004bc598a2ff229ee67b8.php 第 141 行.
NOTIC: [8] Undefined index: wxfollow /home/wwwroot/cesi3.0.zhiyujinrong.com/Application/Runtime/Cache/Admin/3f21fe2b634004bc598a2ff229ee67b8.php 第 121 行.
NOTIC: [8] Undefined index: access_token /home/wwwroot/cesi3.0.zhiyujinrong.com/Application/Runtime/Cache/Admin/3f21fe2b634004bc598a2ff229ee67b8.php 第 122 行.
NOTIC: [8] Undefined index: refresh_token /home/wwwroot/cesi3.0.zhiyujinrong.com/Application/Runtime/Cache/Admin/3f21fe2b634004bc598a2ff229ee67b8.php 第 123 行.
NOTIC: [8] Undefined index: delete /home/wwwroot/cesi3.0.zhiyujinrong.com/Application/Runtime/Cache/Admin/3f21fe2b634004bc598a2ff229ee67b8.php 第 141 行.
NOTIC: [8] Undefined index: menu /home/wwwroot/cesi3.0.zhiyujinrong.com/Application/Runtime/Cache/Admin/3f21fe2b634004bc598a2ff229ee67b8.php 第 141 行.
NOTIC: [8] Undefined index: wxfollow /home/wwwroot/cesi3.0.zhiyujinrong.com/Application/Runtime/Cache/Admin/3f21fe2b634004bc598a2ff229ee67b8.php 第 121 行.
NOTIC: [8] Undefined index: access_token /home/wwwroot/cesi3.0.zhiyujinrong.com/Application/Runtime/Cache/Admin/3f21fe2b634004bc598a2ff229ee67b8.php 第 122 行.
NOTIC: [8] Undefined index: refresh_token /home/wwwroot/cesi3.0.zhiyujinrong.com/Application/Runtime/Cache/Admin/3f21fe2b634004bc598a2ff229ee67b8.php 第 123 行.
NOTIC: [8] Undefined index: delete /home/wwwroot/cesi3.0.zhiyujinrong.com/Application/Runtime/Cache/Admin/3f21fe2b634004bc598a2ff229ee67b8.php 第 141 行.
NOTIC: [8] Undefined index: menu /home/wwwroot/cesi3.0.zhiyujinrong.com/Application/Runtime/Cache/Admin/3f21fe2b634004bc598a2ff229ee67b8.php 第 141 行.
INFO: Run Behavior\ParseTemplateBehavior [ RunTime:0.013331s ]
INFO: [ view_parse ] --END-- [ RunTime:0.013367s ]
INFO: [ view_filter ] --START--
INFO: Run Behavior\WriteHtmlCacheBehavior [ RunTime:0.000180s ]
INFO: [ view_filter ] --END-- [ RunTime:0.000214s ]
INFO: [ app_end ] --START--
INFO: Run Behavior\ShowPageTraceBehavior [ RunTime:0.000457s ]
INFO: [ app_end ] --END-- [ RunTime:0.000500s ]

[ 2017-11-30T18:46:36+08:00 ] 116.226.242.189 /index.php/Admin/System/index.html
INFO: [ app_init ] --START--
INFO: Run Behavior\BuildLiteBehavior [ RunTime:0.000012s ]
INFO: [ app_init ] --END-- [ RunTime:0.000309s ]
INFO: [ app_begin ] --START--
INFO: Run Behavior\ReadHtmlCacheBehavior [ RunTime:0.000377s ]
INFO: [ app_begin ] --END-- [ RunTime:0.000416s ]
SQL: SHOW COLUMNS FROM `yzs_log` [ RunTime:0.0007s ]
SQL: INSERT INTO `yzs_log` (`ctr`,`act`,`user_id`,`user_name`,`get`,`post`,`time`) VALUES ('System','index','3','章','','','1512038796') [ RunTime:0.0053s ]
SQL: SHOW COLUMNS FROM `yzs_catalogue` [ RunTime:0.0006s ]
SQL: SELECT COUNT(id) AS tp_count FROM `yzs_catalogue` LIMIT 1   [ RunTime:0.0002s ]
SQL: SELECT * FROM `yzs_catalogue` WHERE ( 1 ) ORDER BY state desc, sort, id, superior LIMIT 0,20   [ RunTime:0.0003s ]
INFO: [ view_parse ] --START--
INFO: [ template_filter ] --START--
INFO: Run Behavior\ContentReplaceBehavior [ RunTime:0.000043s ]
INFO: [ template_filter ] --END-- [ RunTime:0.000079s ]
INFO: Run Behavior\ParseTemplateBehavior [ RunTime:0.009753s ]
INFO: [ view_parse ] --END-- [ RunTime:0.009798s ]
INFO: [ view_filter ] --START--
INFO: Run Behavior\WriteHtmlCacheBehavior [ RunTime:0.000174s ]
INFO: [ view_filter ] --END-- [ RunTime:0.000205s ]
INFO: [ app_end ] --START--
INFO: Run Behavior\ShowPageTraceBehavior [ RunTime:0.000511s ]
INFO: [ app_end ] --END-- [ RunTime:0.000552s ]

[ 2017-11-30T18:48:42+08:00 ] 116.226.242.189 /index.php/Admin/Login/img_code.html?75827
INFO: [ app_init ] --START--
INFO: Run Behavior\BuildLiteBehavior [ RunTime:0.000012s ]
INFO: [ app_init ] --END-- [ RunTime:0.000301s ]
INFO: [ app_begin ] --START--
INFO: Run Behavior\ReadHtmlCacheBehavior [ RunTime:0.000391s ]
INFO: [ app_begin ] --END-- [ RunTime:0.000430s ]
INFO: [ app_end ] --START--
INFO: Run Behavior\ShowPageTraceBehavior [ RunTime:0.000444s ]
INFO: [ app_end ] --END-- [ RunTime:0.000486s ]

[ 2017-11-30T18:53:24+08:00 ] 116.226.242.189 /index.php/Admin/Login/img_code.html?58413
INFO: [ app_init ] --START--
INFO: Run Behavior\BuildLiteBehavior [ RunTime:0.000013s ]
INFO: [ app_init ] --END-- [ RunTime:0.000332s ]
INFO: [ app_begin ] --START--
INFO: Run Behavior\ReadHtmlCacheBehavior [ RunTime:0.000399s ]
INFO: [ app_begin ] --END-- [ RunTime:0.000437s ]
INFO: [ app_end ] --START--
INFO: Run Behavior\ShowPageTraceBehavior [ RunTime:0.000395s ]
INFO: [ app_end ] --END-- [ RunTime:0.000439s ]

[ 2017-11-30T19:00:55+08:00 ] 116.226.242.189 /
INFO: [ app_init ] --START--
INFO: Run Behavior\BuildLiteBehavior [ RunTime:0.000012s ]
INFO: [ app_init ] --END-- [ RunTime:0.000303s ]
INFO: [ app_begin ] --START--
INFO: Run Behavior\ReadHtmlCacheBehavior [ RunTime:0.000393s ]
INFO: [ app_begin ] --END-- [ RunTime:0.000431s ]
SQL: SHOW COLUMNS FROM `yzs_log` [ RunTime:0.0007s ]
SQL: INSERT INTO `yzs_log` (`ctr`,`act`,`user_id`,`user_name`,`get`,`post`,`time`) VALUES ('Index','index','1','admin','','','1512039655') [ RunTime:0.0129s ]
SQL: SHOW COLUMNS FROM `yzs_catalogue` [ RunTime:0.0006s ]
SQL: SELECT * FROM `yzs_catalogue` WHERE ( state=1 )  [ RunTime:0.0003s ]
INFO: [ view_parse ] --START--
INFO: [ template_filter ] --START--
INFO: Run Behavior\ContentReplaceBehavior [ RunTime:0.000049s ]
INFO: [ template_filter ] --END-- [ RunTime:0.000097s ]
INFO: Run Behavior\ParseTemplateBehavior [ RunTime:0.005541s ]
INFO: [ view_parse ] --END-- [ RunTime:0.005579s ]
INFO: [ view_filter ] --START--
INFO: Run Behavior\WriteHtmlCacheBehavior [ RunTime:0.000176s ]
INFO: [ view_filter ] --END-- [ RunTime:0.000209s ]
INFO: [ app_end ] --START--
INFO: Run Behavior\ShowPageTraceBehavior [ RunTime:0.000443s ]
INFO: [ app_end ] --END-- [ RunTime:0.000477s ]

[ 2017-11-30T19:00:57+08:00 ] 116.226.242.189 /index.php/Admin/System/admin_list.html
INFO: [ app_init ] --START--
INFO: Run Behavior\BuildLiteBehavior [ RunTime:0.000013s ]
INFO: [ app_init ] --END-- [ RunTime:0.000319s ]
INFO: [ app_begin ] --START--
INFO: Run Behavior\ReadHtmlCacheBehavior [ RunTime:0.000401s ]
INFO: [ app_begin ] --END-- [ RunTime:0.000440s ]
SQL: SHOW COLUMNS FROM `yzs_log` [ RunTime:0.0007s ]
SQL: INSERT INTO `yzs_log` (`ctr`,`act`,`user_id`,`user_name`,`get`,`post`,`time`) VALUES ('System','admin_list','1','admin','','','1512039657') [ RunTime:0.0131s ]
SQL: SHOW COLUMNS FROM `yzs_admin_users` [ RunTime:0.0007s ]
SQL: SELECT COUNT(*) AS tp_count FROM `yzs_admin_users` LIMIT 1   [ RunTime:0.0002s ]
SQL: SELECT * FROM `yzs_admin_users` WHERE ( 1 and status='1' ) ORDER BY rank LIMIT 0,20   [ RunTime:0.0003s ]
NOTIC: [2] date() expects parameter 2 to be long, string given /home/wwwroot/cesi3.0.zhiyujinrong.com/Application/Admin/Controller/SystemController.class.php 第 249 行.
SQL: SELECT `name` FROM `yzs_admin_users` WHERE ( id=0 ) LIMIT 1   [ RunTime:0.0002s ]
SQL: SELECT `name` FROM `yzs_admin_users` WHERE ( id=0 ) LIMIT 1   [ RunTime:0.0002s ]
SQL: SELECT `name` FROM `yzs_admin_users` WHERE ( id=3 ) LIMIT 1   [ RunTime:0.0002s ]
INFO: [ view_parse ] --START--
INFO: [ template_filter ] --START--
INFO: Run Behavior\ContentReplaceBehavior [ RunTime:0.000047s ]
INFO: [ template_filter ] --END-- [ RunTime:0.000084s ]
INFO: Run Behavior\ParseTemplateBehavior [ RunTime:0.008561s ]
INFO: [ view_parse ] --END-- [ RunTime:0.008605s ]
INFO: [ view_filter ] --START--
INFO: Run Behavior\WriteHtmlCacheBehavior [ RunTime:0.000173s ]
INFO: [ view_filter ] --END-- [ RunTime:0.000206s ]
INFO: [ app_end ] --START--
INFO: Run Behavior\ShowPageTraceBehavior [ RunTime:0.000384s ]
INFO: [ app_end ] --END-- [ RunTime:0.000416s ]

[ 2017-11-30T19:00:57+08:00 ] 116.226.242.189 /index.php/Admin/Product/product_list.html
INFO: [ app_init ] --START--
INFO: Run Behavior\BuildLiteBehavior [ RunTime:0.000012s ]
INFO: [ app_init ] --END-- [ RunTime:0.000315s ]
INFO: [ app_begin ] --START--
INFO: Run Behavior\ReadHtmlCacheBehavior [ RunTime:0.000490s ]
INFO: [ app_begin ] --END-- [ RunTime:0.000530s ]
SQL: SHOW COLUMNS FROM `yzs_log` [ RunTime:0.0007s ]
SQL: INSERT INTO `yzs_log` (`ctr`,`act`,`user_id`,`user_name`,`get`,`post`,`time`) VALUES ('Product','product_list','1','admin','','','1512039657') [ RunTime:0.0131s ]
SQL: SHOW COLUMNS FROM `yzs_product` [ RunTime:0.0011s ]
SQL: SELECT COUNT(id) AS tp_count FROM `yzs_product` LIMIT 1   [ RunTime:0.0002s ]
SQL: select p.*, (select `name` from yzs_product_type pt where id=p.type)as ptname,
                (select `name` from yzs_loans_type lt where id=p.loans_type) as ltname from yzs_product p where 1 limit 0,20 [ RunTime:0.0004s ]
SQL: select GROUP_CONCAT(name) as city from yzs_territory ter where id in(1,16,18,97) [ RunTime:0.0002s ]
SQL: select GROUP_CONCAT(name) as city from yzs_territory ter where id in(8) [ RunTime:0.0002s ]
SQL: select GROUP_CONCAT(name) as city from yzs_territory ter where id in(1) [ RunTime:0.0002s ]
SQL: select GROUP_CONCAT(name) as city from yzs_territory ter where id in(1) [ RunTime:0.0002s ]
SQL: select GROUP_CONCAT(name) as city from yzs_territory ter where id in(1,97) [ RunTime:0.0002s ]
SQL: select GROUP_CONCAT(name) as city from yzs_territory ter where id in(16) [ RunTime:0.0002s ]
INFO: [ view_parse ] --START--
INFO: [ template_filter ] --START--
INFO: Run Behavior\ContentReplaceBehavior [ RunTime:0.000074s ]
INFO: [ template_filter ] --END-- [ RunTime:0.000134s ]
NOTIC: [8] Undefined index: enter_time /home/wwwroot/cesi3.0.zhiyujinrong.com/Application/Runtime/Cache/Admin/527ac73b321bc66eb5b723d07450871f.php 第 75 行.
NOTIC: [8] Undefined index: enter_ip /home/wwwroot/cesi3.0.zhiyujinrong.com/Application/Runtime/Cache/Admin/527ac73b321bc66eb5b723d07450871f.php 第 76 行.
NOTIC: [8] Undefined index: delete /home/wwwroot/cesi3.0.zhiyujinrong.com/Application/Runtime/Cache/Admin/527ac73b321bc66eb5b723d07450871f.php 第 82 行.
NOTIC: [8] Undefined index: menu /home/wwwroot/cesi3.0.zhiyujinrong.com/Application/Runtime/Cache/Admin/527ac73b321bc66eb5b723d07450871f.php 第 82 行.
NOTIC: [8] Undefined index: enter_time /home/wwwroot/cesi3.0.zhiyujinrong.com/Application/Runtime/Cache/Admin/527ac73b321bc66eb5b723d07450871f.php 第 75 行.
NOTIC: [8] Undefined index: enter_ip /home/wwwroot/cesi3.0.zhiyujinrong.com/Application/Runtime/Cache/Admin/527ac73b321bc66eb5b723d07450871f.php 第 76 行.
NOTIC: [8] Undefined index: delete /home/wwwroot/cesi3.0.zhiyujinrong.com/Application/Runtime/Cache/Admin/527ac73b321bc66eb5b723d07450871f.php 第 82 行.
NOTIC: [8] Undefined index: menu /home/wwwroot/cesi3.0.zhiyujinrong.com/Application/Runtime/Cache/Admin/527ac73b321bc66eb5b723d07450871f.php 第 82 行.
NOTIC: [8] Undefined index: enter_time /home/wwwroot/cesi3.0.zhiyujinrong.com/Application/Runtime/Cache/Admin/527ac73b321bc66eb5b723d07450871f.php 第 75 行.
NOTIC: [8] Undefined index: enter_ip /home/wwwroot/cesi3.0.zhiyujinrong.com/Application/Runtime/Cache/Admin/527ac73b321bc66eb5b723d07450871f.php 第 76 行.
NOTIC: [8] Undefined index: delete /home/wwwroot/cesi3.0.zhiyujinrong.com/Application/Runtime/Cache/Admin/527ac73b321bc66eb5b723d07450871f.php 第 82 行.
NOTIC: [8] Undefined index: menu /home/wwwroot/cesi3.0.zhiyujinrong.com/Application/Runtime/Cache/Admin/527ac73b321bc66eb5b723d07450871f.php 第 82 行.
NOTIC: [8] Undefined index: enter_time /home/wwwroot/cesi3.0.zhiyujinrong.com/Application/Runtime/Cache/Admin/527ac73b321bc66eb5b723d07450871f.php 第 75 行.
NOTIC: [8] Undefined index: enter_ip /home/wwwroot/cesi3.0.zhiyujinrong.com/Application/Runtime/Cache/Admin/527ac73b321bc66eb5b723d07450871f.php 第 76 行.
NOTIC: [8] Undefined index: delete /home/wwwroot/cesi3.0.zhiyujinrong.com/Application/Runtime/Cache/Admin/527ac73b321bc66eb5b723d07450871f.php 第 82 行.
NOTIC: [8] Undefined index: menu /home/wwwroot/cesi3.0.zhiyujinrong.com/Application/Runtime/Cache/Admin/527ac73b321bc66eb5b723d07450871f.php 第 82 行.
NOTIC: [8] Undefined index: enter_time /home/wwwroot/cesi3.0.zhiyujinrong.com/Application/Runtime/Cache/Admin/527ac73b321bc66eb5b723d07450871f.php 第 75 行.
NOTIC: [8] Undefined index: enter_ip /home/wwwroot/cesi3.0.zhiyujinrong.com/Application/Runtime/Cache/Admin/527ac73b321bc66eb5b723d07450871f.php 第 76 行.
NOTIC: [8] Undefined index: delete /home/wwwroot/cesi3.0.zhiyujinrong.com/Application/Runtime/Cache/Admin/527ac73b321bc66eb5b723d07450871f.php 第 82 行.
NOTIC: [8] Undefined index: menu /home/wwwroot/cesi3.0.zhiyujinrong.com/Application/Runtime/Cache/Admin/527ac73b321bc66eb5b723d07450871f.php 第 82 行.
NOTIC: [8] Undefined index: enter_time /home/wwwroot/cesi3.0.zhiyujinrong.com/Application/Runtime/Cache/Admin/527ac73b321bc66eb5b723d07450871f.php 第 75 行.
NOTIC: [8] Undefined index: enter_ip /home/wwwroot/cesi3.0.zhiyujinrong.com/Application/Runtime/Cache/Admin/527ac73b321bc66eb5b723d07450871f.php 第 76 行.
NOTIC: [8] Undefined index: delete /home/wwwroot/cesi3.0.zhiyujinrong.com/Application/Runtime/Cache/Admin/527ac73b321bc66eb5b723d07450871f.php 第 82 行.
NOTIC: [8] Undefined index: menu /home/wwwroot/cesi3.0.zhiyujinrong.com/Application/Runtime/Cache/Admin/527ac73b321bc66eb5b723d07450871f.php 第 82 行.
INFO: Run Behavior\ParseTemplateBehavior [ RunTime:0.010292s ]
INFO: [ view_parse ] --END-- [ RunTime:0.010330s ]
INFO: [ view_filter ] --START--
INFO: Run Behavior\WriteHtmlCacheBehavior [ RunTime:0.000203s ]
INFO: [ view_filter ] --END-- [ RunTime:0.000235s ]
INFO: [ app_end ] --START--
INFO: Run Behavior\ShowPageTraceBehavior [ RunTime:0.000406s ]
INFO: [ app_end ] --END-- [ RunTime:0.000442s ]

[ 2017-11-30T19:27:13+08:00 ] 120.204.17.68 /
INFO: [ app_init ] --START--
INFO: Run Behavior\BuildLiteBehavior [ RunTime:0.000013s ]
INFO: [ app_init ] --END-- [ RunTime:0.000312s ]
INFO: [ app_begin ] --START--
INFO: Run Behavior\ReadHtmlCacheBehavior [ RunTime:0.000394s ]
INFO: [ app_begin ] --END-- [ RunTime:0.000434s ]

[ 2017-11-30T19:27:13+08:00 ] 120.204.17.69 /
INFO: [ app_init ] --START--
INFO: Run Behavior\BuildLiteBehavior [ RunTime:0.000013s ]
INFO: [ app_init ] --END-- [ RunTime:0.000302s ]
INFO: [ app_begin ] --START--
INFO: Run Behavior\ReadHtmlCacheBehavior [ RunTime:0.000386s ]
INFO: [ app_begin ] --END-- [ RunTime:0.000425s ]

[ 2017-11-30T19:27:19+08:00 ] 223.167.152.124 /
INFO: [ app_init ] --START--
INFO: Run Behavior\BuildLiteBehavior [ RunTime:0.000019s ]
INFO: [ app_init ] --END-- [ RunTime:0.000437s ]
INFO: [ app_begin ] --START--
INFO: Run Behavior\ReadHtmlCacheBehavior [ RunTime:0.000623s ]
INFO: [ app_begin ] --END-- [ RunTime:0.000677s ]

[ 2017-11-30T19:27:19+08:00 ] 58.246.221.75 /
INFO: [ app_init ] --START--
INFO: Run Behavior\BuildLiteBehavior [ RunTime:0.000015s ]
INFO: [ app_init ] --END-- [ RunTime:0.000427s ]
INFO: [ app_begin ] --START--
INFO: Run Behavior\ReadHtmlCacheBehavior [ RunTime:0.000590s ]
INFO: [ app_begin ] --END-- [ RunTime:0.000667s ]

[ 2017-11-30T19:27:19+08:00 ] 58.246.221.74 /
INFO: [ app_init ] --START--
INFO: Run Behavior\BuildLiteBehavior [ RunTime:0.000016s ]
INFO: [ app_init ] --END-- [ RunTime:0.000534s ]
INFO: [ app_begin ] --START--
INFO: Run Behavior\ReadHtmlCacheBehavior [ RunTime:0.008647s ]
INFO: [ app_begin ] --END-- [ RunTime:0.008705s ]

[ 2017-11-30T19:27:19+08:00 ] 58.246.221.74 /
INFO: [ app_init ] --START--
INFO: Run Behavior\BuildLiteBehavior [ RunTime:0.000014s ]
INFO: [ app_init ] --END-- [ RunTime:0.000421s ]
INFO: [ app_begin ] --START--
INFO: Run Behavior\ReadHtmlCacheBehavior [ RunTime:0.000618s ]
INFO: [ app_begin ] --END-- [ RunTime:0.000679s ]

[ 2017-11-30T19:27:19+08:00 ] 58.246.221.75 /
INFO: [ app_init ] --START--
INFO: Run Behavior\BuildLiteBehavior [ RunTime:0.000017s ]
INFO: [ app_init ] --END-- [ RunTime:0.000446s ]
INFO: [ app_begin ] --START--
INFO: Run Behavior\ReadHtmlCacheBehavior [ RunTime:0.000578s ]
INFO: [ app_begin ] --END-- [ RunTime:0.000636s ]

[ 2017-11-30T19:27:19+08:00 ] 223.167.152.124 /
INFO: [ app_init ] --START--
INFO: Run Behavior\BuildLiteBehavior [ RunTime:0.000016s ]
INFO: [ app_init ] --END-- [ RunTime:0.000410s ]
INFO: [ app_begin ] --START--
INFO: Run Behavior\ReadHtmlCacheBehavior [ RunTime:0.001361s ]
INFO: [ app_begin ] --END-- [ RunTime:0.001423s ]

[ 2017-11-30T19:27:24+08:00 ] 183.192.201.97 /
INFO: [ app_init ] --START--
INFO: Run Behavior\BuildLiteBehavior [ RunTime:0.000014s ]
INFO: [ app_init ] --END-- [ RunTime:0.000317s ]
INFO: [ app_begin ] --START--
INFO: Run Behavior\ReadHtmlCacheBehavior [ RunTime:0.000393s ]
INFO: [ app_begin ] --END-- [ RunTime:0.000432s ]

[ 2017-11-30T19:32:14+08:00 ] 116.226.242.189 /index.php/Admin/Login/img_code.html?35131
INFO: [ app_init ] --START--
INFO: Run Behavior\BuildLiteBehavior [ RunTime:0.000013s ]
INFO: [ app_init ] --END-- [ RunTime:0.000305s ]
INFO: [ app_begin ] --START--
INFO: Run Behavior\ReadHtmlCacheBehavior [ RunTime:0.000403s ]
INFO: [ app_begin ] --END-- [ RunTime:0.000442s ]
INFO: [ app_end ] --START--
INFO: Run Behavior\ShowPageTraceBehavior [ RunTime:0.000400s ]
INFO: [ app_end ] --END-- [ RunTime:0.000444s ]

[ 2017-11-30T19:48:34+08:00 ] 61.129.7.217 /
INFO: [ app_init ] --START--
INFO: Run Behavior\BuildLiteBehavior [ RunTime:0.000010s ]
INFO: [ app_init ] --END-- [ RunTime:0.000299s ]
INFO: [ app_begin ] --START--
INFO: Run Behavior\ReadHtmlCacheBehavior [ RunTime:0.000394s ]
INFO: [ app_begin ] --END-- [ RunTime:0.000434s ]

[ 2017-11-30T19:48:44+08:00 ] 183.192.201.97 /
INFO: [ app_init ] --START--
INFO: Run Behavior\BuildLiteBehavior [ RunTime:0.000013s ]
INFO: [ app_init ] --END-- [ RunTime:0.000295s ]
INFO: [ app_begin ] --START--
INFO: Run Behavior\ReadHtmlCacheBehavior [ RunTime:0.000403s ]
INFO: [ app_begin ] --END-- [ RunTime:0.000443s ]

