[ 2018-01-08T09:48:23+08:00 ] 127.0.0.1 /index.php/Admin/User/wechat_list.html
INFO: [ app_init ] --START--
INFO: Run Behavior\BuildLiteBehavior [ RunTime:0.000013s ]
INFO: [ app_init ] --END-- [ RunTime:0.013670s ]
INFO: [ app_begin ] --START--
INFO: Run Behavior\ReadHtmlCacheBehavior [ RunTime:0.018343s ]
INFO: [ app_begin ] --END-- [ RunTime:0.018443s ]

[ 2018-01-08T09:48:23+08:00 ] 127.0.0.1 /index.php/Admin/Login/login.html
INFO: [ app_init ] --START--
INFO: Run Behavior\BuildLiteBehavior [ RunTime:0.000008s ]
INFO: [ app_init ] --END-- [ RunTime:0.000225s ]
INFO: [ app_begin ] --START--
INFO: Run Behavior\ReadHtmlCacheBehavior [ RunTime:0.000271s ]
INFO: [ app_begin ] --END-- [ RunTime:0.000303s ]
INFO: [ view_parse ] --START--
INFO: [ template_filter ] --START--
INFO: Run Behavior\ContentReplaceBehavior [ RunTime:0.000092s ]
INFO: [ template_filter ] --END-- [ RunTime:0.000133s ]
INFO: Run Behavior\ParseTemplateBehavior [ RunTime:0.084325s ]
INFO: [ view_parse ] --END-- [ RunTime:0.084425s ]
INFO: [ view_filter ] --START--
INFO: Run Behavior\WriteHtmlCacheBehavior [ RunTime:0.010580s ]
INFO: [ view_filter ] --END-- [ RunTime:0.010624s ]
INFO: [ app_end ] --START--
INFO: Run Behavior\ShowPageTraceBehavior [ RunTime:0.007216s ]
INFO: [ app_end ] --END-- [ RunTime:0.007253s ]

[ 2018-01-08T09:48:30+08:00 ] 127.0.0.1 /index.php/Admin/Login/check_code.html
INFO: [ app_init ] --START--
INFO: Run Behavior\BuildLiteBehavior [ RunTime:0.000038s ]
INFO: [ app_init ] --END-- [ RunTime:0.000366s ]
INFO: [ app_begin ] --START--
INFO: Run Behavior\ReadHtmlCacheBehavior [ RunTime:0.000350s ]
INFO: [ app_begin ] --END-- [ RunTime:0.000386s ]
SQL: SHOW COLUMNS FROM `yzs_admin_users` [ RunTime:0.0294s ]
SQL: SELECT * FROM `yzs_admin_users` WHERE ( username='admin' ) LIMIT 1   [ RunTime:0.0027s ]
SQL: UPDATE `yzs_admin_users` SET `enter_time`='1515376110',`enter_ip`='127.0.0.1' WHERE ( id=1 ) [ RunTime:0.0040s ]
SQL: SHOW COLUMNS FROM `yzs_log` [ RunTime:0.0172s ]
SQL: INSERT INTO `yzs_log` (`ctr`,`act`,`user_id`,`user_name`,`get`,`post`,`time`) VALUES ('Login','check_code','1','张中','','{\"username\":\"admin\",\"password\":\"admin123\"}','1515376110') [ RunTime:0.0016s ]

[ 2018-01-08T09:48:31+08:00 ] 127.0.0.1 /index.php/Admin/Index/index.html
INFO: [ app_init ] --START--
INFO: Run Behavior\BuildLiteBehavior [ RunTime:0.000009s ]
INFO: [ app_init ] --END-- [ RunTime:0.000262s ]
INFO: [ app_begin ] --START--
INFO: Run Behavior\ReadHtmlCacheBehavior [ RunTime:0.000590s ]
INFO: [ app_begin ] --END-- [ RunTime:0.000736s ]
SQL: SHOW COLUMNS FROM `yzs_log` [ RunTime:0.0126s ]
SQL: INSERT INTO `yzs_log` (`ctr`,`act`,`user_id`,`user_name`,`get`,`post`,`time`) VALUES ('Index','index','1','张中','','','1515376111') [ RunTime:0.0027s ]
SQL: SHOW COLUMNS FROM `yzs_catalogue` [ RunTime:0.0176s ]
SQL: SELECT * FROM `yzs_catalogue` WHERE ( state=1 )  [ RunTime:0.0005s ]
SQL: SHOW COLUMNS FROM `yzs_rank_catalogue` [ RunTime:0.0155s ]
SQL: SELECT `c_id` FROM `yzs_rank_catalogue` WHERE ( r_id='1' )  [ RunTime:0.0018s ]
INFO: [ view_parse ] --START--
INFO: [ template_filter ] --START--
INFO: Run Behavior\ContentReplaceBehavior [ RunTime:0.000042s ]
INFO: [ template_filter ] --END-- [ RunTime:0.000083s ]
INFO: Run Behavior\ParseTemplateBehavior [ RunTime:0.031787s ]
INFO: [ view_parse ] --END-- [ RunTime:0.031838s ]
INFO: [ view_filter ] --START--
INFO: Run Behavior\WriteHtmlCacheBehavior [ RunTime:0.000217s ]
INFO: [ view_filter ] --END-- [ RunTime:0.000242s ]
INFO: [ app_end ] --START--
INFO: Run Behavior\ShowPageTraceBehavior [ RunTime:0.000345s ]
INFO: [ app_end ] --END-- [ RunTime:0.000370s ]

[ 2018-01-08T09:48:31+08:00 ] 127.0.0.1 /index.php/Admin/System/admin_list.html
INFO: [ app_init ] --START--
INFO: Run Behavior\BuildLiteBehavior [ RunTime:0.000009s ]
INFO: [ app_init ] --END-- [ RunTime:0.000275s ]
INFO: [ app_begin ] --START--
INFO: Run Behavior\ReadHtmlCacheBehavior [ RunTime:0.000502s ]
INFO: [ app_begin ] --END-- [ RunTime:0.000545s ]
SQL: SHOW COLUMNS FROM `yzs_log` [ RunTime:0.0037s ]
SQL: INSERT INTO `yzs_log` (`ctr`,`act`,`user_id`,`user_name`,`get`,`post`,`time`) VALUES ('System','admin_list','1','张中','','','1515376111') [ RunTime:0.0020s ]
NOTIC: [8] Undefined index: name H:\www\3.0\Application\Admin\Controller\SystemController.class.php 第 252 行.
SQL: SHOW COLUMNS FROM `yzs_admin_users` [ RunTime:0.0059s ]
SQL: SELECT COUNT(*) AS tp_count FROM `yzs_admin_users` LIMIT 1   [ RunTime:0.0009s ]
SQL: SELECT * FROM `yzs_admin_users` WHERE ( 1 ) ORDER BY rank LIMIT 0,20   [ RunTime:0.0006s ]
NOTIC: [2] date() expects parameter 2 to be long, string given H:\www\3.0\Application\Admin\Controller\SystemController.class.php 第 274 行.
SQL: SELECT `name` FROM `yzs_admin_users` WHERE ( id=0 ) LIMIT 1   [ RunTime:0.0001s ]
SQL: SHOW COLUMNS FROM `yzs_rank` [ RunTime:0.0150s ]
SQL: SELECT `rank` FROM `yzs_rank` WHERE ( id=1 ) LIMIT 1   [ RunTime:0.0002s ]
SQL: SELECT `name` FROM `yzs_admin_users` WHERE ( id=0 ) LIMIT 1   [ RunTime:0.0002s ]
SQL: SELECT `rank` FROM `yzs_rank` WHERE ( id=1 ) LIMIT 1   [ RunTime:0.0001s ]
NOTIC: [2] date() expects parameter 2 to be long, string given H:\www\3.0\Application\Admin\Controller\SystemController.class.php 第 274 行.
SQL: SELECT `name` FROM `yzs_admin_users` WHERE ( id=3 ) LIMIT 1   [ RunTime:0.0001s ]
SQL: SELECT `rank` FROM `yzs_rank` WHERE ( id=2 ) LIMIT 1   [ RunTime:0.0001s ]
SQL: SHOW COLUMNS FROM `yzs_territory` [ RunTime:0.0234s ]
SQL: SELECT `name` FROM `yzs_territory` WHERE ( id=5 ) LIMIT 1   [ RunTime:0.0007s ]
SQL: SELECT `name` FROM `yzs_admin_users` WHERE ( id=3 ) LIMIT 1   [ RunTime:0.0002s ]
SQL: SELECT `rank` FROM `yzs_rank` WHERE ( id=2 ) LIMIT 1   [ RunTime:0.0002s ]
SQL: SELECT `name` FROM `yzs_territory` WHERE ( id=2 ) LIMIT 1   [ RunTime:0.0002s ]
NOTIC: [2] date() expects parameter 2 to be long, string given H:\www\3.0\Application\Admin\Controller\SystemController.class.php 第 275 行.
SQL: SELECT `name` FROM `yzs_admin_users` WHERE ( id=1 ) LIMIT 1   [ RunTime:0.0002s ]
SQL: SELECT `rank` FROM `yzs_rank` WHERE ( id=2 ) LIMIT 1   [ RunTime:0.0002s ]
SQL: SELECT `name` FROM `yzs_territory` WHERE ( id=1 ) LIMIT 1   [ RunTime:0.0002s ]
NOTIC: [2] date() expects parameter 2 to be long, string given H:\www\3.0\Application\Admin\Controller\SystemController.class.php 第 275 行.
SQL: SELECT `name` FROM `yzs_admin_users` WHERE ( id=1 ) LIMIT 1   [ RunTime:0.0001s ]
SQL: SELECT `rank` FROM `yzs_rank` WHERE ( id=2 ) LIMIT 1   [ RunTime:0.0002s ]
SQL: SELECT `name` FROM `yzs_territory` WHERE ( id=8 ) LIMIT 1   [ RunTime:0.0002s ]
INFO: [ view_parse ] --START--
INFO: [ template_filter ] --START--
INFO: Run Behavior\ContentReplaceBehavior [ RunTime:0.000047s ]
INFO: [ template_filter ] --END-- [ RunTime:0.000081s ]
INFO: Run Behavior\ParseTemplateBehavior [ RunTime:0.097939s ]
INFO: [ view_parse ] --END-- [ RunTime:0.097995s ]
INFO: [ view_filter ] --START--
INFO: Run Behavior\WriteHtmlCacheBehavior [ RunTime:0.001309s ]
INFO: [ view_filter ] --END-- [ RunTime:0.001458s ]
INFO: [ app_end ] --START--
INFO: Run Behavior\ShowPageTraceBehavior [ RunTime:0.000905s ]
INFO: [ app_end ] --END-- [ RunTime:0.000951s ]

[ 2018-01-08T09:48:44+08:00 ] 127.0.0.1 /index.php/Admin/System/index.html
INFO: [ app_init ] --START--
INFO: Run Behavior\BuildLiteBehavior [ RunTime:0.000008s ]
INFO: [ app_init ] --END-- [ RunTime:0.000246s ]
INFO: [ app_begin ] --START--
INFO: Run Behavior\ReadHtmlCacheBehavior [ RunTime:0.000333s ]
INFO: [ app_begin ] --END-- [ RunTime:0.000366s ]
SQL: SHOW COLUMNS FROM `yzs_log` [ RunTime:0.0081s ]
SQL: INSERT INTO `yzs_log` (`ctr`,`act`,`user_id`,`user_name`,`get`,`post`,`time`) VALUES ('System','index','1','张中','','','1515376124') [ RunTime:0.0026s ]
NOTIC: [8] Undefined index: menu H:\www\3.0\Application\Admin\Controller\SystemController.class.php 第 34 行.
SQL: SHOW COLUMNS FROM `yzs_catalogue` [ RunTime:0.0062s ]
SQL: SELECT COUNT(id) AS tp_count FROM `yzs_catalogue` LIMIT 1   [ RunTime:0.0003s ]
SQL: SELECT * FROM `yzs_catalogue`  [ RunTime:0.0003s ]
SQL: SELECT * FROM `yzs_catalogue` WHERE ( 1 ) ORDER BY state desc, sort, id, superior LIMIT 0,20   [ RunTime:0.0003s ]
INFO: [ view_parse ] --START--
INFO: [ template_filter ] --START--
INFO: Run Behavior\ContentReplaceBehavior [ RunTime:0.000045s ]
INFO: [ template_filter ] --END-- [ RunTime:0.000081s ]
INFO: Run Behavior\ParseTemplateBehavior [ RunTime:0.087495s ]
INFO: [ view_parse ] --END-- [ RunTime:0.087544s ]
INFO: [ view_filter ] --START--
INFO: Run Behavior\WriteHtmlCacheBehavior [ RunTime:0.000214s ]
INFO: [ view_filter ] --END-- [ RunTime:0.000238s ]
INFO: [ app_end ] --START--
INFO: Run Behavior\ShowPageTraceBehavior [ RunTime:0.000479s ]
INFO: [ app_end ] --END-- [ RunTime:0.000518s ]

[ 2018-01-08T09:48:46+08:00 ] 127.0.0.1 /index.php/Admin/System/jurisdiction_list.html
INFO: [ app_init ] --START--
INFO: Run Behavior\BuildLiteBehavior [ RunTime:0.000007s ]
INFO: [ app_init ] --END-- [ RunTime:0.000220s ]
INFO: [ app_begin ] --START--
INFO: Run Behavior\ReadHtmlCacheBehavior [ RunTime:0.000271s ]
INFO: [ app_begin ] --END-- [ RunTime:0.000303s ]
SQL: SHOW COLUMNS FROM `yzs_log` [ RunTime:0.0094s ]
SQL: INSERT INTO `yzs_log` (`ctr`,`act`,`user_id`,`user_name`,`get`,`post`,`time`) VALUES ('System','jurisdiction_list','1','张中','','','1515376125') [ RunTime:0.0016s ]
SQL: SHOW COLUMNS FROM `yzs_rank` [ RunTime:0.0088s ]
SQL: SELECT * FROM `yzs_rank` WHERE ( inou=1 ) ORDER BY id  [ RunTime:0.0002s ]
SQL: SELECT * FROM `yzs_rank` WHERE ( inou=2 ) ORDER BY id  [ RunTime:0.0002s ]
INFO: [ view_parse ] --START--
INFO: [ template_filter ] --START--
INFO: Run Behavior\ContentReplaceBehavior [ RunTime:0.000086s ]
INFO: [ template_filter ] --END-- [ RunTime:0.000121s ]
NOTIC: [8] Undefined variable: page_number H:\www\3.0\Application\Runtime\Cache\Admin\5b136c55968b2b9987c4901210cd5440.php 第 231 行.
NOTIC: [8] Undefined variable: page_number H:\www\3.0\Application\Runtime\Cache\Admin\5b136c55968b2b9987c4901210cd5440.php 第 231 行.
NOTIC: [8] Undefined variable: page_number H:\www\3.0\Application\Runtime\Cache\Admin\5b136c55968b2b9987c4901210cd5440.php 第 232 行.
NOTIC: [8] Undefined variable: page_number H:\www\3.0\Application\Runtime\Cache\Admin\5b136c55968b2b9987c4901210cd5440.php 第 235 行.
NOTIC: [8] Undefined variable: page_number H:\www\3.0\Application\Runtime\Cache\Admin\5b136c55968b2b9987c4901210cd5440.php 第 248 行.
NOTIC: [8] Undefined variable: page_number H:\www\3.0\Application\Runtime\Cache\Admin\5b136c55968b2b9987c4901210cd5440.php 第 251 行.
NOTIC: [8] Undefined variable: page_number H:\www\3.0\Application\Runtime\Cache\Admin\5b136c55968b2b9987c4901210cd5440.php 第 251 行.
INFO: Run Behavior\ParseTemplateBehavior [ RunTime:0.162475s ]
INFO: [ view_parse ] --END-- [ RunTime:0.162508s ]
INFO: [ view_filter ] --START--
INFO: Run Behavior\WriteHtmlCacheBehavior [ RunTime:0.000181s ]
INFO: [ view_filter ] --END-- [ RunTime:0.000206s ]
INFO: [ app_end ] --START--
INFO: Run Behavior\ShowPageTraceBehavior [ RunTime:0.000351s ]
INFO: [ app_end ] --END-- [ RunTime:0.000384s ]

[ 2018-01-08T09:48:46+08:00 ] 127.0.0.1 /index.php/Admin/System/log.html
INFO: [ app_init ] --START--
INFO: Run Behavior\BuildLiteBehavior [ RunTime:0.000007s ]
INFO: [ app_init ] --END-- [ RunTime:0.000240s ]
INFO: [ app_begin ] --START--
INFO: Run Behavior\ReadHtmlCacheBehavior [ RunTime:0.000378s ]
INFO: [ app_begin ] --END-- [ RunTime:0.000444s ]
SQL: SHOW COLUMNS FROM `yzs_log` [ RunTime:0.0169s ]
SQL: INSERT INTO `yzs_log` (`ctr`,`act`,`user_id`,`user_name`,`get`,`post`,`time`) VALUES ('System','log','1','张中','','','1515376126') [ RunTime:0.0020s ]
SQL: SELECT COUNT(id) AS tp_count FROM `yzs_log` WHERE ( ctr != 'File' ) LIMIT 1   [ RunTime:0.0309s ]
SQL: select
                l.id,
                l.ctr,
                (select c.menu from yzs_catalogue c where l.ctr=c.crt and c.sort=0) as ctrname,
                l.act,
                (select c.menu from yzs_catalogue c where l.ctr=c.crt and l.act=c.act) as actname,
                l.user_id,
                l.user_name,
                l.get,
                l.post,
                l.time
                from yzs_log l where l.ctr != 'File' order by l.`time` desc limit 0,20 [ RunTime:0.0312s ]
INFO: [ view_parse ] --START--
INFO: [ template_filter ] --START--
INFO: Run Behavior\ContentReplaceBehavior [ RunTime:0.000110s ]
INFO: [ template_filter ] --END-- [ RunTime:0.000291s ]
NOTIC: [8] Undefined index: cz H:\www\3.0\Application\Runtime\Cache\Admin\6cebfe04b9427a9371290246833f409f.php 第 53 行.
NOTIC: [8] Undefined index: cz H:\www\3.0\Application\Runtime\Cache\Admin\6cebfe04b9427a9371290246833f409f.php 第 53 行.
NOTIC: [8] Undefined index: cz H:\www\3.0\Application\Runtime\Cache\Admin\6cebfe04b9427a9371290246833f409f.php 第 53 行.
NOTIC: [8] Undefined index: cz H:\www\3.0\Application\Runtime\Cache\Admin\6cebfe04b9427a9371290246833f409f.php 第 53 行.
NOTIC: [8] Undefined index: cz H:\www\3.0\Application\Runtime\Cache\Admin\6cebfe04b9427a9371290246833f409f.php 第 53 行.
NOTIC: [8] Undefined index: cz H:\www\3.0\Application\Runtime\Cache\Admin\6cebfe04b9427a9371290246833f409f.php 第 53 行.
NOTIC: [8] Undefined index: cz H:\www\3.0\Application\Runtime\Cache\Admin\6cebfe04b9427a9371290246833f409f.php 第 53 行.
NOTIC: [8] Undefined index: cz H:\www\3.0\Application\Runtime\Cache\Admin\6cebfe04b9427a9371290246833f409f.php 第 53 行.
NOTIC: [8] Undefined index: cz H:\www\3.0\Application\Runtime\Cache\Admin\6cebfe04b9427a9371290246833f409f.php 第 53 行.
NOTIC: [8] Undefined index: cz H:\www\3.0\Application\Runtime\Cache\Admin\6cebfe04b9427a9371290246833f409f.php 第 53 行.
NOTIC: [8] Undefined index: cz H:\www\3.0\Application\Runtime\Cache\Admin\6cebfe04b9427a9371290246833f409f.php 第 53 行.
NOTIC: [8] Undefined index: cz H:\www\3.0\Application\Runtime\Cache\Admin\6cebfe04b9427a9371290246833f409f.php 第 53 行.
NOTIC: [8] Undefined index: cz H:\www\3.0\Application\Runtime\Cache\Admin\6cebfe04b9427a9371290246833f409f.php 第 53 行.
NOTIC: [8] Undefined index: cz H:\www\3.0\Application\Runtime\Cache\Admin\6cebfe04b9427a9371290246833f409f.php 第 53 行.
NOTIC: [8] Undefined index: cz H:\www\3.0\Application\Runtime\Cache\Admin\6cebfe04b9427a9371290246833f409f.php 第 53 行.
INFO: Run Behavior\ParseTemplateBehavior [ RunTime:0.053926s ]
INFO: [ view_parse ] --END-- [ RunTime:0.053960s ]
INFO: [ view_filter ] --START--
INFO: Run Behavior\WriteHtmlCacheBehavior [ RunTime:0.000222s ]
INFO: [ view_filter ] --END-- [ RunTime:0.000247s ]
INFO: [ app_end ] --START--
INFO: Run Behavior\ShowPageTraceBehavior [ RunTime:0.000334s ]
INFO: [ app_end ] --END-- [ RunTime:0.000360s ]

[ 2018-01-08T09:48:48+08:00 ] 127.0.0.1 /index.php/Admin/Product/product_list.html
INFO: [ app_init ] --START--
INFO: Run Behavior\BuildLiteBehavior [ RunTime:0.000007s ]
INFO: [ app_init ] --END-- [ RunTime:0.000220s ]
INFO: [ app_begin ] --START--
INFO: Run Behavior\ReadHtmlCacheBehavior [ RunTime:0.000266s ]
INFO: [ app_begin ] --END-- [ RunTime:0.000297s ]
SQL: SHOW COLUMNS FROM `yzs_log` [ RunTime:0.0100s ]
SQL: INSERT INTO `yzs_log` (`ctr`,`act`,`user_id`,`user_name`,`get`,`post`,`time`) VALUES ('Product','product_list','1','张中','','','1515376128') [ RunTime:0.0022s ]
NOTIC: [8] Undefined index: name H:\www\3.0\Application\Admin\Controller\ProductController.class.php 第 38 行.
NOTIC: [8] Undefined index: menu H:\www\3.0\Application\Admin\Controller\ProductController.class.php 第 39 行.
NOTIC: [8] Undefined index: name H:\www\3.0\Application\Admin\Controller\ProductController.class.php 第 41 行.
SQL: SHOW COLUMNS FROM `yzs_product` [ RunTime:0.0213s ]
SQL: SELECT COUNT(id) AS tp_count FROM `yzs_product` LIMIT 1   [ RunTime:0.0003s ]
SQL: select p.*, (select `name` from yzs_product_type pt where id=p.type)as ptname,
                (select `name` from yzs_loans_type lt where id=p.loans_type) as ltname from yzs_product p where 1 limit 0,20 [ RunTime:0.0148s ]
SQL: select GROUP_CONCAT(name) as city from yzs_territory ter where id in(97) [ RunTime:0.0003s ]
SQL: select GROUP_CONCAT(name) as city from yzs_territory ter where id in(1,1) [ RunTime:0.0002s ]
SQL: select GROUP_CONCAT(name) as city from yzs_territory ter where id in(1,1) [ RunTime:0.0002s ]
SQL: select GROUP_CONCAT(name) as city from yzs_territory ter where id in(1,97) [ RunTime:0.0002s ]
SQL: select GROUP_CONCAT(name) as city from yzs_territory ter where id in(1) [ RunTime:0.0002s ]
SQL: select GROUP_CONCAT(name) as city from yzs_territory ter where id in(97) [ RunTime:0.0002s ]
SQL: select GROUP_CONCAT(name) as city from yzs_territory ter where id in(1) [ RunTime:0.0002s ]
SQL: select GROUP_CONCAT(name) as city from yzs_territory ter where id in(97) [ RunTime:0.0003s ]
SQL: select GROUP_CONCAT(name) as city from yzs_territory ter where id in(16,18,19,291,340,97,232,16,18,19) [ RunTime:0.0003s ]
SQL: select GROUP_CONCAT(name) as city from yzs_territory ter where id in(18) [ RunTime:0.0002s ]
INFO: [ view_parse ] --START--
INFO: [ template_filter ] --START--
INFO: Run Behavior\ContentReplaceBehavior [ RunTime:0.000083s ]
INFO: [ template_filter ] --END-- [ RunTime:0.000117s ]
NOTIC: [8] Undefined index: enter_time H:\www\3.0\Application\Runtime\Cache\Admin\527ac73b321bc66eb5b723d07450871f.php 第 83 行.
NOTIC: [8] Undefined index: enter_ip H:\www\3.0\Application\Runtime\Cache\Admin\527ac73b321bc66eb5b723d07450871f.php 第 84 行.
NOTIC: [8] Undefined index: delete H:\www\3.0\Application\Runtime\Cache\Admin\527ac73b321bc66eb5b723d07450871f.php 第 90 行.
NOTIC: [8] Undefined index: menu H:\www\3.0\Application\Runtime\Cache\Admin\527ac73b321bc66eb5b723d07450871f.php 第 90 行.
NOTIC: [8] Undefined index: enter_time H:\www\3.0\Application\Runtime\Cache\Admin\527ac73b321bc66eb5b723d07450871f.php 第 83 行.
NOTIC: [8] Undefined index: enter_ip H:\www\3.0\Application\Runtime\Cache\Admin\527ac73b321bc66eb5b723d07450871f.php 第 84 行.
NOTIC: [8] Undefined index: delete H:\www\3.0\Application\Runtime\Cache\Admin\527ac73b321bc66eb5b723d07450871f.php 第 90 行.
NOTIC: [8] Undefined index: menu H:\www\3.0\Application\Runtime\Cache\Admin\527ac73b321bc66eb5b723d07450871f.php 第 90 行.
NOTIC: [8] Undefined index: enter_time H:\www\3.0\Application\Runtime\Cache\Admin\527ac73b321bc66eb5b723d07450871f.php 第 83 行.
NOTIC: [8] Undefined index: enter_ip H:\www\3.0\Application\Runtime\Cache\Admin\527ac73b321bc66eb5b723d07450871f.php 第 84 行.
NOTIC: [8] Undefined index: delete H:\www\3.0\Application\Runtime\Cache\Admin\527ac73b321bc66eb5b723d07450871f.php 第 90 行.
NOTIC: [8] Undefined index: menu H:\www\3.0\Application\Runtime\Cache\Admin\527ac73b321bc66eb5b723d07450871f.php 第 90 行.
NOTIC: [8] Undefined index: enter_time H:\www\3.0\Application\Runtime\Cache\Admin\527ac73b321bc66eb5b723d07450871f.php 第 83 行.
NOTIC: [8] Undefined index: enter_ip H:\www\3.0\Application\Runtime\Cache\Admin\527ac73b321bc66eb5b723d07450871f.php 第 84 行.
NOTIC: [8] Undefined index: delete H:\www\3.0\Application\Runtime\Cache\Admin\527ac73b321bc66eb5b723d07450871f.php 第 90 行.
NOTIC: [8] Undefined index: menu H:\www\3.0\Application\Runtime\Cache\Admin\527ac73b321bc66eb5b723d07450871f.php 第 90 行.
NOTIC: [8] Undefined index: enter_time H:\www\3.0\Application\Runtime\Cache\Admin\527ac73b321bc66eb5b723d07450871f.php 第 83 行.
NOTIC: [8] Undefined index: enter_ip H:\www\3.0\Application\Runtime\Cache\Admin\527ac73b321bc66eb5b723d07450871f.php 第 84 行.
NOTIC: [8] Undefined index: delete H:\www\3.0\Application\Runtime\Cache\Admin\527ac73b321bc66eb5b723d07450871f.php 第 90 行.
NOTIC: [8] Undefined index: menu H:\www\3.0\Application\Runtime\Cache\Admin\527ac73b321bc66eb5b723d07450871f.php 第 90 行.
NOTIC: [8] Undefined index: enter_time H:\www\3.0\Application\Runtime\Cache\Admin\527ac73b321bc66eb5b723d07450871f.php 第 83 行.
NOTIC: [8] Undefined index: enter_ip H:\www\3.0\Application\Runtime\Cache\Admin\527ac73b321bc66eb5b723d07450871f.php 第 84 行.
NOTIC: [8] Undefined index: delete H:\www\3.0\Application\Runtime\Cache\Admin\527ac73b321bc66eb5b723d07450871f.php 第 90 行.
NOTIC: [8] Undefined index: menu H:\www\3.0\Application\Runtime\Cache\Admin\527ac73b321bc66eb5b723d07450871f.php 第 90 行.
NOTIC: [8] Undefined index: enter_time H:\www\3.0\Application\Runtime\Cache\Admin\527ac73b321bc66eb5b723d07450871f.php 第 83 行.
NOTIC: [8] Undefined index: enter_ip H:\www\3.0\Application\Runtime\Cache\Admin\527ac73b321bc66eb5b723d07450871f.php 第 84 行.
NOTIC: [8] Undefined index: delete H:\www\3.0\Application\Runtime\Cache\Admin\527ac73b321bc66eb5b723d07450871f.php 第 90 行.
NOTIC: [8] Undefined index: menu H:\www\3.0\Application\Runtime\Cache\Admin\527ac73b321bc66eb5b723d07450871f.php 第 90 行.
NOTIC: [8] Undefined index: enter_time H:\www\3.0\Application\Runtime\Cache\Admin\527ac73b321bc66eb5b723d07450871f.php 第 83 行.
NOTIC: [8] Undefined index: enter_ip H:\www\3.0\Application\Runtime\Cache\Admin\527ac73b321bc66eb5b723d07450871f.php 第 84 行.
NOTIC: [8] Undefined index: delete H:\www\3.0\Application\Runtime\Cache\Admin\527ac73b321bc66eb5b723d07450871f.php 第 90 行.
NOTIC: [8] Undefined index: menu H:\www\3.0\Application\Runtime\Cache\Admin\527ac73b321bc66eb5b723d07450871f.php 第 90 行.
NOTIC: [8] Undefined index: enter_time H:\www\3.0\Application\Runtime\Cache\Admin\527ac73b321bc66eb5b723d07450871f.php 第 83 行.
NOTIC: [8] Undefined index: enter_ip H:\www\3.0\Application\Runtime\Cache\Admin\527ac73b321bc66eb5b723d07450871f.php 第 84 行.
NOTIC: [8] Undefined index: delete H:\www\3.0\Application\Runtime\Cache\Admin\527ac73b321bc66eb5b723d07450871f.php 第 90 行.
NOTIC: [8] Undefined index: menu H:\www\3.0\Application\Runtime\Cache\Admin\527ac73b321bc66eb5b723d07450871f.php 第 90 行.
NOTIC: [8] Undefined index: enter_time H:\www\3.0\Application\Runtime\Cache\Admin\527ac73b321bc66eb5b723d07450871f.php 第 83 行.
NOTIC: [8] Undefined index: enter_ip H:\www\3.0\Application\Runtime\Cache\Admin\527ac73b321bc66eb5b723d07450871f.php 第 84 行.
NOTIC: [8] Undefined index: delete H:\www\3.0\Application\Runtime\Cache\Admin\527ac73b321bc66eb5b723d07450871f.php 第 90 行.
NOTIC: [8] Undefined index: menu H:\www\3.0\Application\Runtime\Cache\Admin\527ac73b321bc66eb5b723d07450871f.php 第 90 行.
INFO: Run Behavior\ParseTemplateBehavior [ RunTime:0.072089s ]
INFO: [ view_parse ] --END-- [ RunTime:0.072124s ]
INFO: [ view_filter ] --START--
INFO: Run Behavior\WriteHtmlCacheBehavior [ RunTime:0.000149s ]
INFO: [ view_filter ] --END-- [ RunTime:0.000171s ]
INFO: [ app_end ] --START--
INFO: Run Behavior\ShowPageTraceBehavior [ RunTime:0.000285s ]
INFO: [ app_end ] --END-- [ RunTime:0.000311s ]

