[ 2018-01-02T16:16:28+08:00 ] 116.226.228.2 /index.php/admin/order/wx_redact/id/identity_card_frontal11
ERR: 1054:Unknown column 'identity_card_frontal11' in 'where clause'
 [ SQL语句 ] : SELECT * FROM `yzs_wx_application` WHERE ( id=identity_card_frontal11 ) LIMIT 1  
ERR: 1054:Unknown column 'identity_card_frontal11' in 'where clause'
 [ SQL语句 ] : SELECT * FROM `yzs_wx_application` WHERE ( id=identity_card_frontal11 ) LIMIT 1  

[ 2018-01-02T16:16:28+08:00 ] 116.226.228.2 /index.php/admin/order/wx_redact/id/identity_card_frontal12
ERR: 1054:Unknown column 'identity_card_frontal12' in 'where clause'
 [ SQL语句 ] : SELECT * FROM `yzs_wx_application` WHERE ( id=identity_card_frontal12 ) LIMIT 1  
ERR: 1054:Unknown column 'identity_card_frontal12' in 'where clause'
 [ SQL语句 ] : SELECT * FROM `yzs_wx_application` WHERE ( id=identity_card_frontal12 ) LIMIT 1  

[ 2018-01-02T16:16:38+08:00 ] 116.226.228.2 /index.php/admin/order/wx_redact/id/identity_card_frontal11
ERR: 1054:Unknown column 'identity_card_frontal11' in 'where clause'
 [ SQL语句 ] : SELECT * FROM `yzs_wx_application` WHERE ( id=identity_card_frontal11 ) LIMIT 1  
ERR: 1054:Unknown column 'identity_card_frontal11' in 'where clause'
 [ SQL语句 ] : SELECT * FROM `yzs_wx_application` WHERE ( id=identity_card_frontal11 ) LIMIT 1  

[ 2018-01-02T16:16:38+08:00 ] 116.226.228.2 /index.php/admin/order/wx_redact/id/identity_card_frontal12
ERR: 1054:Unknown column 'identity_card_frontal12' in 'where clause'
 [ SQL语句 ] : SELECT * FROM `yzs_wx_application` WHERE ( id=identity_card_frontal12 ) LIMIT 1  
ERR: 1054:Unknown column 'identity_card_frontal12' in 'where clause'
 [ SQL语句 ] : SELECT * FROM `yzs_wx_application` WHERE ( id=identity_card_frontal12 ) LIMIT 1  

[ 2018-01-02T16:17:10+08:00 ] 116.226.228.2 /index.php/admin/order/wx_redact/id/identity_card_frontal11
ERR: 1054:Unknown column 'identity_card_frontal11' in 'where clause'
 [ SQL语句 ] : SELECT * FROM `yzs_wx_application` WHERE ( id=identity_card_frontal11 ) LIMIT 1  
ERR: 1054:Unknown column 'identity_card_frontal11' in 'where clause'
 [ SQL语句 ] : SELECT * FROM `yzs_wx_application` WHERE ( id=identity_card_frontal11 ) LIMIT 1  

[ 2018-01-02T16:17:10+08:00 ] 116.226.228.2 /index.php/admin/order/wx_redact/id/identity_card_frontal12
ERR: 1054:Unknown column 'identity_card_frontal12' in 'where clause'
 [ SQL语句 ] : SELECT * FROM `yzs_wx_application` WHERE ( id=identity_card_frontal12 ) LIMIT 1  
ERR: 1054:Unknown column 'identity_card_frontal12' in 'where clause'
 [ SQL语句 ] : SELECT * FROM `yzs_wx_application` WHERE ( id=identity_card_frontal12 ) LIMIT 1  

[ 2018-01-02T16:17:45+08:00 ] 116.226.228.2 /index.php/admin/order/wx_redact/id/identity_card_frontal11
ERR: 1054:Unknown column 'identity_card_frontal11' in 'where clause'
 [ SQL语句 ] : SELECT * FROM `yzs_wx_application` WHERE ( id=identity_card_frontal11 ) LIMIT 1  
ERR: 1054:Unknown column 'identity_card_frontal11' in 'where clause'
 [ SQL语句 ] : SELECT * FROM `yzs_wx_application` WHERE ( id=identity_card_frontal11 ) LIMIT 1  

[ 2018-01-02T16:17:45+08:00 ] 116.226.228.2 /index.php/admin/order/wx_redact/id/identity_card_frontal12
ERR: 1054:Unknown column 'identity_card_frontal12' in 'where clause'
 [ SQL语句 ] : SELECT * FROM `yzs_wx_application` WHERE ( id=identity_card_frontal12 ) LIMIT 1  
ERR: 1054:Unknown column 'identity_card_frontal12' in 'where clause'
 [ SQL语句 ] : SELECT * FROM `yzs_wx_application` WHERE ( id=identity_card_frontal12 ) LIMIT 1  

[ 2018-01-02T16:17:47+08:00 ] 116.226.228.2 /index.php/admin/order/wx_redact/id/identity_card_frontal11
ERR: 1054:Unknown column 'identity_card_frontal11' in 'where clause'
 [ SQL语句 ] : SELECT * FROM `yzs_wx_application` WHERE ( id=identity_card_frontal11 ) LIMIT 1  
ERR: 1054:Unknown column 'identity_card_frontal11' in 'where clause'
 [ SQL语句 ] : SELECT * FROM `yzs_wx_application` WHERE ( id=identity_card_frontal11 ) LIMIT 1  

[ 2018-01-02T16:17:47+08:00 ] 116.226.228.2 /index.php/admin/order/wx_redact/id/identity_card_frontal12
ERR: 1054:Unknown column 'identity_card_frontal12' in 'where clause'
 [ SQL语句 ] : SELECT * FROM `yzs_wx_application` WHERE ( id=identity_card_frontal12 ) LIMIT 1  
ERR: 1054:Unknown column 'identity_card_frontal12' in 'where clause'
 [ SQL语句 ] : SELECT * FROM `yzs_wx_application` WHERE ( id=identity_card_frontal12 ) LIMIT 1  

[ 2018-01-02T16:19:05+08:00 ] 116.226.228.2 /index.php/admin/order/wx_redact/id/identity_card_frontal11
ERR: 1054:Unknown column 'identity_card_frontal11' in 'where clause'
 [ SQL语句 ] : SELECT * FROM `yzs_wx_application` WHERE ( id=identity_card_frontal11 ) LIMIT 1  
ERR: 1054:Unknown column 'identity_card_frontal11' in 'where clause'
 [ SQL语句 ] : SELECT * FROM `yzs_wx_application` WHERE ( id=identity_card_frontal11 ) LIMIT 1  

[ 2018-01-02T16:19:05+08:00 ] 116.226.228.2 /index.php/admin/order/wx_redact/id/identity_card_frontal12
ERR: 1054:Unknown column 'identity_card_frontal12' in 'where clause'
 [ SQL语句 ] : SELECT * FROM `yzs_wx_application` WHERE ( id=identity_card_frontal12 ) LIMIT 1  
ERR: 1054:Unknown column 'identity_card_frontal12' in 'where clause'
 [ SQL语句 ] : SELECT * FROM `yzs_wx_application` WHERE ( id=identity_card_frontal12 ) LIMIT 1  

[ 2018-01-02T17:11:32+08:00 ] 116.226.228.2 /index.php/admin/order/wx_redact/id/undefined
ERR: 1054:Unknown column 'undefined' in 'where clause'
 [ SQL语句 ] : SELECT * FROM `yzs_wx_application` WHERE ( id=undefined ) LIMIT 1  
ERR: 1054:Unknown column 'undefined' in 'where clause'
 [ SQL语句 ] : SELECT * FROM `yzs_wx_application` WHERE ( id=undefined ) LIMIT 1  

[ 2018-01-02T17:11:40+08:00 ] 116.226.228.2 /index.php/admin/order/wx_redact/id/undefined
ERR: 1054:Unknown column 'undefined' in 'where clause'
 [ SQL语句 ] : SELECT * FROM `yzs_wx_application` WHERE ( id=undefined ) LIMIT 1  
ERR: 1054:Unknown column 'undefined' in 'where clause'
 [ SQL语句 ] : SELECT * FROM `yzs_wx_application` WHERE ( id=undefined ) LIMIT 1  

