[ 2018-03-08T09:19:15+08:00 ] 127.0.0.1 /
INFO: [ app_init ] --START--
INFO: Run Behavior\BuildLiteBehavior [ RunTime:0.000012s ]
INFO: [ app_init ] --END-- [ RunTime:0.008664s ]
INFO: [ app_begin ] --START--
INFO: Run Behavior\ReadHtmlCacheBehavior [ RunTime:0.012950s ]
INFO: [ app_begin ] --END-- [ RunTime:0.013002s ]

[ 2018-03-08T09:19:15+08:00 ] 127.0.0.1 /index.php/Admin/Login/login.html
INFO: [ app_init ] --START--
INFO: Run Behavior\BuildLiteBehavior [ RunTime:0.000008s ]
INFO: [ app_init ] --END-- [ RunTime:0.000227s ]
INFO: [ app_begin ] --START--
INFO: Run Behavior\ReadHtmlCacheBehavior [ RunTime:0.000280s ]
INFO: [ app_begin ] --END-- [ RunTime:0.000313s ]
INFO: [ view_parse ] --START--
INFO: [ template_filter ] --START--
INFO: Run Behavior\ContentReplaceBehavior [ RunTime:0.000069s ]
INFO: [ template_filter ] --END-- [ RunTime:0.000107s ]
INFO: Run Behavior\ParseTemplateBehavior [ RunTime:0.072298s ]
INFO: [ view_parse ] --END-- [ RunTime:0.072342s ]
INFO: [ view_filter ] --START--
INFO: Run Behavior\WriteHtmlCacheBehavior [ RunTime:0.008763s ]
INFO: [ view_filter ] --END-- [ RunTime:0.008797s ]
INFO: [ app_end ] --START--
INFO: Run Behavior\ShowPageTraceBehavior [ RunTime:0.006108s ]
INFO: [ app_end ] --END-- [ RunTime:0.006145s ]

[ 2018-03-08T09:19:23+08:00 ] 127.0.0.1 /index.php/Admin/Login/check_code.html
INFO: [ app_init ] --START--
INFO: Run Behavior\BuildLiteBehavior [ RunTime:0.000010s ]
INFO: [ app_init ] --END-- [ RunTime:0.000303s ]
INFO: [ app_begin ] --START--
INFO: Run Behavior\ReadHtmlCacheBehavior [ RunTime:0.000355s ]
INFO: [ app_begin ] --END-- [ RunTime:0.000390s ]
SQL: SHOW COLUMNS FROM `yzs_admin_users` [ RunTime:0.0368s ]
SQL: SELECT * FROM `yzs_admin_users` WHERE ( username='admin' ) LIMIT 1   [ RunTime:0.0027s ]
SQL: UPDATE `yzs_admin_users` SET `enter_time`='1520471963',`enter_ip`='127.0.0.1' WHERE ( id=1 ) [ RunTime:0.0030s ]
SQL: SHOW COLUMNS FROM `yzs_log` [ RunTime:0.0161s ]
SQL: INSERT INTO `yzs_log` (`ctr`,`act`,`user_id`,`user_name`,`get`,`post`,`time`) VALUES ('Login','check_code','1','张中','','{\"username\":\"admin\",\"password\":\"admin123\"}','1520471963') [ RunTime:0.0018s ]

[ 2018-03-08T09:19:24+08:00 ] 127.0.0.1 /index.php/Admin/Index/index.html
INFO: [ app_init ] --START--
INFO: Run Behavior\BuildLiteBehavior [ RunTime:0.000009s ]
INFO: [ app_init ] --END-- [ RunTime:0.000239s ]
INFO: [ app_begin ] --START--
INFO: Run Behavior\ReadHtmlCacheBehavior [ RunTime:0.000289s ]
INFO: [ app_begin ] --END-- [ RunTime:0.000327s ]
SQL: SHOW COLUMNS FROM `yzs_log` [ RunTime:0.0080s ]
SQL: INSERT INTO `yzs_log` (`ctr`,`act`,`user_id`,`user_name`,`get`,`post`,`time`) VALUES ('Index','index','1','张中','','','1520471964') [ RunTime:0.0017s ]
SQL: SHOW COLUMNS FROM `yzs_catalogue` [ RunTime:0.0114s ]
SQL: SELECT * FROM `yzs_catalogue` WHERE ( state=1 )  [ RunTime:0.0004s ]
SQL: SHOW COLUMNS FROM `yzs_rank_catalogue` [ RunTime:0.0080s ]
SQL: SELECT `c_id` FROM `yzs_rank_catalogue` WHERE ( r_id='1' )  [ RunTime:0.0018s ]
NOTIC: [2] in_array() expects parameter 2 to be array, null given H:\www\3.0\Application\Admin\Controller\IndexController.class.php 第 20 行.
NOTIC: [2] in_array() expects parameter 2 to be array, null given H:\www\3.0\Application\Admin\Controller\IndexController.class.php 第 20 行.
NOTIC: [2] in_array() expects parameter 2 to be array, null given H:\www\3.0\Application\Admin\Controller\IndexController.class.php 第 20 行.
NOTIC: [2] in_array() expects parameter 2 to be array, null given H:\www\3.0\Application\Admin\Controller\IndexController.class.php 第 20 行.
NOTIC: [2] in_array() expects parameter 2 to be array, null given H:\www\3.0\Application\Admin\Controller\IndexController.class.php 第 20 行.
NOTIC: [2] in_array() expects parameter 2 to be array, null given H:\www\3.0\Application\Admin\Controller\IndexController.class.php 第 20 行.
NOTIC: [2] in_array() expects parameter 2 to be array, null given H:\www\3.0\Application\Admin\Controller\IndexController.class.php 第 20 行.
NOTIC: [2] in_array() expects parameter 2 to be array, null given H:\www\3.0\Application\Admin\Controller\IndexController.class.php 第 20 行.
NOTIC: [2] in_array() expects parameter 2 to be array, null given H:\www\3.0\Application\Admin\Controller\IndexController.class.php 第 20 行.
NOTIC: [2] in_array() expects parameter 2 to be array, null given H:\www\3.0\Application\Admin\Controller\IndexController.class.php 第 20 行.
NOTIC: [2] in_array() expects parameter 2 to be array, null given H:\www\3.0\Application\Admin\Controller\IndexController.class.php 第 20 行.
NOTIC: [2] in_array() expects parameter 2 to be array, null given H:\www\3.0\Application\Admin\Controller\IndexController.class.php 第 20 行.
NOTIC: [2] in_array() expects parameter 2 to be array, null given H:\www\3.0\Application\Admin\Controller\IndexController.class.php 第 20 行.
NOTIC: [2] in_array() expects parameter 2 to be array, null given H:\www\3.0\Application\Admin\Controller\IndexController.class.php 第 20 行.
NOTIC: [2] in_array() expects parameter 2 to be array, null given H:\www\3.0\Application\Admin\Controller\IndexController.class.php 第 20 行.
NOTIC: [2] in_array() expects parameter 2 to be array, null given H:\www\3.0\Application\Admin\Controller\IndexController.class.php 第 20 行.
NOTIC: [2] in_array() expects parameter 2 to be array, null given H:\www\3.0\Application\Admin\Controller\IndexController.class.php 第 20 行.
NOTIC: [2] in_array() expects parameter 2 to be array, null given H:\www\3.0\Application\Admin\Controller\IndexController.class.php 第 20 行.
NOTIC: [2] in_array() expects parameter 2 to be array, null given H:\www\3.0\Application\Admin\Controller\IndexController.class.php 第 20 行.
NOTIC: [2] in_array() expects parameter 2 to be array, null given H:\www\3.0\Application\Admin\Controller\IndexController.class.php 第 20 行.
NOTIC: [2] in_array() expects parameter 2 to be array, null given H:\www\3.0\Application\Admin\Controller\IndexController.class.php 第 20 行.
NOTIC: [2] in_array() expects parameter 2 to be array, null given H:\www\3.0\Application\Admin\Controller\IndexController.class.php 第 20 行.
NOTIC: [2] in_array() expects parameter 2 to be array, null given H:\www\3.0\Application\Admin\Controller\IndexController.class.php 第 20 行.
NOTIC: [2] in_array() expects parameter 2 to be array, null given H:\www\3.0\Application\Admin\Controller\IndexController.class.php 第 20 行.
NOTIC: [2] in_array() expects parameter 2 to be array, null given H:\www\3.0\Application\Admin\Controller\IndexController.class.php 第 20 行.
NOTIC: [2] in_array() expects parameter 2 to be array, null given H:\www\3.0\Application\Admin\Controller\IndexController.class.php 第 20 行.
NOTIC: [2] in_array() expects parameter 2 to be array, null given H:\www\3.0\Application\Admin\Controller\IndexController.class.php 第 20 行.
NOTIC: [2] in_array() expects parameter 2 to be array, null given H:\www\3.0\Application\Admin\Controller\IndexController.class.php 第 20 行.
INFO: [ view_parse ] --START--
INFO: [ template_filter ] --START--
INFO: Run Behavior\ContentReplaceBehavior [ RunTime:0.000035s ]
INFO: [ template_filter ] --END-- [ RunTime:0.000072s ]
INFO: Run Behavior\ParseTemplateBehavior [ RunTime:0.034700s ]
INFO: [ view_parse ] --END-- [ RunTime:0.034743s ]
INFO: [ view_filter ] --START--
INFO: Run Behavior\WriteHtmlCacheBehavior [ RunTime:0.000215s ]
INFO: [ view_filter ] --END-- [ RunTime:0.000239s ]
INFO: [ app_end ] --START--
INFO: Run Behavior\ShowPageTraceBehavior [ RunTime:0.000328s ]
INFO: [ app_end ] --END-- [ RunTime:0.000354s ]

[ 2018-03-08T09:19:24+08:00 ] 127.0.0.1 /index.php/Admin/System/admin_list.html
INFO: [ app_init ] --START--
INFO: Run Behavior\BuildLiteBehavior [ RunTime:0.000016s ]
INFO: [ app_init ] --END-- [ RunTime:0.000246s ]
INFO: [ app_begin ] --START--
INFO: Run Behavior\ReadHtmlCacheBehavior [ RunTime:0.000293s ]
INFO: [ app_begin ] --END-- [ RunTime:0.000328s ]
SQL: SHOW COLUMNS FROM `yzs_log` [ RunTime:0.0045s ]
SQL: INSERT INTO `yzs_log` (`ctr`,`act`,`user_id`,`user_name`,`get`,`post`,`time`) VALUES ('System','admin_list','1','张中','','','1520471964') [ RunTime:0.0020s ]
NOTIC: [8] Undefined index: name H:\www\3.0\Application\Admin\Controller\SystemController.class.php 第 252 行.
SQL: SHOW COLUMNS FROM `yzs_admin_users` [ RunTime:0.0056s ]
SQL: SELECT COUNT(*) AS tp_count FROM `yzs_admin_users` LIMIT 1   [ RunTime:0.0010s ]
SQL: SELECT * FROM `yzs_admin_users` WHERE ( 1 ) ORDER BY rank LIMIT 0,20   [ RunTime:0.0011s ]
NOTIC: [2] date() expects parameter 2 to be long, string given H:\www\3.0\Application\Admin\Controller\SystemController.class.php 第 274 行.
SQL: SELECT `name` FROM `yzs_admin_users` WHERE ( id=0 ) LIMIT 1   [ RunTime:0.0003s ]
SQL: SHOW COLUMNS FROM `yzs_rank` [ RunTime:0.0120s ]
SQL: SELECT `rank` FROM `yzs_rank` WHERE ( id=1 ) LIMIT 1   [ RunTime:0.0002s ]
SQL: SELECT `name` FROM `yzs_admin_users` WHERE ( id=0 ) LIMIT 1   [ RunTime:0.0002s ]
SQL: SELECT `rank` FROM `yzs_rank` WHERE ( id=1 ) LIMIT 1   [ RunTime:0.0002s ]
NOTIC: [2] date() expects parameter 2 to be long, string given H:\www\3.0\Application\Admin\Controller\SystemController.class.php 第 274 行.
SQL: SELECT `name` FROM `yzs_admin_users` WHERE ( id=3 ) LIMIT 1   [ RunTime:0.0002s ]
SQL: SELECT `rank` FROM `yzs_rank` WHERE ( id=2 ) LIMIT 1   [ RunTime:0.0002s ]
SQL: SHOW COLUMNS FROM `yzs_territory` [ RunTime:0.0173s ]
SQL: SELECT `name` FROM `yzs_territory` WHERE ( id=5 ) LIMIT 1   [ RunTime:0.0007s ]
SQL: SELECT `name` FROM `yzs_admin_users` WHERE ( id=3 ) LIMIT 1   [ RunTime:0.0006s ]
SQL: SELECT `rank` FROM `yzs_rank` WHERE ( id=2 ) LIMIT 1   [ RunTime:0.0004s ]
SQL: SELECT `name` FROM `yzs_territory` WHERE ( id=2 ) LIMIT 1   [ RunTime:0.0007s ]
NOTIC: [2] date() expects parameter 2 to be long, string given H:\www\3.0\Application\Admin\Controller\SystemController.class.php 第 275 行.
SQL: SELECT `name` FROM `yzs_admin_users` WHERE ( id=1 ) LIMIT 1   [ RunTime:0.0002s ]
SQL: SELECT `rank` FROM `yzs_rank` WHERE ( id=2 ) LIMIT 1   [ RunTime:0.0001s ]
SQL: SELECT `name` FROM `yzs_territory` WHERE ( id=1 ) LIMIT 1   [ RunTime:0.0002s ]
NOTIC: [2] date() expects parameter 2 to be long, string given H:\www\3.0\Application\Admin\Controller\SystemController.class.php 第 275 行.
SQL: SELECT `name` FROM `yzs_admin_users` WHERE ( id=1 ) LIMIT 1   [ RunTime:0.0002s ]
SQL: SELECT `rank` FROM `yzs_rank` WHERE ( id=2 ) LIMIT 1   [ RunTime:0.0003s ]
SQL: SELECT `name` FROM `yzs_territory` WHERE ( id=8 ) LIMIT 1   [ RunTime:0.0003s ]
INFO: [ view_parse ] --START--
INFO: [ template_filter ] --START--
INFO: Run Behavior\ContentReplaceBehavior [ RunTime:0.000109s ]
INFO: [ template_filter ] --END-- [ RunTime:0.000208s ]
INFO: Run Behavior\ParseTemplateBehavior [ RunTime:0.075281s ]
INFO: [ view_parse ] --END-- [ RunTime:0.075329s ]
INFO: [ view_filter ] --START--
INFO: Run Behavior\WriteHtmlCacheBehavior [ RunTime:0.000160s ]
INFO: [ view_filter ] --END-- [ RunTime:0.000183s ]
INFO: [ app_end ] --START--
INFO: Run Behavior\ShowPageTraceBehavior [ RunTime:0.000293s ]
INFO: [ app_end ] --END-- [ RunTime:0.000317s ]

[ 2018-03-08T09:21:08+08:00 ] 127.0.0.1 /index.php/Admin/Order/wx_apply.html
INFO: [ app_init ] --START--
INFO: Run Behavior\BuildLiteBehavior [ RunTime:0.000008s ]
INFO: [ app_init ] --END-- [ RunTime:0.000241s ]
INFO: [ app_begin ] --START--
INFO: Run Behavior\ReadHtmlCacheBehavior [ RunTime:0.000279s ]
INFO: [ app_begin ] --END-- [ RunTime:0.000313s ]
SQL: SHOW COLUMNS FROM `yzs_log` [ RunTime:0.0074s ]
SQL: INSERT INTO `yzs_log` (`ctr`,`act`,`user_id`,`user_name`,`get`,`post`,`time`) VALUES ('Order','wx_apply','1','张中','','','1520472068') [ RunTime:0.0053s ]
SQL: SHOW COLUMNS FROM `yzs_wx_application` [ RunTime:0.0451s ]
SQL: SELECT COUNT(*) AS tp_count FROM `yzs_wx_application` WHERE ( 1 ) LIMIT 1   [ RunTime:0.0003s ]
NOTIC: [8] Undefined index: name H:\www\3.0\Application\Admin\Controller\OrderController.class.php 第 140 行.
NOTIC: [8] Undefined index: type H:\www\3.0\Application\Admin\Controller\OrderController.class.php 第 156 行.
SQL: select a.id, a.order_number, u.nickname,u.channel_number, a.loanamount, a.number,a.mobile,a.channel, a.p_power_num, a.wx_time, a.wx_state, a.banks from yzs_wx_application a left join yzs_wxusers u on a.uid = u.id where 1 order by a.wx_time desc, a.wx_state asc, a.wx_time desc limit 0,20 [ RunTime:0.0074s ]
INFO: [ view_parse ] --START--
INFO: [ template_filter ] --START--
INFO: Run Behavior\ContentReplaceBehavior [ RunTime:0.000079s ]
INFO: [ template_filter ] --END-- [ RunTime:0.000112s ]
NOTIC: [8] Undefined index: img_url H:\www\3.0\Application\Runtime\Cache\Admin\26ec279448812fee37817c4a605b4219.php 第 198 行.
NOTIC: [8] Undefined index: code H:\www\3.0\Application\Runtime\Cache\Admin\26ec279448812fee37817c4a605b4219.php 第 199 行.
NOTIC: [8] Undefined index: name H:\www\3.0\Application\Runtime\Cache\Admin\26ec279448812fee37817c4a605b4219.php 第 200 行.
NOTIC: [8] Undefined index: source H:\www\3.0\Application\Runtime\Cache\Admin\26ec279448812fee37817c4a605b4219.php 第 201 行.
NOTIC: [8] Undefined index: ptname H:\www\3.0\Application\Runtime\Cache\Admin\26ec279448812fee37817c4a605b4219.php 第 202 行.
NOTIC: [8] Undefined index: city H:\www\3.0\Application\Runtime\Cache\Admin\26ec279448812fee37817c4a605b4219.php 第 203 行.
NOTIC: [8] Undefined index: min_money H:\www\3.0\Application\Runtime\Cache\Admin\26ec279448812fee37817c4a605b4219.php 第 204 行.
NOTIC: [8] Undefined index: max_money H:\www\3.0\Application\Runtime\Cache\Admin\26ec279448812fee37817c4a605b4219.php 第 205 行.
NOTIC: [8] Undefined index: add_time H:\www\3.0\Application\Runtime\Cache\Admin\26ec279448812fee37817c4a605b4219.php 第 206 行.
NOTIC: [8] Undefined index: state H:\www\3.0\Application\Runtime\Cache\Admin\26ec279448812fee37817c4a605b4219.php 第 207 行.
NOTIC: [8] Undefined index: enter_time H:\www\3.0\Application\Runtime\Cache\Admin\26ec279448812fee37817c4a605b4219.php 第 208 行.
NOTIC: [8] Undefined index: enter_ip H:\www\3.0\Application\Runtime\Cache\Admin\26ec279448812fee37817c4a605b4219.php 第 209 行.
NOTIC: [8] Undefined index: delete H:\www\3.0\Application\Runtime\Cache\Admin\26ec279448812fee37817c4a605b4219.php 第 212 行.
NOTIC: [8] Undefined index: menu H:\www\3.0\Application\Runtime\Cache\Admin\26ec279448812fee37817c4a605b4219.php 第 212 行.
NOTIC: [8] Undefined index: img_url H:\www\3.0\Application\Runtime\Cache\Admin\26ec279448812fee37817c4a605b4219.php 第 198 行.
NOTIC: [8] Undefined index: code H:\www\3.0\Application\Runtime\Cache\Admin\26ec279448812fee37817c4a605b4219.php 第 199 行.
NOTIC: [8] Undefined index: name H:\www\3.0\Application\Runtime\Cache\Admin\26ec279448812fee37817c4a605b4219.php 第 200 行.
NOTIC: [8] Undefined index: source H:\www\3.0\Application\Runtime\Cache\Admin\26ec279448812fee37817c4a605b4219.php 第 201 行.
NOTIC: [8] Undefined index: ptname H:\www\3.0\Application\Runtime\Cache\Admin\26ec279448812fee37817c4a605b4219.php 第 202 行.
NOTIC: [8] Undefined index: city H:\www\3.0\Application\Runtime\Cache\Admin\26ec279448812fee37817c4a605b4219.php 第 203 行.
NOTIC: [8] Undefined index: min_money H:\www\3.0\Application\Runtime\Cache\Admin\26ec279448812fee37817c4a605b4219.php 第 204 行.
NOTIC: [8] Undefined index: max_money H:\www\3.0\Application\Runtime\Cache\Admin\26ec279448812fee37817c4a605b4219.php 第 205 行.
NOTIC: [8] Undefined index: add_time H:\www\3.0\Application\Runtime\Cache\Admin\26ec279448812fee37817c4a605b4219.php 第 206 行.
NOTIC: [8] Undefined index: state H:\www\3.0\Application\Runtime\Cache\Admin\26ec279448812fee37817c4a605b4219.php 第 207 行.
NOTIC: [8] Undefined index: enter_time H:\www\3.0\Application\Runtime\Cache\Admin\26ec279448812fee37817c4a605b4219.php 第 208 行.
NOTIC: [8] Undefined index: enter_ip H:\www\3.0\Application\Runtime\Cache\Admin\26ec279448812fee37817c4a605b4219.php 第 209 行.
NOTIC: [8] Undefined index: delete H:\www\3.0\Application\Runtime\Cache\Admin\26ec279448812fee37817c4a605b4219.php 第 212 行.
NOTIC: [8] Undefined index: menu H:\www\3.0\Application\Runtime\Cache\Admin\26ec279448812fee37817c4a605b4219.php 第 212 行.
NOTIC: [8] Undefined index: img_url H:\www\3.0\Application\Runtime\Cache\Admin\26ec279448812fee37817c4a605b4219.php 第 198 行.
NOTIC: [8] Undefined index: code H:\www\3.0\Application\Runtime\Cache\Admin\26ec279448812fee37817c4a605b4219.php 第 199 行.
NOTIC: [8] Undefined index: name H:\www\3.0\Application\Runtime\Cache\Admin\26ec279448812fee37817c4a605b4219.php 第 200 行.
NOTIC: [8] Undefined index: source H:\www\3.0\Application\Runtime\Cache\Admin\26ec279448812fee37817c4a605b4219.php 第 201 行.
NOTIC: [8] Undefined index: ptname H:\www\3.0\Application\Runtime\Cache\Admin\26ec279448812fee37817c4a605b4219.php 第 202 行.
NOTIC: [8] Undefined index: city H:\www\3.0\Application\Runtime\Cache\Admin\26ec279448812fee37817c4a605b4219.php 第 203 行.
NOTIC: [8] Undefined index: min_money H:\www\3.0\Application\Runtime\Cache\Admin\26ec279448812fee37817c4a605b4219.php 第 204 行.
NOTIC: [8] Undefined index: max_money H:\www\3.0\Application\Runtime\Cache\Admin\26ec279448812fee37817c4a605b4219.php 第 205 行.
NOTIC: [8] Undefined index: add_time H:\www\3.0\Application\Runtime\Cache\Admin\26ec279448812fee37817c4a605b4219.php 第 206 行.
NOTIC: [8] Undefined index: state H:\www\3.0\Application\Runtime\Cache\Admin\26ec279448812fee37817c4a605b4219.php 第 207 行.
NOTIC: [8] Undefined index: enter_time H:\www\3.0\Application\Runtime\Cache\Admin\26ec279448812fee37817c4a605b4219.php 第 208 行.
NOTIC: [8] Undefined index: enter_ip H:\www\3.0\Application\Runtime\Cache\Admin\26ec279448812fee37817c4a605b4219.php 第 209 行.
NOTIC: [8] Undefined index: delete H:\www\3.0\Application\Runtime\Cache\Admin\26ec279448812fee37817c4a605b4219.php 第 212 行.
NOTIC: [8] Undefined index: menu H:\www\3.0\Application\Runtime\Cache\Admin\26ec279448812fee37817c4a605b4219.php 第 212 行.
NOTIC: [8] Undefined index: img_url H:\www\3.0\Application\Runtime\Cache\Admin\26ec279448812fee37817c4a605b4219.php 第 198 行.
NOTIC: [8] Undefined index: code H:\www\3.0\Application\Runtime\Cache\Admin\26ec279448812fee37817c4a605b4219.php 第 199 行.
NOTIC: [8] Undefined index: name H:\www\3.0\Application\Runtime\Cache\Admin\26ec279448812fee37817c4a605b4219.php 第 200 行.
NOTIC: [8] Undefined index: source H:\www\3.0\Application\Runtime\Cache\Admin\26ec279448812fee37817c4a605b4219.php 第 201 行.
NOTIC: [8] Undefined index: ptname H:\www\3.0\Application\Runtime\Cache\Admin\26ec279448812fee37817c4a605b4219.php 第 202 行.
NOTIC: [8] Undefined index: city H:\www\3.0\Application\Runtime\Cache\Admin\26ec279448812fee37817c4a605b4219.php 第 203 行.
NOTIC: [8] Undefined index: min_money H:\www\3.0\Application\Runtime\Cache\Admin\26ec279448812fee37817c4a605b4219.php 第 204 行.
NOTIC: [8] Undefined index: max_money H:\www\3.0\Application\Runtime\Cache\Admin\26ec279448812fee37817c4a605b4219.php 第 205 行.
NOTIC: [8] Undefined index: add_time H:\www\3.0\Application\Runtime\Cache\Admin\26ec279448812fee37817c4a605b4219.php 第 206 行.
NOTIC: [8] Undefined index: state H:\www\3.0\Application\Runtime\Cache\Admin\26ec279448812fee37817c4a605b4219.php 第 207 行.
NOTIC: [8] Undefined index: enter_time H:\www\3.0\Application\Runtime\Cache\Admin\26ec279448812fee37817c4a605b4219.php 第 208 行.
NOTIC: [8] Undefined index: enter_ip H:\www\3.0\Application\Runtime\Cache\Admin\26ec279448812fee37817c4a605b4219.php 第 209 行.
NOTIC: [8] Undefined index: delete H:\www\3.0\Application\Runtime\Cache\Admin\26ec279448812fee37817c4a605b4219.php 第 212 行.
NOTIC: [8] Undefined index: menu H:\www\3.0\Application\Runtime\Cache\Admin\26ec279448812fee37817c4a605b4219.php 第 212 行.
NOTIC: [8] Undefined index: img_url H:\www\3.0\Application\Runtime\Cache\Admin\26ec279448812fee37817c4a605b4219.php 第 198 行.
NOTIC: [8] Undefined index: code H:\www\3.0\Application\Runtime\Cache\Admin\26ec279448812fee37817c4a605b4219.php 第 199 行.
NOTIC: [8] Undefined index: name H:\www\3.0\Application\Runtime\Cache\Admin\26ec279448812fee37817c4a605b4219.php 第 200 行.
NOTIC: [8] Undefined index: source H:\www\3.0\Application\Runtime\Cache\Admin\26ec279448812fee37817c4a605b4219.php 第 201 行.
NOTIC: [8] Undefined index: ptname H:\www\3.0\Application\Runtime\Cache\Admin\26ec279448812fee37817c4a605b4219.php 第 202 行.
NOTIC: [8] Undefined index: city H:\www\3.0\Application\Runtime\Cache\Admin\26ec279448812fee37817c4a605b4219.php 第 203 行.
NOTIC: [8] Undefined index: min_money H:\www\3.0\Application\Runtime\Cache\Admin\26ec279448812fee37817c4a605b4219.php 第 204 行.
NOTIC: [8] Undefined index: max_money H:\www\3.0\Application\Runtime\Cache\Admin\26ec279448812fee37817c4a605b4219.php 第 205 行.
NOTIC: [8] Undefined index: add_time H:\www\3.0\Application\Runtime\Cache\Admin\26ec279448812fee37817c4a605b4219.php 第 206 行.
NOTIC: [8] Undefined index: state H:\www\3.0\Application\Runtime\Cache\Admin\26ec279448812fee37817c4a605b4219.php 第 207 行.
NOTIC: [8] Undefined index: enter_time H:\www\3.0\Application\Runtime\Cache\Admin\26ec279448812fee37817c4a605b4219.php 第 208 行.
NOTIC: [8] Undefined index: enter_ip H:\www\3.0\Application\Runtime\Cache\Admin\26ec279448812fee37817c4a605b4219.php 第 209 行.
NOTIC: [8] Undefined index: delete H:\www\3.0\Application\Runtime\Cache\Admin\26ec279448812fee37817c4a605b4219.php 第 212 行.
NOTIC: [8] Undefined index: menu H:\www\3.0\Application\Runtime\Cache\Admin\26ec279448812fee37817c4a605b4219.php 第 212 行.
NOTIC: [8] Undefined index: img_url H:\www\3.0\Application\Runtime\Cache\Admin\26ec279448812fee37817c4a605b4219.php 第 198 行.
NOTIC: [8] Undefined index: code H:\www\3.0\Application\Runtime\Cache\Admin\26ec279448812fee37817c4a605b4219.php 第 199 行.
NOTIC: [8] Undefined index: name H:\www\3.0\Application\Runtime\Cache\Admin\26ec279448812fee37817c4a605b4219.php 第 200 行.
NOTIC: [8] Undefined index: source H:\www\3.0\Application\Runtime\Cache\Admin\26ec279448812fee37817c4a605b4219.php 第 201 行.
NOTIC: [8] Undefined index: ptname H:\www\3.0\Application\Runtime\Cache\Admin\26ec279448812fee37817c4a605b4219.php 第 202 行.
NOTIC: [8] Undefined index: city H:\www\3.0\Application\Runtime\Cache\Admin\26ec279448812fee37817c4a605b4219.php 第 203 行.
NOTIC: [8] Undefined index: min_money H:\www\3.0\Application\Runtime\Cache\Admin\26ec279448812fee37817c4a605b4219.php 第 204 行.
NOTIC: [8] Undefined index: max_money H:\www\3.0\Application\Runtime\Cache\Admin\26ec279448812fee37817c4a605b4219.php 第 205 行.
NOTIC: [8] Undefined index: add_time H:\www\3.0\Application\Runtime\Cache\Admin\26ec279448812fee37817c4a605b4219.php 第 206 行.
NOTIC: [8] Undefined index: state H:\www\3.0\Application\Runtime\Cache\Admin\26ec279448812fee37817c4a605b4219.php 第 207 行.
NOTIC: [8] Undefined index: enter_time H:\www\3.0\Application\Runtime\Cache\Admin\26ec279448812fee37817c4a605b4219.php 第 208 行.
NOTIC: [8] Undefined index: enter_ip H:\www\3.0\Application\Runtime\Cache\Admin\26ec279448812fee37817c4a605b4219.php 第 209 行.
NOTIC: [8] Undefined index: delete H:\www\3.0\Application\Runtime\Cache\Admin\26ec279448812fee37817c4a605b4219.php 第 212 行.
NOTIC: [8] Undefined index: menu H:\www\3.0\Application\Runtime\Cache\Admin\26ec279448812fee37817c4a605b4219.php 第 212 行.
NOTIC: [8] Undefined index: img_url H:\www\3.0\Application\Runtime\Cache\Admin\26ec279448812fee37817c4a605b4219.php 第 198 行.
NOTIC: [8] Undefined index: code H:\www\3.0\Application\Runtime\Cache\Admin\26ec279448812fee37817c4a605b4219.php 第 199 行.
NOTIC: [8] Undefined index: name H:\www\3.0\Application\Runtime\Cache\Admin\26ec279448812fee37817c4a605b4219.php 第 200 行.
NOTIC: [8] Undefined index: source H:\www\3.0\Application\Runtime\Cache\Admin\26ec279448812fee37817c4a605b4219.php 第 201 行.
NOTIC: [8] Undefined index: ptname H:\www\3.0\Application\Runtime\Cache\Admin\26ec279448812fee37817c4a605b4219.php 第 202 行.
NOTIC: [8] Undefined index: city H:\www\3.0\Application\Runtime\Cache\Admin\26ec279448812fee37817c4a605b4219.php 第 203 行.
NOTIC: [8] Undefined index: min_money H:\www\3.0\Application\Runtime\Cache\Admin\26ec279448812fee37817c4a605b4219.php 第 204 行.
NOTIC: [8] Undefined index: max_money H:\www\3.0\Application\Runtime\Cache\Admin\26ec279448812fee37817c4a605b4219.php 第 205 行.
NOTIC: [8] Undefined index: add_time H:\www\3.0\Application\Runtime\Cache\Admin\26ec279448812fee37817c4a605b4219.php 第 206 行.
NOTIC: [8] Undefined index: state H:\www\3.0\Application\Runtime\Cache\Admin\26ec279448812fee37817c4a605b4219.php 第 207 行.
NOTIC: [8] Undefined index: enter_time H:\www\3.0\Application\Runtime\Cache\Admin\26ec279448812fee37817c4a605b4219.php 第 208 行.
NOTIC: [8] Undefined index: enter_ip H:\www\3.0\Application\Runtime\Cache\Admin\26ec279448812fee37817c4a605b4219.php 第 209 行.
NOTIC: [8] Undefined index: delete H:\www\3.0\Application\Runtime\Cache\Admin\26ec279448812fee37817c4a605b4219.php 第 212 行.
NOTIC: [8] Undefined index: menu H:\www\3.0\Application\Runtime\Cache\Admin\26ec279448812fee37817c4a605b4219.php 第 212 行.
NOTIC: [8] Undefined index: img_url H:\www\3.0\Application\Runtime\Cache\Admin\26ec279448812fee37817c4a605b4219.php 第 198 行.
NOTIC: [8] Undefined index: code H:\www\3.0\Application\Runtime\Cache\Admin\26ec279448812fee37817c4a605b4219.php 第 199 行.
NOTIC: [8] Undefined index: name H:\www\3.0\Application\Runtime\Cache\Admin\26ec279448812fee37817c4a605b4219.php 第 200 行.
NOTIC: [8] Undefined index: source H:\www\3.0\Application\Runtime\Cache\Admin\26ec279448812fee37817c4a605b4219.php 第 201 行.
NOTIC: [8] Undefined index: ptname H:\www\3.0\Application\Runtime\Cache\Admin\26ec279448812fee37817c4a605b4219.php 第 202 行.
NOTIC: [8] Undefined index: city H:\www\3.0\Application\Runtime\Cache\Admin\26ec279448812fee37817c4a605b4219.php 第 203 行.
NOTIC: [8] Undefined index: min_money H:\www\3.0\Application\Runtime\Cache\Admin\26ec279448812fee37817c4a605b4219.php 第 204 行.
NOTIC: [8] Undefined index: max_money H:\www\3.0\Application\Runtime\Cache\Admin\26ec279448812fee37817c4a605b4219.php 第 205 行.
NOTIC: [8] Undefined index: add_time H:\www\3.0\Application\Runtime\Cache\Admin\26ec279448812fee37817c4a605b4219.php 第 206 行.
NOTIC: [8] Undefined index: state H:\www\3.0\Application\Runtime\Cache\Admin\26ec279448812fee37817c4a605b4219.php 第 207 行.
NOTIC: [8] Undefined index: enter_time H:\www\3.0\Application\Runtime\Cache\Admin\26ec279448812fee37817c4a605b4219.php 第 208 行.
NOTIC: [8] Undefined index: enter_ip H:\www\3.0\Application\Runtime\Cache\Admin\26ec279448812fee37817c4a605b4219.php 第 209 行.
NOTIC: [8] Undefined index: delete H:\www\3.0\Application\Runtime\Cache\Admin\26ec279448812fee37817c4a605b4219.php 第 212 行.
NOTIC: [8] Undefined index: menu H:\www\3.0\Application\Runtime\Cache\Admin\26ec279448812fee37817c4a605b4219.php 第 212 行.
NOTIC: [8] Undefined index: all_doc_number H:\www\3.0\Application\Runtime\Cache\Admin\26ec279448812fee37817c4a605b4219.php 第 254 行.
NOTIC: [8] Undefined index: wxname H:\www\3.0\Application\Runtime\Cache\Admin\26ec279448812fee37817c4a605b4219.php 第 255 行.
NOTIC: [8] Undefined index: all_doc_number H:\www\3.0\Application\Runtime\Cache\Admin\26ec279448812fee37817c4a605b4219.php 第 254 行.
NOTIC: [8] Undefined index: wxname H:\www\3.0\Application\Runtime\Cache\Admin\26ec279448812fee37817c4a605b4219.php 第 255 行.
NOTIC: [8] Undefined index: all_doc_number H:\www\3.0\Application\Runtime\Cache\Admin\26ec279448812fee37817c4a605b4219.php 第 254 行.
NOTIC: [8] Undefined index: wxname H:\www\3.0\Application\Runtime\Cache\Admin\26ec279448812fee37817c4a605b4219.php 第 255 行.
NOTIC: [8] Undefined index: all_doc_number H:\www\3.0\Application\Runtime\Cache\Admin\26ec279448812fee37817c4a605b4219.php 第 254 行.
NOTIC: [8] Undefined index: wxname H:\www\3.0\Application\Runtime\Cache\Admin\26ec279448812fee37817c4a605b4219.php 第 255 行.
NOTIC: [8] Undefined index: all_doc_number H:\www\3.0\Application\Runtime\Cache\Admin\26ec279448812fee37817c4a605b4219.php 第 254 行.
NOTIC: [8] Undefined index: wxname H:\www\3.0\Application\Runtime\Cache\Admin\26ec279448812fee37817c4a605b4219.php 第 255 行.
NOTIC: [8] Undefined index: all_doc_number H:\www\3.0\Application\Runtime\Cache\Admin\26ec279448812fee37817c4a605b4219.php 第 254 行.
NOTIC: [8] Undefined index: wxname H:\www\3.0\Application\Runtime\Cache\Admin\26ec279448812fee37817c4a605b4219.php 第 255 行.
NOTIC: [8] Undefined index: all_doc_number H:\www\3.0\Application\Runtime\Cache\Admin\26ec279448812fee37817c4a605b4219.php 第 254 行.
NOTIC: [8] Undefined index: wxname H:\www\3.0\Application\Runtime\Cache\Admin\26ec279448812fee37817c4a605b4219.php 第 255 行.
NOTIC: [8] Undefined index: all_doc_number H:\www\3.0\Application\Runtime\Cache\Admin\26ec279448812fee37817c4a605b4219.php 第 254 行.
NOTIC: [8] Undefined index: wxname H:\www\3.0\Application\Runtime\Cache\Admin\26ec279448812fee37817c4a605b4219.php 第 255 行.
INFO: Run Behavior\ParseTemplateBehavior [ RunTime:0.121672s ]
INFO: [ view_parse ] --END-- [ RunTime:0.121708s ]
INFO: [ view_filter ] --START--
INFO: Run Behavior\WriteHtmlCacheBehavior [ RunTime:0.000191s ]
INFO: [ view_filter ] --END-- [ RunTime:0.000216s ]
INFO: [ app_end ] --START--
INFO: Run Behavior\ShowPageTraceBehavior [ RunTime:0.000421s ]
INFO: [ app_end ] --END-- [ RunTime:0.000509s ]

[ 2018-03-08T09:21:10+08:00 ] 127.0.0.1 /index.php/Admin/Order/wx_redact/id/8.html
INFO: [ app_init ] --START--
INFO: Run Behavior\BuildLiteBehavior [ RunTime:0.000010s ]
INFO: [ app_init ] --END-- [ RunTime:0.000326s ]
INFO: [ app_begin ] --START--
INFO: Run Behavior\ReadHtmlCacheBehavior [ RunTime:0.000370s ]
INFO: [ app_begin ] --END-- [ RunTime:0.000413s ]
SQL: SHOW COLUMNS FROM `yzs_wx_application` [ RunTime:0.0151s ]
SQL: SELECT * FROM `yzs_wx_application` WHERE ( id=8 ) LIMIT 1   [ RunTime:0.0004s ]
SQL: SHOW COLUMNS FROM `yzs_wx_identification_url` [ RunTime:0.0126s ]
SQL: SELECT * FROM `yzs_wx_identification_url` WHERE ( o_id=8 ) LIMIT 1   [ RunTime:0.0011s ]
SQL: SHOW COLUMNS FROM `yzs_wxusers` [ RunTime:0.0061s ]
SQL: SELECT `nickname` FROM `yzs_wxusers` WHERE ( id=27 ) LIMIT 1   [ RunTime:0.0002s ]
INFO: [ view_parse ] --START--
INFO: [ template_filter ] --START--
INFO: Run Behavior\ContentReplaceBehavior [ RunTime:0.000205s ]
INFO: [ template_filter ] --END-- [ RunTime:0.000239s ]
NOTIC: [8] Undefined variable: list H:\www\3.0\Application\Runtime\Cache\Admin\9153af12b25341c78b5f7c00b425e4ae.php 第 334 行.
NOTIC: [8] Undefined variable: list H:\www\3.0\Application\Runtime\Cache\Admin\9153af12b25341c78b5f7c00b425e4ae.php 第 335 行.
NOTIC: [8] Undefined variable: list H:\www\3.0\Application\Runtime\Cache\Admin\9153af12b25341c78b5f7c00b425e4ae.php 第 336 行.
NOTIC: [8] Undefined variable: list H:\www\3.0\Application\Runtime\Cache\Admin\9153af12b25341c78b5f7c00b425e4ae.php 第 338 行.
NOTIC: [8] Undefined variable: list H:\www\3.0\Application\Runtime\Cache\Admin\9153af12b25341c78b5f7c00b425e4ae.php 第 340 行.
NOTIC: [8] Undefined offset: 1 H:\www\3.0\Application\Runtime\Cache\Admin\9153af12b25341c78b5f7c00b425e4ae.php 第 378 行.
NOTIC: [8] Undefined offset: 1 H:\www\3.0\Application\Runtime\Cache\Admin\9153af12b25341c78b5f7c00b425e4ae.php 第 379 行.
NOTIC: [8] Array to string conversion H:\www\3.0\Application\Runtime\Cache\Admin\9153af12b25341c78b5f7c00b425e4ae.php 第 397 行.
NOTIC: [8] Undefined offset: 4 H:\www\3.0\Application\Runtime\Cache\Admin\9153af12b25341c78b5f7c00b425e4ae.php 第 438 行.
NOTIC: [8] Undefined offset: 4 H:\www\3.0\Application\Runtime\Cache\Admin\9153af12b25341c78b5f7c00b425e4ae.php 第 466 行.
NOTIC: [8] Undefined offset: 4 H:\www\3.0\Application\Runtime\Cache\Admin\9153af12b25341c78b5f7c00b425e4ae.php 第 477 行.
NOTIC: [8] Undefined offset: 4 H:\www\3.0\Application\Runtime\Cache\Admin\9153af12b25341c78b5f7c00b425e4ae.php 第 492 行.
NOTIC: [8] Undefined offset: 4 H:\www\3.0\Application\Runtime\Cache\Admin\9153af12b25341c78b5f7c00b425e4ae.php 第 493 行.
INFO: Run Behavior\ParseTemplateBehavior [ RunTime:0.100738s ]
INFO: [ view_parse ] --END-- [ RunTime:0.100775s ]
INFO: [ view_filter ] --START--
INFO: Run Behavior\WriteHtmlCacheBehavior [ RunTime:0.000193s ]
INFO: [ view_filter ] --END-- [ RunTime:0.000216s ]
INFO: [ app_end ] --START--
INFO: Run Behavior\ShowPageTraceBehavior [ RunTime:0.000282s ]
INFO: [ app_end ] --END-- [ RunTime:0.000310s ]

[ 2018-03-08T09:21:17+08:00 ] 127.0.0.1 /index.php/Admin/Order/wx_redact/id/6.html
INFO: [ app_init ] --START--
INFO: Run Behavior\BuildLiteBehavior [ RunTime:0.000015s ]
INFO: [ app_init ] --END-- [ RunTime:0.000467s ]
INFO: [ app_begin ] --START--
INFO: Run Behavior\ReadHtmlCacheBehavior [ RunTime:0.000734s ]
INFO: [ app_begin ] --END-- [ RunTime:0.000807s ]
SQL: SHOW COLUMNS FROM `yzs_wx_application` [ RunTime:0.0084s ]
SQL: SELECT * FROM `yzs_wx_application` WHERE ( id=6 ) LIMIT 1   [ RunTime:0.0003s ]
SQL: SHOW COLUMNS FROM `yzs_wx_identification_url` [ RunTime:0.0052s ]
SQL: SELECT * FROM `yzs_wx_identification_url` WHERE ( o_id=6 ) LIMIT 1   [ RunTime:0.0002s ]
SQL: SHOW COLUMNS FROM `yzs_wxusers` [ RunTime:0.0052s ]
SQL: SELECT `nickname` FROM `yzs_wxusers` WHERE ( id=14 ) LIMIT 1   [ RunTime:0.0002s ]
INFO: [ view_parse ] --START--
INFO: [ template_filter ] --START--
INFO: Run Behavior\ContentReplaceBehavior [ RunTime:0.000220s ]
INFO: [ template_filter ] --END-- [ RunTime:0.000250s ]
NOTIC: [8] Undefined variable: list H:\www\3.0\Application\Runtime\Cache\Admin\9153af12b25341c78b5f7c00b425e4ae.php 第 334 行.
NOTIC: [8] Undefined variable: list H:\www\3.0\Application\Runtime\Cache\Admin\9153af12b25341c78b5f7c00b425e4ae.php 第 335 行.
NOTIC: [8] Undefined variable: list H:\www\3.0\Application\Runtime\Cache\Admin\9153af12b25341c78b5f7c00b425e4ae.php 第 336 行.
NOTIC: [8] Undefined variable: list H:\www\3.0\Application\Runtime\Cache\Admin\9153af12b25341c78b5f7c00b425e4ae.php 第 338 行.
NOTIC: [8] Undefined variable: list H:\www\3.0\Application\Runtime\Cache\Admin\9153af12b25341c78b5f7c00b425e4ae.php 第 340 行.
INFO: Run Behavior\ParseTemplateBehavior [ RunTime:0.091945s ]
INFO: [ view_parse ] --END-- [ RunTime:0.091978s ]
INFO: [ view_filter ] --START--
INFO: Run Behavior\WriteHtmlCacheBehavior [ RunTime:0.000230s ]
INFO: [ view_filter ] --END-- [ RunTime:0.000255s ]
INFO: [ app_end ] --START--
INFO: Run Behavior\ShowPageTraceBehavior [ RunTime:0.000480s ]
INFO: [ app_end ] --END-- [ RunTime:0.000523s ]

