[ 2017-11-29T17:24:13+08:00 ] 180.173.43.2 /index.php/Api/Index/index.html
ERR: 快加认证（回调参数错误）
返回结果：{"orderNo":"230","errmsg":"\u56de\u9000"}
调用时间：2017-11-29 17:24:13
[ 2017-11-29T17:24:13+08:00 ] 180.173.43.2 /index.php/Api/Index/index.html
INFO: [ app_init ] --START--
INFO: Run Behavior\BuildLiteBehavior [ RunTime:0.000013s ]
INFO: [ app_init ] --END-- [ RunTime:0.000289s ]
INFO: [ app_begin ] --START--
INFO: Run Behavior\ReadHtmlCacheBehavior [ RunTime:0.000414s ]
INFO: [ app_begin ] --END-- [ RunTime:0.000464s ]
INFO: [ app_end ] --START--
INFO: Run Behavior\ShowPageTraceBehavior [ RunTime:0.000400s ]
INFO: [ app_end ] --END-- [ RunTime:0.000450s ]

[ 2017-11-29T17:24:48+08:00 ] 180.173.43.2 /index.php/Api/Index/index.html
ERR: 快加认证（回调参数错误）
返回结果：{"orderNo":"230","errmsg":"\u521d\u5ba1\u5b8c\u6210"}
调用时间：2017-11-29 17:24:48
[ 2017-11-29T17:24:48+08:00 ] 180.173.43.2 /index.php/Api/Index/index.html
INFO: [ app_init ] --START--
INFO: Run Behavior\BuildLiteBehavior [ RunTime:0.000013s ]
INFO: [ app_init ] --END-- [ RunTime:0.000286s ]
INFO: [ app_begin ] --START--
INFO: Run Behavior\ReadHtmlCacheBehavior [ RunTime:0.000369s ]
INFO: [ app_begin ] --END-- [ RunTime:0.000408s ]
INFO: [ app_end ] --START--
INFO: Run Behavior\ShowPageTraceBehavior [ RunTime:0.000393s ]
INFO: [ app_end ] --END-- [ RunTime:0.000433s ]

[ 2017-11-29T17:27:23+08:00 ] 180.173.43.2 /index.php/Api/Index/index.html
ERR: 快加认证（回调参数错误）
返回结果：{"orderNo":"230","errmsg":"\u521d\u5ba1\u5b8c\u6210"}

返回结果GET：[]
调用时间：2017-11-29 17:27:23
[ 2017-11-29T17:27:23+08:00 ] 180.173.43.2 /index.php/Api/Index/index.html
INFO: [ app_init ] --START--
INFO: Run Behavior\BuildLiteBehavior [ RunTime:0.000012s ]
INFO: [ app_init ] --END-- [ RunTime:0.000298s ]
INFO: [ app_begin ] --START--
INFO: Run Behavior\ReadHtmlCacheBehavior [ RunTime:0.000398s ]
INFO: [ app_begin ] --END-- [ RunTime:0.000438s ]
INFO: [ app_end ] --START--
INFO: Run Behavior\ShowPageTraceBehavior [ RunTime:0.000391s ]
INFO: [ app_end ] --END-- [ RunTime:0.000432s ]

[ 2017-11-29T17:35:06+08:00 ] 180.173.43.2 /index.php/Api/Index/index/token/
ERR: 快加认证（回调参数错误）
返回结果：[]

返回结果GET：[]
调用时间：2017-11-29 17:35:06
[ 2017-11-29T17:35:06+08:00 ] 180.173.43.2 /index.php/Api/Index/index/token/
INFO: [ app_init ] --START--
INFO: Run Behavior\BuildLiteBehavior [ RunTime:0.000012s ]
INFO: [ app_init ] --END-- [ RunTime:0.000285s ]
INFO: [ app_begin ] --START--
INFO: Run Behavior\ReadHtmlCacheBehavior [ RunTime:0.000380s ]
INFO: [ app_begin ] --END-- [ RunTime:0.000420s ]
INFO: [ app_end ] --START--
INFO: Run Behavior\ShowPageTraceBehavior [ RunTime:0.000397s ]
INFO: [ app_end ] --END-- [ RunTime:0.000437s ]

[ 2017-11-29T17:35:44+08:00 ] 180.173.43.2 /index.php/Api/Index/index/token/9164152B7EB0AF6EA589B1BE06073304.html
INFO: [ app_init ] --START--
INFO: Run Behavior\BuildLiteBehavior [ RunTime:0.000013s ]
INFO: [ app_init ] --END-- [ RunTime:0.000303s ]
INFO: [ app_begin ] --START--
INFO: Run Behavior\ReadHtmlCacheBehavior [ RunTime:0.000400s ]
INFO: [ app_begin ] --END-- [ RunTime:0.000438s ]
ERR: 1146:Table 'cesi3.0.yzs_kjzx_cke' doesn't exist
 [ SQL语句 ] : SHOW COLUMNS FROM `yzs_kjzx_cke`
ERR: 1146:Table 'cesi3.0.yzs_kjzx_cke' doesn't exist
 [ SQL语句 ] : SHOW COLUMNS FROM `yzs_kjzx_cke`

[ 2017-11-29T17:36:31+08:00 ] 180.173.43.2 /index.php/Api/Index/index/token/9164152B7EB0AF6EA589B1BE06073304.html
INFO: [ app_init ] --START--
INFO: Run Behavior\BuildLiteBehavior [ RunTime:0.000013s ]
INFO: [ app_init ] --END-- [ RunTime:0.000318s ]
INFO: [ app_begin ] --START--
INFO: Run Behavior\ReadHtmlCacheBehavior [ RunTime:0.000408s ]
INFO: [ app_begin ] --END-- [ RunTime:0.000447s ]
ERR: 1146:Table 'cesi3.0.yzs_kjzx_cke' doesn't exist
 [ SQL语句 ] : SHOW COLUMNS FROM `yzs_kjzx_cke`
ERR: 1146:Table 'cesi3.0.yzs_kjzx_cke' doesn't exist
 [ SQL语句 ] : SHOW COLUMNS FROM `yzs_kjzx_cke`

[ 2017-11-29T17:41:19+08:00 ] 180.173.43.2 /index.php/Api/Index/index.html
ERR: 快加认证（回调参数错误）
返回结果：[]

返回结果GET：[]
调用时间：2017-11-29 17:41:19
[ 2017-11-29T17:41:19+08:00 ] 180.173.43.2 /index.php/Api/Index/index.html
INFO: [ app_init ] --START--
INFO: Run Behavior\BuildLiteBehavior [ RunTime:0.000027s ]
INFO: [ app_init ] --END-- [ RunTime:0.000313s ]
INFO: [ app_begin ] --START--
INFO: Run Behavior\ReadHtmlCacheBehavior [ RunTime:0.000396s ]
INFO: [ app_begin ] --END-- [ RunTime:0.000436s ]
INFO: [ app_end ] --START--
INFO: Run Behavior\ShowPageTraceBehavior [ RunTime:0.000395s ]
INFO: [ app_end ] --END-- [ RunTime:0.000436s ]

[ 2017-11-29T17:43:12+08:00 ] 180.173.43.2 /index.php/Api/Index/index.html?token=9164152B7EB0AF6EA589B1BE06073304
ERR: 快加认证（回调参数错误）
返回结果：[]

返回结果GET：{"token":"9164152B7EB0AF6EA589B1BE06073304"}
调用时间：2017-11-29 17:43:12
[ 2017-11-29T17:43:12+08:00 ] 180.173.43.2 /index.php/Api/Index/index.html?token=9164152B7EB0AF6EA589B1BE06073304
INFO: [ app_init ] --START--
INFO: Run Behavior\BuildLiteBehavior [ RunTime:0.000012s ]
INFO: [ app_init ] --END-- [ RunTime:0.000285s ]
INFO: [ app_begin ] --START--
INFO: Run Behavior\ReadHtmlCacheBehavior [ RunTime:0.000370s ]
INFO: [ app_begin ] --END-- [ RunTime:0.000409s ]
INFO: [ app_end ] --START--
INFO: Run Behavior\ShowPageTraceBehavior [ RunTime:0.000449s ]
INFO: [ app_end ] --END-- [ RunTime:0.000496s ]

[ 2017-11-29T17:43:28+08:00 ] 183.61.51.58 /index.php/Api/Index/index.html?token=9164152B7EB0AF6EA589B1BE06073304
ERR: 快加认证（回调参数错误）
返回结果：[]

返回结果GET：{"token":"9164152B7EB0AF6EA589B1BE06073304"}
调用时间：2017-11-29 17:43:28
[ 2017-11-29T17:43:28+08:00 ] 183.61.51.58 /index.php/Api/Index/index.html?token=9164152B7EB0AF6EA589B1BE06073304
INFO: [ app_init ] --START--
INFO: Run Behavior\BuildLiteBehavior [ RunTime:0.000013s ]
INFO: [ app_init ] --END-- [ RunTime:0.000312s ]
INFO: [ app_begin ] --START--
INFO: Run Behavior\ReadHtmlCacheBehavior [ RunTime:0.000403s ]
INFO: [ app_begin ] --END-- [ RunTime:0.000442s ]
INFO: [ app_end ] --START--
INFO: Run Behavior\ShowPageTraceBehavior [ RunTime:0.000419s ]
INFO: [ app_end ] --END-- [ RunTime:0.000469s ]

[ 2017-11-29T17:44:03+08:00 ] 101.88.238.32 /index.php/Api/Index/index.html?token=9164152B7EB0AF6EA589B1BE06073304
ERR: 快加认证（回调参数错误）
返回结果：[]

返回结果GET：{"token":"9164152B7EB0AF6EA589B1BE06073304"}
调用时间：2017-11-29 17:44:03
[ 2017-11-29T17:44:03+08:00 ] 101.88.238.32 /index.php/Api/Index/index.html?token=9164152B7EB0AF6EA589B1BE06073304
INFO: [ app_init ] --START--
INFO: Run Behavior\BuildLiteBehavior [ RunTime:0.000013s ]
INFO: [ app_init ] --END-- [ RunTime:0.000311s ]
INFO: [ app_begin ] --START--
INFO: Run Behavior\ReadHtmlCacheBehavior [ RunTime:0.000382s ]
INFO: [ app_begin ] --END-- [ RunTime:0.000436s ]
INFO: [ app_end ] --START--
INFO: Run Behavior\ShowPageTraceBehavior [ RunTime:0.000389s ]
INFO: [ app_end ] --END-- [ RunTime:0.000429s ]

[ 2017-11-29T17:44:11+08:00 ] 101.88.238.32 /index.php/Api/Index/index.html?token=9164152B7EB0AF6EA589B1BE06073304
ERR: 快加认证（回调参数错误）
返回结果：[]

返回结果GET：{"token":"9164152B7EB0AF6EA589B1BE06073304"}
调用时间：2017-11-29 17:44:11
[ 2017-11-29T17:44:11+08:00 ] 101.88.238.32 /index.php/Api/Index/index.html?token=9164152B7EB0AF6EA589B1BE06073304
INFO: [ app_init ] --START--
INFO: Run Behavior\BuildLiteBehavior [ RunTime:0.000012s ]
INFO: [ app_init ] --END-- [ RunTime:0.000305s ]
INFO: [ app_begin ] --START--
INFO: Run Behavior\ReadHtmlCacheBehavior [ RunTime:0.000413s ]
INFO: [ app_begin ] --END-- [ RunTime:0.000451s ]
INFO: [ app_end ] --START--
INFO: Run Behavior\ShowPageTraceBehavior [ RunTime:0.000442s ]
INFO: [ app_end ] --END-- [ RunTime:0.000483s ]

[ 2017-11-29T17:44:13+08:00 ] 121.51.32.144 /index.php/Api/Index/index.html?token=9164152B7EB0AF6EA589B1BE06073304
ERR: 快加认证（回调参数错误）
返回结果：[]

返回结果GET：{"token":"9164152B7EB0AF6EA589B1BE06073304"}
调用时间：2017-11-29 17:44:13
[ 2017-11-29T17:44:13+08:00 ] 121.51.32.144 /index.php/Api/Index/index.html?token=9164152B7EB0AF6EA589B1BE06073304
INFO: [ app_init ] --START--
INFO: Run Behavior\BuildLiteBehavior [ RunTime:0.000012s ]
INFO: [ app_init ] --END-- [ RunTime:0.000286s ]
INFO: [ app_begin ] --START--
INFO: Run Behavior\ReadHtmlCacheBehavior [ RunTime:0.000408s ]
INFO: [ app_begin ] --END-- [ RunTime:0.000448s ]
INFO: [ app_end ] --START--
INFO: Run Behavior\ShowPageTraceBehavior [ RunTime:0.000392s ]
INFO: [ app_end ] --END-- [ RunTime:0.000450s ]

[ 2017-11-29T17:44:14+08:00 ] 101.226.102.97 /index.php/Api/Index/index.html?token=9164152B7EB0AF6EA589B1BE06073304
ERR: 快加认证（回调参数错误）
返回结果：[]

返回结果GET：{"token":"9164152B7EB0AF6EA589B1BE06073304"}
调用时间：2017-11-29 17:44:14
[ 2017-11-29T17:44:14+08:00 ] 101.226.102.97 /index.php/Api/Index/index.html?token=9164152B7EB0AF6EA589B1BE06073304
INFO: [ app_init ] --START--
INFO: Run Behavior\BuildLiteBehavior [ RunTime:0.000012s ]
INFO: [ app_init ] --END-- [ RunTime:0.000283s ]
INFO: [ app_begin ] --START--
INFO: Run Behavior\ReadHtmlCacheBehavior [ RunTime:0.000395s ]
INFO: [ app_begin ] --END-- [ RunTime:0.000444s ]
INFO: [ app_end ] --START--
INFO: Run Behavior\ShowPageTraceBehavior [ RunTime:0.000668s ]
INFO: [ app_end ] --END-- [ RunTime:0.000726s ]

[ 2017-11-29T17:46:27+08:00 ] 180.173.43.2 /index.php/Api/Index/index.html?token=9164152B7EB0AF6EA589B1BE06073304
ERR: 快加认证（回调参数错误）
返回结果：[]

返回结果GET：{"token":"9164152B7EB0AF6EA589B1BE06073304"}
调用时间：2017-11-29 17:46:27
[ 2017-11-29T17:46:27+08:00 ] 180.173.43.2 /index.php/Api/Index/index.html?token=9164152B7EB0AF6EA589B1BE06073304
INFO: [ app_init ] --START--
INFO: Run Behavior\BuildLiteBehavior [ RunTime:0.000012s ]
INFO: [ app_init ] --END-- [ RunTime:0.000316s ]
INFO: [ app_begin ] --START--
INFO: Run Behavior\ReadHtmlCacheBehavior [ RunTime:0.000382s ]
INFO: [ app_begin ] --END-- [ RunTime:0.000421s ]
INFO: [ app_end ] --START--
INFO: Run Behavior\ShowPageTraceBehavior [ RunTime:0.000408s ]
INFO: [ app_end ] --END-- [ RunTime:0.000448s ]

[ 2017-11-29T17:46:40+08:00 ] 180.173.43.2 /index.php/Api/Index/index.html
ERR: 快加认证（回调参数错误）
返回结果：[]

返回结果GET：[]
调用时间：2017-11-29 17:46:40
[ 2017-11-29T17:46:40+08:00 ] 180.173.43.2 /index.php/Api/Index/index.html
INFO: [ app_init ] --START--
INFO: Run Behavior\BuildLiteBehavior [ RunTime:0.000013s ]
INFO: [ app_init ] --END-- [ RunTime:0.000285s ]
INFO: [ app_begin ] --START--
INFO: Run Behavior\ReadHtmlCacheBehavior [ RunTime:0.000374s ]
INFO: [ app_begin ] --END-- [ RunTime:0.000415s ]
INFO: [ app_end ] --START--
INFO: Run Behavior\ShowPageTraceBehavior [ RunTime:0.000393s ]
INFO: [ app_end ] --END-- [ RunTime:0.000434s ]

[ 2017-11-29T17:47:52+08:00 ] 180.173.43.2 /index.php/Api/Index/index.html
ERR: 快加认证（回调参数错误）
返回结果：[]

返回结果GET：[]
调用时间：2017-11-29 17:47:52
[ 2017-11-29T17:47:52+08:00 ] 180.173.43.2 /index.php/Api/Index/index.html
INFO: [ app_init ] --START--
INFO: Run Behavior\BuildLiteBehavior [ RunTime:0.000012s ]
INFO: [ app_init ] --END-- [ RunTime:0.000300s ]
INFO: [ app_begin ] --START--
INFO: Run Behavior\ReadHtmlCacheBehavior [ RunTime:0.000439s ]
INFO: [ app_begin ] --END-- [ RunTime:0.000480s ]
INFO: [ app_end ] --START--
INFO: Run Behavior\ShowPageTraceBehavior [ RunTime:0.000397s ]
INFO: [ app_end ] --END-- [ RunTime:0.000437s ]

[ 2017-11-29T17:48:30+08:00 ] 180.173.43.2 /index.php/Api/Index/index.html?token=9164152B7EB0AF6EA589B1BE06073304
ERR: 快加认证（回调参数错误）
返回结果：[]

返回结果GET：{"token":"9164152B7EB0AF6EA589B1BE06073304"}
调用时间：2017-11-29 17:48:30
[ 2017-11-29T17:48:30+08:00 ] 180.173.43.2 /index.php/Api/Index/index.html?token=9164152B7EB0AF6EA589B1BE06073304
INFO: [ app_init ] --START--
INFO: Run Behavior\BuildLiteBehavior [ RunTime:0.000013s ]
INFO: [ app_init ] --END-- [ RunTime:0.000312s ]
INFO: [ app_begin ] --START--
INFO: Run Behavior\ReadHtmlCacheBehavior [ RunTime:0.000402s ]
INFO: [ app_begin ] --END-- [ RunTime:0.000442s ]
INFO: [ app_end ] --START--
INFO: Run Behavior\ShowPageTraceBehavior [ RunTime:0.000400s ]
INFO: [ app_end ] --END-- [ RunTime:0.000449s ]

[ 2017-11-29T17:48:34+08:00 ] 180.173.43.2 /index.php/Api/Index/index.html?token=9164152B7EB0AF6EA589B1BE06073304
ERR: 快加认证（回调参数错误）
返回结果：[]

返回结果GET：{"token":"9164152B7EB0AF6EA589B1BE06073304"}
调用时间：2017-11-29 17:48:34
[ 2017-11-29T17:48:34+08:00 ] 180.173.43.2 /index.php/Api/Index/index.html?token=9164152B7EB0AF6EA589B1BE06073304
INFO: [ app_init ] --START--
INFO: Run Behavior\BuildLiteBehavior [ RunTime:0.000012s ]
INFO: [ app_init ] --END-- [ RunTime:0.000306s ]
INFO: [ app_begin ] --START--
INFO: Run Behavior\ReadHtmlCacheBehavior [ RunTime:0.000431s ]
INFO: [ app_begin ] --END-- [ RunTime:0.000476s ]
INFO: [ app_end ] --START--
INFO: Run Behavior\ShowPageTraceBehavior [ RunTime:0.000391s ]
INFO: [ app_end ] --END-- [ RunTime:0.000431s ]

[ 2017-11-29T17:48:40+08:00 ] 180.173.43.2 /index.php/Api/Index/index.html?token=9164152B7EB0AF6EA589B1BE06073304
ERR: 快加认证（回调参数错误）
返回结果：[]

返回结果GET：{"token":"9164152B7EB0AF6EA589B1BE06073304"}
调用时间：2017-11-29 17:48:40
[ 2017-11-29T17:48:40+08:00 ] 180.173.43.2 /index.php/Api/Index/index.html?token=9164152B7EB0AF6EA589B1BE06073304
INFO: [ app_init ] --START--
INFO: Run Behavior\BuildLiteBehavior [ RunTime:0.000013s ]
INFO: [ app_init ] --END-- [ RunTime:0.000288s ]
INFO: [ app_begin ] --START--
INFO: Run Behavior\ReadHtmlCacheBehavior [ RunTime:0.000428s ]
INFO: [ app_begin ] --END-- [ RunTime:0.000468s ]
INFO: [ app_end ] --START--
INFO: Run Behavior\ShowPageTraceBehavior [ RunTime:0.000390s ]
INFO: [ app_end ] --END-- [ RunTime:0.000430s ]

[ 2017-11-29T17:48:47+08:00 ] 180.173.43.2 /index.php/Api/Index/index.html?token=9164152B7EB0AF6EA589B1BE06073304
INFO: [ app_init ] --START--
INFO: Run Behavior\BuildLiteBehavior [ RunTime:0.000013s ]
INFO: [ app_init ] --END-- [ RunTime:0.000349s ]
INFO: [ app_begin ] --START--
INFO: Run Behavior\ReadHtmlCacheBehavior [ RunTime:0.000438s ]
INFO: [ app_begin ] --END-- [ RunTime:0.000480s ]
ERR: 1146:Table 'cesi3.0.yzs_kjzx_cke' doesn't exist
 [ SQL语句 ] : SHOW COLUMNS FROM `yzs_kjzx_cke`
ERR: 1146:Table 'cesi3.0.yzs_kjzx_cke' doesn't exist
 [ SQL语句 ] : SHOW COLUMNS FROM `yzs_kjzx_cke`

[ 2017-11-29T17:49:59+08:00 ] 180.173.43.2 /index.php/Api/Index/index.html
ERR: 快加认证（回调参数错误）
返回结果：{"orderNo":"230","errmsg":"\u521d\u5ba1\u5b8c\u6210"}

返回结果GET：[]
调用时间：2017-11-29 17:49:59
[ 2017-11-29T17:49:59+08:00 ] 180.173.43.2 /index.php/Api/Index/index.html
INFO: [ app_init ] --START--
INFO: Run Behavior\BuildLiteBehavior [ RunTime:0.000013s ]
INFO: [ app_init ] --END-- [ RunTime:0.000331s ]
INFO: [ app_begin ] --START--
INFO: Run Behavior\ReadHtmlCacheBehavior [ RunTime:0.000404s ]
INFO: [ app_begin ] --END-- [ RunTime:0.000442s ]
INFO: [ app_end ] --START--
INFO: Run Behavior\ShowPageTraceBehavior [ RunTime:0.000395s ]
INFO: [ app_end ] --END-- [ RunTime:0.000436s ]

[ 2017-11-29T17:51:31+08:00 ] 183.61.51.70 /index.php/Api/Index/index/token/MD5
ERR: 快加认证（回调参数错误）
返回结果：[]

返回结果GET：{"token":"MD5"}
调用时间：2017-11-29 17:51:31
[ 2017-11-29T17:51:31+08:00 ] 183.61.51.70 /index.php/Api/Index/index/token/MD5
INFO: [ app_init ] --START--
INFO: Run Behavior\BuildLiteBehavior [ RunTime:0.000012s ]
INFO: [ app_init ] --END-- [ RunTime:0.000314s ]
INFO: [ app_begin ] --START--
INFO: Run Behavior\ReadHtmlCacheBehavior [ RunTime:0.000428s ]
INFO: [ app_begin ] --END-- [ RunTime:0.000467s ]
INFO: [ app_end ] --START--
INFO: Run Behavior\ShowPageTraceBehavior [ RunTime:0.000456s ]
INFO: [ app_end ] --END-- [ RunTime:0.000497s ]

[ 2017-11-29T17:52:24+08:00 ] 180.173.43.2 /index.php/Api/Index/index/.html
ERR: 快加认证（回调参数错误）
返回结果：[]

返回结果GET：[]
调用时间：2017-11-29 17:52:24
[ 2017-11-29T17:52:24+08:00 ] 180.173.43.2 /index.php/Api/Index/index/.html
INFO: [ app_init ] --START--
INFO: Run Behavior\BuildLiteBehavior [ RunTime:0.000016s ]
INFO: [ app_init ] --END-- [ RunTime:0.000325s ]
INFO: [ app_begin ] --START--
INFO: Run Behavior\ReadHtmlCacheBehavior [ RunTime:0.000415s ]
INFO: [ app_begin ] --END-- [ RunTime:0.000469s ]
INFO: [ app_end ] --START--
INFO: Run Behavior\ShowPageTraceBehavior [ RunTime:0.000436s ]
INFO: [ app_end ] --END-- [ RunTime:0.000481s ]

[ 2017-11-29T17:52:56+08:00 ] 180.173.43.2 /index.php/Api/Index/index/token/9164152B7EB0AF6EA589B1BE06073304.html
INFO: [ app_init ] --START--
INFO: Run Behavior\BuildLiteBehavior [ RunTime:0.000013s ]
INFO: [ app_init ] --END-- [ RunTime:0.000281s ]
INFO: [ app_begin ] --START--
INFO: Run Behavior\ReadHtmlCacheBehavior [ RunTime:0.000371s ]
INFO: [ app_begin ] --END-- [ RunTime:0.000410s ]
ERR: 1146:Table 'cesi3.0.yzs_kjzx_cke' doesn't exist
 [ SQL语句 ] : SHOW COLUMNS FROM `yzs_kjzx_cke`
ERR: 1146:Table 'cesi3.0.yzs_kjzx_cke' doesn't exist
 [ SQL语句 ] : SHOW COLUMNS FROM `yzs_kjzx_cke`

[ 2017-11-29T17:53:21+08:00 ] 180.173.43.2 /index.php/Api/Index/index/token/MD59164152B7EB0AF6EA589B1BE06073304.html
INFO: [ app_init ] --START--
INFO: Run Behavior\BuildLiteBehavior [ RunTime:0.000013s ]
INFO: [ app_init ] --END-- [ RunTime:0.000284s ]
INFO: [ app_begin ] --START--
INFO: Run Behavior\ReadHtmlCacheBehavior [ RunTime:0.000374s ]
INFO: [ app_begin ] --END-- [ RunTime:0.000423s ]
ERR: 1146:Table 'cesi3.0.yzs_kjzx_cke' doesn't exist
 [ SQL语句 ] : SHOW COLUMNS FROM `yzs_kjzx_cke`
ERR: 1146:Table 'cesi3.0.yzs_kjzx_cke' doesn't exist
 [ SQL语句 ] : SHOW COLUMNS FROM `yzs_kjzx_cke`

[ 2017-11-29T17:54:15+08:00 ] 180.173.43.2 /index.php/Api/Index/token/9164152B7EB0AF6EA589B1BE06073304/index.html
INFO: [ app_init ] --START--
INFO: Run Behavior\BuildLiteBehavior [ RunTime:0.000013s ]
INFO: [ app_init ] --END-- [ RunTime:0.000310s ]
INFO: [ app_begin ] --START--
INFO: Run Behavior\ReadHtmlCacheBehavior [ RunTime:0.000408s ]
INFO: [ app_begin ] --END-- [ RunTime:0.000448s ]
ERR: 非法操作:token

[ 2017-11-29T17:54:31+08:00 ] 180.173.43.2 /index.php/Api/Index/index/token/9164152B7EB0AF6EA589B1BE06073304.html
INFO: [ app_init ] --START--
INFO: Run Behavior\BuildLiteBehavior [ RunTime:0.000013s ]
INFO: [ app_init ] --END-- [ RunTime:0.000289s ]
INFO: [ app_begin ] --START--
INFO: Run Behavior\ReadHtmlCacheBehavior [ RunTime:0.000380s ]
INFO: [ app_begin ] --END-- [ RunTime:0.000422s ]
ERR: 1146:Table 'cesi3.0.yzs_kjzx_cke' doesn't exist
 [ SQL语句 ] : SHOW COLUMNS FROM `yzs_kjzx_cke`
ERR: 1146:Table 'cesi3.0.yzs_kjzx_cke' doesn't exist
 [ SQL语句 ] : SHOW COLUMNS FROM `yzs_kjzx_cke`

[ 2017-11-29T17:54:38+08:00 ] 183.61.51.70 /index.php/Api/Index/index/token/9164152B7EB0AF6EA589B1BE06073304.html
ERR: 快加认证（回调参数错误）
返回结果：[]

返回结果GET：{"token":"9164152B7EB0AF6EA589B1BE06073304"}
调用时间：2017-11-29 17:54:38
[ 2017-11-29T17:54:38+08:00 ] 183.61.51.70 /index.php/Api/Index/index/token/9164152B7EB0AF6EA589B1BE06073304.html
INFO: [ app_init ] --START--
INFO: Run Behavior\BuildLiteBehavior [ RunTime:0.000017s ]
INFO: [ app_init ] --END-- [ RunTime:0.000401s ]
INFO: [ app_begin ] --START--
INFO: Run Behavior\ReadHtmlCacheBehavior [ RunTime:0.000598s ]
INFO: [ app_begin ] --END-- [ RunTime:0.000651s ]
INFO: [ app_end ] --START--
INFO: Run Behavior\ShowPageTraceBehavior [ RunTime:0.000446s ]
INFO: [ app_end ] --END-- [ RunTime:0.000493s ]

[ 2017-11-29T17:54:51+08:00 ] 101.88.238.32 /index.php/Api/Index/index/token/9164152B7EB0AF6EA589B1BE06073304.html
ERR: 快加认证（回调参数错误）
返回结果：[]

返回结果GET：{"token":"9164152B7EB0AF6EA589B1BE06073304"}
调用时间：2017-11-29 17:54:51
[ 2017-11-29T17:54:51+08:00 ] 101.88.238.32 /index.php/Api/Index/index/token/9164152B7EB0AF6EA589B1BE06073304.html
INFO: [ app_init ] --START--
INFO: Run Behavior\BuildLiteBehavior [ RunTime:0.000012s ]
INFO: [ app_init ] --END-- [ RunTime:0.000305s ]
INFO: [ app_begin ] --START--
INFO: Run Behavior\ReadHtmlCacheBehavior [ RunTime:0.000401s ]
INFO: [ app_begin ] --END-- [ RunTime:0.000439s ]
INFO: [ app_end ] --START--
INFO: Run Behavior\ShowPageTraceBehavior [ RunTime:0.000459s ]
INFO: [ app_end ] --END-- [ RunTime:0.000501s ]

[ 2017-11-29T17:57:04+08:00 ] 180.173.43.2 /index.php/Api/Index/index/token/9164152B7EB0AF6EA589B1BE06073304.html
ERR: 快加认证（回调参数错误）
返回结果：[]

返回结果GET：{"token":"9164152B7EB0AF6EA589B1BE06073304"}
调用时间：2017-11-29 17:57:04
[ 2017-11-29T17:57:04+08:00 ] 180.173.43.2 /index.php/Api/Index/index/token/9164152B7EB0AF6EA589B1BE06073304.html
INFO: [ app_init ] --START--
INFO: Run Behavior\BuildLiteBehavior [ RunTime:0.000012s ]
INFO: [ app_init ] --END-- [ RunTime:0.000316s ]
INFO: [ app_begin ] --START--
INFO: Run Behavior\ReadHtmlCacheBehavior [ RunTime:0.000440s ]
INFO: [ app_begin ] --END-- [ RunTime:0.000481s ]
INFO: [ app_end ] --START--
INFO: Run Behavior\ShowPageTraceBehavior [ RunTime:0.000414s ]
INFO: [ app_end ] --END-- [ RunTime:0.000455s ]

[ 2017-11-29T17:57:08+08:00 ] 180.173.43.2 /index.php/Api/Index/index/token/9164152B7EB0AF6EA589B1BE06073304.html
ERR: 快加认证（回调参数错误）
返回结果：[]

返回结果GET：{"token":"9164152B7EB0AF6EA589B1BE06073304"}
调用时间：2017-11-29 17:57:08
[ 2017-11-29T17:57:08+08:00 ] 180.173.43.2 /index.php/Api/Index/index/token/9164152B7EB0AF6EA589B1BE06073304.html
INFO: [ app_init ] --START--
INFO: Run Behavior\BuildLiteBehavior [ RunTime:0.000012s ]
INFO: [ app_init ] --END-- [ RunTime:0.000290s ]
INFO: [ app_begin ] --START--
INFO: Run Behavior\ReadHtmlCacheBehavior [ RunTime:0.000376s ]
INFO: [ app_begin ] --END-- [ RunTime:0.000414s ]
INFO: [ app_end ] --START--
INFO: Run Behavior\ShowPageTraceBehavior [ RunTime:0.000392s ]
INFO: [ app_end ] --END-- [ RunTime:0.000441s ]

[ 2017-11-29T17:57:24+08:00 ] 180.173.43.2 /index.php/Api/Index/index/token/9164152B7EB0AF6EA589B1BE06073304.html
ERR: 快加认证（回调参数错误）
返回结果：[]

返回结果GET：{"token":"9164152B7EB0AF6EA589B1BE06073304"}
调用时间：2017-11-29 17:57:24
[ 2017-11-29T17:57:24+08:00 ] 180.173.43.2 /index.php/Api/Index/index/token/9164152B7EB0AF6EA589B1BE06073304.html
INFO: [ app_init ] --START--
INFO: Run Behavior\BuildLiteBehavior [ RunTime:0.000012s ]
INFO: [ app_init ] --END-- [ RunTime:0.000333s ]
INFO: [ app_begin ] --START--
INFO: Run Behavior\ReadHtmlCacheBehavior [ RunTime:0.000436s ]
INFO: [ app_begin ] --END-- [ RunTime:0.000476s ]
INFO: [ app_end ] --START--
INFO: Run Behavior\ShowPageTraceBehavior [ RunTime:0.000406s ]
INFO: [ app_end ] --END-- [ RunTime:0.000448s ]

[ 2017-11-29T17:58:53+08:00 ] 101.88.238.32 /index.php/Api/Index/index/token/9164152B7EB0AF6EA589B1BE06073304.html
ERR: 快加认证（回调参数错误）
返回结果：[]

返回结果GET：{"token":"9164152B7EB0AF6EA589B1BE06073304"}
调用时间：2017-11-29 17:58:53
[ 2017-11-29T17:58:53+08:00 ] 101.88.238.32 /index.php/Api/Index/index/token/9164152B7EB0AF6EA589B1BE06073304.html
INFO: [ app_init ] --START--
INFO: Run Behavior\BuildLiteBehavior [ RunTime:0.000012s ]
INFO: [ app_init ] --END-- [ RunTime:0.000316s ]
INFO: [ app_begin ] --START--
INFO: Run Behavior\ReadHtmlCacheBehavior [ RunTime:0.000411s ]
INFO: [ app_begin ] --END-- [ RunTime:0.000449s ]
INFO: [ app_end ] --START--
INFO: Run Behavior\ShowPageTraceBehavior [ RunTime:0.000531s ]
INFO: [ app_end ] --END-- [ RunTime:0.000590s ]

[ 2017-11-29T17:59:03+08:00 ] 121.51.32.144 /index.php/Api/Index/index/token/9164152B7EB0AF6EA589B1BE06073304.html
ERR: 快加认证（回调参数错误）
返回结果：[]

返回结果GET：{"token":"9164152B7EB0AF6EA589B1BE06073304"}
调用时间：2017-11-29 17:59:03
[ 2017-11-29T17:59:03+08:00 ] 121.51.32.144 /index.php/Api/Index/index/token/9164152B7EB0AF6EA589B1BE06073304.html
INFO: [ app_init ] --START--
INFO: Run Behavior\BuildLiteBehavior [ RunTime:0.000017s ]
INFO: [ app_init ] --END-- [ RunTime:0.000299s ]
INFO: [ app_begin ] --START--
INFO: Run Behavior\ReadHtmlCacheBehavior [ RunTime:0.000403s ]
INFO: [ app_begin ] --END-- [ RunTime:0.000445s ]
INFO: [ app_end ] --START--
INFO: Run Behavior\ShowPageTraceBehavior [ RunTime:0.000390s ]
INFO: [ app_end ] --END-- [ RunTime:0.000431s ]

[ 2017-11-29T17:59:05+08:00 ] 101.226.33.201 /index.php/Api/Index/index/token/9164152B7EB0AF6EA589B1BE06073304.html
ERR: 快加认证（回调参数错误）
返回结果：[]

返回结果GET：{"token":"9164152B7EB0AF6EA589B1BE06073304"}
调用时间：2017-11-29 17:59:05
[ 2017-11-29T17:59:05+08:00 ] 101.226.33.201 /index.php/Api/Index/index/token/9164152B7EB0AF6EA589B1BE06073304.html
INFO: [ app_init ] --START--
INFO: Run Behavior\BuildLiteBehavior [ RunTime:0.000012s ]
INFO: [ app_init ] --END-- [ RunTime:0.000297s ]
INFO: [ app_begin ] --START--
INFO: Run Behavior\ReadHtmlCacheBehavior [ RunTime:0.000390s ]
INFO: [ app_begin ] --END-- [ RunTime:0.000443s ]
INFO: [ app_end ] --START--
INFO: Run Behavior\ShowPageTraceBehavior [ RunTime:0.000411s ]
INFO: [ app_end ] --END-- [ RunTime:0.000452s ]

[ 2017-11-29T17:59:48+08:00 ] 180.173.43.2 /index.php/Api/Index/index/token/9164152B7EB0AF6EA589B1BE06073304.html
ERR: 快加认证（回调参数错误）
返回结果：[]

返回结果GET：{"token":"9164152B7EB0AF6EA589B1BE06073304"}
调用时间：2017-11-29 17:59:48
[ 2017-11-29T17:59:48+08:00 ] 180.173.43.2 /index.php/Api/Index/index/token/9164152B7EB0AF6EA589B1BE06073304.html
INFO: [ app_init ] --START--
INFO: Run Behavior\BuildLiteBehavior [ RunTime:0.000013s ]
INFO: [ app_init ] --END-- [ RunTime:0.000285s ]
INFO: [ app_begin ] --START--
INFO: Run Behavior\ReadHtmlCacheBehavior [ RunTime:0.000409s ]
INFO: [ app_begin ] --END-- [ RunTime:0.000450s ]
INFO: [ app_end ] --START--
INFO: Run Behavior\ShowPageTraceBehavior [ RunTime:0.000522s ]
INFO: [ app_end ] --END-- [ RunTime:0.000565s ]

[ 2017-11-29T18:07:28+08:00 ] 101.88.238.32 /index.php/Api/Index/index/token/9164152B7EB0AF6EA589B1BE06073304.html
ERR: 快加认证（回调参数错误）
返回结果：[]

返回结果GET：{"token":"9164152B7EB0AF6EA589B1BE06073304"}
调用时间：2017-11-29 18:07:28
[ 2017-11-29T18:07:28+08:00 ] 101.88.238.32 /index.php/Api/Index/index/token/9164152B7EB0AF6EA589B1BE06073304.html
INFO: [ app_init ] --START--
INFO: Run Behavior\BuildLiteBehavior [ RunTime:0.000013s ]
INFO: [ app_init ] --END-- [ RunTime:0.000316s ]
INFO: [ app_begin ] --START--
INFO: Run Behavior\ReadHtmlCacheBehavior [ RunTime:0.000454s ]
INFO: [ app_begin ] --END-- [ RunTime:0.000493s ]
INFO: [ app_end ] --START--
INFO: Run Behavior\ShowPageTraceBehavior [ RunTime:0.000402s ]
INFO: [ app_end ] --END-- [ RunTime:0.000451s ]

