[ 2017-12-28T10:53:10+08:00 ] 220.162.237.16 /index.php/Api/Index/index/token/9164152B7EB0AF6EA589B1BE06073304.html
ERR: 快加认证（回调成功）
返回结果：{"orderNo":"262","errmsg":"\u67e5\u8be2\u6210\u529f","pdfurl":"http:\/\/apitest.kcway.net\/image\/upload\/20171201\/dc0e3d42446742f497f2eb59d2368506.pdf","pdfname":"dc0e3d42446742f497f2eb59d2368506.pdf","pdftime":"2017-12-28 10:53:10"}
调用时间：2017-12-28 10:53:10
[ 2017-12-28T10:53:10+08:00 ] 220.162.237.16 /index.php/Api/Index/index/token/9164152B7EB0AF6EA589B1BE06073304.html
INFO: [ app_init ] --START--
INFO: Run Behavior\BuildLiteBehavior [ RunTime:0.000013s ]
INFO: [ app_init ] --END-- [ RunTime:0.000309s ]
INFO: [ app_begin ] --START--
INFO: Run Behavior\ReadHtmlCacheBehavior [ RunTime:0.000401s ]
INFO: [ app_begin ] --END-- [ RunTime:0.000441s ]
SQL: SHOW COLUMNS FROM `yzs_kjzx_ckey` [ RunTime:0.0006s ]
SQL: SELECT * FROM `yzs_kjzx_ckey` WHERE ( id=1 ) LIMIT 1   [ RunTime:0.0002s ]
SQL: SHOW COLUMNS FROM `yzs_tofindzx` [ RunTime:0.0007s ]
SQL: SELECT * FROM `yzs_tofindzx` WHERE ( orderNo='262' ) LIMIT 1   [ RunTime:0.0003s ]
SQL: UPDATE `yzs_tofindzx` SET `pdfurl`='http://apitest.kcway.net/image/upload/20171201/dc0e3d42446742f497f2eb59d2368506.pdf',`pdfname`='dc0e3d42446742f497f2eb59d2368506.pdf',`pdftime`='2017-12-28 10:53:10',`errmsg`='查询成功',`ly`='查询成功',`state`='查询成功',`up_time`='1514429590' WHERE ( orderNo='262' ) [ RunTime:0.0061s ]
SQL: SELECT * FROM `yzs_tofindzx` WHERE ( orderNo='262' ) LIMIT 1   [ RunTime:0.0003s ]
SQL: SHOW COLUMNS FROM `yzs_apply_for_authorisation` [ RunTime:0.0005s ]
SQL: UPDATE `yzs_apply_for_authorisation` SET `state`='3' WHERE ( acode='54668567867' ) [ RunTime:0.0049s ]
INFO: [ app_end ] --START--
INFO: Run Behavior\ShowPageTraceBehavior [ RunTime:0.000498s ]
INFO: [ app_end ] --END-- [ RunTime:0.000568s ]

