[ 2018-03-05T15:15:26+08:00 ] 127.0.0.1 /Public/uploading/wechat/images/weixin/YZS20180305145525_7579.jpg
INFO: [ app_init ] --START--
INFO: Run Behavior\BuildLiteBehavior [ RunTime:0.000012s ]
INFO: [ app_init ] --END-- [ RunTime:0.000314s ]
ERR: 无法加载模块:Public

[ 2018-03-05T15:15:26+08:00 ] 127.0.0.1 /Public/uploading/wechat/images/weixin/YZS20180305145512_4709.jpg
INFO: [ app_init ] --START--
INFO: Run Behavior\BuildLiteBehavior [ RunTime:0.000014s ]
INFO: [ app_init ] --END-- [ RunTime:0.000353s ]
ERR: 无法加载模块:Public

[ 2018-03-05T15:15:26+08:00 ] 127.0.0.1 /Public/uploading/wechat/images/weixin/YZS20180305145545_9650.jpg
INFO: [ app_init ] --START--
INFO: Run Behavior\BuildLiteBehavior [ RunTime:0.000009s ]
INFO: [ app_init ] --END-- [ RunTime:0.000243s ]
ERR: 无法加载模块:Public

[ 2018-03-05T15:15:26+08:00 ] 127.0.0.1 /Public/uploading/wechat/images/weixin/YZS20180305145513_1515.jpg
INFO: [ app_init ] --START--
INFO: Run Behavior\BuildLiteBehavior [ RunTime:0.000014s ]
INFO: [ app_init ] --END-- [ RunTime:0.000399s ]
ERR: 无法加载模块:Public

[ 2018-03-05T15:15:26+08:00 ] 127.0.0.1 /Public/uploading/wechat/images/weixin/YZS20180305145513_9542.jpg
INFO: [ app_init ] --START--
INFO: Run Behavior\BuildLiteBehavior [ RunTime:0.000009s ]
INFO: [ app_init ] --END-- [ RunTime:0.000259s ]
ERR: 无法加载模块:Public

[ 2018-03-05T15:15:26+08:00 ] 127.0.0.1 /Public/uploading/wechat/images/weixin/YZS20180305145512_3699.jpg
INFO: [ app_init ] --START--
INFO: Run Behavior\BuildLiteBehavior [ RunTime:0.000015s ]
INFO: [ app_init ] --END-- [ RunTime:0.000352s ]
ERR: 无法加载模块:Public

[ 2018-03-05T15:15:26+08:00 ] 127.0.0.1 /Public/uploading/wechat/images/weixin/YZS20180305145641_8630.jpg
INFO: [ app_init ] --START--
INFO: Run Behavior\BuildLiteBehavior [ RunTime:0.000013s ]
INFO: [ app_init ] --END-- [ RunTime:0.000337s ]
ERR: 无法加载模块:Public

[ 2018-03-05T15:15:26+08:00 ] 127.0.0.1 /Public/uploading/wechat/images/weixin/YZS20180305145634_3881.jpg
INFO: [ app_init ] --START--
INFO: Run Behavior\BuildLiteBehavior [ RunTime:0.000011s ]
INFO: [ app_init ] --END-- [ RunTime:0.000306s ]
ERR: 无法加载模块:Public

[ 2018-03-05T15:15:26+08:00 ] 127.0.0.1 /Public/uploading/wechat/images/weixin/YZS20180305145628_2343.jpg
INFO: [ app_init ] --START--
INFO: Run Behavior\BuildLiteBehavior [ RunTime:0.000008s ]
INFO: [ app_init ] --END-- [ RunTime:0.000260s ]
ERR: 无法加载模块:Public

