[ 2018-03-08T09:21:10+08:00 ] 127.0.0.1 /Public/uploading/wechat/images/weixin/YZS20180305145513_9542.jpg
INFO: [ app_init ] --START--
INFO: Run Behavior\BuildLiteBehavior [ RunTime:0.000009s ]
INFO: [ app_init ] --END-- [ RunTime:0.000255s ]
ERR: 无法加载模块:Public

[ 2018-03-08T09:21:10+08:00 ] 127.0.0.1 /Public/uploading/wechat/images/weixin/YZS20180305145545_9650.jpg
INFO: [ app_init ] --START--
INFO: Run Behavior\BuildLiteBehavior [ RunTime:0.000012s ]
INFO: [ app_init ] --END-- [ RunTime:0.000384s ]
ERR: 无法加载模块:Public

[ 2018-03-08T09:21:10+08:00 ] 127.0.0.1 /Public/uploading/wechat/images/weixin/YZS20180305145641_8630.jpg
INFO: [ app_init ] --START--
INFO: Run Behavior\BuildLiteBehavior [ RunTime:0.000008s ]
INFO: [ app_init ] --END-- [ RunTime:0.000233s ]
ERR: 无法加载模块:Public

[ 2018-03-08T09:21:10+08:00 ] 127.0.0.1 /Public/uploading/wechat/images/weixin/YZS20180305145634_3881.jpg
INFO: [ app_init ] --START--
INFO: Run Behavior\BuildLiteBehavior [ RunTime:0.000014s ]
INFO: [ app_init ] --END-- [ RunTime:0.000364s ]
ERR: 无法加载模块:Public

[ 2018-03-08T09:21:18+08:00 ] 127.0.0.1 /Public/uploading/wechat/images/weixin/YZS20180119105210_6255.jpg
INFO: [ app_init ] --START--
INFO: Run Behavior\BuildLiteBehavior [ RunTime:0.000009s ]
INFO: [ app_init ] --END-- [ RunTime:0.000271s ]
ERR: 无法加载模块:Public

[ 2018-03-08T09:21:18+08:00 ] 127.0.0.1 /Public/uploading/wechat/images/weixin/YZS20180119105150_8026.jpg
INFO: [ app_init ] --START--
INFO: Run Behavior\BuildLiteBehavior [ RunTime:0.000013s ]
INFO: [ app_init ] --END-- [ RunTime:0.000374s ]
ERR: 无法加载模块:Public

[ 2018-03-08T09:21:18+08:00 ] 127.0.0.1 /Public/uploading/wechat/images/weixin/YZS20180119105142_7044.jpg
INFO: [ app_init ] --START--
INFO: Run Behavior\BuildLiteBehavior [ RunTime:0.000012s ]
INFO: [ app_init ] --END-- [ RunTime:0.000320s ]
ERR: 无法加载模块:Public

[ 2018-03-08T09:21:18+08:00 ] 127.0.0.1 /Public/uploading/wechat/images/weixin/YZS20180119105200_9134.jpg
INFO: [ app_init ] --START--
INFO: Run Behavior\BuildLiteBehavior [ RunTime:0.000011s ]
INFO: [ app_init ] --END-- [ RunTime:0.000315s ]
ERR: 无法加载模块:Public

[ 2018-03-08T09:21:18+08:00 ] 127.0.0.1 /Public/uploading/wechat/images/weixin/YZS20180119105218_1090.jpg
INFO: [ app_init ] --START--
INFO: Run Behavior\BuildLiteBehavior [ RunTime:0.000008s ]
INFO: [ app_init ] --END-- [ RunTime:0.000236s ]
ERR: 无法加载模块:Public

[ 2018-03-08T09:21:20+08:00 ] 127.0.0.1 /Public/uploading/wechat/images/weixin/YZS20180119105200_9134.jpg
INFO: [ app_init ] --START--
INFO: Run Behavior\BuildLiteBehavior [ RunTime:0.000016s ]
INFO: [ app_init ] --END-- [ RunTime:0.000306s ]
ERR: 无法加载模块:Public

[ 2018-03-08T09:21:20+08:00 ] 127.0.0.1 /Public/uploading/wechat/images/weixin/YZS20180119105142_7044.jpg
INFO: [ app_init ] --START--
INFO: Run Behavior\BuildLiteBehavior [ RunTime:0.000016s ]
INFO: [ app_init ] --END-- [ RunTime:0.000392s ]
ERR: 无法加载模块:Public

[ 2018-03-08T09:21:22+08:00 ] 127.0.0.1 /Public/uploading/wechat/images/weixin/YZS20180119105200_9134.jpg
INFO: [ app_init ] --START--
INFO: Run Behavior\BuildLiteBehavior [ RunTime:0.000007s ]
INFO: [ app_init ] --END-- [ RunTime:0.000226s ]
ERR: 无法加载模块:Public

[ 2018-03-08T09:21:23+08:00 ] 127.0.0.1 /Public/uploading/wechat/images/weixin/YZS20180119105142_7044.jpg
INFO: [ app_init ] --START--
INFO: Run Behavior\BuildLiteBehavior [ RunTime:0.000012s ]
INFO: [ app_init ] --END-- [ RunTime:0.000377s ]
ERR: 无法加载模块:Public

