[ 2018-03-20T09:19:19+08:00 ] 127.0.0.1 /favicon.ico
INFO: [ app_init ] --START--
INFO: Run Behavior\BuildLiteBehavior [ RunTime:0.000008s ]
INFO: [ app_init ] --END-- [ RunTime:0.000240s ]
ERR: 无法加载模块:Favicon

[ 2018-03-20T15:38:13+08:00 ] 127.0.0.1 /Public/uploading/wechat/images/weixin/YZS20180305145513_1515.jpg
INFO: [ app_init ] --START--
INFO: Run Behavior\BuildLiteBehavior [ RunTime:0.000013s ]
INFO: [ app_init ] --END-- [ RunTime:0.000321s ]
ERR: 无法加载模块:Public

[ 2018-03-20T15:38:13+08:00 ] 127.0.0.1 /Public/uploading/wechat/images/weixin/YZS20180305145545_9650.jpg
INFO: [ app_init ] --START--
INFO: Run Behavior\BuildLiteBehavior [ RunTime:0.000014s ]
INFO: [ app_init ] --END-- [ RunTime:0.000382s ]
ERR: 无法加载模块:Public

[ 2018-03-20T15:38:13+08:00 ] 127.0.0.1 /Public/uploading/wechat/images/weixin/YZS20180305145512_3699.jpg
INFO: [ app_init ] --START--
INFO: Run Behavior\BuildLiteBehavior [ RunTime:0.000012s ]
INFO: [ app_init ] --END-- [ RunTime:0.000377s ]
ERR: 无法加载模块:Public

[ 2018-03-20T15:38:13+08:00 ] 127.0.0.1 /Public/uploading/wechat/images/weixin/YZS20180305145513_9542.jpg
INFO: [ app_init ] --START--
INFO: Run Behavior\BuildLiteBehavior [ RunTime:0.000022s ]
INFO: [ app_init ] --END-- [ RunTime:0.000375s ]
ERR: 无法加载模块:Public

[ 2018-03-20T15:38:13+08:00 ] 127.0.0.1 /Public/uploading/wechat/images/weixin/YZS20180305145628_2343.jpg
INFO: [ app_init ] --START--
INFO: Run Behavior\BuildLiteBehavior [ RunTime:0.000075s ]
INFO: [ app_init ] --END-- [ RunTime:0.000599s ]
ERR: 无法加载模块:Public

[ 2018-03-20T15:38:13+08:00 ] 127.0.0.1 /Public/uploading/wechat/images/weixin/YZS20180305145634_3881.jpg
INFO: [ app_init ] --START--
INFO: Run Behavior\BuildLiteBehavior [ RunTime:0.000055s ]
INFO: [ app_init ] --END-- [ RunTime:0.000514s ]
ERR: 无法加载模块:Public

[ 2018-03-20T15:38:13+08:00 ] 127.0.0.1 /Public/uploading/wechat/images/weixin/YZS20180305145641_8630.jpg
INFO: [ app_init ] --START--
INFO: Run Behavior\BuildLiteBehavior [ RunTime:0.000015s ]
INFO: [ app_init ] --END-- [ RunTime:0.000523s ]
ERR: 无法加载模块:Public

[ 2018-03-20T15:38:44+08:00 ] 127.0.0.1 /Public/uploading/wechat/images/weixin/YZS20180305145513_9542.jpg
INFO: [ app_init ] --START--
INFO: Run Behavior\BuildLiteBehavior [ RunTime:0.000014s ]
INFO: [ app_init ] --END-- [ RunTime:0.000343s ]
ERR: 无法加载模块:Public

[ 2018-03-20T15:38:44+08:00 ] 127.0.0.1 /Public/uploading/wechat/images/weixin/YZS20180305145512_4709.jpg
INFO: [ app_init ] --START--
INFO: Run Behavior\BuildLiteBehavior [ RunTime:0.000013s ]
INFO: [ app_init ] --END-- [ RunTime:0.000342s ]
ERR: 无法加载模块:Public

[ 2018-03-20T15:38:44+08:00 ] 127.0.0.1 /Public/uploading/wechat/images/weixin/YZS20180305145512_3699.jpg
INFO: [ app_init ] --START--
INFO: Run Behavior\BuildLiteBehavior [ RunTime:0.000010s ]
INFO: [ app_init ] --END-- [ RunTime:0.000232s ]
ERR: 无法加载模块:Public

[ 2018-03-20T15:38:44+08:00 ] 127.0.0.1 /Public/uploading/wechat/images/weixin/YZS20180305145545_9650.jpg
INFO: [ app_init ] --START--
INFO: Run Behavior\BuildLiteBehavior [ RunTime:0.000012s ]
INFO: [ app_init ] --END-- [ RunTime:0.000317s ]
ERR: 无法加载模块:Public

[ 2018-03-20T15:38:44+08:00 ] 127.0.0.1 /Public/uploading/wechat/images/weixin/YZS20180305145513_1515.jpg
INFO: [ app_init ] --START--
INFO: Run Behavior\BuildLiteBehavior [ RunTime:0.000012s ]
INFO: [ app_init ] --END-- [ RunTime:0.000304s ]
ERR: 无法加载模块:Public

[ 2018-03-20T15:38:44+08:00 ] 127.0.0.1 /Public/uploading/wechat/images/weixin/YZS20180305145628_2343.jpg
INFO: [ app_init ] --START--
INFO: Run Behavior\BuildLiteBehavior [ RunTime:0.000012s ]
INFO: [ app_init ] --END-- [ RunTime:0.000324s ]
ERR: 无法加载模块:Public

[ 2018-03-20T15:38:44+08:00 ] 127.0.0.1 /Public/uploading/wechat/images/weixin/YZS20180305145634_3881.jpg
INFO: [ app_init ] --START--
INFO: Run Behavior\BuildLiteBehavior [ RunTime:0.000052s ]
INFO: [ app_init ] --END-- [ RunTime:0.000580s ]
ERR: 无法加载模块:Public

[ 2018-03-20T15:55:27+08:00 ] 127.0.0.1 /Public/uploading/images/Product/YZS20171218120142_9229.png
INFO: [ app_init ] --START--
INFO: Run Behavior\BuildLiteBehavior [ RunTime:0.000013s ]
INFO: [ app_init ] --END-- [ RunTime:0.000333s ]
ERR: 无法加载模块:Public

[ 2018-03-20T15:55:27+08:00 ] 127.0.0.1 /Public/uploading/images/Product/YZS20171218120119_7087.png
INFO: [ app_init ] --START--
INFO: Run Behavior\BuildLiteBehavior [ RunTime:0.000012s ]
INFO: [ app_init ] --END-- [ RunTime:0.000347s ]
ERR: 无法加载模块:Public

[ 2018-03-20T15:55:27+08:00 ] 127.0.0.1 /Public/uploading/images/Product/YZS20171127111320_1956.png
INFO: [ app_init ] --START--
INFO: Run Behavior\BuildLiteBehavior [ RunTime:0.000015s ]
INFO: [ app_init ] --END-- [ RunTime:0.000370s ]
ERR: 无法加载模块:Public

[ 2018-03-20T15:55:27+08:00 ] 127.0.0.1 /Public/uploading/images/Product/YZS20171218120312_9323.png
INFO: [ app_init ] --START--
INFO: Run Behavior\BuildLiteBehavior [ RunTime:0.000013s ]
INFO: [ app_init ] --END-- [ RunTime:0.000360s ]
ERR: 无法加载模块:Public

[ 2018-03-20T15:55:27+08:00 ] 127.0.0.1 /Public/uploading/images/Product/YZS20171218120205_5333.png
INFO: [ app_init ] --START--
INFO: Run Behavior\BuildLiteBehavior [ RunTime:0.000018s ]
INFO: [ app_init ] --END-- [ RunTime:0.000508s ]
ERR: 无法加载模块:Public

[ 2018-03-20T15:55:27+08:00 ] 127.0.0.1 /Public/uploading/images/Product/YZS20171218120353_2958.png
INFO: [ app_init ] --START--
INFO: Run Behavior\BuildLiteBehavior [ RunTime:0.000010s ]
INFO: [ app_init ] --END-- [ RunTime:0.000344s ]
ERR: 无法加载模块:Public

[ 2018-03-20T15:55:29+08:00 ] 127.0.0.1 /Public/uploading/images/Product/YZS20171218120119_7087.png
INFO: [ app_init ] --START--
INFO: Run Behavior\BuildLiteBehavior [ RunTime:0.000008s ]
INFO: [ app_init ] --END-- [ RunTime:0.000221s ]
ERR: 无法加载模块:Public

[ 2018-03-20T15:55:29+08:00 ] 127.0.0.1 /Public/uploading/images/Product/YZS20171218120142_9229.png
INFO: [ app_init ] --START--
INFO: Run Behavior\BuildLiteBehavior [ RunTime:0.000010s ]
INFO: [ app_init ] --END-- [ RunTime:0.000258s ]
ERR: 无法加载模块:Public

[ 2018-03-20T15:55:29+08:00 ] 127.0.0.1 /Public/uploading/images/Product/YZS20171218120353_2958.png
INFO: [ app_init ] --START--
INFO: Run Behavior\BuildLiteBehavior [ RunTime:0.000009s ]
INFO: [ app_init ] --END-- [ RunTime:0.000250s ]
ERR: 无法加载模块:Public

[ 2018-03-20T15:55:29+08:00 ] 127.0.0.1 /Public/uploading/images/Product/YZS20171218120312_9323.png
INFO: [ app_init ] --START--
INFO: Run Behavior\BuildLiteBehavior [ RunTime:0.000010s ]
INFO: [ app_init ] --END-- [ RunTime:0.000307s ]
ERR: 无法加载模块:Public

[ 2018-03-20T15:55:29+08:00 ] 127.0.0.1 /Public/uploading/images/Product/YZS20171127111320_1956.png
INFO: [ app_init ] --START--
INFO: Run Behavior\BuildLiteBehavior [ RunTime:0.000013s ]
INFO: [ app_init ] --END-- [ RunTime:0.000304s ]
ERR: 无法加载模块:Public

[ 2018-03-20T15:55:29+08:00 ] 127.0.0.1 /Public/uploading/images/Product/YZS20171218120205_5333.png
INFO: [ app_init ] --START--
INFO: Run Behavior\BuildLiteBehavior [ RunTime:0.000012s ]
INFO: [ app_init ] --END-- [ RunTime:0.000320s ]
ERR: 无法加载模块:Public

[ 2018-03-20T15:55:29+08:00 ] 127.0.0.1 /Public/uploading/images/Product/YZS20171222165731_4671.png
INFO: [ app_init ] --START--
INFO: Run Behavior\BuildLiteBehavior [ RunTime:0.000013s ]
INFO: [ app_init ] --END-- [ RunTime:0.000396s ]
ERR: 无法加载模块:Public

[ 2018-03-20T15:56:40+08:00 ] 127.0.0.1 /Public/uploading/images/Product/YZS20171218120119_7087.png
INFO: [ app_init ] --START--
INFO: Run Behavior\BuildLiteBehavior [ RunTime:0.000008s ]
INFO: [ app_init ] --END-- [ RunTime:0.000228s ]
ERR: 无法加载模块:Public

[ 2018-03-20T15:56:40+08:00 ] 127.0.0.1 /Public/uploading/images/Product/YZS20171218120142_9229.png
INFO: [ app_init ] --START--
INFO: Run Behavior\BuildLiteBehavior [ RunTime:0.000013s ]
INFO: [ app_init ] --END-- [ RunTime:0.000346s ]
ERR: 无法加载模块:Public

[ 2018-03-20T15:56:40+08:00 ] 127.0.0.1 /Public/uploading/images/Product/YZS20171127111320_1956.png
INFO: [ app_init ] --START--
INFO: Run Behavior\BuildLiteBehavior [ RunTime:0.000009s ]
INFO: [ app_init ] --END-- [ RunTime:0.000235s ]
ERR: 无法加载模块:Public

[ 2018-03-20T15:56:40+08:00 ] 127.0.0.1 /Public/uploading/images/Product/YZS20171218120205_5333.png
INFO: [ app_init ] --START--
INFO: Run Behavior\BuildLiteBehavior [ RunTime:0.000011s ]
INFO: [ app_init ] --END-- [ RunTime:0.000319s ]
ERR: 无法加载模块:Public

[ 2018-03-20T15:56:40+08:00 ] 127.0.0.1 /Public/uploading/images/Product/YZS20171218120312_9323.png
INFO: [ app_init ] --START--
INFO: Run Behavior\BuildLiteBehavior [ RunTime:0.000012s ]
INFO: [ app_init ] --END-- [ RunTime:0.000329s ]
ERR: 无法加载模块:Public

[ 2018-03-20T15:56:40+08:00 ] 127.0.0.1 /Public/uploading/images/Product/YZS20171218120353_2958.png
INFO: [ app_init ] --START--
INFO: Run Behavior\BuildLiteBehavior [ RunTime:0.000009s ]
INFO: [ app_init ] --END-- [ RunTime:0.000245s ]
ERR: 无法加载模块:Public

[ 2018-03-20T15:56:40+08:00 ] 127.0.0.1 /Public/uploading/images/Product/YZS20171222165731_4671.png
INFO: [ app_init ] --START--
INFO: Run Behavior\BuildLiteBehavior [ RunTime:0.000013s ]
INFO: [ app_init ] --END-- [ RunTime:0.000370s ]
ERR: 无法加载模块:Public

[ 2018-03-20T15:56:43+08:00 ] 127.0.0.1 /Public/uploading/images/Product/YZS20171218120353_2958.png
INFO: [ app_init ] --START--
INFO: Run Behavior\BuildLiteBehavior [ RunTime:0.000025s ]
INFO: [ app_init ] --END-- [ RunTime:0.000463s ]
ERR: 无法加载模块:Public

[ 2018-03-20T15:56:43+08:00 ] 127.0.0.1 /Public/uploading/images/Product/YZS20171222165731_4671.png
INFO: [ app_init ] --START--
INFO: Run Behavior\BuildLiteBehavior [ RunTime:0.000012s ]
INFO: [ app_init ] --END-- [ RunTime:0.000308s ]
ERR: 无法加载模块:Public

[ 2018-03-20T15:56:43+08:00 ] 127.0.0.1 /Public/uploading/images/Product/YZS20171218120312_9323.png
INFO: [ app_init ] --START--
INFO: Run Behavior\BuildLiteBehavior [ RunTime:0.000016s ]
INFO: [ app_init ] --END-- [ RunTime:0.000319s ]
ERR: 无法加载模块:Public

[ 2018-03-20T15:56:43+08:00 ] 127.0.0.1 /Public/uploading/images/Product/YZS20171218120205_5333.png
INFO: [ app_init ] --START--
INFO: Run Behavior\BuildLiteBehavior [ RunTime:0.000008s ]
INFO: [ app_init ] --END-- [ RunTime:0.000223s ]
ERR: 无法加载模块:Public

[ 2018-03-20T15:56:45+08:00 ] 127.0.0.1 /Public/uploading/images/Product/YZS20171218120119_7087.png
INFO: [ app_init ] --START--
INFO: Run Behavior\BuildLiteBehavior [ RunTime:0.000008s ]
INFO: [ app_init ] --END-- [ RunTime:0.000227s ]
ERR: 无法加载模块:Public

[ 2018-03-20T15:56:45+08:00 ] 127.0.0.1 /Public/uploading/images/Product/YZS20171218120205_5333.png
INFO: [ app_init ] --START--
INFO: Run Behavior\BuildLiteBehavior [ RunTime:0.000008s ]
INFO: [ app_init ] --END-- [ RunTime:0.000239s ]
ERR: 无法加载模块:Public

[ 2018-03-20T15:56:45+08:00 ] 127.0.0.1 /Public/uploading/images/Product/YZS20171127111320_1956.png
INFO: [ app_init ] --START--
INFO: Run Behavior\BuildLiteBehavior [ RunTime:0.000012s ]
INFO: [ app_init ] --END-- [ RunTime:0.000318s ]
ERR: 无法加载模块:Public

[ 2018-03-20T15:56:45+08:00 ] 127.0.0.1 /Public/uploading/images/Product/YZS20171218120312_9323.png
INFO: [ app_init ] --START--
INFO: Run Behavior\BuildLiteBehavior [ RunTime:0.000013s ]
INFO: [ app_init ] --END-- [ RunTime:0.000333s ]
ERR: 无法加载模块:Public

[ 2018-03-20T15:56:45+08:00 ] 127.0.0.1 /Public/uploading/images/Product/YZS20171218120142_9229.png
INFO: [ app_init ] --START--
INFO: Run Behavior\BuildLiteBehavior [ RunTime:0.000019s ]
INFO: [ app_init ] --END-- [ RunTime:0.000311s ]
ERR: 无法加载模块:Public

[ 2018-03-20T15:56:45+08:00 ] 127.0.0.1 /Public/uploading/images/Product/YZS20171218120353_2958.png
INFO: [ app_init ] --START--
INFO: Run Behavior\BuildLiteBehavior [ RunTime:0.000011s ]
INFO: [ app_init ] --END-- [ RunTime:0.000250s ]
ERR: 无法加载模块:Public

[ 2018-03-20T15:56:45+08:00 ] 127.0.0.1 /Public/uploading/images/Product/YZS20171222165731_4671.png
INFO: [ app_init ] --START--
INFO: Run Behavior\BuildLiteBehavior [ RunTime:0.000009s ]
INFO: [ app_init ] --END-- [ RunTime:0.000250s ]
ERR: 无法加载模块:Public

[ 2018-03-20T15:56:51+08:00 ] 127.0.0.1 /Public/uploading/images/Product/YZS20171218120119_7087.png
INFO: [ app_init ] --START--
INFO: Run Behavior\BuildLiteBehavior [ RunTime:0.000008s ]
INFO: [ app_init ] --END-- [ RunTime:0.000229s ]
ERR: 无法加载模块:Public

[ 2018-03-20T15:56:51+08:00 ] 127.0.0.1 /Public/uploading/images/roasting/YZS20171218110008_2464.png
INFO: [ app_init ] --START--
INFO: Run Behavior\BuildLiteBehavior [ RunTime:0.000008s ]
INFO: [ app_init ] --END-- [ RunTime:0.000227s ]
ERR: 无法加载模块:Public

[ 2018-03-20T15:57:13+08:00 ] 127.0.0.1 /Public/uploading/images/Product/YZS20171218120142_9229.png
INFO: [ app_init ] --START--
INFO: Run Behavior\BuildLiteBehavior [ RunTime:0.000012s ]
INFO: [ app_init ] --END-- [ RunTime:0.000279s ]
ERR: 无法加载模块:Public

[ 2018-03-20T15:57:13+08:00 ] 127.0.0.1 /Public/uploading/images/Product/YZS20171218120353_2958.png
INFO: [ app_init ] --START--
INFO: Run Behavior\BuildLiteBehavior [ RunTime:0.000012s ]
INFO: [ app_init ] --END-- [ RunTime:0.000679s ]
ERR: 无法加载模块:Public

[ 2018-03-20T15:57:13+08:00 ] 127.0.0.1 /Public/uploading/images/Product/YZS20171222165731_4671.png
INFO: [ app_init ] --START--
INFO: Run Behavior\BuildLiteBehavior [ RunTime:0.000010s ]
INFO: [ app_init ] --END-- [ RunTime:0.000647s ]
ERR: 无法加载模块:Public

[ 2018-03-20T15:57:13+08:00 ] 127.0.0.1 /Public/uploading/images/Product/YZS20171218120312_9323.png
INFO: [ app_init ] --START--
INFO: Run Behavior\BuildLiteBehavior [ RunTime:0.000028s ]
INFO: [ app_init ] --END-- [ RunTime:0.000430s ]
ERR: 无法加载模块:Public

[ 2018-03-20T15:57:21+08:00 ] 127.0.0.1 /Public/uploading/images/Product/YZS20171218120142_9229.png
INFO: [ app_init ] --START--
INFO: Run Behavior\BuildLiteBehavior [ RunTime:0.000009s ]
INFO: [ app_init ] --END-- [ RunTime:0.000234s ]
ERR: 无法加载模块:Public

[ 2018-03-20T15:57:27+08:00 ] 127.0.0.1 /Public/uploading/images/Product/YZS20171218120142_9229.png
INFO: [ app_init ] --START--
INFO: Run Behavior\BuildLiteBehavior [ RunTime:0.000015s ]
INFO: [ app_init ] --END-- [ RunTime:0.000232s ]
ERR: 无法加载模块:Public

[ 2018-03-20T15:57:33+08:00 ] 127.0.0.1 /Public/uploading/images/Product/YZS20171218120142_9229.png
INFO: [ app_init ] --START--
INFO: Run Behavior\BuildLiteBehavior [ RunTime:0.000009s ]
INFO: [ app_init ] --END-- [ RunTime:0.000228s ]
ERR: 无法加载模块:Public

[ 2018-03-20T15:57:33+08:00 ] 127.0.0.1 /Public/uploading/images/Product/YZS20171222165731_4671.png
INFO: [ app_init ] --START--
INFO: Run Behavior\BuildLiteBehavior [ RunTime:0.000017s ]
INFO: [ app_init ] --END-- [ RunTime:0.000327s ]
ERR: 无法加载模块:Public

[ 2018-03-20T15:57:33+08:00 ] 127.0.0.1 /Public/uploading/images/Product/YZS20171218120312_9323.png
INFO: [ app_init ] --START--
INFO: Run Behavior\BuildLiteBehavior [ RunTime:0.000012s ]
INFO: [ app_init ] --END-- [ RunTime:0.000396s ]
ERR: 无法加载模块:Public

[ 2018-03-20T15:57:33+08:00 ] 127.0.0.1 /Public/uploading/images/Product/YZS20171218120353_2958.png
INFO: [ app_init ] --START--
INFO: Run Behavior\BuildLiteBehavior [ RunTime:0.000013s ]
INFO: [ app_init ] --END-- [ RunTime:0.000404s ]
ERR: 无法加载模块:Public

[ 2018-03-20T15:57:44+08:00 ] 127.0.0.1 /Public/uploading/images/Product/YZS20171218120119_7087.png
INFO: [ app_init ] --START--
INFO: Run Behavior\BuildLiteBehavior [ RunTime:0.000008s ]
INFO: [ app_init ] --END-- [ RunTime:0.000230s ]
ERR: 无法加载模块:Public

[ 2018-03-20T15:57:44+08:00 ] 127.0.0.1 /Public/uploading/images/Product/YZS20171127111320_1956.png
INFO: [ app_init ] --START--
INFO: Run Behavior\BuildLiteBehavior [ RunTime:0.000008s ]
INFO: [ app_init ] --END-- [ RunTime:0.000235s ]
ERR: 无法加载模块:Public

[ 2018-03-20T15:57:44+08:00 ] 127.0.0.1 /Public/uploading/images/Product/YZS20171218120312_9323.png
INFO: [ app_init ] --START--
INFO: Run Behavior\BuildLiteBehavior [ RunTime:0.000010s ]
INFO: [ app_init ] --END-- [ RunTime:0.000316s ]
ERR: 无法加载模块:Public

[ 2018-03-20T15:57:44+08:00 ] 127.0.0.1 /Public/uploading/images/Product/YZS20171218120205_5333.png
INFO: [ app_init ] --START--
INFO: Run Behavior\BuildLiteBehavior [ RunTime:0.000011s ]
INFO: [ app_init ] --END-- [ RunTime:0.000301s ]
ERR: 无法加载模块:Public

[ 2018-03-20T15:57:44+08:00 ] 127.0.0.1 /Public/uploading/images/Product/YZS20171218120142_9229.png
INFO: [ app_init ] --START--
INFO: Run Behavior\BuildLiteBehavior [ RunTime:0.000012s ]
INFO: [ app_init ] --END-- [ RunTime:0.000321s ]
ERR: 无法加载模块:Public

[ 2018-03-20T15:57:44+08:00 ] 127.0.0.1 /Public/uploading/images/Product/YZS20171218120353_2958.png
INFO: [ app_init ] --START--
INFO: Run Behavior\BuildLiteBehavior [ RunTime:0.000015s ]
INFO: [ app_init ] --END-- [ RunTime:0.000263s ]
ERR: 无法加载模块:Public

[ 2018-03-20T15:57:44+08:00 ] 127.0.0.1 /Public/uploading/images/Product/YZS20171222165731_4671.png
INFO: [ app_init ] --START--
INFO: Run Behavior\BuildLiteBehavior [ RunTime:0.000008s ]
INFO: [ app_init ] --END-- [ RunTime:0.000236s ]
ERR: 无法加载模块:Public

[ 2018-03-20T15:57:49+08:00 ] 127.0.0.1 /Public/uploading/images/Product/YZS20171218120353_2958.png
INFO: [ app_init ] --START--
INFO: Run Behavior\BuildLiteBehavior [ RunTime:0.000013s ]
INFO: [ app_init ] --END-- [ RunTime:0.000328s ]
ERR: 无法加载模块:Public

[ 2018-03-20T15:57:49+08:00 ] 127.0.0.1 /Public/uploading/images/Product/YZS20171222165731_4671.png
INFO: [ app_init ] --START--
INFO: Run Behavior\BuildLiteBehavior [ RunTime:0.000011s ]
INFO: [ app_init ] --END-- [ RunTime:0.000323s ]
ERR: 无法加载模块:Public

[ 2018-03-20T15:57:49+08:00 ] 127.0.0.1 /Public/uploading/images/Product/YZS20171218120205_5333.png
INFO: [ app_init ] --START--
INFO: Run Behavior\BuildLiteBehavior [ RunTime:0.000012s ]
INFO: [ app_init ] --END-- [ RunTime:0.000314s ]
ERR: 无法加载模块:Public

[ 2018-03-20T15:57:49+08:00 ] 127.0.0.1 /Public/uploading/images/Product/YZS20171218120312_9323.png
INFO: [ app_init ] --START--
INFO: Run Behavior\BuildLiteBehavior [ RunTime:0.000013s ]
INFO: [ app_init ] --END-- [ RunTime:0.000336s ]
ERR: 无法加载模块:Public

[ 2018-03-20T15:57:52+08:00 ] 127.0.0.1 /Public/uploading/images/Product/YZS20171218120119_7087.png
INFO: [ app_init ] --START--
INFO: Run Behavior\BuildLiteBehavior [ RunTime:0.000008s ]
INFO: [ app_init ] --END-- [ RunTime:0.000230s ]
ERR: 无法加载模块:Public

[ 2018-03-20T15:57:52+08:00 ] 127.0.0.1 /Public/uploading/images/Product/YZS20171218120205_5333.png
INFO: [ app_init ] --START--
INFO: Run Behavior\BuildLiteBehavior [ RunTime:0.000009s ]
INFO: [ app_init ] --END-- [ RunTime:0.000243s ]
ERR: 无法加载模块:Public

[ 2018-03-20T15:57:52+08:00 ] 127.0.0.1 /Public/uploading/images/Product/YZS20171127111320_1956.png
INFO: [ app_init ] --START--
INFO: Run Behavior\BuildLiteBehavior [ RunTime:0.000012s ]
INFO: [ app_init ] --END-- [ RunTime:0.000325s ]
ERR: 无法加载模块:Public

[ 2018-03-20T15:57:52+08:00 ] 127.0.0.1 /Public/uploading/images/Product/YZS20171218120142_9229.png
INFO: [ app_init ] --START--
INFO: Run Behavior\BuildLiteBehavior [ RunTime:0.000009s ]
INFO: [ app_init ] --END-- [ RunTime:0.000288s ]
ERR: 无法加载模块:Public

[ 2018-03-20T15:57:52+08:00 ] 127.0.0.1 /Public/uploading/images/Product/YZS20171218120312_9323.png
INFO: [ app_init ] --START--
INFO: Run Behavior\BuildLiteBehavior [ RunTime:0.000012s ]
INFO: [ app_init ] --END-- [ RunTime:0.000323s ]
ERR: 无法加载模块:Public

[ 2018-03-20T15:57:52+08:00 ] 127.0.0.1 /Public/uploading/images/Product/YZS20171218120353_2958.png
INFO: [ app_init ] --START--
INFO: Run Behavior\BuildLiteBehavior [ RunTime:0.000016s ]
INFO: [ app_init ] --END-- [ RunTime:0.000330s ]
ERR: 无法加载模块:Public

[ 2018-03-20T15:57:52+08:00 ] 127.0.0.1 /Public/uploading/images/Product/YZS20171222165731_4671.png
INFO: [ app_init ] --START--
INFO: Run Behavior\BuildLiteBehavior [ RunTime:0.000009s ]
INFO: [ app_init ] --END-- [ RunTime:0.000238s ]
ERR: 无法加载模块:Public

[ 2018-03-20T15:58:44+08:00 ] 127.0.0.1 /Public/uploading/images/Product/YZS20171218120119_7087.png
INFO: [ app_init ] --START--
INFO: Run Behavior\BuildLiteBehavior [ RunTime:0.000008s ]
INFO: [ app_init ] --END-- [ RunTime:0.000254s ]
ERR: 无法加载模块:Public

[ 2018-03-20T15:58:44+08:00 ] 127.0.0.1 /Public/uploading/images/Product/YZS20171218120142_9229.png
INFO: [ app_init ] --START--
INFO: Run Behavior\BuildLiteBehavior [ RunTime:0.000016s ]
INFO: [ app_init ] --END-- [ RunTime:0.000459s ]
ERR: 无法加载模块:Public

[ 2018-03-20T15:58:44+08:00 ] 127.0.0.1 /Public/uploading/images/Product/YZS20171127111320_1956.png
INFO: [ app_init ] --START--
INFO: Run Behavior\BuildLiteBehavior [ RunTime:0.000012s ]
INFO: [ app_init ] --END-- [ RunTime:0.000336s ]
ERR: 无法加载模块:Public

[ 2018-03-20T15:58:44+08:00 ] 127.0.0.1 /Public/uploading/images/Product/YZS20171218120353_2958.png
INFO: [ app_init ] --START--
INFO: Run Behavior\BuildLiteBehavior [ RunTime:0.000021s ]
INFO: [ app_init ] --END-- [ RunTime:0.000330s ]
ERR: 无法加载模块:Public

[ 2018-03-20T15:58:44+08:00 ] 127.0.0.1 /Public/uploading/images/Product/YZS20171218120205_5333.png
INFO: [ app_init ] --START--
INFO: Run Behavior\BuildLiteBehavior [ RunTime:0.000012s ]
INFO: [ app_init ] --END-- [ RunTime:0.000324s ]
ERR: 无法加载模块:Public

[ 2018-03-20T15:58:44+08:00 ] 127.0.0.1 /Public/uploading/images/Product/YZS20171218120312_9323.png
INFO: [ app_init ] --START--
INFO: Run Behavior\BuildLiteBehavior [ RunTime:0.000011s ]
INFO: [ app_init ] --END-- [ RunTime:0.000334s ]
ERR: 无法加载模块:Public

[ 2018-03-20T15:58:44+08:00 ] 127.0.0.1 /Public/uploading/images/Product/YZS20171222165731_4671.png
INFO: [ app_init ] --START--
INFO: Run Behavior\BuildLiteBehavior [ RunTime:0.000014s ]
INFO: [ app_init ] --END-- [ RunTime:0.000365s ]
ERR: 无法加载模块:Public

[ 2018-03-20T15:58:45+08:00 ] 127.0.0.1 /Public/uploading/images/Product/YZS20171218120119_7087.png
INFO: [ app_init ] --START--
INFO: Run Behavior\BuildLiteBehavior [ RunTime:0.000012s ]
INFO: [ app_init ] --END-- [ RunTime:0.000328s ]
ERR: 无法加载模块:Public

[ 2018-03-20T15:58:45+08:00 ] 127.0.0.1 /Public/uploading/images/Product/YZS20171218120205_5333.png
INFO: [ app_init ] --START--
INFO: Run Behavior\BuildLiteBehavior [ RunTime:0.000017s ]
INFO: [ app_init ] --END-- [ RunTime:0.000361s ]
ERR: 无法加载模块:Public

[ 2018-03-20T15:58:45+08:00 ] 127.0.0.1 /Public/uploading/images/Product/YZS20171127111320_1956.png
INFO: [ app_init ] --START--
INFO: Run Behavior\BuildLiteBehavior [ RunTime:0.000028s ]
INFO: [ app_init ] --END-- [ RunTime:0.000345s ]
ERR: 无法加载模块:Public

[ 2018-03-20T15:58:45+08:00 ] 127.0.0.1 /Public/uploading/images/Product/YZS20171218120312_9323.png
INFO: [ app_init ] --START--
INFO: Run Behavior\BuildLiteBehavior [ RunTime:0.000011s ]
INFO: [ app_init ] --END-- [ RunTime:0.000353s ]
ERR: 无法加载模块:Public

[ 2018-03-20T15:58:45+08:00 ] 127.0.0.1 /Public/uploading/images/Product/YZS20171218120142_9229.png
INFO: [ app_init ] --START--
INFO: Run Behavior\BuildLiteBehavior [ RunTime:0.000015s ]
INFO: [ app_init ] --END-- [ RunTime:0.000342s ]
ERR: 无法加载模块:Public

[ 2018-03-20T15:58:45+08:00 ] 127.0.0.1 /Public/uploading/images/Product/YZS20171218120353_2958.png
INFO: [ app_init ] --START--
INFO: Run Behavior\BuildLiteBehavior [ RunTime:0.000009s ]
INFO: [ app_init ] --END-- [ RunTime:0.000262s ]
ERR: 无法加载模块:Public

[ 2018-03-20T15:58:45+08:00 ] 127.0.0.1 /Public/uploading/images/Product/YZS20171222165731_4671.png
INFO: [ app_init ] --START--
INFO: Run Behavior\BuildLiteBehavior [ RunTime:0.000009s ]
INFO: [ app_init ] --END-- [ RunTime:0.000286s ]
ERR: 无法加载模块:Public

[ 2018-03-20T15:58:45+08:00 ] 127.0.0.1 /Public/uploading/images/Product/YZS20171218120119_7087.png
INFO: [ app_init ] --START--
INFO: Run Behavior\BuildLiteBehavior [ RunTime:0.000009s ]
INFO: [ app_init ] --END-- [ RunTime:0.000237s ]
ERR: 无法加载模块:Public

[ 2018-03-20T15:58:45+08:00 ] 127.0.0.1 /Public/uploading/images/Product/YZS20171218120142_9229.png
INFO: [ app_init ] --START--
INFO: Run Behavior\BuildLiteBehavior [ RunTime:0.000009s ]
INFO: [ app_init ] --END-- [ RunTime:0.000251s ]
ERR: 无法加载模块:Public

[ 2018-03-20T15:58:45+08:00 ] 127.0.0.1 /Public/uploading/images/Product/YZS20171218120205_5333.png
INFO: [ app_init ] --START--
INFO: Run Behavior\BuildLiteBehavior [ RunTime:0.000012s ]
INFO: [ app_init ] --END-- [ RunTime:0.000324s ]
ERR: 无法加载模块:Public

[ 2018-03-20T15:58:45+08:00 ] 127.0.0.1 /Public/uploading/images/Product/YZS20171218120312_9323.png
INFO: [ app_init ] --START--
INFO: Run Behavior\BuildLiteBehavior [ RunTime:0.000009s ]
INFO: [ app_init ] --END-- [ RunTime:0.000244s ]
ERR: 无法加载模块:Public

[ 2018-03-20T15:58:45+08:00 ] 127.0.0.1 /Public/uploading/images/Product/YZS20171127111320_1956.png
INFO: [ app_init ] --START--
INFO: Run Behavior\BuildLiteBehavior [ RunTime:0.000012s ]
INFO: [ app_init ] --END-- [ RunTime:0.000311s ]
ERR: 无法加载模块:Public

[ 2018-03-20T15:58:45+08:00 ] 127.0.0.1 /Public/uploading/images/Product/YZS20171218120353_2958.png
INFO: [ app_init ] --START--
INFO: Run Behavior\BuildLiteBehavior [ RunTime:0.000016s ]
INFO: [ app_init ] --END-- [ RunTime:0.000410s ]
ERR: 无法加载模块:Public

[ 2018-03-20T15:58:45+08:00 ] 127.0.0.1 /Public/uploading/images/Product/YZS20171222165731_4671.png
INFO: [ app_init ] --START--
INFO: Run Behavior\BuildLiteBehavior [ RunTime:0.000014s ]
INFO: [ app_init ] --END-- [ RunTime:0.000712s ]
ERR: 无法加载模块:Public

[ 2018-03-20T15:58:47+08:00 ] 127.0.0.1 /Public/uploading/images/Product/YZS20171218120312_9323.png
INFO: [ app_init ] --START--
INFO: Run Behavior\BuildLiteBehavior [ RunTime:0.000008s ]
INFO: [ app_init ] --END-- [ RunTime:0.000227s ]
ERR: 无法加载模块:Public

[ 2018-03-20T15:58:47+08:00 ] 127.0.0.1 /Public/uploading/images/Product/YZS20171222165731_4671.png
INFO: [ app_init ] --START--
INFO: Run Behavior\BuildLiteBehavior [ RunTime:0.000043s ]
INFO: [ app_init ] --END-- [ RunTime:0.000590s ]
ERR: 无法加载模块:Public

[ 2018-03-20T15:58:47+08:00 ] 127.0.0.1 /Public/uploading/images/Product/YZS20171218120205_5333.png
INFO: [ app_init ] --START--
INFO: Run Behavior\BuildLiteBehavior [ RunTime:0.000008s ]
INFO: [ app_init ] --END-- [ RunTime:0.000230s ]
ERR: 无法加载模块:Public

[ 2018-03-20T15:58:47+08:00 ] 127.0.0.1 /Public/uploading/images/Product/YZS20171218120353_2958.png
INFO: [ app_init ] --START--
INFO: Run Behavior\BuildLiteBehavior [ RunTime:0.000012s ]
INFO: [ app_init ] --END-- [ RunTime:0.000332s ]
ERR: 无法加载模块:Public

[ 2018-03-20T15:58:49+08:00 ] 127.0.0.1 /Public/uploading/images/Product/YZS20171218120119_7087.png
INFO: [ app_init ] --START--
INFO: Run Behavior\BuildLiteBehavior [ RunTime:0.000008s ]
INFO: [ app_init ] --END-- [ RunTime:0.000227s ]
ERR: 无法加载模块:Public

[ 2018-03-20T15:58:49+08:00 ] 127.0.0.1 /Public/uploading/images/Product/YZS20171218120142_9229.png
INFO: [ app_init ] --START--
INFO: Run Behavior\BuildLiteBehavior [ RunTime:0.000010s ]
INFO: [ app_init ] --END-- [ RunTime:0.000235s ]
ERR: 无法加载模块:Public

[ 2018-03-20T15:58:49+08:00 ] 127.0.0.1 /Public/uploading/images/Product/YZS20171218120312_9323.png
INFO: [ app_init ] --START--
INFO: Run Behavior\BuildLiteBehavior [ RunTime:0.000011s ]
INFO: [ app_init ] --END-- [ RunTime:0.000305s ]
ERR: 无法加载模块:Public

[ 2018-03-20T15:58:49+08:00 ] 127.0.0.1 /Public/uploading/images/Product/YZS20171127111320_1956.png
INFO: [ app_init ] --START--
INFO: Run Behavior\BuildLiteBehavior [ RunTime:0.000015s ]
INFO: [ app_init ] --END-- [ RunTime:0.000337s ]
ERR: 无法加载模块:Public

[ 2018-03-20T15:58:49+08:00 ] 127.0.0.1 /Public/uploading/images/Product/YZS20171218120205_5333.png
INFO: [ app_init ] --START--
INFO: Run Behavior\BuildLiteBehavior [ RunTime:0.000012s ]
INFO: [ app_init ] --END-- [ RunTime:0.000333s ]
ERR: 无法加载模块:Public

[ 2018-03-20T15:58:49+08:00 ] 127.0.0.1 /Public/uploading/images/Product/YZS20171218120353_2958.png
INFO: [ app_init ] --START--
INFO: Run Behavior\BuildLiteBehavior [ RunTime:0.000013s ]
INFO: [ app_init ] --END-- [ RunTime:0.000329s ]
ERR: 无法加载模块:Public

[ 2018-03-20T15:58:49+08:00 ] 127.0.0.1 /Public/uploading/images/Product/YZS20171222165731_4671.png
INFO: [ app_init ] --START--
INFO: Run Behavior\BuildLiteBehavior [ RunTime:0.000011s ]
INFO: [ app_init ] --END-- [ RunTime:0.000393s ]
ERR: 无法加载模块:Public

[ 2018-03-20T15:58:51+08:00 ] 127.0.0.1 /Public/uploading/images/Product/YZS20171218120205_5333.png
INFO: [ app_init ] --START--
INFO: Run Behavior\BuildLiteBehavior [ RunTime:0.000008s ]
INFO: [ app_init ] --END-- [ RunTime:0.000233s ]
ERR: 无法加载模块:Public

[ 2018-03-20T15:58:51+08:00 ] 127.0.0.1 /Public/uploading/images/Product/YZS20171218120312_9323.png
INFO: [ app_init ] --START--
INFO: Run Behavior\BuildLiteBehavior [ RunTime:0.000017s ]
INFO: [ app_init ] --END-- [ RunTime:0.000264s ]
ERR: 无法加载模块:Public

[ 2018-03-20T15:58:51+08:00 ] 127.0.0.1 /Public/uploading/images/Product/YZS20171222165731_4671.png
INFO: [ app_init ] --START--
INFO: Run Behavior\BuildLiteBehavior [ RunTime:0.000009s ]
INFO: [ app_init ] --END-- [ RunTime:0.000332s ]
ERR: 无法加载模块:Public

[ 2018-03-20T15:58:51+08:00 ] 127.0.0.1 /Public/uploading/images/Product/YZS20171218120353_2958.png
INFO: [ app_init ] --START--
INFO: Run Behavior\BuildLiteBehavior [ RunTime:0.000009s ]
INFO: [ app_init ] --END-- [ RunTime:0.000332s ]
ERR: 无法加载模块:Public

[ 2018-03-20T15:58:53+08:00 ] 127.0.0.1 /Public/uploading/images/Product/YZS20171218120119_7087.png
INFO: [ app_init ] --START--
INFO: Run Behavior\BuildLiteBehavior [ RunTime:0.000008s ]
INFO: [ app_init ] --END-- [ RunTime:0.000235s ]
ERR: 无法加载模块:Public

[ 2018-03-20T15:58:53+08:00 ] 127.0.0.1 /Public/uploading/images/Product/YZS20171218120312_9323.png
INFO: [ app_init ] --START--
INFO: Run Behavior\BuildLiteBehavior [ RunTime:0.000010s ]
INFO: [ app_init ] --END-- [ RunTime:0.000243s ]
ERR: 无法加载模块:Public

[ 2018-03-20T15:58:53+08:00 ] 127.0.0.1 /Public/uploading/images/Product/YZS20171127111320_1956.png
INFO: [ app_init ] --START--
INFO: Run Behavior\BuildLiteBehavior [ RunTime:0.000008s ]
INFO: [ app_init ] --END-- [ RunTime:0.000227s ]
ERR: 无法加载模块:Public

[ 2018-03-20T15:58:53+08:00 ] 127.0.0.1 /Public/uploading/images/Product/YZS20171218120142_9229.png
INFO: [ app_init ] --START--
INFO: Run Behavior\BuildLiteBehavior [ RunTime:0.000013s ]
INFO: [ app_init ] --END-- [ RunTime:0.000355s ]
ERR: 无法加载模块:Public

[ 2018-03-20T15:58:53+08:00 ] 127.0.0.1 /Public/uploading/images/Product/YZS20171218120205_5333.png
INFO: [ app_init ] --START--
INFO: Run Behavior\BuildLiteBehavior [ RunTime:0.000014s ]
INFO: [ app_init ] --END-- [ RunTime:0.000351s ]
ERR: 无法加载模块:Public

[ 2018-03-20T15:58:53+08:00 ] 127.0.0.1 /Public/uploading/images/Product/YZS20171218120353_2958.png
INFO: [ app_init ] --START--
INFO: Run Behavior\BuildLiteBehavior [ RunTime:0.000009s ]
INFO: [ app_init ] --END-- [ RunTime:0.000228s ]
ERR: 无法加载模块:Public

[ 2018-03-20T15:58:53+08:00 ] 127.0.0.1 /Public/uploading/images/Product/YZS20171222165731_4671.png
INFO: [ app_init ] --START--
INFO: Run Behavior\BuildLiteBehavior [ RunTime:0.000013s ]
INFO: [ app_init ] --END-- [ RunTime:0.000378s ]
ERR: 无法加载模块:Public

[ 2018-03-20T15:58:58+08:00 ] 127.0.0.1 /Public/uploading/images/Product/YZS20171218120119_7087.png
INFO: [ app_init ] --START--
INFO: Run Behavior\BuildLiteBehavior [ RunTime:0.000009s ]
INFO: [ app_init ] --END-- [ RunTime:0.000252s ]
ERR: 无法加载模块:Public

[ 2018-03-20T15:58:58+08:00 ] 127.0.0.1 /Public/uploading/images/Product/YZS20171218120205_5333.png
INFO: [ app_init ] --START--
INFO: Run Behavior\BuildLiteBehavior [ RunTime:0.000008s ]
INFO: [ app_init ] --END-- [ RunTime:0.000238s ]
ERR: 无法加载模块:Public

[ 2018-03-20T15:58:58+08:00 ] 127.0.0.1 /Public/uploading/images/Product/YZS20171127111320_1956.png
INFO: [ app_init ] --START--
INFO: Run Behavior\BuildLiteBehavior [ RunTime:0.000011s ]
INFO: [ app_init ] --END-- [ RunTime:0.000314s ]
ERR: 无法加载模块:Public

[ 2018-03-20T15:58:58+08:00 ] 127.0.0.1 /Public/uploading/images/Product/YZS20171218120142_9229.png
INFO: [ app_init ] --START--
INFO: Run Behavior\BuildLiteBehavior [ RunTime:0.000014s ]
INFO: [ app_init ] --END-- [ RunTime:0.000357s ]
ERR: 无法加载模块:Public

[ 2018-03-20T15:58:58+08:00 ] 127.0.0.1 /Public/uploading/images/Product/YZS20171218120312_9323.png
INFO: [ app_init ] --START--
INFO: Run Behavior\BuildLiteBehavior [ RunTime:0.000009s ]
INFO: [ app_init ] --END-- [ RunTime:0.000265s ]
ERR: 无法加载模块:Public

[ 2018-03-20T15:58:58+08:00 ] 127.0.0.1 /Public/uploading/images/Product/YZS20171218120353_2958.png
INFO: [ app_init ] --START--
INFO: Run Behavior\BuildLiteBehavior [ RunTime:0.000013s ]
INFO: [ app_init ] --END-- [ RunTime:0.000333s ]
ERR: 无法加载模块:Public

[ 2018-03-20T15:58:58+08:00 ] 127.0.0.1 /Public/uploading/images/Product/YZS20171222165731_4671.png
INFO: [ app_init ] --START--
INFO: Run Behavior\BuildLiteBehavior [ RunTime:0.000009s ]
INFO: [ app_init ] --END-- [ RunTime:0.000368s ]
ERR: 无法加载模块:Public

[ 2018-03-20T15:59:04+08:00 ] 127.0.0.1 /Public/uploading/images/Product/YZS20171218120119_7087.png
INFO: [ app_init ] --START--
INFO: Run Behavior\BuildLiteBehavior [ RunTime:0.000013s ]
INFO: [ app_init ] --END-- [ RunTime:0.000319s ]
ERR: 无法加载模块:Public

[ 2018-03-20T15:59:04+08:00 ] 127.0.0.1 /Public/uploading/images/Product/YZS20171127111320_1956.png
INFO: [ app_init ] --START--
INFO: Run Behavior\BuildLiteBehavior [ RunTime:0.000014s ]
INFO: [ app_init ] --END-- [ RunTime:0.000325s ]
ERR: 无法加载模块:Public

[ 2018-03-20T15:59:04+08:00 ] 127.0.0.1 /Public/uploading/images/Product/YZS20171218120142_9229.png
INFO: [ app_init ] --START--
INFO: Run Behavior\BuildLiteBehavior [ RunTime:0.000013s ]
INFO: [ app_init ] --END-- [ RunTime:0.000332s ]
ERR: 无法加载模块:Public

[ 2018-03-20T15:59:04+08:00 ] 127.0.0.1 /Public/uploading/images/Product/YZS20171218120312_9323.png
INFO: [ app_init ] --START--
INFO: Run Behavior\BuildLiteBehavior [ RunTime:0.000010s ]
INFO: [ app_init ] --END-- [ RunTime:0.000282s ]
ERR: 无法加载模块:Public

[ 2018-03-20T15:59:04+08:00 ] 127.0.0.1 /Public/uploading/images/Product/YZS20171218120205_5333.png
INFO: [ app_init ] --START--
INFO: Run Behavior\BuildLiteBehavior [ RunTime:0.000013s ]
INFO: [ app_init ] --END-- [ RunTime:0.000350s ]
ERR: 无法加载模块:Public

[ 2018-03-20T15:59:04+08:00 ] 127.0.0.1 /Public/uploading/images/Product/YZS20171222165731_4671.png
INFO: [ app_init ] --START--
INFO: Run Behavior\BuildLiteBehavior [ RunTime:0.000022s ]
INFO: [ app_init ] --END-- [ RunTime:0.000344s ]
ERR: 无法加载模块:Public

[ 2018-03-20T15:59:04+08:00 ] 127.0.0.1 /Public/uploading/images/Product/YZS20171218120353_2958.png
INFO: [ app_init ] --START--
INFO: Run Behavior\BuildLiteBehavior [ RunTime:0.000011s ]
INFO: [ app_init ] --END-- [ RunTime:0.000302s ]
ERR: 无法加载模块:Public

[ 2018-03-20T15:59:06+08:00 ] 127.0.0.1 /Public/uploading/images/Product/YZS20171218120205_5333.png
INFO: [ app_init ] --START--
INFO: Run Behavior\BuildLiteBehavior [ RunTime:0.000011s ]
INFO: [ app_init ] --END-- [ RunTime:0.000236s ]
ERR: 无法加载模块:Public

[ 2018-03-20T15:59:06+08:00 ] 127.0.0.1 /Public/uploading/images/Product/YZS20171222165731_4671.png
INFO: [ app_init ] --START--
INFO: Run Behavior\BuildLiteBehavior [ RunTime:0.000012s ]
INFO: [ app_init ] --END-- [ RunTime:0.000331s ]
ERR: 无法加载模块:Public

[ 2018-03-20T15:59:06+08:00 ] 127.0.0.1 /Public/uploading/images/Product/YZS20171218120312_9323.png
INFO: [ app_init ] --START--
INFO: Run Behavior\BuildLiteBehavior [ RunTime:0.000013s ]
INFO: [ app_init ] --END-- [ RunTime:0.000309s ]
ERR: 无法加载模块:Public

[ 2018-03-20T15:59:06+08:00 ] 127.0.0.1 /Public/uploading/images/Product/YZS20171218120353_2958.png
INFO: [ app_init ] --START--
INFO: Run Behavior\BuildLiteBehavior [ RunTime:0.000025s ]
INFO: [ app_init ] --END-- [ RunTime:0.000455s ]
ERR: 无法加载模块:Public

[ 2018-03-20T15:59:07+08:00 ] 127.0.0.1 /Public/uploading/images/Product/YZS20171218120119_7087.png
INFO: [ app_init ] --START--
INFO: Run Behavior\BuildLiteBehavior [ RunTime:0.000008s ]
INFO: [ app_init ] --END-- [ RunTime:0.000250s ]
ERR: 无法加载模块:Public

[ 2018-03-20T15:59:07+08:00 ] 127.0.0.1 /Public/uploading/images/Product/YZS20171218120142_9229.png
INFO: [ app_init ] --START--
INFO: Run Behavior\BuildLiteBehavior [ RunTime:0.000008s ]
INFO: [ app_init ] --END-- [ RunTime:0.000226s ]
ERR: 无法加载模块:Public

[ 2018-03-20T15:59:07+08:00 ] 127.0.0.1 /Public/uploading/images/Product/YZS20171127111320_1956.png
INFO: [ app_init ] --START--
INFO: Run Behavior\BuildLiteBehavior [ RunTime:0.000040s ]
INFO: [ app_init ] --END-- [ RunTime:0.000858s ]
ERR: 无法加载模块:Public

[ 2018-03-20T15:59:07+08:00 ] 127.0.0.1 /Public/uploading/images/Product/YZS20171218120205_5333.png
INFO: [ app_init ] --START--
INFO: Run Behavior\BuildLiteBehavior [ RunTime:0.000010s ]
INFO: [ app_init ] --END-- [ RunTime:0.000687s ]
ERR: 无法加载模块:Public

[ 2018-03-20T15:59:07+08:00 ] 127.0.0.1 /Public/uploading/images/Product/YZS20171218120312_9323.png
INFO: [ app_init ] --START--
INFO: Run Behavior\BuildLiteBehavior [ RunTime:0.000012s ]
INFO: [ app_init ] --END-- [ RunTime:0.000705s ]
ERR: 无法加载模块:Public

[ 2018-03-20T15:59:07+08:00 ] 127.0.0.1 /Public/uploading/images/Product/YZS20171218120353_2958.png
INFO: [ app_init ] --START--
INFO: Run Behavior\BuildLiteBehavior [ RunTime:0.000009s ]
INFO: [ app_init ] --END-- [ RunTime:0.000231s ]
ERR: 无法加载模块:Public

[ 2018-03-20T15:59:07+08:00 ] 127.0.0.1 /Public/uploading/images/Product/YZS20171222165731_4671.png
INFO: [ app_init ] --START--
INFO: Run Behavior\BuildLiteBehavior [ RunTime:0.000016s ]
INFO: [ app_init ] --END-- [ RunTime:0.000241s ]
ERR: 无法加载模块:Public

[ 2018-03-20T16:36:13+08:00 ] 127.0.0.1 /Public/uploading/images/roasting/YZS20171219032939_3389.jpg
INFO: [ app_init ] --START--
INFO: Run Behavior\BuildLiteBehavior [ RunTime:0.000009s ]
INFO: [ app_init ] --END-- [ RunTime:0.000241s ]
ERR: 无法加载模块:Public

[ 2018-03-20T16:36:13+08:00 ] 127.0.0.1 /Public/uploading/images/roasting/YZS20171219033009_1361.jpg
INFO: [ app_init ] --START--
INFO: Run Behavior\BuildLiteBehavior [ RunTime:0.000008s ]
INFO: [ app_init ] --END-- [ RunTime:0.000254s ]
ERR: 无法加载模块:Public

[ 2018-03-20T16:36:17+08:00 ] 127.0.0.1 /Public/uploading/images/Product/YZS20171222165731_4671.png
INFO: [ app_init ] --START--
INFO: Run Behavior\BuildLiteBehavior [ RunTime:0.000036s ]
INFO: [ app_init ] --END-- [ RunTime:0.000378s ]
ERR: 无法加载模块:Public

[ 2018-03-20T16:36:17+08:00 ] 127.0.0.1 /Public/uploading/images/Product/YZS20171218120312_9323.png
INFO: [ app_init ] --START--
INFO: Run Behavior\BuildLiteBehavior [ RunTime:0.000013s ]
INFO: [ app_init ] --END-- [ RunTime:0.000249s ]
ERR: 无法加载模块:Public

[ 2018-03-20T16:36:17+08:00 ] 127.0.0.1 /Public/uploading/images/Product/YZS20171218120205_5333.png
INFO: [ app_init ] --START--
INFO: Run Behavior\BuildLiteBehavior [ RunTime:0.000012s ]
INFO: [ app_init ] --END-- [ RunTime:0.000347s ]
ERR: 无法加载模块:Public

[ 2018-03-20T16:36:17+08:00 ] 127.0.0.1 /Public/uploading/images/Product/YZS20171218120353_2958.png
INFO: [ app_init ] --START--
INFO: Run Behavior\BuildLiteBehavior [ RunTime:0.000013s ]
INFO: [ app_init ] --END-- [ RunTime:0.000318s ]
ERR: 无法加载模块:Public

[ 2018-03-20T16:36:17+08:00 ] 127.0.0.1 /Public/uploading/images/Product/YZS20171218120142_9229.png
INFO: [ app_init ] --START--
INFO: Run Behavior\BuildLiteBehavior [ RunTime:0.000013s ]
INFO: [ app_init ] --END-- [ RunTime:0.000393s ]
ERR: 无法加载模块:Public

[ 2018-03-20T16:36:17+08:00 ] 127.0.0.1 /Public/uploading/images/Product/YZS20171218120119_7087.png
INFO: [ app_init ] --START--
INFO: Run Behavior\BuildLiteBehavior [ RunTime:0.000008s ]
INFO: [ app_init ] --END-- [ RunTime:0.000229s ]
ERR: 无法加载模块:Public

[ 2018-03-20T16:42:59+08:00 ] 127.0.0.1 /Public/uploading/images/roasting/YZS20171219032939_3389.jpg
INFO: [ app_init ] --START--
INFO: Run Behavior\BuildLiteBehavior [ RunTime:0.000009s ]
INFO: [ app_init ] --END-- [ RunTime:0.000260s ]
ERR: 无法加载模块:Public

[ 2018-03-20T16:42:59+08:00 ] 127.0.0.1 /Public/uploading/images/roasting/YZS20171219033009_1361.jpg
INFO: [ app_init ] --START--
INFO: Run Behavior\BuildLiteBehavior [ RunTime:0.000011s ]
INFO: [ app_init ] --END-- [ RunTime:0.000324s ]
ERR: 无法加载模块:Public

