[ 2018-03-21T09:46:01+08:00 ] 127.0.0.1 /favicon.ico
INFO: [ app_init ] --START--
INFO: Run Behavior\BuildLiteBehavior [ RunTime:0.000009s ]
INFO: [ app_init ] --END-- [ RunTime:0.000237s ]
ERR: 无法加载模块:Favicon

[ 2018-03-21T11:05:25+08:00 ] 127.0.0.1 /Public/uploading/wechat/images/weixin/YZS20180305145512_4709.jpg
INFO: [ app_init ] --START--
INFO: Run Behavior\BuildLiteBehavior [ RunTime:0.000012s ]
INFO: [ app_init ] --END-- [ RunTime:0.000356s ]
ERR: 无法加载模块:Public

[ 2018-03-21T11:05:25+08:00 ] 127.0.0.1 /Public/uploading/wechat/images/weixin/YZS20180305145513_1515.jpg
INFO: [ app_init ] --START--
INFO: Run Behavior\BuildLiteBehavior [ RunTime:0.000048s ]
INFO: [ app_init ] --END-- [ RunTime:0.000909s ]
ERR: 无法加载模块:Public

[ 2018-03-21T11:05:25+08:00 ] 127.0.0.1 /Public/uploading/wechat/images/weixin/YZS20180305145512_3699.jpg
INFO: [ app_init ] --START--
INFO: Run Behavior\BuildLiteBehavior [ RunTime:0.000037s ]
INFO: [ app_init ] --END-- [ RunTime:0.000919s ]
ERR: 无法加载模块:Public

[ 2018-03-21T11:05:25+08:00 ] 127.0.0.1 /Public/uploading/wechat/images/weixin/YZS20180305145513_9542.jpg
INFO: [ app_init ] --START--
INFO: Run Behavior\BuildLiteBehavior [ RunTime:0.000027s ]
INFO: [ app_init ] --END-- [ RunTime:0.000757s ]
ERR: 无法加载模块:Public

[ 2018-03-21T11:05:25+08:00 ] 127.0.0.1 /Public/uploading/wechat/images/weixin/YZS20180305145545_9650.jpg
INFO: [ app_init ] --START--
INFO: Run Behavior\BuildLiteBehavior [ RunTime:0.000010s ]
INFO: [ app_init ] --END-- [ RunTime:0.000239s ]
ERR: 无法加载模块:Public

[ 2018-03-21T11:05:25+08:00 ] 127.0.0.1 /Public/uploading/wechat/images/weixin/YZS20180305145628_2343.jpg
INFO: [ app_init ] --START--
INFO: Run Behavior\BuildLiteBehavior [ RunTime:0.000010s ]
INFO: [ app_init ] --END-- [ RunTime:0.000266s ]
ERR: 无法加载模块:Public

[ 2018-03-21T11:05:25+08:00 ] 127.0.0.1 /Public/uploading/wechat/images/weixin/YZS20180305145641_8630.jpg
INFO: [ app_init ] --START--
INFO: Run Behavior\BuildLiteBehavior [ RunTime:0.000009s ]
INFO: [ app_init ] --END-- [ RunTime:0.000237s ]
ERR: 无法加载模块:Public

[ 2018-03-21T11:05:25+08:00 ] 127.0.0.1 /Public/uploading/wechat/images/weixin/YZS20180305145634_3881.jpg
INFO: [ app_init ] --START--
INFO: Run Behavior\BuildLiteBehavior [ RunTime:0.000008s ]
INFO: [ app_init ] --END-- [ RunTime:0.000225s ]
ERR: 无法加载模块:Public

[ 2018-03-21T11:05:57+08:00 ] 127.0.0.1 /Public/uploading/wechat/images/weixin/YZS20180305145512_3699.jpg
INFO: [ app_init ] --START--
INFO: Run Behavior\BuildLiteBehavior [ RunTime:0.000013s ]
INFO: [ app_init ] --END-- [ RunTime:0.000323s ]
ERR: 无法加载模块:Public

[ 2018-03-21T11:05:57+08:00 ] 127.0.0.1 /Public/uploading/wechat/images/weixin/YZS20180305145512_4709.jpg
INFO: [ app_init ] --START--
INFO: Run Behavior\BuildLiteBehavior [ RunTime:0.000011s ]
INFO: [ app_init ] --END-- [ RunTime:0.000271s ]
ERR: 无法加载模块:Public

[ 2018-03-21T11:05:57+08:00 ] 127.0.0.1 /Public/uploading/wechat/images/weixin/YZS20180305145513_1515.jpg
INFO: [ app_init ] --START--
INFO: Run Behavior\BuildLiteBehavior [ RunTime:0.000009s ]
INFO: [ app_init ] --END-- [ RunTime:0.000233s ]
ERR: 无法加载模块:Public

[ 2018-03-21T11:05:57+08:00 ] 127.0.0.1 /Public/uploading/wechat/images/weixin/YZS20180305145513_9542.jpg
INFO: [ app_init ] --START--
INFO: Run Behavior\BuildLiteBehavior [ RunTime:0.000011s ]
INFO: [ app_init ] --END-- [ RunTime:0.000341s ]
ERR: 无法加载模块:Public

[ 2018-03-21T11:05:57+08:00 ] 127.0.0.1 /Public/uploading/wechat/images/weixin/YZS20180305145545_9650.jpg
INFO: [ app_init ] --START--
INFO: Run Behavior\BuildLiteBehavior [ RunTime:0.000012s ]
INFO: [ app_init ] --END-- [ RunTime:0.000306s ]
ERR: 无法加载模块:Public

[ 2018-03-21T11:05:57+08:00 ] 127.0.0.1 /Public/uploading/wechat/images/weixin/YZS20180305145628_2343.jpg
INFO: [ app_init ] --START--
INFO: Run Behavior\BuildLiteBehavior [ RunTime:0.000013s ]
INFO: [ app_init ] --END-- [ RunTime:0.000323s ]
ERR: 无法加载模块:Public

[ 2018-03-21T11:05:57+08:00 ] 127.0.0.1 /Public/uploading/wechat/images/weixin/YZS20180305145634_3881.jpg
INFO: [ app_init ] --START--
INFO: Run Behavior\BuildLiteBehavior [ RunTime:0.000009s ]
INFO: [ app_init ] --END-- [ RunTime:0.000229s ]
ERR: 无法加载模块:Public

[ 2018-03-21T11:05:57+08:00 ] 127.0.0.1 /Public/uploading/wechat/images/weixin/YZS20180305145641_8630.jpg
INFO: [ app_init ] --START--
INFO: Run Behavior\BuildLiteBehavior [ RunTime:0.000008s ]
INFO: [ app_init ] --END-- [ RunTime:0.000221s ]
ERR: 无法加载模块:Public

[ 2018-03-21T11:06:56+08:00 ] 127.0.0.1 /Public/uploading/wechat/images/weixin/YZS20180305145513_1515.jpg
INFO: [ app_init ] --START--
INFO: Run Behavior\BuildLiteBehavior [ RunTime:0.000011s ]
INFO: [ app_init ] --END-- [ RunTime:0.000236s ]
ERR: 无法加载模块:Public

[ 2018-03-21T11:06:56+08:00 ] 127.0.0.1 /Public/uploading/wechat/images/weixin/YZS20180305145512_4709.jpg
INFO: [ app_init ] --START--
INFO: Run Behavior\BuildLiteBehavior [ RunTime:0.000013s ]
INFO: [ app_init ] --END-- [ RunTime:0.000343s ]
ERR: 无法加载模块:Public

[ 2018-03-21T11:06:56+08:00 ] 127.0.0.1 /Public/uploading/wechat/images/weixin/YZS20180305145513_9542.jpg
INFO: [ app_init ] --START--
INFO: Run Behavior\BuildLiteBehavior [ RunTime:0.000021s ]
INFO: [ app_init ] --END-- [ RunTime:0.000384s ]
ERR: 无法加载模块:Public

[ 2018-03-21T11:06:56+08:00 ] 127.0.0.1 /Public/uploading/wechat/images/weixin/YZS20180305145545_9650.jpg
INFO: [ app_init ] --START--
INFO: Run Behavior\BuildLiteBehavior [ RunTime:0.000022s ]
INFO: [ app_init ] --END-- [ RunTime:0.000475s ]
ERR: 无法加载模块:Public

[ 2018-03-21T11:06:56+08:00 ] 127.0.0.1 /Public/uploading/wechat/images/weixin/YZS20180305145628_2343.jpg
INFO: [ app_init ] --START--
INFO: Run Behavior\BuildLiteBehavior [ RunTime:0.000010s ]
INFO: [ app_init ] --END-- [ RunTime:0.000303s ]
ERR: 无法加载模块:Public

[ 2018-03-21T11:06:56+08:00 ] 127.0.0.1 /Public/uploading/wechat/images/weixin/YZS20180305145512_3699.jpg
INFO: [ app_init ] --START--
INFO: Run Behavior\BuildLiteBehavior [ RunTime:0.000014s ]
INFO: [ app_init ] --END-- [ RunTime:0.000452s ]
ERR: 无法加载模块:Public

[ 2018-03-21T11:06:56+08:00 ] 127.0.0.1 /Public/uploading/wechat/images/weixin/YZS20180305145634_3881.jpg
INFO: [ app_init ] --START--
INFO: Run Behavior\BuildLiteBehavior [ RunTime:0.000009s ]
INFO: [ app_init ] --END-- [ RunTime:0.000230s ]
ERR: 无法加载模块:Public

[ 2018-03-21T11:06:56+08:00 ] 127.0.0.1 /Public/uploading/wechat/images/weixin/YZS20180305145641_8630.jpg
INFO: [ app_init ] --START--
INFO: Run Behavior\BuildLiteBehavior [ RunTime:0.000008s ]
INFO: [ app_init ] --END-- [ RunTime:0.000219s ]
ERR: 无法加载模块:Public

[ 2018-03-21T16:27:17+08:00 ] 127.0.0.1 /Public/uploading/images/roasting/YZS20171219032939_3389.jpg
INFO: [ app_init ] --START--
INFO: Run Behavior\BuildLiteBehavior [ RunTime:0.000031s ]
INFO: [ app_init ] --END-- [ RunTime:0.000565s ]
ERR: 无法加载模块:Public

[ 2018-03-21T16:27:17+08:00 ] 127.0.0.1 /Public/uploading/images/roasting/YZS20171219033009_1361.jpg
INFO: [ app_init ] --START--
INFO: Run Behavior\BuildLiteBehavior [ RunTime:0.000011s ]
INFO: [ app_init ] --END-- [ RunTime:0.000301s ]
ERR: 无法加载模块:Public

[ 2018-03-21T16:27:19+08:00 ] 127.0.0.1 /Public/uploading/images/roasting/YZS20171218110008_2464.png
INFO: [ app_init ] --START--
INFO: Run Behavior\BuildLiteBehavior [ RunTime:0.000009s ]
INFO: [ app_init ] --END-- [ RunTime:0.000250s ]
ERR: 无法加载模块:Public

[ 2018-03-21T16:27:19+08:00 ] 127.0.0.1 /Public/uploading/images/Product/YZS20171218120119_7087.png
INFO: [ app_init ] --START--
INFO: Run Behavior\BuildLiteBehavior [ RunTime:0.000015s ]
INFO: [ app_init ] --END-- [ RunTime:0.000389s ]
ERR: 无法加载模块:Public

[ 2018-03-21T16:27:19+08:00 ] 127.0.0.1 /Public/uploading/images/Product/YZS20171127111320_1956.png
INFO: [ app_init ] --START--
INFO: Run Behavior\BuildLiteBehavior [ RunTime:0.000014s ]
INFO: [ app_init ] --END-- [ RunTime:0.000407s ]
ERR: 无法加载模块:Public

[ 2018-03-21T16:27:19+08:00 ] 127.0.0.1 /Public/uploading/images/Product/YZS20171218120353_2958.png
INFO: [ app_init ] --START--
INFO: Run Behavior\BuildLiteBehavior [ RunTime:0.000013s ]
INFO: [ app_init ] --END-- [ RunTime:0.000385s ]
ERR: 无法加载模块:Public

[ 2018-03-21T16:27:19+08:00 ] 127.0.0.1 /Public/uploading/images/Product/YZS20171218120142_9229.png
INFO: [ app_init ] --START--
INFO: Run Behavior\BuildLiteBehavior [ RunTime:0.000013s ]
INFO: [ app_init ] --END-- [ RunTime:0.000382s ]
ERR: 无法加载模块:Public

[ 2018-03-21T16:27:19+08:00 ] 127.0.0.1 /Publicnull
INFO: [ app_init ] --START--
INFO: Run Behavior\BuildLiteBehavior [ RunTime:0.000013s ]
INFO: [ app_init ] --END-- [ RunTime:0.000361s ]
ERR: 无法加载模块:Publicnull

[ 2018-03-21T16:27:19+08:00 ] 127.0.0.1 /Public/uploading/images/roasting/YZS20171219032939_3389.jpg
INFO: [ app_init ] --START--
INFO: Run Behavior\BuildLiteBehavior [ RunTime:0.000016s ]
INFO: [ app_init ] --END-- [ RunTime:0.000369s ]
ERR: 无法加载模块:Public

[ 2018-03-21T16:27:19+08:00 ] 127.0.0.1 /Public/uploading/images/roasting/YZS20171219033009_1361.jpg
INFO: [ app_init ] --START--
INFO: Run Behavior\BuildLiteBehavior [ RunTime:0.000012s ]
INFO: [ app_init ] --END-- [ RunTime:0.000331s ]
ERR: 无法加载模块:Public

[ 2018-03-21T16:27:19+08:00 ] 127.0.0.1 /Public/uploading/images/Product/YZS20171218120312_9323.png
INFO: [ app_init ] --START--
INFO: Run Behavior\BuildLiteBehavior [ RunTime:0.000016s ]
INFO: [ app_init ] --END-- [ RunTime:0.000379s ]
ERR: 无法加载模块:Public

[ 2018-03-21T16:27:19+08:00 ] 127.0.0.1 /Public/uploading/images/Product/YZS20171222165731_4671.png
INFO: [ app_init ] --START--
INFO: Run Behavior\BuildLiteBehavior [ RunTime:0.000016s ]
INFO: [ app_init ] --END-- [ RunTime:0.000533s ]
ERR: 无法加载模块:Public

[ 2018-03-21T16:27:20+08:00 ] 127.0.0.1 /Public/uploading/images/Product/YZS20171218120205_5333.png
INFO: [ app_init ] --START--
INFO: Run Behavior\BuildLiteBehavior [ RunTime:0.000013s ]
INFO: [ app_init ] --END-- [ RunTime:0.000331s ]
ERR: 无法加载模块:Public

[ 2018-03-21T16:27:23+08:00 ] 127.0.0.1 /Public/uploading/images/roasting/YZS20171219033009_1361.jpg
INFO: [ app_init ] --START--
INFO: Run Behavior\BuildLiteBehavior [ RunTime:0.000008s ]
INFO: [ app_init ] --END-- [ RunTime:0.000244s ]
ERR: 无法加载模块:Public

[ 2018-03-21T16:27:23+08:00 ] 127.0.0.1 /Public/uploading/images/roasting/YZS20171219032939_3389.jpg
INFO: [ app_init ] --START--
INFO: Run Behavior\BuildLiteBehavior [ RunTime:0.000009s ]
INFO: [ app_init ] --END-- [ RunTime:0.000227s ]
ERR: 无法加载模块:Public

[ 2018-03-21T16:27:25+08:00 ] 127.0.0.1 /Public/uploading/images/roasting/YZS20171219032939_3389.jpg
INFO: [ app_init ] --START--
INFO: Run Behavior\BuildLiteBehavior [ RunTime:0.000008s ]
INFO: [ app_init ] --END-- [ RunTime:0.000225s ]
ERR: 无法加载模块:Public

[ 2018-03-21T16:27:27+08:00 ] 127.0.0.1 /Public/uploading/images/roasting/YZS20171219032939_3389.jpg
INFO: [ app_init ] --START--
INFO: Run Behavior\BuildLiteBehavior [ RunTime:0.000009s ]
INFO: [ app_init ] --END-- [ RunTime:0.000349s ]
ERR: 无法加载模块:Public

[ 2018-03-21T16:27:27+08:00 ] 127.0.0.1 /Public/uploading/images/roasting/YZS20171219033009_1361.jpg
INFO: [ app_init ] --START--
INFO: Run Behavior\BuildLiteBehavior [ RunTime:0.000009s ]
INFO: [ app_init ] --END-- [ RunTime:0.000307s ]
ERR: 无法加载模块:Public

[ 2018-03-21T16:27:27+08:00 ] 127.0.0.1 /Public/uploading/images/roasting/YZS20171219032939_3389.jpg
INFO: [ app_init ] --START--
INFO: Run Behavior\BuildLiteBehavior [ RunTime:0.000013s ]
INFO: [ app_init ] --END-- [ RunTime:0.000351s ]
ERR: 无法加载模块:Public

[ 2018-03-21T16:27:27+08:00 ] 127.0.0.1 /Public/uploading/images/Product/YZS20171218120119_7087.png
INFO: [ app_init ] --START--
INFO: Run Behavior\BuildLiteBehavior [ RunTime:0.000012s ]
INFO: [ app_init ] --END-- [ RunTime:0.000342s ]
ERR: 无法加载模块:Public

[ 2018-03-21T16:27:27+08:00 ] 127.0.0.1 /Public/uploading/images/Product/YZS20171218120205_5333.png
INFO: [ app_init ] --START--
INFO: Run Behavior\BuildLiteBehavior [ RunTime:0.000017s ]
INFO: [ app_init ] --END-- [ RunTime:0.000338s ]
ERR: 无法加载模块:Public

[ 2018-03-21T16:27:27+08:00 ] 127.0.0.1 /Public/uploading/images/roasting/YZS20171218110008_2464.png
INFO: [ app_init ] --START--
INFO: Run Behavior\BuildLiteBehavior [ RunTime:0.000013s ]
INFO: [ app_init ] --END-- [ RunTime:0.000351s ]
ERR: 无法加载模块:Public

[ 2018-03-21T16:27:27+08:00 ] 127.0.0.1 /Public/uploading/images/Product/YZS20171218120312_9323.png
INFO: [ app_init ] --START--
INFO: Run Behavior\BuildLiteBehavior [ RunTime:0.000009s ]
INFO: [ app_init ] --END-- [ RunTime:0.000341s ]
ERR: 无法加载模块:Public

[ 2018-03-21T16:27:27+08:00 ] 127.0.0.1 /Public/uploading/images/roasting/YZS20171219033009_1361.jpg
INFO: [ app_init ] --START--
INFO: Run Behavior\BuildLiteBehavior [ RunTime:0.000013s ]
INFO: [ app_init ] --END-- [ RunTime:0.000598s ]
ERR: 无法加载模块:Public

[ 2018-03-21T16:27:29+08:00 ] 127.0.0.1 /Public/uploading/images/roasting/YZS20171219032939_3389.jpg
INFO: [ app_init ] --START--
INFO: Run Behavior\BuildLiteBehavior [ RunTime:0.000012s ]
INFO: [ app_init ] --END-- [ RunTime:0.000248s ]
ERR: 无法加载模块:Public

[ 2018-03-21T16:27:29+08:00 ] 127.0.0.1 /Public/uploading/images/roasting/YZS20171219033009_1361.jpg
INFO: [ app_init ] --START--
INFO: Run Behavior\BuildLiteBehavior [ RunTime:0.000007s ]
INFO: [ app_init ] --END-- [ RunTime:0.000228s ]
ERR: 无法加载模块:Public

[ 2018-03-21T16:27:38+08:00 ] 127.0.0.1 /Public/uploading/images/roasting/YZS20171219032939_3389.jpg
INFO: [ app_init ] --START--
INFO: Run Behavior\BuildLiteBehavior [ RunTime:0.000008s ]
INFO: [ app_init ] --END-- [ RunTime:0.000244s ]
ERR: 无法加载模块:Public

[ 2018-03-21T16:27:38+08:00 ] 127.0.0.1 /Public/uploading/images/roasting/YZS20171219033009_1361.jpg
INFO: [ app_init ] --START--
INFO: Run Behavior\BuildLiteBehavior [ RunTime:0.000012s ]
INFO: [ app_init ] --END-- [ RunTime:0.000311s ]
ERR: 无法加载模块:Public

[ 2018-03-21T16:28:13+08:00 ] 127.0.0.1 /Public/uploading/images/roasting/YZS20171218110008_2464.png
INFO: [ app_init ] --START--
INFO: Run Behavior\BuildLiteBehavior [ RunTime:0.000009s ]
INFO: [ app_init ] --END-- [ RunTime:0.000234s ]
ERR: 无法加载模块:Public

[ 2018-03-21T16:28:13+08:00 ] 127.0.0.1 /Public/uploading/images/Product/YZS20171218120119_7087.png
INFO: [ app_init ] --START--
INFO: Run Behavior\BuildLiteBehavior [ RunTime:0.000013s ]
INFO: [ app_init ] --END-- [ RunTime:0.000332s ]
ERR: 无法加载模块:Public

[ 2018-03-21T16:28:13+08:00 ] 127.0.0.1 /Public/uploading/images/Product/YZS20171127111320_1956.png
INFO: [ app_init ] --START--
INFO: Run Behavior\BuildLiteBehavior [ RunTime:0.000013s ]
INFO: [ app_init ] --END-- [ RunTime:0.000310s ]
ERR: 无法加载模块:Public

[ 2018-03-21T16:28:13+08:00 ] 127.0.0.1 /Public/uploading/images/Product/YZS20171218120353_2958.png
INFO: [ app_init ] --START--
INFO: Run Behavior\BuildLiteBehavior [ RunTime:0.000012s ]
INFO: [ app_init ] --END-- [ RunTime:0.000325s ]
ERR: 无法加载模块:Public

[ 2018-03-21T16:28:13+08:00 ] 127.0.0.1 /Public/uploading/images/Product/YZS20171218120142_9229.png
INFO: [ app_init ] --START--
INFO: Run Behavior\BuildLiteBehavior [ RunTime:0.000014s ]
INFO: [ app_init ] --END-- [ RunTime:0.000397s ]
ERR: 无法加载模块:Public

[ 2018-03-21T16:28:13+08:00 ] 127.0.0.1 /Publicnull
INFO: [ app_init ] --START--
INFO: Run Behavior\BuildLiteBehavior [ RunTime:0.000013s ]
INFO: [ app_init ] --END-- [ RunTime:0.000333s ]
ERR: 无法加载模块:Publicnull

[ 2018-03-21T16:28:13+08:00 ] 127.0.0.1 /Public/uploading/images/roasting/YZS20171219032939_3389.jpg
INFO: [ app_init ] --START--
INFO: Run Behavior\BuildLiteBehavior [ RunTime:0.000014s ]
INFO: [ app_init ] --END-- [ RunTime:0.000368s ]
ERR: 无法加载模块:Public

[ 2018-03-21T16:28:13+08:00 ] 127.0.0.1 /Public/uploading/images/roasting/YZS20171219033009_1361.jpg
INFO: [ app_init ] --START--
INFO: Run Behavior\BuildLiteBehavior [ RunTime:0.000013s ]
INFO: [ app_init ] --END-- [ RunTime:0.000327s ]
ERR: 无法加载模块:Public

[ 2018-03-21T16:28:13+08:00 ] 127.0.0.1 /Public/uploading/images/Product/YZS20171222165731_4671.png
INFO: [ app_init ] --START--
INFO: Run Behavior\BuildLiteBehavior [ RunTime:0.000012s ]
INFO: [ app_init ] --END-- [ RunTime:0.000321s ]
ERR: 无法加载模块:Public

[ 2018-03-21T16:28:13+08:00 ] 127.0.0.1 /Public/uploading/images/Product/YZS20171218120312_9323.png
INFO: [ app_init ] --START--
INFO: Run Behavior\BuildLiteBehavior [ RunTime:0.000009s ]
INFO: [ app_init ] --END-- [ RunTime:0.000360s ]
ERR: 无法加载模块:Public

[ 2018-03-21T16:28:13+08:00 ] 127.0.0.1 /Public/uploading/images/Product/YZS20171218120205_5333.png
INFO: [ app_init ] --START--
INFO: Run Behavior\BuildLiteBehavior [ RunTime:0.000014s ]
INFO: [ app_init ] --END-- [ RunTime:0.000376s ]
ERR: 无法加载模块:Public

[ 2018-03-21T16:28:16+08:00 ] 127.0.0.1 /Public/uploading/images/roasting/YZS20171219032939_3389.jpg
INFO: [ app_init ] --START--
INFO: Run Behavior\BuildLiteBehavior [ RunTime:0.000009s ]
INFO: [ app_init ] --END-- [ RunTime:0.000233s ]
ERR: 无法加载模块:Public

[ 2018-03-21T16:28:16+08:00 ] 127.0.0.1 /Public/uploading/images/roasting/YZS20171219033009_1361.jpg
INFO: [ app_init ] --START--
INFO: Run Behavior\BuildLiteBehavior [ RunTime:0.000011s ]
INFO: [ app_init ] --END-- [ RunTime:0.000291s ]
ERR: 无法加载模块:Public

[ 2018-03-21T16:29:10+08:00 ] 127.0.0.1 /Public/uploading/images/roasting/YZS20171219032939_3389.jpg
INFO: [ app_init ] --START--
INFO: Run Behavior\BuildLiteBehavior [ RunTime:0.000009s ]
INFO: [ app_init ] --END-- [ RunTime:0.000238s ]
ERR: 无法加载模块:Public

[ 2018-03-21T16:29:10+08:00 ] 127.0.0.1 /Public/uploading/images/roasting/YZS20171219033009_1361.jpg
INFO: [ app_init ] --START--
INFO: Run Behavior\BuildLiteBehavior [ RunTime:0.000012s ]
INFO: [ app_init ] --END-- [ RunTime:0.000328s ]
ERR: 无法加载模块:Public

[ 2018-03-21T16:29:16+08:00 ] 127.0.0.1 /Public/uploading/images/roasting/YZS20171218110008_2464.png
INFO: [ app_init ] --START--
INFO: Run Behavior\BuildLiteBehavior [ RunTime:0.000013s ]
INFO: [ app_init ] --END-- [ RunTime:0.000327s ]
ERR: 无法加载模块:Public

[ 2018-03-21T16:29:16+08:00 ] 127.0.0.1 /Public/uploading/images/roasting/YZS20171219032939_3389.jpg
INFO: [ app_init ] --START--
INFO: Run Behavior\BuildLiteBehavior [ RunTime:0.000010s ]
INFO: [ app_init ] --END-- [ RunTime:0.000250s ]
ERR: 无法加载模块:Public

[ 2018-03-21T16:29:16+08:00 ] 127.0.0.1 /Public/uploading/images/Product/YZS20171218120119_7087.png
INFO: [ app_init ] --START--
INFO: Run Behavior\BuildLiteBehavior [ RunTime:0.000011s ]
INFO: [ app_init ] --END-- [ RunTime:0.000281s ]
ERR: 无法加载模块:Public

[ 2018-03-21T16:29:16+08:00 ] 127.0.0.1 /Public/uploading/images/Product/YZS20171218120312_9323.png
INFO: [ app_init ] --START--
INFO: Run Behavior\BuildLiteBehavior [ RunTime:0.000012s ]
INFO: [ app_init ] --END-- [ RunTime:0.000315s ]
ERR: 无法加载模块:Public

[ 2018-03-21T16:29:16+08:00 ] 127.0.0.1 /Public/uploading/images/Product/YZS20171218120205_5333.png
INFO: [ app_init ] --START--
INFO: Run Behavior\BuildLiteBehavior [ RunTime:0.000010s ]
INFO: [ app_init ] --END-- [ RunTime:0.000282s ]
ERR: 无法加载模块:Public

[ 2018-03-21T16:29:16+08:00 ] 127.0.0.1 /Public/uploading/images/roasting/YZS20171219033009_1361.jpg
INFO: [ app_init ] --START--
INFO: Run Behavior\BuildLiteBehavior [ RunTime:0.000008s ]
INFO: [ app_init ] --END-- [ RunTime:0.000253s ]
ERR: 无法加载模块:Public

[ 2018-03-21T16:29:18+08:00 ] 127.0.0.1 /Public/uploading/images/roasting/YZS20171219032939_3389.jpg
INFO: [ app_init ] --START--
INFO: Run Behavior\BuildLiteBehavior [ RunTime:0.000008s ]
INFO: [ app_init ] --END-- [ RunTime:0.000232s ]
ERR: 无法加载模块:Public

[ 2018-03-21T16:29:18+08:00 ] 127.0.0.1 /Public/uploading/images/roasting/YZS20171219033009_1361.jpg
INFO: [ app_init ] --START--
INFO: Run Behavior\BuildLiteBehavior [ RunTime:0.000008s ]
INFO: [ app_init ] --END-- [ RunTime:0.000268s ]
ERR: 无法加载模块:Public

[ 2018-03-21T16:29:30+08:00 ] 127.0.0.1 /Public/uploading/images/roasting/YZS20171219032939_3389.jpg
INFO: [ app_init ] --START--
INFO: Run Behavior\BuildLiteBehavior [ RunTime:0.000010s ]
INFO: [ app_init ] --END-- [ RunTime:0.000259s ]
ERR: 无法加载模块:Public

[ 2018-03-21T16:29:30+08:00 ] 127.0.0.1 /Public/uploading/images/roasting/YZS20171219033009_1361.jpg
INFO: [ app_init ] --START--
INFO: Run Behavior\BuildLiteBehavior [ RunTime:0.000016s ]
INFO: [ app_init ] --END-- [ RunTime:0.000540s ]
ERR: 无法加载模块:Public

[ 2018-03-21T16:29:33+08:00 ] 127.0.0.1 /Public/uploading/images/roasting/YZS20171219032939_3389.jpg
INFO: [ app_init ] --START--
INFO: Run Behavior\BuildLiteBehavior [ RunTime:0.000012s ]
INFO: [ app_init ] --END-- [ RunTime:0.000268s ]
ERR: 无法加载模块:Public

[ 2018-03-21T16:29:33+08:00 ] 127.0.0.1 /Public/uploading/images/roasting/YZS20171219033009_1361.jpg
INFO: [ app_init ] --START--
INFO: Run Behavior\BuildLiteBehavior [ RunTime:0.000014s ]
INFO: [ app_init ] --END-- [ RunTime:0.000245s ]
ERR: 无法加载模块:Public

[ 2018-03-21T16:29:53+08:00 ] 127.0.0.1 /Public/uploading/images/roasting/YZS20171219032939_3389.jpg
INFO: [ app_init ] --START--
INFO: Run Behavior\BuildLiteBehavior [ RunTime:0.000008s ]
INFO: [ app_init ] --END-- [ RunTime:0.000232s ]
ERR: 无法加载模块:Public

[ 2018-03-21T16:29:53+08:00 ] 127.0.0.1 /Public/uploading/images/roasting/YZS20171219033009_1361.jpg
INFO: [ app_init ] --START--
INFO: Run Behavior\BuildLiteBehavior [ RunTime:0.000016s ]
INFO: [ app_init ] --END-- [ RunTime:0.000234s ]
ERR: 无法加载模块:Public

[ 2018-03-21T16:29:57+08:00 ] 127.0.0.1 /Public/uploading/images/roasting/YZS20171218110008_2464.png
INFO: [ app_init ] --START--
INFO: Run Behavior\BuildLiteBehavior [ RunTime:0.000017s ]
INFO: [ app_init ] --END-- [ RunTime:0.000362s ]
ERR: 无法加载模块:Public

[ 2018-03-21T16:29:57+08:00 ] 127.0.0.1 /Public/uploading/images/Product/YZS20171218120119_7087.png
INFO: [ app_init ] --START--
INFO: Run Behavior\BuildLiteBehavior [ RunTime:0.000015s ]
INFO: [ app_init ] --END-- [ RunTime:0.000964s ]
ERR: 无法加载模块:Public

[ 2018-03-21T16:29:57+08:00 ] 127.0.0.1 /Public/uploading/images/Product/YZS20171218120312_9323.png
INFO: [ app_init ] --START--
INFO: Run Behavior\BuildLiteBehavior [ RunTime:0.000014s ]
INFO: [ app_init ] --END-- [ RunTime:0.000368s ]
ERR: 无法加载模块:Public

[ 2018-03-21T16:29:57+08:00 ] 127.0.0.1 /Public/uploading/images/Product/YZS20171218120205_5333.png
INFO: [ app_init ] --START--
INFO: Run Behavior\BuildLiteBehavior [ RunTime:0.000010s ]
INFO: [ app_init ] --END-- [ RunTime:0.000342s ]
ERR: 无法加载模块:Public

[ 2018-03-21T16:29:57+08:00 ] 127.0.0.1 /Public/uploading/images/roasting/YZS20171219032939_3389.jpg
INFO: [ app_init ] --START--
INFO: Run Behavior\BuildLiteBehavior [ RunTime:0.000012s ]
INFO: [ app_init ] --END-- [ RunTime:0.000346s ]
ERR: 无法加载模块:Public

[ 2018-03-21T16:29:57+08:00 ] 127.0.0.1 /Public/uploading/images/roasting/YZS20171219033009_1361.jpg
INFO: [ app_init ] --START--
INFO: Run Behavior\BuildLiteBehavior [ RunTime:0.000008s ]
INFO: [ app_init ] --END-- [ RunTime:0.000288s ]
ERR: 无法加载模块:Public

[ 2018-03-21T16:30:01+08:00 ] 127.0.0.1 /Public/uploading/images/roasting/YZS20171219033009_1361.jpg
INFO: [ app_init ] --START--
INFO: Run Behavior\BuildLiteBehavior [ RunTime:0.000009s ]
INFO: [ app_init ] --END-- [ RunTime:0.000243s ]
ERR: 无法加载模块:Public

[ 2018-03-21T16:30:01+08:00 ] 127.0.0.1 /Public/uploading/images/roasting/YZS20171219032939_3389.jpg
INFO: [ app_init ] --START--
INFO: Run Behavior\BuildLiteBehavior [ RunTime:0.000009s ]
INFO: [ app_init ] --END-- [ RunTime:0.000227s ]
ERR: 无法加载模块:Public

[ 2018-03-21T16:30:04+08:00 ] 127.0.0.1 /Public/uploading/images/roasting/YZS20171218110008_2464.png
INFO: [ app_init ] --START--
INFO: Run Behavior\BuildLiteBehavior [ RunTime:0.000009s ]
INFO: [ app_init ] --END-- [ RunTime:0.000240s ]
ERR: 无法加载模块:Public

[ 2018-03-21T16:30:04+08:00 ] 127.0.0.1 /Public/uploading/images/Product/YZS20171218120119_7087.png
INFO: [ app_init ] --START--
INFO: Run Behavior\BuildLiteBehavior [ RunTime:0.000013s ]
INFO: [ app_init ] --END-- [ RunTime:0.000348s ]
ERR: 无法加载模块:Public

[ 2018-03-21T16:30:04+08:00 ] 127.0.0.1 /Public/uploading/images/Product/YZS20171218120142_9229.png
INFO: [ app_init ] --START--
INFO: Run Behavior\BuildLiteBehavior [ RunTime:0.000013s ]
INFO: [ app_init ] --END-- [ RunTime:0.000261s ]
ERR: 无法加载模块:Public

[ 2018-03-21T16:30:04+08:00 ] 127.0.0.1 /Public/uploading/images/Product/YZS20171127111320_1956.png
INFO: [ app_init ] --START--
INFO: Run Behavior\BuildLiteBehavior [ RunTime:0.000009s ]
INFO: [ app_init ] --END-- [ RunTime:0.000279s ]
ERR: 无法加载模块:Public

[ 2018-03-21T16:30:04+08:00 ] 127.0.0.1 /Public/uploading/images/Product/YZS20171218120353_2958.png
INFO: [ app_init ] --START--
INFO: Run Behavior\BuildLiteBehavior [ RunTime:0.000012s ]
INFO: [ app_init ] --END-- [ RunTime:0.000344s ]
ERR: 无法加载模块:Public

[ 2018-03-21T16:30:04+08:00 ] 127.0.0.1 /Publicnull
INFO: [ app_init ] --START--
INFO: Run Behavior\BuildLiteBehavior [ RunTime:0.000013s ]
INFO: [ app_init ] --END-- [ RunTime:0.000360s ]
ERR: 无法加载模块:Publicnull

[ 2018-03-21T16:30:04+08:00 ] 127.0.0.1 /Public/uploading/images/Product/YZS20171222165731_4671.png
INFO: [ app_init ] --START--
INFO: Run Behavior\BuildLiteBehavior [ RunTime:0.000014s ]
INFO: [ app_init ] --END-- [ RunTime:0.000326s ]
ERR: 无法加载模块:Public

[ 2018-03-21T16:30:04+08:00 ] 127.0.0.1 /Public/uploading/images/roasting/YZS20171219032939_3389.jpg
INFO: [ app_init ] --START--
INFO: Run Behavior\BuildLiteBehavior [ RunTime:0.000015s ]
INFO: [ app_init ] --END-- [ RunTime:0.000329s ]
ERR: 无法加载模块:Public

[ 2018-03-21T16:30:04+08:00 ] 127.0.0.1 /Public/uploading/images/Product/YZS20171218120312_9323.png
INFO: [ app_init ] --START--
INFO: Run Behavior\BuildLiteBehavior [ RunTime:0.000026s ]
INFO: [ app_init ] --END-- [ RunTime:0.000594s ]
ERR: 无法加载模块:Public

[ 2018-03-21T16:30:04+08:00 ] 127.0.0.1 /Public/uploading/images/roasting/YZS20171219033009_1361.jpg
INFO: [ app_init ] --START--
INFO: Run Behavior\BuildLiteBehavior [ RunTime:0.000013s ]
INFO: [ app_init ] --END-- [ RunTime:0.000498s ]
ERR: 无法加载模块:Public

[ 2018-03-21T16:30:04+08:00 ] 127.0.0.1 /Public/uploading/images/Product/YZS20171218120205_5333.png
INFO: [ app_init ] --START--
INFO: Run Behavior\BuildLiteBehavior [ RunTime:0.000009s ]
INFO: [ app_init ] --END-- [ RunTime:0.000258s ]
ERR: 无法加载模块:Public

[ 2018-03-21T16:30:11+08:00 ] 127.0.0.1 /Public/uploading/images/roasting/YZS20171219033009_1361.jpg
INFO: [ app_init ] --START--
INFO: Run Behavior\BuildLiteBehavior [ RunTime:0.000008s ]
INFO: [ app_init ] --END-- [ RunTime:0.000236s ]
ERR: 无法加载模块:Public

[ 2018-03-21T16:30:11+08:00 ] 127.0.0.1 /Public/uploading/images/roasting/YZS20171219032939_3389.jpg
INFO: [ app_init ] --START--
INFO: Run Behavior\BuildLiteBehavior [ RunTime:0.000008s ]
INFO: [ app_init ] --END-- [ RunTime:0.000262s ]
ERR: 无法加载模块:Public

[ 2018-03-21T16:32:48+08:00 ] 127.0.0.1 /Public/uploading/images/roasting/YZS20171219032939_3389.jpg
INFO: [ app_init ] --START--
INFO: Run Behavior\BuildLiteBehavior [ RunTime:0.000017s ]
INFO: [ app_init ] --END-- [ RunTime:0.000486s ]
ERR: 无法加载模块:Public

[ 2018-03-21T16:32:48+08:00 ] 127.0.0.1 /Public/uploading/images/roasting/YZS20171219033009_1361.jpg
INFO: [ app_init ] --START--
INFO: Run Behavior\BuildLiteBehavior [ RunTime:0.000009s ]
INFO: [ app_init ] --END-- [ RunTime:0.000283s ]
ERR: 无法加载模块:Public

[ 2018-03-21T16:32:49+08:00 ] 127.0.0.1 /Public/uploading/images/roasting/YZS20171218110008_2464.png
INFO: [ app_init ] --START--
INFO: Run Behavior\BuildLiteBehavior [ RunTime:0.000012s ]
INFO: [ app_init ] --END-- [ RunTime:0.000324s ]
ERR: 无法加载模块:Public

[ 2018-03-21T16:32:49+08:00 ] 127.0.0.1 /Public/uploading/images/Product/YZS20171218120119_7087.png
INFO: [ app_init ] --START--
INFO: Run Behavior\BuildLiteBehavior [ RunTime:0.000012s ]
INFO: [ app_init ] --END-- [ RunTime:0.000373s ]
ERR: 无法加载模块:Public

[ 2018-03-21T16:32:49+08:00 ] 127.0.0.1 /Public/uploading/images/roasting/YZS20171219032939_3389.jpg
INFO: [ app_init ] --START--
INFO: Run Behavior\BuildLiteBehavior [ RunTime:0.000010s ]
INFO: [ app_init ] --END-- [ RunTime:0.000291s ]
ERR: 无法加载模块:Public

[ 2018-03-21T16:32:49+08:00 ] 127.0.0.1 /Public/uploading/images/Product/YZS20171218120312_9323.png
INFO: [ app_init ] --START--
INFO: Run Behavior\BuildLiteBehavior [ RunTime:0.000008s ]
INFO: [ app_init ] --END-- [ RunTime:0.000252s ]
ERR: 无法加载模块:Public

[ 2018-03-21T16:32:49+08:00 ] 127.0.0.1 /Public/uploading/images/roasting/YZS20171219033009_1361.jpg
INFO: [ app_init ] --START--
INFO: Run Behavior\BuildLiteBehavior [ RunTime:0.000012s ]
INFO: [ app_init ] --END-- [ RunTime:0.000348s ]
ERR: 无法加载模块:Public

[ 2018-03-21T16:32:49+08:00 ] 127.0.0.1 /Public/uploading/images/Product/YZS20171218120205_5333.png
INFO: [ app_init ] --START--
INFO: Run Behavior\BuildLiteBehavior [ RunTime:0.000009s ]
INFO: [ app_init ] --END-- [ RunTime:0.000257s ]
ERR: 无法加载模块:Public

[ 2018-03-21T16:32:51+08:00 ] 127.0.0.1 /Public/uploading/images/roasting/YZS20171219032939_3389.jpg
INFO: [ app_init ] --START--
INFO: Run Behavior\BuildLiteBehavior [ RunTime:0.000010s ]
INFO: [ app_init ] --END-- [ RunTime:0.000239s ]
ERR: 无法加载模块:Public

[ 2018-03-21T16:32:51+08:00 ] 127.0.0.1 /Public/uploading/images/roasting/YZS20171219033009_1361.jpg
INFO: [ app_init ] --START--
INFO: Run Behavior\BuildLiteBehavior [ RunTime:0.000010s ]
INFO: [ app_init ] --END-- [ RunTime:0.000249s ]
ERR: 无法加载模块:Public

[ 2018-03-21T16:34:03+08:00 ] 127.0.0.1 /Public/uploading/images/roasting/YZS20171219032939_3389.jpg
INFO: [ app_init ] --START--
INFO: Run Behavior\BuildLiteBehavior [ RunTime:0.000009s ]
INFO: [ app_init ] --END-- [ RunTime:0.000246s ]
ERR: 无法加载模块:Public

[ 2018-03-21T16:34:03+08:00 ] 127.0.0.1 /Public/uploading/images/roasting/YZS20171219033009_1361.jpg
INFO: [ app_init ] --START--
INFO: Run Behavior\BuildLiteBehavior [ RunTime:0.000008s ]
INFO: [ app_init ] --END-- [ RunTime:0.000229s ]
ERR: 无法加载模块:Public

[ 2018-03-21T16:35:04+08:00 ] 127.0.0.1 /Public/uploading/images/roasting/YZS20171219032939_3389.jpg
INFO: [ app_init ] --START--
INFO: Run Behavior\BuildLiteBehavior [ RunTime:0.000008s ]
INFO: [ app_init ] --END-- [ RunTime:0.000233s ]
ERR: 无法加载模块:Public

[ 2018-03-21T16:35:04+08:00 ] 127.0.0.1 /Public/uploading/images/roasting/YZS20171219033009_1361.jpg
INFO: [ app_init ] --START--
INFO: Run Behavior\BuildLiteBehavior [ RunTime:0.000010s ]
INFO: [ app_init ] --END-- [ RunTime:0.000291s ]
ERR: 无法加载模块:Public

[ 2018-03-21T16:35:06+08:00 ] 127.0.0.1 /Public/uploading/images/roasting/YZS20171218110008_2464.png
INFO: [ app_init ] --START--
INFO: Run Behavior\BuildLiteBehavior [ RunTime:0.000016s ]
INFO: [ app_init ] --END-- [ RunTime:0.000381s ]
ERR: 无法加载模块:Public

[ 2018-03-21T16:35:06+08:00 ] 127.0.0.1 /Public/uploading/images/roasting/YZS20171219032939_3389.jpg
INFO: [ app_init ] --START--
INFO: Run Behavior\BuildLiteBehavior [ RunTime:0.000014s ]
INFO: [ app_init ] --END-- [ RunTime:0.000415s ]
ERR: 无法加载模块:Public

[ 2018-03-21T16:35:06+08:00 ] 127.0.0.1 /Public/uploading/images/Product/YZS20171218120312_9323.png
INFO: [ app_init ] --START--
INFO: Run Behavior\BuildLiteBehavior [ RunTime:0.000013s ]
INFO: [ app_init ] --END-- [ RunTime:0.000541s ]
ERR: 无法加载模块:Public

[ 2018-03-21T16:35:06+08:00 ] 127.0.0.1 /Public/uploading/images/Product/YZS20171218120119_7087.png
INFO: [ app_init ] --START--
INFO: Run Behavior\BuildLiteBehavior [ RunTime:0.000014s ]
INFO: [ app_init ] --END-- [ RunTime:0.000377s ]
ERR: 无法加载模块:Public

[ 2018-03-21T16:35:06+08:00 ] 127.0.0.1 /Public/uploading/images/roasting/YZS20171219033009_1361.jpg
INFO: [ app_init ] --START--
INFO: Run Behavior\BuildLiteBehavior [ RunTime:0.000013s ]
INFO: [ app_init ] --END-- [ RunTime:0.000377s ]
ERR: 无法加载模块:Public

[ 2018-03-21T16:35:06+08:00 ] 127.0.0.1 /Public/uploading/images/Product/YZS20171218120205_5333.png
INFO: [ app_init ] --START--
INFO: Run Behavior\BuildLiteBehavior [ RunTime:0.000115s ]
INFO: [ app_init ] --END-- [ RunTime:0.000774s ]
ERR: 无法加载模块:Public

[ 2018-03-21T16:35:09+08:00 ] 127.0.0.1 /Public/uploading/images/roasting/YZS20171219032939_3389.jpg
INFO: [ app_init ] --START--
INFO: Run Behavior\BuildLiteBehavior [ RunTime:0.000038s ]
INFO: [ app_init ] --END-- [ RunTime:0.001229s ]
ERR: 无法加载模块:Public

[ 2018-03-21T16:35:09+08:00 ] 127.0.0.1 /Public/uploading/images/roasting/YZS20171219033009_1361.jpg
INFO: [ app_init ] --START--
INFO: Run Behavior\BuildLiteBehavior [ RunTime:0.000009s ]
INFO: [ app_init ] --END-- [ RunTime:0.000236s ]
ERR: 无法加载模块:Public

[ 2018-03-21T16:41:04+08:00 ] 127.0.0.1 /Public/uploading/images/roasting/YZS20171219032939_3389.jpg
INFO: [ app_init ] --START--
INFO: Run Behavior\BuildLiteBehavior [ RunTime:0.000010s ]
INFO: [ app_init ] --END-- [ RunTime:0.000250s ]
ERR: 无法加载模块:Public

[ 2018-03-21T16:41:04+08:00 ] 127.0.0.1 /Public/uploading/images/roasting/YZS20171219033009_1361.jpg
INFO: [ app_init ] --START--
INFO: Run Behavior\BuildLiteBehavior [ RunTime:0.000016s ]
INFO: [ app_init ] --END-- [ RunTime:0.000250s ]
ERR: 无法加载模块:Public

[ 2018-03-21T16:41:17+08:00 ] 127.0.0.1 /Public/uploading/images/roasting/YZS20171219032939_3389.jpg
INFO: [ app_init ] --START--
INFO: Run Behavior\BuildLiteBehavior [ RunTime:0.000012s ]
INFO: [ app_init ] --END-- [ RunTime:0.000329s ]
ERR: 无法加载模块:Public

[ 2018-03-21T16:41:17+08:00 ] 127.0.0.1 /Public/uploading/images/roasting/YZS20171219033009_1361.jpg
INFO: [ app_init ] --START--
INFO: Run Behavior\BuildLiteBehavior [ RunTime:0.000032s ]
INFO: [ app_init ] --END-- [ RunTime:0.000475s ]
ERR: 无法加载模块:Public

[ 2018-03-21T16:41:18+08:00 ] 127.0.0.1 /Public/uploading/images/roasting/YZS20171219033009_1361.jpg
INFO: [ app_init ] --START--
INFO: Run Behavior\BuildLiteBehavior [ RunTime:0.000015s ]
INFO: [ app_init ] --END-- [ RunTime:0.000358s ]
ERR: 无法加载模块:Public

[ 2018-03-21T16:41:18+08:00 ] 127.0.0.1 /Public/uploading/images/Product/YZS20171218120205_5333.png
INFO: [ app_init ] --START--
INFO: Run Behavior\BuildLiteBehavior [ RunTime:0.000014s ]
INFO: [ app_init ] --END-- [ RunTime:0.000424s ]
ERR: 无法加载模块:Public

[ 2018-03-21T16:41:18+08:00 ] 127.0.0.1 /Public/uploading/images/Product/YZS20171218120312_9323.png
INFO: [ app_init ] --START--
INFO: Run Behavior\BuildLiteBehavior [ RunTime:0.000013s ]
INFO: [ app_init ] --END-- [ RunTime:0.000623s ]
ERR: 无法加载模块:Public

[ 2018-03-21T16:41:18+08:00 ] 127.0.0.1 /Public/uploading/images/roasting/YZS20171218110008_2464.png
INFO: [ app_init ] --START--
INFO: Run Behavior\BuildLiteBehavior [ RunTime:0.000017s ]
INFO: [ app_init ] --END-- [ RunTime:0.001721s ]
ERR: 无法加载模块:Public

[ 2018-03-21T16:41:18+08:00 ] 127.0.0.1 /Public/uploading/images/Product/YZS20171218120119_7087.png
INFO: [ app_init ] --START--
INFO: Run Behavior\BuildLiteBehavior [ RunTime:0.000013s ]
INFO: [ app_init ] --END-- [ RunTime:0.000437s ]
ERR: 无法加载模块:Public

[ 2018-03-21T16:41:18+08:00 ] 127.0.0.1 /Public/uploading/images/roasting/YZS20171219032939_3389.jpg
INFO: [ app_init ] --START--
INFO: Run Behavior\BuildLiteBehavior [ RunTime:0.000010s ]
INFO: [ app_init ] --END-- [ RunTime:0.000283s ]
ERR: 无法加载模块:Public

[ 2018-03-21T16:41:18+08:00 ] 127.0.0.1 /Publicnull
INFO: [ app_init ] --START--
INFO: Run Behavior\BuildLiteBehavior [ RunTime:0.000019s ]
INFO: [ app_init ] --END-- [ RunTime:0.000422s ]
ERR: 无法加载模块:Publicnull

[ 2018-03-21T16:41:18+08:00 ] 127.0.0.1 /Public/uploading/images/Product/YZS20171218120353_2958.png
INFO: [ app_init ] --START--
INFO: Run Behavior\BuildLiteBehavior [ RunTime:0.000012s ]
INFO: [ app_init ] --END-- [ RunTime:0.000328s ]
ERR: 无法加载模块:Public

[ 2018-03-21T16:41:18+08:00 ] 127.0.0.1 /Public/uploading/images/Product/YZS20171218120142_9229.png
INFO: [ app_init ] --START--
INFO: Run Behavior\BuildLiteBehavior [ RunTime:0.000012s ]
INFO: [ app_init ] --END-- [ RunTime:0.000321s ]
ERR: 无法加载模块:Public

[ 2018-03-21T16:41:18+08:00 ] 127.0.0.1 /Public/uploading/images/Product/YZS20171127111320_1956.png
INFO: [ app_init ] --START--
INFO: Run Behavior\BuildLiteBehavior [ RunTime:0.000021s ]
INFO: [ app_init ] --END-- [ RunTime:0.000448s ]
ERR: 无法加载模块:Public

[ 2018-03-21T16:41:18+08:00 ] 127.0.0.1 /Public/uploading/images/Product/YZS20171222165731_4671.png
INFO: [ app_init ] --START--
INFO: Run Behavior\BuildLiteBehavior [ RunTime:0.000016s ]
INFO: [ app_init ] --END-- [ RunTime:0.000380s ]
ERR: 无法加载模块:Public

[ 2018-03-21T16:41:45+08:00 ] 127.0.0.1 /Public/uploading/images/roasting/YZS20171219032939_3389.jpg
INFO: [ app_init ] --START--
INFO: Run Behavior\BuildLiteBehavior [ RunTime:0.000018s ]
INFO: [ app_init ] --END-- [ RunTime:0.000857s ]
ERR: 无法加载模块:Public

[ 2018-03-21T16:41:45+08:00 ] 127.0.0.1 /Public/uploading/images/roasting/YZS20171219033009_1361.jpg
INFO: [ app_init ] --START--
INFO: Run Behavior\BuildLiteBehavior [ RunTime:0.000010s ]
INFO: [ app_init ] --END-- [ RunTime:0.000250s ]
ERR: 无法加载模块:Public

[ 2018-03-21T16:43:30+08:00 ] 127.0.0.1 /Public/uploading/images/roasting/YZS20171219032939_3389.jpg
INFO: [ app_init ] --START--
INFO: Run Behavior\BuildLiteBehavior [ RunTime:0.000014s ]
INFO: [ app_init ] --END-- [ RunTime:0.000371s ]
ERR: 无法加载模块:Public

[ 2018-03-21T16:43:30+08:00 ] 127.0.0.1 /Public/uploading/images/roasting/YZS20171219033009_1361.jpg
INFO: [ app_init ] --START--
INFO: Run Behavior\BuildLiteBehavior [ RunTime:0.000029s ]
INFO: [ app_init ] --END-- [ RunTime:0.000311s ]
ERR: 无法加载模块:Public

[ 2018-03-21T16:43:31+08:00 ] 127.0.0.1 /Public/uploading/images/roasting/YZS20171218110008_2464.png
INFO: [ app_init ] --START--
INFO: Run Behavior\BuildLiteBehavior [ RunTime:0.000012s ]
INFO: [ app_init ] --END-- [ RunTime:0.000318s ]
ERR: 无法加载模块:Public

[ 2018-03-21T16:43:31+08:00 ] 127.0.0.1 /Public/uploading/images/Product/YZS20171218120119_7087.png
INFO: [ app_init ] --START--
INFO: Run Behavior\BuildLiteBehavior [ RunTime:0.000022s ]
INFO: [ app_init ] --END-- [ RunTime:0.000528s ]
ERR: 无法加载模块:Public

[ 2018-03-21T16:43:34+08:00 ] 127.0.0.1 /Public/uploading/images/roasting/YZS20171219032939_3389.jpg
INFO: [ app_init ] --START--
INFO: Run Behavior\BuildLiteBehavior [ RunTime:0.000012s ]
INFO: [ app_init ] --END-- [ RunTime:0.000269s ]
ERR: 无法加载模块:Public

[ 2018-03-21T16:43:34+08:00 ] 127.0.0.1 /Public/uploading/images/roasting/YZS20171219033009_1361.jpg
INFO: [ app_init ] --START--
INFO: Run Behavior\BuildLiteBehavior [ RunTime:0.000009s ]
INFO: [ app_init ] --END-- [ RunTime:0.000248s ]
ERR: 无法加载模块:Public

[ 2018-03-21T16:43:35+08:00 ] 127.0.0.1 /Public/uploading/images/roasting/YZS20171218110008_2464.png
INFO: [ app_init ] --START--
INFO: Run Behavior\BuildLiteBehavior [ RunTime:0.000022s ]
INFO: [ app_init ] --END-- [ RunTime:0.000363s ]
ERR: 无法加载模块:Public

[ 2018-03-21T16:43:35+08:00 ] 127.0.0.1 /Public/uploading/images/Product/YZS20171218120119_7087.png
INFO: [ app_init ] --START--
INFO: Run Behavior\BuildLiteBehavior [ RunTime:0.000012s ]
INFO: [ app_init ] --END-- [ RunTime:0.000379s ]
ERR: 无法加载模块:Public

[ 2018-03-21T16:43:35+08:00 ] 127.0.0.1 /Public/uploading/images/Product/YZS20171127111320_1956.png
INFO: [ app_init ] --START--
INFO: Run Behavior\BuildLiteBehavior [ RunTime:0.000013s ]
INFO: [ app_init ] --END-- [ RunTime:0.000387s ]
ERR: 无法加载模块:Public

[ 2018-03-21T16:43:35+08:00 ] 127.0.0.1 /Public/uploading/images/Product/YZS20171218120142_9229.png
INFO: [ app_init ] --START--
INFO: Run Behavior\BuildLiteBehavior [ RunTime:0.000010s ]
INFO: [ app_init ] --END-- [ RunTime:0.000378s ]
ERR: 无法加载模块:Public

[ 2018-03-21T16:43:35+08:00 ] 127.0.0.1 /Public/uploading/images/Product/YZS20171222165731_4671.png
INFO: [ app_init ] --START--
INFO: Run Behavior\BuildLiteBehavior [ RunTime:0.000014s ]
INFO: [ app_init ] --END-- [ RunTime:0.000306s ]
ERR: 无法加载模块:Public

[ 2018-03-21T16:43:35+08:00 ] 127.0.0.1 /Publicnull
INFO: [ app_init ] --START--
INFO: Run Behavior\BuildLiteBehavior [ RunTime:0.000013s ]
INFO: [ app_init ] --END-- [ RunTime:0.000390s ]
ERR: 无法加载模块:Publicnull

[ 2018-03-21T16:43:47+08:00 ] 127.0.0.1 /Public/uploading/images/roasting/YZS20171219032939_3389.jpg
INFO: [ app_init ] --START--
INFO: Run Behavior\BuildLiteBehavior [ RunTime:0.000014s ]
INFO: [ app_init ] --END-- [ RunTime:0.000353s ]
ERR: 无法加载模块:Public

[ 2018-03-21T16:43:47+08:00 ] 127.0.0.1 /Public/uploading/images/roasting/YZS20171219033009_1361.jpg
INFO: [ app_init ] --START--
INFO: Run Behavior\BuildLiteBehavior [ RunTime:0.000014s ]
INFO: [ app_init ] --END-- [ RunTime:0.000570s ]
ERR: 无法加载模块:Public

[ 2018-03-21T16:44:09+08:00 ] 127.0.0.1 /Public/uploading/images/roasting/YZS20171218110008_2464.png
INFO: [ app_init ] --START--
INFO: Run Behavior\BuildLiteBehavior [ RunTime:0.000017s ]
INFO: [ app_init ] --END-- [ RunTime:0.000388s ]
ERR: 无法加载模块:Public

[ 2018-03-21T16:44:09+08:00 ] 127.0.0.1 /Public/uploading/images/Product/YZS20171218120142_9229.png
INFO: [ app_init ] --START--
INFO: Run Behavior\BuildLiteBehavior [ RunTime:0.000017s ]
INFO: [ app_init ] --END-- [ RunTime:0.000353s ]
ERR: 无法加载模块:Public

[ 2018-03-21T16:44:09+08:00 ] 127.0.0.1 /Public/uploading/images/Product/YZS20171218120353_2958.png
INFO: [ app_init ] --START--
INFO: Run Behavior\BuildLiteBehavior [ RunTime:0.000040s ]
INFO: [ app_init ] --END-- [ RunTime:0.000378s ]
ERR: 无法加载模块:Public

[ 2018-03-21T16:44:09+08:00 ] 127.0.0.1 /Public/uploading/images/Product/YZS20171127111320_1956.png
INFO: [ app_init ] --START--
INFO: Run Behavior\BuildLiteBehavior [ RunTime:0.000012s ]
INFO: [ app_init ] --END-- [ RunTime:0.000316s ]
ERR: 无法加载模块:Public

[ 2018-03-21T16:44:09+08:00 ] 127.0.0.1 /Public/uploading/images/Product/YZS20171218120119_7087.png
INFO: [ app_init ] --START--
INFO: Run Behavior\BuildLiteBehavior [ RunTime:0.000058s ]
INFO: [ app_init ] --END-- [ RunTime:0.000893s ]
ERR: 无法加载模块:Public

[ 2018-03-21T16:44:09+08:00 ] 127.0.0.1 /Publicnull
INFO: [ app_init ] --START--
INFO: Run Behavior\BuildLiteBehavior [ RunTime:0.000008s ]
INFO: [ app_init ] --END-- [ RunTime:0.000239s ]
ERR: 无法加载模块:Publicnull

[ 2018-03-21T16:44:09+08:00 ] 127.0.0.1 /Public/uploading/images/Product/YZS20171222165731_4671.png
INFO: [ app_init ] --START--
INFO: Run Behavior\BuildLiteBehavior [ RunTime:0.000009s ]
INFO: [ app_init ] --END-- [ RunTime:0.000268s ]
ERR: 无法加载模块:Public

[ 2018-03-21T16:44:18+08:00 ] 127.0.0.1 /Public/uploading/images/roasting/YZS20171219032939_3389.jpg
INFO: [ app_init ] --START--
INFO: Run Behavior\BuildLiteBehavior [ RunTime:0.000008s ]
INFO: [ app_init ] --END-- [ RunTime:0.000233s ]
ERR: 无法加载模块:Public

[ 2018-03-21T16:44:18+08:00 ] 127.0.0.1 /Public/uploading/images/roasting/YZS20171219033009_1361.jpg
INFO: [ app_init ] --START--
INFO: Run Behavior\BuildLiteBehavior [ RunTime:0.000029s ]
INFO: [ app_init ] --END-- [ RunTime:0.000528s ]
ERR: 无法加载模块:Public

[ 2018-03-21T16:44:19+08:00 ] 127.0.0.1 /Public/uploading/images/roasting/YZS20171218110008_2464.png
INFO: [ app_init ] --START--
INFO: Run Behavior\BuildLiteBehavior [ RunTime:0.000016s ]
INFO: [ app_init ] --END-- [ RunTime:0.000851s ]
ERR: 无法加载模块:Public

[ 2018-03-21T16:44:19+08:00 ] 127.0.0.1 /Public/uploading/images/Product/YZS20171127111320_1956.png
INFO: [ app_init ] --START--
INFO: Run Behavior\BuildLiteBehavior [ RunTime:0.000013s ]
INFO: [ app_init ] --END-- [ RunTime:0.000342s ]
ERR: 无法加载模块:Public

[ 2018-03-21T16:44:19+08:00 ] 127.0.0.1 /Public/uploading/images/Product/YZS20171218120353_2958.png
INFO: [ app_init ] --START--
INFO: Run Behavior\BuildLiteBehavior [ RunTime:0.000013s ]
INFO: [ app_init ] --END-- [ RunTime:0.000350s ]
ERR: 无法加载模块:Public

[ 2018-03-21T16:44:19+08:00 ] 127.0.0.1 /Public/uploading/images/Product/YZS20171218120119_7087.png
INFO: [ app_init ] --START--
INFO: Run Behavior\BuildLiteBehavior [ RunTime:0.000012s ]
INFO: [ app_init ] --END-- [ RunTime:0.000355s ]
ERR: 无法加载模块:Public

[ 2018-03-21T16:44:19+08:00 ] 127.0.0.1 /Public/uploading/images/Product/YZS20171218120142_9229.png
INFO: [ app_init ] --START--
INFO: Run Behavior\BuildLiteBehavior [ RunTime:0.000013s ]
INFO: [ app_init ] --END-- [ RunTime:0.000322s ]
ERR: 无法加载模块:Public

[ 2018-03-21T16:44:19+08:00 ] 127.0.0.1 /Publicnull
INFO: [ app_init ] --START--
INFO: Run Behavior\BuildLiteBehavior [ RunTime:0.000014s ]
INFO: [ app_init ] --END-- [ RunTime:0.000363s ]
ERR: 无法加载模块:Publicnull

[ 2018-03-21T16:44:19+08:00 ] 127.0.0.1 /Public/uploading/images/Product/YZS20171222165731_4671.png
INFO: [ app_init ] --START--
INFO: Run Behavior\BuildLiteBehavior [ RunTime:0.000016s ]
INFO: [ app_init ] --END-- [ RunTime:0.000301s ]
ERR: 无法加载模块:Public

[ 2018-03-21T16:49:49+08:00 ] 127.0.0.1 /Public/uploading/images/roasting/YZS20171219032939_3389.jpg
INFO: [ app_init ] --START--
INFO: Run Behavior\BuildLiteBehavior [ RunTime:0.000015s ]
INFO: [ app_init ] --END-- [ RunTime:0.000329s ]
ERR: 无法加载模块:Public

[ 2018-03-21T16:49:49+08:00 ] 127.0.0.1 /Public/uploading/images/roasting/YZS20171219033009_1361.jpg
INFO: [ app_init ] --START--
INFO: Run Behavior\BuildLiteBehavior [ RunTime:0.000008s ]
INFO: [ app_init ] --END-- [ RunTime:0.000257s ]
ERR: 无法加载模块:Public

[ 2018-03-21T16:49:50+08:00 ] 127.0.0.1 /Public/uploading/images/Product/YZS20171218120119_7087.png
INFO: [ app_init ] --START--
INFO: Run Behavior\BuildLiteBehavior [ RunTime:0.000012s ]
INFO: [ app_init ] --END-- [ RunTime:0.000340s ]
ERR: 无法加载模块:Public


[ 2018-03-21T16:49:51+08:00 ] 127.0.0.1 /Public/uploading/images/roasting/YZS20171219032939_3389.jpg
INFO: [ app_init ] --START--
INFO: Run Behavior\BuildLiteBehavior [ RunTime:0.000031s ]
INFO: [ app_init ] --END-- [ RunTime:0.000574s ]
ERR: 无法加载模块:Public

[ 2018-03-21T16:49:51+08:00 ] 127.0.0.1 /Public/uploading/images/roasting/YZS20171219033009_1361.jpg
INFO: [ app_init ] --START--
INFO: Run Behavior\BuildLiteBehavior [ RunTime:0.000030s ]
INFO: [ app_init ] --END-- [ RunTime:0.000666s ]
ERR: 无法加载模块:Public

[ 2018-03-21T16:49:53+08:00 ] 127.0.0.1 /Public/uploading/images/Product/YZS20171218120119_7087.png
INFO: [ app_init ] --START--
INFO: Run Behavior\BuildLiteBehavior [ RunTime:0.000031s ]
INFO: [ app_init ] --END-- [ RunTime:0.000577s ]
ERR: 无法加载模块:Public


[ 2018-03-21T16:49:53+08:00 ] 127.0.0.1 /Public/uploading/images/Product/YZS20171218120142_9229.png
INFO: [ app_init ] --START--
INFO: Run Behavior\BuildLiteBehavior [ RunTime:0.000009s ]
INFO: [ app_init ] --END-- [ RunTime:0.000259s ]
ERR: 无法加载模块:Public

[ 2018-03-21T16:49:53+08:00 ] 127.0.0.1 /Public/uploading/images/Product/YZS20171127111320_1956.png
INFO: [ app_init ] --START--
INFO: Run Behavior\BuildLiteBehavior [ RunTime:0.000008s ]
INFO: [ app_init ] --END-- [ RunTime:0.000266s ]
ERR: 无法加载模块:Public

[ 2018-03-21T16:49:53+08:00 ] 127.0.0.1 /Public/uploading/images/Product/YZS20171218120353_2958.png
INFO: [ app_init ] --START--
INFO: Run Behavior\BuildLiteBehavior [ RunTime:0.000013s ]
INFO: [ app_init ] --END-- [ RunTime:0.000361s ]
ERR: 无法加载模块:Public

[ 2018-03-21T16:49:53+08:00 ] 127.0.0.1 /Publicnull
INFO: [ app_init ] --START--
INFO: Run Behavior\BuildLiteBehavior [ RunTime:0.000008s ]
INFO: [ app_init ] --END-- [ RunTime:0.000233s ]
ERR: 无法加载模块:Publicnull

[ 2018-03-21T16:49:53+08:00 ] 127.0.0.1 /Public/uploading/images/Product/YZS20171222165731_4671.png
INFO: [ app_init ] --START--
INFO: Run Behavior\BuildLiteBehavior [ RunTime:0.000008s ]
INFO: [ app_init ] --END-- [ RunTime:0.000221s ]
ERR: 无法加载模块:Public

[ 2018-03-21T16:49:54+08:00 ] 127.0.0.1 /Public/uploading/images/roasting/YZS20171219032939_3389.jpg
INFO: [ app_init ] --START--
INFO: Run Behavior\BuildLiteBehavior [ RunTime:0.000008s ]
INFO: [ app_init ] --END-- [ RunTime:0.000265s ]
ERR: 无法加载模块:Public

[ 2018-03-21T16:49:54+08:00 ] 127.0.0.1 /Public/uploading/images/roasting/YZS20171219033009_1361.jpg
INFO: [ app_init ] --START--
INFO: Run Behavior\BuildLiteBehavior [ RunTime:0.000009s ]
INFO: [ app_init ] --END-- [ RunTime:0.000235s ]
ERR: 无法加载模块:Public

[ 2018-03-21T16:50:43+08:00 ] 127.0.0.1 /Public/uploading/images/roasting/YZS20171219032939_3389.jpg
INFO: [ app_init ] --START--
INFO: Run Behavior\BuildLiteBehavior [ RunTime:0.000008s ]
INFO: [ app_init ] --END-- [ RunTime:0.000234s ]
ERR: 无法加载模块:Public

[ 2018-03-21T16:50:43+08:00 ] 127.0.0.1 /Public/uploading/images/roasting/YZS20171219033009_1361.jpg
INFO: [ app_init ] --START--
INFO: Run Behavior\BuildLiteBehavior [ RunTime:0.000008s ]
INFO: [ app_init ] --END-- [ RunTime:0.000230s ]
ERR: 无法加载模块:Public

[ 2018-03-21T16:50:44+08:00 ] 127.0.0.1 /Public/uploading/images/Product/YZS20171218120119_7087.png
INFO: [ app_init ] --START--
INFO: Run Behavior\BuildLiteBehavior [ RunTime:0.000008s ]
INFO: [ app_init ] --END-- [ RunTime:0.000232s ]
ERR: 无法加载模块:Public

[ 2018-03-21T16:50:44+08:00 ] 127.0.0.1 /Public/uploading/images/roasting/YZS20171218110008_2464.png
INFO: [ app_init ] --START--
INFO: Run Behavior\BuildLiteBehavior [ RunTime:0.000008s ]
INFO: [ app_init ] --END-- [ RunTime:0.000236s ]
ERR: 无法加载模块:Public

[ 2018-03-21T16:50:45+08:00 ] 127.0.0.1 /Public/uploading/images/roasting/YZS20171219032939_3389.jpg
INFO: [ app_init ] --START--
INFO: Run Behavior\BuildLiteBehavior [ RunTime:0.000009s ]
INFO: [ app_init ] --END-- [ RunTime:0.000251s ]
ERR: 无法加载模块:Public

[ 2018-03-21T16:50:45+08:00 ] 127.0.0.1 /Public/uploading/images/roasting/YZS20171219033009_1361.jpg
INFO: [ app_init ] --START--
INFO: Run Behavior\BuildLiteBehavior [ RunTime:0.000008s ]
INFO: [ app_init ] --END-- [ RunTime:0.000233s ]
ERR: 无法加载模块:Public

[ 2018-03-21T16:55:34+08:00 ] 127.0.0.1 /Public/uploading/images/Product/YZS20171218120312_9323.png
INFO: [ app_init ] --START--
INFO: Run Behavior\BuildLiteBehavior [ RunTime:0.000015s ]
INFO: [ app_init ] --END-- [ RunTime:0.000361s ]
ERR: 无法加载模块:Public

[ 2018-03-21T16:55:34+08:00 ] 127.0.0.1 /Public/uploading/images/Product/YZS20171218120142_9229.png
INFO: [ app_init ] --START--
INFO: Run Behavior\BuildLiteBehavior [ RunTime:0.000013s ]
INFO: [ app_init ] --END-- [ RunTime:0.000410s ]
ERR: 无法加载模块:Public

[ 2018-03-21T16:55:34+08:00 ] 127.0.0.1 /Public/uploading/images/Product/YZS20171218120119_7087.png
INFO: [ app_init ] --START--
INFO: Run Behavior\BuildLiteBehavior [ RunTime:0.000011s ]
INFO: [ app_init ] --END-- [ RunTime:0.000358s ]
ERR: 无法加载模块:Public

[ 2018-03-21T16:55:34+08:00 ] 127.0.0.1 /Public/uploading/images/Product/YZS20171127111320_1956.png
INFO: [ app_init ] --START--
INFO: Run Behavior\BuildLiteBehavior [ RunTime:0.000023s ]
INFO: [ app_init ] --END-- [ RunTime:0.000433s ]
ERR: 无法加载模块:Public

[ 2018-03-21T16:55:34+08:00 ] 127.0.0.1 /Public/uploading/images/Product/YZS20171218120205_5333.png
INFO: [ app_init ] --START--
INFO: Run Behavior\BuildLiteBehavior [ RunTime:0.000014s ]
INFO: [ app_init ] --END-- [ RunTime:0.000386s ]
ERR: 无法加载模块:Public

[ 2018-03-21T16:55:34+08:00 ] 127.0.0.1 /Public/uploading/images/Product/YZS20171218120353_2958.png
INFO: [ app_init ] --START--
INFO: Run Behavior\BuildLiteBehavior [ RunTime:0.000009s ]
INFO: [ app_init ] --END-- [ RunTime:0.000238s ]
ERR: 无法加载模块:Public

[ 2018-03-21T16:55:34+08:00 ] 127.0.0.1 /Public/uploading/images/Product/YZS20171222165731_4671.png
INFO: [ app_init ] --START--
INFO: Run Behavior\BuildLiteBehavior [ RunTime:0.000013s ]
INFO: [ app_init ] --END-- [ RunTime:0.000323s ]
ERR: 无法加载模块:Public

[ 2018-03-21T17:00:38+08:00 ] 127.0.0.1 /Public/uploading/images/Product/YZS20171218120353_2958.png
INFO: [ app_init ] --START--
INFO: Run Behavior\BuildLiteBehavior [ RunTime:0.000010s ]
INFO: [ app_init ] --END-- [ RunTime:0.000281s ]
ERR: 无法加载模块:Public

[ 2018-03-21T17:00:38+08:00 ] 127.0.0.1 /Public/uploading/images/Product/YZS20171222165731_4671.png
INFO: [ app_init ] --START--
INFO: Run Behavior\BuildLiteBehavior [ RunTime:0.000014s ]
INFO: [ app_init ] --END-- [ RunTime:0.000368s ]
ERR: 无法加载模块:Public

[ 2018-03-21T17:00:38+08:00 ] 127.0.0.1 /Public/uploading/images/Product/YZS20171218120205_5333.png
INFO: [ app_init ] --START--
INFO: Run Behavior\BuildLiteBehavior [ RunTime:0.000013s ]
INFO: [ app_init ] --END-- [ RunTime:0.000368s ]
ERR: 无法加载模块:Public

[ 2018-03-21T17:00:38+08:00 ] 127.0.0.1 /Public/uploading/images/Product/YZS20171218120312_9323.png
INFO: [ app_init ] --START--
INFO: Run Behavior\BuildLiteBehavior [ RunTime:0.000010s ]
INFO: [ app_init ] --END-- [ RunTime:0.000298s ]
ERR: 无法加载模块:Public

[ 2018-03-21T17:00:38+08:00 ] 127.0.0.1 /Public/uploading/images/Product/YZS20171218120142_9229.png
INFO: [ app_init ] --START--
INFO: Run Behavior\BuildLiteBehavior [ RunTime:0.000009s ]
INFO: [ app_init ] --END-- [ RunTime:0.000268s ]
ERR: 无法加载模块:Public

[ 2018-03-21T17:00:38+08:00 ] 127.0.0.1 /Public/uploading/images/Product/YZS20171218120119_7087.png
INFO: [ app_init ] --START--
INFO: Run Behavior\BuildLiteBehavior [ RunTime:0.000027s ]
INFO: [ app_init ] --END-- [ RunTime:0.000331s ]
ERR: 无法加载模块:Public

[ 2018-03-21T17:00:40+08:00 ] 127.0.0.1 /Public/uploading/images/roasting/YZS20171219032939_3389.jpg
INFO: [ app_init ] --START--
INFO: Run Behavior\BuildLiteBehavior [ RunTime:0.000009s ]
INFO: [ app_init ] --END-- [ RunTime:0.000239s ]
ERR: 无法加载模块:Public

[ 2018-03-21T17:00:40+08:00 ] 127.0.0.1 /Public/uploading/images/roasting/YZS20171219033009_1361.jpg
INFO: [ app_init ] --START--
INFO: Run Behavior\BuildLiteBehavior [ RunTime:0.000008s ]
INFO: [ app_init ] --END-- [ RunTime:0.000227s ]
ERR: 无法加载模块:Public

[ 2018-03-21T17:00:41+08:00 ] 127.0.0.1 /Public/uploading/images/roasting/YZS20171218110008_2464.png
INFO: [ app_init ] --START--
INFO: Run Behavior\BuildLiteBehavior [ RunTime:0.000010s ]
INFO: [ app_init ] --END-- [ RunTime:0.000382s ]
ERR: 无法加载模块:Public

[ 2018-03-21T17:00:46+08:00 ] 127.0.0.1 /Public/uploading/images/roasting/YZS20171219032939_3389.jpg
INFO: [ app_init ] --START--
INFO: Run Behavior\BuildLiteBehavior [ RunTime:0.000008s ]
INFO: [ app_init ] --END-- [ RunTime:0.000236s ]
ERR: 无法加载模块:Public

[ 2018-03-21T17:00:46+08:00 ] 127.0.0.1 /Public/uploading/images/roasting/YZS20171219033009_1361.jpg
INFO: [ app_init ] --START--
INFO: Run Behavior\BuildLiteBehavior [ RunTime:0.000013s ]
INFO: [ app_init ] --END-- [ RunTime:0.000331s ]
ERR: 无法加载模块:Public

[ 2018-03-21T17:00:49+08:00 ] 127.0.0.1 /Public/uploading/images/roasting/YZS20171219032939_3389.jpg
INFO: [ app_init ] --START--
INFO: Run Behavior\BuildLiteBehavior [ RunTime:0.000020s ]
INFO: [ app_init ] --END-- [ RunTime:0.000452s ]
ERR: 无法加载模块:Public

[ 2018-03-21T17:00:49+08:00 ] 127.0.0.1 /Public/uploading/images/roasting/YZS20171219033009_1361.jpg
INFO: [ app_init ] --START--
INFO: Run Behavior\BuildLiteBehavior [ RunTime:0.000036s ]
INFO: [ app_init ] --END-- [ RunTime:0.000639s ]
ERR: 无法加载模块:Public

[ 2018-03-21T17:00:49+08:00 ] 127.0.0.1 /Public/uploading/images/roasting/YZS20171219032939_3389.jpg
INFO: [ app_init ] --START--
INFO: Run Behavior\BuildLiteBehavior [ RunTime:0.000008s ]
INFO: [ app_init ] --END-- [ RunTime:0.000244s ]
ERR: 无法加载模块:Public

[ 2018-03-21T17:00:49+08:00 ] 127.0.0.1 /Public/uploading/images/roasting/YZS20171219033009_1361.jpg
INFO: [ app_init ] --START--
INFO: Run Behavior\BuildLiteBehavior [ RunTime:0.000010s ]
INFO: [ app_init ] --END-- [ RunTime:0.000260s ]
ERR: 无法加载模块:Public

[ 2018-03-21T17:00:50+08:00 ] 127.0.0.1 /Public/uploading/images/roasting/YZS20171218110008_2464.png
INFO: [ app_init ] --START--
INFO: Run Behavior\BuildLiteBehavior [ RunTime:0.000033s ]
INFO: [ app_init ] --END-- [ RunTime:0.000541s ]
ERR: 无法加载模块:Public

[ 2018-03-21T17:00:50+08:00 ] 127.0.0.1 /Public/uploading/images/Product/YZS20171218120119_7087.png
INFO: [ app_init ] --START--
INFO: Run Behavior\BuildLiteBehavior [ RunTime:0.000017s ]
INFO: [ app_init ] --END-- [ RunTime:0.000427s ]
ERR: 无法加载模块:Public

[ 2018-03-21T17:00:56+08:00 ] 127.0.0.1 /Public/uploading/images/roasting/YZS20171219032939_3389.jpg
INFO: [ app_init ] --START--
INFO: Run Behavior\BuildLiteBehavior [ RunTime:0.000010s ]
INFO: [ app_init ] --END-- [ RunTime:0.000249s ]
ERR: 无法加载模块:Public

[ 2018-03-21T17:00:56+08:00 ] 127.0.0.1 /Public/uploading/images/roasting/YZS20171219033009_1361.jpg
INFO: [ app_init ] --START--
INFO: Run Behavior\BuildLiteBehavior [ RunTime:0.000011s ]
INFO: [ app_init ] --END-- [ RunTime:0.000247s ]
ERR: 无法加载模块:Public

[ 2018-03-21T17:02:12+08:00 ] 127.0.0.1 /Public/uploading/images/Product/YZS20171222165731_4671.png
INFO: [ app_init ] --START--
INFO: Run Behavior\BuildLiteBehavior [ RunTime:0.000053s ]
INFO: [ app_init ] --END-- [ RunTime:0.000795s ]
ERR: 无法加载模块:Public

[ 2018-03-21T17:02:12+08:00 ] 127.0.0.1 /Public/uploading/images/Product/YZS20171218120353_2958.png
INFO: [ app_init ] --START--
INFO: Run Behavior\BuildLiteBehavior [ RunTime:0.000012s ]
INFO: [ app_init ] --END-- [ RunTime:0.000268s ]
ERR: 无法加载模块:Public

[ 2018-03-21T17:02:12+08:00 ] 127.0.0.1 /Public/uploading/images/Product/YZS20171218120205_5333.png
INFO: [ app_init ] --START--
INFO: Run Behavior\BuildLiteBehavior [ RunTime:0.000012s ]
INFO: [ app_init ] --END-- [ RunTime:0.000349s ]
ERR: 无法加载模块:Public

[ 2018-03-21T17:02:12+08:00 ] 127.0.0.1 /Public/uploading/images/Product/YZS20171218120312_9323.png
INFO: [ app_init ] --START--
INFO: Run Behavior\BuildLiteBehavior [ RunTime:0.000028s ]
INFO: [ app_init ] --END-- [ RunTime:0.000342s ]
ERR: 无法加载模块:Public

[ 2018-03-21T17:02:12+08:00 ] 127.0.0.1 /Public/uploading/images/Product/YZS20171218120142_9229.png
INFO: [ app_init ] --START--
INFO: Run Behavior\BuildLiteBehavior [ RunTime:0.000014s ]
INFO: [ app_init ] --END-- [ RunTime:0.000339s ]
ERR: 无法加载模块:Public

[ 2018-03-21T17:02:12+08:00 ] 127.0.0.1 /Public/uploading/images/Product/YZS20171218120119_7087.png
INFO: [ app_init ] --START--
INFO: Run Behavior\BuildLiteBehavior [ RunTime:0.000009s ]
INFO: [ app_init ] --END-- [ RunTime:0.000248s ]
ERR: 无法加载模块:Public

[ 2018-03-21T17:02:45+08:00 ] 127.0.0.1 /Public/uploading/images/roasting/YZS20171219032939_3389.jpg
INFO: [ app_init ] --START--
INFO: Run Behavior\BuildLiteBehavior [ RunTime:0.000009s ]
INFO: [ app_init ] --END-- [ RunTime:0.000245s ]
ERR: 无法加载模块:Public

[ 2018-03-21T17:02:45+08:00 ] 127.0.0.1 /Public/uploading/images/roasting/YZS20171219033009_1361.jpg
INFO: [ app_init ] --START--
INFO: Run Behavior\BuildLiteBehavior [ RunTime:0.000008s ]
INFO: [ app_init ] --END-- [ RunTime:0.000253s ]
ERR: 无法加载模块:Public

[ 2018-03-21T17:03:55+08:00 ] 127.0.0.1 /Public/uploading/images/roasting/YZS20171218110008_2464.png
INFO: [ app_init ] --START--
INFO: Run Behavior\BuildLiteBehavior [ RunTime:0.000024s ]
INFO: [ app_init ] --END-- [ RunTime:0.000538s ]
ERR: 无法加载模块:Public

[ 2018-03-21T17:04:05+08:00 ] 127.0.0.1 /Public/uploading/images/roasting/YZS20171218110008_2464.png
INFO: [ app_init ] --START--
INFO: Run Behavior\BuildLiteBehavior [ RunTime:0.000011s ]
INFO: [ app_init ] --END-- [ RunTime:0.000292s ]
ERR: 无法加载模块:Public

[ 2018-03-21T17:04:05+08:00 ] 127.0.0.1 /Public/uploading/images/Product/YZS20171218120119_7087.png
INFO: [ app_init ] --START--
INFO: Run Behavior\BuildLiteBehavior [ RunTime:0.000011s ]
INFO: [ app_init ] --END-- [ RunTime:0.000281s ]
ERR: 无法加载模块:Public

[ 2018-03-21T17:04:08+08:00 ] 127.0.0.1 /Public/uploading/images/roasting/YZS20171219032939_3389.jpg
INFO: [ app_init ] --START--
INFO: Run Behavior\BuildLiteBehavior [ RunTime:0.000009s ]
INFO: [ app_init ] --END-- [ RunTime:0.000242s ]
ERR: 无法加载模块:Public

[ 2018-03-21T17:04:08+08:00 ] 127.0.0.1 /Public/uploading/images/roasting/YZS20171219033009_1361.jpg
INFO: [ app_init ] --START--
INFO: Run Behavior\BuildLiteBehavior [ RunTime:0.000027s ]
INFO: [ app_init ] --END-- [ RunTime:0.000260s ]
ERR: 无法加载模块:Public

[ 2018-03-21T17:05:30+08:00 ] 127.0.0.1 /Public/uploading/images/roasting/YZS20171219032939_3389.jpg
INFO: [ app_init ] --START--
INFO: Run Behavior\BuildLiteBehavior [ RunTime:0.000008s ]
INFO: [ app_init ] --END-- [ RunTime:0.000236s ]
ERR: 无法加载模块:Public

[ 2018-03-21T17:05:30+08:00 ] 127.0.0.1 /Public/uploading/images/roasting/YZS20171219033009_1361.jpg
INFO: [ app_init ] --START--
INFO: Run Behavior\BuildLiteBehavior [ RunTime:0.000008s ]
INFO: [ app_init ] --END-- [ RunTime:0.000279s ]
ERR: 无法加载模块:Public

[ 2018-03-21T17:07:27+08:00 ] 127.0.0.1 /Public/uploading/images/roasting/YZS20171219033009_1361.jpg
INFO: [ app_init ] --START--
INFO: Run Behavior\BuildLiteBehavior [ RunTime:0.000021s ]
INFO: [ app_init ] --END-- [ RunTime:0.000281s ]
ERR: 无法加载模块:Public

[ 2018-03-21T17:07:44+08:00 ] 127.0.0.1 /Public/uploading/images/Product/YZS20171218120119_7087.png
INFO: [ app_init ] --START--
INFO: Run Behavior\BuildLiteBehavior [ RunTime:0.000009s ]
INFO: [ app_init ] --END-- [ RunTime:0.000309s ]
ERR: 无法加载模块:Public

[ 2018-03-21T17:07:44+08:00 ] 127.0.0.1 /Public/uploading/images/roasting/YZS20171218110008_2464.png
INFO: [ app_init ] --START--
INFO: Run Behavior\BuildLiteBehavior [ RunTime:0.000011s ]
INFO: [ app_init ] --END-- [ RunTime:0.000368s ]
ERR: 无法加载模块:Public

[ 2018-03-21T17:07:46+08:00 ] 127.0.0.1 /Public/uploading/images/roasting/YZS20171219033009_1361.jpg
INFO: [ app_init ] --START--
INFO: Run Behavior\BuildLiteBehavior [ RunTime:0.000011s ]
INFO: [ app_init ] --END-- [ RunTime:0.000297s ]
ERR: 无法加载模块:Public

[ 2018-03-21T17:07:46+08:00 ] 127.0.0.1 /Public/uploading/images/roasting/YZS20171219032939_3389.jpg
INFO: [ app_init ] --START--
INFO: Run Behavior\BuildLiteBehavior [ RunTime:0.000022s ]
INFO: [ app_init ] --END-- [ RunTime:0.000477s ]
ERR: 无法加载模块:Public

[ 2018-03-21T17:10:09+08:00 ] 127.0.0.1 /Public/uploading/images/roasting/YZS20171219032939_3389.jpg
INFO: [ app_init ] --START--
INFO: Run Behavior\BuildLiteBehavior [ RunTime:0.000008s ]
INFO: [ app_init ] --END-- [ RunTime:0.000235s ]
ERR: 无法加载模块:Public

[ 2018-03-21T17:10:09+08:00 ] 127.0.0.1 /Public/uploading/images/roasting/YZS20171219033009_1361.jpg
INFO: [ app_init ] --START--
INFO: Run Behavior\BuildLiteBehavior [ RunTime:0.000020s ]
INFO: [ app_init ] --END-- [ RunTime:0.000512s ]
ERR: 无法加载模块:Public

[ 2018-03-21T17:10:11+08:00 ] 127.0.0.1 /Public/uploading/images/roasting/YZS20171218110008_2464.png
INFO: [ app_init ] --START--
INFO: Run Behavior\BuildLiteBehavior [ RunTime:0.000009s ]
INFO: [ app_init ] --END-- [ RunTime:0.000284s ]
ERR: 无法加载模块:Public

[ 2018-03-21T17:10:11+08:00 ] 127.0.0.1 /Public/uploading/images/Product/YZS20171218120119_7087.png
INFO: [ app_init ] --START--
INFO: Run Behavior\BuildLiteBehavior [ RunTime:0.000010s ]
INFO: [ app_init ] --END-- [ RunTime:0.000301s ]
ERR: 无法加载模块:Public

[ 2018-03-21T17:10:12+08:00 ] 127.0.0.1 /Public/uploading/images/roasting/YZS20171219032939_3389.jpg
INFO: [ app_init ] --START--
INFO: Run Behavior\BuildLiteBehavior [ RunTime:0.000012s ]
INFO: [ app_init ] --END-- [ RunTime:0.000333s ]
ERR: 无法加载模块:Public

[ 2018-03-21T17:10:12+08:00 ] 127.0.0.1 /Public/uploading/images/roasting/YZS20171219033009_1361.jpg
INFO: [ app_init ] --START--
INFO: Run Behavior\BuildLiteBehavior [ RunTime:0.000009s ]
INFO: [ app_init ] --END-- [ RunTime:0.000304s ]
ERR: 无法加载模块:Public

[ 2018-03-21T17:12:14+08:00 ] 127.0.0.1 /Public/uploading/images/roasting/YZS20171219032939_3389.jpg
INFO: [ app_init ] --START--
INFO: Run Behavior\BuildLiteBehavior [ RunTime:0.000008s ]
INFO: [ app_init ] --END-- [ RunTime:0.000244s ]
ERR: 无法加载模块:Public

[ 2018-03-21T17:12:14+08:00 ] 127.0.0.1 /Public/uploading/images/roasting/YZS20171219033009_1361.jpg
INFO: [ app_init ] --START--
INFO: Run Behavior\BuildLiteBehavior [ RunTime:0.000014s ]
INFO: [ app_init ] --END-- [ RunTime:0.000354s ]
ERR: 无法加载模块:Public

[ 2018-03-21T17:12:15+08:00 ] 127.0.0.1 /Public/uploading/images/roasting/YZS20171218110008_2464.png
INFO: [ app_init ] --START--
INFO: Run Behavior\BuildLiteBehavior [ RunTime:0.000012s ]
INFO: [ app_init ] --END-- [ RunTime:0.000322s ]
ERR: 无法加载模块:Public

[ 2018-03-21T17:12:15+08:00 ] 127.0.0.1 /Public/uploading/images/Product/YZS20171218120119_7087.png
INFO: [ app_init ] --START--
INFO: Run Behavior\BuildLiteBehavior [ RunTime:0.000012s ]
INFO: [ app_init ] --END-- [ RunTime:0.000362s ]
ERR: 无法加载模块:Public

[ 2018-03-21T17:12:16+08:00 ] 127.0.0.1 /Public/uploading/images/roasting/YZS20171219032939_3389.jpg
INFO: [ app_init ] --START--
INFO: Run Behavior\BuildLiteBehavior [ RunTime:0.000009s ]
INFO: [ app_init ] --END-- [ RunTime:0.000265s ]
ERR: 无法加载模块:Public

[ 2018-03-21T17:12:16+08:00 ] 127.0.0.1 /Public/uploading/images/roasting/YZS20171219033009_1361.jpg
INFO: [ app_init ] --START--
INFO: Run Behavior\BuildLiteBehavior [ RunTime:0.000030s ]
INFO: [ app_init ] --END-- [ RunTime:0.000639s ]
ERR: 无法加载模块:Public

[ 2018-03-21T17:12:17+08:00 ] 127.0.0.1 /Public/uploading/images/roasting/YZS20171218110008_2464.png
INFO: [ app_init ] --START--
INFO: Run Behavior\BuildLiteBehavior [ RunTime:0.000017s ]
INFO: [ app_init ] --END-- [ RunTime:0.000285s ]
ERR: 无法加载模块:Public

[ 2018-03-21T17:12:17+08:00 ] 127.0.0.1 /Public/uploading/images/Product/YZS20171218120119_7087.png
INFO: [ app_init ] --START--
INFO: Run Behavior\BuildLiteBehavior [ RunTime:0.000015s ]
INFO: [ app_init ] --END-- [ RunTime:0.000342s ]
ERR: 无法加载模块:Public

[ 2018-03-21T17:12:18+08:00 ] 127.0.0.1 /Public/uploading/images/roasting/YZS20171219032939_3389.jpg
INFO: [ app_init ] --START--
INFO: Run Behavior\BuildLiteBehavior [ RunTime:0.000018s ]
INFO: [ app_init ] --END-- [ RunTime:0.000400s ]
ERR: 无法加载模块:Public

[ 2018-03-21T17:12:18+08:00 ] 127.0.0.1 /Public/uploading/images/roasting/YZS20171219033009_1361.jpg
INFO: [ app_init ] --START--
INFO: Run Behavior\BuildLiteBehavior [ RunTime:0.000019s ]
INFO: [ app_init ] --END-- [ RunTime:0.000390s ]
ERR: 无法加载模块:Public

[ 2018-03-21T17:12:24+08:00 ] 127.0.0.1 /Public/uploading/images/roasting/YZS20171219033009_1361.jpg
INFO: [ app_init ] --START--
INFO: Run Behavior\BuildLiteBehavior [ RunTime:0.000008s ]
INFO: [ app_init ] --END-- [ RunTime:0.000229s ]
ERR: 无法加载模块:Public

[ 2018-03-21T17:12:24+08:00 ] 127.0.0.1 /Public/uploading/images/roasting/YZS20171219032939_3389.jpg
INFO: [ app_init ] --START--
INFO: Run Behavior\BuildLiteBehavior [ RunTime:0.000012s ]
INFO: [ app_init ] --END-- [ RunTime:0.000332s ]
ERR: 无法加载模块:Public

[ 2018-03-21T17:12:25+08:00 ] 127.0.0.1 /Public/uploading/images/roasting/YZS20171218110008_2464.png
INFO: [ app_init ] --START--
INFO: Run Behavior\BuildLiteBehavior [ RunTime:0.000009s ]
INFO: [ app_init ] --END-- [ RunTime:0.000246s ]
ERR: 无法加载模块:Public

[ 2018-03-21T17:12:25+08:00 ] 127.0.0.1 /Public/uploading/images/Product/YZS20171218120119_7087.png
INFO: [ app_init ] --START--
INFO: Run Behavior\BuildLiteBehavior [ RunTime:0.000008s ]
INFO: [ app_init ] --END-- [ RunTime:0.000222s ]
ERR: 无法加载模块:Public

[ 2018-03-21T17:12:26+08:00 ] 127.0.0.1 /Public/uploading/images/roasting/YZS20171219032939_3389.jpg
INFO: [ app_init ] --START--
INFO: Run Behavior\BuildLiteBehavior [ RunTime:0.000015s ]
INFO: [ app_init ] --END-- [ RunTime:0.000245s ]
ERR: 无法加载模块:Public

[ 2018-03-21T17:12:26+08:00 ] 127.0.0.1 /Public/uploading/images/roasting/YZS20171219033009_1361.jpg
INFO: [ app_init ] --START--
INFO: Run Behavior\BuildLiteBehavior [ RunTime:0.000008s ]
INFO: [ app_init ] --END-- [ RunTime:0.000228s ]
ERR: 无法加载模块:Public

[ 2018-03-21T17:12:31+08:00 ] 127.0.0.1 /Public/uploading/images/roasting/YZS20171219032939_3389.jpg
INFO: [ app_init ] --START--
INFO: Run Behavior\BuildLiteBehavior [ RunTime:0.000008s ]
INFO: [ app_init ] --END-- [ RunTime:0.000240s ]
ERR: 无法加载模块:Public

[ 2018-03-21T17:12:31+08:00 ] 127.0.0.1 /Public/uploading/images/roasting/YZS20171218110008_2464.png
INFO: [ app_init ] --START--
INFO: Run Behavior\BuildLiteBehavior [ RunTime:0.000010s ]
INFO: [ app_init ] --END-- [ RunTime:0.000330s ]
ERR: 无法加载模块:Public

[ 2018-03-21T17:12:31+08:00 ] 127.0.0.1 /Public/uploading/images/Product/YZS20171218120119_7087.png
INFO: [ app_init ] --START--
INFO: Run Behavior\BuildLiteBehavior [ RunTime:0.000013s ]
INFO: [ app_init ] --END-- [ RunTime:0.000349s ]
ERR: 无法加载模块:Public

[ 2018-03-21T17:12:31+08:00 ] 127.0.0.1 /Public/uploading/images/roasting/YZS20171219033009_1361.jpg
INFO: [ app_init ] --START--
INFO: Run Behavior\BuildLiteBehavior [ RunTime:0.000009s ]
INFO: [ app_init ] --END-- [ RunTime:0.000268s ]
ERR: 无法加载模块:Public

[ 2018-03-21T17:12:31+08:00 ] 127.0.0.1 /Public/uploading/images/Product/YZS20171218120205_5333.png
INFO: [ app_init ] --START--
INFO: Run Behavior\BuildLiteBehavior [ RunTime:0.000011s ]
INFO: [ app_init ] --END-- [ RunTime:0.000347s ]
ERR: 无法加载模块:Public

[ 2018-03-21T17:12:36+08:00 ] 127.0.0.1 /Public/uploading/images/roasting/YZS20171219033009_1361.jpg
INFO: [ app_init ] --START--
INFO: Run Behavior\BuildLiteBehavior [ RunTime:0.000008s ]
INFO: [ app_init ] --END-- [ RunTime:0.000234s ]
ERR: 无法加载模块:Public

[ 2018-03-21T17:12:36+08:00 ] 127.0.0.1 /Public/uploading/images/roasting/YZS20171219032939_3389.jpg
INFO: [ app_init ] --START--
INFO: Run Behavior\BuildLiteBehavior [ RunTime:0.000018s ]
INFO: [ app_init ] --END-- [ RunTime:0.000232s ]
ERR: 无法加载模块:Public

