[ 2018-03-14T09:39:08+08:00 ] 127.0.0.1 /favicon.ico
INFO: [ app_init ] --START--
INFO: Run Behavior\BuildLiteBehavior [ RunTime:0.000008s ]
INFO: [ app_init ] --END-- [ RunTime:0.000242s ]
ERR: 无法加载模块:Favicon

[ 2018-03-14T11:40:34+08:00 ] 127.0.0.1 /Public/uploading/wechat/images/weixin/YZS20180125001443_9615.jpg
INFO: [ app_init ] --START--
INFO: Run Behavior\BuildLiteBehavior [ RunTime:0.000013s ]
INFO: [ app_init ] --END-- [ RunTime:0.000339s ]
ERR: 无法加载模块:Public

[ 2018-03-14T11:40:34+08:00 ] 127.0.0.1 /Public/uploading/wechat/images/weixin/YZS20180125001539_5890.jpg
INFO: [ app_init ] --START--
INFO: Run Behavior\BuildLiteBehavior [ RunTime:0.000014s ]
INFO: [ app_init ] --END-- [ RunTime:0.000397s ]
ERR: 无法加载模块:Public

[ 2018-03-14T11:40:34+08:00 ] 127.0.0.1 /Public/uploading/wechat/images/weixin/YZS20180125001504_2415.jpg
INFO: [ app_init ] --START--
INFO: Run Behavior\BuildLiteBehavior [ RunTime:0.000015s ]
INFO: [ app_init ] --END-- [ RunTime:0.000511s ]
ERR: 无法加载模块:Public

[ 2018-03-14T11:40:34+08:00 ] 127.0.0.1 /Public/uploading/wechat/images/weixin/YZS20180125001454_9835.jpg
INFO: [ app_init ] --START--
INFO: Run Behavior\BuildLiteBehavior [ RunTime:0.000014s ]
INFO: [ app_init ] --END-- [ RunTime:0.000375s ]
ERR: 无法加载模块:Public

[ 2018-03-14T11:40:34+08:00 ] 127.0.0.1 /Public/uploading/wechat/images/weixin/YZS20180125001512_2285.jpg
INFO: [ app_init ] --START--
INFO: Run Behavior\BuildLiteBehavior [ RunTime:0.000008s ]
INFO: [ app_init ] --END-- [ RunTime:0.000261s ]
ERR: 无法加载模块:Public

[ 2018-03-14T11:40:34+08:00 ] 127.0.0.1 /Public/uploading/wechat/images/weixin/YZS20180125001555_7448.jpg
INFO: [ app_init ] --START--
INFO: Run Behavior\BuildLiteBehavior [ RunTime:0.000012s ]
INFO: [ app_init ] --END-- [ RunTime:0.000323s ]
ERR: 无法加载模块:Public

[ 2018-03-14T11:40:34+08:00 ] 127.0.0.1 /Public/uploading/wechat/images/weixin/YZS20180125001546_7578.jpg
INFO: [ app_init ] --START--
INFO: Run Behavior\BuildLiteBehavior [ RunTime:0.000009s ]
INFO: [ app_init ] --END-- [ RunTime:0.000311s ]
ERR: 无法加载模块:Public

[ 2018-03-14T11:40:34+08:00 ] 127.0.0.1 /Public/uploading/wechat/images/weixin/YZS20180125001603_7352.jpg
INFO: [ app_init ] --START--
INFO: Run Behavior\BuildLiteBehavior [ RunTime:0.000012s ]
INFO: [ app_init ] --END-- [ RunTime:0.000328s ]
ERR: 无法加载模块:Public

[ 2018-03-14T11:40:34+08:00 ] 127.0.0.1 /Public/uploading/wechat/images/weixin/YZS20180125001609_7003.jpg
INFO: [ app_init ] --START--
INFO: Run Behavior\BuildLiteBehavior [ RunTime:0.000009s ]
INFO: [ app_init ] --END-- [ RunTime:0.000240s ]
ERR: 无法加载模块:Public

[ 2018-03-14T11:55:19+08:00 ] 127.0.0.1 /Public/uploading/wechat/images/weixin/YZS20171222223130_1363.jpg
INFO: [ app_init ] --START--
INFO: Run Behavior\BuildLiteBehavior [ RunTime:0.000013s ]
INFO: [ app_init ] --END-- [ RunTime:0.000318s ]
ERR: 无法加载模块:Public

[ 2018-03-14T11:55:19+08:00 ] 127.0.0.1 /Public/uploading/wechat/images/weixin/YZS20171222223119_4054.jpg
INFO: [ app_init ] --START--
INFO: Run Behavior\BuildLiteBehavior [ RunTime:0.000066s ]
INFO: [ app_init ] --END-- [ RunTime:0.001089s ]
ERR: 无法加载模块:Public

[ 2018-03-14T11:55:19+08:00 ] 127.0.0.1 /Public/uploading/wechat/images/weixin/YZS20171222223139_2382.jpg
INFO: [ app_init ] --START--
INFO: Run Behavior\BuildLiteBehavior [ RunTime:0.000015s ]
INFO: [ app_init ] --END-- [ RunTime:0.000488s ]
ERR: 无法加载模块:Public

[ 2018-03-14T11:55:19+08:00 ] 127.0.0.1 /Public/uploading/wechat/images/weixin/YZS20171222223155_7505.jpg
INFO: [ app_init ] --START--
INFO: Run Behavior\BuildLiteBehavior [ RunTime:0.000016s ]
INFO: [ app_init ] --END-- [ RunTime:0.000391s ]
ERR: 无法加载模块:Public

[ 2018-03-14T11:55:19+08:00 ] 127.0.0.1 /Public/uploading/wechat/images/weixin/YZS20171222223150_3860.jpg
INFO: [ app_init ] --START--
INFO: Run Behavior\BuildLiteBehavior [ RunTime:0.000014s ]
INFO: [ app_init ] --END-- [ RunTime:0.000374s ]
ERR: 无法加载模块:Public

[ 2018-03-14T11:55:19+08:00 ] 127.0.0.1 /Public/uploading/wechat/images/weixin/YZS20171222223125_3292.jpg
INFO: [ app_init ] --START--
INFO: Run Behavior\BuildLiteBehavior [ RunTime:0.000013s ]
INFO: [ app_init ] --END-- [ RunTime:0.000396s ]
ERR: 无法加载模块:Public

[ 2018-03-14T11:55:19+08:00 ] 127.0.0.1 /Public/uploading/wechat/images/weixin/YZS20171222223200_3357.jpg
INFO: [ app_init ] --START--
INFO: Run Behavior\BuildLiteBehavior [ RunTime:0.000014s ]
INFO: [ app_init ] --END-- [ RunTime:0.000330s ]
ERR: 无法加载模块:Public

[ 2018-03-14T11:55:50+08:00 ] 127.0.0.1 /Public/uploading/wechat/images/weixin/YZS20171219031516_2985.jpg
INFO: [ app_init ] --START--
INFO: Run Behavior\BuildLiteBehavior [ RunTime:0.000016s ]
INFO: [ app_init ] --END-- [ RunTime:0.000317s ]
ERR: 无法加载模块:Public

[ 2018-03-14T11:55:50+08:00 ] 127.0.0.1 /Public/uploading/wechat/images/weixin/YZS20171219031551_2916.jpg
INFO: [ app_init ] --START--
INFO: Run Behavior\BuildLiteBehavior [ RunTime:0.000010s ]
INFO: [ app_init ] --END-- [ RunTime:0.000274s ]
ERR: 无法加载模块:Public

[ 2018-03-14T11:55:50+08:00 ] 127.0.0.1 /Public/uploading/wechat/images/weixin/YZS20171219031522_6919.jpg
INFO: [ app_init ] --START--
INFO: Run Behavior\BuildLiteBehavior [ RunTime:0.000013s ]
INFO: [ app_init ] --END-- [ RunTime:0.000353s ]
ERR: 无法加载模块:Public

[ 2018-03-14T11:55:50+08:00 ] 127.0.0.1 /Public/uploading/wechat/images/weixin/YZS20171219031546_6495.jpg
INFO: [ app_init ] --START--
INFO: Run Behavior\BuildLiteBehavior [ RunTime:0.000013s ]
INFO: [ app_init ] --END-- [ RunTime:0.000302s ]
ERR: 无法加载模块:Public

[ 2018-03-14T11:55:50+08:00 ] 127.0.0.1 /Public/uploading/wechat/images/weixin/YZS20171219031533_3313.jpg
INFO: [ app_init ] --START--
INFO: Run Behavior\BuildLiteBehavior [ RunTime:0.000014s ]
INFO: [ app_init ] --END-- [ RunTime:0.000351s ]
ERR: 无法加载模块:Public

[ 2018-03-14T13:53:00+08:00 ] 127.0.0.1 /Public/uploading/wechat/images/weixin/YZS20171219031528_5965.jpg
INFO: [ app_init ] --START--
INFO: Run Behavior\BuildLiteBehavior [ RunTime:0.000009s ]
INFO: [ app_init ] --END-- [ RunTime:0.000237s ]
ERR: 无法加载模块:Public

[ 2018-03-14T13:53:00+08:00 ] 127.0.0.1 /Public/uploading/wechat/images/weixin/YZS20171219031533_3313.jpg
INFO: [ app_init ] --START--
INFO: Run Behavior\BuildLiteBehavior [ RunTime:0.000015s ]
INFO: [ app_init ] --END-- [ RunTime:0.000306s ]
ERR: 无法加载模块:Public

[ 2018-03-14T13:53:00+08:00 ] 127.0.0.1 /Public/uploading/wechat/images/weixin/YZS20171219031551_2916.jpg
INFO: [ app_init ] --START--
INFO: Run Behavior\BuildLiteBehavior [ RunTime:0.000008s ]
INFO: [ app_init ] --END-- [ RunTime:0.000270s ]
ERR: 无法加载模块:Public

[ 2018-03-14T13:53:19+08:00 ] 127.0.0.1 /Public/uploading/wechat/images/weixin/YZS20171219031528_5965.jpg
INFO: [ app_init ] --START--
INFO: Run Behavior\BuildLiteBehavior [ RunTime:0.000007s ]
INFO: [ app_init ] --END-- [ RunTime:0.000224s ]
ERR: 无法加载模块:Public

[ 2018-03-14T13:53:19+08:00 ] 127.0.0.1 /Public/uploading/wechat/images/weixin/YZS20171219031533_3313.jpg
INFO: [ app_init ] --START--
INFO: Run Behavior\BuildLiteBehavior [ RunTime:0.000008s ]
INFO: [ app_init ] --END-- [ RunTime:0.000229s ]
ERR: 无法加载模块:Public

[ 2018-03-14T13:53:19+08:00 ] 127.0.0.1 /Public/uploading/wechat/images/weixin/YZS20171219031551_2916.jpg
INFO: [ app_init ] --START--
INFO: Run Behavior\BuildLiteBehavior [ RunTime:0.000009s ]
INFO: [ app_init ] --END-- [ RunTime:0.000262s ]
ERR: 无法加载模块:Public

[ 2018-03-14T13:53:23+08:00 ] 127.0.0.1 /Public/uploading/wechat/images/weixin/YZS20171222223119_4054.jpg
INFO: [ app_init ] --START--
INFO: Run Behavior\BuildLiteBehavior [ RunTime:0.000013s ]
INFO: [ app_init ] --END-- [ RunTime:0.000333s ]
ERR: 无法加载模块:Public

[ 2018-03-14T13:53:23+08:00 ] 127.0.0.1 /Public/uploading/wechat/images/weixin/YZS20171222223139_2382.jpg
INFO: [ app_init ] --START--
INFO: Run Behavior\BuildLiteBehavior [ RunTime:0.000046s ]
INFO: [ app_init ] --END-- [ RunTime:0.000755s ]
ERR: 无法加载模块:Public

[ 2018-03-14T13:53:23+08:00 ] 127.0.0.1 /Public/uploading/wechat/images/weixin/YZS20171222223150_3860.jpg
INFO: [ app_init ] --START--
INFO: Run Behavior\BuildLiteBehavior [ RunTime:0.000014s ]
INFO: [ app_init ] --END-- [ RunTime:0.000371s ]
ERR: 无法加载模块:Public

[ 2018-03-14T13:53:23+08:00 ] 127.0.0.1 /Public/uploading/wechat/images/weixin/YZS20171222223155_7505.jpg
INFO: [ app_init ] --START--
INFO: Run Behavior\BuildLiteBehavior [ RunTime:0.000012s ]
INFO: [ app_init ] --END-- [ RunTime:0.000347s ]
ERR: 无法加载模块:Public

[ 2018-03-14T13:53:23+08:00 ] 127.0.0.1 /Public/uploading/wechat/images/weixin/YZS20171222223200_3357.jpg
INFO: [ app_init ] --START--
INFO: Run Behavior\BuildLiteBehavior [ RunTime:0.000013s ]
INFO: [ app_init ] --END-- [ RunTime:0.000383s ]
ERR: 无法加载模块:Public

[ 2018-03-14T13:53:23+08:00 ] 127.0.0.1 /Public/uploading/wechat/images/weixin/YZS20171222223125_3292.jpg
INFO: [ app_init ] --START--
INFO: Run Behavior\BuildLiteBehavior [ RunTime:0.000010s ]
INFO: [ app_init ] --END-- [ RunTime:0.000248s ]
ERR: 无法加载模块:Public

[ 2018-03-14T13:54:11+08:00 ] 127.0.0.1 /Public/uploading/wechat/images/weixin/YZS20180305145348_5819.jpg
INFO: [ app_init ] --START--
INFO: Run Behavior\BuildLiteBehavior [ RunTime:0.000016s ]
INFO: [ app_init ] --END-- [ RunTime:0.000358s ]
ERR: 无法加载模块:Public

[ 2018-03-14T13:54:11+08:00 ] 127.0.0.1 /Public/uploading/wechat/images/weixin/YZS20180305145512_3699.jpg
INFO: [ app_init ] --START--
INFO: Run Behavior\BuildLiteBehavior [ RunTime:0.000009s ]
INFO: [ app_init ] --END-- [ RunTime:0.000232s ]
ERR: 无法加载模块:Public

[ 2018-03-14T13:54:11+08:00 ] 127.0.0.1 /Public/uploading/wechat/images/weixin/YZS20180305145402_3753.jpg
INFO: [ app_init ] --START--
INFO: Run Behavior\BuildLiteBehavior [ RunTime:0.000013s ]
INFO: [ app_init ] --END-- [ RunTime:0.000331s ]
ERR: 无法加载模块:Public

[ 2018-03-14T13:54:11+08:00 ] 127.0.0.1 /Public/uploading/wechat/images/weixin/YZS20180305145513_1515.jpg
INFO: [ app_init ] --START--
INFO: Run Behavior\BuildLiteBehavior [ RunTime:0.000009s ]
INFO: [ app_init ] --END-- [ RunTime:0.000242s ]
ERR: 无法加载模块:Public

[ 2018-03-14T13:54:11+08:00 ] 127.0.0.1 /Public/uploading/wechat/images/weixin/YZS20180305145513_9542.jpg
INFO: [ app_init ] --START--
INFO: Run Behavior\BuildLiteBehavior [ RunTime:0.000012s ]
INFO: [ app_init ] --END-- [ RunTime:0.000327s ]
ERR: 无法加载模块:Public

[ 2018-03-14T13:54:11+08:00 ] 127.0.0.1 /Public/uploading/wechat/images/weixin/YZS20180305145641_8630.jpg
INFO: [ app_init ] --START--
INFO: Run Behavior\BuildLiteBehavior [ RunTime:0.000010s ]
INFO: [ app_init ] --END-- [ RunTime:0.000258s ]
ERR: 无法加载模块:Public

[ 2018-03-14T13:54:11+08:00 ] 127.0.0.1 /Public/uploading/wechat/images/weixin/YZS20180305145628_2343.jpg
INFO: [ app_init ] --START--
INFO: Run Behavior\BuildLiteBehavior [ RunTime:0.000008s ]
INFO: [ app_init ] --END-- [ RunTime:0.000247s ]
ERR: 无法加载模块:Public

[ 2018-03-14T13:54:11+08:00 ] 127.0.0.1 /Public/uploading/wechat/images/weixin/YZS20180305145545_9650.jpg
INFO: [ app_init ] --START--
INFO: Run Behavior\BuildLiteBehavior [ RunTime:0.000018s ]
INFO: [ app_init ] --END-- [ RunTime:0.000348s ]
ERR: 无法加载模块:Public

[ 2018-03-14T13:54:11+08:00 ] 127.0.0.1 /Public/uploading/wechat/images/weixin/YZS20180305145634_3881.jpg
INFO: [ app_init ] --START--
INFO: Run Behavior\BuildLiteBehavior [ RunTime:0.000010s ]
INFO: [ app_init ] --END-- [ RunTime:0.000253s ]
ERR: 无法加载模块:Public

[ 2018-03-14T13:57:07+08:00 ] 127.0.0.1 /Public/uploading/wechat/images/weixin/YZS20180305145525_7579.jpg
INFO: [ app_init ] --START--
INFO: Run Behavior\BuildLiteBehavior [ RunTime:0.000013s ]
INFO: [ app_init ] --END-- [ RunTime:0.000343s ]
ERR: 无法加载模块:Public

[ 2018-03-14T13:57:07+08:00 ] 127.0.0.1 /Public/uploading/wechat/images/weixin/YZS20180305145348_5819.jpg
INFO: [ app_init ] --START--
INFO: Run Behavior\BuildLiteBehavior [ RunTime:0.000037s ]
INFO: [ app_init ] --END-- [ RunTime:0.000490s ]
ERR: 无法加载模块:Public

[ 2018-03-14T13:57:07+08:00 ] 127.0.0.1 /Public/uploading/wechat/images/weixin/YZS20180305145402_3753.jpg
INFO: [ app_init ] --START--
INFO: Run Behavior\BuildLiteBehavior [ RunTime:0.000025s ]
INFO: [ app_init ] --END-- [ RunTime:0.000448s ]
ERR: 无法加载模块:Public

[ 2018-03-14T13:57:07+08:00 ] 127.0.0.1 /Public/uploading/wechat/images/weixin/YZS20180305145512_4709.jpg
INFO: [ app_init ] --START--
INFO: Run Behavior\BuildLiteBehavior [ RunTime:0.000015s ]
INFO: [ app_init ] --END-- [ RunTime:0.000382s ]
ERR: 无法加载模块:Public

[ 2018-03-14T13:57:07+08:00 ] 127.0.0.1 /Public/uploading/wechat/images/weixin/YZS20180305145513_1515.jpg
INFO: [ app_init ] --START--
INFO: Run Behavior\BuildLiteBehavior [ RunTime:0.000011s ]
INFO: [ app_init ] --END-- [ RunTime:0.000284s ]
ERR: 无法加载模块:Public

[ 2018-03-14T13:57:07+08:00 ] 127.0.0.1 /Public/uploading/wechat/images/weixin/YZS20180305145512_3699.jpg
INFO: [ app_init ] --START--
INFO: Run Behavior\BuildLiteBehavior [ RunTime:0.000015s ]
INFO: [ app_init ] --END-- [ RunTime:0.000425s ]
ERR: 无法加载模块:Public

[ 2018-03-14T13:57:07+08:00 ] 127.0.0.1 /Public/uploading/wechat/images/weixin/YZS20180305145513_9542.jpg
INFO: [ app_init ] --START--
INFO: Run Behavior\BuildLiteBehavior [ RunTime:0.000010s ]
INFO: [ app_init ] --END-- [ RunTime:0.000229s ]
ERR: 无法加载模块:Public

[ 2018-03-14T13:57:07+08:00 ] 127.0.0.1 /Public/uploading/wechat/images/weixin/YZS20180305145545_9650.jpg
INFO: [ app_init ] --START--
INFO: Run Behavior\BuildLiteBehavior [ RunTime:0.000012s ]
INFO: [ app_init ] --END-- [ RunTime:0.000322s ]
ERR: 无法加载模块:Public

[ 2018-03-14T13:57:07+08:00 ] 127.0.0.1 /Public/uploading/wechat/images/weixin/YZS20180305145628_2343.jpg
INFO: [ app_init ] --START--
INFO: Run Behavior\BuildLiteBehavior [ RunTime:0.000013s ]
INFO: [ app_init ] --END-- [ RunTime:0.000336s ]
ERR: 无法加载模块:Public

[ 2018-03-14T13:57:07+08:00 ] 127.0.0.1 /Public/uploading/wechat/images/weixin/YZS20180305145641_8630.jpg
INFO: [ app_init ] --START--
INFO: Run Behavior\BuildLiteBehavior [ RunTime:0.000012s ]
INFO: [ app_init ] --END-- [ RunTime:0.000341s ]
ERR: 无法加载模块:Public

[ 2018-03-14T13:57:07+08:00 ] 127.0.0.1 /Public/uploading/wechat/images/weixin/YZS20180305145634_3881.jpg
INFO: [ app_init ] --START--
INFO: Run Behavior\BuildLiteBehavior [ RunTime:0.000015s ]
INFO: [ app_init ] --END-- [ RunTime:0.000400s ]
ERR: 无法加载模块:Public

[ 2018-03-14T13:57:23+08:00 ] 127.0.0.1 /Public/uploading/wechat/images/weixin/YZS20180305145348_5819.jpg
INFO: [ app_init ] --START--
INFO: Run Behavior\BuildLiteBehavior [ RunTime:0.000013s ]
INFO: [ app_init ] --END-- [ RunTime:0.000356s ]
ERR: 无法加载模块:Public

[ 2018-03-14T13:57:23+08:00 ] 127.0.0.1 /Public/uploading/wechat/images/weixin/YZS20180305145402_3753.jpg
INFO: [ app_init ] --START--
INFO: Run Behavior\BuildLiteBehavior [ RunTime:0.000012s ]
INFO: [ app_init ] --END-- [ RunTime:0.000320s ]
ERR: 无法加载模块:Public

[ 2018-03-14T13:57:23+08:00 ] 127.0.0.1 /Public/uploading/wechat/images/weixin/YZS20180305145525_7579.jpg
INFO: [ app_init ] --START--
INFO: Run Behavior\BuildLiteBehavior [ RunTime:0.000016s ]
INFO: [ app_init ] --END-- [ RunTime:0.000801s ]
ERR: 无法加载模块:Public

[ 2018-03-14T13:57:23+08:00 ] 127.0.0.1 /Public/uploading/wechat/images/weixin/YZS20180305145512_4709.jpg
INFO: [ app_init ] --START--
INFO: Run Behavior\BuildLiteBehavior [ RunTime:0.000036s ]
INFO: [ app_init ] --END-- [ RunTime:0.000761s ]
ERR: 无法加载模块:Public

[ 2018-03-14T13:57:23+08:00 ] 127.0.0.1 /Public/uploading/wechat/images/weixin/YZS20180305145512_3699.jpg
INFO: [ app_init ] --START--
INFO: Run Behavior\BuildLiteBehavior [ RunTime:0.000030s ]
INFO: [ app_init ] --END-- [ RunTime:0.000687s ]
ERR: 无法加载模块:Public

[ 2018-03-14T13:57:23+08:00 ] 127.0.0.1 /Public/uploading/wechat/images/weixin/YZS20180305145513_1515.jpg
INFO: [ app_init ] --START--
INFO: Run Behavior\BuildLiteBehavior [ RunTime:0.000035s ]
INFO: [ app_init ] --END-- [ RunTime:0.000503s ]
ERR: 无法加载模块:Public

[ 2018-03-14T13:57:23+08:00 ] 127.0.0.1 /Public/uploading/wechat/images/weixin/YZS20180305145628_2343.jpg
INFO: [ app_init ] --START--
INFO: Run Behavior\BuildLiteBehavior [ RunTime:0.000009s ]
INFO: [ app_init ] --END-- [ RunTime:0.000271s ]
ERR: 无法加载模块:Public

[ 2018-03-14T13:57:23+08:00 ] 127.0.0.1 /Public/uploading/wechat/images/weixin/YZS20180305145545_9650.jpg
INFO: [ app_init ] --START--
INFO: Run Behavior\BuildLiteBehavior [ RunTime:0.000012s ]
INFO: [ app_init ] --END-- [ RunTime:0.000320s ]
ERR: 无法加载模块:Public

[ 2018-03-14T13:57:23+08:00 ] 127.0.0.1 /Public/uploading/wechat/images/weixin/YZS20180305145513_9542.jpg
INFO: [ app_init ] --START--
INFO: Run Behavior\BuildLiteBehavior [ RunTime:0.000013s ]
INFO: [ app_init ] --END-- [ RunTime:0.000339s ]
ERR: 无法加载模块:Public

[ 2018-03-14T13:57:23+08:00 ] 127.0.0.1 /Public/uploading/wechat/images/weixin/YZS20180305145634_3881.jpg
INFO: [ app_init ] --START--
INFO: Run Behavior\BuildLiteBehavior [ RunTime:0.000009s ]
INFO: [ app_init ] --END-- [ RunTime:0.000240s ]
ERR: 无法加载模块:Public

[ 2018-03-14T13:57:23+08:00 ] 127.0.0.1 /Public/uploading/wechat/images/weixin/YZS20180305145641_8630.jpg
INFO: [ app_init ] --START--
INFO: Run Behavior\BuildLiteBehavior [ RunTime:0.000027s ]
INFO: [ app_init ] --END-- [ RunTime:0.000263s ]
ERR: 无法加载模块:Public

[ 2018-03-14T14:02:24+08:00 ] 127.0.0.1 /Public/uploading/wechat/images/weixin/YZS20180305145348_5819.jpg
INFO: [ app_init ] --START--
INFO: Run Behavior\BuildLiteBehavior [ RunTime:0.000015s ]
INFO: [ app_init ] --END-- [ RunTime:0.000317s ]
ERR: 无法加载模块:Public

[ 2018-03-14T14:02:24+08:00 ] 127.0.0.1 /Public/uploading/wechat/images/weixin/YZS20180305145402_3753.jpg
INFO: [ app_init ] --START--
INFO: Run Behavior\BuildLiteBehavior [ RunTime:0.000014s ]
INFO: [ app_init ] --END-- [ RunTime:0.000356s ]
ERR: 无法加载模块:Public

[ 2018-03-14T14:02:24+08:00 ] 127.0.0.1 /Public/uploading/wechat/images/weixin/YZS20180305145512_3699.jpg
INFO: [ app_init ] --START--
INFO: Run Behavior\BuildLiteBehavior [ RunTime:0.000012s ]
INFO: [ app_init ] --END-- [ RunTime:0.000375s ]
ERR: 无法加载模块:Public

[ 2018-03-14T14:02:24+08:00 ] 127.0.0.1 /Public/uploading/wechat/images/weixin/YZS20180305145512_4709.jpg
INFO: [ app_init ] --START--
INFO: Run Behavior\BuildLiteBehavior [ RunTime:0.000008s ]
INFO: [ app_init ] --END-- [ RunTime:0.000393s ]
ERR: 无法加载模块:Public

[ 2018-03-14T14:02:24+08:00 ] 127.0.0.1 /Public/uploading/wechat/images/weixin/YZS20180305145513_9542.jpg
INFO: [ app_init ] --START--
INFO: Run Behavior\BuildLiteBehavior [ RunTime:0.000014s ]
INFO: [ app_init ] --END-- [ RunTime:0.000426s ]
ERR: 无法加载模块:Public

[ 2018-03-14T14:02:24+08:00 ] 127.0.0.1 /Public/uploading/wechat/images/weixin/YZS20180305145513_1515.jpg
INFO: [ app_init ] --START--
INFO: Run Behavior\BuildLiteBehavior [ RunTime:0.000011s ]
INFO: [ app_init ] --END-- [ RunTime:0.000413s ]
ERR: 无法加载模块:Public

[ 2018-03-14T14:02:24+08:00 ] 127.0.0.1 /Public/uploading/wechat/images/weixin/YZS20180305145628_2343.jpg
INFO: [ app_init ] --START--
INFO: Run Behavior\BuildLiteBehavior [ RunTime:0.000009s ]
INFO: [ app_init ] --END-- [ RunTime:0.000233s ]
ERR: 无法加载模块:Public

[ 2018-03-14T14:02:24+08:00 ] 127.0.0.1 /Public/uploading/wechat/images/weixin/YZS20180305145545_9650.jpg
INFO: [ app_init ] --START--
INFO: Run Behavior\BuildLiteBehavior [ RunTime:0.000017s ]
INFO: [ app_init ] --END-- [ RunTime:0.000553s ]
ERR: 无法加载模块:Public

[ 2018-03-14T14:02:24+08:00 ] 127.0.0.1 /Public/uploading/wechat/images/weixin/YZS20180305145634_3881.jpg
INFO: [ app_init ] --START--
INFO: Run Behavior\BuildLiteBehavior [ RunTime:0.000013s ]
INFO: [ app_init ] --END-- [ RunTime:0.000401s ]
ERR: 无法加载模块:Public

[ 2018-03-14T14:02:24+08:00 ] 127.0.0.1 /Public/uploading/wechat/images/weixin/YZS20180305145641_8630.jpg
INFO: [ app_init ] --START--
INFO: Run Behavior\BuildLiteBehavior [ RunTime:0.000010s ]
INFO: [ app_init ] --END-- [ RunTime:0.000249s ]
ERR: 无法加载模块:Public

[ 2018-03-14T14:22:29+08:00 ] 127.0.0.1 /Public/uploading/wechat/images/weixin/YZS20180305145348_5819.jpg
INFO: [ app_init ] --START--
INFO: Run Behavior\BuildLiteBehavior [ RunTime:0.000015s ]
INFO: [ app_init ] --END-- [ RunTime:0.000362s ]
ERR: 无法加载模块:Public

[ 2018-03-14T14:22:29+08:00 ] 127.0.0.1 /Public/uploading/wechat/images/weixin/YZS20180305145512_4709.jpg
INFO: [ app_init ] --START--
INFO: Run Behavior\BuildLiteBehavior [ RunTime:0.000015s ]
INFO: [ app_init ] --END-- [ RunTime:0.000402s ]
ERR: 无法加载模块:Public

[ 2018-03-14T14:22:29+08:00 ] 127.0.0.1 /Public/uploading/wechat/images/weixin/YZS20180305145512_3699.jpg
INFO: [ app_init ] --START--
INFO: Run Behavior\BuildLiteBehavior [ RunTime:0.000013s ]
INFO: [ app_init ] --END-- [ RunTime:0.000422s ]
ERR: 无法加载模块:Public

[ 2018-03-14T14:22:29+08:00 ] 127.0.0.1 /Public/uploading/wechat/images/weixin/YZS20180305145513_1515.jpg
INFO: [ app_init ] --START--
INFO: Run Behavior\BuildLiteBehavior [ RunTime:0.000074s ]
INFO: [ app_init ] --END-- [ RunTime:0.001217s ]
ERR: 无法加载模块:Public

[ 2018-03-14T14:22:29+08:00 ] 127.0.0.1 /Public/uploading/wechat/images/weixin/YZS20180305145402_3753.jpg
INFO: [ app_init ] --START--
INFO: Run Behavior\BuildLiteBehavior [ RunTime:0.000053s ]
INFO: [ app_init ] --END-- [ RunTime:0.001137s ]
ERR: 无法加载模块:Public

[ 2018-03-14T14:22:29+08:00 ] 127.0.0.1 /Public/uploading/wechat/images/weixin/YZS20180305145513_9542.jpg
INFO: [ app_init ] --START--
INFO: Run Behavior\BuildLiteBehavior [ RunTime:0.000010s ]
INFO: [ app_init ] --END-- [ RunTime:0.000363s ]
ERR: 无法加载模块:Public

[ 2018-03-14T14:22:29+08:00 ] 127.0.0.1 /Public/uploading/wechat/images/weixin/YZS20180305145545_9650.jpg
INFO: [ app_init ] --START--
INFO: Run Behavior\BuildLiteBehavior [ RunTime:0.000010s ]
INFO: [ app_init ] --END-- [ RunTime:0.000342s ]
ERR: 无法加载模块:Public

[ 2018-03-14T14:22:29+08:00 ] 127.0.0.1 /Public/uploading/wechat/images/weixin/YZS20180305145634_3881.jpg
INFO: [ app_init ] --START--
INFO: Run Behavior\BuildLiteBehavior [ RunTime:0.000009s ]
INFO: [ app_init ] --END-- [ RunTime:0.000289s ]
ERR: 无法加载模块:Public

[ 2018-03-14T14:22:29+08:00 ] 127.0.0.1 /Public/uploading/wechat/images/weixin/YZS20180305145628_2343.jpg
INFO: [ app_init ] --START--
INFO: Run Behavior\BuildLiteBehavior [ RunTime:0.000012s ]
INFO: [ app_init ] --END-- [ RunTime:0.000267s ]
ERR: 无法加载模块:Public

[ 2018-03-14T14:22:29+08:00 ] 127.0.0.1 /Public/uploading/wechat/images/weixin/YZS20180305145641_8630.jpg
INFO: [ app_init ] --START--
INFO: Run Behavior\BuildLiteBehavior [ RunTime:0.000013s ]
INFO: [ app_init ] --END-- [ RunTime:0.000340s ]
ERR: 无法加载模块:Public

[ 2018-03-14T14:46:47+08:00 ] 127.0.0.1 /Public/uploading/wechat/images/weixin/YZS20180305145348_5819.jpg
INFO: [ app_init ] --START--
INFO: Run Behavior\BuildLiteBehavior [ RunTime:0.000013s ]
INFO: [ app_init ] --END-- [ RunTime:0.000452s ]
ERR: 无法加载模块:Public

[ 2018-03-14T14:46:47+08:00 ] 127.0.0.1 /Public/uploading/wechat/images/weixin/YZS20180305145513_9542.jpg
INFO: [ app_init ] --START--
INFO: Run Behavior\BuildLiteBehavior [ RunTime:0.000015s ]
INFO: [ app_init ] --END-- [ RunTime:0.000380s ]
ERR: 无法加载模块:Public

[ 2018-03-14T14:46:47+08:00 ] 127.0.0.1 /Public/uploading/wechat/images/weixin/YZS20180305145513_1515.jpg
INFO: [ app_init ] --START--
INFO: Run Behavior\BuildLiteBehavior [ RunTime:0.000012s ]
INFO: [ app_init ] --END-- [ RunTime:0.000562s ]
ERR: 无法加载模块:Public

[ 2018-03-14T14:46:47+08:00 ] 127.0.0.1 /Public/uploading/wechat/images/weixin/YZS20180305145402_3753.jpg
INFO: [ app_init ] --START--
INFO: Run Behavior\BuildLiteBehavior [ RunTime:0.000020s ]
INFO: [ app_init ] --END-- [ RunTime:0.000608s ]
ERR: 无法加载模块:Public

[ 2018-03-14T14:46:47+08:00 ] 127.0.0.1 /Public/uploading/wechat/images/weixin/YZS20180305145512_4709.jpg
INFO: [ app_init ] --START--
INFO: Run Behavior\BuildLiteBehavior [ RunTime:0.000013s ]
INFO: [ app_init ] --END-- [ RunTime:0.000420s ]
ERR: 无法加载模块:Public

[ 2018-03-14T14:46:47+08:00 ] 127.0.0.1 /Public/uploading/wechat/images/weixin/YZS20180305145512_3699.jpg
INFO: [ app_init ] --START--
INFO: Run Behavior\BuildLiteBehavior [ RunTime:0.000008s ]
INFO: [ app_init ] --END-- [ RunTime:0.000268s ]
ERR: 无法加载模块:Public

[ 2018-03-14T14:46:47+08:00 ] 127.0.0.1 /Public/uploading/wechat/images/weixin/YZS20180305145628_2343.jpg
INFO: [ app_init ] --START--
INFO: Run Behavior\BuildLiteBehavior [ RunTime:0.000011s ]
INFO: [ app_init ] --END-- [ RunTime:0.000233s ]
ERR: 无法加载模块:Public

[ 2018-03-14T14:46:47+08:00 ] 127.0.0.1 /Public/uploading/wechat/images/weixin/YZS20180305145641_8630.jpg
INFO: [ app_init ] --START--
INFO: Run Behavior\BuildLiteBehavior [ RunTime:0.000015s ]
INFO: [ app_init ] --END-- [ RunTime:0.000339s ]
ERR: 无法加载模块:Public

[ 2018-03-14T14:46:47+08:00 ] 127.0.0.1 /Public/uploading/wechat/images/weixin/YZS20180305145634_3881.jpg
INFO: [ app_init ] --START--
INFO: Run Behavior\BuildLiteBehavior [ RunTime:0.000012s ]
INFO: [ app_init ] --END-- [ RunTime:0.000326s ]
ERR: 无法加载模块:Public

[ 2018-03-14T14:46:47+08:00 ] 127.0.0.1 /Public/uploading/wechat/images/weixin/YZS20180305145545_9650.jpg
INFO: [ app_init ] --START--
INFO: Run Behavior\BuildLiteBehavior [ RunTime:0.000013s ]
INFO: [ app_init ] --END-- [ RunTime:0.000414s ]
ERR: 无法加载模块:Public

[ 2018-03-14T14:48:25+08:00 ] 127.0.0.1 /Public/uploading/wechat/images/weixin/YZS20180305145348_5819.jpg
INFO: [ app_init ] --START--
INFO: Run Behavior\BuildLiteBehavior [ RunTime:0.000013s ]
INFO: [ app_init ] --END-- [ RunTime:0.000353s ]
ERR: 无法加载模块:Public

[ 2018-03-14T14:48:25+08:00 ] 127.0.0.1 /Public/uploading/wechat/images/weixin/YZS20180305145512_4709.jpg
INFO: [ app_init ] --START--
INFO: Run Behavior\BuildLiteBehavior [ RunTime:0.000057s ]
INFO: [ app_init ] --END-- [ RunTime:0.001012s ]
ERR: 无法加载模块:Public

[ 2018-03-14T14:48:25+08:00 ] 127.0.0.1 /Public/uploading/wechat/images/weixin/YZS20180305145513_1515.jpg
INFO: [ app_init ] --START--
INFO: Run Behavior\BuildLiteBehavior [ RunTime:0.000016s ]
INFO: [ app_init ] --END-- [ RunTime:0.000996s ]
ERR: 无法加载模块:Public

[ 2018-03-14T14:48:25+08:00 ] 127.0.0.1 /Public/uploading/wechat/images/weixin/YZS20180305145513_9542.jpg
INFO: [ app_init ] --START--
INFO: Run Behavior\BuildLiteBehavior [ RunTime:0.000032s ]
INFO: [ app_init ] --END-- [ RunTime:0.000465s ]
ERR: 无法加载模块:Public

[ 2018-03-14T14:48:25+08:00 ] 127.0.0.1 /Public/uploading/wechat/images/weixin/YZS20180305145402_3753.jpg
INFO: [ app_init ] --START--
INFO: Run Behavior\BuildLiteBehavior [ RunTime:0.000033s ]
INFO: [ app_init ] --END-- [ RunTime:0.000475s ]
ERR: 无法加载模块:Public

[ 2018-03-14T14:48:25+08:00 ] 127.0.0.1 /Public/uploading/wechat/images/weixin/YZS20180305145512_3699.jpg
INFO: [ app_init ] --START--
INFO: Run Behavior\BuildLiteBehavior [ RunTime:0.000015s ]
INFO: [ app_init ] --END-- [ RunTime:0.000423s ]
ERR: 无法加载模块:Public

[ 2018-03-14T14:48:25+08:00 ] 127.0.0.1 /Public/uploading/wechat/images/weixin/YZS20180305145545_9650.jpg
INFO: [ app_init ] --START--
INFO: Run Behavior\BuildLiteBehavior [ RunTime:0.000013s ]
INFO: [ app_init ] --END-- [ RunTime:0.000332s ]
ERR: 无法加载模块:Public

[ 2018-03-14T14:48:25+08:00 ] 127.0.0.1 /Public/uploading/wechat/images/weixin/YZS20180305145628_2343.jpg
INFO: [ app_init ] --START--
INFO: Run Behavior\BuildLiteBehavior [ RunTime:0.000030s ]
INFO: [ app_init ] --END-- [ RunTime:0.000394s ]
ERR: 无法加载模块:Public

[ 2018-03-14T14:48:25+08:00 ] 127.0.0.1 /Public/uploading/wechat/images/weixin/YZS20180305145634_3881.jpg
INFO: [ app_init ] --START--
INFO: Run Behavior\BuildLiteBehavior [ RunTime:0.000018s ]
INFO: [ app_init ] --END-- [ RunTime:0.000729s ]
ERR: 无法加载模块:Public

[ 2018-03-14T14:48:25+08:00 ] 127.0.0.1 /Public/uploading/wechat/images/weixin/YZS20180305145641_8630.jpg
INFO: [ app_init ] --START--
INFO: Run Behavior\BuildLiteBehavior [ RunTime:0.000021s ]
INFO: [ app_init ] --END-- [ RunTime:0.000517s ]
ERR: 无法加载模块:Public

[ 2018-03-14T14:50:33+08:00 ] 127.0.0.1 /Public/uploading/wechat/images/weixin/YZS20180305145348_5819.jpg
INFO: [ app_init ] --START--
INFO: Run Behavior\BuildLiteBehavior [ RunTime:0.000013s ]
INFO: [ app_init ] --END-- [ RunTime:0.000355s ]
ERR: 无法加载模块:Public

[ 2018-03-14T14:50:33+08:00 ] 127.0.0.1 /Public/uploading/wechat/images/weixin/YZS20180305145512_4709.jpg
INFO: [ app_init ] --START--
INFO: Run Behavior\BuildLiteBehavior [ RunTime:0.000026s ]
INFO: [ app_init ] --END-- [ RunTime:0.000387s ]
ERR: 无法加载模块:Public

[ 2018-03-14T14:50:33+08:00 ] 127.0.0.1 /Public/uploading/wechat/images/weixin/YZS20180305145512_3699.jpg
INFO: [ app_init ] --START--
INFO: Run Behavior\BuildLiteBehavior [ RunTime:0.000014s ]
INFO: [ app_init ] --END-- [ RunTime:0.000369s ]
ERR: 无法加载模块:Public

[ 2018-03-14T14:50:33+08:00 ] 127.0.0.1 /Public/uploading/wechat/images/weixin/YZS20180305145513_1515.jpg
INFO: [ app_init ] --START--
INFO: Run Behavior\BuildLiteBehavior [ RunTime:0.000013s ]
INFO: [ app_init ] --END-- [ RunTime:0.000403s ]
ERR: 无法加载模块:Public

[ 2018-03-14T14:50:33+08:00 ] 127.0.0.1 /Public/uploading/wechat/images/weixin/YZS20180305145513_9542.jpg
INFO: [ app_init ] --START--
INFO: Run Behavior\BuildLiteBehavior [ RunTime:0.000022s ]
INFO: [ app_init ] --END-- [ RunTime:0.000456s ]
ERR: 无法加载模块:Public

[ 2018-03-14T14:50:33+08:00 ] 127.0.0.1 /Public/uploading/wechat/images/weixin/YZS20180305145402_3753.jpg
INFO: [ app_init ] --START--
INFO: Run Behavior\BuildLiteBehavior [ RunTime:0.000015s ]
INFO: [ app_init ] --END-- [ RunTime:0.000425s ]
ERR: 无法加载模块:Public

[ 2018-03-14T14:50:33+08:00 ] 127.0.0.1 /Public/uploading/wechat/images/weixin/YZS20180305145545_9650.jpg
INFO: [ app_init ] --START--
INFO: Run Behavior\BuildLiteBehavior [ RunTime:0.000011s ]
INFO: [ app_init ] --END-- [ RunTime:0.000262s ]
ERR: 无法加载模块:Public

[ 2018-03-14T14:50:33+08:00 ] 127.0.0.1 /Public/uploading/wechat/images/weixin/YZS20180305145628_2343.jpg
INFO: [ app_init ] --START--
INFO: Run Behavior\BuildLiteBehavior [ RunTime:0.000012s ]
INFO: [ app_init ] --END-- [ RunTime:0.000304s ]
ERR: 无法加载模块:Public

[ 2018-03-14T14:50:33+08:00 ] 127.0.0.1 /Public/uploading/wechat/images/weixin/YZS20180305145634_3881.jpg
INFO: [ app_init ] --START--
INFO: Run Behavior\BuildLiteBehavior [ RunTime:0.000016s ]
INFO: [ app_init ] --END-- [ RunTime:0.000467s ]
ERR: 无法加载模块:Public

[ 2018-03-14T14:51:54+08:00 ] 127.0.0.1 /Public/uploading/wechat/images/weixin/YZS20180305145348_5819.jpg
INFO: [ app_init ] --START--
INFO: Run Behavior\BuildLiteBehavior [ RunTime:0.000016s ]
INFO: [ app_init ] --END-- [ RunTime:0.000418s ]
ERR: 无法加载模块:Public

[ 2018-03-14T14:51:54+08:00 ] 127.0.0.1 /Public/uploading/wechat/images/weixin/YZS20180305145512_4709.jpg
INFO: [ app_init ] --START--
INFO: Run Behavior\BuildLiteBehavior [ RunTime:0.000012s ]
INFO: [ app_init ] --END-- [ RunTime:0.000328s ]
ERR: 无法加载模块:Public

[ 2018-03-14T14:51:54+08:00 ] 127.0.0.1 /Public/uploading/wechat/images/weixin/YZS20180305145512_3699.jpg
INFO: [ app_init ] --START--
INFO: Run Behavior\BuildLiteBehavior [ RunTime:0.000018s ]
INFO: [ app_init ] --END-- [ RunTime:0.000386s ]
ERR: 无法加载模块:Public

[ 2018-03-14T14:51:54+08:00 ] 127.0.0.1 /Public/uploading/wechat/images/weixin/YZS20180305145513_9542.jpg
INFO: [ app_init ] --START--
INFO: Run Behavior\BuildLiteBehavior [ RunTime:0.000012s ]
INFO: [ app_init ] --END-- [ RunTime:0.000406s ]
ERR: 无法加载模块:Public

[ 2018-03-14T14:51:54+08:00 ] 127.0.0.1 /Public/uploading/wechat/images/weixin/YZS20180305145513_1515.jpg
INFO: [ app_init ] --START--
INFO: Run Behavior\BuildLiteBehavior [ RunTime:0.000018s ]
INFO: [ app_init ] --END-- [ RunTime:0.001193s ]
ERR: 无法加载模块:Public

[ 2018-03-14T14:51:54+08:00 ] 127.0.0.1 /Public/uploading/wechat/images/weixin/YZS20180305145402_3753.jpg
INFO: [ app_init ] --START--
INFO: Run Behavior\BuildLiteBehavior [ RunTime:0.000026s ]
INFO: [ app_init ] --END-- [ RunTime:0.000569s ]
ERR: 无法加载模块:Public

[ 2018-03-14T14:51:54+08:00 ] 127.0.0.1 /Public/uploading/wechat/images/weixin/YZS20180305145634_3881.jpg
INFO: [ app_init ] --START--
INFO: Run Behavior\BuildLiteBehavior [ RunTime:0.000011s ]
INFO: [ app_init ] --END-- [ RunTime:0.000323s ]
ERR: 无法加载模块:Public

[ 2018-03-14T14:51:54+08:00 ] 127.0.0.1 /Public/uploading/wechat/images/weixin/YZS20180305145545_9650.jpg
INFO: [ app_init ] --START--
INFO: Run Behavior\BuildLiteBehavior [ RunTime:0.000011s ]
INFO: [ app_init ] --END-- [ RunTime:0.000332s ]
ERR: 无法加载模块:Public

[ 2018-03-14T14:51:54+08:00 ] 127.0.0.1 /Public/uploading/wechat/images/weixin/YZS20180305145628_2343.jpg
INFO: [ app_init ] --START--
INFO: Run Behavior\BuildLiteBehavior [ RunTime:0.000011s ]
INFO: [ app_init ] --END-- [ RunTime:0.000297s ]
ERR: 无法加载模块:Public

[ 2018-03-14T14:51:54+08:00 ] 127.0.0.1 /Public/uploading/wechat/images/weixin/YZS20180305145641_8630.jpg
INFO: [ app_init ] --START--
INFO: Run Behavior\BuildLiteBehavior [ RunTime:0.000013s ]
INFO: [ app_init ] --END-- [ RunTime:0.000350s ]
ERR: 无法加载模块:Public

[ 2018-03-14T14:52:03+08:00 ] 127.0.0.1 /Public/uploading/wechat/images/weixin/YZS20180305145348_5819.jpg
INFO: [ app_init ] --START--
INFO: Run Behavior\BuildLiteBehavior [ RunTime:0.000012s ]
INFO: [ app_init ] --END-- [ RunTime:0.000331s ]
ERR: 无法加载模块:Public

[ 2018-03-14T14:52:03+08:00 ] 127.0.0.1 /Public/uploading/wechat/images/weixin/YZS20180305145513_1515.jpg
INFO: [ app_init ] --START--
INFO: Run Behavior\BuildLiteBehavior [ RunTime:0.000017s ]
INFO: [ app_init ] --END-- [ RunTime:0.000449s ]
ERR: 无法加载模块:Public

[ 2018-03-14T14:52:03+08:00 ] 127.0.0.1 /Public/uploading/wechat/images/weixin/YZS20180305145402_3753.jpg
INFO: [ app_init ] --START--
INFO: Run Behavior\BuildLiteBehavior [ RunTime:0.000044s ]
INFO: [ app_init ] --END-- [ RunTime:0.000795s ]
ERR: 无法加载模块:Public

[ 2018-03-14T14:52:03+08:00 ] 127.0.0.1 /Public/uploading/wechat/images/weixin/YZS20180305145512_4709.jpg
INFO: [ app_init ] --START--
INFO: Run Behavior\BuildLiteBehavior [ RunTime:0.000017s ]
INFO: [ app_init ] --END-- [ RunTime:0.000370s ]
ERR: 无法加载模块:Public

[ 2018-03-14T14:52:03+08:00 ] 127.0.0.1 /Public/uploading/wechat/images/weixin/YZS20180305145512_3699.jpg
INFO: [ app_init ] --START--
INFO: Run Behavior\BuildLiteBehavior [ RunTime:0.000014s ]
INFO: [ app_init ] --END-- [ RunTime:0.000555s ]
ERR: 无法加载模块:Public

[ 2018-03-14T14:52:03+08:00 ] 127.0.0.1 /Public/uploading/wechat/images/weixin/YZS20180305145513_9542.jpg
INFO: [ app_init ] --START--
INFO: Run Behavior\BuildLiteBehavior [ RunTime:0.000031s ]
INFO: [ app_init ] --END-- [ RunTime:0.000581s ]
ERR: 无法加载模块:Public

[ 2018-03-14T14:52:03+08:00 ] 127.0.0.1 /Public/uploading/wechat/images/weixin/YZS20180305145634_3881.jpg
INFO: [ app_init ] --START--
INFO: Run Behavior\BuildLiteBehavior [ RunTime:0.000008s ]
INFO: [ app_init ] --END-- [ RunTime:0.000271s ]
ERR: 无法加载模块:Public

[ 2018-03-14T14:52:03+08:00 ] 127.0.0.1 /Public/uploading/wechat/images/weixin/YZS20180305145545_9650.jpg
INFO: [ app_init ] --START--
INFO: Run Behavior\BuildLiteBehavior [ RunTime:0.000016s ]
INFO: [ app_init ] --END-- [ RunTime:0.000289s ]
ERR: 无法加载模块:Public

[ 2018-03-14T14:52:05+08:00 ] 127.0.0.1 /Public/uploading/wechat/images/weixin/YZS20180305145348_5819.jpg
INFO: [ app_init ] --START--
INFO: Run Behavior\BuildLiteBehavior [ RunTime:0.000013s ]
INFO: [ app_init ] --END-- [ RunTime:0.000359s ]
ERR: 无法加载模块:Public

[ 2018-03-14T14:52:05+08:00 ] 127.0.0.1 /Public/uploading/wechat/images/weixin/YZS20180305145512_3699.jpg
INFO: [ app_init ] --START--
INFO: Run Behavior\BuildLiteBehavior [ RunTime:0.000018s ]
INFO: [ app_init ] --END-- [ RunTime:0.000324s ]
ERR: 无法加载模块:Public

[ 2018-03-14T14:52:05+08:00 ] 127.0.0.1 /Public/uploading/wechat/images/weixin/YZS20180305145402_3753.jpg
INFO: [ app_init ] --START--
INFO: Run Behavior\BuildLiteBehavior [ RunTime:0.000015s ]
INFO: [ app_init ] --END-- [ RunTime:0.000368s ]
ERR: 无法加载模块:Public

[ 2018-03-14T14:52:05+08:00 ] 127.0.0.1 /Public/uploading/wechat/images/weixin/YZS20180305145512_4709.jpg
INFO: [ app_init ] --START--
INFO: Run Behavior\BuildLiteBehavior [ RunTime:0.000014s ]
INFO: [ app_init ] --END-- [ RunTime:0.000325s ]
ERR: 无法加载模块:Public

[ 2018-03-14T14:52:05+08:00 ] 127.0.0.1 /Public/uploading/wechat/images/weixin/YZS20180305145513_1515.jpg
INFO: [ app_init ] --START--
INFO: Run Behavior\BuildLiteBehavior [ RunTime:0.000013s ]
INFO: [ app_init ] --END-- [ RunTime:0.000387s ]
ERR: 无法加载模块:Public

[ 2018-03-14T14:52:05+08:00 ] 127.0.0.1 /Public/uploading/wechat/images/weixin/YZS20180305145513_9542.jpg
INFO: [ app_init ] --START--
INFO: Run Behavior\BuildLiteBehavior [ RunTime:0.000009s ]
INFO: [ app_init ] --END-- [ RunTime:0.000345s ]
ERR: 无法加载模块:Public

[ 2018-03-14T14:52:05+08:00 ] 127.0.0.1 /Public/uploading/wechat/images/weixin/YZS20180305145634_3881.jpg
INFO: [ app_init ] --START--
INFO: Run Behavior\BuildLiteBehavior [ RunTime:0.000020s ]
INFO: [ app_init ] --END-- [ RunTime:0.000268s ]
ERR: 无法加载模块:Public

[ 2018-03-14T14:52:05+08:00 ] 127.0.0.1 /Public/uploading/wechat/images/weixin/YZS20180305145641_8630.jpg
INFO: [ app_init ] --START--
INFO: Run Behavior\BuildLiteBehavior [ RunTime:0.000010s ]
INFO: [ app_init ] --END-- [ RunTime:0.000245s ]
ERR: 无法加载模块:Public

[ 2018-03-14T14:52:05+08:00 ] 127.0.0.1 /Public/uploading/wechat/images/weixin/YZS20180305145628_2343.jpg
INFO: [ app_init ] --START--
INFO: Run Behavior\BuildLiteBehavior [ RunTime:0.000008s ]
INFO: [ app_init ] --END-- [ RunTime:0.000259s ]
ERR: 无法加载模块:Public

[ 2018-03-14T14:52:05+08:00 ] 127.0.0.1 /Public/uploading/wechat/images/weixin/YZS20180305145545_9650.jpg
INFO: [ app_init ] --START--
INFO: Run Behavior\BuildLiteBehavior [ RunTime:0.000012s ]
INFO: [ app_init ] --END-- [ RunTime:0.000329s ]
ERR: 无法加载模块:Public

[ 2018-03-14T14:52:06+08:00 ] 127.0.0.1 /Public/uploading/wechat/images/weixin/YZS20180305145513_9542.jpg
INFO: [ app_init ] --START--
INFO: Run Behavior\BuildLiteBehavior [ RunTime:0.000014s ]
INFO: [ app_init ] --END-- [ RunTime:0.000322s ]
ERR: 无法加载模块:Public

[ 2018-03-14T14:52:06+08:00 ] 127.0.0.1 /Public/uploading/wechat/images/weixin/YZS20180305145402_3753.jpg
INFO: [ app_init ] --START--
INFO: Run Behavior\BuildLiteBehavior [ RunTime:0.000011s ]
INFO: [ app_init ] --END-- [ RunTime:0.000337s ]
ERR: 无法加载模块:Public

[ 2018-03-14T14:52:06+08:00 ] 127.0.0.1 /Public/uploading/wechat/images/weixin/YZS20180305145512_3699.jpg
INFO: [ app_init ] --START--
INFO: Run Behavior\BuildLiteBehavior [ RunTime:0.000011s ]
INFO: [ app_init ] --END-- [ RunTime:0.000336s ]
ERR: 无法加载模块:Public

[ 2018-03-14T14:52:06+08:00 ] 127.0.0.1 /Public/uploading/wechat/images/weixin/YZS20180305145348_5819.jpg
INFO: [ app_init ] --START--
INFO: Run Behavior\BuildLiteBehavior [ RunTime:0.000012s ]
INFO: [ app_init ] --END-- [ RunTime:0.000328s ]
ERR: 无法加载模块:Public

[ 2018-03-14T14:52:06+08:00 ] 127.0.0.1 /Public/uploading/wechat/images/weixin/YZS20180305145513_1515.jpg
INFO: [ app_init ] --START--
INFO: Run Behavior\BuildLiteBehavior [ RunTime:0.000013s ]
INFO: [ app_init ] --END-- [ RunTime:0.000380s ]
ERR: 无法加载模块:Public

[ 2018-03-14T14:52:06+08:00 ] 127.0.0.1 /Public/uploading/wechat/images/weixin/YZS20180305145628_2343.jpg
INFO: [ app_init ] --START--
INFO: Run Behavior\BuildLiteBehavior [ RunTime:0.000015s ]
INFO: [ app_init ] --END-- [ RunTime:0.000476s ]
ERR: 无法加载模块:Public

[ 2018-03-14T14:52:06+08:00 ] 127.0.0.1 /Public/uploading/wechat/images/weixin/YZS20180305145512_3699.jpg
INFO: [ app_init ] --START--
INFO: Run Behavior\BuildLiteBehavior [ RunTime:0.000015s ]
INFO: [ app_init ] --END-- [ RunTime:0.000351s ]
ERR: 无法加载模块:Public

[ 2018-03-14T14:52:06+08:00 ] 127.0.0.1 /Public/uploading/wechat/images/weixin/YZS20180305145513_9542.jpg
INFO: [ app_init ] --START--
INFO: Run Behavior\BuildLiteBehavior [ RunTime:0.000013s ]
INFO: [ app_init ] --END-- [ RunTime:0.000345s ]
ERR: 无法加载模块:Public

[ 2018-03-14T14:52:06+08:00 ] 127.0.0.1 /Public/uploading/wechat/images/weixin/YZS20180305145513_1515.jpg
INFO: [ app_init ] --START--
INFO: Run Behavior\BuildLiteBehavior [ RunTime:0.000018s ]
INFO: [ app_init ] --END-- [ RunTime:0.000413s ]
ERR: 无法加载模块:Public

[ 2018-03-14T14:52:06+08:00 ] 127.0.0.1 /Public/uploading/wechat/images/weixin/YZS20180305145512_4709.jpg
INFO: [ app_init ] --START--
INFO: Run Behavior\BuildLiteBehavior [ RunTime:0.000029s ]
INFO: [ app_init ] --END-- [ RunTime:0.000434s ]
ERR: 无法加载模块:Public

[ 2018-03-14T14:52:06+08:00 ] 127.0.0.1 /Public/uploading/wechat/images/weixin/YZS20180305145545_9650.jpg
INFO: [ app_init ] --START--
INFO: Run Behavior\BuildLiteBehavior [ RunTime:0.000010s ]
INFO: [ app_init ] --END-- [ RunTime:0.000251s ]
ERR: 无法加载模块:Public

[ 2018-03-14T14:52:06+08:00 ] 127.0.0.1 /Public/uploading/wechat/images/weixin/YZS20180305145628_2343.jpg
INFO: [ app_init ] --START--
INFO: Run Behavior\BuildLiteBehavior [ RunTime:0.000008s ]
INFO: [ app_init ] --END-- [ RunTime:0.000240s ]
ERR: 无法加载模块:Public

[ 2018-03-14T14:52:06+08:00 ] 127.0.0.1 /Public/uploading/wechat/images/weixin/YZS20180305145634_3881.jpg
INFO: [ app_init ] --START--
INFO: Run Behavior\BuildLiteBehavior [ RunTime:0.000008s ]
INFO: [ app_init ] --END-- [ RunTime:0.000233s ]
ERR: 无法加载模块:Public

[ 2018-03-14T14:52:06+08:00 ] 127.0.0.1 /Public/uploading/wechat/images/weixin/YZS20180305145641_8630.jpg
INFO: [ app_init ] --START--
INFO: Run Behavior\BuildLiteBehavior [ RunTime:0.000013s ]
INFO: [ app_init ] --END-- [ RunTime:0.000389s ]
ERR: 无法加载模块:Public

[ 2018-03-14T14:52:21+08:00 ] 127.0.0.1 /Public/uploading/wechat/images/weixin/YZS20180305145348_5819.jpg
INFO: [ app_init ] --START--
INFO: Run Behavior\BuildLiteBehavior [ RunTime:0.000012s ]
INFO: [ app_init ] --END-- [ RunTime:0.000319s ]
ERR: 无法加载模块:Public

[ 2018-03-14T14:52:21+08:00 ] 127.0.0.1 /Public/uploading/wechat/images/weixin/YZS20180305145513_1515.jpg
INFO: [ app_init ] --START--
INFO: Run Behavior\BuildLiteBehavior [ RunTime:0.000026s ]
INFO: [ app_init ] --END-- [ RunTime:0.000362s ]
ERR: 无法加载模块:Public

[ 2018-03-14T14:52:21+08:00 ] 127.0.0.1 /Public/uploading/wechat/images/weixin/YZS20180305145512_3699.jpg
INFO: [ app_init ] --START--
INFO: Run Behavior\BuildLiteBehavior [ RunTime:0.000012s ]
INFO: [ app_init ] --END-- [ RunTime:0.000359s ]
ERR: 无法加载模块:Public

[ 2018-03-14T14:52:21+08:00 ] 127.0.0.1 /Public/uploading/wechat/images/weixin/YZS20180305145513_9542.jpg
INFO: [ app_init ] --START--
INFO: Run Behavior\BuildLiteBehavior [ RunTime:0.000015s ]
INFO: [ app_init ] --END-- [ RunTime:0.000401s ]
ERR: 无法加载模块:Public

[ 2018-03-14T14:52:21+08:00 ] 127.0.0.1 /Public/uploading/wechat/images/weixin/YZS20180305145512_4709.jpg
INFO: [ app_init ] --START--
INFO: Run Behavior\BuildLiteBehavior [ RunTime:0.000015s ]
INFO: [ app_init ] --END-- [ RunTime:0.000362s ]
ERR: 无法加载模块:Public

[ 2018-03-14T14:52:21+08:00 ] 127.0.0.1 /Public/uploading/wechat/images/weixin/YZS20180305145402_3753.jpg
INFO: [ app_init ] --START--
INFO: Run Behavior\BuildLiteBehavior [ RunTime:0.000014s ]
INFO: [ app_init ] --END-- [ RunTime:0.000401s ]
ERR: 无法加载模块:Public

[ 2018-03-14T14:52:21+08:00 ] 127.0.0.1 /Public/uploading/wechat/images/weixin/YZS20180305145545_9650.jpg
INFO: [ app_init ] --START--
INFO: Run Behavior\BuildLiteBehavior [ RunTime:0.000014s ]
INFO: [ app_init ] --END-- [ RunTime:0.000364s ]
ERR: 无法加载模块:Public

[ 2018-03-14T14:52:21+08:00 ] 127.0.0.1 /Public/uploading/wechat/images/weixin/YZS20180305145641_8630.jpg
INFO: [ app_init ] --START--
INFO: Run Behavior\BuildLiteBehavior [ RunTime:0.000012s ]
INFO: [ app_init ] --END-- [ RunTime:0.000321s ]
ERR: 无法加载模块:Public

[ 2018-03-14T14:52:21+08:00 ] 127.0.0.1 /Public/uploading/wechat/images/weixin/YZS20180305145628_2343.jpg
INFO: [ app_init ] --START--
INFO: Run Behavior\BuildLiteBehavior [ RunTime:0.000030s ]
INFO: [ app_init ] --END-- [ RunTime:0.000582s ]
ERR: 无法加载模块:Public

[ 2018-03-14T14:52:21+08:00 ] 127.0.0.1 /Public/uploading/wechat/images/weixin/YZS20180305145634_3881.jpg
INFO: [ app_init ] --START--
INFO: Run Behavior\BuildLiteBehavior [ RunTime:0.000023s ]
INFO: [ app_init ] --END-- [ RunTime:0.000398s ]
ERR: 无法加载模块:Public

[ 2018-03-14T14:52:26+08:00 ] 127.0.0.1 /Public/uploading/wechat/images/weixin/YZS20180305145348_5819.jpg
INFO: [ app_init ] --START--
INFO: Run Behavior\BuildLiteBehavior [ RunTime:0.000017s ]
INFO: [ app_init ] --END-- [ RunTime:0.000359s ]
ERR: 无法加载模块:Public

[ 2018-03-14T14:52:26+08:00 ] 127.0.0.1 /Public/uploading/wechat/images/weixin/YZS20180305145513_9542.jpg
INFO: [ app_init ] --START--
INFO: Run Behavior\BuildLiteBehavior [ RunTime:0.000015s ]
INFO: [ app_init ] --END-- [ RunTime:0.000381s ]
ERR: 无法加载模块:Public

[ 2018-03-14T14:52:26+08:00 ] 127.0.0.1 /Public/uploading/wechat/images/weixin/YZS20180305145512_4709.jpg
INFO: [ app_init ] --START--
INFO: Run Behavior\BuildLiteBehavior [ RunTime:0.000012s ]
INFO: [ app_init ] --END-- [ RunTime:0.000330s ]
ERR: 无法加载模块:Public

[ 2018-03-14T14:52:26+08:00 ] 127.0.0.1 /Public/uploading/wechat/images/weixin/YZS20180305145402_3753.jpg
INFO: [ app_init ] --START--
INFO: Run Behavior\BuildLiteBehavior [ RunTime:0.000013s ]
INFO: [ app_init ] --END-- [ RunTime:0.000331s ]
ERR: 无法加载模块:Public

[ 2018-03-14T14:52:26+08:00 ] 127.0.0.1 /Public/uploading/wechat/images/weixin/YZS20180305145513_1515.jpg
INFO: [ app_init ] --START--
INFO: Run Behavior\BuildLiteBehavior [ RunTime:0.000015s ]
INFO: [ app_init ] --END-- [ RunTime:0.000396s ]
ERR: 无法加载模块:Public

[ 2018-03-14T14:52:26+08:00 ] 127.0.0.1 /Public/uploading/wechat/images/weixin/YZS20180305145512_3699.jpg
INFO: [ app_init ] --START--
INFO: Run Behavior\BuildLiteBehavior [ RunTime:0.000022s ]
INFO: [ app_init ] --END-- [ RunTime:0.001798s ]
ERR: 无法加载模块:Public

[ 2018-03-14T14:52:26+08:00 ] 127.0.0.1 /Public/uploading/wechat/images/weixin/YZS20180305145545_9650.jpg
INFO: [ app_init ] --START--
INFO: Run Behavior\BuildLiteBehavior [ RunTime:0.000123s ]
INFO: [ app_init ] --END-- [ RunTime:0.000907s ]
ERR: 无法加载模块:Public

[ 2018-03-14T14:52:26+08:00 ] 127.0.0.1 /Public/uploading/wechat/images/weixin/YZS20180305145628_2343.jpg
INFO: [ app_init ] --START--
INFO: Run Behavior\BuildLiteBehavior [ RunTime:0.000016s ]
INFO: [ app_init ] --END-- [ RunTime:0.000405s ]
ERR: 无法加载模块:Public

[ 2018-03-14T14:52:26+08:00 ] 127.0.0.1 /Public/uploading/wechat/images/weixin/YZS20180305145641_8630.jpg
INFO: [ app_init ] --START--
INFO: Run Behavior\BuildLiteBehavior [ RunTime:0.000013s ]
INFO: [ app_init ] --END-- [ RunTime:0.000310s ]
ERR: 无法加载模块:Public

[ 2018-03-14T14:56:53+08:00 ] 127.0.0.1 /Public/uploading/wechat/images/weixin/YZS20180305145348_5819.jpg
INFO: [ app_init ] --START--
INFO: Run Behavior\BuildLiteBehavior [ RunTime:0.000016s ]
INFO: [ app_init ] --END-- [ RunTime:0.000332s ]
ERR: 无法加载模块:Public

[ 2018-03-14T14:56:53+08:00 ] 127.0.0.1 /Public/uploading/wechat/images/weixin/YZS20180305145512_4709.jpg
INFO: [ app_init ] --START--
INFO: Run Behavior\BuildLiteBehavior [ RunTime:0.000013s ]
INFO: [ app_init ] --END-- [ RunTime:0.000394s ]
ERR: 无法加载模块:Public

[ 2018-03-14T14:56:53+08:00 ] 127.0.0.1 /Public/uploading/wechat/images/weixin/YZS20180305145512_3699.jpg
INFO: [ app_init ] --START--
INFO: Run Behavior\BuildLiteBehavior [ RunTime:0.000011s ]
INFO: [ app_init ] --END-- [ RunTime:0.000376s ]
ERR: 无法加载模块:Public

[ 2018-03-14T14:56:53+08:00 ] 127.0.0.1 /Public/uploading/wechat/images/weixin/YZS20180305145402_3753.jpg
INFO: [ app_init ] --START--
INFO: Run Behavior\BuildLiteBehavior [ RunTime:0.000015s ]
INFO: [ app_init ] --END-- [ RunTime:0.000404s ]
ERR: 无法加载模块:Public

[ 2018-03-14T14:56:53+08:00 ] 127.0.0.1 /Public/uploading/wechat/images/weixin/YZS20180305145545_9650.jpg
INFO: [ app_init ] --START--
INFO: Run Behavior\BuildLiteBehavior [ RunTime:0.000015s ]
INFO: [ app_init ] --END-- [ RunTime:0.000392s ]
ERR: 无法加载模块:Public

[ 2018-03-14T14:56:53+08:00 ] 127.0.0.1 /Public/uploading/wechat/images/weixin/YZS20180305145641_8630.jpg
INFO: [ app_init ] --START--
INFO: Run Behavior\BuildLiteBehavior [ RunTime:0.000012s ]
INFO: [ app_init ] --END-- [ RunTime:0.000350s ]
ERR: 无法加载模块:Public

[ 2018-03-14T14:56:53+08:00 ] 127.0.0.1 /Public/uploading/wechat/images/weixin/YZS20180305145628_2343.jpg
INFO: [ app_init ] --START--
INFO: Run Behavior\BuildLiteBehavior [ RunTime:0.000012s ]
INFO: [ app_init ] --END-- [ RunTime:0.000327s ]
ERR: 无法加载模块:Public

[ 2018-03-14T14:56:53+08:00 ] 127.0.0.1 /Public/uploading/wechat/images/weixin/YZS20180305145634_3881.jpg
INFO: [ app_init ] --START--
INFO: Run Behavior\BuildLiteBehavior [ RunTime:0.000013s ]
INFO: [ app_init ] --END-- [ RunTime:0.000345s ]
ERR: 无法加载模块:Public

[ 2018-03-14T14:57:07+08:00 ] 127.0.0.1 /Public/uploading/wechat/images/weixin/YZS20180305145348_5819.jpg
INFO: [ app_init ] --START--
INFO: Run Behavior\BuildLiteBehavior [ RunTime:0.000009s ]
INFO: [ app_init ] --END-- [ RunTime:0.000234s ]
ERR: 无法加载模块:Public

[ 2018-03-14T14:57:07+08:00 ] 127.0.0.1 /Public/uploading/wechat/images/weixin/YZS20180305145402_3753.jpg
INFO: [ app_init ] --START--
INFO: Run Behavior\BuildLiteBehavior [ RunTime:0.000013s ]
INFO: [ app_init ] --END-- [ RunTime:0.000311s ]
ERR: 无法加载模块:Public

[ 2018-03-14T14:57:07+08:00 ] 127.0.0.1 /Public/uploading/wechat/images/weixin/YZS20180305145545_9650.jpg
INFO: [ app_init ] --START--
INFO: Run Behavior\BuildLiteBehavior [ RunTime:0.000015s ]
INFO: [ app_init ] --END-- [ RunTime:0.000523s ]
ERR: 无法加载模块:Public

[ 2018-03-14T14:57:07+08:00 ] 127.0.0.1 /Public/uploading/wechat/images/weixin/YZS20180305145512_4709.jpg
INFO: [ app_init ] --START--
INFO: Run Behavior\BuildLiteBehavior [ RunTime:0.000021s ]
INFO: [ app_init ] --END-- [ RunTime:0.000335s ]
ERR: 无法加载模块:Public

[ 2018-03-14T14:57:07+08:00 ] 127.0.0.1 /Public/uploading/wechat/images/weixin/YZS20180305145512_3699.jpg
INFO: [ app_init ] --START--
INFO: Run Behavior\BuildLiteBehavior [ RunTime:0.000014s ]
INFO: [ app_init ] --END-- [ RunTime:0.000351s ]
ERR: 无法加载模块:Public

[ 2018-03-14T14:57:07+08:00 ] 127.0.0.1 /Public/uploading/wechat/images/weixin/YZS20180305145513_1515.jpg
INFO: [ app_init ] --START--
INFO: Run Behavior\BuildLiteBehavior [ RunTime:0.000015s ]
INFO: [ app_init ] --END-- [ RunTime:0.000369s ]
ERR: 无法加载模块:Public

[ 2018-03-14T14:57:07+08:00 ] 127.0.0.1 /Public/uploading/wechat/images/weixin/YZS20180305145628_2343.jpg
INFO: [ app_init ] --START--
INFO: Run Behavior\BuildLiteBehavior [ RunTime:0.000010s ]
INFO: [ app_init ] --END-- [ RunTime:0.000289s ]
ERR: 无法加载模块:Public

[ 2018-03-14T14:57:07+08:00 ] 127.0.0.1 /Public/uploading/wechat/images/weixin/YZS20180305145513_9542.jpg
INFO: [ app_init ] --START--
INFO: Run Behavior\BuildLiteBehavior [ RunTime:0.000012s ]
INFO: [ app_init ] --END-- [ RunTime:0.000370s ]
ERR: 无法加载模块:Public

[ 2018-03-14T14:57:07+08:00 ] 127.0.0.1 /Public/uploading/wechat/images/weixin/YZS20180305145641_8630.jpg
INFO: [ app_init ] --START--
INFO: Run Behavior\BuildLiteBehavior [ RunTime:0.000009s ]
INFO: [ app_init ] --END-- [ RunTime:0.000226s ]
ERR: 无法加载模块:Public

[ 2018-03-14T14:57:07+08:00 ] 127.0.0.1 /Public/uploading/wechat/images/weixin/YZS20180305145634_3881.jpg
INFO: [ app_init ] --START--
INFO: Run Behavior\BuildLiteBehavior [ RunTime:0.000010s ]
INFO: [ app_init ] --END-- [ RunTime:0.000249s ]
ERR: 无法加载模块:Public

[ 2018-03-14T15:20:17+08:00 ] 127.0.0.1 /Public/uploading/wechat/images/weixin/YZS20180125001454_9835.jpg
INFO: [ app_init ] --START--
INFO: Run Behavior\BuildLiteBehavior [ RunTime:0.000013s ]
INFO: [ app_init ] --END-- [ RunTime:0.000329s ]
ERR: 无法加载模块:Public

[ 2018-03-14T15:20:17+08:00 ] 127.0.0.1 /Public/uploading/wechat/images/weixin/YZS20180125001546_7578.jpg
INFO: [ app_init ] --START--
INFO: Run Behavior\BuildLiteBehavior [ RunTime:0.000013s ]
INFO: [ app_init ] --END-- [ RunTime:0.000339s ]
ERR: 无法加载模块:Public

[ 2018-03-14T15:20:17+08:00 ] 127.0.0.1 /Public/uploading/wechat/images/weixin/YZS20180125001512_2285.jpg
INFO: [ app_init ] --START--
INFO: Run Behavior\BuildLiteBehavior [ RunTime:0.000011s ]
INFO: [ app_init ] --END-- [ RunTime:0.000284s ]
ERR: 无法加载模块:Public

[ 2018-03-14T15:20:17+08:00 ] 127.0.0.1 /Public/uploading/wechat/images/weixin/YZS20180125001603_7352.jpg
INFO: [ app_init ] --START--
INFO: Run Behavior\BuildLiteBehavior [ RunTime:0.000015s ]
INFO: [ app_init ] --END-- [ RunTime:0.000355s ]
ERR: 无法加载模块:Public

[ 2018-03-14T15:20:17+08:00 ] 127.0.0.1 /Public/uploading/wechat/images/weixin/YZS20180125001555_7448.jpg
INFO: [ app_init ] --START--
INFO: Run Behavior\BuildLiteBehavior [ RunTime:0.000015s ]
INFO: [ app_init ] --END-- [ RunTime:0.000424s ]
ERR: 无法加载模块:Public

[ 2018-03-14T15:20:23+08:00 ] 127.0.0.1 /Public/uploading/wechat/images/weixin/YZS20180125001546_7578.jpg
INFO: [ app_init ] --START--
INFO: Run Behavior\BuildLiteBehavior [ RunTime:0.000012s ]
INFO: [ app_init ] --END-- [ RunTime:0.000322s ]
ERR: 无法加载模块:Public

[ 2018-03-14T15:20:23+08:00 ] 127.0.0.1 /Public/uploading/wechat/images/weixin/YZS20180125001454_9835.jpg
INFO: [ app_init ] --START--
INFO: Run Behavior\BuildLiteBehavior [ RunTime:0.000009s ]
INFO: [ app_init ] --END-- [ RunTime:0.000329s ]
ERR: 无法加载模块:Public

[ 2018-03-14T15:20:23+08:00 ] 127.0.0.1 /Public/uploading/wechat/images/weixin/YZS20180125001512_2285.jpg
INFO: [ app_init ] --START--
INFO: Run Behavior\BuildLiteBehavior [ RunTime:0.000008s ]
INFO: [ app_init ] --END-- [ RunTime:0.000239s ]
ERR: 无法加载模块:Public

[ 2018-03-14T15:20:23+08:00 ] 127.0.0.1 /Public/uploading/wechat/images/weixin/YZS20180125001555_7448.jpg
INFO: [ app_init ] --START--
INFO: Run Behavior\BuildLiteBehavior [ RunTime:0.000008s ]
INFO: [ app_init ] --END-- [ RunTime:0.000232s ]
ERR: 无法加载模块:Public

[ 2018-03-14T15:20:23+08:00 ] 127.0.0.1 /Public/uploading/wechat/images/weixin/YZS20180125001603_7352.jpg
INFO: [ app_init ] --START--
INFO: Run Behavior\BuildLiteBehavior [ RunTime:0.000014s ]
INFO: [ app_init ] --END-- [ RunTime:0.000331s ]
ERR: 无法加载模块:Public

[ 2018-03-14T15:20:39+08:00 ] 127.0.0.1 /Public/uploading/wechat/images/weixin/YZS20180125001454_9835.jpg
INFO: [ app_init ] --START--
INFO: Run Behavior\BuildLiteBehavior [ RunTime:0.000009s ]
INFO: [ app_init ] --END-- [ RunTime:0.000239s ]
ERR: 无法加载模块:Public

[ 2018-03-14T15:20:39+08:00 ] 127.0.0.1 /Public/uploading/wechat/images/weixin/YZS20180125001546_7578.jpg
INFO: [ app_init ] --START--
INFO: Run Behavior\BuildLiteBehavior [ RunTime:0.000013s ]
INFO: [ app_init ] --END-- [ RunTime:0.000337s ]
ERR: 无法加载模块:Public

[ 2018-03-14T15:20:39+08:00 ] 127.0.0.1 /Public/uploading/wechat/images/weixin/YZS20180125001512_2285.jpg
INFO: [ app_init ] --START--
INFO: Run Behavior\BuildLiteBehavior [ RunTime:0.000043s ]
INFO: [ app_init ] --END-- [ RunTime:0.000871s ]
ERR: 无法加载模块:Public

[ 2018-03-14T15:20:39+08:00 ] 127.0.0.1 /Public/uploading/wechat/images/weixin/YZS20180125001603_7352.jpg
INFO: [ app_init ] --START--
INFO: Run Behavior\BuildLiteBehavior [ RunTime:0.000040s ]
INFO: [ app_init ] --END-- [ RunTime:0.000790s ]
ERR: 无法加载模块:Public

[ 2018-03-14T15:20:39+08:00 ] 127.0.0.1 /Public/uploading/wechat/images/weixin/YZS20180125001609_7003.jpg
INFO: [ app_init ] --START--
INFO: Run Behavior\BuildLiteBehavior [ RunTime:0.000009s ]
INFO: [ app_init ] --END-- [ RunTime:0.000227s ]
ERR: 无法加载模块:Public

[ 2018-03-14T15:20:39+08:00 ] 127.0.0.1 /Public/uploading/wechat/images/weixin/YZS20180125001555_7448.jpg
INFO: [ app_init ] --START--
INFO: Run Behavior\BuildLiteBehavior [ RunTime:0.000017s ]
INFO: [ app_init ] --END-- [ RunTime:0.000563s ]
ERR: 无法加载模块:Public

[ 2018-03-14T15:23:55+08:00 ] 127.0.0.1 /Public/uploading/wechat/images/weixin/YZS20180125001443_9615.jpg
INFO: [ app_init ] --START--
INFO: Run Behavior\BuildLiteBehavior [ RunTime:0.000014s ]
INFO: [ app_init ] --END-- [ RunTime:0.000435s ]
ERR: 无法加载模块:Public

[ 2018-03-14T15:23:55+08:00 ] 127.0.0.1 /Public/uploading/wechat/images/weixin/YZS20180125001454_9835.jpg
INFO: [ app_init ] --START--
INFO: Run Behavior\BuildLiteBehavior [ RunTime:0.000017s ]
INFO: [ app_init ] --END-- [ RunTime:0.000458s ]
ERR: 无法加载模块:Public

[ 2018-03-14T15:23:55+08:00 ] 127.0.0.1 /Public/uploading/wechat/images/weixin/YZS20180125001512_2285.jpg
INFO: [ app_init ] --START--
INFO: Run Behavior\BuildLiteBehavior [ RunTime:0.000018s ]
INFO: [ app_init ] --END-- [ RunTime:0.001024s ]
ERR: 无法加载模块:Public

[ 2018-03-14T15:23:55+08:00 ] 127.0.0.1 /Public/uploading/wechat/images/weixin/YZS20180125001539_5890.jpg
INFO: [ app_init ] --START--
INFO: Run Behavior\BuildLiteBehavior [ RunTime:0.000413s ]
INFO: [ app_init ] --END-- [ RunTime:0.002208s ]
ERR: 无法加载模块:Public

[ 2018-03-14T15:23:55+08:00 ] 127.0.0.1 /Public/uploading/wechat/images/weixin/YZS20180125001546_7578.jpg
INFO: [ app_init ] --START--
INFO: Run Behavior\BuildLiteBehavior [ RunTime:0.000012s ]
INFO: [ app_init ] --END-- [ RunTime:0.000381s ]
ERR: 无法加载模块:Public

[ 2018-03-14T15:23:55+08:00 ] 127.0.0.1 /Public/uploading/wechat/images/weixin/YZS20180125001555_7448.jpg
INFO: [ app_init ] --START--
INFO: Run Behavior\BuildLiteBehavior [ RunTime:0.000009s ]
INFO: [ app_init ] --END-- [ RunTime:0.000251s ]
ERR: 无法加载模块:Public

[ 2018-03-14T15:23:55+08:00 ] 127.0.0.1 /Public/uploading/wechat/images/weixin/YZS20180125001609_7003.jpg
INFO: [ app_init ] --START--
INFO: Run Behavior\BuildLiteBehavior [ RunTime:0.000012s ]
INFO: [ app_init ] --END-- [ RunTime:0.000248s ]
ERR: 无法加载模块:Public

[ 2018-03-14T15:23:55+08:00 ] 127.0.0.1 /Public/uploading/wechat/images/weixin/YZS20180125001603_7352.jpg
INFO: [ app_init ] --START--
INFO: Run Behavior\BuildLiteBehavior [ RunTime:0.000008s ]
INFO: [ app_init ] --END-- [ RunTime:0.000229s ]
ERR: 无法加载模块:Public

[ 2018-03-14T15:24:07+08:00 ] 127.0.0.1 /Public/uploading/wechat/images/weixin/YZS20180305145513_9542.jpg
INFO: [ app_init ] --START--
INFO: Run Behavior\BuildLiteBehavior [ RunTime:0.000012s ]
INFO: [ app_init ] --END-- [ RunTime:0.000330s ]
ERR: 无法加载模块:Public

[ 2018-03-14T15:24:07+08:00 ] 127.0.0.1 /Public/uploading/wechat/images/weixin/YZS20180305145348_5819.jpg
INFO: [ app_init ] --START--
INFO: Run Behavior\BuildLiteBehavior [ RunTime:0.000041s ]
INFO: [ app_init ] --END-- [ RunTime:0.000520s ]
ERR: 无法加载模块:Public

[ 2018-03-14T15:24:07+08:00 ] 127.0.0.1 /Public/uploading/wechat/images/weixin/YZS20180305145512_3699.jpg
INFO: [ app_init ] --START--
INFO: Run Behavior\BuildLiteBehavior [ RunTime:0.000009s ]
INFO: [ app_init ] --END-- [ RunTime:0.000285s ]
ERR: 无法加载模块:Public

[ 2018-03-14T15:24:07+08:00 ] 127.0.0.1 /Public/uploading/wechat/images/weixin/YZS20180305145512_4709.jpg
INFO: [ app_init ] --START--
INFO: Run Behavior\BuildLiteBehavior [ RunTime:0.000012s ]
INFO: [ app_init ] --END-- [ RunTime:0.000310s ]
ERR: 无法加载模块:Public

[ 2018-03-14T15:24:07+08:00 ] 127.0.0.1 /Public/uploading/wechat/images/weixin/YZS20180305145402_3753.jpg
INFO: [ app_init ] --START--
INFO: Run Behavior\BuildLiteBehavior [ RunTime:0.000013s ]
INFO: [ app_init ] --END-- [ RunTime:0.000326s ]
ERR: 无法加载模块:Public

[ 2018-03-14T15:24:07+08:00 ] 127.0.0.1 /Public/uploading/wechat/images/weixin/YZS20180305145513_1515.jpg
INFO: [ app_init ] --START--
INFO: Run Behavior\BuildLiteBehavior [ RunTime:0.000017s ]
INFO: [ app_init ] --END-- [ RunTime:0.000399s ]
ERR: 无法加载模块:Public

[ 2018-03-14T15:24:07+08:00 ] 127.0.0.1 /Public/uploading/wechat/images/weixin/YZS20180305145545_9650.jpg
INFO: [ app_init ] --START--
INFO: Run Behavior\BuildLiteBehavior [ RunTime:0.000009s ]
INFO: [ app_init ] --END-- [ RunTime:0.000299s ]
ERR: 无法加载模块:Public

[ 2018-03-14T15:24:07+08:00 ] 127.0.0.1 /Public/uploading/wechat/images/weixin/YZS20180305145634_3881.jpg
INFO: [ app_init ] --START--
INFO: Run Behavior\BuildLiteBehavior [ RunTime:0.000012s ]
INFO: [ app_init ] --END-- [ RunTime:0.000295s ]
ERR: 无法加载模块:Public

[ 2018-03-14T15:24:07+08:00 ] 127.0.0.1 /Public/uploading/wechat/images/weixin/YZS20180305145628_2343.jpg
INFO: [ app_init ] --START--
INFO: Run Behavior\BuildLiteBehavior [ RunTime:0.000012s ]
INFO: [ app_init ] --END-- [ RunTime:0.000310s ]
ERR: 无法加载模块:Public

[ 2018-03-14T15:24:07+08:00 ] 127.0.0.1 /Public/uploading/wechat/images/weixin/YZS20180305145641_8630.jpg
INFO: [ app_init ] --START--
INFO: Run Behavior\BuildLiteBehavior [ RunTime:0.000008s ]
INFO: [ app_init ] --END-- [ RunTime:0.000228s ]
ERR: 无法加载模块:Public

[ 2018-03-14T15:28:06+08:00 ] 127.0.0.1 /Public/uploading/wechat/images/weixin/YZS20180305145348_5819.jpg
INFO: [ app_init ] --START--
INFO: Run Behavior\BuildLiteBehavior [ RunTime:0.000013s ]
INFO: [ app_init ] --END-- [ RunTime:0.000325s ]
ERR: 无法加载模块:Public

[ 2018-03-14T15:28:06+08:00 ] 127.0.0.1 /Public/uploading/wechat/images/weixin/YZS20180305145512_3699.jpg
INFO: [ app_init ] --START--
INFO: Run Behavior\BuildLiteBehavior [ RunTime:0.000052s ]
INFO: [ app_init ] --END-- [ RunTime:0.000676s ]
ERR: 无法加载模块:Public

[ 2018-03-14T15:28:06+08:00 ] 127.0.0.1 /Public/uploading/wechat/images/weixin/YZS20180305145512_4709.jpg
INFO: [ app_init ] --START--
INFO: Run Behavior\BuildLiteBehavior [ RunTime:0.000039s ]
INFO: [ app_init ] --END-- [ RunTime:0.000671s ]
ERR: 无法加载模块:Public

[ 2018-03-14T15:28:06+08:00 ] 127.0.0.1 /Public/uploading/wechat/images/weixin/YZS20180305145402_3753.jpg
INFO: [ app_init ] --START--
INFO: Run Behavior\BuildLiteBehavior [ RunTime:0.000051s ]
INFO: [ app_init ] --END-- [ RunTime:0.000856s ]
ERR: 无法加载模块:Public

[ 2018-03-14T15:28:06+08:00 ] 127.0.0.1 /Public/uploading/wechat/images/weixin/YZS20180305145513_9542.jpg
INFO: [ app_init ] --START--
INFO: Run Behavior\BuildLiteBehavior [ RunTime:0.000048s ]
INFO: [ app_init ] --END-- [ RunTime:0.001057s ]
ERR: 无法加载模块:Public

[ 2018-03-14T15:28:06+08:00 ] 127.0.0.1 /Public/uploading/wechat/images/weixin/YZS20180305145513_1515.jpg
INFO: [ app_init ] --START--
INFO: Run Behavior\BuildLiteBehavior [ RunTime:0.000031s ]
INFO: [ app_init ] --END-- [ RunTime:0.000897s ]
ERR: 无法加载模块:Public

[ 2018-03-14T15:28:06+08:00 ] 127.0.0.1 /Public/uploading/wechat/images/weixin/YZS20180305145641_8630.jpg
INFO: [ app_init ] --START--
INFO: Run Behavior\BuildLiteBehavior [ RunTime:0.000009s ]
INFO: [ app_init ] --END-- [ RunTime:0.000238s ]
ERR: 无法加载模块:Public

[ 2018-03-14T15:28:06+08:00 ] 127.0.0.1 /Public/uploading/wechat/images/weixin/YZS20180305145628_2343.jpg
INFO: [ app_init ] --START--
INFO: Run Behavior\BuildLiteBehavior [ RunTime:0.000013s ]
INFO: [ app_init ] --END-- [ RunTime:0.000319s ]
ERR: 无法加载模块:Public

[ 2018-03-14T15:28:06+08:00 ] 127.0.0.1 /Public/uploading/wechat/images/weixin/YZS20180305145634_3881.jpg
INFO: [ app_init ] --START--
INFO: Run Behavior\BuildLiteBehavior [ RunTime:0.000012s ]
INFO: [ app_init ] --END-- [ RunTime:0.000314s ]
ERR: 无法加载模块:Public

[ 2018-03-14T15:30:38+08:00 ] 127.0.0.1 /Public/uploading/wechat/images/weixin/YZS20180305145512_3699.jpg
INFO: [ app_init ] --START--
INFO: Run Behavior\BuildLiteBehavior [ RunTime:0.000020s ]
INFO: [ app_init ] --END-- [ RunTime:0.000423s ]
ERR: 无法加载模块:Public

[ 2018-03-14T15:30:38+08:00 ] 127.0.0.1 /Public/uploading/wechat/images/weixin/YZS20180305145512_4709.jpg
INFO: [ app_init ] --START--
INFO: Run Behavior\BuildLiteBehavior [ RunTime:0.000015s ]
INFO: [ app_init ] --END-- [ RunTime:0.000405s ]
ERR: 无法加载模块:Public

[ 2018-03-14T15:30:38+08:00 ] 127.0.0.1 /Public/uploading/wechat/images/weixin/YZS20180305145513_1515.jpg
INFO: [ app_init ] --START--
INFO: Run Behavior\BuildLiteBehavior [ RunTime:0.000013s ]
INFO: [ app_init ] --END-- [ RunTime:0.000359s ]
ERR: 无法加载模块:Public

[ 2018-03-14T15:30:38+08:00 ] 127.0.0.1 /Public/uploading/wechat/images/weixin/YZS20180305145628_2343.jpg
INFO: [ app_init ] --START--
INFO: Run Behavior\BuildLiteBehavior [ RunTime:0.000009s ]
INFO: [ app_init ] --END-- [ RunTime:0.000267s ]
ERR: 无法加载模块:Public

[ 2018-03-14T15:30:38+08:00 ] 127.0.0.1 /Public/uploading/wechat/images/weixin/YZS20180305145545_9650.jpg
INFO: [ app_init ] --START--
INFO: Run Behavior\BuildLiteBehavior [ RunTime:0.000011s ]
INFO: [ app_init ] --END-- [ RunTime:0.000364s ]
ERR: 无法加载模块:Public

[ 2018-03-14T15:30:38+08:00 ] 127.0.0.1 /Public/uploading/wechat/images/weixin/YZS20180305145513_9542.jpg
INFO: [ app_init ] --START--
INFO: Run Behavior\BuildLiteBehavior [ RunTime:0.000012s ]
INFO: [ app_init ] --END-- [ RunTime:0.000427s ]
ERR: 无法加载模块:Public

[ 2018-03-14T15:30:38+08:00 ] 127.0.0.1 /Public/uploading/wechat/images/weixin/YZS20180305145641_8630.jpg
INFO: [ app_init ] --START--
INFO: Run Behavior\BuildLiteBehavior [ RunTime:0.000009s ]
INFO: [ app_init ] --END-- [ RunTime:0.000236s ]
ERR: 无法加载模块:Public

[ 2018-03-14T15:30:38+08:00 ] 127.0.0.1 /Public/uploading/wechat/images/weixin/YZS20180305145634_3881.jpg
INFO: [ app_init ] --START--
INFO: Run Behavior\BuildLiteBehavior [ RunTime:0.000008s ]
INFO: [ app_init ] --END-- [ RunTime:0.000260s ]
ERR: 无法加载模块:Public

[ 2018-03-14T15:30:55+08:00 ] 127.0.0.1 /Public/uploading/wechat/images/weixin/YZS20180305145512_3699.jpg
INFO: [ app_init ] --START--
INFO: Run Behavior\BuildLiteBehavior [ RunTime:0.000012s ]
INFO: [ app_init ] --END-- [ RunTime:0.000337s ]
ERR: 无法加载模块:Public

[ 2018-03-14T15:30:55+08:00 ] 127.0.0.1 /Public/uploading/wechat/images/weixin/YZS20180305145545_9650.jpg
INFO: [ app_init ] --START--
INFO: Run Behavior\BuildLiteBehavior [ RunTime:0.000009s ]
INFO: [ app_init ] --END-- [ RunTime:0.000237s ]
ERR: 无法加载模块:Public

[ 2018-03-14T15:30:55+08:00 ] 127.0.0.1 /Public/uploading/wechat/images/weixin/YZS20180305145513_1515.jpg
INFO: [ app_init ] --START--
INFO: Run Behavior\BuildLiteBehavior [ RunTime:0.000012s ]
INFO: [ app_init ] --END-- [ RunTime:0.000307s ]
ERR: 无法加载模块:Public

[ 2018-03-14T15:30:55+08:00 ] 127.0.0.1 /Public/uploading/wechat/images/weixin/YZS20180305145512_4709.jpg
INFO: [ app_init ] --START--
INFO: Run Behavior\BuildLiteBehavior [ RunTime:0.000016s ]
INFO: [ app_init ] --END-- [ RunTime:0.000386s ]
ERR: 无法加载模块:Public

[ 2018-03-14T15:30:55+08:00 ] 127.0.0.1 /Public/uploading/wechat/images/weixin/YZS20180305145628_2343.jpg
INFO: [ app_init ] --START--
INFO: Run Behavior\BuildLiteBehavior [ RunTime:0.000009s ]
INFO: [ app_init ] --END-- [ RunTime:0.000229s ]
ERR: 无法加载模块:Public

[ 2018-03-14T15:30:55+08:00 ] 127.0.0.1 /Public/uploading/wechat/images/weixin/YZS20180305145513_9542.jpg
INFO: [ app_init ] --START--
INFO: Run Behavior\BuildLiteBehavior [ RunTime:0.000013s ]
INFO: [ app_init ] --END-- [ RunTime:0.000378s ]
ERR: 无法加载模块:Public

[ 2018-03-14T15:30:55+08:00 ] 127.0.0.1 /Public/uploading/wechat/images/weixin/YZS20180305145634_3881.jpg
INFO: [ app_init ] --START--
INFO: Run Behavior\BuildLiteBehavior [ RunTime:0.000010s ]
INFO: [ app_init ] --END-- [ RunTime:0.000284s ]
ERR: 无法加载模块:Public

[ 2018-03-14T15:30:55+08:00 ] 127.0.0.1 /Public/uploading/wechat/images/weixin/YZS20180305145641_8630.jpg
INFO: [ app_init ] --START--
INFO: Run Behavior\BuildLiteBehavior [ RunTime:0.000010s ]
INFO: [ app_init ] --END-- [ RunTime:0.000307s ]
ERR: 无法加载模块:Public

[ 2018-03-14T16:26:17+08:00 ] 127.0.0.1 /Public/uploading/wechat/images/weixin/YZS20180305145628_2343.jpg
INFO: [ app_init ] --START--
INFO: Run Behavior\BuildLiteBehavior [ RunTime:0.000011s ]
INFO: [ app_init ] --END-- [ RunTime:0.000315s ]
ERR: 无法加载模块:Public

[ 2018-03-14T16:26:17+08:00 ] 127.0.0.1 /Public/uploading/wechat/images/weixin/YZS20180305145512_4709.jpg
INFO: [ app_init ] --START--
INFO: Run Behavior\BuildLiteBehavior [ RunTime:0.000012s ]
INFO: [ app_init ] --END-- [ RunTime:0.000403s ]
ERR: 无法加载模块:Public

[ 2018-03-14T16:26:17+08:00 ] 127.0.0.1 /Public/uploading/wechat/images/weixin/YZS20180305145512_3699.jpg
INFO: [ app_init ] --START--
INFO: Run Behavior\BuildLiteBehavior [ RunTime:0.000013s ]
INFO: [ app_init ] --END-- [ RunTime:0.000427s ]
ERR: 无法加载模块:Public

[ 2018-03-14T16:26:17+08:00 ] 127.0.0.1 /Public/uploading/wechat/images/weixin/YZS20180305145545_9650.jpg
INFO: [ app_init ] --START--
INFO: Run Behavior\BuildLiteBehavior [ RunTime:0.000008s ]
INFO: [ app_init ] --END-- [ RunTime:0.000263s ]
ERR: 无法加载模块:Public

[ 2018-03-14T16:26:17+08:00 ] 127.0.0.1 /Public/uploading/wechat/images/weixin/YZS20180305145513_1515.jpg
INFO: [ app_init ] --START--
INFO: Run Behavior\BuildLiteBehavior [ RunTime:0.000011s ]
INFO: [ app_init ] --END-- [ RunTime:0.000363s ]
ERR: 无法加载模块:Public

[ 2018-03-14T16:26:17+08:00 ] 127.0.0.1 /Public/uploading/wechat/images/weixin/YZS20180305145513_9542.jpg
INFO: [ app_init ] --START--
INFO: Run Behavior\BuildLiteBehavior [ RunTime:0.000009s ]
INFO: [ app_init ] --END-- [ RunTime:0.000253s ]
ERR: 无法加载模块:Public

[ 2018-03-14T16:26:17+08:00 ] 127.0.0.1 /Public/uploading/wechat/images/weixin/YZS20180305145634_3881.jpg
INFO: [ app_init ] --START--
INFO: Run Behavior\BuildLiteBehavior [ RunTime:0.000009s ]
INFO: [ app_init ] --END-- [ RunTime:0.000235s ]
ERR: 无法加载模块:Public

[ 2018-03-14T16:26:17+08:00 ] 127.0.0.1 /Public/uploading/wechat/images/weixin/YZS20180305145641_8630.jpg
INFO: [ app_init ] --START--
INFO: Run Behavior\BuildLiteBehavior [ RunTime:0.000008s ]
INFO: [ app_init ] --END-- [ RunTime:0.000254s ]
ERR: 无法加载模块:Public

