[ 2017-12-25T15:50:27+08:00 ] 116.231.254.41 /index.php/Application/Admin/View/Product/product_redact.html
INFO: [ app_init ] --START--
INFO: Run Behavior\BuildLiteBehavior [ RunTime:0.000014s ]
INFO: [ app_init ] --END-- [ RunTime:0.000315s ]
ERR: 无法加载模块:Application

[ 2017-12-25T15:50:29+08:00 ] 116.231.254.41 /index.php/Application/Admin/View/Product/product_redact.html
INFO: [ app_init ] --START--
INFO: Run Behavior\BuildLiteBehavior [ RunTime:0.000013s ]
INFO: [ app_init ] --END-- [ RunTime:0.000285s ]
ERR: 无法加载模块:Application

[ 2017-12-25T15:50:29+08:00 ] 116.231.254.41 /index.php/Application/Admin/View/Product/product_redact.html
INFO: [ app_init ] --START--
INFO: Run Behavior\BuildLiteBehavior [ RunTime:0.000013s ]
INFO: [ app_init ] --END-- [ RunTime:0.000293s ]
ERR: 无法加载模块:Application

[ 2017-12-25T15:50:30+08:00 ] 116.231.254.41 /index.php/Application/Admin/View/Product/product_redact.html
INFO: [ app_init ] --START--
INFO: Run Behavior\BuildLiteBehavior [ RunTime:0.000020s ]
INFO: [ app_init ] --END-- [ RunTime:0.000335s ]
ERR: 无法加载模块:Application

[ 2017-12-25T15:50:30+08:00 ] 116.231.254.41 /index.php/Application/Admin/View/Product/product_redact.html
INFO: [ app_init ] --START--
INFO: Run Behavior\BuildLiteBehavior [ RunTime:0.000013s ]
INFO: [ app_init ] --END-- [ RunTime:0.000309s ]
ERR: 无法加载模块:Application

[ 2017-12-25T15:50:30+08:00 ] 116.231.254.41 /index.php/Application/Admin/View/Product/product_redact.html
INFO: [ app_init ] --START--
INFO: Run Behavior\BuildLiteBehavior [ RunTime:0.000013s ]
INFO: [ app_init ] --END-- [ RunTime:0.000303s ]
ERR: 无法加载模块:Application

[ 2017-12-25T15:50:30+08:00 ] 116.231.254.41 /index.php/Application/Admin/View/Product/product_redact.html
INFO: [ app_init ] --START--
INFO: Run Behavior\BuildLiteBehavior [ RunTime:0.000013s ]
INFO: [ app_init ] --END-- [ RunTime:0.000287s ]
ERR: 无法加载模块:Application

[ 2017-12-25T15:50:30+08:00 ] 116.231.254.41 /index.php/Application/Admin/View/Product/product_redact.html
INFO: [ app_init ] --START--
INFO: Run Behavior\BuildLiteBehavior [ RunTime:0.000013s ]
INFO: [ app_init ] --END-- [ RunTime:0.000308s ]
ERR: 无法加载模块:Application

[ 2017-12-25T15:51:36+08:00 ] 116.231.254.41 /index.php/Application/Admin/View/Product/product_redact.html
INFO: [ app_init ] --START--
INFO: Run Behavior\BuildLiteBehavior [ RunTime:0.000012s ]
INFO: [ app_init ] --END-- [ RunTime:0.000311s ]
ERR: 无法加载模块:Application

