[ 2017-11-07T13:57:21+08:00 ] 140.205.225.195 /index.php?m=member&c=index&a=register&siteid=1
INFO: [ app_init ] --START--
INFO: Run Behavior\BuildLiteBehavior [ RunTime:0.000012s ]
INFO: [ app_init ] --END-- [ RunTime:0.000288s ]
ERR: 无法加载模块:Member

[ 2017-11-07T13:57:22+08:00 ] 140.205.225.195 /index.php?m=wap&a=index&siteid=1
INFO: [ app_init ] --START--
INFO: Run Behavior\BuildLiteBehavior [ RunTime:0.000013s ]
INFO: [ app_init ] --END-- [ RunTime:0.000296s ]
ERR: 无法加载模块:Wap

[ 2017-11-07T17:47:07+08:00 ] 116.226.240.181 /index.php/Wenxin/Apply/product.html
INFO: [ app_init ] --START--
INFO: Run Behavior\BuildLiteBehavior [ RunTime:0.000013s ]
INFO: [ app_init ] --END-- [ RunTime:0.000327s ]
ERR: 无法加载模块:Wenxin

[ 2017-11-07T17:47:24+08:00 ] 116.226.240.181 /index.php/Wenxin/Apply/product.html
INFO: [ app_init ] --START--
INFO: Run Behavior\BuildLiteBehavior [ RunTime:0.000012s ]
INFO: [ app_init ] --END-- [ RunTime:0.000307s ]
ERR: 无法加载模块:Wenxin

[ 2017-11-07T17:47:31+08:00 ] 116.226.240.181 /index.php/Wenxin/Apply/product_step.html
INFO: [ app_init ] --START--
INFO: Run Behavior\BuildLiteBehavior [ RunTime:0.000013s ]
INFO: [ app_init ] --END-- [ RunTime:0.000298s ]
ERR: 无法加载模块:Wenxin

[ 2017-11-07T17:51:08+08:00 ] 116.226.240.181 /index.php/Wenxin/Apply/product_step.html
INFO: [ app_init ] --START--
INFO: Run Behavior\BuildLiteBehavior [ RunTime:0.000013s ]
INFO: [ app_init ] --END-- [ RunTime:0.000283s ]
ERR: 无法加载模块:Wenxin

[ 2017-11-07T17:51:10+08:00 ] 116.226.240.181 /index.php/Wenxin/Apply/product_step.htm
INFO: [ app_init ] --START--
INFO: Run Behavior\BuildLiteBehavior [ RunTime:0.000013s ]
INFO: [ app_init ] --END-- [ RunTime:0.000287s ]
ERR: 无法加载模块:Wenxin

[ 2017-11-07T17:51:14+08:00 ] 116.226.240.181 /index.php/Wenxin/Apply/product_step.html
INFO: [ app_init ] --START--
INFO: Run Behavior\BuildLiteBehavior [ RunTime:0.000017s ]
INFO: [ app_init ] --END-- [ RunTime:0.000329s ]
ERR: 无法加载模块:Wenxin

[ 2017-11-07T17:51:14+08:00 ] 116.226.240.181 /index.php/Wenxin/Apply/product_step.html
INFO: [ app_init ] --START--
INFO: Run Behavior\BuildLiteBehavior [ RunTime:0.000013s ]
INFO: [ app_init ] --END-- [ RunTime:0.000316s ]
ERR: 无法加载模块:Wenxin

[ 2017-11-07T17:52:24+08:00 ] 116.226.240.181 /index.php/Wenxin/Apply/product_step.html
INFO: [ app_init ] --START--
INFO: Run Behavior\BuildLiteBehavior [ RunTime:0.000014s ]
INFO: [ app_init ] --END-- [ RunTime:0.000306s ]
ERR: 无法加载模块:Wenxin

[ 2017-11-07T17:52:31+08:00 ] 116.226.240.181 /index.php/Wenxin/Apply/product.html
INFO: [ app_init ] --START--
INFO: Run Behavior\BuildLiteBehavior [ RunTime:0.000013s ]
INFO: [ app_init ] --END-- [ RunTime:0.000289s ]
ERR: 无法加载模块:Wenxin

[ 2017-11-07T17:53:30+08:00 ] 116.226.240.181 /index.php/Wenxin/Apply/product.html
INFO: [ app_init ] --START--
INFO: Run Behavior\BuildLiteBehavior [ RunTime:0.000013s ]
INFO: [ app_init ] --END-- [ RunTime:0.000288s ]
ERR: 无法加载模块:Wenxin

