[ 2017-12-26T10:35:01+08:00 ] 116.231.254.41 /index.php/Weixin/Introduce/product_prensentation.html
INFO: [ app_init ] --START--
INFO: Run Behavior\BuildLiteBehavior [ RunTime:0.000014s ]
INFO: [ app_init ] --END-- [ RunTime:0.000317s ]
INFO: [ app_begin ] --START--
INFO: Run Behavior\ReadHtmlCacheBehavior [ RunTime:0.000403s ]
INFO: [ app_begin ] --END-- [ RunTime:0.000441s ]

[ 2017-12-26T10:35:36+08:00 ] 116.231.254.41 /index.php/Weixin/Introduce/product_prensentation.html
INFO: [ app_init ] --START--
INFO: Run Behavior\BuildLiteBehavior [ RunTime:0.000013s ]
INFO: [ app_init ] --END-- [ RunTime:0.000300s ]
INFO: [ app_begin ] --START--
INFO: Run Behavior\ReadHtmlCacheBehavior [ RunTime:0.000390s ]
INFO: [ app_begin ] --END-- [ RunTime:0.000431s ]
SQL: SHOW COLUMNS FROM `yzs_wxusers` [ RunTime:0.0009s ]
SQL: SELECT * FROM `yzs_wxusers` WHERE ( id=24 ) LIMIT 1   [ RunTime:0.0003s ]
SQL: SHOW COLUMNS FROM `yzs_product` [ RunTime:0.0012s ]
SQL: SELECT * FROM `yzs_product` WHERE ( state='1' and introduce_img!='' )  [ RunTime:0.0003s ]
INFO: [ view_parse ] --START--
INFO: [ template_filter ] --START--
INFO: Run Behavior\ContentReplaceBehavior [ RunTime:0.000083s ]
INFO: [ template_filter ] --END-- [ RunTime:0.000124s ]
NOTIC: [8] Undefined variable: html_title /home/wwwroot/cesi3.0.zhiyujinrong.com/Application/Runtime/Cache/Weixin/40148155fcc803f8ec281e0a6735eaa6.php 第 4 行.
NOTIC: [8] Undefined index: bank /home/wwwroot/cesi3.0.zhiyujinrong.com/Application/Runtime/Cache/Weixin/40148155fcc803f8ec281e0a6735eaa6.php 第 315 行.
NOTIC: [8] Undefined variable:  /home/wwwroot/cesi3.0.zhiyujinrong.com/Application/Runtime/Cache/Weixin/40148155fcc803f8ec281e0a6735eaa6.php 第 315 行.
NOTIC: [8] Undefined index: nbank /home/wwwroot/cesi3.0.zhiyujinrong.com/Application/Runtime/Cache/Weixin/40148155fcc803f8ec281e0a6735eaa6.php 第 343 行.
NOTIC: [8] Undefined variable:  /home/wwwroot/cesi3.0.zhiyujinrong.com/Application/Runtime/Cache/Weixin/40148155fcc803f8ec281e0a6735eaa6.php 第 343 行.
INFO: Run Behavior\ParseTemplateBehavior [ RunTime:0.013137s ]
INFO: [ view_parse ] --END-- [ RunTime:0.013179s ]
INFO: [ view_filter ] --START--
INFO: Run Behavior\WriteHtmlCacheBehavior [ RunTime:0.000192s ]
INFO: [ view_filter ] --END-- [ RunTime:0.000224s ]
INFO: [ app_end ] --START--
INFO: Run Behavior\ShowPageTraceBehavior [ RunTime:0.000540s ]
INFO: [ app_end ] --END-- [ RunTime:0.000585s ]

[ 2017-12-26T10:35:48+08:00 ] 116.231.254.41 /index.php/Weixin/Introduce/product_prensentation.html
INFO: [ app_init ] --START--
INFO: Run Behavior\BuildLiteBehavior [ RunTime:0.000013s ]
INFO: [ app_init ] --END-- [ RunTime:0.000300s ]
INFO: [ app_begin ] --START--
INFO: Run Behavior\ReadHtmlCacheBehavior [ RunTime:0.000443s ]
INFO: [ app_begin ] --END-- [ RunTime:0.000484s ]
SQL: SHOW COLUMNS FROM `yzs_product` [ RunTime:0.0013s ]
SQL: SELECT * FROM `yzs_product` WHERE ( state='1' and introduce_img!='' )  [ RunTime:0.0004s ]
INFO: [ view_parse ] --START--
INFO: [ template_filter ] --START--
INFO: Run Behavior\ContentReplaceBehavior [ RunTime:0.000083s ]
INFO: [ template_filter ] --END-- [ RunTime:0.000136s ]
NOTIC: [8] Undefined variable: html_title /home/wwwroot/cesi3.0.zhiyujinrong.com/Application/Runtime/Cache/Weixin/40148155fcc803f8ec281e0a6735eaa6.php 第 4 行.
NOTIC: [8] Undefined index: bank /home/wwwroot/cesi3.0.zhiyujinrong.com/Application/Runtime/Cache/Weixin/40148155fcc803f8ec281e0a6735eaa6.php 第 315 行.
NOTIC: [8] Undefined variable:  /home/wwwroot/cesi3.0.zhiyujinrong.com/Application/Runtime/Cache/Weixin/40148155fcc803f8ec281e0a6735eaa6.php 第 315 行.
NOTIC: [8] Undefined index: nbank /home/wwwroot/cesi3.0.zhiyujinrong.com/Application/Runtime/Cache/Weixin/40148155fcc803f8ec281e0a6735eaa6.php 第 343 行.
NOTIC: [8] Undefined variable:  /home/wwwroot/cesi3.0.zhiyujinrong.com/Application/Runtime/Cache/Weixin/40148155fcc803f8ec281e0a6735eaa6.php 第 343 行.
INFO: Run Behavior\ParseTemplateBehavior [ RunTime:0.012550s ]
INFO: [ view_parse ] --END-- [ RunTime:0.012585s ]
INFO: [ view_filter ] --START--
INFO: Run Behavior\WriteHtmlCacheBehavior [ RunTime:0.000170s ]
INFO: [ view_filter ] --END-- [ RunTime:0.000202s ]
INFO: [ app_end ] --START--
INFO: Run Behavior\ShowPageTraceBehavior [ RunTime:0.000405s ]
INFO: [ app_end ] --END-- [ RunTime:0.000450s ]

[ 2017-12-26T10:35:53+08:00 ] 116.231.254.41 /index.php/Weixin/Introduce/product_prensentation.html
INFO: [ app_init ] --START--
INFO: Run Behavior\BuildLiteBehavior [ RunTime:0.000013s ]
INFO: [ app_init ] --END-- [ RunTime:0.000292s ]
INFO: [ app_begin ] --START--
INFO: Run Behavior\ReadHtmlCacheBehavior [ RunTime:0.000385s ]
INFO: [ app_begin ] --END-- [ RunTime:0.000425s ]
SQL: SHOW COLUMNS FROM `yzs_product` [ RunTime:0.0014s ]
SQL: SELECT * FROM `yzs_product` WHERE ( state='1' and introduce_img!='' )  [ RunTime:0.0005s ]
INFO: [ view_parse ] --START--
INFO: [ template_filter ] --START--
INFO: Run Behavior\ContentReplaceBehavior [ RunTime:0.000082s ]
INFO: [ template_filter ] --END-- [ RunTime:0.000122s ]
NOTIC: [8] Undefined variable: html_title /home/wwwroot/cesi3.0.zhiyujinrong.com/Application/Runtime/Cache/Weixin/40148155fcc803f8ec281e0a6735eaa6.php 第 4 行.
NOTIC: [8] Undefined index: bank /home/wwwroot/cesi3.0.zhiyujinrong.com/Application/Runtime/Cache/Weixin/40148155fcc803f8ec281e0a6735eaa6.php 第 315 行.
NOTIC: [8] Undefined variable:  /home/wwwroot/cesi3.0.zhiyujinrong.com/Application/Runtime/Cache/Weixin/40148155fcc803f8ec281e0a6735eaa6.php 第 315 行.
NOTIC: [8] Undefined index: nbank /home/wwwroot/cesi3.0.zhiyujinrong.com/Application/Runtime/Cache/Weixin/40148155fcc803f8ec281e0a6735eaa6.php 第 343 行.
NOTIC: [8] Undefined variable:  /home/wwwroot/cesi3.0.zhiyujinrong.com/Application/Runtime/Cache/Weixin/40148155fcc803f8ec281e0a6735eaa6.php 第 343 行.
INFO: Run Behavior\ParseTemplateBehavior [ RunTime:0.012468s ]
INFO: [ view_parse ] --END-- [ RunTime:0.012503s ]
INFO: [ view_filter ] --START--
INFO: Run Behavior\WriteHtmlCacheBehavior [ RunTime:0.000185s ]
INFO: [ view_filter ] --END-- [ RunTime:0.000221s ]
INFO: [ app_end ] --START--
INFO: Run Behavior\ShowPageTraceBehavior [ RunTime:0.000415s ]
INFO: [ app_end ] --END-- [ RunTime:0.000462s ]

[ 2017-12-26T11:18:47+08:00 ] 101.226.225.59 /index.php/Weixin/Introduce/product_prensentation.html
INFO: [ app_init ] --START--
INFO: Run Behavior\BuildLiteBehavior [ RunTime:0.000013s ]
INFO: [ app_init ] --END-- [ RunTime:0.000306s ]
INFO: [ app_begin ] --START--
INFO: Run Behavior\ReadHtmlCacheBehavior [ RunTime:0.000393s ]
INFO: [ app_begin ] --END-- [ RunTime:0.000435s ]

[ 2017-12-26T11:19:00+08:00 ] 116.231.254.41 /index.php/Weixin/Introduce/product_prensentation.html
INFO: [ app_init ] --START--
INFO: Run Behavior\BuildLiteBehavior [ RunTime:0.000013s ]
INFO: [ app_init ] --END-- [ RunTime:0.000298s ]
INFO: [ app_begin ] --START--
INFO: Run Behavior\ReadHtmlCacheBehavior [ RunTime:0.000390s ]
INFO: [ app_begin ] --END-- [ RunTime:0.000430s ]
SQL: SHOW COLUMNS FROM `yzs_wxusers` [ RunTime:0.0008s ]
SQL: SELECT * FROM `yzs_wxusers` WHERE ( id=19 ) LIMIT 1   [ RunTime:0.0004s ]
SQL: SHOW COLUMNS FROM `yzs_access_token` [ RunTime:0.0004s ]
SQL: SELECT * FROM `yzs_access_token` WHERE ( id=1 ) LIMIT 1   [ RunTime:0.0002s ]
SQL: UPDATE `yzs_access_token` SET `state`='2' WHERE ( id=1 ) [ RunTime:0.0176s ]
SQL: UPDATE `yzs_access_token` SET `access_token`='5_bNvER0WZHxx2BvXAMf6lG_XwPZnARD_SkRE_uOvHcS5ebEZLDDrxwbDGfhfhkTX6yy1xr-0gqqD1SqXCH3efBpK0KbwZ_CSbjJ0whBqCTaf2EfrViATYUckFGIMXIWhAFANYM',`expires_in`='7200',`t_time`='1514258340',`state`='1' WHERE ( id=1 ) [ RunTime:0.0126s ]
NOTIC: [8] Undefined index: nickname /home/wwwroot/cesi3.0.zhiyujinrong.com/Application/Common/Controller/WeixinController.class.php 第 206 行.
NOTIC: [8] Undefined index: province /home/wwwroot/cesi3.0.zhiyujinrong.com/Application/Common/Controller/WeixinController.class.php 第 207 行.
NOTIC: [8] Undefined index: city /home/wwwroot/cesi3.0.zhiyujinrong.com/Application/Common/Controller/WeixinController.class.php 第 208 行.
NOTIC: [8] Undefined index: country /home/wwwroot/cesi3.0.zhiyujinrong.com/Application/Common/Controller/WeixinController.class.php 第 209 行.
NOTIC: [8] Undefined index: headimgurl /home/wwwroot/cesi3.0.zhiyujinrong.com/Application/Common/Controller/WeixinController.class.php 第 210 行.
NOTIC: [8] Undefined index: privilege /home/wwwroot/cesi3.0.zhiyujinrong.com/Application/Common/Controller/WeixinController.class.php 第 211 行.
SQL: UPDATE `yzs_wxusers` SET `nickname`=NULL,`province`=NULL,`city`=NULL,`country`=NULL,`headimgurl`=NULL,`privilege`=NULL,`u_time`='1514258340' WHERE ( id=19 ) [ RunTime:0.0051s ]
SQL: SELECT * FROM `yzs_wxusers` WHERE ( id=1 ) LIMIT 1   [ RunTime:0.0002s ]
SQL: SHOW COLUMNS FROM `yzs_product` [ RunTime:0.0011s ]
SQL: SELECT * FROM `yzs_product` WHERE ( state='1' and introduce_img!='' )  [ RunTime:0.0003s ]
INFO: [ view_parse ] --START--
INFO: [ template_filter ] --START--
INFO: Run Behavior\ContentReplaceBehavior [ RunTime:0.000120s ]
INFO: [ template_filter ] --END-- [ RunTime:0.000182s ]
NOTIC: [8] Undefined variable: html_title /home/wwwroot/cesi3.0.zhiyujinrong.com/Application/Runtime/Cache/Weixin/40148155fcc803f8ec281e0a6735eaa6.php 第 4 行.
NOTIC: [8] Undefined index: bank /home/wwwroot/cesi3.0.zhiyujinrong.com/Application/Runtime/Cache/Weixin/40148155fcc803f8ec281e0a6735eaa6.php 第 315 行.
NOTIC: [8] Undefined variable:  /home/wwwroot/cesi3.0.zhiyujinrong.com/Application/Runtime/Cache/Weixin/40148155fcc803f8ec281e0a6735eaa6.php 第 315 行.
NOTIC: [8] Undefined index: nbank /home/wwwroot/cesi3.0.zhiyujinrong.com/Application/Runtime/Cache/Weixin/40148155fcc803f8ec281e0a6735eaa6.php 第 343 行.
NOTIC: [8] Undefined variable:  /home/wwwroot/cesi3.0.zhiyujinrong.com/Application/Runtime/Cache/Weixin/40148155fcc803f8ec281e0a6735eaa6.php 第 343 行.
INFO: Run Behavior\ParseTemplateBehavior [ RunTime:0.013263s ]
INFO: [ view_parse ] --END-- [ RunTime:0.013299s ]
INFO: [ view_filter ] --START--
INFO: Run Behavior\WriteHtmlCacheBehavior [ RunTime:0.000174s ]
INFO: [ view_filter ] --END-- [ RunTime:0.000223s ]
INFO: [ app_end ] --START--
INFO: Run Behavior\ShowPageTraceBehavior [ RunTime:0.000441s ]
INFO: [ app_end ] --END-- [ RunTime:0.000479s ]

[ 2017-12-26T11:19:35+08:00 ] 116.231.254.41 /index.php/Weixin/Introduce/product_prensentation.html
INFO: [ app_init ] --START--
INFO: Run Behavior\BuildLiteBehavior [ RunTime:0.000013s ]
INFO: [ app_init ] --END-- [ RunTime:0.000287s ]
INFO: [ app_begin ] --START--
INFO: Run Behavior\ReadHtmlCacheBehavior [ RunTime:0.000396s ]
INFO: [ app_begin ] --END-- [ RunTime:0.000436s ]
SQL: SHOW COLUMNS FROM `yzs_product` [ RunTime:0.0013s ]
SQL: SELECT * FROM `yzs_product` WHERE ( state='1' and introduce_img!='' )  [ RunTime:0.0004s ]
INFO: [ view_parse ] --START--
INFO: [ template_filter ] --START--
INFO: Run Behavior\ContentReplaceBehavior [ RunTime:0.000082s ]
INFO: [ template_filter ] --END-- [ RunTime:0.000123s ]
NOTIC: [8] Undefined variable: html_title /home/wwwroot/cesi3.0.zhiyujinrong.com/Application/Runtime/Cache/Weixin/40148155fcc803f8ec281e0a6735eaa6.php 第 4 行.
NOTIC: [8] Undefined index: bank /home/wwwroot/cesi3.0.zhiyujinrong.com/Application/Runtime/Cache/Weixin/40148155fcc803f8ec281e0a6735eaa6.php 第 315 行.
NOTIC: [8] Undefined variable:  /home/wwwroot/cesi3.0.zhiyujinrong.com/Application/Runtime/Cache/Weixin/40148155fcc803f8ec281e0a6735eaa6.php 第 315 行.
NOTIC: [8] Undefined index: nbank /home/wwwroot/cesi3.0.zhiyujinrong.com/Application/Runtime/Cache/Weixin/40148155fcc803f8ec281e0a6735eaa6.php 第 343 行.
NOTIC: [8] Undefined variable:  /home/wwwroot/cesi3.0.zhiyujinrong.com/Application/Runtime/Cache/Weixin/40148155fcc803f8ec281e0a6735eaa6.php 第 343 行.
INFO: Run Behavior\ParseTemplateBehavior [ RunTime:0.012530s ]
INFO: [ view_parse ] --END-- [ RunTime:0.012567s ]
INFO: [ view_filter ] --START--
INFO: Run Behavior\WriteHtmlCacheBehavior [ RunTime:0.000171s ]
INFO: [ view_filter ] --END-- [ RunTime:0.000204s ]
INFO: [ app_end ] --START--
INFO: Run Behavior\ShowPageTraceBehavior [ RunTime:0.000406s ]
INFO: [ app_end ] --END-- [ RunTime:0.000444s ]

[ 2017-12-26T11:19:36+08:00 ] 116.231.254.41 /index.php/Weixin/Introduce/product_prensentation.html
INFO: [ app_init ] --START--
INFO: Run Behavior\BuildLiteBehavior [ RunTime:0.000012s ]
INFO: [ app_init ] --END-- [ RunTime:0.000289s ]
INFO: [ app_begin ] --START--
INFO: Run Behavior\ReadHtmlCacheBehavior [ RunTime:0.000398s ]
INFO: [ app_begin ] --END-- [ RunTime:0.000439s ]
SQL: SHOW COLUMNS FROM `yzs_product` [ RunTime:0.0015s ]
SQL: SELECT * FROM `yzs_product` WHERE ( state='1' and introduce_img!='' )  [ RunTime:0.0004s ]
INFO: [ view_parse ] --START--
INFO: [ template_filter ] --START--
INFO: Run Behavior\ContentReplaceBehavior [ RunTime:0.000081s ]
INFO: [ template_filter ] --END-- [ RunTime:0.000121s ]
NOTIC: [8] Undefined variable: html_title /home/wwwroot/cesi3.0.zhiyujinrong.com/Application/Runtime/Cache/Weixin/40148155fcc803f8ec281e0a6735eaa6.php 第 4 行.
NOTIC: [8] Undefined index: bank /home/wwwroot/cesi3.0.zhiyujinrong.com/Application/Runtime/Cache/Weixin/40148155fcc803f8ec281e0a6735eaa6.php 第 315 行.
NOTIC: [8] Undefined variable:  /home/wwwroot/cesi3.0.zhiyujinrong.com/Application/Runtime/Cache/Weixin/40148155fcc803f8ec281e0a6735eaa6.php 第 315 行.
NOTIC: [8] Undefined index: nbank /home/wwwroot/cesi3.0.zhiyujinrong.com/Application/Runtime/Cache/Weixin/40148155fcc803f8ec281e0a6735eaa6.php 第 343 行.
NOTIC: [8] Undefined variable:  /home/wwwroot/cesi3.0.zhiyujinrong.com/Application/Runtime/Cache/Weixin/40148155fcc803f8ec281e0a6735eaa6.php 第 343 行.
INFO: Run Behavior\ParseTemplateBehavior [ RunTime:0.013331s ]
INFO: [ view_parse ] --END-- [ RunTime:0.013368s ]
INFO: [ view_filter ] --START--
INFO: Run Behavior\WriteHtmlCacheBehavior [ RunTime:0.000190s ]
INFO: [ view_filter ] --END-- [ RunTime:0.000222s ]
INFO: [ app_end ] --START--
INFO: Run Behavior\ShowPageTraceBehavior [ RunTime:0.000438s ]
INFO: [ app_end ] --END-- [ RunTime:0.000474s ]

[ 2017-12-26T11:19:37+08:00 ] 116.231.254.41 /index.php/Weixin/Introduce/product_prensentation.html
INFO: [ app_init ] --START--
INFO: Run Behavior\BuildLiteBehavior [ RunTime:0.000012s ]
INFO: [ app_init ] --END-- [ RunTime:0.000304s ]
INFO: [ app_begin ] --START--
INFO: Run Behavior\ReadHtmlCacheBehavior [ RunTime:0.000405s ]
INFO: [ app_begin ] --END-- [ RunTime:0.000446s ]
SQL: SHOW COLUMNS FROM `yzs_product` [ RunTime:0.0013s ]
SQL: SELECT * FROM `yzs_product` WHERE ( state='1' and introduce_img!='' )  [ RunTime:0.0004s ]
INFO: [ view_parse ] --START--
INFO: [ template_filter ] --START--
INFO: Run Behavior\ContentReplaceBehavior [ RunTime:0.000090s ]
INFO: [ template_filter ] --END-- [ RunTime:0.000141s ]
NOTIC: [8] Undefined variable: html_title /home/wwwroot/cesi3.0.zhiyujinrong.com/Application/Runtime/Cache/Weixin/40148155fcc803f8ec281e0a6735eaa6.php 第 4 行.
NOTIC: [8] Undefined index: bank /home/wwwroot/cesi3.0.zhiyujinrong.com/Application/Runtime/Cache/Weixin/40148155fcc803f8ec281e0a6735eaa6.php 第 315 行.
NOTIC: [8] Undefined variable:  /home/wwwroot/cesi3.0.zhiyujinrong.com/Application/Runtime/Cache/Weixin/40148155fcc803f8ec281e0a6735eaa6.php 第 315 行.
NOTIC: [8] Undefined index: nbank /home/wwwroot/cesi3.0.zhiyujinrong.com/Application/Runtime/Cache/Weixin/40148155fcc803f8ec281e0a6735eaa6.php 第 343 行.
NOTIC: [8] Undefined variable:  /home/wwwroot/cesi3.0.zhiyujinrong.com/Application/Runtime/Cache/Weixin/40148155fcc803f8ec281e0a6735eaa6.php 第 343 行.
INFO: Run Behavior\ParseTemplateBehavior [ RunTime:0.012905s ]
INFO: [ view_parse ] --END-- [ RunTime:0.012941s ]
INFO: [ view_filter ] --START--
INFO: Run Behavior\WriteHtmlCacheBehavior [ RunTime:0.000191s ]
INFO: [ view_filter ] --END-- [ RunTime:0.000224s ]
INFO: [ app_end ] --START--
INFO: Run Behavior\ShowPageTraceBehavior [ RunTime:0.000443s ]
INFO: [ app_end ] --END-- [ RunTime:0.000480s ]

[ 2017-12-26T11:19:45+08:00 ] 116.231.254.41 /index.php/Weixin/Introduce/product_prensentation.html
INFO: [ app_init ] --START--
INFO: Run Behavior\BuildLiteBehavior [ RunTime:0.000018s ]
INFO: [ app_init ] --END-- [ RunTime:0.000357s ]
INFO: [ app_begin ] --START--
INFO: Run Behavior\ReadHtmlCacheBehavior [ RunTime:0.000400s ]
INFO: [ app_begin ] --END-- [ RunTime:0.000440s ]
SQL: SHOW COLUMNS FROM `yzs_product` [ RunTime:0.0014s ]
SQL: SELECT * FROM `yzs_product` WHERE ( state='1' and introduce_img!='' )  [ RunTime:0.0004s ]
INFO: [ view_parse ] --START--
INFO: [ template_filter ] --START--
INFO: Run Behavior\ContentReplaceBehavior [ RunTime:0.000081s ]
INFO: [ template_filter ] --END-- [ RunTime:0.000122s ]
NOTIC: [8] Undefined variable: html_title /home/wwwroot/cesi3.0.zhiyujinrong.com/Application/Runtime/Cache/Weixin/40148155fcc803f8ec281e0a6735eaa6.php 第 4 行.
NOTIC: [8] Undefined index: bank /home/wwwroot/cesi3.0.zhiyujinrong.com/Application/Runtime/Cache/Weixin/40148155fcc803f8ec281e0a6735eaa6.php 第 315 行.
NOTIC: [8] Undefined variable:  /home/wwwroot/cesi3.0.zhiyujinrong.com/Application/Runtime/Cache/Weixin/40148155fcc803f8ec281e0a6735eaa6.php 第 315 行.
NOTIC: [8] Undefined index: nbank /home/wwwroot/cesi3.0.zhiyujinrong.com/Application/Runtime/Cache/Weixin/40148155fcc803f8ec281e0a6735eaa6.php 第 343 行.
NOTIC: [8] Undefined variable:  /home/wwwroot/cesi3.0.zhiyujinrong.com/Application/Runtime/Cache/Weixin/40148155fcc803f8ec281e0a6735eaa6.php 第 343 行.
INFO: Run Behavior\ParseTemplateBehavior [ RunTime:0.013330s ]
INFO: [ view_parse ] --END-- [ RunTime:0.013365s ]
INFO: [ view_filter ] --START--
INFO: Run Behavior\WriteHtmlCacheBehavior [ RunTime:0.000204s ]
INFO: [ view_filter ] --END-- [ RunTime:0.000236s ]
INFO: [ app_end ] --START--
INFO: Run Behavior\ShowPageTraceBehavior [ RunTime:0.000455s ]
INFO: [ app_end ] --END-- [ RunTime:0.000500s ]

[ 2017-12-26T11:20:40+08:00 ] 116.231.254.41 /index.php/Weixin/Introduce/product_prensentation.html
INFO: [ app_init ] --START--
INFO: Run Behavior\BuildLiteBehavior [ RunTime:0.000012s ]
INFO: [ app_init ] --END-- [ RunTime:0.000298s ]
INFO: [ app_begin ] --START--
INFO: Run Behavior\ReadHtmlCacheBehavior [ RunTime:0.000389s ]
INFO: [ app_begin ] --END-- [ RunTime:0.000429s ]
SQL: SHOW COLUMNS FROM `yzs_wxusers` [ RunTime:0.0008s ]
SQL: SELECT * FROM `yzs_wxusers` WHERE ( id=19 ) LIMIT 1   [ RunTime:0.0003s ]
SQL: SHOW COLUMNS FROM `yzs_product` [ RunTime:0.0010s ]
SQL: SELECT * FROM `yzs_product` WHERE ( state='1' and introduce_img!='' )  [ RunTime:0.0003s ]
INFO: [ view_parse ] --START--
INFO: [ template_filter ] --START--
INFO: Run Behavior\ContentReplaceBehavior [ RunTime:0.000083s ]
INFO: [ template_filter ] --END-- [ RunTime:0.000123s ]
NOTIC: [8] Undefined variable: html_title /home/wwwroot/cesi3.0.zhiyujinrong.com/Application/Runtime/Cache/Weixin/40148155fcc803f8ec281e0a6735eaa6.php 第 4 行.
NOTIC: [8] Undefined index: bank /home/wwwroot/cesi3.0.zhiyujinrong.com/Application/Runtime/Cache/Weixin/40148155fcc803f8ec281e0a6735eaa6.php 第 315 行.
NOTIC: [8] Undefined variable:  /home/wwwroot/cesi3.0.zhiyujinrong.com/Application/Runtime/Cache/Weixin/40148155fcc803f8ec281e0a6735eaa6.php 第 315 行.
NOTIC: [8] Undefined index: nbank /home/wwwroot/cesi3.0.zhiyujinrong.com/Application/Runtime/Cache/Weixin/40148155fcc803f8ec281e0a6735eaa6.php 第 343 行.
NOTIC: [8] Undefined variable:  /home/wwwroot/cesi3.0.zhiyujinrong.com/Application/Runtime/Cache/Weixin/40148155fcc803f8ec281e0a6735eaa6.php 第 343 行.
INFO: Run Behavior\ParseTemplateBehavior [ RunTime:0.012618s ]
INFO: [ view_parse ] --END-- [ RunTime:0.012670s ]
INFO: [ view_filter ] --START--
INFO: Run Behavior\WriteHtmlCacheBehavior [ RunTime:0.000173s ]
INFO: [ view_filter ] --END-- [ RunTime:0.000204s ]
INFO: [ app_end ] --START--
INFO: Run Behavior\ShowPageTraceBehavior [ RunTime:0.000420s ]
INFO: [ app_end ] --END-- [ RunTime:0.000465s ]

[ 2017-12-26T11:23:51+08:00 ] 116.231.254.41 /index.php/Weixin/Introduce/product_prensentation.html
INFO: [ app_init ] --START--
INFO: Run Behavior\BuildLiteBehavior [ RunTime:0.000013s ]
INFO: [ app_init ] --END-- [ RunTime:0.000302s ]
INFO: [ app_begin ] --START--
INFO: Run Behavior\ReadHtmlCacheBehavior [ RunTime:0.000401s ]
INFO: [ app_begin ] --END-- [ RunTime:0.000441s ]
SQL: SHOW COLUMNS FROM `yzs_product` [ RunTime:0.0014s ]
SQL: SELECT * FROM `yzs_product` WHERE ( state='1' and introduce_img!='' )  [ RunTime:0.0004s ]
INFO: [ view_parse ] --START--
INFO: [ template_filter ] --START--
INFO: Run Behavior\ContentReplaceBehavior [ RunTime:0.000083s ]
INFO: [ template_filter ] --END-- [ RunTime:0.000124s ]
NOTIC: [8] Undefined variable: html_title /home/wwwroot/cesi3.0.zhiyujinrong.com/Application/Runtime/Cache/Weixin/40148155fcc803f8ec281e0a6735eaa6.php 第 4 行.
NOTIC: [8] Undefined index: bank /home/wwwroot/cesi3.0.zhiyujinrong.com/Application/Runtime/Cache/Weixin/40148155fcc803f8ec281e0a6735eaa6.php 第 315 行.
NOTIC: [8] Undefined variable:  /home/wwwroot/cesi3.0.zhiyujinrong.com/Application/Runtime/Cache/Weixin/40148155fcc803f8ec281e0a6735eaa6.php 第 315 行.
NOTIC: [8] Undefined index: nbank /home/wwwroot/cesi3.0.zhiyujinrong.com/Application/Runtime/Cache/Weixin/40148155fcc803f8ec281e0a6735eaa6.php 第 343 行.
NOTIC: [8] Undefined variable:  /home/wwwroot/cesi3.0.zhiyujinrong.com/Application/Runtime/Cache/Weixin/40148155fcc803f8ec281e0a6735eaa6.php 第 343 行.
INFO: Run Behavior\ParseTemplateBehavior [ RunTime:0.013286s ]
INFO: [ view_parse ] --END-- [ RunTime:0.013335s ]
INFO: [ view_filter ] --START--
INFO: Run Behavior\WriteHtmlCacheBehavior [ RunTime:0.000175s ]
INFO: [ view_filter ] --END-- [ RunTime:0.000209s ]
INFO: [ app_end ] --START--
INFO: Run Behavior\ShowPageTraceBehavior [ RunTime:0.000432s ]
INFO: [ app_end ] --END-- [ RunTime:0.000478s ]

[ 2017-12-26T11:26:25+08:00 ] 116.231.254.41 /index.php/Weixin/Introduce/product_prensentation.html
INFO: [ app_init ] --START--
INFO: Run Behavior\BuildLiteBehavior [ RunTime:0.000013s ]
INFO: [ app_init ] --END-- [ RunTime:0.000303s ]
INFO: [ app_begin ] --START--
INFO: Run Behavior\ReadHtmlCacheBehavior [ RunTime:0.000414s ]
INFO: [ app_begin ] --END-- [ RunTime:0.000461s ]
SQL: SHOW COLUMNS FROM `yzs_product` [ RunTime:0.0015s ]
SQL: SELECT * FROM `yzs_product` WHERE ( state='1' and introduce_img!='' )  [ RunTime:0.0004s ]
INFO: [ view_parse ] --START--
INFO: [ template_filter ] --START--
INFO: Run Behavior\ContentReplaceBehavior [ RunTime:0.000114s ]
INFO: [ template_filter ] --END-- [ RunTime:0.000168s ]
NOTIC: [8] Undefined variable: html_title /home/wwwroot/cesi3.0.zhiyujinrong.com/Application/Runtime/Cache/Weixin/40148155fcc803f8ec281e0a6735eaa6.php 第 4 行.
NOTIC: [8] Undefined index: bank /home/wwwroot/cesi3.0.zhiyujinrong.com/Application/Runtime/Cache/Weixin/40148155fcc803f8ec281e0a6735eaa6.php 第 315 行.
NOTIC: [8] Undefined variable:  /home/wwwroot/cesi3.0.zhiyujinrong.com/Application/Runtime/Cache/Weixin/40148155fcc803f8ec281e0a6735eaa6.php 第 315 行.
NOTIC: [8] Undefined index: nbank /home/wwwroot/cesi3.0.zhiyujinrong.com/Application/Runtime/Cache/Weixin/40148155fcc803f8ec281e0a6735eaa6.php 第 343 行.
NOTIC: [8] Undefined variable:  /home/wwwroot/cesi3.0.zhiyujinrong.com/Application/Runtime/Cache/Weixin/40148155fcc803f8ec281e0a6735eaa6.php 第 343 行.
INFO: Run Behavior\ParseTemplateBehavior [ RunTime:0.013313s ]
INFO: [ view_parse ] --END-- [ RunTime:0.013351s ]
INFO: [ view_filter ] --START--
INFO: Run Behavior\WriteHtmlCacheBehavior [ RunTime:0.000176s ]
INFO: [ view_filter ] --END-- [ RunTime:0.000209s ]
INFO: [ app_end ] --START--
INFO: Run Behavior\ShowPageTraceBehavior [ RunTime:0.000445s ]
INFO: [ app_end ] --END-- [ RunTime:0.000498s ]

[ 2017-12-26T11:33:15+08:00 ] 116.231.254.41 /index.php/Weixin/Introduce/product_prensentation.html
INFO: [ app_init ] --START--
INFO: Run Behavior\BuildLiteBehavior [ RunTime:0.000012s ]
INFO: [ app_init ] --END-- [ RunTime:0.000296s ]
INFO: [ app_begin ] --START--
INFO: Run Behavior\ReadHtmlCacheBehavior [ RunTime:0.000389s ]
INFO: [ app_begin ] --END-- [ RunTime:0.000428s ]
SQL: SHOW COLUMNS FROM `yzs_product` [ RunTime:0.0014s ]
SQL: SELECT * FROM `yzs_product` WHERE ( state='1' and introduce_img!='' )  [ RunTime:0.0004s ]
INFO: [ view_parse ] --START--
INFO: [ template_filter ] --START--
INFO: Run Behavior\ContentReplaceBehavior [ RunTime:0.000083s ]
INFO: [ template_filter ] --END-- [ RunTime:0.000124s ]
NOTIC: [8] Undefined variable: html_title /home/wwwroot/cesi3.0.zhiyujinrong.com/Application/Runtime/Cache/Weixin/40148155fcc803f8ec281e0a6735eaa6.php 第 4 行.
NOTIC: [8] Undefined index: bank /home/wwwroot/cesi3.0.zhiyujinrong.com/Application/Runtime/Cache/Weixin/40148155fcc803f8ec281e0a6735eaa6.php 第 315 行.
NOTIC: [8] Undefined variable:  /home/wwwroot/cesi3.0.zhiyujinrong.com/Application/Runtime/Cache/Weixin/40148155fcc803f8ec281e0a6735eaa6.php 第 315 行.
NOTIC: [8] Undefined index: nbank /home/wwwroot/cesi3.0.zhiyujinrong.com/Application/Runtime/Cache/Weixin/40148155fcc803f8ec281e0a6735eaa6.php 第 343 行.
NOTIC: [8] Undefined variable:  /home/wwwroot/cesi3.0.zhiyujinrong.com/Application/Runtime/Cache/Weixin/40148155fcc803f8ec281e0a6735eaa6.php 第 343 行.
INFO: Run Behavior\ParseTemplateBehavior [ RunTime:0.012694s ]
INFO: [ view_parse ] --END-- [ RunTime:0.012730s ]
INFO: [ view_filter ] --START--
INFO: Run Behavior\WriteHtmlCacheBehavior [ RunTime:0.000171s ]
INFO: [ view_filter ] --END-- [ RunTime:0.000203s ]
INFO: [ app_end ] --START--
INFO: Run Behavior\ShowPageTraceBehavior [ RunTime:0.000414s ]
INFO: [ app_end ] --END-- [ RunTime:0.000459s ]

[ 2017-12-26T11:34:19+08:00 ] 116.231.254.41 /index.php/Weixin/Introduce/product_prensentation.html
INFO: [ app_init ] --START--
INFO: Run Behavior\BuildLiteBehavior [ RunTime:0.000013s ]
INFO: [ app_init ] --END-- [ RunTime:0.000285s ]
INFO: [ app_begin ] --START--
INFO: Run Behavior\ReadHtmlCacheBehavior [ RunTime:0.000405s ]
INFO: [ app_begin ] --END-- [ RunTime:0.000443s ]
SQL: SHOW COLUMNS FROM `yzs_product` [ RunTime:0.0015s ]
SQL: SELECT * FROM `yzs_product` WHERE ( state='1' and introduce_img!='' )  [ RunTime:0.0004s ]
INFO: [ view_parse ] --START--
INFO: [ template_filter ] --START--
INFO: Run Behavior\ContentReplaceBehavior [ RunTime:0.000085s ]
INFO: [ template_filter ] --END-- [ RunTime:0.000127s ]
NOTIC: [8] Undefined variable: html_title /home/wwwroot/cesi3.0.zhiyujinrong.com/Application/Runtime/Cache/Weixin/40148155fcc803f8ec281e0a6735eaa6.php 第 4 行.
NOTIC: [8] Undefined index: bank /home/wwwroot/cesi3.0.zhiyujinrong.com/Application/Runtime/Cache/Weixin/40148155fcc803f8ec281e0a6735eaa6.php 第 315 行.
NOTIC: [8] Undefined variable:  /home/wwwroot/cesi3.0.zhiyujinrong.com/Application/Runtime/Cache/Weixin/40148155fcc803f8ec281e0a6735eaa6.php 第 315 行.
NOTIC: [8] Undefined index: nbank /home/wwwroot/cesi3.0.zhiyujinrong.com/Application/Runtime/Cache/Weixin/40148155fcc803f8ec281e0a6735eaa6.php 第 343 行.
NOTIC: [8] Undefined variable:  /home/wwwroot/cesi3.0.zhiyujinrong.com/Application/Runtime/Cache/Weixin/40148155fcc803f8ec281e0a6735eaa6.php 第 343 行.
INFO: Run Behavior\ParseTemplateBehavior [ RunTime:0.012604s ]
INFO: [ view_parse ] --END-- [ RunTime:0.012640s ]
INFO: [ view_filter ] --START--
INFO: Run Behavior\WriteHtmlCacheBehavior [ RunTime:0.000176s ]
INFO: [ view_filter ] --END-- [ RunTime:0.000208s ]
INFO: [ app_end ] --START--
INFO: Run Behavior\ShowPageTraceBehavior [ RunTime:0.000413s ]
INFO: [ app_end ] --END-- [ RunTime:0.000450s ]

[ 2017-12-26T11:34:21+08:00 ] 116.231.254.41 /index.php/Weixin/Introduce/product_prensentation.html
INFO: [ app_init ] --START--
INFO: Run Behavior\BuildLiteBehavior [ RunTime:0.000012s ]
INFO: [ app_init ] --END-- [ RunTime:0.000285s ]
INFO: [ app_begin ] --START--
INFO: Run Behavior\ReadHtmlCacheBehavior [ RunTime:0.000381s ]
INFO: [ app_begin ] --END-- [ RunTime:0.000420s ]
SQL: SHOW COLUMNS FROM `yzs_product` [ RunTime:0.0013s ]
SQL: SELECT * FROM `yzs_product` WHERE ( state='1' and introduce_img!='' )  [ RunTime:0.0004s ]
INFO: [ view_parse ] --START--
INFO: [ template_filter ] --START--
INFO: Run Behavior\ContentReplaceBehavior [ RunTime:0.000084s ]
INFO: [ template_filter ] --END-- [ RunTime:0.000123s ]
NOTIC: [8] Undefined variable: html_title /home/wwwroot/cesi3.0.zhiyujinrong.com/Application/Runtime/Cache/Weixin/40148155fcc803f8ec281e0a6735eaa6.php 第 4 行.
NOTIC: [8] Undefined index: bank /home/wwwroot/cesi3.0.zhiyujinrong.com/Application/Runtime/Cache/Weixin/40148155fcc803f8ec281e0a6735eaa6.php 第 315 行.
NOTIC: [8] Undefined variable:  /home/wwwroot/cesi3.0.zhiyujinrong.com/Application/Runtime/Cache/Weixin/40148155fcc803f8ec281e0a6735eaa6.php 第 315 行.
NOTIC: [8] Undefined index: nbank /home/wwwroot/cesi3.0.zhiyujinrong.com/Application/Runtime/Cache/Weixin/40148155fcc803f8ec281e0a6735eaa6.php 第 343 行.
NOTIC: [8] Undefined variable:  /home/wwwroot/cesi3.0.zhiyujinrong.com/Application/Runtime/Cache/Weixin/40148155fcc803f8ec281e0a6735eaa6.php 第 343 行.
INFO: Run Behavior\ParseTemplateBehavior [ RunTime:0.012606s ]
INFO: [ view_parse ] --END-- [ RunTime:0.012643s ]
INFO: [ view_filter ] --START--
INFO: Run Behavior\WriteHtmlCacheBehavior [ RunTime:0.000180s ]
INFO: [ view_filter ] --END-- [ RunTime:0.000213s ]
INFO: [ app_end ] --START--
INFO: Run Behavior\ShowPageTraceBehavior [ RunTime:0.000423s ]
INFO: [ app_end ] --END-- [ RunTime:0.000469s ]

[ 2017-12-26T11:34:38+08:00 ] 116.231.254.41 /index.php/Weixin/Introduce/product_prensentation.html
INFO: [ app_init ] --START--
INFO: Run Behavior\BuildLiteBehavior [ RunTime:0.000037s ]
INFO: [ app_init ] --END-- [ RunTime:0.000349s ]
INFO: [ app_begin ] --START--
INFO: Run Behavior\ReadHtmlCacheBehavior [ RunTime:0.000432s ]
INFO: [ app_begin ] --END-- [ RunTime:0.000472s ]
SQL: SHOW COLUMNS FROM `yzs_product` [ RunTime:0.0014s ]
SQL: SELECT * FROM `yzs_product` WHERE ( state='1' and introduce_img!='' )  [ RunTime:0.0004s ]
INFO: [ view_parse ] --START--
INFO: [ template_filter ] --START--
INFO: Run Behavior\ContentReplaceBehavior [ RunTime:0.000083s ]
INFO: [ template_filter ] --END-- [ RunTime:0.000138s ]
NOTIC: [8] Undefined variable: html_title /home/wwwroot/cesi3.0.zhiyujinrong.com/Application/Runtime/Cache/Weixin/40148155fcc803f8ec281e0a6735eaa6.php 第 4 行.
NOTIC: [8] Undefined index: bank /home/wwwroot/cesi3.0.zhiyujinrong.com/Application/Runtime/Cache/Weixin/40148155fcc803f8ec281e0a6735eaa6.php 第 315 行.
NOTIC: [8] Undefined variable:  /home/wwwroot/cesi3.0.zhiyujinrong.com/Application/Runtime/Cache/Weixin/40148155fcc803f8ec281e0a6735eaa6.php 第 315 行.
NOTIC: [8] Undefined index: nbank /home/wwwroot/cesi3.0.zhiyujinrong.com/Application/Runtime/Cache/Weixin/40148155fcc803f8ec281e0a6735eaa6.php 第 343 行.
NOTIC: [8] Undefined variable:  /home/wwwroot/cesi3.0.zhiyujinrong.com/Application/Runtime/Cache/Weixin/40148155fcc803f8ec281e0a6735eaa6.php 第 343 行.
INFO: Run Behavior\ParseTemplateBehavior [ RunTime:0.012974s ]
INFO: [ view_parse ] --END-- [ RunTime:0.013009s ]
INFO: [ view_filter ] --START--
INFO: Run Behavior\WriteHtmlCacheBehavior [ RunTime:0.000180s ]
INFO: [ view_filter ] --END-- [ RunTime:0.000213s ]
INFO: [ app_end ] --START--
INFO: Run Behavior\ShowPageTraceBehavior [ RunTime:0.000444s ]
INFO: [ app_end ] --END-- [ RunTime:0.000505s ]

[ 2017-12-26T11:42:06+08:00 ] 116.231.254.41 /index.php/Weixin/Introduce/product_prensentation.html
INFO: [ app_init ] --START--
INFO: Run Behavior\BuildLiteBehavior [ RunTime:0.000013s ]
INFO: [ app_init ] --END-- [ RunTime:0.000306s ]
INFO: [ app_begin ] --START--
INFO: Run Behavior\ReadHtmlCacheBehavior [ RunTime:0.000440s ]
INFO: [ app_begin ] --END-- [ RunTime:0.000480s ]
SQL: SHOW COLUMNS FROM `yzs_product` [ RunTime:0.0014s ]
SQL: SELECT * FROM `yzs_product` WHERE ( state='1' and introduce_img!='' )  [ RunTime:0.0004s ]
INFO: [ view_parse ] --START--
INFO: [ template_filter ] --START--
INFO: Run Behavior\ContentReplaceBehavior [ RunTime:0.000098s ]
INFO: [ template_filter ] --END-- [ RunTime:0.000155s ]
NOTIC: [8] Undefined variable: html_title /home/wwwroot/cesi3.0.zhiyujinrong.com/Application/Runtime/Cache/Weixin/40148155fcc803f8ec281e0a6735eaa6.php 第 4 行.
NOTIC: [8] Undefined index: bank /home/wwwroot/cesi3.0.zhiyujinrong.com/Application/Runtime/Cache/Weixin/40148155fcc803f8ec281e0a6735eaa6.php 第 314 行.
NOTIC: [8] Undefined variable:  /home/wwwroot/cesi3.0.zhiyujinrong.com/Application/Runtime/Cache/Weixin/40148155fcc803f8ec281e0a6735eaa6.php 第 314 行.
NOTIC: [8] Undefined index: nbank /home/wwwroot/cesi3.0.zhiyujinrong.com/Application/Runtime/Cache/Weixin/40148155fcc803f8ec281e0a6735eaa6.php 第 342 行.
NOTIC: [8] Undefined variable:  /home/wwwroot/cesi3.0.zhiyujinrong.com/Application/Runtime/Cache/Weixin/40148155fcc803f8ec281e0a6735eaa6.php 第 342 行.
INFO: Run Behavior\ParseTemplateBehavior [ RunTime:0.013393s ]
INFO: [ view_parse ] --END-- [ RunTime:0.013433s ]
INFO: [ view_filter ] --START--
INFO: Run Behavior\WriteHtmlCacheBehavior [ RunTime:0.000197s ]
INFO: [ view_filter ] --END-- [ RunTime:0.000229s ]
INFO: [ app_end ] --START--
INFO: Run Behavior\ShowPageTraceBehavior [ RunTime:0.000475s ]
INFO: [ app_end ] --END-- [ RunTime:0.000523s ]

[ 2017-12-26T11:42:07+08:00 ] 116.231.254.41 /index.php/Weixin/Introduce/product_prensentation.html
INFO: [ app_init ] --START--
INFO: Run Behavior\BuildLiteBehavior [ RunTime:0.000012s ]
INFO: [ app_init ] --END-- [ RunTime:0.000323s ]
INFO: [ app_begin ] --START--
INFO: Run Behavior\ReadHtmlCacheBehavior [ RunTime:0.000439s ]
INFO: [ app_begin ] --END-- [ RunTime:0.000480s ]
SQL: SHOW COLUMNS FROM `yzs_product` [ RunTime:0.0013s ]
SQL: SELECT * FROM `yzs_product` WHERE ( state='1' and introduce_img!='' )  [ RunTime:0.0004s ]
INFO: [ view_parse ] --START--
INFO: [ template_filter ] --START--
INFO: Run Behavior\ContentReplaceBehavior [ RunTime:0.000083s ]
INFO: [ template_filter ] --END-- [ RunTime:0.000124s ]
NOTIC: [8] Undefined variable: html_title /home/wwwroot/cesi3.0.zhiyujinrong.com/Application/Runtime/Cache/Weixin/40148155fcc803f8ec281e0a6735eaa6.php 第 4 行.
NOTIC: [8] Undefined index: bank /home/wwwroot/cesi3.0.zhiyujinrong.com/Application/Runtime/Cache/Weixin/40148155fcc803f8ec281e0a6735eaa6.php 第 314 行.
NOTIC: [8] Undefined variable:  /home/wwwroot/cesi3.0.zhiyujinrong.com/Application/Runtime/Cache/Weixin/40148155fcc803f8ec281e0a6735eaa6.php 第 314 行.
NOTIC: [8] Undefined index: nbank /home/wwwroot/cesi3.0.zhiyujinrong.com/Application/Runtime/Cache/Weixin/40148155fcc803f8ec281e0a6735eaa6.php 第 342 行.
NOTIC: [8] Undefined variable:  /home/wwwroot/cesi3.0.zhiyujinrong.com/Application/Runtime/Cache/Weixin/40148155fcc803f8ec281e0a6735eaa6.php 第 342 行.
INFO: Run Behavior\ParseTemplateBehavior [ RunTime:0.013007s ]
INFO: [ view_parse ] --END-- [ RunTime:0.013044s ]
INFO: [ view_filter ] --START--
INFO: Run Behavior\WriteHtmlCacheBehavior [ RunTime:0.000192s ]
INFO: [ view_filter ] --END-- [ RunTime:0.000226s ]
INFO: [ app_end ] --START--
INFO: Run Behavior\ShowPageTraceBehavior [ RunTime:0.000442s ]
INFO: [ app_end ] --END-- [ RunTime:0.000479s ]

[ 2017-12-26T11:42:09+08:00 ] 116.231.254.41 /index.php/Weixin/Introduce/product_prensentation.html
INFO: [ app_init ] --START--
INFO: Run Behavior\BuildLiteBehavior [ RunTime:0.000012s ]
INFO: [ app_init ] --END-- [ RunTime:0.000281s ]
INFO: [ app_begin ] --START--
INFO: Run Behavior\ReadHtmlCacheBehavior [ RunTime:0.000496s ]
INFO: [ app_begin ] --END-- [ RunTime:0.000535s ]
SQL: SHOW COLUMNS FROM `yzs_product` [ RunTime:0.0013s ]
SQL: SELECT * FROM `yzs_product` WHERE ( state='1' and introduce_img!='' )  [ RunTime:0.0004s ]
INFO: [ view_parse ] --START--
INFO: [ template_filter ] --START--
INFO: Run Behavior\ContentReplaceBehavior [ RunTime:0.000111s ]
INFO: [ template_filter ] --END-- [ RunTime:0.000163s ]
NOTIC: [8] Undefined variable: html_title /home/wwwroot/cesi3.0.zhiyujinrong.com/Application/Runtime/Cache/Weixin/40148155fcc803f8ec281e0a6735eaa6.php 第 4 行.
NOTIC: [8] Undefined index: bank /home/wwwroot/cesi3.0.zhiyujinrong.com/Application/Runtime/Cache/Weixin/40148155fcc803f8ec281e0a6735eaa6.php 第 314 行.
NOTIC: [8] Undefined variable:  /home/wwwroot/cesi3.0.zhiyujinrong.com/Application/Runtime/Cache/Weixin/40148155fcc803f8ec281e0a6735eaa6.php 第 314 行.
NOTIC: [8] Undefined index: nbank /home/wwwroot/cesi3.0.zhiyujinrong.com/Application/Runtime/Cache/Weixin/40148155fcc803f8ec281e0a6735eaa6.php 第 342 行.
NOTIC: [8] Undefined variable:  /home/wwwroot/cesi3.0.zhiyujinrong.com/Application/Runtime/Cache/Weixin/40148155fcc803f8ec281e0a6735eaa6.php 第 342 行.
INFO: Run Behavior\ParseTemplateBehavior [ RunTime:0.013152s ]
INFO: [ view_parse ] --END-- [ RunTime:0.013189s ]
INFO: [ view_filter ] --START--
INFO: Run Behavior\WriteHtmlCacheBehavior [ RunTime:0.000171s ]
INFO: [ view_filter ] --END-- [ RunTime:0.000204s ]
INFO: [ app_end ] --START--
INFO: Run Behavior\ShowPageTraceBehavior [ RunTime:0.000401s ]
INFO: [ app_end ] --END-- [ RunTime:0.000450s ]

[ 2017-12-26T11:44:15+08:00 ] 116.231.254.41 /index.php/Weixin/Introduce/product_prensentation.html
INFO: [ app_init ] --START--
INFO: Run Behavior\BuildLiteBehavior [ RunTime:0.000012s ]
INFO: [ app_init ] --END-- [ RunTime:0.000293s ]
INFO: [ app_begin ] --START--
INFO: Run Behavior\ReadHtmlCacheBehavior [ RunTime:0.000391s ]
INFO: [ app_begin ] --END-- [ RunTime:0.000430s ]
SQL: SHOW COLUMNS FROM `yzs_product` [ RunTime:0.0014s ]
SQL: SELECT * FROM `yzs_product` WHERE ( state='1' and introduce_img!='' )  [ RunTime:0.0004s ]
INFO: [ view_parse ] --START--
INFO: [ template_filter ] --START--
INFO: Run Behavior\ContentReplaceBehavior [ RunTime:0.000080s ]
INFO: [ template_filter ] --END-- [ RunTime:0.000119s ]
NOTIC: [8] Undefined variable: html_title /home/wwwroot/cesi3.0.zhiyujinrong.com/Application/Runtime/Cache/Weixin/40148155fcc803f8ec281e0a6735eaa6.php 第 4 行.
NOTIC: [8] Undefined index: bank /home/wwwroot/cesi3.0.zhiyujinrong.com/Application/Runtime/Cache/Weixin/40148155fcc803f8ec281e0a6735eaa6.php 第 315 行.
NOTIC: [8] Undefined variable:  /home/wwwroot/cesi3.0.zhiyujinrong.com/Application/Runtime/Cache/Weixin/40148155fcc803f8ec281e0a6735eaa6.php 第 315 行.
NOTIC: [8] Undefined index: nbank /home/wwwroot/cesi3.0.zhiyujinrong.com/Application/Runtime/Cache/Weixin/40148155fcc803f8ec281e0a6735eaa6.php 第 343 行.
NOTIC: [8] Undefined variable:  /home/wwwroot/cesi3.0.zhiyujinrong.com/Application/Runtime/Cache/Weixin/40148155fcc803f8ec281e0a6735eaa6.php 第 343 行.
INFO: Run Behavior\ParseTemplateBehavior [ RunTime:0.012328s ]
INFO: [ view_parse ] --END-- [ RunTime:0.012392s ]
INFO: [ view_filter ] --START--
INFO: Run Behavior\WriteHtmlCacheBehavior [ RunTime:0.000170s ]
INFO: [ view_filter ] --END-- [ RunTime:0.000203s ]
INFO: [ app_end ] --START--
INFO: Run Behavior\ShowPageTraceBehavior [ RunTime:0.000404s ]
INFO: [ app_end ] --END-- [ RunTime:0.000440s ]

[ 2017-12-26T11:44:16+08:00 ] 116.231.254.41 /index.php/Weixin/Introduce/product_prensentation.html
INFO: [ app_init ] --START--
INFO: Run Behavior\BuildLiteBehavior [ RunTime:0.000013s ]
INFO: [ app_init ] --END-- [ RunTime:0.000296s ]
INFO: [ app_begin ] --START--
INFO: Run Behavior\ReadHtmlCacheBehavior [ RunTime:0.000388s ]
INFO: [ app_begin ] --END-- [ RunTime:0.000428s ]
SQL: SHOW COLUMNS FROM `yzs_product` [ RunTime:0.0013s ]
SQL: SELECT * FROM `yzs_product` WHERE ( state='1' and introduce_img!='' )  [ RunTime:0.0004s ]
INFO: [ view_parse ] --START--
INFO: [ template_filter ] --START--
INFO: Run Behavior\ContentReplaceBehavior [ RunTime:0.000080s ]
INFO: [ template_filter ] --END-- [ RunTime:0.000128s ]
NOTIC: [8] Undefined variable: html_title /home/wwwroot/cesi3.0.zhiyujinrong.com/Application/Runtime/Cache/Weixin/40148155fcc803f8ec281e0a6735eaa6.php 第 4 行.
NOTIC: [8] Undefined index: bank /home/wwwroot/cesi3.0.zhiyujinrong.com/Application/Runtime/Cache/Weixin/40148155fcc803f8ec281e0a6735eaa6.php 第 315 行.
NOTIC: [8] Undefined variable:  /home/wwwroot/cesi3.0.zhiyujinrong.com/Application/Runtime/Cache/Weixin/40148155fcc803f8ec281e0a6735eaa6.php 第 315 行.
NOTIC: [8] Undefined index: nbank /home/wwwroot/cesi3.0.zhiyujinrong.com/Application/Runtime/Cache/Weixin/40148155fcc803f8ec281e0a6735eaa6.php 第 343 行.
NOTIC: [8] Undefined variable:  /home/wwwroot/cesi3.0.zhiyujinrong.com/Application/Runtime/Cache/Weixin/40148155fcc803f8ec281e0a6735eaa6.php 第 343 行.
INFO: Run Behavior\ParseTemplateBehavior [ RunTime:0.012484s ]
INFO: [ view_parse ] --END-- [ RunTime:0.012519s ]
INFO: [ view_filter ] --START--
INFO: Run Behavior\WriteHtmlCacheBehavior [ RunTime:0.000170s ]
INFO: [ view_filter ] --END-- [ RunTime:0.000202s ]
INFO: [ app_end ] --START--
INFO: Run Behavior\ShowPageTraceBehavior [ RunTime:0.000426s ]
INFO: [ app_end ] --END-- [ RunTime:0.000470s ]

[ 2017-12-26T11:44:17+08:00 ] 116.231.254.41 /index.php/Weixin/Introduce/product_prensentation.html
INFO: [ app_init ] --START--
INFO: Run Behavior\BuildLiteBehavior [ RunTime:0.000013s ]
INFO: [ app_init ] --END-- [ RunTime:0.000306s ]
INFO: [ app_begin ] --START--
INFO: Run Behavior\ReadHtmlCacheBehavior [ RunTime:0.000396s ]
INFO: [ app_begin ] --END-- [ RunTime:0.000436s ]
SQL: SHOW COLUMNS FROM `yzs_product` [ RunTime:0.0014s ]
SQL: SELECT * FROM `yzs_product` WHERE ( state='1' and introduce_img!='' )  [ RunTime:0.0004s ]
INFO: [ view_parse ] --START--
INFO: [ template_filter ] --START--
INFO: Run Behavior\ContentReplaceBehavior [ RunTime:0.000082s ]
INFO: [ template_filter ] --END-- [ RunTime:0.000134s ]
NOTIC: [8] Undefined variable: html_title /home/wwwroot/cesi3.0.zhiyujinrong.com/Application/Runtime/Cache/Weixin/40148155fcc803f8ec281e0a6735eaa6.php 第 4 行.
NOTIC: [8] Undefined index: bank /home/wwwroot/cesi3.0.zhiyujinrong.com/Application/Runtime/Cache/Weixin/40148155fcc803f8ec281e0a6735eaa6.php 第 315 行.
NOTIC: [8] Undefined variable:  /home/wwwroot/cesi3.0.zhiyujinrong.com/Application/Runtime/Cache/Weixin/40148155fcc803f8ec281e0a6735eaa6.php 第 315 行.
NOTIC: [8] Undefined index: nbank /home/wwwroot/cesi3.0.zhiyujinrong.com/Application/Runtime/Cache/Weixin/40148155fcc803f8ec281e0a6735eaa6.php 第 343 行.
NOTIC: [8] Undefined variable:  /home/wwwroot/cesi3.0.zhiyujinrong.com/Application/Runtime/Cache/Weixin/40148155fcc803f8ec281e0a6735eaa6.php 第 343 行.
INFO: Run Behavior\ParseTemplateBehavior [ RunTime:0.012363s ]
INFO: [ view_parse ] --END-- [ RunTime:0.012400s ]
INFO: [ view_filter ] --START--
INFO: Run Behavior\WriteHtmlCacheBehavior [ RunTime:0.000178s ]
INFO: [ view_filter ] --END-- [ RunTime:0.000213s ]
INFO: [ app_end ] --START--
INFO: Run Behavior\ShowPageTraceBehavior [ RunTime:0.000404s ]
INFO: [ app_end ] --END-- [ RunTime:0.000449s ]

[ 2017-12-26T11:44:55+08:00 ] 116.231.254.41 /index.php/Weixin/Introduce/product_prensentation.html
INFO: [ app_init ] --START--
INFO: Run Behavior\BuildLiteBehavior [ RunTime:0.000013s ]
INFO: [ app_init ] --END-- [ RunTime:0.000287s ]
INFO: [ app_begin ] --START--
INFO: Run Behavior\ReadHtmlCacheBehavior [ RunTime:0.000391s ]
INFO: [ app_begin ] --END-- [ RunTime:0.000431s ]
SQL: SHOW COLUMNS FROM `yzs_product` [ RunTime:0.0014s ]
SQL: SELECT * FROM `yzs_product` WHERE ( state='1' and introduce_img!='' )  [ RunTime:0.0004s ]
INFO: [ view_parse ] --START--
INFO: [ template_filter ] --START--
INFO: Run Behavior\ContentReplaceBehavior [ RunTime:0.000083s ]
INFO: [ template_filter ] --END-- [ RunTime:0.000122s ]
NOTIC: [8] Undefined variable: html_title /home/wwwroot/cesi3.0.zhiyujinrong.com/Application/Runtime/Cache/Weixin/40148155fcc803f8ec281e0a6735eaa6.php 第 4 行.
NOTIC: [8] Undefined index: bank /home/wwwroot/cesi3.0.zhiyujinrong.com/Application/Runtime/Cache/Weixin/40148155fcc803f8ec281e0a6735eaa6.php 第 315 行.
NOTIC: [8] Undefined variable:  /home/wwwroot/cesi3.0.zhiyujinrong.com/Application/Runtime/Cache/Weixin/40148155fcc803f8ec281e0a6735eaa6.php 第 315 行.
NOTIC: [8] Undefined index: nbank /home/wwwroot/cesi3.0.zhiyujinrong.com/Application/Runtime/Cache/Weixin/40148155fcc803f8ec281e0a6735eaa6.php 第 343 行.
NOTIC: [8] Undefined variable:  /home/wwwroot/cesi3.0.zhiyujinrong.com/Application/Runtime/Cache/Weixin/40148155fcc803f8ec281e0a6735eaa6.php 第 343 行.
INFO: Run Behavior\ParseTemplateBehavior [ RunTime:0.012636s ]
INFO: [ view_parse ] --END-- [ RunTime:0.012671s ]
INFO: [ view_filter ] --START--
INFO: Run Behavior\WriteHtmlCacheBehavior [ RunTime:0.000191s ]
INFO: [ view_filter ] --END-- [ RunTime:0.000223s ]
INFO: [ app_end ] --START--
INFO: Run Behavior\ShowPageTraceBehavior [ RunTime:0.000418s ]
INFO: [ app_end ] --END-- [ RunTime:0.000463s ]

[ 2017-12-26T11:44:56+08:00 ] 116.231.254.41 /index.php/Weixin/Introduce/product_prensentation.html
INFO: [ app_init ] --START--
INFO: Run Behavior\BuildLiteBehavior [ RunTime:0.000012s ]
INFO: [ app_init ] --END-- [ RunTime:0.000284s ]
INFO: [ app_begin ] --START--
INFO: Run Behavior\ReadHtmlCacheBehavior [ RunTime:0.000379s ]
INFO: [ app_begin ] --END-- [ RunTime:0.000418s ]
SQL: SHOW COLUMNS FROM `yzs_product` [ RunTime:0.0013s ]
SQL: SELECT * FROM `yzs_product` WHERE ( state='1' and introduce_img!='' )  [ RunTime:0.0004s ]
INFO: [ view_parse ] --START--
INFO: [ template_filter ] --START--
INFO: Run Behavior\ContentReplaceBehavior [ RunTime:0.000081s ]
INFO: [ template_filter ] --END-- [ RunTime:0.000121s ]
NOTIC: [8] Undefined variable: html_title /home/wwwroot/cesi3.0.zhiyujinrong.com/Application/Runtime/Cache/Weixin/40148155fcc803f8ec281e0a6735eaa6.php 第 4 行.
NOTIC: [8] Undefined index: bank /home/wwwroot/cesi3.0.zhiyujinrong.com/Application/Runtime/Cache/Weixin/40148155fcc803f8ec281e0a6735eaa6.php 第 315 行.
NOTIC: [8] Undefined variable:  /home/wwwroot/cesi3.0.zhiyujinrong.com/Application/Runtime/Cache/Weixin/40148155fcc803f8ec281e0a6735eaa6.php 第 315 行.
NOTIC: [8] Undefined index: nbank /home/wwwroot/cesi3.0.zhiyujinrong.com/Application/Runtime/Cache/Weixin/40148155fcc803f8ec281e0a6735eaa6.php 第 343 行.
NOTIC: [8] Undefined variable:  /home/wwwroot/cesi3.0.zhiyujinrong.com/Application/Runtime/Cache/Weixin/40148155fcc803f8ec281e0a6735eaa6.php 第 343 行.
INFO: Run Behavior\ParseTemplateBehavior [ RunTime:0.012550s ]
INFO: [ view_parse ] --END-- [ RunTime:0.012585s ]
INFO: [ view_filter ] --START--
INFO: Run Behavior\WriteHtmlCacheBehavior [ RunTime:0.000191s ]
INFO: [ view_filter ] --END-- [ RunTime:0.000222s ]
INFO: [ app_end ] --START--
INFO: Run Behavior\ShowPageTraceBehavior [ RunTime:0.000417s ]
INFO: [ app_end ] --END-- [ RunTime:0.000461s ]

[ 2017-12-26T11:45:17+08:00 ] 116.231.254.41 /index.php/Weixin/Introduce/product_prensentation.html
INFO: [ app_init ] --START--
INFO: Run Behavior\BuildLiteBehavior [ RunTime:0.000016s ]
INFO: [ app_init ] --END-- [ RunTime:0.000378s ]
INFO: [ app_begin ] --START--
INFO: Run Behavior\ReadHtmlCacheBehavior [ RunTime:0.000483s ]
INFO: [ app_begin ] --END-- [ RunTime:0.000531s ]
SQL: SHOW COLUMNS FROM `yzs_product` [ RunTime:0.0013s ]
SQL: SELECT * FROM `yzs_product` WHERE ( state='1' and introduce_img!='' )  [ RunTime:0.0004s ]
INFO: [ view_parse ] --START--
INFO: [ template_filter ] --START--
INFO: Run Behavior\ContentReplaceBehavior [ RunTime:0.000094s ]
INFO: [ template_filter ] --END-- [ RunTime:0.000137s ]
NOTIC: [8] Undefined variable: html_title /home/wwwroot/cesi3.0.zhiyujinrong.com/Application/Runtime/Cache/Weixin/40148155fcc803f8ec281e0a6735eaa6.php 第 4 行.
NOTIC: [8] Undefined index: bank /home/wwwroot/cesi3.0.zhiyujinrong.com/Application/Runtime/Cache/Weixin/40148155fcc803f8ec281e0a6735eaa6.php 第 315 行.
NOTIC: [8] Undefined variable:  /home/wwwroot/cesi3.0.zhiyujinrong.com/Application/Runtime/Cache/Weixin/40148155fcc803f8ec281e0a6735eaa6.php 第 315 行.
NOTIC: [8] Undefined index: nbank /home/wwwroot/cesi3.0.zhiyujinrong.com/Application/Runtime/Cache/Weixin/40148155fcc803f8ec281e0a6735eaa6.php 第 343 行.
NOTIC: [8] Undefined variable:  /home/wwwroot/cesi3.0.zhiyujinrong.com/Application/Runtime/Cache/Weixin/40148155fcc803f8ec281e0a6735eaa6.php 第 343 行.
INFO: Run Behavior\ParseTemplateBehavior [ RunTime:0.012726s ]
INFO: [ view_parse ] --END-- [ RunTime:0.012762s ]
INFO: [ view_filter ] --START--
INFO: Run Behavior\WriteHtmlCacheBehavior [ RunTime:0.000183s ]
INFO: [ view_filter ] --END-- [ RunTime:0.000216s ]
INFO: [ app_end ] --START--
INFO: Run Behavior\ShowPageTraceBehavior [ RunTime:0.000431s ]
INFO: [ app_end ] --END-- [ RunTime:0.000498s ]

[ 2017-12-26T11:47:33+08:00 ] 116.231.254.41 /index.php/Weixin/Introduce/product_prensentation.html
INFO: [ app_init ] --START--
INFO: Run Behavior\BuildLiteBehavior [ RunTime:0.000012s ]
INFO: [ app_init ] --END-- [ RunTime:0.000306s ]
INFO: [ app_begin ] --START--
INFO: Run Behavior\ReadHtmlCacheBehavior [ RunTime:0.000400s ]
INFO: [ app_begin ] --END-- [ RunTime:0.000440s ]
SQL: SHOW COLUMNS FROM `yzs_product` [ RunTime:0.0014s ]
SQL: SELECT * FROM `yzs_product` WHERE ( state='1' and introduce_img!='' )  [ RunTime:0.0004s ]
INFO: [ view_parse ] --START--
INFO: [ template_filter ] --START--
INFO: Run Behavior\ContentReplaceBehavior [ RunTime:0.000081s ]
INFO: [ template_filter ] --END-- [ RunTime:0.000122s ]
NOTIC: [8] Undefined variable: html_title /home/wwwroot/cesi3.0.zhiyujinrong.com/Application/Runtime/Cache/Weixin/40148155fcc803f8ec281e0a6735eaa6.php 第 4 行.
NOTIC: [8] Undefined index: bank /home/wwwroot/cesi3.0.zhiyujinrong.com/Application/Runtime/Cache/Weixin/40148155fcc803f8ec281e0a6735eaa6.php 第 315 行.
NOTIC: [8] Undefined variable:  /home/wwwroot/cesi3.0.zhiyujinrong.com/Application/Runtime/Cache/Weixin/40148155fcc803f8ec281e0a6735eaa6.php 第 315 行.
NOTIC: [8] Undefined index: nbank /home/wwwroot/cesi3.0.zhiyujinrong.com/Application/Runtime/Cache/Weixin/40148155fcc803f8ec281e0a6735eaa6.php 第 343 行.
NOTIC: [8] Undefined variable:  /home/wwwroot/cesi3.0.zhiyujinrong.com/Application/Runtime/Cache/Weixin/40148155fcc803f8ec281e0a6735eaa6.php 第 343 行.
INFO: Run Behavior\ParseTemplateBehavior [ RunTime:0.013014s ]
INFO: [ view_parse ] --END-- [ RunTime:0.013050s ]
INFO: [ view_filter ] --START--
INFO: Run Behavior\WriteHtmlCacheBehavior [ RunTime:0.000189s ]
INFO: [ view_filter ] --END-- [ RunTime:0.000222s ]
INFO: [ app_end ] --START--
INFO: Run Behavior\ShowPageTraceBehavior [ RunTime:0.000422s ]
INFO: [ app_end ] --END-- [ RunTime:0.000466s ]

[ 2017-12-26T11:50:35+08:00 ] 116.231.254.41 /index.php/Weixin/Introduce/product_prensentation.html
INFO: [ app_init ] --START--
INFO: Run Behavior\BuildLiteBehavior [ RunTime:0.000012s ]
INFO: [ app_init ] --END-- [ RunTime:0.000303s ]
INFO: [ app_begin ] --START--
INFO: Run Behavior\ReadHtmlCacheBehavior [ RunTime:0.000396s ]
INFO: [ app_begin ] --END-- [ RunTime:0.000436s ]
SQL: SHOW COLUMNS FROM `yzs_product` [ RunTime:0.0014s ]
SQL: SELECT * FROM `yzs_product` WHERE ( state='1' and introduce_img!='' )  [ RunTime:0.0004s ]
INFO: [ view_parse ] --START--
INFO: [ template_filter ] --START--
INFO: Run Behavior\ContentReplaceBehavior [ RunTime:0.000080s ]
INFO: [ template_filter ] --END-- [ RunTime:0.000119s ]
NOTIC: [8] Undefined variable: html_title /home/wwwroot/cesi3.0.zhiyujinrong.com/Application/Runtime/Cache/Weixin/40148155fcc803f8ec281e0a6735eaa6.php 第 4 行.
NOTIC: [8] Undefined index: bank /home/wwwroot/cesi3.0.zhiyujinrong.com/Application/Runtime/Cache/Weixin/40148155fcc803f8ec281e0a6735eaa6.php 第 315 行.
NOTIC: [8] Undefined variable:  /home/wwwroot/cesi3.0.zhiyujinrong.com/Application/Runtime/Cache/Weixin/40148155fcc803f8ec281e0a6735eaa6.php 第 315 行.
NOTIC: [8] Undefined index: nbank /home/wwwroot/cesi3.0.zhiyujinrong.com/Application/Runtime/Cache/Weixin/40148155fcc803f8ec281e0a6735eaa6.php 第 343 行.
NOTIC: [8] Undefined variable:  /home/wwwroot/cesi3.0.zhiyujinrong.com/Application/Runtime/Cache/Weixin/40148155fcc803f8ec281e0a6735eaa6.php 第 343 行.
INFO: Run Behavior\ParseTemplateBehavior [ RunTime:0.012473s ]
INFO: [ view_parse ] --END-- [ RunTime:0.012508s ]
INFO: [ view_filter ] --START--
INFO: Run Behavior\WriteHtmlCacheBehavior [ RunTime:0.000186s ]
INFO: [ view_filter ] --END-- [ RunTime:0.000228s ]
INFO: [ app_end ] --START--
INFO: Run Behavior\ShowPageTraceBehavior [ RunTime:0.000402s ]
INFO: [ app_end ] --END-- [ RunTime:0.000447s ]

[ 2017-12-26T11:56:06+08:00 ] 116.231.254.41 /index.php/Weixin/Introduce/product_prensentation.html
INFO: [ app_init ] --START--
INFO: Run Behavior\BuildLiteBehavior [ RunTime:0.000014s ]
INFO: [ app_init ] --END-- [ RunTime:0.000291s ]
INFO: [ app_begin ] --START--
INFO: Run Behavior\ReadHtmlCacheBehavior [ RunTime:0.000384s ]
INFO: [ app_begin ] --END-- [ RunTime:0.000422s ]
SQL: SHOW COLUMNS FROM `yzs_product` [ RunTime:0.0013s ]
SQL: SELECT * FROM `yzs_product` WHERE ( state='1' and introduce_img!='' )  [ RunTime:0.0004s ]
INFO: [ view_parse ] --START--
INFO: [ template_filter ] --START--
INFO: Run Behavior\ContentReplaceBehavior [ RunTime:0.000080s ]
INFO: [ template_filter ] --END-- [ RunTime:0.000120s ]
NOTIC: [8] Undefined variable: html_title /home/wwwroot/cesi3.0.zhiyujinrong.com/Application/Runtime/Cache/Weixin/40148155fcc803f8ec281e0a6735eaa6.php 第 4 行.
NOTIC: [8] Undefined index: bank /home/wwwroot/cesi3.0.zhiyujinrong.com/Application/Runtime/Cache/Weixin/40148155fcc803f8ec281e0a6735eaa6.php 第 315 行.
NOTIC: [8] Undefined variable:  /home/wwwroot/cesi3.0.zhiyujinrong.com/Application/Runtime/Cache/Weixin/40148155fcc803f8ec281e0a6735eaa6.php 第 315 行.
NOTIC: [8] Undefined index: nbank /home/wwwroot/cesi3.0.zhiyujinrong.com/Application/Runtime/Cache/Weixin/40148155fcc803f8ec281e0a6735eaa6.php 第 343 行.
NOTIC: [8] Undefined variable:  /home/wwwroot/cesi3.0.zhiyujinrong.com/Application/Runtime/Cache/Weixin/40148155fcc803f8ec281e0a6735eaa6.php 第 343 行.
INFO: Run Behavior\ParseTemplateBehavior [ RunTime:0.012471s ]
INFO: [ view_parse ] --END-- [ RunTime:0.012507s ]
INFO: [ view_filter ] --START--
INFO: Run Behavior\WriteHtmlCacheBehavior [ RunTime:0.000189s ]
INFO: [ view_filter ] --END-- [ RunTime:0.000221s ]
INFO: [ app_end ] --START--
INFO: Run Behavior\ShowPageTraceBehavior [ RunTime:0.000398s ]
INFO: [ app_end ] --END-- [ RunTime:0.000433s ]

[ 2017-12-26T11:57:00+08:00 ] 116.231.254.41 /index.php/Weixin/Introduce/product_prensentation.html
INFO: [ app_init ] --START--
INFO: Run Behavior\BuildLiteBehavior [ RunTime:0.000012s ]
INFO: [ app_init ] --END-- [ RunTime:0.000301s ]
INFO: [ app_begin ] --START--
INFO: Run Behavior\ReadHtmlCacheBehavior [ RunTime:0.000402s ]
INFO: [ app_begin ] --END-- [ RunTime:0.000441s ]
SQL: SHOW COLUMNS FROM `yzs_product` [ RunTime:0.0014s ]
SQL: SELECT * FROM `yzs_product` WHERE ( state='1' and introduce_img!='' )  [ RunTime:0.0004s ]
INFO: [ view_parse ] --START--
INFO: [ template_filter ] --START--
INFO: Run Behavior\ContentReplaceBehavior [ RunTime:0.000080s ]
INFO: [ template_filter ] --END-- [ RunTime:0.000120s ]
NOTIC: [8] Undefined variable: html_title /home/wwwroot/cesi3.0.zhiyujinrong.com/Application/Runtime/Cache/Weixin/40148155fcc803f8ec281e0a6735eaa6.php 第 4 行.
NOTIC: [8] Undefined index: bank /home/wwwroot/cesi3.0.zhiyujinrong.com/Application/Runtime/Cache/Weixin/40148155fcc803f8ec281e0a6735eaa6.php 第 315 行.
NOTIC: [8] Undefined variable:  /home/wwwroot/cesi3.0.zhiyujinrong.com/Application/Runtime/Cache/Weixin/40148155fcc803f8ec281e0a6735eaa6.php 第 315 行.
NOTIC: [8] Undefined index: nbank /home/wwwroot/cesi3.0.zhiyujinrong.com/Application/Runtime/Cache/Weixin/40148155fcc803f8ec281e0a6735eaa6.php 第 343 行.
NOTIC: [8] Undefined variable:  /home/wwwroot/cesi3.0.zhiyujinrong.com/Application/Runtime/Cache/Weixin/40148155fcc803f8ec281e0a6735eaa6.php 第 343 行.
INFO: Run Behavior\ParseTemplateBehavior [ RunTime:0.012558s ]
INFO: [ view_parse ] --END-- [ RunTime:0.012594s ]
INFO: [ view_filter ] --START--
INFO: Run Behavior\WriteHtmlCacheBehavior [ RunTime:0.000187s ]
INFO: [ view_filter ] --END-- [ RunTime:0.000219s ]
INFO: [ app_end ] --START--
INFO: Run Behavior\ShowPageTraceBehavior [ RunTime:0.000405s ]
INFO: [ app_end ] --END-- [ RunTime:0.000451s ]

[ 2017-12-26T12:03:35+08:00 ] 116.231.254.41 /index.php/Weixin/Introduce/product_prensentation.html
INFO: [ app_init ] --START--
INFO: Run Behavior\BuildLiteBehavior [ RunTime:0.000018s ]
INFO: [ app_init ] --END-- [ RunTime:0.000330s ]
INFO: [ app_begin ] --START--
INFO: Run Behavior\ReadHtmlCacheBehavior [ RunTime:0.000433s ]
INFO: [ app_begin ] --END-- [ RunTime:0.000472s ]
SQL: SHOW COLUMNS FROM `yzs_product` [ RunTime:0.0014s ]
SQL: SELECT * FROM `yzs_product` WHERE ( state='1' and introduce_img!='' )  [ RunTime:0.0005s ]
INFO: [ view_parse ] --START--
INFO: [ template_filter ] --START--
INFO: Run Behavior\ContentReplaceBehavior [ RunTime:0.000084s ]
INFO: [ template_filter ] --END-- [ RunTime:0.000128s ]
NOTIC: [8] Undefined variable: html_title /home/wwwroot/cesi3.0.zhiyujinrong.com/Application/Runtime/Cache/Weixin/40148155fcc803f8ec281e0a6735eaa6.php 第 4 行.
NOTIC: [8] Undefined index: bank /home/wwwroot/cesi3.0.zhiyujinrong.com/Application/Runtime/Cache/Weixin/40148155fcc803f8ec281e0a6735eaa6.php 第 315 行.
NOTIC: [8] Undefined variable:  /home/wwwroot/cesi3.0.zhiyujinrong.com/Application/Runtime/Cache/Weixin/40148155fcc803f8ec281e0a6735eaa6.php 第 315 行.
NOTIC: [8] Undefined index: nbank /home/wwwroot/cesi3.0.zhiyujinrong.com/Application/Runtime/Cache/Weixin/40148155fcc803f8ec281e0a6735eaa6.php 第 343 行.
NOTIC: [8] Undefined variable:  /home/wwwroot/cesi3.0.zhiyujinrong.com/Application/Runtime/Cache/Weixin/40148155fcc803f8ec281e0a6735eaa6.php 第 343 行.
INFO: Run Behavior\ParseTemplateBehavior [ RunTime:0.012898s ]
INFO: [ view_parse ] --END-- [ RunTime:0.012944s ]
INFO: [ view_filter ] --START--
INFO: Run Behavior\WriteHtmlCacheBehavior [ RunTime:0.000185s ]
INFO: [ view_filter ] --END-- [ RunTime:0.000217s ]
INFO: [ app_end ] --START--
INFO: Run Behavior\ShowPageTraceBehavior [ RunTime:0.000457s ]
INFO: [ app_end ] --END-- [ RunTime:0.000493s ]

[ 2017-12-26T15:07:40+08:00 ] 116.231.254.41 /index.php/Weixin/Introduce/product_prensentation.html
INFO: [ app_init ] --START--
INFO: Run Behavior\BuildLiteBehavior [ RunTime:0.000013s ]
INFO: [ app_init ] --END-- [ RunTime:0.000296s ]
INFO: [ app_begin ] --START--
INFO: Run Behavior\ReadHtmlCacheBehavior [ RunTime:0.000390s ]
INFO: [ app_begin ] --END-- [ RunTime:0.000429s ]
SQL: SHOW COLUMNS FROM `yzs_product` [ RunTime:0.0013s ]
SQL: SELECT * FROM `yzs_product` WHERE ( state='1' and introduce_img!='' )  [ RunTime:0.0004s ]
INFO: [ view_parse ] --START--
INFO: [ template_filter ] --START--
INFO: Run Behavior\ContentReplaceBehavior [ RunTime:0.000079s ]
INFO: [ template_filter ] --END-- [ RunTime:0.000116s ]
NOTIC: [8] Undefined variable: html_title /home/wwwroot/cesi3.0.zhiyujinrong.com/Application/Runtime/Cache/Weixin/40148155fcc803f8ec281e0a6735eaa6.php 第 4 行.
NOTIC: [8] Undefined index: bank /home/wwwroot/cesi3.0.zhiyujinrong.com/Application/Runtime/Cache/Weixin/40148155fcc803f8ec281e0a6735eaa6.php 第 315 行.
NOTIC: [8] Undefined index: nbank /home/wwwroot/cesi3.0.zhiyujinrong.com/Application/Runtime/Cache/Weixin/40148155fcc803f8ec281e0a6735eaa6.php 第 343 行.
INFO: Run Behavior\ParseTemplateBehavior [ RunTime:0.012385s ]
INFO: [ view_parse ] --END-- [ RunTime:0.012421s ]
INFO: [ view_filter ] --START--
INFO: Run Behavior\WriteHtmlCacheBehavior [ RunTime:0.000188s ]
INFO: [ view_filter ] --END-- [ RunTime:0.000220s ]
INFO: [ app_end ] --START--
INFO: Run Behavior\ShowPageTraceBehavior [ RunTime:0.000403s ]
INFO: [ app_end ] --END-- [ RunTime:0.000449s ]

[ 2017-12-26T15:07:42+08:00 ] 116.231.254.41 /index.php/Weixin/Introduce/product_prensentation.html
INFO: [ app_init ] --START--
INFO: Run Behavior\BuildLiteBehavior [ RunTime:0.000013s ]
INFO: [ app_init ] --END-- [ RunTime:0.000307s ]
INFO: [ app_begin ] --START--
INFO: Run Behavior\ReadHtmlCacheBehavior [ RunTime:0.000399s ]
INFO: [ app_begin ] --END-- [ RunTime:0.000437s ]
SQL: SHOW COLUMNS FROM `yzs_product` [ RunTime:0.0013s ]
SQL: SELECT * FROM `yzs_product` WHERE ( state='1' and introduce_img!='' )  [ RunTime:0.0004s ]
INFO: [ view_parse ] --START--
INFO: [ template_filter ] --START--
INFO: Run Behavior\ContentReplaceBehavior [ RunTime:0.000092s ]
INFO: [ template_filter ] --END-- [ RunTime:0.000132s ]
NOTIC: [8] Undefined variable: html_title /home/wwwroot/cesi3.0.zhiyujinrong.com/Application/Runtime/Cache/Weixin/40148155fcc803f8ec281e0a6735eaa6.php 第 4 行.
NOTIC: [8] Undefined index: bank /home/wwwroot/cesi3.0.zhiyujinrong.com/Application/Runtime/Cache/Weixin/40148155fcc803f8ec281e0a6735eaa6.php 第 315 行.
NOTIC: [8] Undefined index: nbank /home/wwwroot/cesi3.0.zhiyujinrong.com/Application/Runtime/Cache/Weixin/40148155fcc803f8ec281e0a6735eaa6.php 第 343 行.
INFO: Run Behavior\ParseTemplateBehavior [ RunTime:0.012304s ]
INFO: [ view_parse ] --END-- [ RunTime:0.012343s ]
INFO: [ view_filter ] --START--
INFO: Run Behavior\WriteHtmlCacheBehavior [ RunTime:0.000172s ]
INFO: [ view_filter ] --END-- [ RunTime:0.000204s ]
INFO: [ app_end ] --START--
INFO: Run Behavior\ShowPageTraceBehavior [ RunTime:0.000419s ]
INFO: [ app_end ] --END-- [ RunTime:0.000464s ]

[ 2017-12-26T15:29:00+08:00 ] 116.231.254.41 /index.php/Weixin/Introduce/product_prensentation.html?code=0811nrLj1vvoJk0rRwOj1drcLj11nrLp&state=snsapi_base
INFO: [ app_init ] --START--
INFO: Run Behavior\BuildLiteBehavior [ RunTime:0.000014s ]
INFO: [ app_init ] --END-- [ RunTime:0.000315s ]
INFO: [ app_begin ] --START--
INFO: Run Behavior\ReadHtmlCacheBehavior [ RunTime:0.000448s ]
INFO: [ app_begin ] --END-- [ RunTime:0.000487s ]
SQL: SHOW COLUMNS FROM `yzs_product` [ RunTime:0.0013s ]
SQL: SELECT * FROM `yzs_product` WHERE ( state='1' and introduce_img!='' )  [ RunTime:0.0005s ]
INFO: [ view_parse ] --START--
INFO: [ template_filter ] --START--
INFO: Run Behavior\ContentReplaceBehavior [ RunTime:0.000086s ]
INFO: [ template_filter ] --END-- [ RunTime:0.000128s ]
NOTIC: [8] Undefined variable: html_title /home/wwwroot/cesi3.0.zhiyujinrong.com/Application/Runtime/Cache/Weixin/40148155fcc803f8ec281e0a6735eaa6.php 第 4 行.
NOTIC: [8] Undefined index: bank /home/wwwroot/cesi3.0.zhiyujinrong.com/Application/Runtime/Cache/Weixin/40148155fcc803f8ec281e0a6735eaa6.php 第 315 行.
NOTIC: [8] Undefined index: nbank /home/wwwroot/cesi3.0.zhiyujinrong.com/Application/Runtime/Cache/Weixin/40148155fcc803f8ec281e0a6735eaa6.php 第 344 行.
INFO: Run Behavior\ParseTemplateBehavior [ RunTime:0.013054s ]
INFO: [ view_parse ] --END-- [ RunTime:0.013090s ]
INFO: [ view_filter ] --START--
INFO: Run Behavior\WriteHtmlCacheBehavior [ RunTime:0.000173s ]
INFO: [ view_filter ] --END-- [ RunTime:0.000205s ]
INFO: [ app_end ] --START--
INFO: Run Behavior\ShowPageTraceBehavior [ RunTime:0.000455s ]
INFO: [ app_end ] --END-- [ RunTime:0.000499s ]

