[ 2017-11-12T15:40:23+08:00 ] 183.193.176.0 /index.php/Weixin/Apply/product.html
INFO: [ app_init ] --START--
INFO: Run Behavior\BuildLiteBehavior [ RunTime:0.000013s ]
INFO: [ app_init ] --END-- [ RunTime:0.000298s ]
INFO: [ app_begin ] --START--
INFO: Run Behavior\ReadHtmlCacheBehavior [ RunTime:0.000405s ]
INFO: [ app_begin ] --END-- [ RunTime:0.000447s ]

[ 2017-11-12T15:40:23+08:00 ] 183.193.176.0 /index.php/Weixin/Apply/product.html?code=001kv44B0Js1ff2huK3B0aj54B0kv44V&state=snsapi_base
INFO: [ app_init ] --START--
INFO: Run Behavior\BuildLiteBehavior [ RunTime:0.000013s ]
INFO: [ app_init ] --END-- [ RunTime:0.000307s ]
INFO: [ app_begin ] --START--
INFO: Run Behavior\ReadHtmlCacheBehavior [ RunTime:0.000442s ]
INFO: [ app_begin ] --END-- [ RunTime:0.000482s ]
SQL: SHOW COLUMNS FROM `yzs_wxusers` [ RunTime:0.0008s ]
SQL: SELECT * FROM `yzs_wxusers` WHERE ( openid='oKGJVxKGkext-VV9Emjd0pSO_qY0' ) LIMIT 1   [ RunTime:0.0003s ]
INFO: [ view_parse ] --START--
INFO: [ template_filter ] --START--
INFO: Run Behavior\ContentReplaceBehavior [ RunTime:0.000084s ]
INFO: [ template_filter ] --END-- [ RunTime:0.000124s ]
INFO: Run Behavior\ParseTemplateBehavior [ RunTime:0.009520s ]
INFO: [ view_parse ] --END-- [ RunTime:0.009568s ]
INFO: [ view_filter ] --START--
INFO: Run Behavior\WriteHtmlCacheBehavior [ RunTime:0.000180s ]
INFO: [ view_filter ] --END-- [ RunTime:0.000213s ]
INFO: [ app_end ] --START--
INFO: Run Behavior\ShowPageTraceBehavior [ RunTime:0.000445s ]
INFO: [ app_end ] --END-- [ RunTime:0.000490s ]

[ 2017-11-12T15:40:27+08:00 ] 183.193.176.0 /index.php/Weixin/Apiwechat/js_sdk_check.html
INFO: [ app_init ] --START--
INFO: Run Behavior\BuildLiteBehavior [ RunTime:0.000013s ]
INFO: [ app_init ] --END-- [ RunTime:0.000285s ]
INFO: [ app_begin ] --START--
INFO: Run Behavior\ReadHtmlCacheBehavior [ RunTime:0.000375s ]
INFO: [ app_begin ] --END-- [ RunTime:0.000412s ]
SQL: SHOW COLUMNS FROM `yzs_access_token` [ RunTime:0.0006s ]
SQL: SELECT * FROM `yzs_access_token` WHERE ( id=2 ) LIMIT 1   [ RunTime:0.0003s ]
SQL: UPDATE `yzs_access_token` SET `state`='2' WHERE ( id=2 ) [ RunTime:0.0074s ]
SQL: SELECT * FROM `yzs_access_token` WHERE ( id=1 ) LIMIT 1   [ RunTime:0.0002s ]
SQL: UPDATE `yzs_access_token` SET `state`='2' WHERE ( id=1 ) [ RunTime:0.0039s ]
SQL: UPDATE `yzs_access_token` SET `access_token`='F0AaJQU0rwxTFF-D7tbI7by9JL4vOu0eZ_-SCRd9Q-gzrKylafF0IX1IcoaSpbkRE_wavwpm0fr55e8rJovRiG-yKQlAHQYtggksKNn675hfsu8E5czqFbrC3IsjYCFVPYXfAGAENM',`expires_in`='7200',`t_time`='1510472427',`state`='1' WHERE ( id=1 ) [ RunTime:0.0058s ]
SQL: UPDATE `yzs_access_token` SET `access_token`='kgt8ON7yVITDhtdwci0qecnDEdPLO0pu5tXhmrnxpkakI6m_QpIcTy0i8zVopo78ySkoTAzGaGMBmpbQQrOXbQ',`expires_in`='7200',`t_time`='1510472427',`state`='1' WHERE ( id=2 ) [ RunTime:0.0046s ]
NOTIC: [8] Uninitialized string offset: 54 /home/wwwroot/cesi3.0.zhiyujinrong.com/Application/Weixin/Controller/ApiwechatController.class.php 第 106 行.
NOTIC: [8] Uninitialized string offset: 57 /home/wwwroot/cesi3.0.zhiyujinrong.com/Application/Weixin/Controller/ApiwechatController.class.php 第 106 行.
NOTIC: [8] Uninitialized string offset: 57 /home/wwwroot/cesi3.0.zhiyujinrong.com/Application/Weixin/Controller/ApiwechatController.class.php 第 106 行.

[ 2017-11-12T15:40:31+08:00 ] 183.193.176.0 /index.php/Weixin/Apiwechat/initial_check.html
INFO: [ app_init ] --START--
INFO: Run Behavior\BuildLiteBehavior [ RunTime:0.000018s ]
INFO: [ app_init ] --END-- [ RunTime:0.000346s ]
INFO: [ app_begin ] --START--
INFO: Run Behavior\ReadHtmlCacheBehavior [ RunTime:0.000377s ]
INFO: [ app_begin ] --END-- [ RunTime:0.000415s ]
SQL: select * from yzs_territory where higher_up in(select `id` from yzs_territory where name like '%上海市%' and grade='2' and forbidden='1') [ RunTime:0.0012s ]
SQL: SHOW COLUMNS FROM `yzs_territory` [ RunTime:0.0006s ]
SQL: SELECT * FROM `yzs_territory` WHERE ( name like '%上海市%' and grade='2' and forbidden='1' ) LIMIT 1   [ RunTime:0.0002s ]
SQL: SHOW COLUMNS FROM `yzs_house_type` [ RunTime:0.0004s ]
SQL: SELECT * FROM `yzs_house_type`  [ RunTime:0.0002s ]
SQL: SELECT * FROM `yzs_territory` WHERE ( grade != 3 and forbidden='1' )  [ RunTime:0.0004s ]

[ 2017-11-12T15:40:31+08:00 ] 183.193.176.0 /index.php/Weixin/Apply/product_screen.html
INFO: [ app_init ] --START--
INFO: Run Behavior\BuildLiteBehavior [ RunTime:0.000012s ]
INFO: [ app_init ] --END-- [ RunTime:0.000297s ]
INFO: [ app_begin ] --START--
INFO: Run Behavior\ReadHtmlCacheBehavior [ RunTime:0.000423s ]
INFO: [ app_begin ] --END-- [ RunTime:0.000461s ]
NOTIC: [8] Undefined variable: data /home/wwwroot/cesi3.0.zhiyujinrong.com/Application/Weixin/Controller/ApplyController.class.php 第 72 行.
NOTIC: [8] Undefined variable: data /home/wwwroot/cesi3.0.zhiyujinrong.com/Application/Weixin/Controller/ApplyController.class.php 第 75 行.
NOTIC: [8] Undefined variable: data /home/wwwroot/cesi3.0.zhiyujinrong.com/Application/Weixin/Controller/ApplyController.class.php 第 78 行.
NOTIC: [8] Undefined variable: data /home/wwwroot/cesi3.0.zhiyujinrong.com/Application/Weixin/Controller/ApplyController.class.php 第 81 行.
SQL: SHOW COLUMNS FROM `yzs_product` [ RunTime:0.0010s ]
SQL: SELECT * FROM `yzs_product` WHERE ( city like '%1%' )  [ RunTime:0.0004s ]
SQL: select GROUP_CONCAT(name) as city from yzs_territory ter where id in(1) [ RunTime:0.0002s ]
SQL: select GROUP_CONCAT(name) as territory from yzs_territory where id in(2,3,10,12) [ RunTime:0.0002s ]
SQL: select GROUP_CONCAT(name) as house from yzs_house_type where id in(1,2,3) [ RunTime:0.0002s ]
SQL: select GROUP_CONCAT(name) as loans_type from yzs_loans_type where id in(1) [ RunTime:0.0002s ]
SQL: select GROUP_CONCAT(name) as city from yzs_territory ter where id in(1) [ RunTime:0.0002s ]
SQL: select GROUP_CONCAT(name) as territory from yzs_territory where id in(2,3,12) [ RunTime:0.0002s ]
SQL: select GROUP_CONCAT(name) as house from yzs_house_type where id in(1,2,3) [ RunTime:0.0002s ]
SQL: select GROUP_CONCAT(name) as loans_type from yzs_loans_type where id in(1) [ RunTime:0.0002s ]
SQL: select GROUP_CONCAT(name) as city from yzs_territory ter where id in(1) [ RunTime:0.0002s ]
SQL: select GROUP_CONCAT(name) as territory from yzs_territory where id in(2,12,14) [ RunTime:0.0002s ]
SQL: select GROUP_CONCAT(name) as house from yzs_house_type where id in(1,2) [ RunTime:0.0002s ]
SQL: select GROUP_CONCAT(name) as loans_type from yzs_loans_type where id in(1) [ RunTime:0.0002s ]

[ 2017-11-12T15:40:40+08:00 ] 183.193.176.0 /index.php/Weixin/Apply/product.html
INFO: [ app_init ] --START--
INFO: Run Behavior\BuildLiteBehavior [ RunTime:0.000012s ]
INFO: [ app_init ] --END-- [ RunTime:0.000285s ]
INFO: [ app_begin ] --START--
INFO: Run Behavior\ReadHtmlCacheBehavior [ RunTime:0.000381s ]
INFO: [ app_begin ] --END-- [ RunTime:0.000421s ]
INFO: [ view_parse ] --START--
INFO: [ template_filter ] --START--
INFO: Run Behavior\ContentReplaceBehavior [ RunTime:0.000078s ]
INFO: [ template_filter ] --END-- [ RunTime:0.000120s ]
INFO: Run Behavior\ParseTemplateBehavior [ RunTime:0.009126s ]
INFO: [ view_parse ] --END-- [ RunTime:0.009180s ]
INFO: [ view_filter ] --START--
INFO: Run Behavior\WriteHtmlCacheBehavior [ RunTime:0.000172s ]
INFO: [ view_filter ] --END-- [ RunTime:0.000205s ]
INFO: [ app_end ] --START--
INFO: Run Behavior\ShowPageTraceBehavior [ RunTime:0.000393s ]
INFO: [ app_end ] --END-- [ RunTime:0.000430s ]

[ 2017-11-12T15:40:42+08:00 ] 183.193.176.0 /index.php/Weixin/Apiwechat/js_sdk_check.html
INFO: [ app_init ] --START--
INFO: Run Behavior\BuildLiteBehavior [ RunTime:0.000012s ]
INFO: [ app_init ] --END-- [ RunTime:0.000319s ]
INFO: [ app_begin ] --START--
INFO: Run Behavior\ReadHtmlCacheBehavior [ RunTime:0.000424s ]
INFO: [ app_begin ] --END-- [ RunTime:0.000462s ]
SQL: SHOW COLUMNS FROM `yzs_access_token` [ RunTime:0.0006s ]
SQL: SELECT * FROM `yzs_access_token` WHERE ( id=2 ) LIMIT 1   [ RunTime:0.0003s ]
NOTIC: [8] Uninitialized string offset: 53 /home/wwwroot/cesi3.0.zhiyujinrong.com/Application/Weixin/Controller/ApiwechatController.class.php 第 106 行.
NOTIC: [8] Uninitialized string offset: 52 /home/wwwroot/cesi3.0.zhiyujinrong.com/Application/Weixin/Controller/ApiwechatController.class.php 第 106 行.

[ 2017-11-12T15:40:44+08:00 ] 183.193.176.0 /index.php/Weixin/Apply/product.html
INFO: [ app_init ] --START--
INFO: Run Behavior\BuildLiteBehavior [ RunTime:0.000012s ]
INFO: [ app_init ] --END-- [ RunTime:0.000299s ]
INFO: [ app_begin ] --START--
INFO: Run Behavior\ReadHtmlCacheBehavior [ RunTime:0.000418s ]
INFO: [ app_begin ] --END-- [ RunTime:0.000476s ]
INFO: [ view_parse ] --START--
INFO: [ template_filter ] --START--
INFO: Run Behavior\ContentReplaceBehavior [ RunTime:0.000080s ]
INFO: [ template_filter ] --END-- [ RunTime:0.000129s ]
INFO: Run Behavior\ParseTemplateBehavior [ RunTime:0.009583s ]
INFO: [ view_parse ] --END-- [ RunTime:0.009652s ]
INFO: [ view_filter ] --START--
INFO: Run Behavior\WriteHtmlCacheBehavior [ RunTime:0.000262s ]
INFO: [ view_filter ] --END-- [ RunTime:0.000316s ]
INFO: [ app_end ] --START--
INFO: Run Behavior\ShowPageTraceBehavior [ RunTime:0.000423s ]
INFO: [ app_end ] --END-- [ RunTime:0.000471s ]

[ 2017-11-12T15:40:44+08:00 ] 183.193.176.0 /index.php/Weixin/Apiwechat/js_sdk_check.html
INFO: [ app_init ] --START--
INFO: Run Behavior\BuildLiteBehavior [ RunTime:0.000012s ]
INFO: [ app_init ] --END-- [ RunTime:0.000284s ]
INFO: [ app_begin ] --START--
INFO: Run Behavior\ReadHtmlCacheBehavior [ RunTime:0.000377s ]
INFO: [ app_begin ] --END-- [ RunTime:0.000428s ]
SQL: SHOW COLUMNS FROM `yzs_access_token` [ RunTime:0.0006s ]
SQL: SELECT * FROM `yzs_access_token` WHERE ( id=2 ) LIMIT 1   [ RunTime:0.0002s ]
NOTIC: [8] Uninitialized string offset: 58 /home/wwwroot/cesi3.0.zhiyujinrong.com/Application/Weixin/Controller/ApiwechatController.class.php 第 106 行.
NOTIC: [8] Uninitialized string offset: 58 /home/wwwroot/cesi3.0.zhiyujinrong.com/Application/Weixin/Controller/ApiwechatController.class.php 第 106 行.

[ 2017-11-12T16:32:35+08:00 ] 223.246.223.29 /index.php/Weixin/Apply/product.html
INFO: [ app_init ] --START--
INFO: Run Behavior\BuildLiteBehavior [ RunTime:0.000013s ]
INFO: [ app_init ] --END-- [ RunTime:0.000300s ]
INFO: [ app_begin ] --START--
INFO: Run Behavior\ReadHtmlCacheBehavior [ RunTime:0.000419s ]
INFO: [ app_begin ] --END-- [ RunTime:0.000459s ]
SQL: SHOW COLUMNS FROM `yzs_wxusers` [ RunTime:0.0009s ]
SQL: SELECT * FROM `yzs_wxusers` WHERE ( id=10 ) LIMIT 1   [ RunTime:0.0003s ]
INFO: [ view_parse ] --START--
INFO: [ template_filter ] --START--
INFO: Run Behavior\ContentReplaceBehavior [ RunTime:0.000091s ]
INFO: [ template_filter ] --END-- [ RunTime:0.000134s ]
INFO: Run Behavior\ParseTemplateBehavior [ RunTime:0.009329s ]
INFO: [ view_parse ] --END-- [ RunTime:0.009369s ]
INFO: [ view_filter ] --START--
INFO: Run Behavior\WriteHtmlCacheBehavior [ RunTime:0.000176s ]
INFO: [ view_filter ] --END-- [ RunTime:0.000210s ]
INFO: [ app_end ] --START--
INFO: Run Behavior\ShowPageTraceBehavior [ RunTime:0.000402s ]
INFO: [ app_end ] --END-- [ RunTime:0.000440s ]

[ 2017-11-12T16:32:36+08:00 ] 223.246.223.29 /index.php/Weixin/Apiwechat/js_sdk_check.html
INFO: [ app_init ] --START--
INFO: Run Behavior\BuildLiteBehavior [ RunTime:0.000013s ]
INFO: [ app_init ] --END-- [ RunTime:0.000309s ]
INFO: [ app_begin ] --START--
INFO: Run Behavior\ReadHtmlCacheBehavior [ RunTime:0.000416s ]
INFO: [ app_begin ] --END-- [ RunTime:0.000455s ]
SQL: SHOW COLUMNS FROM `yzs_access_token` [ RunTime:0.0006s ]
SQL: SELECT * FROM `yzs_access_token` WHERE ( id=2 ) LIMIT 1   [ RunTime:0.0002s ]
NOTIC: [8] Uninitialized string offset: 55 /home/wwwroot/cesi3.0.zhiyujinrong.com/Application/Weixin/Controller/ApiwechatController.class.php 第 106 行.
NOTIC: [8] Uninitialized string offset: 57 /home/wwwroot/cesi3.0.zhiyujinrong.com/Application/Weixin/Controller/ApiwechatController.class.php 第 106 行.
NOTIC: [8] Uninitialized string offset: 57 /home/wwwroot/cesi3.0.zhiyujinrong.com/Application/Weixin/Controller/ApiwechatController.class.php 第 106 行.
NOTIC: [8] Uninitialized string offset: 52 /home/wwwroot/cesi3.0.zhiyujinrong.com/Application/Weixin/Controller/ApiwechatController.class.php 第 106 行.

[ 2017-11-12T16:32:39+08:00 ] 223.246.223.29 /index.php/Weixin/Apiwechat/initial_check.html
INFO: [ app_init ] --START--
INFO: Run Behavior\BuildLiteBehavior [ RunTime:0.000012s ]
INFO: [ app_init ] --END-- [ RunTime:0.000310s ]
INFO: [ app_begin ] --START--
INFO: Run Behavior\ReadHtmlCacheBehavior [ RunTime:0.000410s ]
INFO: [ app_begin ] --END-- [ RunTime:0.000450s ]
SQL: select * from yzs_territory where higher_up in(select `id` from yzs_territory where name like '%宣城市%' and grade='2' and forbidden='1') [ RunTime:0.0012s ]
SQL: select * from yzs_territory where higher_up in(select `id` from yzs_territory where name like '%上海市%' and grade='2' and forbidden='1') [ RunTime:0.0010s ]
SQL: SHOW COLUMNS FROM `yzs_territory` [ RunTime:0.0005s ]
SQL: SELECT * FROM `yzs_territory` WHERE ( name like '%上海市%' and grade='2' and forbidden='1' ) LIMIT 1   [ RunTime:0.0002s ]
SQL: SHOW COLUMNS FROM `yzs_house_type` [ RunTime:0.0003s ]
SQL: SELECT * FROM `yzs_house_type`  [ RunTime:0.0002s ]
SQL: SELECT * FROM `yzs_territory` WHERE ( grade != 3 and forbidden='1' )  [ RunTime:0.0004s ]

[ 2017-11-12T16:32:42+08:00 ] 223.246.223.29 /index.php/Weixin/Apply/product_screen.html
INFO: [ app_init ] --START--
INFO: Run Behavior\BuildLiteBehavior [ RunTime:0.000013s ]
INFO: [ app_init ] --END-- [ RunTime:0.000293s ]
INFO: [ app_begin ] --START--
INFO: Run Behavior\ReadHtmlCacheBehavior [ RunTime:0.000433s ]
INFO: [ app_begin ] --END-- [ RunTime:0.000471s ]
NOTIC: [8] Undefined variable: data /home/wwwroot/cesi3.0.zhiyujinrong.com/Application/Weixin/Controller/ApplyController.class.php 第 72 行.
NOTIC: [8] Undefined variable: data /home/wwwroot/cesi3.0.zhiyujinrong.com/Application/Weixin/Controller/ApplyController.class.php 第 75 行.
NOTIC: [8] Undefined variable: data /home/wwwroot/cesi3.0.zhiyujinrong.com/Application/Weixin/Controller/ApplyController.class.php 第 78 行.
NOTIC: [8] Undefined variable: data /home/wwwroot/cesi3.0.zhiyujinrong.com/Application/Weixin/Controller/ApplyController.class.php 第 81 行.
SQL: SHOW COLUMNS FROM `yzs_product` [ RunTime:0.0011s ]
SQL: SELECT * FROM `yzs_product` WHERE ( city like '%1%' )  [ RunTime:0.0003s ]
SQL: select GROUP_CONCAT(name) as city from yzs_territory ter where id in(1) [ RunTime:0.0002s ]
SQL: select GROUP_CONCAT(name) as territory from yzs_territory where id in(2,3,10,12) [ RunTime:0.0002s ]
SQL: select GROUP_CONCAT(name) as house from yzs_house_type where id in(1,2,3) [ RunTime:0.0002s ]
SQL: select GROUP_CONCAT(name) as loans_type from yzs_loans_type where id in(1) [ RunTime:0.0002s ]
SQL: select GROUP_CONCAT(name) as city from yzs_territory ter where id in(1) [ RunTime:0.0002s ]
SQL: select GROUP_CONCAT(name) as territory from yzs_territory where id in(2,3,12) [ RunTime:0.0002s ]
SQL: select GROUP_CONCAT(name) as house from yzs_house_type where id in(1,2,3) [ RunTime:0.0002s ]
SQL: select GROUP_CONCAT(name) as loans_type from yzs_loans_type where id in(1) [ RunTime:0.0002s ]
SQL: select GROUP_CONCAT(name) as city from yzs_territory ter where id in(1) [ RunTime:0.0002s ]
SQL: select GROUP_CONCAT(name) as territory from yzs_territory where id in(2,12,14) [ RunTime:0.0002s ]
SQL: select GROUP_CONCAT(name) as house from yzs_house_type where id in(1,2) [ RunTime:0.0002s ]
SQL: select GROUP_CONCAT(name) as loans_type from yzs_loans_type where id in(1) [ RunTime:0.0002s ]

[ 2017-11-12T16:32:54+08:00 ] 101.226.225.59 /index.php/Weixin/Apply/product.html
INFO: [ app_init ] --START--
INFO: Run Behavior\BuildLiteBehavior [ RunTime:0.000013s ]
INFO: [ app_init ] --END-- [ RunTime:0.000294s ]
INFO: [ app_begin ] --START--
INFO: Run Behavior\ReadHtmlCacheBehavior [ RunTime:0.000392s ]
INFO: [ app_begin ] --END-- [ RunTime:0.000431s ]
INFO: [ view_parse ] --START--
INFO: [ template_filter ] --START--
INFO: Run Behavior\ContentReplaceBehavior [ RunTime:0.000080s ]
INFO: [ template_filter ] --END-- [ RunTime:0.000128s ]
INFO: Run Behavior\ParseTemplateBehavior [ RunTime:0.009406s ]
INFO: [ view_parse ] --END-- [ RunTime:0.009444s ]
INFO: [ view_filter ] --START--
INFO: Run Behavior\WriteHtmlCacheBehavior [ RunTime:0.000172s ]
INFO: [ view_filter ] --END-- [ RunTime:0.000204s ]
INFO: [ app_end ] --START--
INFO: Run Behavior\ShowPageTraceBehavior [ RunTime:0.000452s ]
INFO: [ app_end ] --END-- [ RunTime:0.000490s ]

[ 2017-11-12T16:32:54+08:00 ] 101.226.225.59 /index.php/Weixin/Apiwechat/js_sdk_check.html
INFO: [ app_init ] --START--
INFO: Run Behavior\BuildLiteBehavior [ RunTime:0.000012s ]
INFO: [ app_init ] --END-- [ RunTime:0.000287s ]
INFO: [ app_begin ] --START--
INFO: Run Behavior\ReadHtmlCacheBehavior [ RunTime:0.000374s ]
INFO: [ app_begin ] --END-- [ RunTime:0.000412s ]
SQL: SHOW COLUMNS FROM `yzs_access_token` [ RunTime:0.0006s ]
SQL: SELECT * FROM `yzs_access_token` WHERE ( id=2 ) LIMIT 1   [ RunTime:0.0003s ]
NOTIC: [8] Uninitialized string offset: 54 /home/wwwroot/cesi3.0.zhiyujinrong.com/Application/Weixin/Controller/ApiwechatController.class.php 第 106 行.
NOTIC: [8] Uninitialized string offset: 53 /home/wwwroot/cesi3.0.zhiyujinrong.com/Application/Weixin/Controller/ApiwechatController.class.php 第 106 行.

[ 2017-11-12T16:32:57+08:00 ] 101.226.225.59 /index.php/Weixin/Apiwechat/initial_check.html
INFO: [ app_init ] --START--
INFO: Run Behavior\BuildLiteBehavior [ RunTime:0.000015s ]
INFO: [ app_init ] --END-- [ RunTime:0.000301s ]
INFO: [ app_begin ] --START--
INFO: Run Behavior\ReadHtmlCacheBehavior [ RunTime:0.000373s ]
INFO: [ app_begin ] --END-- [ RunTime:0.000411s ]
SQL: select * from yzs_territory where higher_up in(select `id` from yzs_territory where name like '%宣城市%' and grade='2' and forbidden='1') [ RunTime:0.0012s ]
SQL: select * from yzs_territory where higher_up in(select `id` from yzs_territory where name like '%上海市%' and grade='2' and forbidden='1') [ RunTime:0.0010s ]
SQL: SHOW COLUMNS FROM `yzs_territory` [ RunTime:0.0006s ]
SQL: SELECT * FROM `yzs_territory` WHERE ( name like '%上海市%' and grade='2' and forbidden='1' ) LIMIT 1   [ RunTime:0.0002s ]
SQL: SHOW COLUMNS FROM `yzs_house_type` [ RunTime:0.0004s ]
SQL: SELECT * FROM `yzs_house_type`  [ RunTime:0.0002s ]
SQL: SELECT * FROM `yzs_territory` WHERE ( grade != 3 and forbidden='1' )  [ RunTime:0.0004s ]

[ 2017-11-12T16:33:25+08:00 ] 101.226.225.59 /index.php/Weixin/Apply/product_screen.html
INFO: [ app_init ] --START--
INFO: Run Behavior\BuildLiteBehavior [ RunTime:0.000012s ]
INFO: [ app_init ] --END-- [ RunTime:0.000288s ]
INFO: [ app_begin ] --START--
INFO: Run Behavior\ReadHtmlCacheBehavior [ RunTime:0.000532s ]
INFO: [ app_begin ] --END-- [ RunTime:0.000579s ]
NOTIC: [8] Undefined variable: data /home/wwwroot/cesi3.0.zhiyujinrong.com/Application/Weixin/Controller/ApplyController.class.php 第 72 行.
NOTIC: [8] Undefined variable: data /home/wwwroot/cesi3.0.zhiyujinrong.com/Application/Weixin/Controller/ApplyController.class.php 第 75 行.
NOTIC: [8] Undefined variable: data /home/wwwroot/cesi3.0.zhiyujinrong.com/Application/Weixin/Controller/ApplyController.class.php 第 78 行.
NOTIC: [8] Undefined variable: data /home/wwwroot/cesi3.0.zhiyujinrong.com/Application/Weixin/Controller/ApplyController.class.php 第 81 行.
SQL: SHOW COLUMNS FROM `yzs_product` [ RunTime:0.0011s ]
SQL: SELECT * FROM `yzs_product` WHERE ( city like '%1%' )  [ RunTime:0.0003s ]
SQL: select GROUP_CONCAT(name) as city from yzs_territory ter where id in(1) [ RunTime:0.0002s ]
SQL: select GROUP_CONCAT(name) as territory from yzs_territory where id in(2,3,10,12) [ RunTime:0.0002s ]
SQL: select GROUP_CONCAT(name) as house from yzs_house_type where id in(1,2,3) [ RunTime:0.0002s ]
SQL: select GROUP_CONCAT(name) as loans_type from yzs_loans_type where id in(1) [ RunTime:0.0001s ]
SQL: select GROUP_CONCAT(name) as city from yzs_territory ter where id in(1) [ RunTime:0.0001s ]
SQL: select GROUP_CONCAT(name) as territory from yzs_territory where id in(2,3,12) [ RunTime:0.0003s ]
SQL: select GROUP_CONCAT(name) as house from yzs_house_type where id in(1,2,3) [ RunTime:0.0002s ]
SQL: select GROUP_CONCAT(name) as loans_type from yzs_loans_type where id in(1) [ RunTime:0.0001s ]
SQL: select GROUP_CONCAT(name) as city from yzs_territory ter where id in(1) [ RunTime:0.0002s ]
SQL: select GROUP_CONCAT(name) as territory from yzs_territory where id in(2,12,14) [ RunTime:0.0002s ]
SQL: select GROUP_CONCAT(name) as house from yzs_house_type where id in(1,2) [ RunTime:0.0002s ]
SQL: select GROUP_CONCAT(name) as loans_type from yzs_loans_type where id in(1) [ RunTime:0.0001s ]

[ 2017-11-12T16:38:07+08:00 ] 101.226.225.59 /index.php/Weixin/Apply/product.html
INFO: [ app_init ] --START--
INFO: Run Behavior\BuildLiteBehavior [ RunTime:0.000012s ]
INFO: [ app_init ] --END-- [ RunTime:0.000331s ]
INFO: [ app_begin ] --START--
INFO: Run Behavior\ReadHtmlCacheBehavior [ RunTime:0.000395s ]
INFO: [ app_begin ] --END-- [ RunTime:0.000434s ]
INFO: [ view_parse ] --START--
INFO: [ template_filter ] --START--
INFO: Run Behavior\ContentReplaceBehavior [ RunTime:0.000079s ]
INFO: [ template_filter ] --END-- [ RunTime:0.000122s ]
INFO: Run Behavior\ParseTemplateBehavior [ RunTime:0.009542s ]
INFO: [ view_parse ] --END-- [ RunTime:0.009580s ]
INFO: [ view_filter ] --START--
INFO: Run Behavior\WriteHtmlCacheBehavior [ RunTime:0.000199s ]
INFO: [ view_filter ] --END-- [ RunTime:0.000232s ]
INFO: [ app_end ] --START--
INFO: Run Behavior\ShowPageTraceBehavior [ RunTime:0.000388s ]
INFO: [ app_end ] --END-- [ RunTime:0.000431s ]

[ 2017-11-12T16:38:08+08:00 ] 101.226.225.59 /index.php/Weixin/Apiwechat/js_sdk_check.html
INFO: [ app_init ] --START--
INFO: Run Behavior\BuildLiteBehavior [ RunTime:0.000016s ]
INFO: [ app_init ] --END-- [ RunTime:0.000314s ]
INFO: [ app_begin ] --START--
INFO: Run Behavior\ReadHtmlCacheBehavior [ RunTime:0.000431s ]
INFO: [ app_begin ] --END-- [ RunTime:0.000470s ]
SQL: SHOW COLUMNS FROM `yzs_access_token` [ RunTime:0.0007s ]
SQL: SELECT * FROM `yzs_access_token` WHERE ( id=2 ) LIMIT 1   [ RunTime:0.0004s ]
NOTIC: [8] Uninitialized string offset: 57 /home/wwwroot/cesi3.0.zhiyujinrong.com/Application/Weixin/Controller/ApiwechatController.class.php 第 106 行.
NOTIC: [8] Uninitialized string offset: 61 /home/wwwroot/cesi3.0.zhiyujinrong.com/Application/Weixin/Controller/ApiwechatController.class.php 第 106 行.
NOTIC: [8] Uninitialized string offset: 58 /home/wwwroot/cesi3.0.zhiyujinrong.com/Application/Weixin/Controller/ApiwechatController.class.php 第 106 行.

[ 2017-11-12T16:38:11+08:00 ] 101.226.225.59 /index.php/Weixin/Apiwechat/initial_check.html
INFO: [ app_init ] --START--
INFO: Run Behavior\BuildLiteBehavior [ RunTime:0.000016s ]
INFO: [ app_init ] --END-- [ RunTime:0.000314s ]
INFO: [ app_begin ] --START--
INFO: Run Behavior\ReadHtmlCacheBehavior [ RunTime:0.000441s ]
INFO: [ app_begin ] --END-- [ RunTime:0.000479s ]
SQL: select * from yzs_territory where higher_up in(select `id` from yzs_territory where name like '%宣城市%' and grade='2' and forbidden='1') [ RunTime:0.0012s ]
SQL: select * from yzs_territory where higher_up in(select `id` from yzs_territory where name like '%上海市%' and grade='2' and forbidden='1') [ RunTime:0.0010s ]
SQL: SHOW COLUMNS FROM `yzs_territory` [ RunTime:0.0006s ]
SQL: SELECT * FROM `yzs_territory` WHERE ( name like '%上海市%' and grade='2' and forbidden='1' ) LIMIT 1   [ RunTime:0.0002s ]
SQL: SHOW COLUMNS FROM `yzs_house_type` [ RunTime:0.0004s ]
SQL: SELECT * FROM `yzs_house_type`  [ RunTime:0.0001s ]
SQL: SELECT * FROM `yzs_territory` WHERE ( grade != 3 and forbidden='1' )  [ RunTime:0.0003s ]

[ 2017-11-12T16:38:13+08:00 ] 101.226.225.59 /index.php/Weixin/Apply/product_screen.html
INFO: [ app_init ] --START--
INFO: Run Behavior\BuildLiteBehavior [ RunTime:0.000013s ]
INFO: [ app_init ] --END-- [ RunTime:0.000283s ]
INFO: [ app_begin ] --START--
INFO: Run Behavior\ReadHtmlCacheBehavior [ RunTime:0.000376s ]
INFO: [ app_begin ] --END-- [ RunTime:0.000414s ]
NOTIC: [8] Undefined variable: data /home/wwwroot/cesi3.0.zhiyujinrong.com/Application/Weixin/Controller/ApplyController.class.php 第 72 行.
NOTIC: [8] Undefined variable: data /home/wwwroot/cesi3.0.zhiyujinrong.com/Application/Weixin/Controller/ApplyController.class.php 第 75 行.
NOTIC: [8] Undefined variable: data /home/wwwroot/cesi3.0.zhiyujinrong.com/Application/Weixin/Controller/ApplyController.class.php 第 78 行.
NOTIC: [8] Undefined variable: data /home/wwwroot/cesi3.0.zhiyujinrong.com/Application/Weixin/Controller/ApplyController.class.php 第 81 行.
SQL: SHOW COLUMNS FROM `yzs_product` [ RunTime:0.0011s ]
SQL: SELECT * FROM `yzs_product` WHERE ( city like '%1%' )  [ RunTime:0.0003s ]
SQL: select GROUP_CONCAT(name) as city from yzs_territory ter where id in(1) [ RunTime:0.0002s ]
SQL: select GROUP_CONCAT(name) as territory from yzs_territory where id in(2,3,10,12) [ RunTime:0.0002s ]
SQL: select GROUP_CONCAT(name) as house from yzs_house_type where id in(1,2,3) [ RunTime:0.0002s ]
SQL: select GROUP_CONCAT(name) as loans_type from yzs_loans_type where id in(1) [ RunTime:0.0002s ]
SQL: select GROUP_CONCAT(name) as city from yzs_territory ter where id in(1) [ RunTime:0.0002s ]
SQL: select GROUP_CONCAT(name) as territory from yzs_territory where id in(2,3,12) [ RunTime:0.0002s ]
SQL: select GROUP_CONCAT(name) as house from yzs_house_type where id in(1,2,3) [ RunTime:0.0002s ]
SQL: select GROUP_CONCAT(name) as loans_type from yzs_loans_type where id in(1) [ RunTime:0.0001s ]
SQL: select GROUP_CONCAT(name) as city from yzs_territory ter where id in(1) [ RunTime:0.0003s ]
SQL: select GROUP_CONCAT(name) as territory from yzs_territory where id in(2,12,14) [ RunTime:0.0002s ]
SQL: select GROUP_CONCAT(name) as house from yzs_house_type where id in(1,2) [ RunTime:0.0002s ]
SQL: select GROUP_CONCAT(name) as loans_type from yzs_loans_type where id in(1) [ RunTime:0.0001s ]

[ 2017-11-12T16:38:17+08:00 ] 101.226.225.59 /index.php/Weixin/Apply/product_introduce/id/1.html
INFO: [ app_init ] --START--
INFO: Run Behavior\BuildLiteBehavior [ RunTime:0.000022s ]
INFO: [ app_init ] --END-- [ RunTime:0.000296s ]
INFO: [ app_begin ] --START--
INFO: Run Behavior\ReadHtmlCacheBehavior [ RunTime:0.000390s ]
INFO: [ app_begin ] --END-- [ RunTime:0.000429s ]
SQL: SHOW COLUMNS FROM `yzs_product` [ RunTime:0.0011s ]
SQL: SELECT * FROM `yzs_product` WHERE ( id=1 ) LIMIT 1   [ RunTime:0.0003s ]
SQL: select id,name from yzs_territory where id in(1) limit 3 [ RunTime:0.0002s ]
SQL: SHOW COLUMNS FROM `yzs_territory` [ RunTime:0.0004s ]
SQL: SELECT * FROM `yzs_territory` WHERE ( higher_up=1 )  [ RunTime:0.0003s ]
NOTIC: [8] Undefined offset: 1 /home/wwwroot/cesi3.0.zhiyujinrong.com/Application/Weixin/Controller/ApplyController.class.php 第 190 行.
NOTIC: [8] Undefined offset: 1 /home/wwwroot/cesi3.0.zhiyujinrong.com/Application/Weixin/Controller/ApplyController.class.php 第 190 行.
NOTIC: [8] Undefined offset: 1 /home/wwwroot/cesi3.0.zhiyujinrong.com/Application/Weixin/Controller/ApplyController.class.php 第 190 行.
NOTIC: [8] Undefined offset: 1 /home/wwwroot/cesi3.0.zhiyujinrong.com/Application/Weixin/Controller/ApplyController.class.php 第 190 行.
NOTIC: [8] Undefined offset: 1 /home/wwwroot/cesi3.0.zhiyujinrong.com/Application/Weixin/Controller/ApplyController.class.php 第 190 行.
NOTIC: [8] Undefined offset: 1 /home/wwwroot/cesi3.0.zhiyujinrong.com/Application/Weixin/Controller/ApplyController.class.php 第 190 行.
NOTIC: [8] Undefined offset: 1 /home/wwwroot/cesi3.0.zhiyujinrong.com/Application/Weixin/Controller/ApplyController.class.php 第 190 行.
NOTIC: [8] Undefined offset: 1 /home/wwwroot/cesi3.0.zhiyujinrong.com/Application/Weixin/Controller/ApplyController.class.php 第 190 行.
NOTIC: [8] Undefined index: state /home/wwwroot/cesi3.0.zhiyujinrong.com/Application/Weixin/Controller/ApplyController.class.php 第 199 行.
SQL: select name as house from yzs_house_type where id in(1,2,3) [ RunTime:0.0002s ]
INFO: [ view_parse ] --START--
INFO: [ template_filter ] --START--
INFO: Run Behavior\ContentReplaceBehavior [ RunTime:0.000061s ]
INFO: [ template_filter ] --END-- [ RunTime:0.000099s ]
NOTIC: [8] Undefined variable: id /home/wwwroot/cesi3.0.zhiyujinrong.com/Application/Runtime/Cache/Weixin/0755e848f3f3091d648539bb4e240237.php 第 165 行.
NOTIC: [8] Undefined variable: id /home/wwwroot/cesi3.0.zhiyujinrong.com/Application/Runtime/Cache/Weixin/0755e848f3f3091d648539bb4e240237.php 第 213 行.
INFO: Run Behavior\ParseTemplateBehavior [ RunTime:0.011397s ]
INFO: [ view_parse ] --END-- [ RunTime:0.011433s ]
INFO: [ view_filter ] --START--
INFO: Run Behavior\WriteHtmlCacheBehavior [ RunTime:0.000170s ]
INFO: [ view_filter ] --END-- [ RunTime:0.000202s ]
INFO: [ app_end ] --START--
INFO: Run Behavior\ShowPageTraceBehavior [ RunTime:0.000404s ]
INFO: [ app_end ] --END-- [ RunTime:0.000441s ]

