[ 2017-12-29T10:44:21+08:00 ] 116.226.228.2 /index.php/Weixin/Introduce/product_prensentation.html
INFO: [ app_init ] --START--
INFO: Run Behavior\BuildLiteBehavior [ RunTime:0.000012s ]
INFO: [ app_init ] --END-- [ RunTime:0.000286s ]
INFO: [ app_begin ] --START--
INFO: Run Behavior\ReadHtmlCacheBehavior [ RunTime:0.000381s ]
INFO: [ app_begin ] --END-- [ RunTime:0.000421s ]
SQL: SHOW COLUMNS FROM `yzs_product` [ RunTime:0.0013s ]
SQL: SELECT * FROM `yzs_product` WHERE ( state='1' and introduce_img!='' )  [ RunTime:0.0004s ]
INFO: [ view_parse ] --START--
INFO: [ template_filter ] --START--
INFO: Run Behavior\ContentReplaceBehavior [ RunTime:0.000096s ]
INFO: [ template_filter ] --END-- [ RunTime:0.000138s ]
NOTIC: [8] Undefined variable: html_title /home/wwwroot/cesi3.0.zhiyujinrong.com/Application/Runtime/Cache/Weixin/40148155fcc803f8ec281e0a6735eaa6.php 第 4 行.
NOTIC: [8] Undefined index: bank /home/wwwroot/cesi3.0.zhiyujinrong.com/Application/Runtime/Cache/Weixin/40148155fcc803f8ec281e0a6735eaa6.php 第 315 行.
NOTIC: [8] Undefined index: nbank /home/wwwroot/cesi3.0.zhiyujinrong.com/Application/Runtime/Cache/Weixin/40148155fcc803f8ec281e0a6735eaa6.php 第 344 行.
INFO: Run Behavior\ParseTemplateBehavior [ RunTime:0.012718s ]
INFO: [ view_parse ] --END-- [ RunTime:0.012754s ]
INFO: [ view_filter ] --START--
INFO: Run Behavior\WriteHtmlCacheBehavior [ RunTime:0.000176s ]
INFO: [ view_filter ] --END-- [ RunTime:0.000208s ]
INFO: [ app_end ] --START--
INFO: Run Behavior\ShowPageTraceBehavior [ RunTime:0.000439s ]
INFO: [ app_end ] --END-- [ RunTime:0.000477s ]

[ 2017-12-29T10:44:58+08:00 ] 116.226.228.2 /index.php/Weixin/Introduce/product_prensentation.html
INFO: [ app_init ] --START--
INFO: Run Behavior\BuildLiteBehavior [ RunTime:0.000022s ]
INFO: [ app_init ] --END-- [ RunTime:0.000293s ]
INFO: [ app_begin ] --START--
INFO: Run Behavior\ReadHtmlCacheBehavior [ RunTime:0.000389s ]
INFO: [ app_begin ] --END-- [ RunTime:0.000428s ]
SQL: SHOW COLUMNS FROM `yzs_product` [ RunTime:0.0013s ]
SQL: SELECT * FROM `yzs_product` WHERE ( state='1' and introduce_img!='' )  [ RunTime:0.0004s ]
INFO: [ view_parse ] --START--
INFO: [ template_filter ] --START--
INFO: Run Behavior\ContentReplaceBehavior [ RunTime:0.000089s ]
INFO: [ template_filter ] --END-- [ RunTime:0.000142s ]
NOTIC: [8] Undefined variable: html_title /home/wwwroot/cesi3.0.zhiyujinrong.com/Application/Runtime/Cache/Weixin/40148155fcc803f8ec281e0a6735eaa6.php 第 4 行.
NOTIC: [8] Undefined index: bank /home/wwwroot/cesi3.0.zhiyujinrong.com/Application/Runtime/Cache/Weixin/40148155fcc803f8ec281e0a6735eaa6.php 第 315 行.
NOTIC: [8] Undefined index: nbank /home/wwwroot/cesi3.0.zhiyujinrong.com/Application/Runtime/Cache/Weixin/40148155fcc803f8ec281e0a6735eaa6.php 第 344 行.
INFO: Run Behavior\ParseTemplateBehavior [ RunTime:0.012778s ]
INFO: [ view_parse ] --END-- [ RunTime:0.012814s ]
INFO: [ view_filter ] --START--
INFO: Run Behavior\WriteHtmlCacheBehavior [ RunTime:0.000177s ]
INFO: [ view_filter ] --END-- [ RunTime:0.000209s ]
INFO: [ app_end ] --START--
INFO: Run Behavior\ShowPageTraceBehavior [ RunTime:0.000440s ]
INFO: [ app_end ] --END-- [ RunTime:0.000476s ]

[ 2017-12-29T13:41:36+08:00 ] 116.226.228.2 /index.php/Weixin/Credit/credit.html
INFO: [ app_init ] --START--
INFO: Run Behavior\BuildLiteBehavior [ RunTime:0.000012s ]
INFO: [ app_init ] --END-- [ RunTime:0.000292s ]
INFO: [ app_begin ] --START--
INFO: Run Behavior\ReadHtmlCacheBehavior [ RunTime:0.000386s ]
INFO: [ app_begin ] --END-- [ RunTime:0.000425s ]
SQL: SHOW COLUMNS FROM `yzs_wxusers` [ RunTime:0.0009s ]
SQL: SELECT * FROM `yzs_wxusers` WHERE ( id=22 ) LIMIT 1   [ RunTime:0.0003s ]
INFO: [ view_parse ] --START--
INFO: [ template_filter ] --START--
INFO: Run Behavior\ContentReplaceBehavior [ RunTime:0.000070s ]
INFO: [ template_filter ] --END-- [ RunTime:0.000116s ]
NOTIC: [8] Undefined variable: data /home/wwwroot/cesi3.0.zhiyujinrong.com/Application/Runtime/Cache/Weixin/baf7232b763c225f812c313a10781cce.php 第 117 行.
NOTIC: [8] Undefined variable: data /home/wwwroot/cesi3.0.zhiyujinrong.com/Application/Runtime/Cache/Weixin/baf7232b763c225f812c313a10781cce.php 第 118 行.
NOTIC: [8] Undefined variable: data /home/wwwroot/cesi3.0.zhiyujinrong.com/Application/Runtime/Cache/Weixin/baf7232b763c225f812c313a10781cce.php 第 119 行.
NOTIC: [8] Undefined variable: data /home/wwwroot/cesi3.0.zhiyujinrong.com/Application/Runtime/Cache/Weixin/baf7232b763c225f812c313a10781cce.php 第 120 行.
NOTIC: [8] Undefined variable: data /home/wwwroot/cesi3.0.zhiyujinrong.com/Application/Runtime/Cache/Weixin/baf7232b763c225f812c313a10781cce.php 第 121 行.
NOTIC: [8] Undefined variable: data /home/wwwroot/cesi3.0.zhiyujinrong.com/Application/Runtime/Cache/Weixin/baf7232b763c225f812c313a10781cce.php 第 130 行.
NOTIC: [8] Undefined variable: data /home/wwwroot/cesi3.0.zhiyujinrong.com/Application/Runtime/Cache/Weixin/baf7232b763c225f812c313a10781cce.php 第 142 行.
NOTIC: [8] Undefined variable: data /home/wwwroot/cesi3.0.zhiyujinrong.com/Application/Runtime/Cache/Weixin/baf7232b763c225f812c313a10781cce.php 第 154 行.
NOTIC: [8] Undefined variable: data /home/wwwroot/cesi3.0.zhiyujinrong.com/Application/Runtime/Cache/Weixin/baf7232b763c225f812c313a10781cce.php 第 166 行.
NOTIC: [8] Undefined variable: data /home/wwwroot/cesi3.0.zhiyujinrong.com/Application/Runtime/Cache/Weixin/baf7232b763c225f812c313a10781cce.php 第 178 行.
NOTIC: [8] Undefined variable: data /home/wwwroot/cesi3.0.zhiyujinrong.com/Application/Runtime/Cache/Weixin/baf7232b763c225f812c313a10781cce.php 第 218 行.
INFO: Run Behavior\ParseTemplateBehavior [ RunTime:0.009936s ]
INFO: [ view_parse ] --END-- [ RunTime:0.009972s ]
INFO: [ view_filter ] --START--
INFO: Run Behavior\WriteHtmlCacheBehavior [ RunTime:0.000204s ]
INFO: [ view_filter ] --END-- [ RunTime:0.000238s ]
INFO: [ app_end ] --START--
INFO: Run Behavior\ShowPageTraceBehavior [ RunTime:0.000421s ]
INFO: [ app_end ] --END-- [ RunTime:0.000464s ]

[ 2017-12-29T13:42:52+08:00 ] 116.226.228.2 /index.php/Weixin/Credit/credit.html
INFO: [ app_init ] --START--
INFO: Run Behavior\BuildLiteBehavior [ RunTime:0.000013s ]
INFO: [ app_init ] --END-- [ RunTime:0.000322s ]
INFO: [ app_begin ] --START--
INFO: Run Behavior\ReadHtmlCacheBehavior [ RunTime:0.000490s ]
INFO: [ app_begin ] --END-- [ RunTime:0.000550s ]
INFO: [ view_parse ] --START--
INFO: [ template_filter ] --START--
INFO: Run Behavior\ContentReplaceBehavior [ RunTime:0.000079s ]
INFO: [ template_filter ] --END-- [ RunTime:0.000120s ]
NOTIC: [8] Undefined variable: data /home/wwwroot/cesi3.0.zhiyujinrong.com/Application/Runtime/Cache/Weixin/baf7232b763c225f812c313a10781cce.php 第 116 行.
NOTIC: [8] Undefined variable: data /home/wwwroot/cesi3.0.zhiyujinrong.com/Application/Runtime/Cache/Weixin/baf7232b763c225f812c313a10781cce.php 第 117 行.
NOTIC: [8] Undefined variable: data /home/wwwroot/cesi3.0.zhiyujinrong.com/Application/Runtime/Cache/Weixin/baf7232b763c225f812c313a10781cce.php 第 118 行.
NOTIC: [8] Undefined variable: data /home/wwwroot/cesi3.0.zhiyujinrong.com/Application/Runtime/Cache/Weixin/baf7232b763c225f812c313a10781cce.php 第 119 行.
NOTIC: [8] Undefined variable: data /home/wwwroot/cesi3.0.zhiyujinrong.com/Application/Runtime/Cache/Weixin/baf7232b763c225f812c313a10781cce.php 第 120 行.
NOTIC: [8] Undefined variable: data /home/wwwroot/cesi3.0.zhiyujinrong.com/Application/Runtime/Cache/Weixin/baf7232b763c225f812c313a10781cce.php 第 129 行.
NOTIC: [8] Undefined variable: data /home/wwwroot/cesi3.0.zhiyujinrong.com/Application/Runtime/Cache/Weixin/baf7232b763c225f812c313a10781cce.php 第 141 行.
NOTIC: [8] Undefined variable: data /home/wwwroot/cesi3.0.zhiyujinrong.com/Application/Runtime/Cache/Weixin/baf7232b763c225f812c313a10781cce.php 第 153 行.
NOTIC: [8] Undefined variable: data /home/wwwroot/cesi3.0.zhiyujinrong.com/Application/Runtime/Cache/Weixin/baf7232b763c225f812c313a10781cce.php 第 165 行.
NOTIC: [8] Undefined variable: data /home/wwwroot/cesi3.0.zhiyujinrong.com/Application/Runtime/Cache/Weixin/baf7232b763c225f812c313a10781cce.php 第 177 行.
NOTIC: [8] Undefined variable: data /home/wwwroot/cesi3.0.zhiyujinrong.com/Application/Runtime/Cache/Weixin/baf7232b763c225f812c313a10781cce.php 第 217 行.
INFO: Run Behavior\ParseTemplateBehavior [ RunTime:0.009924s ]
INFO: [ view_parse ] --END-- [ RunTime:0.009961s ]
INFO: [ view_filter ] --START--
INFO: Run Behavior\WriteHtmlCacheBehavior [ RunTime:0.000188s ]
INFO: [ view_filter ] --END-- [ RunTime:0.000221s ]
INFO: [ app_end ] --START--
INFO: Run Behavior\ShowPageTraceBehavior [ RunTime:0.000438s ]
INFO: [ app_end ] --END-- [ RunTime:0.000483s ]

[ 2017-12-29T13:45:47+08:00 ] 116.226.228.2 /index.php/Weixin/Credit/credit.html
INFO: [ app_init ] --START--
INFO: Run Behavior\BuildLiteBehavior [ RunTime:0.000015s ]
INFO: [ app_init ] --END-- [ RunTime:0.000383s ]
INFO: [ app_begin ] --START--
INFO: Run Behavior\ReadHtmlCacheBehavior [ RunTime:0.000543s ]
INFO: [ app_begin ] --END-- [ RunTime:0.000595s ]
INFO: [ view_parse ] --START--
INFO: [ template_filter ] --START--
INFO: Run Behavior\ContentReplaceBehavior [ RunTime:0.000073s ]
INFO: [ template_filter ] --END-- [ RunTime:0.000127s ]
NOTIC: [8] Undefined variable: data /home/wwwroot/cesi3.0.zhiyujinrong.com/Application/Runtime/Cache/Weixin/baf7232b763c225f812c313a10781cce.php 第 116 行.
NOTIC: [8] Undefined variable: data /home/wwwroot/cesi3.0.zhiyujinrong.com/Application/Runtime/Cache/Weixin/baf7232b763c225f812c313a10781cce.php 第 117 行.
NOTIC: [8] Undefined variable: data /home/wwwroot/cesi3.0.zhiyujinrong.com/Application/Runtime/Cache/Weixin/baf7232b763c225f812c313a10781cce.php 第 118 行.
NOTIC: [8] Undefined variable: data /home/wwwroot/cesi3.0.zhiyujinrong.com/Application/Runtime/Cache/Weixin/baf7232b763c225f812c313a10781cce.php 第 119 行.
NOTIC: [8] Undefined variable: data /home/wwwroot/cesi3.0.zhiyujinrong.com/Application/Runtime/Cache/Weixin/baf7232b763c225f812c313a10781cce.php 第 120 行.
NOTIC: [8] Undefined variable: data /home/wwwroot/cesi3.0.zhiyujinrong.com/Application/Runtime/Cache/Weixin/baf7232b763c225f812c313a10781cce.php 第 129 行.
NOTIC: [8] Undefined variable: data /home/wwwroot/cesi3.0.zhiyujinrong.com/Application/Runtime/Cache/Weixin/baf7232b763c225f812c313a10781cce.php 第 141 行.
NOTIC: [8] Undefined variable: data /home/wwwroot/cesi3.0.zhiyujinrong.com/Application/Runtime/Cache/Weixin/baf7232b763c225f812c313a10781cce.php 第 153 行.
NOTIC: [8] Undefined variable: data /home/wwwroot/cesi3.0.zhiyujinrong.com/Application/Runtime/Cache/Weixin/baf7232b763c225f812c313a10781cce.php 第 165 行.
NOTIC: [8] Undefined variable: data /home/wwwroot/cesi3.0.zhiyujinrong.com/Application/Runtime/Cache/Weixin/baf7232b763c225f812c313a10781cce.php 第 177 行.
NOTIC: [8] Undefined variable: data /home/wwwroot/cesi3.0.zhiyujinrong.com/Application/Runtime/Cache/Weixin/baf7232b763c225f812c313a10781cce.php 第 217 行.
INFO: Run Behavior\ParseTemplateBehavior [ RunTime:0.013161s ]
INFO: [ view_parse ] --END-- [ RunTime:0.013204s ]
INFO: [ view_filter ] --START--
INFO: Run Behavior\WriteHtmlCacheBehavior [ RunTime:0.000194s ]
INFO: [ view_filter ] --END-- [ RunTime:0.000227s ]
INFO: [ app_end ] --START--
INFO: Run Behavior\ShowPageTraceBehavior [ RunTime:0.000402s ]
INFO: [ app_end ] --END-- [ RunTime:0.000452s ]

[ 2017-12-29T13:48:08+08:00 ] 116.226.228.2 /index.php/Weixin/Credit/credit.html
INFO: [ app_init ] --START--
INFO: Run Behavior\BuildLiteBehavior [ RunTime:0.000012s ]
INFO: [ app_init ] --END-- [ RunTime:0.000294s ]
INFO: [ app_begin ] --START--
INFO: Run Behavior\ReadHtmlCacheBehavior [ RunTime:0.000392s ]
INFO: [ app_begin ] --END-- [ RunTime:0.000432s ]
INFO: [ view_parse ] --START--
INFO: [ template_filter ] --START--
INFO: Run Behavior\ContentReplaceBehavior [ RunTime:0.000070s ]
INFO: [ template_filter ] --END-- [ RunTime:0.000109s ]
NOTIC: [8] Undefined variable: data /home/wwwroot/cesi3.0.zhiyujinrong.com/Application/Runtime/Cache/Weixin/baf7232b763c225f812c313a10781cce.php 第 126 行.
NOTIC: [8] Undefined variable: data /home/wwwroot/cesi3.0.zhiyujinrong.com/Application/Runtime/Cache/Weixin/baf7232b763c225f812c313a10781cce.php 第 127 行.
NOTIC: [8] Undefined variable: data /home/wwwroot/cesi3.0.zhiyujinrong.com/Application/Runtime/Cache/Weixin/baf7232b763c225f812c313a10781cce.php 第 128 行.
NOTIC: [8] Undefined variable: data /home/wwwroot/cesi3.0.zhiyujinrong.com/Application/Runtime/Cache/Weixin/baf7232b763c225f812c313a10781cce.php 第 129 行.
NOTIC: [8] Undefined variable: data /home/wwwroot/cesi3.0.zhiyujinrong.com/Application/Runtime/Cache/Weixin/baf7232b763c225f812c313a10781cce.php 第 130 行.
NOTIC: [8] Undefined variable: data /home/wwwroot/cesi3.0.zhiyujinrong.com/Application/Runtime/Cache/Weixin/baf7232b763c225f812c313a10781cce.php 第 139 行.
NOTIC: [8] Undefined variable: data /home/wwwroot/cesi3.0.zhiyujinrong.com/Application/Runtime/Cache/Weixin/baf7232b763c225f812c313a10781cce.php 第 151 行.
NOTIC: [8] Undefined variable: data /home/wwwroot/cesi3.0.zhiyujinrong.com/Application/Runtime/Cache/Weixin/baf7232b763c225f812c313a10781cce.php 第 163 行.
NOTIC: [8] Undefined variable: data /home/wwwroot/cesi3.0.zhiyujinrong.com/Application/Runtime/Cache/Weixin/baf7232b763c225f812c313a10781cce.php 第 175 行.
NOTIC: [8] Undefined variable: data /home/wwwroot/cesi3.0.zhiyujinrong.com/Application/Runtime/Cache/Weixin/baf7232b763c225f812c313a10781cce.php 第 187 行.
NOTIC: [8] Undefined variable: data /home/wwwroot/cesi3.0.zhiyujinrong.com/Application/Runtime/Cache/Weixin/baf7232b763c225f812c313a10781cce.php 第 227 行.
INFO: Run Behavior\ParseTemplateBehavior [ RunTime:0.009724s ]
INFO: [ view_parse ] --END-- [ RunTime:0.009760s ]
INFO: [ view_filter ] --START--
INFO: Run Behavior\WriteHtmlCacheBehavior [ RunTime:0.000171s ]
INFO: [ view_filter ] --END-- [ RunTime:0.000203s ]
INFO: [ app_end ] --START--
INFO: Run Behavior\ShowPageTraceBehavior [ RunTime:0.000445s ]
INFO: [ app_end ] --END-- [ RunTime:0.000490s ]

[ 2017-12-29T13:48:57+08:00 ] 116.226.228.2 /index.php/Weixin/Credit/credit.html
INFO: [ app_init ] --START--
INFO: Run Behavior\BuildLiteBehavior [ RunTime:0.000013s ]
INFO: [ app_init ] --END-- [ RunTime:0.000340s ]
INFO: [ app_begin ] --START--
INFO: Run Behavior\ReadHtmlCacheBehavior [ RunTime:0.000399s ]
INFO: [ app_begin ] --END-- [ RunTime:0.000438s ]
INFO: [ view_parse ] --START--
INFO: [ template_filter ] --START--
INFO: Run Behavior\ContentReplaceBehavior [ RunTime:0.000068s ]
INFO: [ template_filter ] --END-- [ RunTime:0.000108s ]
NOTIC: [8] Undefined variable: data /home/wwwroot/cesi3.0.zhiyujinrong.com/Application/Runtime/Cache/Weixin/baf7232b763c225f812c313a10781cce.php 第 130 行.
NOTIC: [8] Undefined variable: data /home/wwwroot/cesi3.0.zhiyujinrong.com/Application/Runtime/Cache/Weixin/baf7232b763c225f812c313a10781cce.php 第 131 行.
NOTIC: [8] Undefined variable: data /home/wwwroot/cesi3.0.zhiyujinrong.com/Application/Runtime/Cache/Weixin/baf7232b763c225f812c313a10781cce.php 第 132 行.
NOTIC: [8] Undefined variable: data /home/wwwroot/cesi3.0.zhiyujinrong.com/Application/Runtime/Cache/Weixin/baf7232b763c225f812c313a10781cce.php 第 133 行.
NOTIC: [8] Undefined variable: data /home/wwwroot/cesi3.0.zhiyujinrong.com/Application/Runtime/Cache/Weixin/baf7232b763c225f812c313a10781cce.php 第 134 行.
NOTIC: [8] Undefined variable: data /home/wwwroot/cesi3.0.zhiyujinrong.com/Application/Runtime/Cache/Weixin/baf7232b763c225f812c313a10781cce.php 第 143 行.
NOTIC: [8] Undefined variable: data /home/wwwroot/cesi3.0.zhiyujinrong.com/Application/Runtime/Cache/Weixin/baf7232b763c225f812c313a10781cce.php 第 155 行.
NOTIC: [8] Undefined variable: data /home/wwwroot/cesi3.0.zhiyujinrong.com/Application/Runtime/Cache/Weixin/baf7232b763c225f812c313a10781cce.php 第 167 行.
NOTIC: [8] Undefined variable: data /home/wwwroot/cesi3.0.zhiyujinrong.com/Application/Runtime/Cache/Weixin/baf7232b763c225f812c313a10781cce.php 第 179 行.
NOTIC: [8] Undefined variable: data /home/wwwroot/cesi3.0.zhiyujinrong.com/Application/Runtime/Cache/Weixin/baf7232b763c225f812c313a10781cce.php 第 191 行.
NOTIC: [8] Undefined variable: data /home/wwwroot/cesi3.0.zhiyujinrong.com/Application/Runtime/Cache/Weixin/baf7232b763c225f812c313a10781cce.php 第 231 行.
INFO: Run Behavior\ParseTemplateBehavior [ RunTime:0.009614s ]
INFO: [ view_parse ] --END-- [ RunTime:0.009658s ]
INFO: [ view_filter ] --START--
INFO: Run Behavior\WriteHtmlCacheBehavior [ RunTime:0.000171s ]
INFO: [ view_filter ] --END-- [ RunTime:0.000205s ]
INFO: [ app_end ] --START--
INFO: Run Behavior\ShowPageTraceBehavior [ RunTime:0.000400s ]
INFO: [ app_end ] --END-- [ RunTime:0.000436s ]

[ 2017-12-29T13:51:19+08:00 ] 116.226.228.2 /index.php/Weixin/Credit/credit.html
INFO: [ app_init ] --START--
INFO: Run Behavior\BuildLiteBehavior [ RunTime:0.000012s ]
INFO: [ app_init ] --END-- [ RunTime:0.000286s ]
INFO: [ app_begin ] --START--
INFO: Run Behavior\ReadHtmlCacheBehavior [ RunTime:0.000402s ]
INFO: [ app_begin ] --END-- [ RunTime:0.000451s ]
INFO: [ view_parse ] --START--
INFO: [ template_filter ] --START--
INFO: Run Behavior\ContentReplaceBehavior [ RunTime:0.000070s ]
INFO: [ template_filter ] --END-- [ RunTime:0.000109s ]
NOTIC: [8] Undefined variable: data /home/wwwroot/cesi3.0.zhiyujinrong.com/Application/Runtime/Cache/Weixin/baf7232b763c225f812c313a10781cce.php 第 134 行.
NOTIC: [8] Undefined variable: data /home/wwwroot/cesi3.0.zhiyujinrong.com/Application/Runtime/Cache/Weixin/baf7232b763c225f812c313a10781cce.php 第 135 行.
NOTIC: [8] Undefined variable: data /home/wwwroot/cesi3.0.zhiyujinrong.com/Application/Runtime/Cache/Weixin/baf7232b763c225f812c313a10781cce.php 第 136 行.
NOTIC: [8] Undefined variable: data /home/wwwroot/cesi3.0.zhiyujinrong.com/Application/Runtime/Cache/Weixin/baf7232b763c225f812c313a10781cce.php 第 137 行.
NOTIC: [8] Undefined variable: data /home/wwwroot/cesi3.0.zhiyujinrong.com/Application/Runtime/Cache/Weixin/baf7232b763c225f812c313a10781cce.php 第 138 行.
NOTIC: [8] Undefined variable: data /home/wwwroot/cesi3.0.zhiyujinrong.com/Application/Runtime/Cache/Weixin/baf7232b763c225f812c313a10781cce.php 第 147 行.
NOTIC: [8] Undefined variable: data /home/wwwroot/cesi3.0.zhiyujinrong.com/Application/Runtime/Cache/Weixin/baf7232b763c225f812c313a10781cce.php 第 159 行.
NOTIC: [8] Undefined variable: data /home/wwwroot/cesi3.0.zhiyujinrong.com/Application/Runtime/Cache/Weixin/baf7232b763c225f812c313a10781cce.php 第 171 行.
NOTIC: [8] Undefined variable: data /home/wwwroot/cesi3.0.zhiyujinrong.com/Application/Runtime/Cache/Weixin/baf7232b763c225f812c313a10781cce.php 第 183 行.
NOTIC: [8] Undefined variable: data /home/wwwroot/cesi3.0.zhiyujinrong.com/Application/Runtime/Cache/Weixin/baf7232b763c225f812c313a10781cce.php 第 195 行.
NOTIC: [8] Undefined variable: data /home/wwwroot/cesi3.0.zhiyujinrong.com/Application/Runtime/Cache/Weixin/baf7232b763c225f812c313a10781cce.php 第 235 行.
INFO: Run Behavior\ParseTemplateBehavior [ RunTime:0.010011s ]
INFO: [ view_parse ] --END-- [ RunTime:0.010054s ]
INFO: [ view_filter ] --START--
INFO: Run Behavior\WriteHtmlCacheBehavior [ RunTime:0.000179s ]
INFO: [ view_filter ] --END-- [ RunTime:0.000221s ]
INFO: [ app_end ] --START--
INFO: Run Behavior\ShowPageTraceBehavior [ RunTime:0.000415s ]
INFO: [ app_end ] --END-- [ RunTime:0.000459s ]

[ 2017-12-29T13:52:26+08:00 ] 116.226.228.2 /index.php/Weixin/Credit/credit.html
INFO: [ app_init ] --START--
INFO: Run Behavior\BuildLiteBehavior [ RunTime:0.000013s ]
INFO: [ app_init ] --END-- [ RunTime:0.000299s ]
INFO: [ app_begin ] --START--
INFO: Run Behavior\ReadHtmlCacheBehavior [ RunTime:0.000393s ]
INFO: [ app_begin ] --END-- [ RunTime:0.000433s ]
INFO: [ view_parse ] --START--
INFO: [ template_filter ] --START--
INFO: Run Behavior\ContentReplaceBehavior [ RunTime:0.000071s ]
INFO: [ template_filter ] --END-- [ RunTime:0.000109s ]
NOTIC: [8] Undefined variable: data /home/wwwroot/cesi3.0.zhiyujinrong.com/Application/Runtime/Cache/Weixin/baf7232b763c225f812c313a10781cce.php 第 142 行.
NOTIC: [8] Undefined variable: data /home/wwwroot/cesi3.0.zhiyujinrong.com/Application/Runtime/Cache/Weixin/baf7232b763c225f812c313a10781cce.php 第 143 行.
NOTIC: [8] Undefined variable: data /home/wwwroot/cesi3.0.zhiyujinrong.com/Application/Runtime/Cache/Weixin/baf7232b763c225f812c313a10781cce.php 第 144 行.
NOTIC: [8] Undefined variable: data /home/wwwroot/cesi3.0.zhiyujinrong.com/Application/Runtime/Cache/Weixin/baf7232b763c225f812c313a10781cce.php 第 145 行.
NOTIC: [8] Undefined variable: data /home/wwwroot/cesi3.0.zhiyujinrong.com/Application/Runtime/Cache/Weixin/baf7232b763c225f812c313a10781cce.php 第 146 行.
NOTIC: [8] Undefined variable: data /home/wwwroot/cesi3.0.zhiyujinrong.com/Application/Runtime/Cache/Weixin/baf7232b763c225f812c313a10781cce.php 第 155 行.
NOTIC: [8] Undefined variable: data /home/wwwroot/cesi3.0.zhiyujinrong.com/Application/Runtime/Cache/Weixin/baf7232b763c225f812c313a10781cce.php 第 167 行.
NOTIC: [8] Undefined variable: data /home/wwwroot/cesi3.0.zhiyujinrong.com/Application/Runtime/Cache/Weixin/baf7232b763c225f812c313a10781cce.php 第 179 行.
NOTIC: [8] Undefined variable: data /home/wwwroot/cesi3.0.zhiyujinrong.com/Application/Runtime/Cache/Weixin/baf7232b763c225f812c313a10781cce.php 第 191 行.
NOTIC: [8] Undefined variable: data /home/wwwroot/cesi3.0.zhiyujinrong.com/Application/Runtime/Cache/Weixin/baf7232b763c225f812c313a10781cce.php 第 203 行.
NOTIC: [8] Undefined variable: data /home/wwwroot/cesi3.0.zhiyujinrong.com/Application/Runtime/Cache/Weixin/baf7232b763c225f812c313a10781cce.php 第 243 行.
INFO: Run Behavior\ParseTemplateBehavior [ RunTime:0.009738s ]
INFO: [ view_parse ] --END-- [ RunTime:0.009775s ]
INFO: [ view_filter ] --START--
INFO: Run Behavior\WriteHtmlCacheBehavior [ RunTime:0.000171s ]
INFO: [ view_filter ] --END-- [ RunTime:0.000204s ]
INFO: [ app_end ] --START--
INFO: Run Behavior\ShowPageTraceBehavior [ RunTime:0.000414s ]
INFO: [ app_end ] --END-- [ RunTime:0.000460s ]

[ 2017-12-29T13:53:34+08:00 ] 116.226.228.2 /index.php/Weixin/Credit/credit.html
INFO: [ app_init ] --START--
INFO: Run Behavior\BuildLiteBehavior [ RunTime:0.000013s ]
INFO: [ app_init ] --END-- [ RunTime:0.000291s ]
INFO: [ app_begin ] --START--
INFO: Run Behavior\ReadHtmlCacheBehavior [ RunTime:0.000401s ]
INFO: [ app_begin ] --END-- [ RunTime:0.000441s ]
INFO: [ view_parse ] --START--
INFO: [ template_filter ] --START--
INFO: Run Behavior\ContentReplaceBehavior [ RunTime:0.000069s ]
INFO: [ template_filter ] --END-- [ RunTime:0.000109s ]
NOTIC: [8] Undefined variable: data /home/wwwroot/cesi3.0.zhiyujinrong.com/Application/Runtime/Cache/Weixin/baf7232b763c225f812c313a10781cce.php 第 147 行.
NOTIC: [8] Undefined variable: data /home/wwwroot/cesi3.0.zhiyujinrong.com/Application/Runtime/Cache/Weixin/baf7232b763c225f812c313a10781cce.php 第 148 行.
NOTIC: [8] Undefined variable: data /home/wwwroot/cesi3.0.zhiyujinrong.com/Application/Runtime/Cache/Weixin/baf7232b763c225f812c313a10781cce.php 第 149 行.
NOTIC: [8] Undefined variable: data /home/wwwroot/cesi3.0.zhiyujinrong.com/Application/Runtime/Cache/Weixin/baf7232b763c225f812c313a10781cce.php 第 150 行.
NOTIC: [8] Undefined variable: data /home/wwwroot/cesi3.0.zhiyujinrong.com/Application/Runtime/Cache/Weixin/baf7232b763c225f812c313a10781cce.php 第 151 行.
NOTIC: [8] Undefined variable: data /home/wwwroot/cesi3.0.zhiyujinrong.com/Application/Runtime/Cache/Weixin/baf7232b763c225f812c313a10781cce.php 第 160 行.
NOTIC: [8] Undefined variable: data /home/wwwroot/cesi3.0.zhiyujinrong.com/Application/Runtime/Cache/Weixin/baf7232b763c225f812c313a10781cce.php 第 172 行.
NOTIC: [8] Undefined variable: data /home/wwwroot/cesi3.0.zhiyujinrong.com/Application/Runtime/Cache/Weixin/baf7232b763c225f812c313a10781cce.php 第 184 行.
NOTIC: [8] Undefined variable: data /home/wwwroot/cesi3.0.zhiyujinrong.com/Application/Runtime/Cache/Weixin/baf7232b763c225f812c313a10781cce.php 第 196 行.
NOTIC: [8] Undefined variable: data /home/wwwroot/cesi3.0.zhiyujinrong.com/Application/Runtime/Cache/Weixin/baf7232b763c225f812c313a10781cce.php 第 208 行.
NOTIC: [8] Undefined variable: data /home/wwwroot/cesi3.0.zhiyujinrong.com/Application/Runtime/Cache/Weixin/baf7232b763c225f812c313a10781cce.php 第 248 行.
INFO: Run Behavior\ParseTemplateBehavior [ RunTime:0.010388s ]
INFO: [ view_parse ] --END-- [ RunTime:0.010426s ]
INFO: [ view_filter ] --START--
INFO: Run Behavior\WriteHtmlCacheBehavior [ RunTime:0.000175s ]
INFO: [ view_filter ] --END-- [ RunTime:0.000226s ]
INFO: [ app_end ] --START--
INFO: Run Behavior\ShowPageTraceBehavior [ RunTime:0.000418s ]
INFO: [ app_end ] --END-- [ RunTime:0.000462s ]

[ 2017-12-29T13:54:06+08:00 ] 116.226.228.2 /index.php/Weixin/Credit/credit.html
INFO: [ app_init ] --START--
INFO: Run Behavior\BuildLiteBehavior [ RunTime:0.000013s ]
INFO: [ app_init ] --END-- [ RunTime:0.000332s ]
INFO: [ app_begin ] --START--
INFO: Run Behavior\ReadHtmlCacheBehavior [ RunTime:0.000429s ]
INFO: [ app_begin ] --END-- [ RunTime:0.000494s ]
INFO: [ view_parse ] --START--
INFO: [ template_filter ] --START--
INFO: Run Behavior\ContentReplaceBehavior [ RunTime:0.000070s ]
INFO: [ template_filter ] --END-- [ RunTime:0.000108s ]
NOTIC: [8] Undefined variable: data /home/wwwroot/cesi3.0.zhiyujinrong.com/Application/Runtime/Cache/Weixin/baf7232b763c225f812c313a10781cce.php 第 147 行.
NOTIC: [8] Undefined variable: data /home/wwwroot/cesi3.0.zhiyujinrong.com/Application/Runtime/Cache/Weixin/baf7232b763c225f812c313a10781cce.php 第 148 行.
NOTIC: [8] Undefined variable: data /home/wwwroot/cesi3.0.zhiyujinrong.com/Application/Runtime/Cache/Weixin/baf7232b763c225f812c313a10781cce.php 第 149 行.
NOTIC: [8] Undefined variable: data /home/wwwroot/cesi3.0.zhiyujinrong.com/Application/Runtime/Cache/Weixin/baf7232b763c225f812c313a10781cce.php 第 150 行.
NOTIC: [8] Undefined variable: data /home/wwwroot/cesi3.0.zhiyujinrong.com/Application/Runtime/Cache/Weixin/baf7232b763c225f812c313a10781cce.php 第 151 行.
NOTIC: [8] Undefined variable: data /home/wwwroot/cesi3.0.zhiyujinrong.com/Application/Runtime/Cache/Weixin/baf7232b763c225f812c313a10781cce.php 第 160 行.
NOTIC: [8] Undefined variable: data /home/wwwroot/cesi3.0.zhiyujinrong.com/Application/Runtime/Cache/Weixin/baf7232b763c225f812c313a10781cce.php 第 172 行.
NOTIC: [8] Undefined variable: data /home/wwwroot/cesi3.0.zhiyujinrong.com/Application/Runtime/Cache/Weixin/baf7232b763c225f812c313a10781cce.php 第 184 行.
NOTIC: [8] Undefined variable: data /home/wwwroot/cesi3.0.zhiyujinrong.com/Application/Runtime/Cache/Weixin/baf7232b763c225f812c313a10781cce.php 第 196 行.
NOTIC: [8] Undefined variable: data /home/wwwroot/cesi3.0.zhiyujinrong.com/Application/Runtime/Cache/Weixin/baf7232b763c225f812c313a10781cce.php 第 208 行.
NOTIC: [8] Undefined variable: data /home/wwwroot/cesi3.0.zhiyujinrong.com/Application/Runtime/Cache/Weixin/baf7232b763c225f812c313a10781cce.php 第 248 行.
INFO: Run Behavior\ParseTemplateBehavior [ RunTime:0.009755s ]
INFO: [ view_parse ] --END-- [ RunTime:0.009791s ]
INFO: [ view_filter ] --START--
INFO: Run Behavior\WriteHtmlCacheBehavior [ RunTime:0.000182s ]
INFO: [ view_filter ] --END-- [ RunTime:0.000214s ]
INFO: [ app_end ] --START--
INFO: Run Behavior\ShowPageTraceBehavior [ RunTime:0.000411s ]
INFO: [ app_end ] --END-- [ RunTime:0.000499s ]

[ 2017-12-29T13:55:03+08:00 ] 116.226.228.2 /index.php/Weixin/Credit/credit.html
INFO: [ app_init ] --START--
INFO: Run Behavior\BuildLiteBehavior [ RunTime:0.000013s ]
INFO: [ app_init ] --END-- [ RunTime:0.000304s ]
INFO: [ app_begin ] --START--
INFO: Run Behavior\ReadHtmlCacheBehavior [ RunTime:0.000420s ]
INFO: [ app_begin ] --END-- [ RunTime:0.000460s ]
INFO: [ view_parse ] --START--
INFO: [ template_filter ] --START--
INFO: Run Behavior\ContentReplaceBehavior [ RunTime:0.000071s ]
INFO: [ template_filter ] --END-- [ RunTime:0.000111s ]
NOTIC: [8] Undefined variable: data /home/wwwroot/cesi3.0.zhiyujinrong.com/Application/Runtime/Cache/Weixin/baf7232b763c225f812c313a10781cce.php 第 148 行.
NOTIC: [8] Undefined variable: data /home/wwwroot/cesi3.0.zhiyujinrong.com/Application/Runtime/Cache/Weixin/baf7232b763c225f812c313a10781cce.php 第 149 行.
NOTIC: [8] Undefined variable: data /home/wwwroot/cesi3.0.zhiyujinrong.com/Application/Runtime/Cache/Weixin/baf7232b763c225f812c313a10781cce.php 第 150 行.
NOTIC: [8] Undefined variable: data /home/wwwroot/cesi3.0.zhiyujinrong.com/Application/Runtime/Cache/Weixin/baf7232b763c225f812c313a10781cce.php 第 151 行.
NOTIC: [8] Undefined variable: data /home/wwwroot/cesi3.0.zhiyujinrong.com/Application/Runtime/Cache/Weixin/baf7232b763c225f812c313a10781cce.php 第 152 行.
NOTIC: [8] Undefined variable: data /home/wwwroot/cesi3.0.zhiyujinrong.com/Application/Runtime/Cache/Weixin/baf7232b763c225f812c313a10781cce.php 第 161 行.
NOTIC: [8] Undefined variable: data /home/wwwroot/cesi3.0.zhiyujinrong.com/Application/Runtime/Cache/Weixin/baf7232b763c225f812c313a10781cce.php 第 173 行.
NOTIC: [8] Undefined variable: data /home/wwwroot/cesi3.0.zhiyujinrong.com/Application/Runtime/Cache/Weixin/baf7232b763c225f812c313a10781cce.php 第 185 行.
NOTIC: [8] Undefined variable: data /home/wwwroot/cesi3.0.zhiyujinrong.com/Application/Runtime/Cache/Weixin/baf7232b763c225f812c313a10781cce.php 第 197 行.
NOTIC: [8] Undefined variable: data /home/wwwroot/cesi3.0.zhiyujinrong.com/Application/Runtime/Cache/Weixin/baf7232b763c225f812c313a10781cce.php 第 209 行.
NOTIC: [8] Undefined variable: data /home/wwwroot/cesi3.0.zhiyujinrong.com/Application/Runtime/Cache/Weixin/baf7232b763c225f812c313a10781cce.php 第 249 行.
INFO: Run Behavior\ParseTemplateBehavior [ RunTime:0.009808s ]
INFO: [ view_parse ] --END-- [ RunTime:0.009843s ]
INFO: [ view_filter ] --START--
INFO: Run Behavior\WriteHtmlCacheBehavior [ RunTime:0.000174s ]
INFO: [ view_filter ] --END-- [ RunTime:0.000206s ]
INFO: [ app_end ] --START--
INFO: Run Behavior\ShowPageTraceBehavior [ RunTime:0.000437s ]
INFO: [ app_end ] --END-- [ RunTime:0.000481s ]

[ 2017-12-29T13:55:56+08:00 ] 116.226.228.2 /index.php/Weixin/Credit/credit.html
INFO: [ app_init ] --START--
INFO: Run Behavior\BuildLiteBehavior [ RunTime:0.000013s ]
INFO: [ app_init ] --END-- [ RunTime:0.000294s ]
INFO: [ app_begin ] --START--
INFO: Run Behavior\ReadHtmlCacheBehavior [ RunTime:0.000388s ]
INFO: [ app_begin ] --END-- [ RunTime:0.000428s ]
INFO: [ view_parse ] --START--
INFO: [ template_filter ] --START--
INFO: Run Behavior\ContentReplaceBehavior [ RunTime:0.000071s ]
INFO: [ template_filter ] --END-- [ RunTime:0.000110s ]
NOTIC: [8] Undefined variable: data /home/wwwroot/cesi3.0.zhiyujinrong.com/Application/Runtime/Cache/Weixin/baf7232b763c225f812c313a10781cce.php 第 148 行.
NOTIC: [8] Undefined variable: data /home/wwwroot/cesi3.0.zhiyujinrong.com/Application/Runtime/Cache/Weixin/baf7232b763c225f812c313a10781cce.php 第 149 行.
NOTIC: [8] Undefined variable: data /home/wwwroot/cesi3.0.zhiyujinrong.com/Application/Runtime/Cache/Weixin/baf7232b763c225f812c313a10781cce.php 第 150 行.
NOTIC: [8] Undefined variable: data /home/wwwroot/cesi3.0.zhiyujinrong.com/Application/Runtime/Cache/Weixin/baf7232b763c225f812c313a10781cce.php 第 151 行.
NOTIC: [8] Undefined variable: data /home/wwwroot/cesi3.0.zhiyujinrong.com/Application/Runtime/Cache/Weixin/baf7232b763c225f812c313a10781cce.php 第 152 行.
NOTIC: [8] Undefined variable: data /home/wwwroot/cesi3.0.zhiyujinrong.com/Application/Runtime/Cache/Weixin/baf7232b763c225f812c313a10781cce.php 第 161 行.
NOTIC: [8] Undefined variable: data /home/wwwroot/cesi3.0.zhiyujinrong.com/Application/Runtime/Cache/Weixin/baf7232b763c225f812c313a10781cce.php 第 173 行.
NOTIC: [8] Undefined variable: data /home/wwwroot/cesi3.0.zhiyujinrong.com/Application/Runtime/Cache/Weixin/baf7232b763c225f812c313a10781cce.php 第 185 行.
NOTIC: [8] Undefined variable: data /home/wwwroot/cesi3.0.zhiyujinrong.com/Application/Runtime/Cache/Weixin/baf7232b763c225f812c313a10781cce.php 第 197 行.
NOTIC: [8] Undefined variable: data /home/wwwroot/cesi3.0.zhiyujinrong.com/Application/Runtime/Cache/Weixin/baf7232b763c225f812c313a10781cce.php 第 209 行.
NOTIC: [8] Undefined variable: data /home/wwwroot/cesi3.0.zhiyujinrong.com/Application/Runtime/Cache/Weixin/baf7232b763c225f812c313a10781cce.php 第 249 行.
INFO: Run Behavior\ParseTemplateBehavior [ RunTime:0.009665s ]
INFO: [ view_parse ] --END-- [ RunTime:0.009701s ]
INFO: [ view_filter ] --START--
INFO: Run Behavior\WriteHtmlCacheBehavior [ RunTime:0.000173s ]
INFO: [ view_filter ] --END-- [ RunTime:0.000206s ]
INFO: [ app_end ] --START--
INFO: Run Behavior\ShowPageTraceBehavior [ RunTime:0.000407s ]
INFO: [ app_end ] --END-- [ RunTime:0.000442s ]

[ 2017-12-29T13:57:03+08:00 ] 116.226.228.2 /index.php/Weixin/Credit/credit.html
INFO: [ app_init ] --START--
INFO: Run Behavior\BuildLiteBehavior [ RunTime:0.000013s ]
INFO: [ app_init ] --END-- [ RunTime:0.000287s ]
INFO: [ app_begin ] --START--
INFO: Run Behavior\ReadHtmlCacheBehavior [ RunTime:0.000395s ]
INFO: [ app_begin ] --END-- [ RunTime:0.000441s ]
INFO: [ view_parse ] --START--
INFO: [ template_filter ] --START--
INFO: Run Behavior\ContentReplaceBehavior [ RunTime:0.000073s ]
INFO: [ template_filter ] --END-- [ RunTime:0.000112s ]
NOTIC: [8] Undefined variable: data /home/wwwroot/cesi3.0.zhiyujinrong.com/Application/Runtime/Cache/Weixin/baf7232b763c225f812c313a10781cce.php 第 172 行.
NOTIC: [8] Undefined variable: data /home/wwwroot/cesi3.0.zhiyujinrong.com/Application/Runtime/Cache/Weixin/baf7232b763c225f812c313a10781cce.php 第 173 行.
NOTIC: [8] Undefined variable: data /home/wwwroot/cesi3.0.zhiyujinrong.com/Application/Runtime/Cache/Weixin/baf7232b763c225f812c313a10781cce.php 第 174 行.
NOTIC: [8] Undefined variable: data /home/wwwroot/cesi3.0.zhiyujinrong.com/Application/Runtime/Cache/Weixin/baf7232b763c225f812c313a10781cce.php 第 175 行.
NOTIC: [8] Undefined variable: data /home/wwwroot/cesi3.0.zhiyujinrong.com/Application/Runtime/Cache/Weixin/baf7232b763c225f812c313a10781cce.php 第 176 行.
NOTIC: [8] Undefined variable: data /home/wwwroot/cesi3.0.zhiyujinrong.com/Application/Runtime/Cache/Weixin/baf7232b763c225f812c313a10781cce.php 第 185 行.
NOTIC: [8] Undefined variable: data /home/wwwroot/cesi3.0.zhiyujinrong.com/Application/Runtime/Cache/Weixin/baf7232b763c225f812c313a10781cce.php 第 197 行.
NOTIC: [8] Undefined variable: data /home/wwwroot/cesi3.0.zhiyujinrong.com/Application/Runtime/Cache/Weixin/baf7232b763c225f812c313a10781cce.php 第 209 行.
NOTIC: [8] Undefined variable: data /home/wwwroot/cesi3.0.zhiyujinrong.com/Application/Runtime/Cache/Weixin/baf7232b763c225f812c313a10781cce.php 第 221 行.
NOTIC: [8] Undefined variable: data /home/wwwroot/cesi3.0.zhiyujinrong.com/Application/Runtime/Cache/Weixin/baf7232b763c225f812c313a10781cce.php 第 233 行.
NOTIC: [8] Undefined variable: data /home/wwwroot/cesi3.0.zhiyujinrong.com/Application/Runtime/Cache/Weixin/baf7232b763c225f812c313a10781cce.php 第 273 行.
INFO: Run Behavior\ParseTemplateBehavior [ RunTime:0.010284s ]
INFO: [ view_parse ] --END-- [ RunTime:0.010324s ]
INFO: [ view_filter ] --START--
INFO: Run Behavior\WriteHtmlCacheBehavior [ RunTime:0.000173s ]
INFO: [ view_filter ] --END-- [ RunTime:0.000205s ]
INFO: [ app_end ] --START--
INFO: Run Behavior\ShowPageTraceBehavior [ RunTime:0.000405s ]
INFO: [ app_end ] --END-- [ RunTime:0.000440s ]

[ 2017-12-29T13:57:45+08:00 ] 116.226.228.2 /index.php/Weixin/Credit/credit.html
INFO: [ app_init ] --START--
INFO: Run Behavior\BuildLiteBehavior [ RunTime:0.000013s ]
INFO: [ app_init ] --END-- [ RunTime:0.000290s ]
INFO: [ app_begin ] --START--
INFO: Run Behavior\ReadHtmlCacheBehavior [ RunTime:0.000381s ]
INFO: [ app_begin ] --END-- [ RunTime:0.000421s ]
INFO: [ view_parse ] --START--
INFO: [ template_filter ] --START--
INFO: Run Behavior\ContentReplaceBehavior [ RunTime:0.000071s ]
INFO: [ template_filter ] --END-- [ RunTime:0.000113s ]
NOTIC: [8] Undefined variable: data /home/wwwroot/cesi3.0.zhiyujinrong.com/Application/Runtime/Cache/Weixin/baf7232b763c225f812c313a10781cce.php 第 148 行.
NOTIC: [8] Undefined variable: data /home/wwwroot/cesi3.0.zhiyujinrong.com/Application/Runtime/Cache/Weixin/baf7232b763c225f812c313a10781cce.php 第 149 行.
NOTIC: [8] Undefined variable: data /home/wwwroot/cesi3.0.zhiyujinrong.com/Application/Runtime/Cache/Weixin/baf7232b763c225f812c313a10781cce.php 第 150 行.
NOTIC: [8] Undefined variable: data /home/wwwroot/cesi3.0.zhiyujinrong.com/Application/Runtime/Cache/Weixin/baf7232b763c225f812c313a10781cce.php 第 151 行.
NOTIC: [8] Undefined variable: data /home/wwwroot/cesi3.0.zhiyujinrong.com/Application/Runtime/Cache/Weixin/baf7232b763c225f812c313a10781cce.php 第 152 行.
NOTIC: [8] Undefined variable: data /home/wwwroot/cesi3.0.zhiyujinrong.com/Application/Runtime/Cache/Weixin/baf7232b763c225f812c313a10781cce.php 第 161 行.
NOTIC: [8] Undefined variable: data /home/wwwroot/cesi3.0.zhiyujinrong.com/Application/Runtime/Cache/Weixin/baf7232b763c225f812c313a10781cce.php 第 173 行.
NOTIC: [8] Undefined variable: data /home/wwwroot/cesi3.0.zhiyujinrong.com/Application/Runtime/Cache/Weixin/baf7232b763c225f812c313a10781cce.php 第 185 行.
NOTIC: [8] Undefined variable: data /home/wwwroot/cesi3.0.zhiyujinrong.com/Application/Runtime/Cache/Weixin/baf7232b763c225f812c313a10781cce.php 第 197 行.
NOTIC: [8] Undefined variable: data /home/wwwroot/cesi3.0.zhiyujinrong.com/Application/Runtime/Cache/Weixin/baf7232b763c225f812c313a10781cce.php 第 209 行.
NOTIC: [8] Undefined variable: data /home/wwwroot/cesi3.0.zhiyujinrong.com/Application/Runtime/Cache/Weixin/baf7232b763c225f812c313a10781cce.php 第 249 行.
INFO: Run Behavior\ParseTemplateBehavior [ RunTime:0.009769s ]
INFO: [ view_parse ] --END-- [ RunTime:0.009805s ]
INFO: [ view_filter ] --START--
INFO: Run Behavior\WriteHtmlCacheBehavior [ RunTime:0.000188s ]
INFO: [ view_filter ] --END-- [ RunTime:0.000221s ]
INFO: [ app_end ] --START--
INFO: Run Behavior\ShowPageTraceBehavior [ RunTime:0.000436s ]
INFO: [ app_end ] --END-- [ RunTime:0.000480s ]

[ 2017-12-29T13:58:30+08:00 ] 116.226.228.2 /index.php/Weixin/Credit/credit.html
INFO: [ app_init ] --START--
INFO: Run Behavior\BuildLiteBehavior [ RunTime:0.000013s ]
INFO: [ app_init ] --END-- [ RunTime:0.000303s ]
INFO: [ app_begin ] --START--
INFO: Run Behavior\ReadHtmlCacheBehavior [ RunTime:0.000392s ]
INFO: [ app_begin ] --END-- [ RunTime:0.000431s ]
INFO: [ view_parse ] --START--
INFO: [ template_filter ] --START--
INFO: Run Behavior\ContentReplaceBehavior [ RunTime:0.000071s ]
INFO: [ template_filter ] --END-- [ RunTime:0.000127s ]
NOTIC: [8] Undefined variable: data /home/wwwroot/cesi3.0.zhiyujinrong.com/Application/Runtime/Cache/Weixin/baf7232b763c225f812c313a10781cce.php 第 148 行.
NOTIC: [8] Undefined variable: data /home/wwwroot/cesi3.0.zhiyujinrong.com/Application/Runtime/Cache/Weixin/baf7232b763c225f812c313a10781cce.php 第 149 行.
NOTIC: [8] Undefined variable: data /home/wwwroot/cesi3.0.zhiyujinrong.com/Application/Runtime/Cache/Weixin/baf7232b763c225f812c313a10781cce.php 第 150 行.
NOTIC: [8] Undefined variable: data /home/wwwroot/cesi3.0.zhiyujinrong.com/Application/Runtime/Cache/Weixin/baf7232b763c225f812c313a10781cce.php 第 151 行.
NOTIC: [8] Undefined variable: data /home/wwwroot/cesi3.0.zhiyujinrong.com/Application/Runtime/Cache/Weixin/baf7232b763c225f812c313a10781cce.php 第 152 行.
NOTIC: [8] Undefined variable: data /home/wwwroot/cesi3.0.zhiyujinrong.com/Application/Runtime/Cache/Weixin/baf7232b763c225f812c313a10781cce.php 第 161 行.
NOTIC: [8] Undefined variable: data /home/wwwroot/cesi3.0.zhiyujinrong.com/Application/Runtime/Cache/Weixin/baf7232b763c225f812c313a10781cce.php 第 173 行.
NOTIC: [8] Undefined variable: data /home/wwwroot/cesi3.0.zhiyujinrong.com/Application/Runtime/Cache/Weixin/baf7232b763c225f812c313a10781cce.php 第 185 行.
NOTIC: [8] Undefined variable: data /home/wwwroot/cesi3.0.zhiyujinrong.com/Application/Runtime/Cache/Weixin/baf7232b763c225f812c313a10781cce.php 第 197 行.
NOTIC: [8] Undefined variable: data /home/wwwroot/cesi3.0.zhiyujinrong.com/Application/Runtime/Cache/Weixin/baf7232b763c225f812c313a10781cce.php 第 209 行.
NOTIC: [8] Undefined variable: data /home/wwwroot/cesi3.0.zhiyujinrong.com/Application/Runtime/Cache/Weixin/baf7232b763c225f812c313a10781cce.php 第 249 行.
INFO: Run Behavior\ParseTemplateBehavior [ RunTime:0.009684s ]
INFO: [ view_parse ] --END-- [ RunTime:0.009721s ]
INFO: [ view_filter ] --START--
INFO: Run Behavior\WriteHtmlCacheBehavior [ RunTime:0.000173s ]
INFO: [ view_filter ] --END-- [ RunTime:0.000205s ]
INFO: [ app_end ] --START--
INFO: Run Behavior\ShowPageTraceBehavior [ RunTime:0.000420s ]
INFO: [ app_end ] --END-- [ RunTime:0.000481s ]

[ 2017-12-29T13:59:16+08:00 ] 116.226.228.2 /index.php/Weixin/Credit/credit.html
INFO: [ app_init ] --START--
INFO: Run Behavior\BuildLiteBehavior [ RunTime:0.000013s ]
INFO: [ app_init ] --END-- [ RunTime:0.000325s ]
INFO: [ app_begin ] --START--
INFO: Run Behavior\ReadHtmlCacheBehavior [ RunTime:0.000428s ]
INFO: [ app_begin ] --END-- [ RunTime:0.000476s ]
INFO: [ view_parse ] --START--
INFO: [ template_filter ] --START--
INFO: Run Behavior\ContentReplaceBehavior [ RunTime:0.000086s ]
INFO: [ template_filter ] --END-- [ RunTime:0.000144s ]
NOTIC: [8] Undefined variable: data /home/wwwroot/cesi3.0.zhiyujinrong.com/Application/Runtime/Cache/Weixin/baf7232b763c225f812c313a10781cce.php 第 148 行.
NOTIC: [8] Undefined variable: data /home/wwwroot/cesi3.0.zhiyujinrong.com/Application/Runtime/Cache/Weixin/baf7232b763c225f812c313a10781cce.php 第 149 行.
NOTIC: [8] Undefined variable: data /home/wwwroot/cesi3.0.zhiyujinrong.com/Application/Runtime/Cache/Weixin/baf7232b763c225f812c313a10781cce.php 第 150 行.
NOTIC: [8] Undefined variable: data /home/wwwroot/cesi3.0.zhiyujinrong.com/Application/Runtime/Cache/Weixin/baf7232b763c225f812c313a10781cce.php 第 151 行.
NOTIC: [8] Undefined variable: data /home/wwwroot/cesi3.0.zhiyujinrong.com/Application/Runtime/Cache/Weixin/baf7232b763c225f812c313a10781cce.php 第 152 行.
NOTIC: [8] Undefined variable: data /home/wwwroot/cesi3.0.zhiyujinrong.com/Application/Runtime/Cache/Weixin/baf7232b763c225f812c313a10781cce.php 第 161 行.
NOTIC: [8] Undefined variable: data /home/wwwroot/cesi3.0.zhiyujinrong.com/Application/Runtime/Cache/Weixin/baf7232b763c225f812c313a10781cce.php 第 173 行.
NOTIC: [8] Undefined variable: data /home/wwwroot/cesi3.0.zhiyujinrong.com/Application/Runtime/Cache/Weixin/baf7232b763c225f812c313a10781cce.php 第 185 行.
NOTIC: [8] Undefined variable: data /home/wwwroot/cesi3.0.zhiyujinrong.com/Application/Runtime/Cache/Weixin/baf7232b763c225f812c313a10781cce.php 第 197 行.
NOTIC: [8] Undefined variable: data /home/wwwroot/cesi3.0.zhiyujinrong.com/Application/Runtime/Cache/Weixin/baf7232b763c225f812c313a10781cce.php 第 209 行.
NOTIC: [8] Undefined variable: data /home/wwwroot/cesi3.0.zhiyujinrong.com/Application/Runtime/Cache/Weixin/baf7232b763c225f812c313a10781cce.php 第 249 行.
INFO: Run Behavior\ParseTemplateBehavior [ RunTime:0.010165s ]
INFO: [ view_parse ] --END-- [ RunTime:0.010200s ]
INFO: [ view_filter ] --START--
INFO: Run Behavior\WriteHtmlCacheBehavior [ RunTime:0.000175s ]
INFO: [ view_filter ] --END-- [ RunTime:0.000224s ]
INFO: [ app_end ] --START--
INFO: Run Behavior\ShowPageTraceBehavior [ RunTime:0.000461s ]
INFO: [ app_end ] --END-- [ RunTime:0.000504s ]

[ 2017-12-29T14:03:13+08:00 ] 116.226.228.2 /index.php/Weixin/Credit/credit.html
INFO: [ app_init ] --START--
INFO: Run Behavior\BuildLiteBehavior [ RunTime:0.000013s ]
INFO: [ app_init ] --END-- [ RunTime:0.000328s ]
INFO: [ app_begin ] --START--
INFO: Run Behavior\ReadHtmlCacheBehavior [ RunTime:0.000388s ]
INFO: [ app_begin ] --END-- [ RunTime:0.000429s ]
INFO: [ view_parse ] --START--
INFO: [ template_filter ] --START--
INFO: Run Behavior\ContentReplaceBehavior [ RunTime:0.000072s ]
INFO: [ template_filter ] --END-- [ RunTime:0.000111s ]
NOTIC: [8] Undefined variable: data /home/wwwroot/cesi3.0.zhiyujinrong.com/Application/Runtime/Cache/Weixin/baf7232b763c225f812c313a10781cce.php 第 181 行.
NOTIC: [8] Undefined variable: data /home/wwwroot/cesi3.0.zhiyujinrong.com/Application/Runtime/Cache/Weixin/baf7232b763c225f812c313a10781cce.php 第 182 行.
NOTIC: [8] Undefined variable: data /home/wwwroot/cesi3.0.zhiyujinrong.com/Application/Runtime/Cache/Weixin/baf7232b763c225f812c313a10781cce.php 第 183 行.
NOTIC: [8] Undefined variable: data /home/wwwroot/cesi3.0.zhiyujinrong.com/Application/Runtime/Cache/Weixin/baf7232b763c225f812c313a10781cce.php 第 184 行.
NOTIC: [8] Undefined variable: data /home/wwwroot/cesi3.0.zhiyujinrong.com/Application/Runtime/Cache/Weixin/baf7232b763c225f812c313a10781cce.php 第 185 行.
NOTIC: [8] Undefined variable: data /home/wwwroot/cesi3.0.zhiyujinrong.com/Application/Runtime/Cache/Weixin/baf7232b763c225f812c313a10781cce.php 第 194 行.
NOTIC: [8] Undefined variable: data /home/wwwroot/cesi3.0.zhiyujinrong.com/Application/Runtime/Cache/Weixin/baf7232b763c225f812c313a10781cce.php 第 206 行.
NOTIC: [8] Undefined variable: data /home/wwwroot/cesi3.0.zhiyujinrong.com/Application/Runtime/Cache/Weixin/baf7232b763c225f812c313a10781cce.php 第 218 行.
NOTIC: [8] Undefined variable: data /home/wwwroot/cesi3.0.zhiyujinrong.com/Application/Runtime/Cache/Weixin/baf7232b763c225f812c313a10781cce.php 第 230 行.
NOTIC: [8] Undefined variable: data /home/wwwroot/cesi3.0.zhiyujinrong.com/Application/Runtime/Cache/Weixin/baf7232b763c225f812c313a10781cce.php 第 242 行.
NOTIC: [8] Undefined variable: data /home/wwwroot/cesi3.0.zhiyujinrong.com/Application/Runtime/Cache/Weixin/baf7232b763c225f812c313a10781cce.php 第 282 行.
INFO: Run Behavior\ParseTemplateBehavior [ RunTime:0.010740s ]
INFO: [ view_parse ] --END-- [ RunTime:0.010785s ]
INFO: [ view_filter ] --START--
INFO: Run Behavior\WriteHtmlCacheBehavior [ RunTime:0.000174s ]
INFO: [ view_filter ] --END-- [ RunTime:0.000209s ]
INFO: [ app_end ] --START--
INFO: Run Behavior\ShowPageTraceBehavior [ RunTime:0.000423s ]
INFO: [ app_end ] --END-- [ RunTime:0.000469s ]

[ 2017-12-29T14:04:38+08:00 ] 116.226.228.2 /index.php/Weixin/Credit/credit.html
INFO: [ app_init ] --START--
INFO: Run Behavior\BuildLiteBehavior [ RunTime:0.000012s ]
INFO: [ app_init ] --END-- [ RunTime:0.000281s ]
INFO: [ app_begin ] --START--
INFO: Run Behavior\ReadHtmlCacheBehavior [ RunTime:0.000376s ]
INFO: [ app_begin ] --END-- [ RunTime:0.000416s ]
INFO: [ view_parse ] --START--
INFO: [ template_filter ] --START--
INFO: Run Behavior\ContentReplaceBehavior [ RunTime:0.000073s ]
INFO: [ template_filter ] --END-- [ RunTime:0.000111s ]
NOTIC: [8] Undefined variable: data /home/wwwroot/cesi3.0.zhiyujinrong.com/Application/Runtime/Cache/Weixin/baf7232b763c225f812c313a10781cce.php 第 181 行.
NOTIC: [8] Undefined variable: data /home/wwwroot/cesi3.0.zhiyujinrong.com/Application/Runtime/Cache/Weixin/baf7232b763c225f812c313a10781cce.php 第 182 行.
NOTIC: [8] Undefined variable: data /home/wwwroot/cesi3.0.zhiyujinrong.com/Application/Runtime/Cache/Weixin/baf7232b763c225f812c313a10781cce.php 第 183 行.
NOTIC: [8] Undefined variable: data /home/wwwroot/cesi3.0.zhiyujinrong.com/Application/Runtime/Cache/Weixin/baf7232b763c225f812c313a10781cce.php 第 184 行.
NOTIC: [8] Undefined variable: data /home/wwwroot/cesi3.0.zhiyujinrong.com/Application/Runtime/Cache/Weixin/baf7232b763c225f812c313a10781cce.php 第 185 行.
NOTIC: [8] Undefined variable: data /home/wwwroot/cesi3.0.zhiyujinrong.com/Application/Runtime/Cache/Weixin/baf7232b763c225f812c313a10781cce.php 第 194 行.
NOTIC: [8] Undefined variable: data /home/wwwroot/cesi3.0.zhiyujinrong.com/Application/Runtime/Cache/Weixin/baf7232b763c225f812c313a10781cce.php 第 206 行.
NOTIC: [8] Undefined variable: data /home/wwwroot/cesi3.0.zhiyujinrong.com/Application/Runtime/Cache/Weixin/baf7232b763c225f812c313a10781cce.php 第 218 行.
NOTIC: [8] Undefined variable: data /home/wwwroot/cesi3.0.zhiyujinrong.com/Application/Runtime/Cache/Weixin/baf7232b763c225f812c313a10781cce.php 第 230 行.
NOTIC: [8] Undefined variable: data /home/wwwroot/cesi3.0.zhiyujinrong.com/Application/Runtime/Cache/Weixin/baf7232b763c225f812c313a10781cce.php 第 242 行.
NOTIC: [8] Undefined variable: data /home/wwwroot/cesi3.0.zhiyujinrong.com/Application/Runtime/Cache/Weixin/baf7232b763c225f812c313a10781cce.php 第 282 行.
INFO: Run Behavior\ParseTemplateBehavior [ RunTime:0.010055s ]
INFO: [ view_parse ] --END-- [ RunTime:0.010091s ]
INFO: [ view_filter ] --START--
INFO: Run Behavior\WriteHtmlCacheBehavior [ RunTime:0.000170s ]
INFO: [ view_filter ] --END-- [ RunTime:0.000202s ]
INFO: [ app_end ] --START--
INFO: Run Behavior\ShowPageTraceBehavior [ RunTime:0.000403s ]
INFO: [ app_end ] --END-- [ RunTime:0.000439s ]

[ 2017-12-29T14:04:53+08:00 ] 116.226.228.2 /index.php/Weixin/Credit/credit.html
INFO: [ app_init ] --START--
INFO: Run Behavior\BuildLiteBehavior [ RunTime:0.000013s ]
INFO: [ app_init ] --END-- [ RunTime:0.000301s ]
INFO: [ app_begin ] --START--
INFO: Run Behavior\ReadHtmlCacheBehavior [ RunTime:0.000394s ]
INFO: [ app_begin ] --END-- [ RunTime:0.000432s ]
INFO: [ view_parse ] --START--
INFO: [ template_filter ] --START--
INFO: Run Behavior\ContentReplaceBehavior [ RunTime:0.000089s ]
INFO: [ template_filter ] --END-- [ RunTime:0.000132s ]
NOTIC: [8] Undefined variable: data /home/wwwroot/cesi3.0.zhiyujinrong.com/Application/Runtime/Cache/Weixin/baf7232b763c225f812c313a10781cce.php 第 181 行.
NOTIC: [8] Undefined variable: data /home/wwwroot/cesi3.0.zhiyujinrong.com/Application/Runtime/Cache/Weixin/baf7232b763c225f812c313a10781cce.php 第 182 行.
NOTIC: [8] Undefined variable: data /home/wwwroot/cesi3.0.zhiyujinrong.com/Application/Runtime/Cache/Weixin/baf7232b763c225f812c313a10781cce.php 第 183 行.
NOTIC: [8] Undefined variable: data /home/wwwroot/cesi3.0.zhiyujinrong.com/Application/Runtime/Cache/Weixin/baf7232b763c225f812c313a10781cce.php 第 184 行.
NOTIC: [8] Undefined variable: data /home/wwwroot/cesi3.0.zhiyujinrong.com/Application/Runtime/Cache/Weixin/baf7232b763c225f812c313a10781cce.php 第 185 行.
NOTIC: [8] Undefined variable: data /home/wwwroot/cesi3.0.zhiyujinrong.com/Application/Runtime/Cache/Weixin/baf7232b763c225f812c313a10781cce.php 第 194 行.
NOTIC: [8] Undefined variable: data /home/wwwroot/cesi3.0.zhiyujinrong.com/Application/Runtime/Cache/Weixin/baf7232b763c225f812c313a10781cce.php 第 206 行.
NOTIC: [8] Undefined variable: data /home/wwwroot/cesi3.0.zhiyujinrong.com/Application/Runtime/Cache/Weixin/baf7232b763c225f812c313a10781cce.php 第 218 行.
NOTIC: [8] Undefined variable: data /home/wwwroot/cesi3.0.zhiyujinrong.com/Application/Runtime/Cache/Weixin/baf7232b763c225f812c313a10781cce.php 第 230 行.
NOTIC: [8] Undefined variable: data /home/wwwroot/cesi3.0.zhiyujinrong.com/Application/Runtime/Cache/Weixin/baf7232b763c225f812c313a10781cce.php 第 242 行.
NOTIC: [8] Undefined variable: data /home/wwwroot/cesi3.0.zhiyujinrong.com/Application/Runtime/Cache/Weixin/baf7232b763c225f812c313a10781cce.php 第 282 行.
INFO: Run Behavior\ParseTemplateBehavior [ RunTime:0.010081s ]
INFO: [ view_parse ] --END-- [ RunTime:0.010117s ]
INFO: [ view_filter ] --START--
INFO: Run Behavior\WriteHtmlCacheBehavior [ RunTime:0.000173s ]
INFO: [ view_filter ] --END-- [ RunTime:0.000205s ]
INFO: [ app_end ] --START--
INFO: Run Behavior\ShowPageTraceBehavior [ RunTime:0.000421s ]
INFO: [ app_end ] --END-- [ RunTime:0.000457s ]

[ 2017-12-29T14:12:40+08:00 ] 116.226.228.2 /index.php/Weixin/Apply/product_way.html
INFO: [ app_init ] --START--
INFO: Run Behavior\BuildLiteBehavior [ RunTime:0.000012s ]
INFO: [ app_init ] --END-- [ RunTime:0.000302s ]
INFO: [ app_begin ] --START--
INFO: Run Behavior\ReadHtmlCacheBehavior [ RunTime:0.000447s ]
INFO: [ app_begin ] --END-- [ RunTime:0.000486s ]
SQL: select r.p_id,p.img_roasting from yzs_roasting r, yzs_product p where p.id=r.p_id [ RunTime:0.0004s ]
INFO: [ view_parse ] --START--
INFO: [ template_filter ] --START--
INFO: Run Behavior\ContentReplaceBehavior [ RunTime:0.000043s ]
INFO: [ template_filter ] --END-- [ RunTime:0.000081s ]
NOTIC: [8] Undefined variable: html_title /home/wwwroot/cesi3.0.zhiyujinrong.com/Application/Runtime/Cache/Weixin/06ffc25138c96867dddf0eac40b38af3.php 第 4 行.
INFO: Run Behavior\ParseTemplateBehavior [ RunTime:0.006520s ]
INFO: [ view_parse ] --END-- [ RunTime:0.006557s ]
INFO: [ view_filter ] --START--
INFO: Run Behavior\WriteHtmlCacheBehavior [ RunTime:0.000171s ]
INFO: [ view_filter ] --END-- [ RunTime:0.000202s ]
INFO: [ app_end ] --START--
INFO: Run Behavior\ShowPageTraceBehavior [ RunTime:0.000390s ]
INFO: [ app_end ] --END-- [ RunTime:0.000423s ]

[ 2017-12-29T14:13:54+08:00 ] 116.226.228.2 /index.php/Weixin/Apply/product_way.html
INFO: [ app_init ] --START--
INFO: Run Behavior\BuildLiteBehavior [ RunTime:0.000012s ]
INFO: [ app_init ] --END-- [ RunTime:0.000295s ]
INFO: [ app_begin ] --START--
INFO: Run Behavior\ReadHtmlCacheBehavior [ RunTime:0.000405s ]
INFO: [ app_begin ] --END-- [ RunTime:0.000444s ]
SQL: select r.p_id,p.img_roasting from yzs_roasting r, yzs_product p where p.id=r.p_id [ RunTime:0.0004s ]
INFO: [ view_parse ] --START--
INFO: [ template_filter ] --START--
INFO: Run Behavior\ContentReplaceBehavior [ RunTime:0.000043s ]
INFO: [ template_filter ] --END-- [ RunTime:0.000080s ]
NOTIC: [8] Undefined variable: html_title /home/wwwroot/cesi3.0.zhiyujinrong.com/Application/Runtime/Cache/Weixin/06ffc25138c96867dddf0eac40b38af3.php 第 4 行.
INFO: Run Behavior\ParseTemplateBehavior [ RunTime:0.006770s ]
INFO: [ view_parse ] --END-- [ RunTime:0.006809s ]
INFO: [ view_filter ] --START--
INFO: Run Behavior\WriteHtmlCacheBehavior [ RunTime:0.000172s ]
INFO: [ view_filter ] --END-- [ RunTime:0.000203s ]
INFO: [ app_end ] --START--
INFO: Run Behavior\ShowPageTraceBehavior [ RunTime:0.000399s ]
INFO: [ app_end ] --END-- [ RunTime:0.000432s ]

[ 2017-12-29T14:14:14+08:00 ] 116.226.228.2 /index.php/Weixin/Apply/product_way.html
INFO: [ app_init ] --START--
INFO: Run Behavior\BuildLiteBehavior [ RunTime:0.000012s ]
INFO: [ app_init ] --END-- [ RunTime:0.000308s ]
INFO: [ app_begin ] --START--
INFO: Run Behavior\ReadHtmlCacheBehavior [ RunTime:0.000381s ]
INFO: [ app_begin ] --END-- [ RunTime:0.000450s ]
SQL: select r.p_id,p.img_roasting from yzs_roasting r, yzs_product p where p.id=r.p_id [ RunTime:0.0004s ]
INFO: [ view_parse ] --START--
INFO: [ template_filter ] --START--
INFO: Run Behavior\ContentReplaceBehavior [ RunTime:0.000043s ]
INFO: [ template_filter ] --END-- [ RunTime:0.000083s ]
NOTIC: [8] Undefined variable: html_title /home/wwwroot/cesi3.0.zhiyujinrong.com/Application/Runtime/Cache/Weixin/06ffc25138c96867dddf0eac40b38af3.php 第 4 行.
INFO: Run Behavior\ParseTemplateBehavior [ RunTime:0.006739s ]
INFO: [ view_parse ] --END-- [ RunTime:0.006776s ]
INFO: [ view_filter ] --START--
INFO: Run Behavior\WriteHtmlCacheBehavior [ RunTime:0.000180s ]
INFO: [ view_filter ] --END-- [ RunTime:0.000213s ]
INFO: [ app_end ] --START--
INFO: Run Behavior\ShowPageTraceBehavior [ RunTime:0.000401s ]
INFO: [ app_end ] --END-- [ RunTime:0.000435s ]

[ 2017-12-29T14:14:17+08:00 ] 116.226.228.2 /index.php/Weixin/Apply/product_way.html
INFO: [ app_init ] --START--
INFO: Run Behavior\BuildLiteBehavior [ RunTime:0.000012s ]
INFO: [ app_init ] --END-- [ RunTime:0.000365s ]
INFO: [ app_begin ] --START--
INFO: Run Behavior\ReadHtmlCacheBehavior [ RunTime:0.000420s ]
INFO: [ app_begin ] --END-- [ RunTime:0.000459s ]
SQL: select r.p_id,p.img_roasting from yzs_roasting r, yzs_product p where p.id=r.p_id [ RunTime:0.0005s ]
INFO: [ view_parse ] --START--
INFO: [ template_filter ] --START--
INFO: Run Behavior\ContentReplaceBehavior [ RunTime:0.000047s ]
INFO: [ template_filter ] --END-- [ RunTime:0.000094s ]
NOTIC: [8] Undefined variable: html_title /home/wwwroot/cesi3.0.zhiyujinrong.com/Application/Runtime/Cache/Weixin/06ffc25138c96867dddf0eac40b38af3.php 第 4 行.
INFO: Run Behavior\ParseTemplateBehavior [ RunTime:0.006912s ]
INFO: [ view_parse ] --END-- [ RunTime:0.006950s ]
INFO: [ view_filter ] --START--
INFO: Run Behavior\WriteHtmlCacheBehavior [ RunTime:0.000171s ]
INFO: [ view_filter ] --END-- [ RunTime:0.000202s ]
INFO: [ app_end ] --START--
INFO: Run Behavior\ShowPageTraceBehavior [ RunTime:0.000449s ]
INFO: [ app_end ] --END-- [ RunTime:0.000511s ]

[ 2017-12-29T14:14:43+08:00 ] 116.226.228.2 /index.php/Weixin/Apply/product_way.html
INFO: [ app_init ] --START--
INFO: Run Behavior\BuildLiteBehavior [ RunTime:0.000013s ]
INFO: [ app_init ] --END-- [ RunTime:0.000283s ]
INFO: [ app_begin ] --START--
INFO: Run Behavior\ReadHtmlCacheBehavior [ RunTime:0.000392s ]
INFO: [ app_begin ] --END-- [ RunTime:0.000433s ]
SQL: select r.p_id,p.img_roasting from yzs_roasting r, yzs_product p where p.id=r.p_id [ RunTime:0.0003s ]
INFO: [ view_parse ] --START--
INFO: [ template_filter ] --START--
INFO: Run Behavior\ContentReplaceBehavior [ RunTime:0.000043s ]
INFO: [ template_filter ] --END-- [ RunTime:0.000081s ]
NOTIC: [8] Undefined variable: html_title /home/wwwroot/cesi3.0.zhiyujinrong.com/Application/Runtime/Cache/Weixin/06ffc25138c96867dddf0eac40b38af3.php 第 4 行.
INFO: Run Behavior\ParseTemplateBehavior [ RunTime:0.006447s ]
INFO: [ view_parse ] --END-- [ RunTime:0.006485s ]
INFO: [ view_filter ] --START--
INFO: Run Behavior\WriteHtmlCacheBehavior [ RunTime:0.000171s ]
INFO: [ view_filter ] --END-- [ RunTime:0.000206s ]
INFO: [ app_end ] --START--
INFO: Run Behavior\ShowPageTraceBehavior [ RunTime:0.000376s ]
INFO: [ app_end ] --END-- [ RunTime:0.000408s ]

[ 2017-12-29T14:15:23+08:00 ] 116.226.228.2 /index.php/Weixin/Apply/product_way.html
INFO: [ app_init ] --START--
INFO: Run Behavior\BuildLiteBehavior [ RunTime:0.000013s ]
INFO: [ app_init ] --END-- [ RunTime:0.000292s ]
INFO: [ app_begin ] --START--
INFO: Run Behavior\ReadHtmlCacheBehavior [ RunTime:0.000389s ]
INFO: [ app_begin ] --END-- [ RunTime:0.000427s ]
SQL: select r.p_id,p.img_roasting from yzs_roasting r, yzs_product p where p.id=r.p_id [ RunTime:0.0004s ]
INFO: [ view_parse ] --START--
INFO: [ template_filter ] --START--
INFO: Run Behavior\ContentReplaceBehavior [ RunTime:0.000042s ]
INFO: [ template_filter ] --END-- [ RunTime:0.000080s ]
NOTIC: [8] Undefined variable: html_title /home/wwwroot/cesi3.0.zhiyujinrong.com/Application/Runtime/Cache/Weixin/06ffc25138c96867dddf0eac40b38af3.php 第 4 行.
INFO: Run Behavior\ParseTemplateBehavior [ RunTime:0.006391s ]
INFO: [ view_parse ] --END-- [ RunTime:0.006428s ]
INFO: [ view_filter ] --START--
INFO: Run Behavior\WriteHtmlCacheBehavior [ RunTime:0.000179s ]
INFO: [ view_filter ] --END-- [ RunTime:0.000211s ]
INFO: [ app_end ] --START--
INFO: Run Behavior\ShowPageTraceBehavior [ RunTime:0.000394s ]
INFO: [ app_end ] --END-- [ RunTime:0.000427s ]

[ 2017-12-29T14:15:51+08:00 ] 116.226.228.2 /index.php/Weixin/Apply/product_way.html
INFO: [ app_init ] --START--
INFO: Run Behavior\BuildLiteBehavior [ RunTime:0.000043s ]
INFO: [ app_init ] --END-- [ RunTime:0.000325s ]
INFO: [ app_begin ] --START--
INFO: Run Behavior\ReadHtmlCacheBehavior [ RunTime:0.000400s ]
INFO: [ app_begin ] --END-- [ RunTime:0.000440s ]
SQL: select r.p_id,p.img_roasting from yzs_roasting r, yzs_product p where p.id=r.p_id [ RunTime:0.0004s ]
INFO: [ view_parse ] --START--
INFO: [ template_filter ] --START--
INFO: Run Behavior\ContentReplaceBehavior [ RunTime:0.000046s ]
INFO: [ template_filter ] --END-- [ RunTime:0.000088s ]
NOTIC: [8] Undefined variable: html_title /home/wwwroot/cesi3.0.zhiyujinrong.com/Application/Runtime/Cache/Weixin/06ffc25138c96867dddf0eac40b38af3.php 第 4 行.
INFO: Run Behavior\ParseTemplateBehavior [ RunTime:0.006558s ]
INFO: [ view_parse ] --END-- [ RunTime:0.006596s ]
INFO: [ view_filter ] --START--
INFO: Run Behavior\WriteHtmlCacheBehavior [ RunTime:0.000172s ]
INFO: [ view_filter ] --END-- [ RunTime:0.000207s ]
INFO: [ app_end ] --START--
INFO: Run Behavior\ShowPageTraceBehavior [ RunTime:0.000398s ]
INFO: [ app_end ] --END-- [ RunTime:0.000433s ]

[ 2017-12-29T14:16:12+08:00 ] 116.226.228.2 /index.php/Weixin/Apply/product_way.html
INFO: [ app_init ] --START--
INFO: Run Behavior\BuildLiteBehavior [ RunTime:0.000012s ]
INFO: [ app_init ] --END-- [ RunTime:0.000284s ]
INFO: [ app_begin ] --START--
INFO: Run Behavior\ReadHtmlCacheBehavior [ RunTime:0.000391s ]
INFO: [ app_begin ] --END-- [ RunTime:0.000430s ]
SQL: select r.p_id,p.img_roasting from yzs_roasting r, yzs_product p where p.id=r.p_id [ RunTime:0.0004s ]
INFO: [ view_parse ] --START--
INFO: [ template_filter ] --START--
INFO: Run Behavior\ContentReplaceBehavior [ RunTime:0.000045s ]
INFO: [ template_filter ] --END-- [ RunTime:0.000083s ]
NOTIC: [8] Undefined variable: html_title /home/wwwroot/cesi3.0.zhiyujinrong.com/Application/Runtime/Cache/Weixin/06ffc25138c96867dddf0eac40b38af3.php 第 4 行.
INFO: Run Behavior\ParseTemplateBehavior [ RunTime:0.006462s ]
INFO: [ view_parse ] --END-- [ RunTime:0.006499s ]
INFO: [ view_filter ] --START--
INFO: Run Behavior\WriteHtmlCacheBehavior [ RunTime:0.000171s ]
INFO: [ view_filter ] --END-- [ RunTime:0.000203s ]
INFO: [ app_end ] --START--
INFO: Run Behavior\ShowPageTraceBehavior [ RunTime:0.000392s ]
INFO: [ app_end ] --END-- [ RunTime:0.000425s ]

[ 2017-12-29T14:16:21+08:00 ] 116.226.228.2 /index.php/Weixin/Apply/product_way.html
INFO: [ app_init ] --START--
INFO: Run Behavior\BuildLiteBehavior [ RunTime:0.000012s ]
INFO: [ app_init ] --END-- [ RunTime:0.000281s ]
INFO: [ app_begin ] --START--
INFO: Run Behavior\ReadHtmlCacheBehavior [ RunTime:0.000379s ]
INFO: [ app_begin ] --END-- [ RunTime:0.000428s ]
SQL: select r.p_id,p.img_roasting from yzs_roasting r, yzs_product p where p.id=r.p_id [ RunTime:0.0003s ]
INFO: [ view_parse ] --START--
INFO: [ template_filter ] --START--
INFO: Run Behavior\ContentReplaceBehavior [ RunTime:0.000042s ]
INFO: [ template_filter ] --END-- [ RunTime:0.000081s ]
NOTIC: [8] Undefined variable: html_title /home/wwwroot/cesi3.0.zhiyujinrong.com/Application/Runtime/Cache/Weixin/06ffc25138c96867dddf0eac40b38af3.php 第 4 行.
INFO: Run Behavior\ParseTemplateBehavior [ RunTime:0.006511s ]
INFO: [ view_parse ] --END-- [ RunTime:0.006548s ]
INFO: [ view_filter ] --START--
INFO: Run Behavior\WriteHtmlCacheBehavior [ RunTime:0.000186s ]
INFO: [ view_filter ] --END-- [ RunTime:0.000221s ]
INFO: [ app_end ] --START--
INFO: Run Behavior\ShowPageTraceBehavior [ RunTime:0.000378s ]
INFO: [ app_end ] --END-- [ RunTime:0.000414s ]

[ 2017-12-29T14:18:27+08:00 ] 116.226.228.2 /index.php/Weixin/Apply/product.html
INFO: [ app_init ] --START--
INFO: Run Behavior\BuildLiteBehavior [ RunTime:0.000012s ]
INFO: [ app_init ] --END-- [ RunTime:0.000287s ]
INFO: [ app_begin ] --START--
INFO: Run Behavior\ReadHtmlCacheBehavior [ RunTime:0.000380s ]
INFO: [ app_begin ] --END-- [ RunTime:0.000418s ]
INFO: [ view_parse ] --START--
INFO: [ template_filter ] --START--
INFO: Run Behavior\ContentReplaceBehavior [ RunTime:0.000067s ]
INFO: [ template_filter ] --END-- [ RunTime:0.000114s ]
NOTIC: [8] Undefined variable: html_title /home/wwwroot/cesi3.0.zhiyujinrong.com/Application/Runtime/Cache/Weixin/58e89fd98b4bca12df8da42dd3854b35.php 第 4 行.
INFO: Run Behavior\ParseTemplateBehavior [ RunTime:0.008627s ]
INFO: [ view_parse ] --END-- [ RunTime:0.008664s ]
INFO: [ view_filter ] --START--
INFO: Run Behavior\WriteHtmlCacheBehavior [ RunTime:0.000174s ]
INFO: [ view_filter ] --END-- [ RunTime:0.000222s ]
INFO: [ app_end ] --START--
INFO: Run Behavior\ShowPageTraceBehavior [ RunTime:0.000509s ]
INFO: [ app_end ] --END-- [ RunTime:0.000555s ]

[ 2017-12-29T14:18:29+08:00 ] 116.226.228.2 /index.php/Weixin/Apiwechat/js_sdk_check.html
INFO: [ app_init ] --START--
INFO: Run Behavior\BuildLiteBehavior [ RunTime:0.000013s ]
INFO: [ app_init ] --END-- [ RunTime:0.000295s ]
INFO: [ app_begin ] --START--
INFO: Run Behavior\ReadHtmlCacheBehavior [ RunTime:0.000387s ]
INFO: [ app_begin ] --END-- [ RunTime:0.000424s ]
SQL: SHOW COLUMNS FROM `yzs_access_token` [ RunTime:0.0006s ]
SQL: SELECT * FROM `yzs_access_token` WHERE ( id=2 ) LIMIT 1   [ RunTime:0.0002s ]
SQL: UPDATE `yzs_access_token` SET `state`='2' WHERE ( id=2 ) [ RunTime:0.0130s ]
SQL: SELECT * FROM `yzs_access_token` WHERE ( id=1 ) LIMIT 1   [ RunTime:0.0002s ]
SQL: UPDATE `yzs_access_token` SET `state`='2' WHERE ( id=1 ) [ RunTime:0.0056s ]
SQL: UPDATE `yzs_access_token` SET `access_token`='5_5uMrWbdZjDMmj3hVneWQ1Os3V3GLO6yUZ-vkis0WwpEZIO_vvKhreq0wRLqhv31fFa3M-XovboJo2ywmq9fMBjpMpwDQTYxfu_034xdcXLMiD0FLKNVIx1vfMCPF00OH016XpdWcm5jvz4tRNHRjAIAWQA',`expires_in`='7200',`t_time`='1514528309',`state`='1' WHERE ( id=1 ) [ RunTime:0.0049s ]
SQL: UPDATE `yzs_access_token` SET `access_token`='HoagFKDcsGMVCIY2vOjf9o2ZmTCWrwHcvUCuf54gA7PexjOxAIJd2Ow9S81GrC9nLb9bhMZA6AR9PYWVuaPfWw',`expires_in`='7200',`t_time`='1514528308',`state`='1' WHERE ( id=2 ) [ RunTime:0.0049s ]
NOTIC: [8] Uninitialized string offset: 61 /home/wwwroot/cesi3.0.zhiyujinrong.com/Application/Weixin/Controller/ApiwechatController.class.php 第 108 行.
NOTIC: [8] Uninitialized string offset: 59 /home/wwwroot/cesi3.0.zhiyujinrong.com/Application/Weixin/Controller/ApiwechatController.class.php 第 108 行.
NOTIC: [8] Uninitialized string offset: 52 /home/wwwroot/cesi3.0.zhiyujinrong.com/Application/Weixin/Controller/ApiwechatController.class.php 第 108 行.

[ 2017-12-29T14:18:29+08:00 ] 116.226.228.2 /index.php/Weixin/Apiwechat/initial_check.html
INFO: [ app_init ] --START--
INFO: Run Behavior\BuildLiteBehavior [ RunTime:0.000012s ]
INFO: [ app_init ] --END-- [ RunTime:0.000296s ]
INFO: [ app_begin ] --START--
INFO: Run Behavior\ReadHtmlCacheBehavior [ RunTime:0.000392s ]
INFO: [ app_begin ] --END-- [ RunTime:0.000430s ]
SQL: select `id` from yzs_territory where name like '%上海市%' and grade='2' and forbidden='1' [ RunTime:0.0005s ]
SQL: select * from yzs_territory where higher_up in(select `id` from yzs_territory where name like '%上海市%' and grade='2' and forbidden='1') and forbidden='1' [ RunTime:0.0012s ]
SQL: SHOW COLUMNS FROM `yzs_territory` [ RunTime:0.0005s ]
SQL: SELECT * FROM `yzs_territory` WHERE ( name like '%上海市%' and grade='2' and forbidden='1' ) LIMIT 1   [ RunTime:0.0002s ]
SQL: SHOW COLUMNS FROM `yzs_house_type` [ RunTime:0.0004s ]
SQL: SELECT * FROM `yzs_house_type`  [ RunTime:0.0002s ]
SQL: SELECT * FROM `yzs_territory` WHERE ( grade != 3 and forbidden='1' )  [ RunTime:0.0004s ]

[ 2017-12-29T14:18:29+08:00 ] 116.226.228.2 /index.php/Weixin/Apply/product_screen.html
INFO: [ app_init ] --START--
INFO: Run Behavior\BuildLiteBehavior [ RunTime:0.000011s ]
INFO: [ app_init ] --END-- [ RunTime:0.000284s ]
INFO: [ app_begin ] --START--
INFO: Run Behavior\ReadHtmlCacheBehavior [ RunTime:0.000388s ]
INFO: [ app_begin ] --END-- [ RunTime:0.000426s ]
NOTIC: [8] Undefined variable: data /home/wwwroot/cesi3.0.zhiyujinrong.com/Application/Weixin/Controller/ApplyController.class.php 第 109 行.
NOTIC: [8] Undefined variable: data /home/wwwroot/cesi3.0.zhiyujinrong.com/Application/Weixin/Controller/ApplyController.class.php 第 112 行.
NOTIC: [8] Undefined variable: data /home/wwwroot/cesi3.0.zhiyujinrong.com/Application/Weixin/Controller/ApplyController.class.php 第 116 行.
NOTIC: [8] Undefined variable: data /home/wwwroot/cesi3.0.zhiyujinrong.com/Application/Weixin/Controller/ApplyController.class.php 第 119 行.
NOTIC: [8] Undefined variable: data /home/wwwroot/cesi3.0.zhiyujinrong.com/Application/Weixin/Controller/ApplyController.class.php 第 122 行.
NOTIC: [8] Undefined variable: data /home/wwwroot/cesi3.0.zhiyujinrong.com/Application/Weixin/Controller/ApplyController.class.php 第 125 行.
SQL: SHOW COLUMNS FROM `yzs_product` [ RunTime:0.0013s ]
SQL: SELECT * FROM `yzs_product` WHERE ( state='1' and  find_in_set('1', city) and banks=0 )  [ RunTime:0.0004s ]
SQL: select GROUP_CONCAT(name) as city from yzs_territory ter where id in(1,1) [ RunTime:0.0002s ]
SQL: select GROUP_CONCAT(name) as house from yzs_house_type where id in(3,14) [ RunTime:0.0002s ]
SQL: select GROUP_CONCAT(name) as loans_type from yzs_loans_type where id in(1) [ RunTime:0.0002s ]
SQL: select GROUP_CONCAT(name) as city from yzs_territory ter where id in(1,1) [ RunTime:0.0002s ]
SQL: select GROUP_CONCAT(name) as house from yzs_house_type where id in(3,14) [ RunTime:0.0002s ]
SQL: select GROUP_CONCAT(name) as loans_type from yzs_loans_type where id in(1) [ RunTime:0.0002s ]
SQL: SHOW COLUMNS FROM `yzs_wxusers` [ RunTime:0.0006s ]
SQL: SELECT * FROM `yzs_wxusers` WHERE ( id=22 ) LIMIT 1   [ RunTime:0.0002s ]

[ 2017-12-29T14:18:34+08:00 ] 116.226.228.2 /index.php/Weixin/Apiwechat/initial_check.html
INFO: [ app_init ] --START--
INFO: Run Behavior\BuildLiteBehavior [ RunTime:0.000012s ]
INFO: [ app_init ] --END-- [ RunTime:0.000296s ]
INFO: [ app_begin ] --START--
INFO: Run Behavior\ReadHtmlCacheBehavior [ RunTime:0.000392s ]
INFO: [ app_begin ] --END-- [ RunTime:0.000428s ]
SQL: select `id` from yzs_territory where name like '%苏州市%' and grade='2' and forbidden='1' [ RunTime:0.0005s ]
SQL: select * from yzs_territory where higher_up in(select `id` from yzs_territory where name like '%苏州市%' and grade='2' and forbidden='1') and forbidden='1' [ RunTime:0.0016s ]
SQL: SHOW COLUMNS FROM `yzs_territory` [ RunTime:0.0009s ]
SQL: SELECT * FROM `yzs_territory` WHERE ( name like '%苏州市%' and grade='2' and forbidden='1' ) LIMIT 1   [ RunTime:0.0003s ]
SQL: SHOW COLUMNS FROM `yzs_house_type` [ RunTime:0.0006s ]
SQL: SELECT * FROM `yzs_house_type`  [ RunTime:0.0004s ]
SQL: SELECT * FROM `yzs_territory` WHERE ( grade != 3 and forbidden='1' )  [ RunTime:0.0006s ]

[ 2017-12-29T14:18:34+08:00 ] 116.226.228.2 /index.php/Weixin/Apply/product_screen.html
INFO: [ app_init ] --START--
INFO: Run Behavior\BuildLiteBehavior [ RunTime:0.000012s ]
INFO: [ app_init ] --END-- [ RunTime:0.000293s ]
INFO: [ app_begin ] --START--
INFO: Run Behavior\ReadHtmlCacheBehavior [ RunTime:0.000392s ]
INFO: [ app_begin ] --END-- [ RunTime:0.000430s ]
NOTIC: [8] Undefined variable: data /home/wwwroot/cesi3.0.zhiyujinrong.com/Application/Weixin/Controller/ApplyController.class.php 第 109 行.
NOTIC: [8] Undefined variable: data /home/wwwroot/cesi3.0.zhiyujinrong.com/Application/Weixin/Controller/ApplyController.class.php 第 112 行.
NOTIC: [8] Undefined variable: data /home/wwwroot/cesi3.0.zhiyujinrong.com/Application/Weixin/Controller/ApplyController.class.php 第 116 行.
NOTIC: [8] Undefined variable: data /home/wwwroot/cesi3.0.zhiyujinrong.com/Application/Weixin/Controller/ApplyController.class.php 第 119 行.
NOTIC: [8] Undefined variable: data /home/wwwroot/cesi3.0.zhiyujinrong.com/Application/Weixin/Controller/ApplyController.class.php 第 122 行.
NOTIC: [8] Undefined variable: data /home/wwwroot/cesi3.0.zhiyujinrong.com/Application/Weixin/Controller/ApplyController.class.php 第 125 行.
SQL: SHOW COLUMNS FROM `yzs_product` [ RunTime:0.0013s ]
SQL: SELECT * FROM `yzs_product` WHERE ( state='1' and  find_in_set('8', territory) and banks=0 )  [ RunTime:0.0004s ]
SQL: select GROUP_CONCAT(name) as city from yzs_territory ter where id in(97) [ RunTime:0.0002s ]
SQL: select GROUP_CONCAT(name) as territory from yzs_territory where id in(8) [ RunTime:0.0002s ]
SQL: select GROUP_CONCAT(name) as house from yzs_house_type where id in(3,14,15) [ RunTime:0.0002s ]
SQL: select GROUP_CONCAT(name) as loans_type from yzs_loans_type where id in(1) [ RunTime:0.0002s ]
SQL: select GROUP_CONCAT(name) as city from yzs_territory ter where id in(97) [ RunTime:0.0002s ]
SQL: select GROUP_CONCAT(name) as territory from yzs_territory where id in(8) [ RunTime:0.0002s ]
SQL: select GROUP_CONCAT(name) as house from yzs_house_type where id in(3) [ RunTime:0.0002s ]
SQL: select GROUP_CONCAT(name) as loans_type from yzs_loans_type where id in(1) [ RunTime:0.0002s ]
SQL: select GROUP_CONCAT(name) as city from yzs_territory ter where id in(16,18,19,291,340,97,232,16,18,19) [ RunTime:0.0002s ]
SQL: select GROUP_CONCAT(name) as territory from yzs_territory where id in(8,99,342,307,308,233) [ RunTime:0.0002s ]
SQL: select GROUP_CONCAT(name) as house from yzs_house_type where id in(3,4) [ RunTime:0.0002s ]
SQL: select GROUP_CONCAT(name) as loans_type from yzs_loans_type where id in(1) [ RunTime:0.0002s ]
SQL: SHOW COLUMNS FROM `yzs_wxusers` [ RunTime:0.0006s ]
SQL: SELECT * FROM `yzs_wxusers` WHERE ( id=22 ) LIMIT 1   [ RunTime:0.0002s ]

[ 2017-12-29T14:42:05+08:00 ] 116.226.228.2 /index.php/Weixin/Apply/product_way.html
INFO: [ app_init ] --START--
INFO: Run Behavior\BuildLiteBehavior [ RunTime:0.000012s ]
INFO: [ app_init ] --END-- [ RunTime:0.000298s ]
INFO: [ app_begin ] --START--
INFO: Run Behavior\ReadHtmlCacheBehavior [ RunTime:0.000396s ]
INFO: [ app_begin ] --END-- [ RunTime:0.000436s ]
SQL: select r.p_id,p.img_roasting from yzs_roasting r, yzs_product p where p.id=r.p_id [ RunTime:0.0004s ]
INFO: [ view_parse ] --START--
INFO: [ template_filter ] --START--
INFO: Run Behavior\ContentReplaceBehavior [ RunTime:0.000044s ]
INFO: [ template_filter ] --END-- [ RunTime:0.000081s ]
NOTIC: [8] Undefined variable: html_title /home/wwwroot/cesi3.0.zhiyujinrong.com/Application/Runtime/Cache/Weixin/06ffc25138c96867dddf0eac40b38af3.php 第 4 行.
INFO: Run Behavior\ParseTemplateBehavior [ RunTime:0.006428s ]
INFO: [ view_parse ] --END-- [ RunTime:0.006465s ]
INFO: [ view_filter ] --START--
INFO: Run Behavior\WriteHtmlCacheBehavior [ RunTime:0.000179s ]
INFO: [ view_filter ] --END-- [ RunTime:0.000211s ]
INFO: [ app_end ] --START--
INFO: Run Behavior\ShowPageTraceBehavior [ RunTime:0.000395s ]
INFO: [ app_end ] --END-- [ RunTime:0.000428s ]

[ 2017-12-29T14:42:32+08:00 ] 116.226.228.2 /index.php/Weixin/Apply/product_introduce/id/4.html
INFO: [ app_init ] --START--
INFO: Run Behavior\BuildLiteBehavior [ RunTime:0.000012s ]
INFO: [ app_init ] --END-- [ RunTime:0.000290s ]
INFO: [ app_begin ] --START--
INFO: Run Behavior\ReadHtmlCacheBehavior [ RunTime:0.000386s ]
INFO: [ app_begin ] --END-- [ RunTime:0.000424s ]
SQL: SHOW COLUMNS FROM `yzs_product` [ RunTime:0.0014s ]
SQL: SELECT * FROM `yzs_product` WHERE ( id=4 ) LIMIT 1   [ RunTime:0.0004s ]
SQL: select id,name from yzs_territory where id in(1,97) and forbidden='1' limit 3 [ RunTime:0.0002s ]
SQL: select id,name from yzs_territory where id in('1','97') [ RunTime:0.0002s ]
SQL: select name as house from yzs_house_type where id in(3,14,15) [ RunTime:0.0002s ]
SQL: SHOW COLUMNS FROM `yzs_month` [ RunTime:0.0003s ]
SQL: SELECT `month` FROM `yzs_month` WHERE ( id in(4,5,6) )  [ RunTime:0.0002s ]
INFO: [ view_parse ] --START--
INFO: [ template_filter ] --START--
INFO: Run Behavior\ContentReplaceBehavior [ RunTime:0.000072s ]
INFO: [ template_filter ] --END-- [ RunTime:0.000111s ]
NOTIC: [8] Undefined variable: html_title /home/wwwroot/cesi3.0.zhiyujinrong.com/Application/Runtime/Cache/Weixin/0755e848f3f3091d648539bb4e240237.php 第 4 行.
NOTIC: [8] Undefined variable: id /home/wwwroot/cesi3.0.zhiyujinrong.com/Application/Runtime/Cache/Weixin/0755e848f3f3091d648539bb4e240237.php 第 201 行.
NOTIC: [8] Undefined variable: id /home/wwwroot/cesi3.0.zhiyujinrong.com/Application/Runtime/Cache/Weixin/0755e848f3f3091d648539bb4e240237.php 第 249 行.
INFO: Run Behavior\ParseTemplateBehavior [ RunTime:0.014302s ]
INFO: [ view_parse ] --END-- [ RunTime:0.014339s ]
INFO: [ view_filter ] --START--
INFO: Run Behavior\WriteHtmlCacheBehavior [ RunTime:0.000173s ]
INFO: [ view_filter ] --END-- [ RunTime:0.000225s ]
INFO: [ app_end ] --START--
INFO: Run Behavior\ShowPageTraceBehavior [ RunTime:0.000452s ]
INFO: [ app_end ] --END-- [ RunTime:0.000498s ]

[ 2017-12-29T14:42:41+08:00 ] 116.226.228.2 /index.php/Weixin/Apply/product.html
INFO: [ app_init ] --START--
INFO: Run Behavior\BuildLiteBehavior [ RunTime:0.000013s ]
INFO: [ app_init ] --END-- [ RunTime:0.000297s ]
INFO: [ app_begin ] --START--
INFO: Run Behavior\ReadHtmlCacheBehavior [ RunTime:0.000392s ]
INFO: [ app_begin ] --END-- [ RunTime:0.000431s ]
INFO: [ view_parse ] --START--
INFO: [ template_filter ] --START--
INFO: Run Behavior\ContentReplaceBehavior [ RunTime:0.000067s ]
INFO: [ template_filter ] --END-- [ RunTime:0.000108s ]
NOTIC: [8] Undefined variable: html_title /home/wwwroot/cesi3.0.zhiyujinrong.com/Application/Runtime/Cache/Weixin/58e89fd98b4bca12df8da42dd3854b35.php 第 4 行.
INFO: Run Behavior\ParseTemplateBehavior [ RunTime:0.008513s ]
INFO: [ view_parse ] --END-- [ RunTime:0.008550s ]
INFO: [ view_filter ] --START--
INFO: Run Behavior\WriteHtmlCacheBehavior [ RunTime:0.000188s ]
INFO: [ view_filter ] --END-- [ RunTime:0.000220s ]
INFO: [ app_end ] --START--
INFO: Run Behavior\ShowPageTraceBehavior [ RunTime:0.000420s ]
INFO: [ app_end ] --END-- [ RunTime:0.000466s ]

[ 2017-12-29T14:42:42+08:00 ] 116.226.228.2 /index.php/Weixin/Apiwechat/js_sdk_check.html
INFO: [ app_init ] --START--
INFO: Run Behavior\BuildLiteBehavior [ RunTime:0.000012s ]
INFO: [ app_init ] --END-- [ RunTime:0.000285s ]
INFO: [ app_begin ] --START--
INFO: Run Behavior\ReadHtmlCacheBehavior [ RunTime:0.000404s ]
INFO: [ app_begin ] --END-- [ RunTime:0.000443s ]
SQL: SHOW COLUMNS FROM `yzs_access_token` [ RunTime:0.0006s ]
SQL: SELECT * FROM `yzs_access_token` WHERE ( id=2 ) LIMIT 1   [ RunTime:0.0002s ]
NOTIC: [8] Uninitialized string offset: 54 /home/wwwroot/cesi3.0.zhiyujinrong.com/Application/Weixin/Controller/ApiwechatController.class.php 第 108 行.
NOTIC: [8] Uninitialized string offset: 54 /home/wwwroot/cesi3.0.zhiyujinrong.com/Application/Weixin/Controller/ApiwechatController.class.php 第 108 行.
NOTIC: [8] Uninitialized string offset: 60 /home/wwwroot/cesi3.0.zhiyujinrong.com/Application/Weixin/Controller/ApiwechatController.class.php 第 108 行.

[ 2017-12-29T14:42:42+08:00 ] 116.226.228.2 /index.php/Weixin/Apiwechat/initial_check.html
INFO: [ app_init ] --START--
INFO: Run Behavior\BuildLiteBehavior [ RunTime:0.000014s ]
INFO: [ app_init ] --END-- [ RunTime:0.000299s ]
INFO: [ app_begin ] --START--
INFO: Run Behavior\ReadHtmlCacheBehavior [ RunTime:0.000377s ]
INFO: [ app_begin ] --END-- [ RunTime:0.000419s ]
SQL: select `id` from yzs_territory where name like '%上海市%' and grade='2' and forbidden='1' [ RunTime:0.0005s ]
SQL: select * from yzs_territory where higher_up in(select `id` from yzs_territory where name like '%上海市%' and grade='2' and forbidden='1') and forbidden='1' [ RunTime:0.0011s ]
SQL: SHOW COLUMNS FROM `yzs_territory` [ RunTime:0.0006s ]
SQL: SELECT * FROM `yzs_territory` WHERE ( name like '%上海市%' and grade='2' and forbidden='1' ) LIMIT 1   [ RunTime:0.0002s ]
SQL: SHOW COLUMNS FROM `yzs_house_type` [ RunTime:0.0003s ]
SQL: SELECT * FROM `yzs_house_type`  [ RunTime:0.0002s ]
SQL: SELECT * FROM `yzs_territory` WHERE ( grade != 3 and forbidden='1' )  [ RunTime:0.0004s ]

[ 2017-12-29T14:42:42+08:00 ] 116.226.228.2 /index.php/Weixin/Apply/product_screen.html
INFO: [ app_init ] --START--
INFO: Run Behavior\BuildLiteBehavior [ RunTime:0.000012s ]
INFO: [ app_init ] --END-- [ RunTime:0.000303s ]
INFO: [ app_begin ] --START--
INFO: Run Behavior\ReadHtmlCacheBehavior [ RunTime:0.000392s ]
INFO: [ app_begin ] --END-- [ RunTime:0.000430s ]
NOTIC: [8] Undefined variable: data /home/wwwroot/cesi3.0.zhiyujinrong.com/Application/Weixin/Controller/ApplyController.class.php 第 109 行.
NOTIC: [8] Undefined variable: data /home/wwwroot/cesi3.0.zhiyujinrong.com/Application/Weixin/Controller/ApplyController.class.php 第 112 行.
NOTIC: [8] Undefined variable: data /home/wwwroot/cesi3.0.zhiyujinrong.com/Application/Weixin/Controller/ApplyController.class.php 第 116 行.
NOTIC: [8] Undefined variable: data /home/wwwroot/cesi3.0.zhiyujinrong.com/Application/Weixin/Controller/ApplyController.class.php 第 119 行.
NOTIC: [8] Undefined variable: data /home/wwwroot/cesi3.0.zhiyujinrong.com/Application/Weixin/Controller/ApplyController.class.php 第 122 行.
NOTIC: [8] Undefined variable: data /home/wwwroot/cesi3.0.zhiyujinrong.com/Application/Weixin/Controller/ApplyController.class.php 第 125 行.
SQL: SHOW COLUMNS FROM `yzs_product` [ RunTime:0.0013s ]
SQL: SELECT * FROM `yzs_product` WHERE ( state='1' and  find_in_set('1', city) and banks=0 )  [ RunTime:0.0005s ]
SQL: select GROUP_CONCAT(name) as city from yzs_territory ter where id in(1,1) [ RunTime:0.0002s ]
SQL: select GROUP_CONCAT(name) as house from yzs_house_type where id in(3,14) [ RunTime:0.0002s ]
SQL: select GROUP_CONCAT(name) as loans_type from yzs_loans_type where id in(1) [ RunTime:0.0002s ]
SQL: select GROUP_CONCAT(name) as city from yzs_territory ter where id in(1,1) [ RunTime:0.0002s ]
SQL: select GROUP_CONCAT(name) as house from yzs_house_type where id in(3,14) [ RunTime:0.0002s ]
SQL: select GROUP_CONCAT(name) as loans_type from yzs_loans_type where id in(1) [ RunTime:0.0002s ]
SQL: SHOW COLUMNS FROM `yzs_wxusers` [ RunTime:0.0005s ]
SQL: SELECT * FROM `yzs_wxusers` WHERE ( id=22 ) LIMIT 1   [ RunTime:0.0002s ]

[ 2017-12-29T14:42:46+08:00 ] 116.226.228.2 /index.php/Weixin/Apiwechat/initial_check.html
INFO: [ app_init ] --START--
INFO: Run Behavior\BuildLiteBehavior [ RunTime:0.000012s ]
INFO: [ app_init ] --END-- [ RunTime:0.000294s ]
INFO: [ app_begin ] --START--
INFO: Run Behavior\ReadHtmlCacheBehavior [ RunTime:0.000388s ]
INFO: [ app_begin ] --END-- [ RunTime:0.000426s ]
SQL: select `id` from yzs_territory where name like '%天津市%' and grade='2' and forbidden='1' [ RunTime:0.0005s ]
SQL: select * from yzs_territory where higher_up in(select `id` from yzs_territory where name like '%天津市%' and grade='2' and forbidden='1') and forbidden='1' [ RunTime:0.0010s ]
SQL: SHOW COLUMNS FROM `yzs_territory` [ RunTime:0.0005s ]
SQL: SELECT * FROM `yzs_territory` WHERE ( name like '%天津市%' and grade='2' and forbidden='1' ) LIMIT 1   [ RunTime:0.0002s ]
SQL: SHOW COLUMNS FROM `yzs_house_type` [ RunTime:0.0004s ]
SQL: SELECT * FROM `yzs_house_type`  [ RunTime:0.0002s ]
SQL: SELECT * FROM `yzs_territory` WHERE ( grade != 3 and forbidden='1' )  [ RunTime:0.0004s ]

[ 2017-12-29T14:42:46+08:00 ] 116.226.228.2 /index.php/Weixin/Apply/product_screen.html
INFO: [ app_init ] --START--
INFO: Run Behavior\BuildLiteBehavior [ RunTime:0.000012s ]
INFO: [ app_init ] --END-- [ RunTime:0.000280s ]
INFO: [ app_begin ] --START--
INFO: Run Behavior\ReadHtmlCacheBehavior [ RunTime:0.000381s ]
INFO: [ app_begin ] --END-- [ RunTime:0.000418s ]
NOTIC: [8] Undefined variable: data /home/wwwroot/cesi3.0.zhiyujinrong.com/Application/Weixin/Controller/ApplyController.class.php 第 109 行.
NOTIC: [8] Undefined variable: data /home/wwwroot/cesi3.0.zhiyujinrong.com/Application/Weixin/Controller/ApplyController.class.php 第 112 行.
NOTIC: [8] Undefined variable: data /home/wwwroot/cesi3.0.zhiyujinrong.com/Application/Weixin/Controller/ApplyController.class.php 第 116 行.
NOTIC: [8] Undefined variable: data /home/wwwroot/cesi3.0.zhiyujinrong.com/Application/Weixin/Controller/ApplyController.class.php 第 119 行.
NOTIC: [8] Undefined variable: data /home/wwwroot/cesi3.0.zhiyujinrong.com/Application/Weixin/Controller/ApplyController.class.php 第 122 行.
NOTIC: [8] Undefined variable: data /home/wwwroot/cesi3.0.zhiyujinrong.com/Application/Weixin/Controller/ApplyController.class.php 第 125 行.
SQL: SHOW COLUMNS FROM `yzs_product` [ RunTime:0.0013s ]
SQL: SELECT * FROM `yzs_product` WHERE ( state='1' and  find_in_set('19', city) and banks=0 )  [ RunTime:0.0004s ]
SQL: select GROUP_CONCAT(name) as city from yzs_territory ter where id in(16,18,19,291,340,97,232,16,18,19) [ RunTime:0.0003s ]
SQL: select GROUP_CONCAT(name) as territory from yzs_territory where id in(8,99,342,307,308,233) [ RunTime:0.0002s ]
SQL: select GROUP_CONCAT(name) as house from yzs_house_type where id in(3,4) [ RunTime:0.0002s ]
SQL: select GROUP_CONCAT(name) as loans_type from yzs_loans_type where id in(1) [ RunTime:0.0002s ]
SQL: SHOW COLUMNS FROM `yzs_wxusers` [ RunTime:0.0006s ]
SQL: SELECT * FROM `yzs_wxusers` WHERE ( id=22 ) LIMIT 1   [ RunTime:0.0002s ]

