[ 2017-11-05T11:49:25+08:00 ] 101.90.255.90 /index.php/Weixin/Apply/product_introduce/id/4.html
INFO: [ app_init ] --START--
INFO: Run Behavior\BuildLiteBehavior [ RunTime:0.000013s ]
INFO: [ app_init ] --END-- [ RunTime:0.000285s ]
INFO: [ app_begin ] --START--
INFO: Run Behavior\ReadHtmlCacheBehavior [ RunTime:0.000382s ]
INFO: [ app_begin ] --END-- [ RunTime:0.000422s ]
SQL: SHOW COLUMNS FROM `yzs_wxusers` [ RunTime:0.0008s ]
SQL: SELECT * FROM `yzs_wxusers` WHERE ( id=5 ) LIMIT 1   [ RunTime:0.0003s ]
SQL: SHOW COLUMNS FROM `yzs_product` [ RunTime:0.0009s ]
SQL: SELECT * FROM `yzs_product` WHERE ( id=4 ) LIMIT 1   [ RunTime:0.0002s ]
SQL: select id,name from yzs_territory2 where id in(1,8,16) limit 3 [ RunTime:0.0002s ]
SQL: select id,name from yzs_territory2 where id in('1','8','16') [ RunTime:0.0002s ]
SQL: select name as house from yzs_house_type where id in(1,2,3,8) [ RunTime:0.0002s ]
INFO: [ view_parse ] --START--
INFO: [ template_filter ] --START--
INFO: Run Behavior\ContentReplaceBehavior [ RunTime:0.000058s ]
INFO: [ template_filter ] --END-- [ RunTime:0.000094s ]
NOTIC: [8] Undefined variable: id /home/wwwroot/cesi3.0.zhiyujinrong.com/Application/Runtime/Cache/Weixin/0755e848f3f3091d648539bb4e240237.php 第 165 行.
NOTIC: [8] Undefined variable: id /home/wwwroot/cesi3.0.zhiyujinrong.com/Application/Runtime/Cache/Weixin/0755e848f3f3091d648539bb4e240237.php 第 213 行.
INFO: Run Behavior\ParseTemplateBehavior [ RunTime:0.011580s ]
INFO: [ view_parse ] --END-- [ RunTime:0.011617s ]
INFO: [ view_filter ] --START--
INFO: Run Behavior\WriteHtmlCacheBehavior [ RunTime:0.000174s ]
INFO: [ view_filter ] --END-- [ RunTime:0.000208s ]
INFO: [ app_end ] --START--
INFO: Run Behavior\ShowPageTraceBehavior [ RunTime:0.000451s ]
INFO: [ app_end ] --END-- [ RunTime:0.000485s ]

[ 2017-11-05T12:03:27+08:00 ] 101.90.255.90 /index.php/Weixin/Apply/product_introduce/id/4.html
INFO: [ app_init ] --START--
INFO: Run Behavior\BuildLiteBehavior [ RunTime:0.000012s ]
INFO: [ app_init ] --END-- [ RunTime:0.000285s ]
INFO: [ app_begin ] --START--
INFO: Run Behavior\ReadHtmlCacheBehavior [ RunTime:0.000415s ]
INFO: [ app_begin ] --END-- [ RunTime:0.000466s ]
SQL: SHOW COLUMNS FROM `yzs_product` [ RunTime:0.0012s ]
SQL: SELECT * FROM `yzs_product` WHERE ( id=4 ) LIMIT 1   [ RunTime:0.0003s ]
SQL: select id,name from yzs_territory2 where id in(1,8,16) limit 3 [ RunTime:0.0002s ]
SQL: select id,name from yzs_territory2 where id in('1','8','16') [ RunTime:0.0002s ]
SQL: select name as house from yzs_house_type where id in(1,2,3,8) [ RunTime:0.0002s ]
INFO: [ view_parse ] --START--
INFO: [ template_filter ] --START--
INFO: Run Behavior\ContentReplaceBehavior [ RunTime:0.000057s ]
INFO: [ template_filter ] --END-- [ RunTime:0.000095s ]
NOTIC: [8] Undefined variable: id /home/wwwroot/cesi3.0.zhiyujinrong.com/Application/Runtime/Cache/Weixin/0755e848f3f3091d648539bb4e240237.php 第 165 行.
NOTIC: [8] Undefined variable: id /home/wwwroot/cesi3.0.zhiyujinrong.com/Application/Runtime/Cache/Weixin/0755e848f3f3091d648539bb4e240237.php 第 213 行.
INFO: Run Behavior\ParseTemplateBehavior [ RunTime:0.011574s ]
INFO: [ view_parse ] --END-- [ RunTime:0.011614s ]
INFO: [ view_filter ] --START--
INFO: Run Behavior\WriteHtmlCacheBehavior [ RunTime:0.000178s ]
INFO: [ view_filter ] --END-- [ RunTime:0.000211s ]
INFO: [ app_end ] --START--
INFO: Run Behavior\ShowPageTraceBehavior [ RunTime:0.000413s ]
INFO: [ app_end ] --END-- [ RunTime:0.000448s ]

[ 2017-11-05T12:03:56+08:00 ] 101.90.255.90 /index.php/Weixin/Apply/product_introduce/id/4.html
INFO: [ app_init ] --START--
INFO: Run Behavior\BuildLiteBehavior [ RunTime:0.000013s ]
INFO: [ app_init ] --END-- [ RunTime:0.000306s ]
INFO: [ app_begin ] --START--
INFO: Run Behavior\ReadHtmlCacheBehavior [ RunTime:0.000400s ]
INFO: [ app_begin ] --END-- [ RunTime:0.000439s ]
SQL: SHOW COLUMNS FROM `yzs_product` [ RunTime:0.0018s ]
SQL: SELECT * FROM `yzs_product` WHERE ( id=4 ) LIMIT 1   [ RunTime:0.0003s ]
SQL: select id,name from yzs_territory2 where id in(1,8,16) limit 3 [ RunTime:0.0002s ]
SQL: select id,name from yzs_territory2 where id in('1','8','16') [ RunTime:0.0002s ]
SQL: select name as house from yzs_house_type where id in(1,2,3,8) [ RunTime:0.0002s ]
INFO: [ view_parse ] --START--
INFO: [ template_filter ] --START--
INFO: Run Behavior\ContentReplaceBehavior [ RunTime:0.000058s ]
INFO: [ template_filter ] --END-- [ RunTime:0.000097s ]
NOTIC: [8] Undefined variable: id /home/wwwroot/cesi3.0.zhiyujinrong.com/Application/Runtime/Cache/Weixin/0755e848f3f3091d648539bb4e240237.php 第 165 行.
NOTIC: [8] Undefined variable: id /home/wwwroot/cesi3.0.zhiyujinrong.com/Application/Runtime/Cache/Weixin/0755e848f3f3091d648539bb4e240237.php 第 213 行.
INFO: Run Behavior\ParseTemplateBehavior [ RunTime:0.011647s ]
INFO: [ view_parse ] --END-- [ RunTime:0.011682s ]
INFO: [ view_filter ] --START--
INFO: Run Behavior\WriteHtmlCacheBehavior [ RunTime:0.000198s ]
INFO: [ view_filter ] --END-- [ RunTime:0.000238s ]
INFO: [ app_end ] --START--
INFO: Run Behavior\ShowPageTraceBehavior [ RunTime:0.000391s ]
INFO: [ app_end ] --END-- [ RunTime:0.000433s ]

