[ 2017-12-05T11:05:22+08:00 ] 116.226.230.103 /index.php/Weixin/Apply/product_introduce/id/1.html
INFO: [ app_init ] --START--
INFO: Run Behavior\BuildLiteBehavior [ RunTime:0.000013s ]
INFO: [ app_init ] --END-- [ RunTime:0.000297s ]
INFO: [ app_begin ] --START--
INFO: Run Behavior\ReadHtmlCacheBehavior [ RunTime:0.000391s ]
INFO: [ app_begin ] --END-- [ RunTime:0.000447s ]
SQL: SHOW COLUMNS FROM `yzs_wxusers` [ RunTime:0.0008s ]
SQL: SELECT * FROM `yzs_wxusers` WHERE ( id=8 ) LIMIT 1   [ RunTime:0.0003s ]
SQL: SHOW COLUMNS FROM `yzs_product` [ RunTime:0.0009s ]
SQL: SELECT * FROM `yzs_product` WHERE ( id=1 ) LIMIT 1   [ RunTime:0.0002s ]
SQL: select id,name from yzs_territory where id in(97) and forbidden='1' limit 3 [ RunTime:0.0002s ]
SQL: SHOW COLUMNS FROM `yzs_territory` [ RunTime:0.0004s ]
SQL: SELECT * FROM `yzs_territory` WHERE ( higher_up='97' and forbidden='1' )  [ RunTime:0.0003s ]
NOTIC: [8] Undefined offset: 97 /home/wwwroot/cesi3.0.zhiyujinrong.com/Application/Weixin/Controller/ApplyController.class.php 第 226 行.
NOTIC: [8] Undefined index: state /home/wwwroot/cesi3.0.zhiyujinrong.com/Application/Weixin/Controller/ApplyController.class.php 第 235 行.
NOTIC: [8] Undefined offset: 2 /home/wwwroot/cesi3.0.zhiyujinrong.com/Application/Weixin/Controller/ApplyController.class.php 第 238 行.
SQL: select name as house from yzs_house_type where id in(3,14,15) [ RunTime:0.0002s ]
INFO: [ view_parse ] --START--
INFO: [ template_filter ] --START--
INFO: Run Behavior\ContentReplaceBehavior [ RunTime:0.000077s ]
INFO: [ template_filter ] --END-- [ RunTime:0.000122s ]
NOTIC: [8] Undefined variable: html_title /home/wwwroot/cesi3.0.zhiyujinrong.com/Application/Runtime/Cache/Weixin/0755e848f3f3091d648539bb4e240237.php 第 4 行.
NOTIC: [8] Undefined variable: id /home/wwwroot/cesi3.0.zhiyujinrong.com/Application/Runtime/Cache/Weixin/0755e848f3f3091d648539bb4e240237.php 第 191 行.
NOTIC: [8] Undefined variable: id /home/wwwroot/cesi3.0.zhiyujinrong.com/Application/Runtime/Cache/Weixin/0755e848f3f3091d648539bb4e240237.php 第 239 行.
INFO: Run Behavior\ParseTemplateBehavior [ RunTime:0.013824s ]
INFO: [ view_parse ] --END-- [ RunTime:0.013860s ]
INFO: [ view_filter ] --START--
INFO: Run Behavior\WriteHtmlCacheBehavior [ RunTime:0.000177s ]
INFO: [ view_filter ] --END-- [ RunTime:0.000210s ]
INFO: [ app_end ] --START--
INFO: Run Behavior\ShowPageTraceBehavior [ RunTime:0.000454s ]
INFO: [ app_end ] --END-- [ RunTime:0.000498s ]

