[ 2017-11-17T15:27:32+08:00 ] 180.173.193.172 /index.php/Weixin/Apply/product.html
INFO: [ app_init ] --START--
INFO: Run Behavior\BuildLiteBehavior [ RunTime:0.000026s ]
INFO: [ app_init ] --END-- [ RunTime:0.000313s ]
INFO: [ app_begin ] --START--
INFO: Run Behavior\ReadHtmlCacheBehavior [ RunTime:0.000403s ]
INFO: [ app_begin ] --END-- [ RunTime:0.000442s ]
SQL: SHOW COLUMNS FROM `yzs_wxusers` [ RunTime:0.0009s ]
SQL: SELECT * FROM `yzs_wxusers` WHERE ( id=16 ) LIMIT 1   [ RunTime:0.0003s ]
INFO: [ view_parse ] --START--
INFO: [ template_filter ] --START--
INFO: Run Behavior\ContentReplaceBehavior [ RunTime:0.000084s ]
INFO: [ template_filter ] --END-- [ RunTime:0.000127s ]
INFO: Run Behavior\ParseTemplateBehavior [ RunTime:0.010036s ]
INFO: [ view_parse ] --END-- [ RunTime:0.010074s ]
INFO: [ view_filter ] --START--
INFO: Run Behavior\WriteHtmlCacheBehavior [ RunTime:0.000171s ]
INFO: [ view_filter ] --END-- [ RunTime:0.000204s ]
INFO: [ app_end ] --START--
INFO: Run Behavior\ShowPageTraceBehavior [ RunTime:0.000438s ]
INFO: [ app_end ] --END-- [ RunTime:0.000481s ]

[ 2017-11-17T15:27:32+08:00 ] 180.173.193.172 /index.php/Weixin/Apiwechat/js_sdk_check.html
INFO: [ app_init ] --START--
INFO: Run Behavior\BuildLiteBehavior [ RunTime:0.000011s ]
INFO: [ app_init ] --END-- [ RunTime:0.000301s ]
INFO: [ app_begin ] --START--
INFO: Run Behavior\ReadHtmlCacheBehavior [ RunTime:0.000466s ]
INFO: [ app_begin ] --END-- [ RunTime:0.000509s ]
SQL: SHOW COLUMNS FROM `yzs_access_token` [ RunTime:0.0005s ]
SQL: SELECT * FROM `yzs_access_token` WHERE ( id=2 ) LIMIT 1   [ RunTime:0.0002s ]
SQL: UPDATE `yzs_access_token` SET `state`='2' WHERE ( id=2 ) [ RunTime:0.0143s ]
SQL: SELECT * FROM `yzs_access_token` WHERE ( id=1 ) LIMIT 1   [ RunTime:0.0002s ]
SQL: UPDATE `yzs_access_token` SET `state`='2' WHERE ( id=1 ) [ RunTime:0.0045s ]
SQL: UPDATE `yzs_access_token` SET `access_token`='bNDRy8uLFL74nQWLklcPZeseYuAQFzIirDn2vDDmYE_XOUR5eKB4oRDu730Onxlmz12bysjlieFYhqzKb-qM5xE6V9pgCZhBJcm-eLcL2H0qi-TIcDSlreu9XzPFxR8MOCJjAGADRY',`expires_in`='7200',`t_time`='1510903652',`state`='1' WHERE ( id=1 ) [ RunTime:0.0055s ]
SQL: UPDATE `yzs_access_token` SET `access_token`='kgt8ON7yVITDhtdwci0qecnDEdPLO0pu5tXhmrnxpkZh_1HHbMr278649mFQEthoKrgpmei8JH6m1SVz3NPTrw',`expires_in`='7200',`t_time`='1510903652',`state`='1' WHERE ( id=2 ) [ RunTime:0.0049s ]
NOTIC: [8] Uninitialized string offset: 59 /home/wwwroot/cesi3.0.zhiyujinrong.com/Application/Weixin/Controller/ApiwechatController.class.php 第 106 行.
NOTIC: [8] Uninitialized string offset: 52 /home/wwwroot/cesi3.0.zhiyujinrong.com/Application/Weixin/Controller/ApiwechatController.class.php 第 106 行.

[ 2017-11-17T15:27:33+08:00 ] 180.173.193.172 /index.php/Weixin/Apiwechat/initial_check.html
INFO: [ app_init ] --START--
INFO: Run Behavior\BuildLiteBehavior [ RunTime:0.000013s ]
INFO: [ app_init ] --END-- [ RunTime:0.000304s ]
INFO: [ app_begin ] --START--
INFO: Run Behavior\ReadHtmlCacheBehavior [ RunTime:0.000397s ]
INFO: [ app_begin ] --END-- [ RunTime:0.000434s ]
SQL: select * from yzs_territory where higher_up in(select `id` from yzs_territory where name like '%上海市%' and grade='2' and forbidden='1') [ RunTime:0.0014s ]
SQL: SHOW COLUMNS FROM `yzs_territory` [ RunTime:0.0006s ]
SQL: SELECT * FROM `yzs_territory` WHERE ( name like '%上海市%' and grade='2' and forbidden='1' ) LIMIT 1   [ RunTime:0.0002s ]
SQL: SHOW COLUMNS FROM `yzs_house_type` [ RunTime:0.0004s ]
SQL: SELECT * FROM `yzs_house_type`  [ RunTime:0.0002s ]
SQL: SELECT * FROM `yzs_territory` WHERE ( grade != 3 and forbidden='1' )  [ RunTime:0.0004s ]

[ 2017-11-17T15:27:33+08:00 ] 180.173.193.172 /index.php/Weixin/Apply/product_screen.html
INFO: [ app_init ] --START--
INFO: Run Behavior\BuildLiteBehavior [ RunTime:0.000013s ]
INFO: [ app_init ] --END-- [ RunTime:0.000285s ]
INFO: [ app_begin ] --START--
INFO: Run Behavior\ReadHtmlCacheBehavior [ RunTime:0.000386s ]
INFO: [ app_begin ] --END-- [ RunTime:0.000424s ]
NOTIC: [8] Undefined variable: data /home/wwwroot/cesi3.0.zhiyujinrong.com/Application/Weixin/Controller/ApplyController.class.php 第 72 行.
NOTIC: [8] Undefined variable: data /home/wwwroot/cesi3.0.zhiyujinrong.com/Application/Weixin/Controller/ApplyController.class.php 第 75 行.
NOTIC: [8] Undefined variable: data /home/wwwroot/cesi3.0.zhiyujinrong.com/Application/Weixin/Controller/ApplyController.class.php 第 78 行.
NOTIC: [8] Undefined variable: data /home/wwwroot/cesi3.0.zhiyujinrong.com/Application/Weixin/Controller/ApplyController.class.php 第 81 行.
SQL: SHOW COLUMNS FROM `yzs_product` [ RunTime:0.0012s ]
SQL: SELECT * FROM `yzs_product` WHERE ( city like '%1%' )  [ RunTime:0.0004s ]
SQL: select GROUP_CONCAT(name) as city from yzs_territory ter where id in(1) [ RunTime:0.0002s ]
SQL: select GROUP_CONCAT(name) as territory from yzs_territory where id in(2,3,10,12) [ RunTime:0.0002s ]
SQL: select GROUP_CONCAT(name) as house from yzs_house_type where id in(1,2,3) [ RunTime:0.0002s ]
SQL: select GROUP_CONCAT(name) as loans_type from yzs_loans_type where id in(1) [ RunTime:0.0002s ]
SQL: select GROUP_CONCAT(name) as city from yzs_territory ter where id in(1) [ RunTime:0.0002s ]
SQL: select GROUP_CONCAT(name) as territory from yzs_territory where id in(2,3,12) [ RunTime:0.0002s ]
SQL: select GROUP_CONCAT(name) as house from yzs_house_type where id in(1,2,3) [ RunTime:0.0002s ]
SQL: select GROUP_CONCAT(name) as loans_type from yzs_loans_type where id in(1) [ RunTime:0.0002s ]
SQL: select GROUP_CONCAT(name) as city from yzs_territory ter where id in(1) [ RunTime:0.0002s ]
SQL: select GROUP_CONCAT(name) as territory from yzs_territory where id in(2,12,14) [ RunTime:0.0002s ]
SQL: select GROUP_CONCAT(name) as house from yzs_house_type where id in(1,2) [ RunTime:0.0002s ]
SQL: select GROUP_CONCAT(name) as loans_type from yzs_loans_type where id in(1) [ RunTime:0.0002s ]

[ 2017-11-17T15:27:35+08:00 ] 180.173.193.172 /index.php/Weixin/Apply/product.html
INFO: [ app_init ] --START--
INFO: Run Behavior\BuildLiteBehavior [ RunTime:0.000012s ]
INFO: [ app_init ] --END-- [ RunTime:0.000288s ]
INFO: [ app_begin ] --START--
INFO: Run Behavior\ReadHtmlCacheBehavior [ RunTime:0.000383s ]
INFO: [ app_begin ] --END-- [ RunTime:0.000423s ]
INFO: [ view_parse ] --START--
INFO: [ template_filter ] --START--
INFO: Run Behavior\ContentReplaceBehavior [ RunTime:0.000083s ]
INFO: [ template_filter ] --END-- [ RunTime:0.000125s ]
INFO: Run Behavior\ParseTemplateBehavior [ RunTime:0.009218s ]
INFO: [ view_parse ] --END-- [ RunTime:0.009257s ]
INFO: [ view_filter ] --START--
INFO: Run Behavior\WriteHtmlCacheBehavior [ RunTime:0.000175s ]
INFO: [ view_filter ] --END-- [ RunTime:0.000207s ]
INFO: [ app_end ] --START--
INFO: Run Behavior\ShowPageTraceBehavior [ RunTime:0.000410s ]
INFO: [ app_end ] --END-- [ RunTime:0.000448s ]

[ 2017-11-17T15:27:35+08:00 ] 180.173.193.172 /index.php/Weixin/Apiwechat/js_sdk_check.html
INFO: [ app_init ] --START--
INFO: Run Behavior\BuildLiteBehavior [ RunTime:0.000011s ]
INFO: [ app_init ] --END-- [ RunTime:0.000273s ]
INFO: [ app_begin ] --START--
INFO: Run Behavior\ReadHtmlCacheBehavior [ RunTime:0.000377s ]
INFO: [ app_begin ] --END-- [ RunTime:0.000414s ]
SQL: SHOW COLUMNS FROM `yzs_access_token` [ RunTime:0.0007s ]
SQL: SELECT * FROM `yzs_access_token` WHERE ( id=2 ) LIMIT 1   [ RunTime:0.0003s ]
NOTIC: [8] Uninitialized string offset: 59 /home/wwwroot/cesi3.0.zhiyujinrong.com/Application/Weixin/Controller/ApiwechatController.class.php 第 106 行.
NOTIC: [8] Uninitialized string offset: 60 /home/wwwroot/cesi3.0.zhiyujinrong.com/Application/Weixin/Controller/ApiwechatController.class.php 第 106 行.

[ 2017-11-17T15:27:36+08:00 ] 180.173.193.172 /index.php/Weixin/Apiwechat/initial_check.html
INFO: [ app_init ] --START--
INFO: Run Behavior\BuildLiteBehavior [ RunTime:0.000013s ]
INFO: [ app_init ] --END-- [ RunTime:0.000302s ]
INFO: [ app_begin ] --START--
INFO: Run Behavior\ReadHtmlCacheBehavior [ RunTime:0.000411s ]
INFO: [ app_begin ] --END-- [ RunTime:0.000455s ]
SQL: select * from yzs_territory where higher_up in(select `id` from yzs_territory where name like '%上海市%' and grade='2' and forbidden='1') [ RunTime:0.0012s ]
SQL: SHOW COLUMNS FROM `yzs_territory` [ RunTime:0.0005s ]
SQL: SELECT * FROM `yzs_territory` WHERE ( name like '%上海市%' and grade='2' and forbidden='1' ) LIMIT 1   [ RunTime:0.0002s ]
SQL: SHOW COLUMNS FROM `yzs_house_type` [ RunTime:0.0003s ]
SQL: SELECT * FROM `yzs_house_type`  [ RunTime:0.0002s ]
SQL: SELECT * FROM `yzs_territory` WHERE ( grade != 3 and forbidden='1' )  [ RunTime:0.0003s ]

[ 2017-11-17T15:27:36+08:00 ] 180.173.193.172 /index.php/Weixin/Apply/product_screen.html
INFO: [ app_init ] --START--
INFO: Run Behavior\BuildLiteBehavior [ RunTime:0.000015s ]
INFO: [ app_init ] --END-- [ RunTime:0.000326s ]
INFO: [ app_begin ] --START--
INFO: Run Behavior\ReadHtmlCacheBehavior [ RunTime:0.000442s ]
INFO: [ app_begin ] --END-- [ RunTime:0.000480s ]
NOTIC: [8] Undefined variable: data /home/wwwroot/cesi3.0.zhiyujinrong.com/Application/Weixin/Controller/ApplyController.class.php 第 72 行.
NOTIC: [8] Undefined variable: data /home/wwwroot/cesi3.0.zhiyujinrong.com/Application/Weixin/Controller/ApplyController.class.php 第 75 行.
NOTIC: [8] Undefined variable: data /home/wwwroot/cesi3.0.zhiyujinrong.com/Application/Weixin/Controller/ApplyController.class.php 第 78 行.
NOTIC: [8] Undefined variable: data /home/wwwroot/cesi3.0.zhiyujinrong.com/Application/Weixin/Controller/ApplyController.class.php 第 81 行.
SQL: SHOW COLUMNS FROM `yzs_product` [ RunTime:0.0011s ]
SQL: SELECT * FROM `yzs_product` WHERE ( city like '%1%' )  [ RunTime:0.0003s ]
SQL: select GROUP_CONCAT(name) as city from yzs_territory ter where id in(1) [ RunTime:0.0002s ]
SQL: select GROUP_CONCAT(name) as territory from yzs_territory where id in(2,3,10,12) [ RunTime:0.0002s ]
SQL: select GROUP_CONCAT(name) as house from yzs_house_type where id in(1,2,3) [ RunTime:0.0002s ]
SQL: select GROUP_CONCAT(name) as loans_type from yzs_loans_type where id in(1) [ RunTime:0.0002s ]
SQL: select GROUP_CONCAT(name) as city from yzs_territory ter where id in(1) [ RunTime:0.0001s ]
SQL: select GROUP_CONCAT(name) as territory from yzs_territory where id in(2,3,12) [ RunTime:0.0002s ]
SQL: select GROUP_CONCAT(name) as house from yzs_house_type where id in(1,2,3) [ RunTime:0.0002s ]
SQL: select GROUP_CONCAT(name) as loans_type from yzs_loans_type where id in(1) [ RunTime:0.0001s ]
SQL: select GROUP_CONCAT(name) as city from yzs_territory ter where id in(1) [ RunTime:0.0002s ]
SQL: select GROUP_CONCAT(name) as territory from yzs_territory where id in(2,12,14) [ RunTime:0.0002s ]
SQL: select GROUP_CONCAT(name) as house from yzs_house_type where id in(1,2) [ RunTime:0.0002s ]
SQL: select GROUP_CONCAT(name) as loans_type from yzs_loans_type where id in(1) [ RunTime:0.0002s ]

[ 2017-11-17T15:29:51+08:00 ] 101.90.255.195 /index.php/Weixin/Apply/product.html
INFO: [ app_init ] --START--
INFO: Run Behavior\BuildLiteBehavior [ RunTime:0.000013s ]
INFO: [ app_init ] --END-- [ RunTime:0.000287s ]
INFO: [ app_begin ] --START--
INFO: Run Behavior\ReadHtmlCacheBehavior [ RunTime:0.000381s ]
INFO: [ app_begin ] --END-- [ RunTime:0.000431s ]
SQL: SHOW COLUMNS FROM `yzs_wxusers` [ RunTime:0.0009s ]
SQL: SELECT * FROM `yzs_wxusers` WHERE ( id=7 ) LIMIT 1   [ RunTime:0.0003s ]
INFO: [ view_parse ] --START--
INFO: [ template_filter ] --START--
INFO: Run Behavior\ContentReplaceBehavior [ RunTime:0.000098s ]
INFO: [ template_filter ] --END-- [ RunTime:0.000140s ]
INFO: Run Behavior\ParseTemplateBehavior [ RunTime:0.009449s ]
INFO: [ view_parse ] --END-- [ RunTime:0.009487s ]
INFO: [ view_filter ] --START--
INFO: Run Behavior\WriteHtmlCacheBehavior [ RunTime:0.000173s ]
INFO: [ view_filter ] --END-- [ RunTime:0.000220s ]
INFO: [ app_end ] --START--
INFO: Run Behavior\ShowPageTraceBehavior [ RunTime:0.000419s ]
INFO: [ app_end ] --END-- [ RunTime:0.000465s ]

[ 2017-11-17T15:29:52+08:00 ] 101.90.255.195 /index.php/Weixin/Apiwechat/js_sdk_check.html
INFO: [ app_init ] --START--
INFO: Run Behavior\BuildLiteBehavior [ RunTime:0.000013s ]
INFO: [ app_init ] --END-- [ RunTime:0.000309s ]
INFO: [ app_begin ] --START--
INFO: Run Behavior\ReadHtmlCacheBehavior [ RunTime:0.000472s ]
INFO: [ app_begin ] --END-- [ RunTime:0.000511s ]
SQL: SHOW COLUMNS FROM `yzs_access_token` [ RunTime:0.0007s ]
SQL: SELECT * FROM `yzs_access_token` WHERE ( id=2 ) LIMIT 1   [ RunTime:0.0002s ]
NOTIC: [8] Uninitialized string offset: 54 /home/wwwroot/cesi3.0.zhiyujinrong.com/Application/Weixin/Controller/ApiwechatController.class.php 第 106 行.
NOTIC: [8] Uninitialized string offset: 58 /home/wwwroot/cesi3.0.zhiyujinrong.com/Application/Weixin/Controller/ApiwechatController.class.php 第 106 行.
NOTIC: [8] Uninitialized string offset: 60 /home/wwwroot/cesi3.0.zhiyujinrong.com/Application/Weixin/Controller/ApiwechatController.class.php 第 106 行.
NOTIC: [8] Uninitialized string offset: 61 /home/wwwroot/cesi3.0.zhiyujinrong.com/Application/Weixin/Controller/ApiwechatController.class.php 第 106 行.
NOTIC: [8] Uninitialized string offset: 60 /home/wwwroot/cesi3.0.zhiyujinrong.com/Application/Weixin/Controller/ApiwechatController.class.php 第 106 行.

[ 2017-11-17T15:29:54+08:00 ] 101.90.255.195 /index.php/Weixin/Apiwechat/initial_check.html
INFO: [ app_init ] --START--
INFO: Run Behavior\BuildLiteBehavior [ RunTime:0.000013s ]
INFO: [ app_init ] --END-- [ RunTime:0.000308s ]
INFO: [ app_begin ] --START--
INFO: Run Behavior\ReadHtmlCacheBehavior [ RunTime:0.000399s ]
INFO: [ app_begin ] --END-- [ RunTime:0.000436s ]
SQL: select * from yzs_territory where higher_up in(select `id` from yzs_territory where name like '%上海市%' and grade='2' and forbidden='1') [ RunTime:0.0013s ]
SQL: SHOW COLUMNS FROM `yzs_territory` [ RunTime:0.0006s ]
SQL: SELECT * FROM `yzs_territory` WHERE ( name like '%上海市%' and grade='2' and forbidden='1' ) LIMIT 1   [ RunTime:0.0002s ]
SQL: SHOW COLUMNS FROM `yzs_house_type` [ RunTime:0.0004s ]
SQL: SELECT * FROM `yzs_house_type`  [ RunTime:0.0002s ]
SQL: SELECT * FROM `yzs_territory` WHERE ( grade != 3 and forbidden='1' )  [ RunTime:0.0004s ]

[ 2017-11-17T15:29:54+08:00 ] 101.90.255.195 /index.php/Weixin/Apply/product_screen.html
INFO: [ app_init ] --START--
INFO: Run Behavior\BuildLiteBehavior [ RunTime:0.000012s ]
INFO: [ app_init ] --END-- [ RunTime:0.000278s ]
INFO: [ app_begin ] --START--
INFO: Run Behavior\ReadHtmlCacheBehavior [ RunTime:0.000377s ]
INFO: [ app_begin ] --END-- [ RunTime:0.000415s ]
NOTIC: [8] Undefined variable: data /home/wwwroot/cesi3.0.zhiyujinrong.com/Application/Weixin/Controller/ApplyController.class.php 第 72 行.
NOTIC: [8] Undefined variable: data /home/wwwroot/cesi3.0.zhiyujinrong.com/Application/Weixin/Controller/ApplyController.class.php 第 75 行.
NOTIC: [8] Undefined variable: data /home/wwwroot/cesi3.0.zhiyujinrong.com/Application/Weixin/Controller/ApplyController.class.php 第 78 行.
NOTIC: [8] Undefined variable: data /home/wwwroot/cesi3.0.zhiyujinrong.com/Application/Weixin/Controller/ApplyController.class.php 第 81 行.
SQL: SHOW COLUMNS FROM `yzs_product` [ RunTime:0.0011s ]
SQL: SELECT * FROM `yzs_product` WHERE ( city like '%1%' )  [ RunTime:0.0003s ]
SQL: select GROUP_CONCAT(name) as city from yzs_territory ter where id in(1) [ RunTime:0.0002s ]
SQL: select GROUP_CONCAT(name) as territory from yzs_territory where id in(2,3,10,12) [ RunTime:0.0002s ]
SQL: select GROUP_CONCAT(name) as house from yzs_house_type where id in(1,2,3) [ RunTime:0.0002s ]
SQL: select GROUP_CONCAT(name) as loans_type from yzs_loans_type where id in(1) [ RunTime:0.0002s ]
SQL: select GROUP_CONCAT(name) as city from yzs_territory ter where id in(1) [ RunTime:0.0002s ]
SQL: select GROUP_CONCAT(name) as territory from yzs_territory where id in(2,3,12) [ RunTime:0.0002s ]
SQL: select GROUP_CONCAT(name) as house from yzs_house_type where id in(1,2,3) [ RunTime:0.0002s ]
SQL: select GROUP_CONCAT(name) as loans_type from yzs_loans_type where id in(1) [ RunTime:0.0002s ]
SQL: select GROUP_CONCAT(name) as city from yzs_territory ter where id in(1) [ RunTime:0.0002s ]
SQL: select GROUP_CONCAT(name) as territory from yzs_territory where id in(2,12,14) [ RunTime:0.0002s ]
SQL: select GROUP_CONCAT(name) as house from yzs_house_type where id in(1,2) [ RunTime:0.0003s ]
SQL: select GROUP_CONCAT(name) as loans_type from yzs_loans_type where id in(1) [ RunTime:0.0002s ]

[ 2017-11-17T15:29:56+08:00 ] 101.90.255.195 /index.php/Weixin/Apply/product.html
INFO: [ app_init ] --START--
INFO: Run Behavior\BuildLiteBehavior [ RunTime:0.000013s ]
INFO: [ app_init ] --END-- [ RunTime:0.000316s ]
INFO: [ app_begin ] --START--
INFO: Run Behavior\ReadHtmlCacheBehavior [ RunTime:0.000416s ]
INFO: [ app_begin ] --END-- [ RunTime:0.000457s ]
INFO: [ view_parse ] --START--
INFO: [ template_filter ] --START--
INFO: Run Behavior\ContentReplaceBehavior [ RunTime:0.000095s ]
INFO: [ template_filter ] --END-- [ RunTime:0.000139s ]
INFO: Run Behavior\ParseTemplateBehavior [ RunTime:0.009392s ]
INFO: [ view_parse ] --END-- [ RunTime:0.009429s ]
INFO: [ view_filter ] --START--
INFO: Run Behavior\WriteHtmlCacheBehavior [ RunTime:0.000191s ]
INFO: [ view_filter ] --END-- [ RunTime:0.000224s ]
INFO: [ app_end ] --START--
INFO: Run Behavior\ShowPageTraceBehavior [ RunTime:0.000415s ]
INFO: [ app_end ] --END-- [ RunTime:0.000460s ]

[ 2017-11-17T15:29:56+08:00 ] 101.90.255.195 /index.php/Weixin/Apiwechat/js_sdk_check.html
INFO: [ app_init ] --START--
INFO: Run Behavior\BuildLiteBehavior [ RunTime:0.000012s ]
INFO: [ app_init ] --END-- [ RunTime:0.000283s ]
INFO: [ app_begin ] --START--
INFO: Run Behavior\ReadHtmlCacheBehavior [ RunTime:0.000389s ]
INFO: [ app_begin ] --END-- [ RunTime:0.000428s ]
SQL: SHOW COLUMNS FROM `yzs_access_token` [ RunTime:0.0006s ]
SQL: SELECT * FROM `yzs_access_token` WHERE ( id=2 ) LIMIT 1   [ RunTime:0.0003s ]
NOTIC: [8] Uninitialized string offset: 59 /home/wwwroot/cesi3.0.zhiyujinrong.com/Application/Weixin/Controller/ApiwechatController.class.php 第 106 行.

[ 2017-11-17T15:29:57+08:00 ] 101.90.255.195 /index.php/Weixin/Apiwechat/initial_check.html
INFO: [ app_init ] --START--
INFO: Run Behavior\BuildLiteBehavior [ RunTime:0.000013s ]
INFO: [ app_init ] --END-- [ RunTime:0.000296s ]
INFO: [ app_begin ] --START--
INFO: Run Behavior\ReadHtmlCacheBehavior [ RunTime:0.000383s ]
INFO: [ app_begin ] --END-- [ RunTime:0.000420s ]
SQL: select * from yzs_territory where higher_up in(select `id` from yzs_territory where name like '%上海市%' and grade='2' and forbidden='1') [ RunTime:0.0013s ]
SQL: SHOW COLUMNS FROM `yzs_territory` [ RunTime:0.0006s ]
SQL: SELECT * FROM `yzs_territory` WHERE ( name like '%上海市%' and grade='2' and forbidden='1' ) LIMIT 1   [ RunTime:0.0002s ]
SQL: SHOW COLUMNS FROM `yzs_house_type` [ RunTime:0.0004s ]
SQL: SELECT * FROM `yzs_house_type`  [ RunTime:0.0002s ]
SQL: SELECT * FROM `yzs_territory` WHERE ( grade != 3 and forbidden='1' )  [ RunTime:0.0004s ]

[ 2017-11-17T15:29:57+08:00 ] 101.90.255.195 /index.php/Weixin/Apply/product_screen.html
INFO: [ app_init ] --START--
INFO: Run Behavior\BuildLiteBehavior [ RunTime:0.000017s ]
INFO: [ app_init ] --END-- [ RunTime:0.000417s ]
INFO: [ app_begin ] --START--
INFO: Run Behavior\ReadHtmlCacheBehavior [ RunTime:0.000383s ]
INFO: [ app_begin ] --END-- [ RunTime:0.000420s ]
NOTIC: [8] Undefined variable: data /home/wwwroot/cesi3.0.zhiyujinrong.com/Application/Weixin/Controller/ApplyController.class.php 第 72 行.
NOTIC: [8] Undefined variable: data /home/wwwroot/cesi3.0.zhiyujinrong.com/Application/Weixin/Controller/ApplyController.class.php 第 75 行.
NOTIC: [8] Undefined variable: data /home/wwwroot/cesi3.0.zhiyujinrong.com/Application/Weixin/Controller/ApplyController.class.php 第 78 行.
NOTIC: [8] Undefined variable: data /home/wwwroot/cesi3.0.zhiyujinrong.com/Application/Weixin/Controller/ApplyController.class.php 第 81 行.
SQL: SHOW COLUMNS FROM `yzs_product` [ RunTime:0.0012s ]
SQL: SELECT * FROM `yzs_product` WHERE ( city like '%1%' )  [ RunTime:0.0003s ]
SQL: select GROUP_CONCAT(name) as city from yzs_territory ter where id in(1) [ RunTime:0.0002s ]
SQL: select GROUP_CONCAT(name) as territory from yzs_territory where id in(2,3,10,12) [ RunTime:0.0002s ]
SQL: select GROUP_CONCAT(name) as house from yzs_house_type where id in(1,2,3) [ RunTime:0.0002s ]
SQL: select GROUP_CONCAT(name) as loans_type from yzs_loans_type where id in(1) [ RunTime:0.0002s ]
SQL: select GROUP_CONCAT(name) as city from yzs_territory ter where id in(1) [ RunTime:0.0002s ]
SQL: select GROUP_CONCAT(name) as territory from yzs_territory where id in(2,3,12) [ RunTime:0.0002s ]
SQL: select GROUP_CONCAT(name) as house from yzs_house_type where id in(1,2,3) [ RunTime:0.0002s ]
SQL: select GROUP_CONCAT(name) as loans_type from yzs_loans_type where id in(1) [ RunTime:0.0002s ]
SQL: select GROUP_CONCAT(name) as city from yzs_territory ter where id in(1) [ RunTime:0.0002s ]
SQL: select GROUP_CONCAT(name) as territory from yzs_territory where id in(2,12,14) [ RunTime:0.0002s ]
SQL: select GROUP_CONCAT(name) as house from yzs_house_type where id in(1,2) [ RunTime:0.0002s ]
SQL: select GROUP_CONCAT(name) as loans_type from yzs_loans_type where id in(1) [ RunTime:0.0002s ]

[ 2017-11-17T17:45:17+08:00 ] 101.226.225.59 /index.php/Weixin/Apply/product.html
INFO: [ app_init ] --START--
INFO: Run Behavior\BuildLiteBehavior [ RunTime:0.000013s ]
INFO: [ app_init ] --END-- [ RunTime:0.000315s ]
INFO: [ app_begin ] --START--
INFO: Run Behavior\ReadHtmlCacheBehavior [ RunTime:0.000412s ]
INFO: [ app_begin ] --END-- [ RunTime:0.000470s ]
INFO: [ view_parse ] --START--
INFO: [ template_filter ] --START--
INFO: Run Behavior\ContentReplaceBehavior [ RunTime:0.000094s ]
INFO: [ template_filter ] --END-- [ RunTime:0.000137s ]
INFO: Run Behavior\ParseTemplateBehavior [ RunTime:0.009643s ]
INFO: [ view_parse ] --END-- [ RunTime:0.009684s ]
INFO: [ view_filter ] --START--
INFO: Run Behavior\WriteHtmlCacheBehavior [ RunTime:0.000203s ]
INFO: [ view_filter ] --END-- [ RunTime:0.000237s ]
INFO: [ app_end ] --START--
INFO: Run Behavior\ShowPageTraceBehavior [ RunTime:0.000430s ]
INFO: [ app_end ] --END-- [ RunTime:0.000475s ]

[ 2017-11-17T17:45:19+08:00 ] 101.226.225.59 /index.php/Weixin/Apiwechat/js_sdk_check.html
INFO: [ app_init ] --START--
INFO: Run Behavior\BuildLiteBehavior [ RunTime:0.000013s ]
INFO: [ app_init ] --END-- [ RunTime:0.000286s ]
INFO: [ app_begin ] --START--
INFO: Run Behavior\ReadHtmlCacheBehavior [ RunTime:0.000391s ]
INFO: [ app_begin ] --END-- [ RunTime:0.000429s ]
SQL: SHOW COLUMNS FROM `yzs_access_token` [ RunTime:0.0251s ]
SQL: SELECT * FROM `yzs_access_token` WHERE ( id=2 ) LIMIT 1   [ RunTime:0.0003s ]
SQL: UPDATE `yzs_access_token` SET `state`='2' WHERE ( id=2 ) [ RunTime:0.0052s ]
SQL: SELECT * FROM `yzs_access_token` WHERE ( id=1 ) LIMIT 1   [ RunTime:0.0002s ]
SQL: UPDATE `yzs_access_token` SET `state`='2' WHERE ( id=1 ) [ RunTime:0.0044s ]
SQL: UPDATE `yzs_access_token` SET `access_token`='3uR0CUHYEZsu2j4PC448ya9ArYLYxDO3P8BQx6AMljw3tLTUgIEsLZ_3m5AZdzGdqM261bPXDvSP92W1z3FQ6_HSSLPGzrK2lme__47bGWSg8kxVQ8kUHsLDqdfpyjnqBKYaAHATCQ',`expires_in`='7200',`t_time`='1510911919',`state`='1' WHERE ( id=1 ) [ RunTime:0.0082s ]
SQL: UPDATE `yzs_access_token` SET `access_token`='kgt8ON7yVITDhtdwci0qecnDEdPLO0pu5tXhmrnxpkY2OlNXxGWqz8wKAMLmM5n5yYYgq_Gvm1CA4uxvLJw6Tw',`expires_in`='7200',`t_time`='1510911919',`state`='1' WHERE ( id=2 ) [ RunTime:0.0044s ]
NOTIC: [8] Uninitialized string offset: 54 /home/wwwroot/cesi3.0.zhiyujinrong.com/Application/Weixin/Controller/ApiwechatController.class.php 第 106 行.
NOTIC: [8] Uninitialized string offset: 52 /home/wwwroot/cesi3.0.zhiyujinrong.com/Application/Weixin/Controller/ApiwechatController.class.php 第 106 行.

[ 2017-11-17T17:45:22+08:00 ] 101.226.225.59 /index.php/Weixin/Apiwechat/initial_check.html
INFO: [ app_init ] --START--
INFO: Run Behavior\BuildLiteBehavior [ RunTime:0.000013s ]
INFO: [ app_init ] --END-- [ RunTime:0.000323s ]
INFO: [ app_begin ] --START--
INFO: Run Behavior\ReadHtmlCacheBehavior [ RunTime:0.000400s ]
INFO: [ app_begin ] --END-- [ RunTime:0.000441s ]
SQL: select * from yzs_territory where higher_up in(select `id` from yzs_territory where name like '%上海市%' and grade='2' and forbidden='1') [ RunTime:0.0502s ]
SQL: SHOW COLUMNS FROM `yzs_territory` [ RunTime:0.0006s ]
SQL: SELECT * FROM `yzs_territory` WHERE ( name like '%上海市%' and grade='2' and forbidden='1' ) LIMIT 1   [ RunTime:0.0002s ]
SQL: SHOW COLUMNS FROM `yzs_house_type` [ RunTime:0.0089s ]
SQL: SELECT * FROM `yzs_house_type`  [ RunTime:0.0002s ]
SQL: SELECT * FROM `yzs_territory` WHERE ( grade != 3 and forbidden='1' )  [ RunTime:0.0004s ]

[ 2017-11-17T17:45:22+08:00 ] 101.226.225.59 /index.php/Weixin/Apply/product_screen.html
INFO: [ app_init ] --START--
INFO: Run Behavior\BuildLiteBehavior [ RunTime:0.000027s ]
INFO: [ app_init ] --END-- [ RunTime:0.000323s ]
INFO: [ app_begin ] --START--
INFO: Run Behavior\ReadHtmlCacheBehavior [ RunTime:0.000418s ]
INFO: [ app_begin ] --END-- [ RunTime:0.000456s ]
NOTIC: [8] Undefined variable: data /home/wwwroot/cesi3.0.zhiyujinrong.com/Application/Weixin/Controller/ApplyController.class.php 第 72 行.
NOTIC: [8] Undefined variable: data /home/wwwroot/cesi3.0.zhiyujinrong.com/Application/Weixin/Controller/ApplyController.class.php 第 75 行.
NOTIC: [8] Undefined variable: data /home/wwwroot/cesi3.0.zhiyujinrong.com/Application/Weixin/Controller/ApplyController.class.php 第 78 行.
NOTIC: [8] Undefined variable: data /home/wwwroot/cesi3.0.zhiyujinrong.com/Application/Weixin/Controller/ApplyController.class.php 第 81 行.
SQL: SHOW COLUMNS FROM `yzs_product` [ RunTime:0.0121s ]
SQL: SELECT * FROM `yzs_product` WHERE ( city like '%1%' )  [ RunTime:0.0003s ]
SQL: select GROUP_CONCAT(name) as city from yzs_territory ter where id in(1) [ RunTime:0.0002s ]
SQL: select GROUP_CONCAT(name) as territory from yzs_territory where id in(2,3,10,12) [ RunTime:0.0002s ]
SQL: select GROUP_CONCAT(name) as house from yzs_house_type where id in(1,2,3) [ RunTime:0.0002s ]
SQL: select GROUP_CONCAT(name) as loans_type from yzs_loans_type where id in(1) [ RunTime:0.0026s ]
SQL: select GROUP_CONCAT(name) as city from yzs_territory ter where id in(1) [ RunTime:0.0002s ]
SQL: select GROUP_CONCAT(name) as territory from yzs_territory where id in(2,3,12) [ RunTime:0.0002s ]
SQL: select GROUP_CONCAT(name) as house from yzs_house_type where id in(1,2,3) [ RunTime:0.0002s ]
SQL: select GROUP_CONCAT(name) as loans_type from yzs_loans_type where id in(1) [ RunTime:0.0002s ]
SQL: select GROUP_CONCAT(name) as city from yzs_territory ter where id in(1) [ RunTime:0.0002s ]
SQL: select GROUP_CONCAT(name) as territory from yzs_territory where id in(2,12,14) [ RunTime:0.0002s ]
SQL: select GROUP_CONCAT(name) as house from yzs_house_type where id in(1,2) [ RunTime:0.0002s ]
SQL: select GROUP_CONCAT(name) as loans_type from yzs_loans_type where id in(1) [ RunTime:0.0002s ]

[ 2017-11-17T17:45:27+08:00 ] 120.204.17.70 /index.php/Weixin/Apply/product.html
INFO: [ app_init ] --START--
INFO: Run Behavior\BuildLiteBehavior [ RunTime:0.000012s ]
INFO: [ app_init ] --END-- [ RunTime:0.000314s ]
INFO: [ app_begin ] --START--
INFO: Run Behavior\ReadHtmlCacheBehavior [ RunTime:0.000577s ]
INFO: [ app_begin ] --END-- [ RunTime:0.000620s ]

[ 2017-11-17T17:46:44+08:00 ] 101.226.225.59 /index.php/Weixin/Apply/product.html
INFO: [ app_init ] --START--
INFO: Run Behavior\BuildLiteBehavior [ RunTime:0.000013s ]
INFO: [ app_init ] --END-- [ RunTime:0.000304s ]
INFO: [ app_begin ] --START--
INFO: Run Behavior\ReadHtmlCacheBehavior [ RunTime:0.000399s ]
INFO: [ app_begin ] --END-- [ RunTime:0.000444s ]
INFO: [ view_parse ] --START--
INFO: [ template_filter ] --START--
INFO: Run Behavior\ContentReplaceBehavior [ RunTime:0.000122s ]
INFO: [ template_filter ] --END-- [ RunTime:0.000176s ]
INFO: Run Behavior\ParseTemplateBehavior [ RunTime:0.009793s ]
INFO: [ view_parse ] --END-- [ RunTime:0.009844s ]
INFO: [ view_filter ] --START--
INFO: Run Behavior\WriteHtmlCacheBehavior [ RunTime:0.000189s ]
INFO: [ view_filter ] --END-- [ RunTime:0.000236s ]
INFO: [ app_end ] --START--
INFO: Run Behavior\ShowPageTraceBehavior [ RunTime:0.000427s ]
INFO: [ app_end ] --END-- [ RunTime:0.000473s ]

[ 2017-11-17T17:46:45+08:00 ] 101.226.225.59 /index.php/Weixin/Apiwechat/js_sdk_check.html
INFO: [ app_init ] --START--
INFO: Run Behavior\BuildLiteBehavior [ RunTime:0.000015s ]
INFO: [ app_init ] --END-- [ RunTime:0.000370s ]
INFO: [ app_begin ] --START--
INFO: Run Behavior\ReadHtmlCacheBehavior [ RunTime:0.000537s ]
INFO: [ app_begin ] --END-- [ RunTime:0.000585s ]
SQL: SHOW COLUMNS FROM `yzs_access_token` [ RunTime:0.0009s ]
SQL: SELECT * FROM `yzs_access_token` WHERE ( id=2 ) LIMIT 1   [ RunTime:0.0005s ]
NOTIC: [8] Uninitialized string offset: 58 /home/wwwroot/cesi3.0.zhiyujinrong.com/Application/Weixin/Controller/ApiwechatController.class.php 第 106 行.
NOTIC: [8] Uninitialized string offset: 60 /home/wwwroot/cesi3.0.zhiyujinrong.com/Application/Weixin/Controller/ApiwechatController.class.php 第 106 行.
NOTIC: [8] Uninitialized string offset: 54 /home/wwwroot/cesi3.0.zhiyujinrong.com/Application/Weixin/Controller/ApiwechatController.class.php 第 106 行.
NOTIC: [8] Uninitialized string offset: 60 /home/wwwroot/cesi3.0.zhiyujinrong.com/Application/Weixin/Controller/ApiwechatController.class.php 第 106 行.

[ 2017-11-17T17:46:48+08:00 ] 101.226.225.59 /index.php/Weixin/Apiwechat/initial_check.html
INFO: [ app_init ] --START--
INFO: Run Behavior\BuildLiteBehavior [ RunTime:0.000013s ]
INFO: [ app_init ] --END-- [ RunTime:0.000316s ]
INFO: [ app_begin ] --START--
INFO: Run Behavior\ReadHtmlCacheBehavior [ RunTime:0.000417s ]
INFO: [ app_begin ] --END-- [ RunTime:0.000456s ]
SQL: select * from yzs_territory where higher_up in(select `id` from yzs_territory where name like '%上海市%' and grade='2' and forbidden='1') [ RunTime:0.0014s ]
SQL: SHOW COLUMNS FROM `yzs_territory` [ RunTime:0.0005s ]
SQL: SELECT * FROM `yzs_territory` WHERE ( name like '%上海市%' and grade='2' and forbidden='1' ) LIMIT 1   [ RunTime:0.0002s ]
SQL: SHOW COLUMNS FROM `yzs_house_type` [ RunTime:0.0003s ]
SQL: SELECT * FROM `yzs_house_type`  [ RunTime:0.0002s ]
SQL: SELECT * FROM `yzs_territory` WHERE ( grade != 3 and forbidden='1' )  [ RunTime:0.0004s ]

[ 2017-11-17T17:46:48+08:00 ] 101.226.225.59 /index.php/Weixin/Apply/product_screen.html
INFO: [ app_init ] --START--
INFO: Run Behavior\BuildLiteBehavior [ RunTime:0.000012s ]
INFO: [ app_init ] --END-- [ RunTime:0.000297s ]
INFO: [ app_begin ] --START--
INFO: Run Behavior\ReadHtmlCacheBehavior [ RunTime:0.000437s ]
INFO: [ app_begin ] --END-- [ RunTime:0.000483s ]
NOTIC: [8] Undefined variable: data /home/wwwroot/cesi3.0.zhiyujinrong.com/Application/Weixin/Controller/ApplyController.class.php 第 72 行.
NOTIC: [8] Undefined variable: data /home/wwwroot/cesi3.0.zhiyujinrong.com/Application/Weixin/Controller/ApplyController.class.php 第 75 行.
NOTIC: [8] Undefined variable: data /home/wwwroot/cesi3.0.zhiyujinrong.com/Application/Weixin/Controller/ApplyController.class.php 第 78 行.
NOTIC: [8] Undefined variable: data /home/wwwroot/cesi3.0.zhiyujinrong.com/Application/Weixin/Controller/ApplyController.class.php 第 81 行.
SQL: SHOW COLUMNS FROM `yzs_product` [ RunTime:0.0011s ]
SQL: SELECT * FROM `yzs_product` WHERE ( city like '%1%' )  [ RunTime:0.0003s ]
SQL: select GROUP_CONCAT(name) as city from yzs_territory ter where id in(1) [ RunTime:0.0002s ]
SQL: select GROUP_CONCAT(name) as territory from yzs_territory where id in(2,3,10,12) [ RunTime:0.0002s ]
SQL: select GROUP_CONCAT(name) as house from yzs_house_type where id in(1,2,3) [ RunTime:0.0002s ]
SQL: select GROUP_CONCAT(name) as loans_type from yzs_loans_type where id in(1) [ RunTime:0.0001s ]
SQL: select GROUP_CONCAT(name) as city from yzs_territory ter where id in(1) [ RunTime:0.0001s ]
SQL: select GROUP_CONCAT(name) as territory from yzs_territory where id in(2,3,12) [ RunTime:0.0002s ]
SQL: select GROUP_CONCAT(name) as house from yzs_house_type where id in(1,2,3) [ RunTime:0.0002s ]
SQL: select GROUP_CONCAT(name) as loans_type from yzs_loans_type where id in(1) [ RunTime:0.0002s ]
SQL: select GROUP_CONCAT(name) as city from yzs_territory ter where id in(1) [ RunTime:0.0002s ]
SQL: select GROUP_CONCAT(name) as territory from yzs_territory where id in(2,12,14) [ RunTime:0.0002s ]
SQL: select GROUP_CONCAT(name) as house from yzs_house_type where id in(1,2) [ RunTime:0.0002s ]
SQL: select GROUP_CONCAT(name) as loans_type from yzs_loans_type where id in(1) [ RunTime:0.0001s ]

