[ 2017-12-06T14:20:19+08:00 ] 101.88.227.71 /index.php/Weixin/Credit/detail/id/18.html
INFO: [ app_init ] --START--
INFO: Run Behavior\BuildLiteBehavior [ RunTime:0.000013s ]
INFO: [ app_init ] --END-- [ RunTime:0.000289s ]
INFO: [ app_begin ] --START--
INFO: Run Behavior\ReadHtmlCacheBehavior [ RunTime:0.000372s ]
INFO: [ app_begin ] --END-- [ RunTime:0.000412s ]
SQL: SHOW COLUMNS FROM `yzs_wxusers` [ RunTime:0.0009s ]
SQL: SELECT * FROM `yzs_wxusers` WHERE ( id=19 ) LIMIT 1   [ RunTime:0.0003s ]
SQL: SHOW COLUMNS FROM `yzs_tofindzx` [ RunTime:0.0007s ]
NOTIC: [8] Use of undefined constant WX_USER_ID - assumed 'WX_USER_ID' /home/wwwroot/cesi3.0.zhiyujinrong.com/Application/Weixin/Controller/CreditController.class.php 第 134 行.
SQL: SELECT * FROM `yzs_tofindzx` WHERE ( id='18' and uid='WX_USER_ID' ) LIMIT 1   [ RunTime:0.0003s ]
NOTIC: [8] Undefined offset: 0 /home/wwwroot/cesi3.0.zhiyujinrong.com/Application/Weixin/Controller/CreditController.class.php 第 143 行.
NOTIC: [8] Undefined index: phone_num /home/wwwroot/cesi3.0.zhiyujinrong.com/Application/Weixin/Controller/CreditController.class.php 第 154 行.
INFO: [ view_parse ] --START--
INFO: [ template_filter ] --START--
INFO: Run Behavior\ContentReplaceBehavior [ RunTime:0.000035s ]
INFO: [ template_filter ] --END-- [ RunTime:0.000072s ]
NOTIC: [8] Undefined index: orderno /home/wwwroot/cesi3.0.zhiyujinrong.com/Application/Runtime/Cache/Weixin/64bef7e0bc3940b8fdfe291a340cf346.php 第 114 行.
NOTIC: [8] Undefined index: errmsg /home/wwwroot/cesi3.0.zhiyujinrong.com/Application/Runtime/Cache/Weixin/64bef7e0bc3940b8fdfe291a340cf346.php 第 117 行.
NOTIC: [8] Undefined index: authorize_num /home/wwwroot/cesi3.0.zhiyujinrong.com/Application/Runtime/Cache/Weixin/64bef7e0bc3940b8fdfe291a340cf346.php 第 121 行.
NOTIC: [8] Undefined index: ly /home/wwwroot/cesi3.0.zhiyujinrong.com/Application/Runtime/Cache/Weixin/64bef7e0bc3940b8fdfe291a340cf346.php 第 122 行.
NOTIC: [8] Undefined index: time /home/wwwroot/cesi3.0.zhiyujinrong.com/Application/Runtime/Cache/Weixin/64bef7e0bc3940b8fdfe291a340cf346.php 第 123 行.
NOTIC: [8] Undefined index: errmsg /home/wwwroot/cesi3.0.zhiyujinrong.com/Application/Runtime/Cache/Weixin/64bef7e0bc3940b8fdfe291a340cf346.php 第 128 行.
NOTIC: [8] Undefined index: id /home/wwwroot/cesi3.0.zhiyujinrong.com/Application/Runtime/Cache/Weixin/64bef7e0bc3940b8fdfe291a340cf346.php 第 143 行.
INFO: Run Behavior\ParseTemplateBehavior [ RunTime:0.006011s ]
INFO: [ view_parse ] --END-- [ RunTime:0.006045s ]
INFO: [ view_filter ] --START--
INFO: Run Behavior\WriteHtmlCacheBehavior [ RunTime:0.000171s ]
INFO: [ view_filter ] --END-- [ RunTime:0.000203s ]
INFO: [ app_end ] --START--
INFO: Run Behavior\ShowPageTraceBehavior [ RunTime:0.000392s ]
INFO: [ app_end ] --END-- [ RunTime:0.000426s ]

[ 2017-12-06T14:20:19+08:00 ] 101.88.227.71 /index.php/Weixin/Credit/detail/id/18.html
INFO: [ app_init ] --START--
INFO: Run Behavior\BuildLiteBehavior [ RunTime:0.000010s ]
INFO: [ app_init ] --END-- [ RunTime:0.000298s ]
INFO: [ app_begin ] --START--
INFO: Run Behavior\ReadHtmlCacheBehavior [ RunTime:0.000407s ]
INFO: [ app_begin ] --END-- [ RunTime:0.000444s ]
SQL: SHOW COLUMNS FROM `yzs_tofindzx` [ RunTime:0.0008s ]
SQL: SELECT * FROM `yzs_tofindzx` WHERE ( id='18' and uid='19' ) LIMIT 1   [ RunTime:0.0003s ]
INFO: [ view_parse ] --START--
INFO: [ template_filter ] --START--
INFO: Run Behavior\ContentReplaceBehavior [ RunTime:0.000033s ]
INFO: [ template_filter ] --END-- [ RunTime:0.000071s ]
INFO: Run Behavior\ParseTemplateBehavior [ RunTime:0.006058s ]
INFO: [ view_parse ] --END-- [ RunTime:0.006105s ]
INFO: [ view_filter ] --START--
INFO: Run Behavior\WriteHtmlCacheBehavior [ RunTime:0.000178s ]
INFO: [ view_filter ] --END-- [ RunTime:0.000212s ]
INFO: [ app_end ] --START--
INFO: Run Behavior\ShowPageTraceBehavior [ RunTime:0.000403s ]
INFO: [ app_end ] --END-- [ RunTime:0.000438s ]

[ 2017-12-06T14:20:27+08:00 ] 101.88.227.71 /index.php/Weixin/Credit/search_history.html
INFO: [ app_init ] --START--
INFO: Run Behavior\BuildLiteBehavior [ RunTime:0.000012s ]
INFO: [ app_init ] --END-- [ RunTime:0.000295s ]
INFO: [ app_begin ] --START--
INFO: Run Behavior\ReadHtmlCacheBehavior [ RunTime:0.000390s ]
INFO: [ app_begin ] --END-- [ RunTime:0.000429s ]
SQL: SHOW COLUMNS FROM `yzs_tofindzx` [ RunTime:0.0010s ]
SQL: SELECT * FROM `yzs_tofindzx` WHERE ( uid='19' )  [ RunTime:0.0005s ]
INFO: [ view_parse ] --START--
INFO: [ template_filter ] --START--
INFO: Run Behavior\ContentReplaceBehavior [ RunTime:0.000080s ]
INFO: [ template_filter ] --END-- [ RunTime:0.000121s ]
INFO: Run Behavior\ParseTemplateBehavior [ RunTime:0.015421s ]
INFO: [ view_parse ] --END-- [ RunTime:0.015462s ]
INFO: [ view_filter ] --START--
INFO: Run Behavior\WriteHtmlCacheBehavior [ RunTime:0.000175s ]
INFO: [ view_filter ] --END-- [ RunTime:0.000208s ]
INFO: [ app_end ] --START--
INFO: Run Behavior\ShowPageTraceBehavior [ RunTime:0.000417s ]
INFO: [ app_end ] --END-- [ RunTime:0.000468s ]

[ 2017-12-06T14:20:37+08:00 ] 120.204.17.46 /index.php/Weixin/Credit/search_history.html
INFO: [ app_init ] --START--
INFO: Run Behavior\BuildLiteBehavior [ RunTime:0.000012s ]
INFO: [ app_init ] --END-- [ RunTime:0.000312s ]
INFO: [ app_begin ] --START--
INFO: Run Behavior\ReadHtmlCacheBehavior [ RunTime:0.000415s ]
INFO: [ app_begin ] --END-- [ RunTime:0.000454s ]

[ 2017-12-06T14:21:35+08:00 ] 101.88.227.71 /index.php/Weixin/Credit/detail/id/19.html
INFO: [ app_init ] --START--
INFO: Run Behavior\BuildLiteBehavior [ RunTime:0.000013s ]
INFO: [ app_init ] --END-- [ RunTime:0.000288s ]
INFO: [ app_begin ] --START--
INFO: Run Behavior\ReadHtmlCacheBehavior [ RunTime:0.000379s ]
INFO: [ app_begin ] --END-- [ RunTime:0.000418s ]
SQL: SHOW COLUMNS FROM `yzs_tofindzx` [ RunTime:0.0010s ]
SQL: SELECT * FROM `yzs_tofindzx` WHERE ( id='19' and uid='19' ) LIMIT 1   [ RunTime:0.0004s ]
INFO: [ view_parse ] --START--
INFO: [ template_filter ] --START--
INFO: Run Behavior\ContentReplaceBehavior [ RunTime:0.000038s ]
INFO: [ template_filter ] --END-- [ RunTime:0.000076s ]
INFO: Run Behavior\ParseTemplateBehavior [ RunTime:0.006102s ]
INFO: [ view_parse ] --END-- [ RunTime:0.006141s ]
INFO: [ view_filter ] --START--
INFO: Run Behavior\WriteHtmlCacheBehavior [ RunTime:0.000189s ]
INFO: [ view_filter ] --END-- [ RunTime:0.000230s ]
INFO: [ app_end ] --START--
INFO: Run Behavior\ShowPageTraceBehavior [ RunTime:0.000409s ]
INFO: [ app_end ] --END-- [ RunTime:0.000444s ]

[ 2017-12-06T14:21:45+08:00 ] 58.247.212.98 /index.php/Weixin/Credit/detail/id/19.html
INFO: [ app_init ] --START--
INFO: Run Behavior\BuildLiteBehavior [ RunTime:0.000013s ]
INFO: [ app_init ] --END-- [ RunTime:0.000310s ]
INFO: [ app_begin ] --START--
INFO: Run Behavior\ReadHtmlCacheBehavior [ RunTime:0.000381s ]
INFO: [ app_begin ] --END-- [ RunTime:0.000420s ]

