[ 2017-12-02T09:01:44+08:00 ] 211.161.240.229 /index.php/Weixin/Credit/detail/id/18.html
INFO: [ app_init ] --START--
INFO: Run Behavior\BuildLiteBehavior [ RunTime:0.000013s ]
INFO: [ app_init ] --END-- [ RunTime:0.000306s ]
INFO: [ app_begin ] --START--
INFO: Run Behavior\ReadHtmlCacheBehavior [ RunTime:0.000404s ]
INFO: [ app_begin ] --END-- [ RunTime:0.000443s ]
SQL: SHOW COLUMNS FROM `yzs_tofindzx` [ RunTime:0.0010s ]
SQL: SELECT * FROM `yzs_tofindzx` WHERE ( id='18' and uid='19' ) LIMIT 1   [ RunTime:0.0003s ]
INFO: [ view_parse ] --START--
INFO: [ template_filter ] --START--
INFO: Run Behavior\ContentReplaceBehavior [ RunTime:0.000035s ]
INFO: [ template_filter ] --END-- [ RunTime:0.000072s ]
INFO: Run Behavior\ParseTemplateBehavior [ RunTime:0.005934s ]
INFO: [ view_parse ] --END-- [ RunTime:0.005972s ]
INFO: [ view_filter ] --START--
INFO: Run Behavior\WriteHtmlCacheBehavior [ RunTime:0.000173s ]
INFO: [ view_filter ] --END-- [ RunTime:0.000206s ]
INFO: [ app_end ] --START--
INFO: Run Behavior\ShowPageTraceBehavior [ RunTime:0.000408s ]
INFO: [ app_end ] --END-- [ RunTime:0.000457s ]

[ 2017-12-02T09:01:46+08:00 ] 211.161.240.229 /index.php/Weixin/Credit/search_history.html
INFO: [ app_init ] --START--
INFO: Run Behavior\BuildLiteBehavior [ RunTime:0.000012s ]
INFO: [ app_init ] --END-- [ RunTime:0.000316s ]
INFO: [ app_begin ] --START--
INFO: Run Behavior\ReadHtmlCacheBehavior [ RunTime:0.000410s ]
INFO: [ app_begin ] --END-- [ RunTime:0.000465s ]
SQL: SHOW COLUMNS FROM `yzs_tofindzx` [ RunTime:0.0010s ]
SQL: SELECT * FROM `yzs_tofindzx` WHERE ( uid='19' )  [ RunTime:0.0005s ]
INFO: [ view_parse ] --START--
INFO: [ template_filter ] --START--
INFO: Run Behavior\ContentReplaceBehavior [ RunTime:0.000074s ]
INFO: [ template_filter ] --END-- [ RunTime:0.000115s ]
INFO: Run Behavior\ParseTemplateBehavior [ RunTime:0.014922s ]
INFO: [ view_parse ] --END-- [ RunTime:0.014964s ]
INFO: [ view_filter ] --START--
INFO: Run Behavior\WriteHtmlCacheBehavior [ RunTime:0.000181s ]
INFO: [ view_filter ] --END-- [ RunTime:0.000228s ]
INFO: [ app_end ] --START--
INFO: Run Behavior\ShowPageTraceBehavior [ RunTime:0.000423s ]
INFO: [ app_end ] --END-- [ RunTime:0.000468s ]

[ 2017-12-02T09:01:57+08:00 ] 183.192.201.97 /index.php/Weixin/Credit/search_history.html
INFO: [ app_init ] --START--
INFO: Run Behavior\BuildLiteBehavior [ RunTime:0.000013s ]
INFO: [ app_init ] --END-- [ RunTime:0.000302s ]
INFO: [ app_begin ] --START--
INFO: Run Behavior\ReadHtmlCacheBehavior [ RunTime:0.000397s ]
INFO: [ app_begin ] --END-- [ RunTime:0.000447s ]

[ 2017-12-02T09:03:11+08:00 ] 211.161.240.229 /index.php/Weixin/Credit/detail/id/18.html
INFO: [ app_init ] --START--
INFO: Run Behavior\BuildLiteBehavior [ RunTime:0.000018s ]
INFO: [ app_init ] --END-- [ RunTime:0.000317s ]
INFO: [ app_begin ] --START--
INFO: Run Behavior\ReadHtmlCacheBehavior [ RunTime:0.000406s ]
INFO: [ app_begin ] --END-- [ RunTime:0.000445s ]

[ 2017-12-02T09:03:19+08:00 ] 211.161.240.229 /index.php/Weixin/Credit/detail/id/18.html
INFO: [ app_init ] --START--
INFO: Run Behavior\BuildLiteBehavior [ RunTime:0.000027s ]
INFO: [ app_init ] --END-- [ RunTime:0.000337s ]
INFO: [ app_begin ] --START--
INFO: Run Behavior\ReadHtmlCacheBehavior [ RunTime:0.000407s ]
INFO: [ app_begin ] --END-- [ RunTime:0.000446s ]
SQL: SHOW COLUMNS FROM `yzs_tofindzx` [ RunTime:0.0010s ]
SQL: SELECT * FROM `yzs_tofindzx` WHERE ( id='18' and uid='19' ) LIMIT 1   [ RunTime:0.0003s ]
INFO: [ view_parse ] --START--
INFO: [ template_filter ] --START--
INFO: Run Behavior\ContentReplaceBehavior [ RunTime:0.000035s ]
INFO: [ template_filter ] --END-- [ RunTime:0.000073s ]
INFO: Run Behavior\ParseTemplateBehavior [ RunTime:0.006015s ]
INFO: [ view_parse ] --END-- [ RunTime:0.006056s ]
INFO: [ view_filter ] --START--
INFO: Run Behavior\WriteHtmlCacheBehavior [ RunTime:0.000183s ]
INFO: [ view_filter ] --END-- [ RunTime:0.000218s ]
INFO: [ app_end ] --START--
INFO: Run Behavior\ShowPageTraceBehavior [ RunTime:0.000400s ]
INFO: [ app_end ] --END-- [ RunTime:0.000434s ]

[ 2017-12-02T09:03:21+08:00 ] 120.204.17.73 /index.php/Weixin/Credit/detail/id/18.html
INFO: [ app_init ] --START--
INFO: Run Behavior\BuildLiteBehavior [ RunTime:0.000012s ]
INFO: [ app_init ] --END-- [ RunTime:0.000307s ]
INFO: [ app_begin ] --START--
INFO: Run Behavior\ReadHtmlCacheBehavior [ RunTime:0.000418s ]
INFO: [ app_begin ] --END-- [ RunTime:0.000457s ]

[ 2017-12-02T09:03:23+08:00 ] 211.161.240.229 /index.php/Weixin/Credit/search_history.html
INFO: [ app_init ] --START--
INFO: Run Behavior\BuildLiteBehavior [ RunTime:0.000013s ]
INFO: [ app_init ] --END-- [ RunTime:0.000287s ]
INFO: [ app_begin ] --START--
INFO: Run Behavior\ReadHtmlCacheBehavior [ RunTime:0.000399s ]
INFO: [ app_begin ] --END-- [ RunTime:0.000438s ]
SQL: SHOW COLUMNS FROM `yzs_tofindzx` [ RunTime:0.0010s ]
SQL: SELECT * FROM `yzs_tofindzx` WHERE ( uid='19' )  [ RunTime:0.0005s ]
INFO: [ view_parse ] --START--
INFO: [ template_filter ] --START--
INFO: Run Behavior\ContentReplaceBehavior [ RunTime:0.000083s ]
INFO: [ template_filter ] --END-- [ RunTime:0.000132s ]
INFO: Run Behavior\ParseTemplateBehavior [ RunTime:0.015580s ]
INFO: [ view_parse ] --END-- [ RunTime:0.015623s ]
INFO: [ view_filter ] --START--
INFO: Run Behavior\WriteHtmlCacheBehavior [ RunTime:0.000184s ]
INFO: [ view_filter ] --END-- [ RunTime:0.000218s ]
INFO: [ app_end ] --START--
INFO: Run Behavior\ShowPageTraceBehavior [ RunTime:0.000455s ]
INFO: [ app_end ] --END-- [ RunTime:0.000500s ]

[ 2017-12-02T09:03:29+08:00 ] 211.161.240.229 /index.php/Weixin/Credit/detail/id/18.html
INFO: [ app_init ] --START--
INFO: Run Behavior\BuildLiteBehavior [ RunTime:0.000013s ]
INFO: [ app_init ] --END-- [ RunTime:0.000297s ]
INFO: [ app_begin ] --START--
INFO: Run Behavior\ReadHtmlCacheBehavior [ RunTime:0.000391s ]
INFO: [ app_begin ] --END-- [ RunTime:0.000444s ]

[ 2017-12-02T09:04:18+08:00 ] 211.161.240.229 /index.php/Weixin/Credit/detail/id/18.html
INFO: [ app_init ] --START--
INFO: Run Behavior\BuildLiteBehavior [ RunTime:0.000012s ]
INFO: [ app_init ] --END-- [ RunTime:0.000289s ]
INFO: [ app_begin ] --START--
INFO: Run Behavior\ReadHtmlCacheBehavior [ RunTime:0.000415s ]
INFO: [ app_begin ] --END-- [ RunTime:0.000455s ]
SQL: SHOW COLUMNS FROM `yzs_tofindzx` [ RunTime:0.0010s ]
SQL: SELECT * FROM `yzs_tofindzx` WHERE ( id='18' and uid='19' ) LIMIT 1   [ RunTime:0.0003s ]
INFO: [ view_parse ] --START--
INFO: [ template_filter ] --START--
INFO: Run Behavior\ContentReplaceBehavior [ RunTime:0.000038s ]
INFO: [ template_filter ] --END-- [ RunTime:0.000074s ]
INFO: Run Behavior\ParseTemplateBehavior [ RunTime:0.006375s ]
INFO: [ view_parse ] --END-- [ RunTime:0.006413s ]
INFO: [ view_filter ] --START--
INFO: Run Behavior\WriteHtmlCacheBehavior [ RunTime:0.000177s ]
INFO: [ view_filter ] --END-- [ RunTime:0.000210s ]
INFO: [ app_end ] --START--
INFO: Run Behavior\ShowPageTraceBehavior [ RunTime:0.000456s ]
INFO: [ app_end ] --END-- [ RunTime:0.000499s ]

[ 2017-12-02T09:04:21+08:00 ] 211.161.240.229 /index.php/Weixin/Credit/search_history.html
INFO: [ app_init ] --START--
INFO: Run Behavior\BuildLiteBehavior [ RunTime:0.000013s ]
INFO: [ app_init ] --END-- [ RunTime:0.000282s ]
INFO: [ app_begin ] --START--
INFO: Run Behavior\ReadHtmlCacheBehavior [ RunTime:0.000377s ]
INFO: [ app_begin ] --END-- [ RunTime:0.000416s ]
SQL: SHOW COLUMNS FROM `yzs_tofindzx` [ RunTime:0.0010s ]
SQL: SELECT * FROM `yzs_tofindzx` WHERE ( uid='19' )  [ RunTime:0.0005s ]
INFO: [ view_parse ] --START--
INFO: [ template_filter ] --START--
INFO: Run Behavior\ContentReplaceBehavior [ RunTime:0.000092s ]
INFO: [ template_filter ] --END-- [ RunTime:0.000135s ]
INFO: Run Behavior\ParseTemplateBehavior [ RunTime:0.016156s ]
INFO: [ view_parse ] --END-- [ RunTime:0.016219s ]
INFO: [ view_filter ] --START--
INFO: Run Behavior\WriteHtmlCacheBehavior [ RunTime:0.000207s ]
INFO: [ view_filter ] --END-- [ RunTime:0.000240s ]
INFO: [ app_end ] --START--
INFO: Run Behavior\ShowPageTraceBehavior [ RunTime:0.000414s ]
INFO: [ app_end ] --END-- [ RunTime:0.000458s ]

[ 2017-12-02T11:14:17+08:00 ] 113.96.218.50 /index.php/Weixin/Apply/product.html
INFO: [ app_init ] --START--
INFO: Run Behavior\BuildLiteBehavior [ RunTime:0.000013s ]
INFO: [ app_init ] --END-- [ RunTime:0.000321s ]
INFO: [ app_begin ] --START--
INFO: Run Behavior\ReadHtmlCacheBehavior [ RunTime:0.000412s ]
INFO: [ app_begin ] --END-- [ RunTime:0.000451s ]
SQL: SHOW COLUMNS FROM `yzs_wxusers` [ RunTime:0.0008s ]
SQL: SELECT * FROM `yzs_wxusers` WHERE ( id=10 ) LIMIT 1   [ RunTime:0.0003s ]
INFO: [ view_parse ] --START--
INFO: [ template_filter ] --START--
INFO: Run Behavior\ContentReplaceBehavior [ RunTime:0.000083s ]
INFO: [ template_filter ] --END-- [ RunTime:0.000122s ]
NOTIC: [8] Undefined variable: html_title /home/wwwroot/cesi3.0.zhiyujinrong.com/Application/Runtime/Cache/Weixin/58e89fd98b4bca12df8da42dd3854b35.php 第 4 行.
INFO: Run Behavior\ParseTemplateBehavior [ RunTime:0.009783s ]
INFO: [ view_parse ] --END-- [ RunTime:0.009822s ]
INFO: [ view_filter ] --START--
INFO: Run Behavior\WriteHtmlCacheBehavior [ RunTime:0.000178s ]
INFO: [ view_filter ] --END-- [ RunTime:0.000212s ]
INFO: [ app_end ] --START--
INFO: Run Behavior\ShowPageTraceBehavior [ RunTime:0.000450s ]
INFO: [ app_end ] --END-- [ RunTime:0.000494s ]

[ 2017-12-02T11:14:18+08:00 ] 113.96.218.50 /index.php/Weixin/Apiwechat/js_sdk_check.html
INFO: [ app_init ] --START--
INFO: Run Behavior\BuildLiteBehavior [ RunTime:0.000012s ]
INFO: [ app_init ] --END-- [ RunTime:0.000312s ]
INFO: [ app_begin ] --START--
INFO: Run Behavior\ReadHtmlCacheBehavior [ RunTime:0.000403s ]
INFO: [ app_begin ] --END-- [ RunTime:0.000441s ]
SQL: SHOW COLUMNS FROM `yzs_access_token` [ RunTime:0.0006s ]
SQL: SELECT * FROM `yzs_access_token` WHERE ( id=2 ) LIMIT 1   [ RunTime:0.0003s ]
SQL: UPDATE `yzs_access_token` SET `state`='2' WHERE ( id=2 ) [ RunTime:0.0123s ]
SQL: SELECT * FROM `yzs_access_token` WHERE ( id=1 ) LIMIT 1   [ RunTime:0.0002s ]
SQL: UPDATE `yzs_access_token` SET `state`='2' WHERE ( id=1 ) [ RunTime:0.0053s ]
SQL: UPDATE `yzs_access_token` SET `access_token`='wuifwlCOSQV-3WArbcVYcVXGL8Yzd_RMumCCXSrVLjvjrj67b2vafITT1K1WJYgDsl5dZ_T8w1KJmCQrmITaBJFcwmlFGonlJ5OwmotHCty1zj5-7ZqgcddUktY3kdeSHILdABAMNQ',`expires_in`='7200',`t_time`='1512184458',`state`='1' WHERE ( id=1 ) [ RunTime:0.0049s ]
SQL: UPDATE `yzs_access_token` SET `access_token`='kgt8ON7yVITDhtdwci0qecnDEdPLO0pu5tXhmrnxpkZIOHtFP7p0W87GO8588jkoPnxJd4pbB92xWkdD0nBeFQ',`expires_in`='7200',`t_time`='1512184458',`state`='1' WHERE ( id=2 ) [ RunTime:0.0055s ]
NOTIC: [8] Uninitialized string offset: 61 /home/wwwroot/cesi3.0.zhiyujinrong.com/Application/Weixin/Controller/ApiwechatController.class.php 第 108 行.
NOTIC: [8] Uninitialized string offset: 52 /home/wwwroot/cesi3.0.zhiyujinrong.com/Application/Weixin/Controller/ApiwechatController.class.php 第 108 行.
NOTIC: [8] Uninitialized string offset: 57 /home/wwwroot/cesi3.0.zhiyujinrong.com/Application/Weixin/Controller/ApiwechatController.class.php 第 108 行.

[ 2017-12-02T11:14:20+08:00 ] 113.96.218.50 /index.php/Weixin/Apiwechat/initial_check.html
INFO: [ app_init ] --START--
INFO: Run Behavior\BuildLiteBehavior [ RunTime:0.000013s ]
INFO: [ app_init ] --END-- [ RunTime:0.000290s ]
INFO: [ app_begin ] --START--
INFO: Run Behavior\ReadHtmlCacheBehavior [ RunTime:0.000383s ]
INFO: [ app_begin ] --END-- [ RunTime:0.000420s ]
SQL: select `id` from yzs_territory where name like '%上海市%' and grade='2' and forbidden='1' [ RunTime:0.0005s ]
SQL: select * from yzs_territory where higher_up in(select `id` from yzs_territory where name like '%上海市%' and grade='2' and forbidden='1') and forbidden='1' [ RunTime:0.0011s ]
SQL: SHOW COLUMNS FROM `yzs_territory` [ RunTime:0.0006s ]
SQL: SELECT * FROM `yzs_territory` WHERE ( name like '%上海市%' and grade='2' and forbidden='1' ) LIMIT 1   [ RunTime:0.0002s ]
SQL: SHOW COLUMNS FROM `yzs_house_type` [ RunTime:0.0004s ]
SQL: SELECT * FROM `yzs_house_type`  [ RunTime:0.0002s ]
SQL: SELECT * FROM `yzs_territory` WHERE ( grade != 3 and forbidden='1' )  [ RunTime:0.0004s ]

[ 2017-12-02T11:14:21+08:00 ] 113.96.218.50 /index.php/Weixin/Apply/product_screen.html
INFO: [ app_init ] --START--
INFO: Run Behavior\BuildLiteBehavior [ RunTime:0.000012s ]
INFO: [ app_init ] --END-- [ RunTime:0.000306s ]
INFO: [ app_begin ] --START--
INFO: Run Behavior\ReadHtmlCacheBehavior [ RunTime:0.000377s ]
INFO: [ app_begin ] --END-- [ RunTime:0.000413s ]
NOTIC: [8] Undefined index: higher_up /home/wwwroot/cesi3.0.zhiyujinrong.com/Application/Weixin/Controller/ApplyController.class.php 第 62 行.
NOTIC: [8] Undefined variable: data /home/wwwroot/cesi3.0.zhiyujinrong.com/Application/Weixin/Controller/ApplyController.class.php 第 90 行.
NOTIC: [8] Undefined variable: data /home/wwwroot/cesi3.0.zhiyujinrong.com/Application/Weixin/Controller/ApplyController.class.php 第 93 行.
NOTIC: [8] Undefined variable: data /home/wwwroot/cesi3.0.zhiyujinrong.com/Application/Weixin/Controller/ApplyController.class.php 第 97 行.
NOTIC: [8] Undefined variable: data /home/wwwroot/cesi3.0.zhiyujinrong.com/Application/Weixin/Controller/ApplyController.class.php 第 100 行.
SQL: SHOW COLUMNS FROM `yzs_product` [ RunTime:0.0012s ]
SQL: SELECT * FROM `yzs_product`  [ RunTime:0.0003s ]
SQL: select GROUP_CONCAT(name) as city from yzs_territory ter where id in(97) [ RunTime:0.0002s ]
SQL: select GROUP_CONCAT(name) as territory from yzs_territory where id in(8) [ RunTime:0.0001s ]
SQL: select GROUP_CONCAT(name) as house from yzs_house_type where id in(3,14,15) [ RunTime:0.0002s ]
SQL: select GROUP_CONCAT(name) as loans_type from yzs_loans_type where id in(1) [ RunTime:0.0002s ]
SQL: select GROUP_CONCAT(name) as city from yzs_territory ter where id in(1) [ RunTime:0.0002s ]
SQL: select GROUP_CONCAT(name) as territory from yzs_territory where id in(2,3,10,12) [ RunTime:0.0002s ]
SQL: select GROUP_CONCAT(name) as house from yzs_house_type where id in(3,14,15) [ RunTime:0.0002s ]
SQL: select GROUP_CONCAT(name) as loans_type from yzs_loans_type where id in(1) [ RunTime:0.0001s ]
SQL: select GROUP_CONCAT(name) as city from yzs_territory ter where id in(1) [ RunTime:0.0001s ]
SQL: select GROUP_CONCAT(name) as territory from yzs_territory where id in(3,4,5,6,12,13,14,15,435,438,439) [ RunTime:0.0002s ]
SQL: select GROUP_CONCAT(name) as house from yzs_house_type where id in(3,14,15) [ RunTime:0.0002s ]
SQL: select GROUP_CONCAT(name) as loans_type from yzs_loans_type where id in(1) [ RunTime:0.0001s ]
SQL: select GROUP_CONCAT(name) as city from yzs_territory ter where id in(1,97) [ RunTime:0.0002s ]
SQL: select GROUP_CONCAT(name) as territory from yzs_territory where id in(3,6,12,14,438,8,99) [ RunTime:0.0002s ]
SQL: select GROUP_CONCAT(name) as house from yzs_house_type where id in(3,14,15) [ RunTime:0.0002s ]
SQL: select GROUP_CONCAT(name) as loans_type from yzs_loans_type where id in(1) [ RunTime:0.0001s ]

[ 2017-12-02T11:14:36+08:00 ] 113.96.218.50 /index.php/Weixin/Apiwechat/initial_check.html
INFO: [ app_init ] --START--
INFO: Run Behavior\BuildLiteBehavior [ RunTime:0.000013s ]
INFO: [ app_init ] --END-- [ RunTime:0.000295s ]
INFO: [ app_begin ] --START--
INFO: Run Behavior\ReadHtmlCacheBehavior [ RunTime:0.000387s ]
INFO: [ app_begin ] --END-- [ RunTime:0.000424s ]
SQL: select `id` from yzs_territory where name like '%苏州市%' and grade='2' and forbidden='1' [ RunTime:0.0005s ]
SQL: select * from yzs_territory where higher_up in(select `id` from yzs_territory where name like '%苏州市%' and grade='2' and forbidden='1') and forbidden='1' [ RunTime:0.0010s ]
SQL: SHOW COLUMNS FROM `yzs_territory` [ RunTime:0.0006s ]
SQL: SELECT * FROM `yzs_territory` WHERE ( name like '%苏州市%' and grade='2' and forbidden='1' ) LIMIT 1   [ RunTime:0.0002s ]
SQL: SHOW COLUMNS FROM `yzs_house_type` [ RunTime:0.0004s ]
SQL: SELECT * FROM `yzs_house_type`  [ RunTime:0.0002s ]
SQL: SELECT * FROM `yzs_territory` WHERE ( grade != 3 and forbidden='1' )  [ RunTime:0.0003s ]

[ 2017-12-02T11:14:36+08:00 ] 113.96.218.50 /index.php/Weixin/Apply/product_screen.html
INFO: [ app_init ] --START--
INFO: Run Behavior\BuildLiteBehavior [ RunTime:0.000011s ]
INFO: [ app_init ] --END-- [ RunTime:0.000286s ]
INFO: [ app_begin ] --START--
INFO: Run Behavior\ReadHtmlCacheBehavior [ RunTime:0.000394s ]
INFO: [ app_begin ] --END-- [ RunTime:0.000434s ]
NOTIC: [8] Undefined variable: data /home/wwwroot/cesi3.0.zhiyujinrong.com/Application/Weixin/Controller/ApplyController.class.php 第 90 行.
NOTIC: [8] Undefined variable: data /home/wwwroot/cesi3.0.zhiyujinrong.com/Application/Weixin/Controller/ApplyController.class.php 第 93 行.
NOTIC: [8] Undefined variable: data /home/wwwroot/cesi3.0.zhiyujinrong.com/Application/Weixin/Controller/ApplyController.class.php 第 97 行.
NOTIC: [8] Undefined variable: data /home/wwwroot/cesi3.0.zhiyujinrong.com/Application/Weixin/Controller/ApplyController.class.php 第 100 行.
SQL: SHOW COLUMNS FROM `yzs_product` [ RunTime:0.0010s ]
SQL: SELECT * FROM `yzs_product` WHERE ( state='1' and  find_in_set('8', territory) )  [ RunTime:0.0003s ]
SQL: select GROUP_CONCAT(name) as city from yzs_territory ter where id in(97) [ RunTime:0.0002s ]
SQL: select GROUP_CONCAT(name) as territory from yzs_territory where id in(8) [ RunTime:0.0002s ]
SQL: select GROUP_CONCAT(name) as house from yzs_house_type where id in(3,14,15) [ RunTime:0.0002s ]
SQL: select GROUP_CONCAT(name) as loans_type from yzs_loans_type where id in(1) [ RunTime:0.0001s ]
SQL: select GROUP_CONCAT(name) as city from yzs_territory ter where id in(1,97) [ RunTime:0.0002s ]
SQL: select GROUP_CONCAT(name) as territory from yzs_territory where id in(3,6,12,14,438,8,99) [ RunTime:0.0002s ]
SQL: select GROUP_CONCAT(name) as house from yzs_house_type where id in(3,14,15) [ RunTime:0.0002s ]
SQL: select GROUP_CONCAT(name) as loans_type from yzs_loans_type where id in(1) [ RunTime:0.0001s ]

[ 2017-12-02T11:14:40+08:00 ] 113.96.218.50 /index.php/Weixin/Apiwechat/initial_check.html
INFO: [ app_init ] --START--
INFO: Run Behavior\BuildLiteBehavior [ RunTime:0.000012s ]
INFO: [ app_init ] --END-- [ RunTime:0.000282s ]
INFO: [ app_begin ] --START--
INFO: Run Behavior\ReadHtmlCacheBehavior [ RunTime:0.000378s ]
INFO: [ app_begin ] --END-- [ RunTime:0.000424s ]
SQL: select `id` from yzs_territory where name like '%无锡市%' and grade='2' and forbidden='1' [ RunTime:0.0005s ]
SQL: select * from yzs_territory where higher_up in(select `id` from yzs_territory where name like '%无锡市%' and grade='2' and forbidden='1') and forbidden='1' [ RunTime:0.0011s ]
SQL: SHOW COLUMNS FROM `yzs_territory` [ RunTime:0.0005s ]
SQL: SELECT * FROM `yzs_territory` WHERE ( name like '%无锡市%' and grade='2' and forbidden='1' ) LIMIT 1   [ RunTime:0.0002s ]
SQL: SHOW COLUMNS FROM `yzs_house_type` [ RunTime:0.0003s ]
SQL: SELECT * FROM `yzs_house_type`  [ RunTime:0.0001s ]
SQL: SELECT * FROM `yzs_territory` WHERE ( grade != 3 and forbidden='1' )  [ RunTime:0.0003s ]

[ 2017-12-02T11:14:40+08:00 ] 113.96.218.50 /index.php/Weixin/Apply/product_screen.html
INFO: [ app_init ] --START--
INFO: Run Behavior\BuildLiteBehavior [ RunTime:0.000010s ]
INFO: [ app_init ] --END-- [ RunTime:0.000273s ]
INFO: [ app_begin ] --START--
INFO: Run Behavior\ReadHtmlCacheBehavior [ RunTime:0.000374s ]
INFO: [ app_begin ] --END-- [ RunTime:0.000411s ]
NOTIC: [8] Undefined variable: data /home/wwwroot/cesi3.0.zhiyujinrong.com/Application/Weixin/Controller/ApplyController.class.php 第 90 行.
NOTIC: [8] Undefined variable: data /home/wwwroot/cesi3.0.zhiyujinrong.com/Application/Weixin/Controller/ApplyController.class.php 第 93 行.
NOTIC: [8] Undefined variable: data /home/wwwroot/cesi3.0.zhiyujinrong.com/Application/Weixin/Controller/ApplyController.class.php 第 97 行.
NOTIC: [8] Undefined variable: data /home/wwwroot/cesi3.0.zhiyujinrong.com/Application/Weixin/Controller/ApplyController.class.php 第 100 行.
SQL: SHOW COLUMNS FROM `yzs_product` [ RunTime:0.0010s ]
SQL: SELECT * FROM `yzs_product` WHERE ( state='1' and  find_in_set('99', territory) )  [ RunTime:0.0003s ]
SQL: select GROUP_CONCAT(name) as city from yzs_territory ter where id in(1,97) [ RunTime:0.0002s ]
SQL: select GROUP_CONCAT(name) as territory from yzs_territory where id in(3,6,12,14,438,8,99) [ RunTime:0.0002s ]
SQL: select GROUP_CONCAT(name) as house from yzs_house_type where id in(3,14,15) [ RunTime:0.0002s ]
SQL: select GROUP_CONCAT(name) as loans_type from yzs_loans_type where id in(1) [ RunTime:0.0002s ]

[ 2017-12-02T11:14:45+08:00 ] 113.96.218.50 /index.php/Weixin/Apiwechat/initial_check.html
INFO: [ app_init ] --START--
INFO: Run Behavior\BuildLiteBehavior [ RunTime:0.000013s ]
INFO: [ app_init ] --END-- [ RunTime:0.000289s ]
INFO: [ app_begin ] --START--
INFO: Run Behavior\ReadHtmlCacheBehavior [ RunTime:0.000397s ]
INFO: [ app_begin ] --END-- [ RunTime:0.000435s ]
SQL: select `id` from yzs_territory where name like '%北京市%' and grade='2' and forbidden='1' [ RunTime:0.0005s ]
SQL: select * from yzs_territory where higher_up in(select `id` from yzs_territory where name like '%北京市%' and grade='2' and forbidden='1') and forbidden='1' [ RunTime:0.0011s ]
SQL: SHOW COLUMNS FROM `yzs_territory` [ RunTime:0.0005s ]
SQL: SELECT * FROM `yzs_territory` WHERE ( name like '%北京市%' and grade='2' and forbidden='1' ) LIMIT 1   [ RunTime:0.0002s ]
SQL: SHOW COLUMNS FROM `yzs_house_type` [ RunTime:0.0004s ]
SQL: SELECT * FROM `yzs_house_type`  [ RunTime:0.0005s ]
SQL: SELECT * FROM `yzs_territory` WHERE ( grade != 3 and forbidden='1' )  [ RunTime:0.0004s ]

[ 2017-12-02T11:14:45+08:00 ] 113.96.218.50 /index.php/Weixin/Apply/product_screen.html
INFO: [ app_init ] --START--
INFO: Run Behavior\BuildLiteBehavior [ RunTime:0.000011s ]
INFO: [ app_init ] --END-- [ RunTime:0.000296s ]
INFO: [ app_begin ] --START--
INFO: Run Behavior\ReadHtmlCacheBehavior [ RunTime:0.000398s ]
INFO: [ app_begin ] --END-- [ RunTime:0.000435s ]
NOTIC: [8] Undefined variable: data /home/wwwroot/cesi3.0.zhiyujinrong.com/Application/Weixin/Controller/ApplyController.class.php 第 90 行.
NOTIC: [8] Undefined variable: data /home/wwwroot/cesi3.0.zhiyujinrong.com/Application/Weixin/Controller/ApplyController.class.php 第 93 行.
NOTIC: [8] Undefined variable: data /home/wwwroot/cesi3.0.zhiyujinrong.com/Application/Weixin/Controller/ApplyController.class.php 第 97 行.
NOTIC: [8] Undefined variable: data /home/wwwroot/cesi3.0.zhiyujinrong.com/Application/Weixin/Controller/ApplyController.class.php 第 100 行.
SQL: SHOW COLUMNS FROM `yzs_product` [ RunTime:0.0011s ]
SQL: SELECT * FROM `yzs_product` WHERE ( state='1' and  find_in_set('18', city) )  [ RunTime:0.0003s ]

[ 2017-12-02T11:14:47+08:00 ] 113.96.218.50 /index.php/Weixin/Apiwechat/initial_check.html
INFO: [ app_init ] --START--
INFO: Run Behavior\BuildLiteBehavior [ RunTime:0.000011s ]
INFO: [ app_init ] --END-- [ RunTime:0.000296s ]
INFO: [ app_begin ] --START--
INFO: Run Behavior\ReadHtmlCacheBehavior [ RunTime:0.000399s ]
INFO: [ app_begin ] --END-- [ RunTime:0.000441s ]
SQL: select `id` from yzs_territory where name like '%重庆市%' and grade='2' and forbidden='1' [ RunTime:0.0006s ]
SQL: select * from yzs_territory where higher_up in(select `id` from yzs_territory where name like '%重庆市%' and grade='2' and forbidden='1') and forbidden='1' [ RunTime:0.0012s ]
SQL: SHOW COLUMNS FROM `yzs_territory` [ RunTime:0.0005s ]
SQL: SELECT * FROM `yzs_territory` WHERE ( name like '%重庆市%' and grade='2' and forbidden='1' ) LIMIT 1   [ RunTime:0.0002s ]
SQL: SHOW COLUMNS FROM `yzs_house_type` [ RunTime:0.0004s ]
SQL: SELECT * FROM `yzs_house_type`  [ RunTime:0.0002s ]
SQL: SELECT * FROM `yzs_territory` WHERE ( grade != 3 and forbidden='1' )  [ RunTime:0.0004s ]

[ 2017-12-02T11:14:48+08:00 ] 113.96.218.50 /index.php/Weixin/Apply/product_screen.html
INFO: [ app_init ] --START--
INFO: Run Behavior\BuildLiteBehavior [ RunTime:0.000011s ]
INFO: [ app_init ] --END-- [ RunTime:0.000294s ]
INFO: [ app_begin ] --START--
INFO: Run Behavior\ReadHtmlCacheBehavior [ RunTime:0.000401s ]
INFO: [ app_begin ] --END-- [ RunTime:0.000438s ]
NOTIC: [8] Undefined variable: data /home/wwwroot/cesi3.0.zhiyujinrong.com/Application/Weixin/Controller/ApplyController.class.php 第 90 行.
NOTIC: [8] Undefined variable: data /home/wwwroot/cesi3.0.zhiyujinrong.com/Application/Weixin/Controller/ApplyController.class.php 第 93 行.
NOTIC: [8] Undefined variable: data /home/wwwroot/cesi3.0.zhiyujinrong.com/Application/Weixin/Controller/ApplyController.class.php 第 97 行.
NOTIC: [8] Undefined variable: data /home/wwwroot/cesi3.0.zhiyujinrong.com/Application/Weixin/Controller/ApplyController.class.php 第 100 行.
SQL: SHOW COLUMNS FROM `yzs_product` [ RunTime:0.0013s ]
SQL: SELECT * FROM `yzs_product` WHERE ( state='1' and  find_in_set('16', city) )  [ RunTime:0.0003s ]

[ 2017-12-02T11:14:50+08:00 ] 113.96.218.50 /index.php/Weixin/Apiwechat/initial_check.html
INFO: [ app_init ] --START--
INFO: Run Behavior\BuildLiteBehavior [ RunTime:0.000012s ]
INFO: [ app_init ] --END-- [ RunTime:0.000293s ]
INFO: [ app_begin ] --START--
INFO: Run Behavior\ReadHtmlCacheBehavior [ RunTime:0.000397s ]
INFO: [ app_begin ] --END-- [ RunTime:0.000434s ]
SQL: select `id` from yzs_territory where name like '%上海市%' and grade='2' and forbidden='1' [ RunTime:0.0006s ]
SQL: select * from yzs_territory where higher_up in(select `id` from yzs_territory where name like '%上海市%' and grade='2' and forbidden='1') and forbidden='1' [ RunTime:0.0012s ]
SQL: SHOW COLUMNS FROM `yzs_territory` [ RunTime:0.0006s ]
SQL: SELECT * FROM `yzs_territory` WHERE ( name like '%上海市%' and grade='2' and forbidden='1' ) LIMIT 1   [ RunTime:0.0002s ]
SQL: SHOW COLUMNS FROM `yzs_house_type` [ RunTime:0.0004s ]
SQL: SELECT * FROM `yzs_house_type`  [ RunTime:0.0002s ]
SQL: SELECT * FROM `yzs_territory` WHERE ( grade != 3 and forbidden='1' )  [ RunTime:0.0004s ]

[ 2017-12-02T11:14:50+08:00 ] 113.96.218.50 /index.php/Weixin/Apply/product_screen.html
INFO: [ app_init ] --START--
INFO: Run Behavior\BuildLiteBehavior [ RunTime:0.000013s ]
INFO: [ app_init ] --END-- [ RunTime:0.000294s ]
INFO: [ app_begin ] --START--
INFO: Run Behavior\ReadHtmlCacheBehavior [ RunTime:0.000397s ]
INFO: [ app_begin ] --END-- [ RunTime:0.000442s ]
NOTIC: [8] Undefined variable: data /home/wwwroot/cesi3.0.zhiyujinrong.com/Application/Weixin/Controller/ApplyController.class.php 第 90 行.
NOTIC: [8] Undefined variable: data /home/wwwroot/cesi3.0.zhiyujinrong.com/Application/Weixin/Controller/ApplyController.class.php 第 93 行.
NOTIC: [8] Undefined variable: data /home/wwwroot/cesi3.0.zhiyujinrong.com/Application/Weixin/Controller/ApplyController.class.php 第 97 行.
NOTIC: [8] Undefined variable: data /home/wwwroot/cesi3.0.zhiyujinrong.com/Application/Weixin/Controller/ApplyController.class.php 第 100 行.
SQL: SHOW COLUMNS FROM `yzs_product` [ RunTime:0.0013s ]
SQL: SELECT * FROM `yzs_product` WHERE ( state='1' and  find_in_set('1', city) )  [ RunTime:0.0004s ]
SQL: select GROUP_CONCAT(name) as city from yzs_territory ter where id in(1) [ RunTime:0.0002s ]
SQL: select GROUP_CONCAT(name) as territory from yzs_territory where id in(2,3,10,12) [ RunTime:0.0003s ]
SQL: select GROUP_CONCAT(name) as house from yzs_house_type where id in(3,14,15) [ RunTime:0.0002s ]
SQL: select GROUP_CONCAT(name) as loans_type from yzs_loans_type where id in(1) [ RunTime:0.0002s ]
SQL: select GROUP_CONCAT(name) as city from yzs_territory ter where id in(1) [ RunTime:0.0002s ]
SQL: select GROUP_CONCAT(name) as territory from yzs_territory where id in(3,4,5,6,12,13,14,15,435,438,439) [ RunTime:0.0002s ]
SQL: select GROUP_CONCAT(name) as house from yzs_house_type where id in(3,14,15) [ RunTime:0.0003s ]
SQL: select GROUP_CONCAT(name) as loans_type from yzs_loans_type where id in(1) [ RunTime:0.0002s ]
SQL: select GROUP_CONCAT(name) as city from yzs_territory ter where id in(1,97) [ RunTime:0.0002s ]
SQL: select GROUP_CONCAT(name) as territory from yzs_territory where id in(3,6,12,14,438,8,99) [ RunTime:0.0002s ]
SQL: select GROUP_CONCAT(name) as house from yzs_house_type where id in(3,14,15) [ RunTime:0.0002s ]
SQL: select GROUP_CONCAT(name) as loans_type from yzs_loans_type where id in(1) [ RunTime:0.0002s ]

[ 2017-12-02T13:22:32+08:00 ] 211.161.240.229 /index.php/Weixin/Credit/detail/id/18.html
INFO: [ app_init ] --START--
INFO: Run Behavior\BuildLiteBehavior [ RunTime:0.000013s ]
INFO: [ app_init ] --END-- [ RunTime:0.000305s ]
INFO: [ app_begin ] --START--
INFO: Run Behavior\ReadHtmlCacheBehavior [ RunTime:0.000401s ]
INFO: [ app_begin ] --END-- [ RunTime:0.000440s ]
SQL: SHOW COLUMNS FROM `yzs_tofindzx` [ RunTime:0.0010s ]
SQL: SELECT * FROM `yzs_tofindzx` WHERE ( id='18' and uid='19' ) LIMIT 1   [ RunTime:0.0003s ]
INFO: [ view_parse ] --START--
INFO: [ template_filter ] --START--
INFO: Run Behavior\ContentReplaceBehavior [ RunTime:0.000036s ]
INFO: [ template_filter ] --END-- [ RunTime:0.000074s ]
INFO: Run Behavior\ParseTemplateBehavior [ RunTime:0.006387s ]
INFO: [ view_parse ] --END-- [ RunTime:0.006425s ]
INFO: [ view_filter ] --START--
INFO: Run Behavior\WriteHtmlCacheBehavior [ RunTime:0.000185s ]
INFO: [ view_filter ] --END-- [ RunTime:0.000218s ]
INFO: [ app_end ] --START--
INFO: Run Behavior\ShowPageTraceBehavior [ RunTime:0.000449s ]
INFO: [ app_end ] --END-- [ RunTime:0.000484s ]

[ 2017-12-02T13:22:37+08:00 ] 211.161.240.229 /index.php/Weixin/Credit/search_history.html
INFO: [ app_init ] --START--
INFO: Run Behavior\BuildLiteBehavior [ RunTime:0.000013s ]
INFO: [ app_init ] --END-- [ RunTime:0.000302s ]
INFO: [ app_begin ] --START--
INFO: Run Behavior\ReadHtmlCacheBehavior [ RunTime:0.000443s ]
INFO: [ app_begin ] --END-- [ RunTime:0.000487s ]
SQL: SHOW COLUMNS FROM `yzs_tofindzx` [ RunTime:0.0009s ]
SQL: SELECT * FROM `yzs_tofindzx` WHERE ( uid='19' )  [ RunTime:0.0005s ]
INFO: [ view_parse ] --START--
INFO: [ template_filter ] --START--
INFO: Run Behavior\ContentReplaceBehavior [ RunTime:0.000074s ]
INFO: [ template_filter ] --END-- [ RunTime:0.000120s ]
INFO: Run Behavior\ParseTemplateBehavior [ RunTime:0.015057s ]
INFO: [ view_parse ] --END-- [ RunTime:0.015099s ]
INFO: [ view_filter ] --START--
INFO: Run Behavior\WriteHtmlCacheBehavior [ RunTime:0.000190s ]
INFO: [ view_filter ] --END-- [ RunTime:0.000223s ]
INFO: [ app_end ] --START--
INFO: Run Behavior\ShowPageTraceBehavior [ RunTime:0.000445s ]
INFO: [ app_end ] --END-- [ RunTime:0.000497s ]

[ 2017-12-02T13:38:12+08:00 ] 211.161.240.229 /index.php/Weixin/Credit/detail/id/18.html
INFO: [ app_init ] --START--
INFO: Run Behavior\BuildLiteBehavior [ RunTime:0.000013s ]
INFO: [ app_init ] --END-- [ RunTime:0.000406s ]
INFO: [ app_begin ] --START--
INFO: Run Behavior\ReadHtmlCacheBehavior [ RunTime:0.000457s ]
INFO: [ app_begin ] --END-- [ RunTime:0.000507s ]
SQL: SHOW COLUMNS FROM `yzs_tofindzx` [ RunTime:0.0010s ]
SQL: SELECT * FROM `yzs_tofindzx` WHERE ( id='18' and uid='19' ) LIMIT 1   [ RunTime:0.0003s ]
INFO: [ view_parse ] --START--
INFO: [ template_filter ] --START--
INFO: Run Behavior\ContentReplaceBehavior [ RunTime:0.000036s ]
INFO: [ template_filter ] --END-- [ RunTime:0.000072s ]
INFO: Run Behavior\ParseTemplateBehavior [ RunTime:0.005966s ]
INFO: [ view_parse ] --END-- [ RunTime:0.006003s ]
INFO: [ view_filter ] --START--
INFO: Run Behavior\WriteHtmlCacheBehavior [ RunTime:0.000174s ]
INFO: [ view_filter ] --END-- [ RunTime:0.000206s ]
INFO: [ app_end ] --START--
INFO: Run Behavior\ShowPageTraceBehavior [ RunTime:0.000413s ]
INFO: [ app_end ] --END-- [ RunTime:0.000447s ]

[ 2017-12-02T13:38:15+08:00 ] 211.161.240.229 /index.php/Weixin/Credit/search_history.html
INFO: [ app_init ] --START--
INFO: Run Behavior\BuildLiteBehavior [ RunTime:0.000013s ]
INFO: [ app_init ] --END-- [ RunTime:0.000295s ]
INFO: [ app_begin ] --START--
INFO: Run Behavior\ReadHtmlCacheBehavior [ RunTime:0.000385s ]
INFO: [ app_begin ] --END-- [ RunTime:0.000425s ]
SQL: SHOW COLUMNS FROM `yzs_tofindzx` [ RunTime:0.0010s ]
SQL: SELECT * FROM `yzs_tofindzx` WHERE ( uid='19' )  [ RunTime:0.0005s ]
INFO: [ view_parse ] --START--
INFO: [ template_filter ] --START--
INFO: Run Behavior\ContentReplaceBehavior [ RunTime:0.000072s ]
INFO: [ template_filter ] --END-- [ RunTime:0.000112s ]
INFO: Run Behavior\ParseTemplateBehavior [ RunTime:0.015105s ]
INFO: [ view_parse ] --END-- [ RunTime:0.015146s ]
INFO: [ view_filter ] --START--
INFO: Run Behavior\WriteHtmlCacheBehavior [ RunTime:0.000176s ]
INFO: [ view_filter ] --END-- [ RunTime:0.000210s ]
INFO: [ app_end ] --START--
INFO: Run Behavior\ShowPageTraceBehavior [ RunTime:0.000411s ]
INFO: [ app_end ] --END-- [ RunTime:0.000453s ]

[ 2017-12-02T13:38:23+08:00 ] 211.161.240.229 /index.php/Weixin/Credit/detail/id/23.html
INFO: [ app_init ] --START--
INFO: Run Behavior\BuildLiteBehavior [ RunTime:0.000013s ]
INFO: [ app_init ] --END-- [ RunTime:0.000308s ]
INFO: [ app_begin ] --START--
INFO: Run Behavior\ReadHtmlCacheBehavior [ RunTime:0.000416s ]
INFO: [ app_begin ] --END-- [ RunTime:0.000455s ]
SQL: SHOW COLUMNS FROM `yzs_tofindzx` [ RunTime:0.0010s ]
SQL: SELECT * FROM `yzs_tofindzx` WHERE ( id='23' and uid='19' ) LIMIT 1   [ RunTime:0.0003s ]
INFO: [ view_parse ] --START--
INFO: [ template_filter ] --START--
INFO: Run Behavior\ContentReplaceBehavior [ RunTime:0.000062s ]
INFO: [ template_filter ] --END-- [ RunTime:0.000110s ]
INFO: Run Behavior\ParseTemplateBehavior [ RunTime:0.005927s ]
INFO: [ view_parse ] --END-- [ RunTime:0.005966s ]
INFO: [ view_filter ] --START--
INFO: Run Behavior\WriteHtmlCacheBehavior [ RunTime:0.000179s ]
INFO: [ view_filter ] --END-- [ RunTime:0.000230s ]
INFO: [ app_end ] --START--
INFO: Run Behavior\ShowPageTraceBehavior [ RunTime:0.000400s ]
INFO: [ app_end ] --END-- [ RunTime:0.000434s ]

[ 2017-12-02T13:38:26+08:00 ] 211.161.240.229 /index.php/Weixin/Credit/search_history.html
INFO: [ app_init ] --START--
INFO: Run Behavior\BuildLiteBehavior [ RunTime:0.000012s ]
INFO: [ app_init ] --END-- [ RunTime:0.000330s ]
INFO: [ app_begin ] --START--
INFO: Run Behavior\ReadHtmlCacheBehavior [ RunTime:0.000414s ]
INFO: [ app_begin ] --END-- [ RunTime:0.000454s ]
SQL: SHOW COLUMNS FROM `yzs_tofindzx` [ RunTime:0.0009s ]
SQL: SELECT * FROM `yzs_tofindzx` WHERE ( uid='19' )  [ RunTime:0.0005s ]
INFO: [ view_parse ] --START--
INFO: [ template_filter ] --START--
INFO: Run Behavior\ContentReplaceBehavior [ RunTime:0.000075s ]
INFO: [ template_filter ] --END-- [ RunTime:0.000115s ]
INFO: Run Behavior\ParseTemplateBehavior [ RunTime:0.016845s ]
INFO: [ view_parse ] --END-- [ RunTime:0.016889s ]
INFO: [ view_filter ] --START--
INFO: Run Behavior\WriteHtmlCacheBehavior [ RunTime:0.000193s ]
INFO: [ view_filter ] --END-- [ RunTime:0.000227s ]
INFO: [ app_end ] --START--
INFO: Run Behavior\ShowPageTraceBehavior [ RunTime:0.000453s ]
INFO: [ app_end ] --END-- [ RunTime:0.000499s ]

[ 2017-12-02T13:38:33+08:00 ] 211.161.240.229 /index.php/Weixin/Credit/detail/id/29.html
INFO: [ app_init ] --START--
INFO: Run Behavior\BuildLiteBehavior [ RunTime:0.000013s ]
INFO: [ app_init ] --END-- [ RunTime:0.000294s ]
INFO: [ app_begin ] --START--
INFO: Run Behavior\ReadHtmlCacheBehavior [ RunTime:0.000383s ]
INFO: [ app_begin ] --END-- [ RunTime:0.000422s ]
SQL: SHOW COLUMNS FROM `yzs_tofindzx` [ RunTime:0.0010s ]
SQL: SELECT * FROM `yzs_tofindzx` WHERE ( id='29' and uid='19' ) LIMIT 1   [ RunTime:0.0003s ]
INFO: [ view_parse ] --START--
INFO: [ template_filter ] --START--
INFO: Run Behavior\ContentReplaceBehavior [ RunTime:0.000035s ]
INFO: [ template_filter ] --END-- [ RunTime:0.000071s ]
INFO: Run Behavior\ParseTemplateBehavior [ RunTime:0.005846s ]
INFO: [ view_parse ] --END-- [ RunTime:0.005885s ]
INFO: [ view_filter ] --START--
INFO: Run Behavior\WriteHtmlCacheBehavior [ RunTime:0.000189s ]
INFO: [ view_filter ] --END-- [ RunTime:0.000223s ]
INFO: [ app_end ] --START--
INFO: Run Behavior\ShowPageTraceBehavior [ RunTime:0.000397s ]
INFO: [ app_end ] --END-- [ RunTime:0.000429s ]

[ 2017-12-02T13:38:43+08:00 ] 120.204.17.67 /index.php/Weixin/Credit/detail/id/29.html
INFO: [ app_init ] --START--
INFO: Run Behavior\BuildLiteBehavior [ RunTime:0.000013s ]
INFO: [ app_init ] --END-- [ RunTime:0.000287s ]
INFO: [ app_begin ] --START--
INFO: Run Behavior\ReadHtmlCacheBehavior [ RunTime:0.000397s ]
INFO: [ app_begin ] --END-- [ RunTime:0.000446s ]

[ 2017-12-02T14:22:17+08:00 ] 211.161.240.229 /index.php/Weixin/Credit/detail/id/18.html
INFO: [ app_init ] --START--
INFO: Run Behavior\BuildLiteBehavior [ RunTime:0.000013s ]
INFO: [ app_init ] --END-- [ RunTime:0.000301s ]
INFO: [ app_begin ] --START--
INFO: Run Behavior\ReadHtmlCacheBehavior [ RunTime:0.000391s ]
INFO: [ app_begin ] --END-- [ RunTime:0.000430s ]
SQL: SHOW COLUMNS FROM `yzs_tofindzx` [ RunTime:0.0009s ]
SQL: SELECT * FROM `yzs_tofindzx` WHERE ( id='18' and uid='19' ) LIMIT 1   [ RunTime:0.0004s ]
INFO: [ view_parse ] --START--
INFO: [ template_filter ] --START--
INFO: Run Behavior\ContentReplaceBehavior [ RunTime:0.000038s ]
INFO: [ template_filter ] --END-- [ RunTime:0.000076s ]
INFO: Run Behavior\ParseTemplateBehavior [ RunTime:0.007320s ]
INFO: [ view_parse ] --END-- [ RunTime:0.007368s ]
INFO: [ view_filter ] --START--
INFO: Run Behavior\WriteHtmlCacheBehavior [ RunTime:0.000176s ]
INFO: [ view_filter ] --END-- [ RunTime:0.000208s ]
INFO: [ app_end ] --START--
INFO: Run Behavior\ShowPageTraceBehavior [ RunTime:0.000497s ]
INFO: [ app_end ] --END-- [ RunTime:0.000539s ]

[ 2017-12-02T14:22:20+08:00 ] 211.161.240.229 /index.php/Weixin/Credit/search_history.html
INFO: [ app_init ] --START--
INFO: Run Behavior\BuildLiteBehavior [ RunTime:0.000014s ]
INFO: [ app_init ] --END-- [ RunTime:0.000305s ]
INFO: [ app_begin ] --START--
INFO: Run Behavior\ReadHtmlCacheBehavior [ RunTime:0.000398s ]
INFO: [ app_begin ] --END-- [ RunTime:0.000443s ]
SQL: SHOW COLUMNS FROM `yzs_tofindzx` [ RunTime:0.0010s ]
SQL: SELECT * FROM `yzs_tofindzx` WHERE ( uid='19' )  [ RunTime:0.0005s ]
INFO: [ view_parse ] --START--
INFO: [ template_filter ] --START--
INFO: Run Behavior\ContentReplaceBehavior [ RunTime:0.000081s ]
INFO: [ template_filter ] --END-- [ RunTime:0.000130s ]
INFO: Run Behavior\ParseTemplateBehavior [ RunTime:0.015431s ]
INFO: [ view_parse ] --END-- [ RunTime:0.015473s ]
INFO: [ view_filter ] --START--
INFO: Run Behavior\WriteHtmlCacheBehavior [ RunTime:0.000195s ]
INFO: [ view_filter ] --END-- [ RunTime:0.000229s ]
INFO: [ app_end ] --START--
INFO: Run Behavior\ShowPageTraceBehavior [ RunTime:0.000418s ]
INFO: [ app_end ] --END-- [ RunTime:0.000456s ]

[ 2017-12-02T16:41:22+08:00 ] 211.161.220.229 /index.php/Weixin/Credit/detail/id/18.html
INFO: [ app_init ] --START--
INFO: Run Behavior\BuildLiteBehavior [ RunTime:0.000013s ]
INFO: [ app_init ] --END-- [ RunTime:0.000290s ]
INFO: [ app_begin ] --START--
INFO: Run Behavior\ReadHtmlCacheBehavior [ RunTime:0.000381s ]
INFO: [ app_begin ] --END-- [ RunTime:0.000421s ]
SQL: SHOW COLUMNS FROM `yzs_tofindzx` [ RunTime:0.0010s ]
SQL: SELECT * FROM `yzs_tofindzx` WHERE ( id='18' and uid='19' ) LIMIT 1   [ RunTime:0.0003s ]
INFO: [ view_parse ] --START--
INFO: [ template_filter ] --START--
INFO: Run Behavior\ContentReplaceBehavior [ RunTime:0.000035s ]
INFO: [ template_filter ] --END-- [ RunTime:0.000071s ]
INFO: Run Behavior\ParseTemplateBehavior [ RunTime:0.005869s ]
INFO: [ view_parse ] --END-- [ RunTime:0.005918s ]
INFO: [ view_filter ] --START--
INFO: Run Behavior\WriteHtmlCacheBehavior [ RunTime:0.000174s ]
INFO: [ view_filter ] --END-- [ RunTime:0.000206s ]
INFO: [ app_end ] --START--
INFO: Run Behavior\ShowPageTraceBehavior [ RunTime:0.000397s ]
INFO: [ app_end ] --END-- [ RunTime:0.000447s ]

[ 2017-12-02T16:41:24+08:00 ] 211.161.220.229 /index.php/Weixin/Credit/search_history.html
INFO: [ app_init ] --START--
INFO: Run Behavior\BuildLiteBehavior [ RunTime:0.000012s ]
INFO: [ app_init ] --END-- [ RunTime:0.000283s ]
INFO: [ app_begin ] --START--
INFO: Run Behavior\ReadHtmlCacheBehavior [ RunTime:0.000448s ]
INFO: [ app_begin ] --END-- [ RunTime:0.000487s ]
SQL: SHOW COLUMNS FROM `yzs_tofindzx` [ RunTime:0.0010s ]
SQL: SELECT * FROM `yzs_tofindzx` WHERE ( uid='19' )  [ RunTime:0.0005s ]
INFO: [ view_parse ] --START--
INFO: [ template_filter ] --START--
INFO: Run Behavior\ContentReplaceBehavior [ RunTime:0.000073s ]
INFO: [ template_filter ] --END-- [ RunTime:0.000112s ]
INFO: Run Behavior\ParseTemplateBehavior [ RunTime:0.014900s ]
INFO: [ view_parse ] --END-- [ RunTime:0.014939s ]
INFO: [ view_filter ] --START--
INFO: Run Behavior\WriteHtmlCacheBehavior [ RunTime:0.000174s ]
INFO: [ view_filter ] --END-- [ RunTime:0.000206s ]
INFO: [ app_end ] --START--
INFO: Run Behavior\ShowPageTraceBehavior [ RunTime:0.000407s ]
INFO: [ app_end ] --END-- [ RunTime:0.000450s ]

[ 2017-12-02T16:42:04+08:00 ] 211.161.220.229 /index.php/Weixin/Credit/detail/id/17.html
INFO: [ app_init ] --START--
INFO: Run Behavior\BuildLiteBehavior [ RunTime:0.000013s ]
INFO: [ app_init ] --END-- [ RunTime:0.000302s ]
INFO: [ app_begin ] --START--
INFO: Run Behavior\ReadHtmlCacheBehavior [ RunTime:0.000409s ]
INFO: [ app_begin ] --END-- [ RunTime:0.000466s ]
SQL: SHOW COLUMNS FROM `yzs_tofindzx` [ RunTime:0.0011s ]
SQL: SELECT * FROM `yzs_tofindzx` WHERE ( id='17' and uid='19' ) LIMIT 1   [ RunTime:0.0003s ]
INFO: [ view_parse ] --START--
INFO: [ template_filter ] --START--
INFO: Run Behavior\ContentReplaceBehavior [ RunTime:0.000035s ]
INFO: [ template_filter ] --END-- [ RunTime:0.000071s ]
INFO: Run Behavior\ParseTemplateBehavior [ RunTime:0.005877s ]
INFO: [ view_parse ] --END-- [ RunTime:0.005913s ]
INFO: [ view_filter ] --START--
INFO: Run Behavior\WriteHtmlCacheBehavior [ RunTime:0.000183s ]
INFO: [ view_filter ] --END-- [ RunTime:0.000215s ]
INFO: [ app_end ] --START--
INFO: Run Behavior\ShowPageTraceBehavior [ RunTime:0.000453s ]
INFO: [ app_end ] --END-- [ RunTime:0.000487s ]

[ 2017-12-02T16:42:09+08:00 ] 211.161.220.229 /index.php/Weixin/Credit/detail/id/21.html
INFO: [ app_init ] --START--
INFO: Run Behavior\BuildLiteBehavior [ RunTime:0.000012s ]
INFO: [ app_init ] --END-- [ RunTime:0.000303s ]
INFO: [ app_begin ] --START--
INFO: Run Behavior\ReadHtmlCacheBehavior [ RunTime:0.000404s ]
INFO: [ app_begin ] --END-- [ RunTime:0.000452s ]
SQL: SHOW COLUMNS FROM `yzs_tofindzx` [ RunTime:0.0010s ]
SQL: SELECT * FROM `yzs_tofindzx` WHERE ( id='21' and uid='19' ) LIMIT 1   [ RunTime:0.0003s ]
INFO: [ view_parse ] --START--
INFO: [ template_filter ] --START--
INFO: Run Behavior\ContentReplaceBehavior [ RunTime:0.000035s ]
INFO: [ template_filter ] --END-- [ RunTime:0.000072s ]
INFO: Run Behavior\ParseTemplateBehavior [ RunTime:0.005813s ]
INFO: [ view_parse ] --END-- [ RunTime:0.005852s ]
INFO: [ view_filter ] --START--
INFO: Run Behavior\WriteHtmlCacheBehavior [ RunTime:0.000175s ]
INFO: [ view_filter ] --END-- [ RunTime:0.000209s ]
INFO: [ app_end ] --START--
INFO: Run Behavior\ShowPageTraceBehavior [ RunTime:0.000407s ]
INFO: [ app_end ] --END-- [ RunTime:0.000442s ]

[ 2017-12-02T16:42:14+08:00 ] 120.204.17.69 /index.php/Weixin/Credit/detail/id/17.html
INFO: [ app_init ] --START--
INFO: Run Behavior\BuildLiteBehavior [ RunTime:0.000013s ]
INFO: [ app_init ] --END-- [ RunTime:0.000327s ]
INFO: [ app_begin ] --START--
INFO: Run Behavior\ReadHtmlCacheBehavior [ RunTime:0.000383s ]
INFO: [ app_begin ] --END-- [ RunTime:0.000427s ]

[ 2017-12-02T16:42:15+08:00 ] 211.161.220.229 /index.php/Weixin/Credit/detail/id/20.html
INFO: [ app_init ] --START--
INFO: Run Behavior\BuildLiteBehavior [ RunTime:0.000012s ]
INFO: [ app_init ] --END-- [ RunTime:0.000288s ]
INFO: [ app_begin ] --START--
INFO: Run Behavior\ReadHtmlCacheBehavior [ RunTime:0.000422s ]
INFO: [ app_begin ] --END-- [ RunTime:0.000473s ]
SQL: SHOW COLUMNS FROM `yzs_tofindzx` [ RunTime:0.0010s ]
SQL: SELECT * FROM `yzs_tofindzx` WHERE ( id='20' and uid='19' ) LIMIT 1   [ RunTime:0.0003s ]
INFO: [ view_parse ] --START--
INFO: [ template_filter ] --START--
INFO: Run Behavior\ContentReplaceBehavior [ RunTime:0.000038s ]
INFO: [ template_filter ] --END-- [ RunTime:0.000074s ]
INFO: Run Behavior\ParseTemplateBehavior [ RunTime:0.006068s ]
INFO: [ view_parse ] --END-- [ RunTime:0.006125s ]
INFO: [ view_filter ] --START--
INFO: Run Behavior\WriteHtmlCacheBehavior [ RunTime:0.000176s ]
INFO: [ view_filter ] --END-- [ RunTime:0.000208s ]
INFO: [ app_end ] --START--
INFO: Run Behavior\ShowPageTraceBehavior [ RunTime:0.000444s ]
INFO: [ app_end ] --END-- [ RunTime:0.000479s ]

[ 2017-12-02T16:42:19+08:00 ] 120.204.17.71 /index.php/Weixin/Credit/detail/id/21.html
INFO: [ app_init ] --START--
INFO: Run Behavior\BuildLiteBehavior [ RunTime:0.000013s ]
INFO: [ app_init ] --END-- [ RunTime:0.000289s ]
INFO: [ app_begin ] --START--
INFO: Run Behavior\ReadHtmlCacheBehavior [ RunTime:0.000382s ]
INFO: [ app_begin ] --END-- [ RunTime:0.000421s ]

[ 2017-12-02T16:42:25+08:00 ] 120.204.17.69 /index.php/Weixin/Credit/detail/id/20.html
INFO: [ app_init ] --START--
INFO: Run Behavior\BuildLiteBehavior [ RunTime:0.000013s ]
INFO: [ app_init ] --END-- [ RunTime:0.000324s ]
INFO: [ app_begin ] --START--
INFO: Run Behavior\ReadHtmlCacheBehavior [ RunTime:0.000397s ]
INFO: [ app_begin ] --END-- [ RunTime:0.000436s ]

[ 2017-12-02T16:46:55+08:00 ] 211.161.220.229 /index.php/Weixin/Credit/detail/id/18.html
INFO: [ app_init ] --START--
INFO: Run Behavior\BuildLiteBehavior [ RunTime:0.000012s ]
INFO: [ app_init ] --END-- [ RunTime:0.000295s ]
INFO: [ app_begin ] --START--
INFO: Run Behavior\ReadHtmlCacheBehavior [ RunTime:0.000391s ]
INFO: [ app_begin ] --END-- [ RunTime:0.000430s ]
SQL: SHOW COLUMNS FROM `yzs_tofindzx` [ RunTime:0.0009s ]
SQL: SELECT * FROM `yzs_tofindzx` WHERE ( id='18' and uid='19' ) LIMIT 1   [ RunTime:0.0003s ]
INFO: [ view_parse ] --START--
INFO: [ template_filter ] --START--
INFO: Run Behavior\ContentReplaceBehavior [ RunTime:0.000036s ]
INFO: [ template_filter ] --END-- [ RunTime:0.000074s ]
INFO: Run Behavior\ParseTemplateBehavior [ RunTime:0.005798s ]
INFO: [ view_parse ] --END-- [ RunTime:0.005838s ]
INFO: [ view_filter ] --START--
INFO: Run Behavior\WriteHtmlCacheBehavior [ RunTime:0.000193s ]
INFO: [ view_filter ] --END-- [ RunTime:0.000226s ]
INFO: [ app_end ] --START--
INFO: Run Behavior\ShowPageTraceBehavior [ RunTime:0.000449s ]
INFO: [ app_end ] --END-- [ RunTime:0.000483s ]

[ 2017-12-02T16:47:02+08:00 ] 211.161.220.229 /index.php/Weixin/Credit/detail/id/18.html
INFO: [ app_init ] --START--
INFO: Run Behavior\BuildLiteBehavior [ RunTime:0.000013s ]
INFO: [ app_init ] --END-- [ RunTime:0.000316s ]
INFO: [ app_begin ] --START--
INFO: Run Behavior\ReadHtmlCacheBehavior [ RunTime:0.000413s ]
INFO: [ app_begin ] --END-- [ RunTime:0.000453s ]
SQL: SHOW COLUMNS FROM `yzs_tofindzx` [ RunTime:0.0010s ]
SQL: SELECT * FROM `yzs_tofindzx` WHERE ( id='18' and uid='19' ) LIMIT 1   [ RunTime:0.0003s ]
INFO: [ view_parse ] --START--
INFO: [ template_filter ] --START--
INFO: Run Behavior\ContentReplaceBehavior [ RunTime:0.000035s ]
INFO: [ template_filter ] --END-- [ RunTime:0.000072s ]
INFO: Run Behavior\ParseTemplateBehavior [ RunTime:0.005962s ]
INFO: [ view_parse ] --END-- [ RunTime:0.006000s ]
INFO: [ view_filter ] --START--
INFO: Run Behavior\WriteHtmlCacheBehavior [ RunTime:0.000185s ]
INFO: [ view_filter ] --END-- [ RunTime:0.000218s ]
INFO: [ app_end ] --START--
INFO: Run Behavior\ShowPageTraceBehavior [ RunTime:0.000423s ]
INFO: [ app_end ] --END-- [ RunTime:0.000458s ]

[ 2017-12-02T22:15:25+08:00 ] 101.45.116.81 /index.php/Weixin/Apply/product.html
INFO: [ app_init ] --START--
INFO: Run Behavior\BuildLiteBehavior [ RunTime:0.000012s ]
INFO: [ app_init ] --END-- [ RunTime:0.000288s ]
INFO: [ app_begin ] --START--
INFO: Run Behavior\ReadHtmlCacheBehavior [ RunTime:0.000385s ]
INFO: [ app_begin ] --END-- [ RunTime:0.000425s ]
SQL: SHOW COLUMNS FROM `yzs_wxusers` [ RunTime:0.0009s ]
SQL: SELECT * FROM `yzs_wxusers` WHERE ( id=10 ) LIMIT 1   [ RunTime:0.0003s ]
INFO: [ view_parse ] --START--
INFO: [ template_filter ] --START--
INFO: Run Behavior\ContentReplaceBehavior [ RunTime:0.000080s ]
INFO: [ template_filter ] --END-- [ RunTime:0.000121s ]
NOTIC: [8] Undefined variable: html_title /home/wwwroot/cesi3.0.zhiyujinrong.com/Application/Runtime/Cache/Weixin/58e89fd98b4bca12df8da42dd3854b35.php 第 4 行.
INFO: Run Behavior\ParseTemplateBehavior [ RunTime:0.010282s ]
INFO: [ view_parse ] --END-- [ RunTime:0.010321s ]
INFO: [ view_filter ] --START--
INFO: Run Behavior\WriteHtmlCacheBehavior [ RunTime:0.000191s ]
INFO: [ view_filter ] --END-- [ RunTime:0.000226s ]
INFO: [ app_end ] --START--
INFO: Run Behavior\ShowPageTraceBehavior [ RunTime:0.000424s ]
INFO: [ app_end ] --END-- [ RunTime:0.000467s ]

[ 2017-12-02T22:15:26+08:00 ] 101.45.116.81 /index.php/Weixin/Apiwechat/js_sdk_check.html
INFO: [ app_init ] --START--
INFO: Run Behavior\BuildLiteBehavior [ RunTime:0.000013s ]
INFO: [ app_init ] --END-- [ RunTime:0.000299s ]
INFO: [ app_begin ] --START--
INFO: Run Behavior\ReadHtmlCacheBehavior [ RunTime:0.000443s ]
INFO: [ app_begin ] --END-- [ RunTime:0.000480s ]
SQL: SHOW COLUMNS FROM `yzs_access_token` [ RunTime:0.0008s ]
SQL: SELECT * FROM `yzs_access_token` WHERE ( id=2 ) LIMIT 1   [ RunTime:0.0003s ]
SQL: UPDATE `yzs_access_token` SET `state`='2' WHERE ( id=2 ) [ RunTime:0.0234s ]
SQL: SELECT * FROM `yzs_access_token` WHERE ( id=1 ) LIMIT 1   [ RunTime:0.0002s ]
SQL: UPDATE `yzs_access_token` SET `state`='2' WHERE ( id=1 ) [ RunTime:0.0120s ]
SQL: UPDATE `yzs_access_token` SET `access_token`='a0hvz_1_CwvTwRIxgfAiKvgLRwYIrVJGMfxuD0NXr8-ngnuliOassttBvQ2BSnujho6kPpwVr65dIx3Yt6Dlsd9Io9guOgXeY0q8Jb1Nms5OHB1MwIbSGUNFHxEJCkMzEGLaAHASUZ',`expires_in`='7200',`t_time`='1512224126',`state`='1' WHERE ( id=1 ) [ RunTime:0.0048s ]
SQL: UPDATE `yzs_access_token` SET `access_token`='kgt8ON7yVITDhtdwci0qecnDEdPLO0pu5tXhmrnxpkaU-cScpIAKJP_vswjRozGHH-d041oKfQWUZIO6yV0kYw',`expires_in`='7200',`t_time`='1512224126',`state`='1' WHERE ( id=2 ) [ RunTime:0.0047s ]
NOTIC: [8] Uninitialized string offset: 57 /home/wwwroot/cesi3.0.zhiyujinrong.com/Application/Weixin/Controller/ApiwechatController.class.php 第 108 行.
NOTIC: [8] Uninitialized string offset: 57 /home/wwwroot/cesi3.0.zhiyujinrong.com/Application/Weixin/Controller/ApiwechatController.class.php 第 108 行.
NOTIC: [8] Uninitialized string offset: 61 /home/wwwroot/cesi3.0.zhiyujinrong.com/Application/Weixin/Controller/ApiwechatController.class.php 第 108 行.
NOTIC: [8] Uninitialized string offset: 59 /home/wwwroot/cesi3.0.zhiyujinrong.com/Application/Weixin/Controller/ApiwechatController.class.php 第 108 行.

[ 2017-12-02T22:15:27+08:00 ] 101.45.116.81 /index.php/Weixin/Apiwechat/initial_check.html
INFO: [ app_init ] --START--
INFO: Run Behavior\BuildLiteBehavior [ RunTime:0.000013s ]
INFO: [ app_init ] --END-- [ RunTime:0.000298s ]
INFO: [ app_begin ] --START--
INFO: Run Behavior\ReadHtmlCacheBehavior [ RunTime:0.000392s ]
INFO: [ app_begin ] --END-- [ RunTime:0.000430s ]
SQL: select `id` from yzs_territory where name like '%上海市%' and grade='2' and forbidden='1' [ RunTime:0.0005s ]
SQL: select * from yzs_territory where higher_up in(select `id` from yzs_territory where name like '%上海市%' and grade='2' and forbidden='1') and forbidden='1' [ RunTime:0.0013s ]
SQL: SHOW COLUMNS FROM `yzs_territory` [ RunTime:0.0006s ]
SQL: SELECT * FROM `yzs_territory` WHERE ( name like '%上海市%' and grade='2' and forbidden='1' ) LIMIT 1   [ RunTime:0.0002s ]
SQL: SHOW COLUMNS FROM `yzs_house_type` [ RunTime:0.0004s ]
SQL: SELECT * FROM `yzs_house_type`  [ RunTime:0.0002s ]
SQL: SELECT * FROM `yzs_territory` WHERE ( grade != 3 and forbidden='1' )  [ RunTime:0.0004s ]

[ 2017-12-02T22:15:27+08:00 ] 101.45.116.81 /index.php/Weixin/Apply/product_screen.html
INFO: [ app_init ] --START--
INFO: Run Behavior\BuildLiteBehavior [ RunTime:0.000012s ]
INFO: [ app_init ] --END-- [ RunTime:0.000306s ]
INFO: [ app_begin ] --START--
INFO: Run Behavior\ReadHtmlCacheBehavior [ RunTime:0.000400s ]
INFO: [ app_begin ] --END-- [ RunTime:0.000437s ]
NOTIC: [8] Undefined index: higher_up /home/wwwroot/cesi3.0.zhiyujinrong.com/Application/Weixin/Controller/ApplyController.class.php 第 62 行.
NOTIC: [8] Undefined variable: data /home/wwwroot/cesi3.0.zhiyujinrong.com/Application/Weixin/Controller/ApplyController.class.php 第 90 行.
NOTIC: [8] Undefined variable: data /home/wwwroot/cesi3.0.zhiyujinrong.com/Application/Weixin/Controller/ApplyController.class.php 第 93 行.
NOTIC: [8] Undefined variable: data /home/wwwroot/cesi3.0.zhiyujinrong.com/Application/Weixin/Controller/ApplyController.class.php 第 97 行.
NOTIC: [8] Undefined variable: data /home/wwwroot/cesi3.0.zhiyujinrong.com/Application/Weixin/Controller/ApplyController.class.php 第 100 行.
SQL: SHOW COLUMNS FROM `yzs_product` [ RunTime:0.0012s ]
SQL: SELECT * FROM `yzs_product`  [ RunTime:0.0003s ]
SQL: select GROUP_CONCAT(name) as city from yzs_territory ter where id in(97) [ RunTime:0.0002s ]
SQL: select GROUP_CONCAT(name) as territory from yzs_territory where id in(8) [ RunTime:0.0002s ]
SQL: select GROUP_CONCAT(name) as house from yzs_house_type where id in(3,14,15) [ RunTime:0.0002s ]
SQL: select GROUP_CONCAT(name) as loans_type from yzs_loans_type where id in(1) [ RunTime:0.0002s ]
SQL: select GROUP_CONCAT(name) as city from yzs_territory ter where id in(1) [ RunTime:0.0002s ]
SQL: select GROUP_CONCAT(name) as territory from yzs_territory where id in(2,3,10,12) [ RunTime:0.0002s ]
SQL: select GROUP_CONCAT(name) as house from yzs_house_type where id in(3,14,15) [ RunTime:0.0002s ]
SQL: select GROUP_CONCAT(name) as loans_type from yzs_loans_type where id in(1) [ RunTime:0.0002s ]
SQL: select GROUP_CONCAT(name) as city from yzs_territory ter where id in(1) [ RunTime:0.0002s ]
SQL: select GROUP_CONCAT(name) as territory from yzs_territory where id in(3,4,5,6,12,13,14,15,435,438,439) [ RunTime:0.0002s ]
SQL: select GROUP_CONCAT(name) as house from yzs_house_type where id in(3,14,15) [ RunTime:0.0002s ]
SQL: select GROUP_CONCAT(name) as loans_type from yzs_loans_type where id in(1) [ RunTime:0.0002s ]
SQL: select GROUP_CONCAT(name) as city from yzs_territory ter where id in(1,97) [ RunTime:0.0002s ]
SQL: select GROUP_CONCAT(name) as territory from yzs_territory where id in(3,6,12,14,438,8,99) [ RunTime:0.0002s ]
SQL: select GROUP_CONCAT(name) as house from yzs_house_type where id in(3,14,15) [ RunTime:0.0002s ]
SQL: select GROUP_CONCAT(name) as loans_type from yzs_loans_type where id in(1) [ RunTime:0.0002s ]

[ 2017-12-02T22:18:07+08:00 ] 101.45.116.81 /index.php/Weixin/Apply/product.html
INFO: [ app_init ] --START--
INFO: Run Behavior\BuildLiteBehavior [ RunTime:0.000013s ]
INFO: [ app_init ] --END-- [ RunTime:0.000304s ]
INFO: [ app_begin ] --START--
INFO: Run Behavior\ReadHtmlCacheBehavior [ RunTime:0.000413s ]
INFO: [ app_begin ] --END-- [ RunTime:0.000461s ]
INFO: [ view_parse ] --START--
INFO: [ template_filter ] --START--
INFO: Run Behavior\ContentReplaceBehavior [ RunTime:0.000090s ]
INFO: [ template_filter ] --END-- [ RunTime:0.000130s ]
NOTIC: [8] Undefined variable: html_title /home/wwwroot/cesi3.0.zhiyujinrong.com/Application/Runtime/Cache/Weixin/58e89fd98b4bca12df8da42dd3854b35.php 第 4 行.
INFO: Run Behavior\ParseTemplateBehavior [ RunTime:0.010069s ]
INFO: [ view_parse ] --END-- [ RunTime:0.010107s ]
INFO: [ view_filter ] --START--
INFO: Run Behavior\WriteHtmlCacheBehavior [ RunTime:0.000193s ]
INFO: [ view_filter ] --END-- [ RunTime:0.000225s ]
INFO: [ app_end ] --START--
INFO: Run Behavior\ShowPageTraceBehavior [ RunTime:0.000420s ]
INFO: [ app_end ] --END-- [ RunTime:0.000463s ]

[ 2017-12-02T22:18:07+08:00 ] 101.45.116.81 /index.php/Weixin/Apiwechat/js_sdk_check.html
INFO: [ app_init ] --START--
INFO: Run Behavior\BuildLiteBehavior [ RunTime:0.000013s ]
INFO: [ app_init ] --END-- [ RunTime:0.000296s ]
INFO: [ app_begin ] --START--
INFO: Run Behavior\ReadHtmlCacheBehavior [ RunTime:0.000455s ]
INFO: [ app_begin ] --END-- [ RunTime:0.000491s ]
SQL: SHOW COLUMNS FROM `yzs_access_token` [ RunTime:0.0007s ]
SQL: SELECT * FROM `yzs_access_token` WHERE ( id=2 ) LIMIT 1   [ RunTime:0.0002s ]
NOTIC: [8] Uninitialized string offset: 54 /home/wwwroot/cesi3.0.zhiyujinrong.com/Application/Weixin/Controller/ApiwechatController.class.php 第 108 行.
NOTIC: [8] Uninitialized string offset: 55 /home/wwwroot/cesi3.0.zhiyujinrong.com/Application/Weixin/Controller/ApiwechatController.class.php 第 108 行.
NOTIC: [8] Uninitialized string offset: 58 /home/wwwroot/cesi3.0.zhiyujinrong.com/Application/Weixin/Controller/ApiwechatController.class.php 第 108 行.

[ 2017-12-02T22:18:07+08:00 ] 101.45.116.81 /index.php/Weixin/Apiwechat/initial_check.html
INFO: [ app_init ] --START--
INFO: Run Behavior\BuildLiteBehavior [ RunTime:0.000015s ]
INFO: [ app_init ] --END-- [ RunTime:0.000321s ]
INFO: [ app_begin ] --START--
INFO: Run Behavior\ReadHtmlCacheBehavior [ RunTime:0.000439s ]
INFO: [ app_begin ] --END-- [ RunTime:0.000477s ]
SQL: select `id` from yzs_territory where name like '%上海市%' and grade='2' and forbidden='1' [ RunTime:0.0005s ]
SQL: select * from yzs_territory where higher_up in(select `id` from yzs_territory where name like '%上海市%' and grade='2' and forbidden='1') and forbidden='1' [ RunTime:0.0011s ]
SQL: SHOW COLUMNS FROM `yzs_territory` [ RunTime:0.0005s ]
SQL: SELECT * FROM `yzs_territory` WHERE ( name like '%上海市%' and grade='2' and forbidden='1' ) LIMIT 1   [ RunTime:0.0002s ]
SQL: SHOW COLUMNS FROM `yzs_house_type` [ RunTime:0.0004s ]
SQL: SELECT * FROM `yzs_house_type`  [ RunTime:0.0002s ]
SQL: SELECT * FROM `yzs_territory` WHERE ( grade != 3 and forbidden='1' )  [ RunTime:0.0004s ]

[ 2017-12-02T22:18:07+08:00 ] 101.45.116.81 /index.php/Weixin/Apply/product_screen.html
INFO: [ app_init ] --START--
INFO: Run Behavior\BuildLiteBehavior [ RunTime:0.000011s ]
INFO: [ app_init ] --END-- [ RunTime:0.000353s ]
INFO: [ app_begin ] --START--
INFO: Run Behavior\ReadHtmlCacheBehavior [ RunTime:0.000435s ]
INFO: [ app_begin ] --END-- [ RunTime:0.000472s ]
NOTIC: [8] Undefined index: higher_up /home/wwwroot/cesi3.0.zhiyujinrong.com/Application/Weixin/Controller/ApplyController.class.php 第 62 行.
NOTIC: [8] Undefined variable: data /home/wwwroot/cesi3.0.zhiyujinrong.com/Application/Weixin/Controller/ApplyController.class.php 第 90 行.
NOTIC: [8] Undefined variable: data /home/wwwroot/cesi3.0.zhiyujinrong.com/Application/Weixin/Controller/ApplyController.class.php 第 93 行.
NOTIC: [8] Undefined variable: data /home/wwwroot/cesi3.0.zhiyujinrong.com/Application/Weixin/Controller/ApplyController.class.php 第 97 行.
NOTIC: [8] Undefined variable: data /home/wwwroot/cesi3.0.zhiyujinrong.com/Application/Weixin/Controller/ApplyController.class.php 第 100 行.
SQL: SHOW COLUMNS FROM `yzs_product` [ RunTime:0.0010s ]
SQL: SELECT * FROM `yzs_product`  [ RunTime:0.0003s ]
SQL: select GROUP_CONCAT(name) as city from yzs_territory ter where id in(97) [ RunTime:0.0002s ]
SQL: select GROUP_CONCAT(name) as territory from yzs_territory where id in(8) [ RunTime:0.0002s ]
SQL: select GROUP_CONCAT(name) as house from yzs_house_type where id in(3,14,15) [ RunTime:0.0002s ]
SQL: select GROUP_CONCAT(name) as loans_type from yzs_loans_type where id in(1) [ RunTime:0.0001s ]
SQL: select GROUP_CONCAT(name) as city from yzs_territory ter where id in(1) [ RunTime:0.0002s ]
SQL: select GROUP_CONCAT(name) as territory from yzs_territory where id in(2,3,10,12) [ RunTime:0.0002s ]
SQL: select GROUP_CONCAT(name) as house from yzs_house_type where id in(3,14,15) [ RunTime:0.0002s ]
SQL: select GROUP_CONCAT(name) as loans_type from yzs_loans_type where id in(1) [ RunTime:0.0002s ]
SQL: select GROUP_CONCAT(name) as city from yzs_territory ter where id in(1) [ RunTime:0.0001s ]
SQL: select GROUP_CONCAT(name) as territory from yzs_territory where id in(3,4,5,6,12,13,14,15,435,438,439) [ RunTime:0.0002s ]
SQL: select GROUP_CONCAT(name) as house from yzs_house_type where id in(3,14,15) [ RunTime:0.0002s ]
SQL: select GROUP_CONCAT(name) as loans_type from yzs_loans_type where id in(1) [ RunTime:0.0001s ]
SQL: select GROUP_CONCAT(name) as city from yzs_territory ter where id in(1,97) [ RunTime:0.0002s ]
SQL: select GROUP_CONCAT(name) as territory from yzs_territory where id in(3,6,12,14,438,8,99) [ RunTime:0.0002s ]
SQL: select GROUP_CONCAT(name) as house from yzs_house_type where id in(3,14,15) [ RunTime:0.0002s ]
SQL: select GROUP_CONCAT(name) as loans_type from yzs_loans_type where id in(1) [ RunTime:0.0001s ]

[ 2017-12-02T22:20:23+08:00 ] 101.45.116.81 /index.php/Weixin/Apply/product.html
INFO: [ app_init ] --START--
INFO: Run Behavior\BuildLiteBehavior [ RunTime:0.000012s ]
INFO: [ app_init ] --END-- [ RunTime:0.000313s ]
INFO: [ app_begin ] --START--
INFO: Run Behavior\ReadHtmlCacheBehavior [ RunTime:0.000405s ]
INFO: [ app_begin ] --END-- [ RunTime:0.000444s ]
INFO: [ view_parse ] --START--
INFO: [ template_filter ] --START--
INFO: Run Behavior\ContentReplaceBehavior [ RunTime:0.000089s ]
INFO: [ template_filter ] --END-- [ RunTime:0.000146s ]
NOTIC: [8] Undefined variable: html_title /home/wwwroot/cesi3.0.zhiyujinrong.com/Application/Runtime/Cache/Weixin/58e89fd98b4bca12df8da42dd3854b35.php 第 4 行.
INFO: Run Behavior\ParseTemplateBehavior [ RunTime:0.010951s ]
INFO: [ view_parse ] --END-- [ RunTime:0.010989s ]
INFO: [ view_filter ] --START--
INFO: Run Behavior\WriteHtmlCacheBehavior [ RunTime:0.000180s ]
INFO: [ view_filter ] --END-- [ RunTime:0.000212s ]
INFO: [ app_end ] --START--
INFO: Run Behavior\ShowPageTraceBehavior [ RunTime:0.000456s ]
INFO: [ app_end ] --END-- [ RunTime:0.000502s ]

[ 2017-12-02T22:20:23+08:00 ] 101.45.116.81 /index.php/Weixin/Apiwechat/js_sdk_check.html
INFO: [ app_init ] --START--
INFO: Run Behavior\BuildLiteBehavior [ RunTime:0.000012s ]
INFO: [ app_init ] --END-- [ RunTime:0.000285s ]
INFO: [ app_begin ] --START--
INFO: Run Behavior\ReadHtmlCacheBehavior [ RunTime:0.000378s ]
INFO: [ app_begin ] --END-- [ RunTime:0.000415s ]
SQL: SHOW COLUMNS FROM `yzs_access_token` [ RunTime:0.0007s ]
SQL: SELECT * FROM `yzs_access_token` WHERE ( id=2 ) LIMIT 1   [ RunTime:0.0003s ]
NOTIC: [8] Uninitialized string offset: 60 /home/wwwroot/cesi3.0.zhiyujinrong.com/Application/Weixin/Controller/ApiwechatController.class.php 第 108 行.
NOTIC: [8] Uninitialized string offset: 61 /home/wwwroot/cesi3.0.zhiyujinrong.com/Application/Weixin/Controller/ApiwechatController.class.php 第 108 行.
NOTIC: [8] Uninitialized string offset: 61 /home/wwwroot/cesi3.0.zhiyujinrong.com/Application/Weixin/Controller/ApiwechatController.class.php 第 108 行.
NOTIC: [8] Uninitialized string offset: 53 /home/wwwroot/cesi3.0.zhiyujinrong.com/Application/Weixin/Controller/ApiwechatController.class.php 第 108 行.

[ 2017-12-02T22:20:24+08:00 ] 101.45.116.81 /index.php/Weixin/Apiwechat/initial_check.html
INFO: [ app_init ] --START--
INFO: Run Behavior\BuildLiteBehavior [ RunTime:0.000013s ]
INFO: [ app_init ] --END-- [ RunTime:0.000291s ]
INFO: [ app_begin ] --START--
INFO: Run Behavior\ReadHtmlCacheBehavior [ RunTime:0.000429s ]
INFO: [ app_begin ] --END-- [ RunTime:0.000468s ]
SQL: select `id` from yzs_territory where name like '%上海市%' and grade='2' and forbidden='1' [ RunTime:0.0005s ]
SQL: select * from yzs_territory where higher_up in(select `id` from yzs_territory where name like '%上海市%' and grade='2' and forbidden='1') and forbidden='1' [ RunTime:0.0011s ]
SQL: SHOW COLUMNS FROM `yzs_territory` [ RunTime:0.0005s ]
SQL: SELECT * FROM `yzs_territory` WHERE ( name like '%上海市%' and grade='2' and forbidden='1' ) LIMIT 1   [ RunTime:0.0002s ]
SQL: SHOW COLUMNS FROM `yzs_house_type` [ RunTime:0.0003s ]
SQL: SELECT * FROM `yzs_house_type`  [ RunTime:0.0002s ]
SQL: SELECT * FROM `yzs_territory` WHERE ( grade != 3 and forbidden='1' )  [ RunTime:0.0004s ]

[ 2017-12-02T22:20:24+08:00 ] 101.45.116.81 /index.php/Weixin/Apply/product_screen.html
INFO: [ app_init ] --START--
INFO: Run Behavior\BuildLiteBehavior [ RunTime:0.000012s ]
INFO: [ app_init ] --END-- [ RunTime:0.000285s ]
INFO: [ app_begin ] --START--
INFO: Run Behavior\ReadHtmlCacheBehavior [ RunTime:0.000378s ]
INFO: [ app_begin ] --END-- [ RunTime:0.000416s ]
NOTIC: [8] Undefined index: higher_up /home/wwwroot/cesi3.0.zhiyujinrong.com/Application/Weixin/Controller/ApplyController.class.php 第 62 行.
NOTIC: [8] Undefined variable: data /home/wwwroot/cesi3.0.zhiyujinrong.com/Application/Weixin/Controller/ApplyController.class.php 第 90 行.
NOTIC: [8] Undefined variable: data /home/wwwroot/cesi3.0.zhiyujinrong.com/Application/Weixin/Controller/ApplyController.class.php 第 93 行.
NOTIC: [8] Undefined variable: data /home/wwwroot/cesi3.0.zhiyujinrong.com/Application/Weixin/Controller/ApplyController.class.php 第 97 行.
NOTIC: [8] Undefined variable: data /home/wwwroot/cesi3.0.zhiyujinrong.com/Application/Weixin/Controller/ApplyController.class.php 第 100 行.
SQL: SHOW COLUMNS FROM `yzs_product` [ RunTime:0.0011s ]
SQL: SELECT * FROM `yzs_product`  [ RunTime:0.0003s ]
SQL: select GROUP_CONCAT(name) as city from yzs_territory ter where id in(97) [ RunTime:0.0002s ]
SQL: select GROUP_CONCAT(name) as territory from yzs_territory where id in(8) [ RunTime:0.0002s ]
SQL: select GROUP_CONCAT(name) as house from yzs_house_type where id in(3,14,15) [ RunTime:0.0002s ]
SQL: select GROUP_CONCAT(name) as loans_type from yzs_loans_type where id in(1) [ RunTime:0.0002s ]
SQL: select GROUP_CONCAT(name) as city from yzs_territory ter where id in(1) [ RunTime:0.0002s ]
SQL: select GROUP_CONCAT(name) as territory from yzs_territory where id in(2,3,10,12) [ RunTime:0.0002s ]
SQL: select GROUP_CONCAT(name) as house from yzs_house_type where id in(3,14,15) [ RunTime:0.0002s ]
SQL: select GROUP_CONCAT(name) as loans_type from yzs_loans_type where id in(1) [ RunTime:0.0002s ]
SQL: select GROUP_CONCAT(name) as city from yzs_territory ter where id in(1) [ RunTime:0.0002s ]
SQL: select GROUP_CONCAT(name) as territory from yzs_territory where id in(3,4,5,6,12,13,14,15,435,438,439) [ RunTime:0.0002s ]
SQL: select GROUP_CONCAT(name) as house from yzs_house_type where id in(3,14,15) [ RunTime:0.0002s ]
SQL: select GROUP_CONCAT(name) as loans_type from yzs_loans_type where id in(1) [ RunTime:0.0002s ]
SQL: select GROUP_CONCAT(name) as city from yzs_territory ter where id in(1,97) [ RunTime:0.0002s ]
SQL: select GROUP_CONCAT(name) as territory from yzs_territory where id in(3,6,12,14,438,8,99) [ RunTime:0.0002s ]
SQL: select GROUP_CONCAT(name) as house from yzs_house_type where id in(3,14,15) [ RunTime:0.0002s ]
SQL: select GROUP_CONCAT(name) as loans_type from yzs_loans_type where id in(1) [ RunTime:0.0002s ]

[ 2017-12-02T22:20:30+08:00 ] 101.45.116.81 /index.php/Weixin/Apiwechat/initial_check.html
INFO: [ app_init ] --START--
INFO: Run Behavior\BuildLiteBehavior [ RunTime:0.000012s ]
INFO: [ app_init ] --END-- [ RunTime:0.000285s ]
INFO: [ app_begin ] --START--
INFO: Run Behavior\ReadHtmlCacheBehavior [ RunTime:0.000407s ]
INFO: [ app_begin ] --END-- [ RunTime:0.000444s ]
SQL: select `id` from yzs_territory where name like '%苏州市%' and grade='2' and forbidden='1' [ RunTime:0.0005s ]
SQL: select * from yzs_territory where higher_up in(select `id` from yzs_territory where name like '%苏州市%' and grade='2' and forbidden='1') and forbidden='1' [ RunTime:0.0011s ]
SQL: SHOW COLUMNS FROM `yzs_territory` [ RunTime:0.0006s ]
SQL: SELECT * FROM `yzs_territory` WHERE ( name like '%苏州市%' and grade='2' and forbidden='1' ) LIMIT 1   [ RunTime:0.0002s ]
SQL: SHOW COLUMNS FROM `yzs_house_type` [ RunTime:0.0004s ]
SQL: SELECT * FROM `yzs_house_type`  [ RunTime:0.0002s ]
SQL: SELECT * FROM `yzs_territory` WHERE ( grade != 3 and forbidden='1' )  [ RunTime:0.0004s ]

[ 2017-12-02T22:20:30+08:00 ] 101.45.116.81 /index.php/Weixin/Apply/product_screen.html
INFO: [ app_init ] --START--
INFO: Run Behavior\BuildLiteBehavior [ RunTime:0.000012s ]
INFO: [ app_init ] --END-- [ RunTime:0.000308s ]
INFO: [ app_begin ] --START--
INFO: Run Behavior\ReadHtmlCacheBehavior [ RunTime:0.000401s ]
INFO: [ app_begin ] --END-- [ RunTime:0.000439s ]
NOTIC: [8] Undefined variable: data /home/wwwroot/cesi3.0.zhiyujinrong.com/Application/Weixin/Controller/ApplyController.class.php 第 90 行.
NOTIC: [8] Undefined variable: data /home/wwwroot/cesi3.0.zhiyujinrong.com/Application/Weixin/Controller/ApplyController.class.php 第 93 行.
NOTIC: [8] Undefined variable: data /home/wwwroot/cesi3.0.zhiyujinrong.com/Application/Weixin/Controller/ApplyController.class.php 第 97 行.
NOTIC: [8] Undefined variable: data /home/wwwroot/cesi3.0.zhiyujinrong.com/Application/Weixin/Controller/ApplyController.class.php 第 100 行.
SQL: SHOW COLUMNS FROM `yzs_product` [ RunTime:0.0011s ]
SQL: SELECT * FROM `yzs_product` WHERE ( state='1' and  find_in_set('8', territory) )  [ RunTime:0.0004s ]
SQL: select GROUP_CONCAT(name) as city from yzs_territory ter where id in(97) [ RunTime:0.0002s ]
SQL: select GROUP_CONCAT(name) as territory from yzs_territory where id in(8) [ RunTime:0.0002s ]
SQL: select GROUP_CONCAT(name) as house from yzs_house_type where id in(3,14,15) [ RunTime:0.0002s ]
SQL: select GROUP_CONCAT(name) as loans_type from yzs_loans_type where id in(1) [ RunTime:0.0002s ]
SQL: select GROUP_CONCAT(name) as city from yzs_territory ter where id in(1,97) [ RunTime:0.0002s ]
SQL: select GROUP_CONCAT(name) as territory from yzs_territory where id in(3,6,12,14,438,8,99) [ RunTime:0.0002s ]
SQL: select GROUP_CONCAT(name) as house from yzs_house_type where id in(3,14,15) [ RunTime:0.0002s ]
SQL: select GROUP_CONCAT(name) as loans_type from yzs_loans_type where id in(1) [ RunTime:0.0002s ]

[ 2017-12-02T22:30:44+08:00 ] 101.45.116.81 /index.php/Weixin/Apply/product.html
INFO: [ app_init ] --START--
INFO: Run Behavior\BuildLiteBehavior [ RunTime:0.000012s ]
INFO: [ app_init ] --END-- [ RunTime:0.000287s ]
INFO: [ app_begin ] --START--
INFO: Run Behavior\ReadHtmlCacheBehavior [ RunTime:0.000382s ]
INFO: [ app_begin ] --END-- [ RunTime:0.000422s ]
INFO: [ view_parse ] --START--
INFO: [ template_filter ] --START--
INFO: Run Behavior\ContentReplaceBehavior [ RunTime:0.000080s ]
INFO: [ template_filter ] --END-- [ RunTime:0.000120s ]
NOTIC: [8] Undefined variable: html_title /home/wwwroot/cesi3.0.zhiyujinrong.com/Application/Runtime/Cache/Weixin/58e89fd98b4bca12df8da42dd3854b35.php 第 4 行.
INFO: Run Behavior\ParseTemplateBehavior [ RunTime:0.009721s ]
INFO: [ view_parse ] --END-- [ RunTime:0.009758s ]
INFO: [ view_filter ] --START--
INFO: Run Behavior\WriteHtmlCacheBehavior [ RunTime:0.000172s ]
INFO: [ view_filter ] --END-- [ RunTime:0.000206s ]
INFO: [ app_end ] --START--
INFO: Run Behavior\ShowPageTraceBehavior [ RunTime:0.000436s ]
INFO: [ app_end ] --END-- [ RunTime:0.000474s ]

[ 2017-12-02T22:30:44+08:00 ] 101.45.116.81 /index.php/Weixin/Apiwechat/js_sdk_check.html
INFO: [ app_init ] --START--
INFO: Run Behavior\BuildLiteBehavior [ RunTime:0.000013s ]
INFO: [ app_init ] --END-- [ RunTime:0.000284s ]
INFO: [ app_begin ] --START--
INFO: Run Behavior\ReadHtmlCacheBehavior [ RunTime:0.000377s ]
INFO: [ app_begin ] --END-- [ RunTime:0.000414s ]
SQL: SHOW COLUMNS FROM `yzs_access_token` [ RunTime:0.0006s ]
SQL: SELECT * FROM `yzs_access_token` WHERE ( id=2 ) LIMIT 1   [ RunTime:0.0003s ]
NOTIC: [8] Uninitialized string offset: 59 /home/wwwroot/cesi3.0.zhiyujinrong.com/Application/Weixin/Controller/ApiwechatController.class.php 第 108 行.
NOTIC: [8] Uninitialized string offset: 54 /home/wwwroot/cesi3.0.zhiyujinrong.com/Application/Weixin/Controller/ApiwechatController.class.php 第 108 行.
NOTIC: [8] Uninitialized string offset: 54 /home/wwwroot/cesi3.0.zhiyujinrong.com/Application/Weixin/Controller/ApiwechatController.class.php 第 108 行.
NOTIC: [8] Uninitialized string offset: 56 /home/wwwroot/cesi3.0.zhiyujinrong.com/Application/Weixin/Controller/ApiwechatController.class.php 第 108 行.

[ 2017-12-02T22:30:45+08:00 ] 101.45.116.81 /index.php/Weixin/Apiwechat/initial_check.html
INFO: [ app_init ] --START--
INFO: Run Behavior\BuildLiteBehavior [ RunTime:0.000013s ]
INFO: [ app_init ] --END-- [ RunTime:0.000309s ]
INFO: [ app_begin ] --START--
INFO: Run Behavior\ReadHtmlCacheBehavior [ RunTime:0.000423s ]
INFO: [ app_begin ] --END-- [ RunTime:0.000461s ]
SQL: select `id` from yzs_territory where name like '%上海市%' and grade='2' and forbidden='1' [ RunTime:0.0005s ]
SQL: select * from yzs_territory where higher_up in(select `id` from yzs_territory where name like '%上海市%' and grade='2' and forbidden='1') and forbidden='1' [ RunTime:0.0011s ]
SQL: SHOW COLUMNS FROM `yzs_territory` [ RunTime:0.0006s ]
SQL: SELECT * FROM `yzs_territory` WHERE ( name like '%上海市%' and grade='2' and forbidden='1' ) LIMIT 1   [ RunTime:0.0002s ]
SQL: SHOW COLUMNS FROM `yzs_house_type` [ RunTime:0.0003s ]
SQL: SELECT * FROM `yzs_house_type`  [ RunTime:0.0001s ]
SQL: SELECT * FROM `yzs_territory` WHERE ( grade != 3 and forbidden='1' )  [ RunTime:0.0003s ]

[ 2017-12-02T22:30:45+08:00 ] 101.45.116.81 /index.php/Weixin/Apply/product_screen.html
INFO: [ app_init ] --START--
INFO: Run Behavior\BuildLiteBehavior [ RunTime:0.000021s ]
INFO: [ app_init ] --END-- [ RunTime:0.000286s ]
INFO: [ app_begin ] --START--
INFO: Run Behavior\ReadHtmlCacheBehavior [ RunTime:0.000385s ]
INFO: [ app_begin ] --END-- [ RunTime:0.000421s ]
NOTIC: [8] Undefined index: higher_up /home/wwwroot/cesi3.0.zhiyujinrong.com/Application/Weixin/Controller/ApplyController.class.php 第 62 行.
NOTIC: [8] Undefined variable: data /home/wwwroot/cesi3.0.zhiyujinrong.com/Application/Weixin/Controller/ApplyController.class.php 第 90 行.
NOTIC: [8] Undefined variable: data /home/wwwroot/cesi3.0.zhiyujinrong.com/Application/Weixin/Controller/ApplyController.class.php 第 93 行.
NOTIC: [8] Undefined variable: data /home/wwwroot/cesi3.0.zhiyujinrong.com/Application/Weixin/Controller/ApplyController.class.php 第 97 行.
NOTIC: [8] Undefined variable: data /home/wwwroot/cesi3.0.zhiyujinrong.com/Application/Weixin/Controller/ApplyController.class.php 第 100 行.
SQL: SHOW COLUMNS FROM `yzs_product` [ RunTime:0.0010s ]
SQL: SELECT * FROM `yzs_product`  [ RunTime:0.0002s ]
SQL: select GROUP_CONCAT(name) as city from yzs_territory ter where id in(97) [ RunTime:0.0002s ]
SQL: select GROUP_CONCAT(name) as territory from yzs_territory where id in(8) [ RunTime:0.0002s ]
SQL: select GROUP_CONCAT(name) as house from yzs_house_type where id in(3,14,15) [ RunTime:0.0002s ]
SQL: select GROUP_CONCAT(name) as loans_type from yzs_loans_type where id in(1) [ RunTime:0.0001s ]
SQL: select GROUP_CONCAT(name) as city from yzs_territory ter where id in(1) [ RunTime:0.0001s ]
SQL: select GROUP_CONCAT(name) as territory from yzs_territory where id in(2,3,10,12) [ RunTime:0.0002s ]
SQL: select GROUP_CONCAT(name) as house from yzs_house_type where id in(3,14,15) [ RunTime:0.0002s ]
SQL: select GROUP_CONCAT(name) as loans_type from yzs_loans_type where id in(1) [ RunTime:0.0001s ]
SQL: select GROUP_CONCAT(name) as city from yzs_territory ter where id in(1) [ RunTime:0.0001s ]
SQL: select GROUP_CONCAT(name) as territory from yzs_territory where id in(3,4,5,6,12,13,14,15,435,438,439) [ RunTime:0.0002s ]
SQL: select GROUP_CONCAT(name) as house from yzs_house_type where id in(3,14,15) [ RunTime:0.0002s ]
SQL: select GROUP_CONCAT(name) as loans_type from yzs_loans_type where id in(1) [ RunTime:0.0001s ]
SQL: select GROUP_CONCAT(name) as city from yzs_territory ter where id in(1,97) [ RunTime:0.0002s ]
SQL: select GROUP_CONCAT(name) as territory from yzs_territory where id in(3,6,12,14,438,8,99) [ RunTime:0.0002s ]
SQL: select GROUP_CONCAT(name) as house from yzs_house_type where id in(3,14,15) [ RunTime:0.0002s ]
SQL: select GROUP_CONCAT(name) as loans_type from yzs_loans_type where id in(1) [ RunTime:0.0002s ]

