[ 2017-11-20T20:47:43+08:00 ] 101.226.225.59 /index.php/Weixin/Apply/product.html
INFO: [ app_init ] --START--
INFO: Run Behavior\BuildLiteBehavior [ RunTime:0.000013s ]
INFO: [ app_init ] --END-- [ RunTime:0.000323s ]
INFO: [ app_begin ] --START--
INFO: Run Behavior\ReadHtmlCacheBehavior [ RunTime:0.000423s ]
INFO: [ app_begin ] --END-- [ RunTime:0.000462s ]
SQL: SHOW COLUMNS FROM `yzs_wxusers` [ RunTime:0.0009s ]
SQL: SELECT * FROM `yzs_wxusers` WHERE ( id=10 ) LIMIT 1   [ RunTime:0.0003s ]
INFO: [ view_parse ] --START--
INFO: [ template_filter ] --START--
INFO: Run Behavior\ContentReplaceBehavior [ RunTime:0.000082s ]
INFO: [ template_filter ] --END-- [ RunTime:0.000122s ]
INFO: Run Behavior\ParseTemplateBehavior [ RunTime:0.009697s ]
INFO: [ view_parse ] --END-- [ RunTime:0.009735s ]
INFO: [ view_filter ] --START--
INFO: Run Behavior\WriteHtmlCacheBehavior [ RunTime:0.000178s ]
INFO: [ view_filter ] --END-- [ RunTime:0.000211s ]
INFO: [ app_end ] --START--
INFO: Run Behavior\ShowPageTraceBehavior [ RunTime:0.000421s ]
INFO: [ app_end ] --END-- [ RunTime:0.000465s ]

[ 2017-11-20T20:47:45+08:00 ] 101.226.225.59 /index.php/Weixin/Apiwechat/js_sdk_check.html
INFO: [ app_init ] --START--
INFO: Run Behavior\BuildLiteBehavior [ RunTime:0.000034s ]
INFO: [ app_init ] --END-- [ RunTime:0.000310s ]
INFO: [ app_begin ] --START--
INFO: Run Behavior\ReadHtmlCacheBehavior [ RunTime:0.000397s ]
INFO: [ app_begin ] --END-- [ RunTime:0.000434s ]
SQL: SHOW COLUMNS FROM `yzs_access_token` [ RunTime:0.0006s ]
SQL: SELECT * FROM `yzs_access_token` WHERE ( id=2 ) LIMIT 1   [ RunTime:0.0003s ]
SQL: UPDATE `yzs_access_token` SET `state`='2' WHERE ( id=2 ) [ RunTime:0.0133s ]
SQL: SELECT * FROM `yzs_access_token` WHERE ( id=1 ) LIMIT 1   [ RunTime:0.0002s ]
SQL: UPDATE `yzs_access_token` SET `state`='2' WHERE ( id=1 ) [ RunTime:0.0040s ]
SQL: UPDATE `yzs_access_token` SET `access_token`='bWSsom3b6dl3x9nvDMVtvP43-q6GXZYFrFh0I3Ax_3iEttdihUj5_C06Zp-m8i7hUDJYW6Wps48twPXn2rl5Sey88FTgn4MtCAoLZV_LuA01mzUtdfjCCTAtrafkxNv2AORhADARFI',`expires_in`='7200',`t_time`='1511182065',`state`='1' WHERE ( id=1 ) [ RunTime:0.0053s ]
SQL: UPDATE `yzs_access_token` SET `access_token`='kgt8ON7yVITDhtdwci0qecnDEdPLO0pu5tXhmrnxpka-Qq04r766HKwZdYAA_J62oLxYg63_Vj6Jopi0jP1stw',`expires_in`='7200',`t_time`='1511182065',`state`='1' WHERE ( id=2 ) [ RunTime:0.0048s ]
NOTIC: [8] Uninitialized string offset: 59 /home/wwwroot/cesi3.0.zhiyujinrong.com/Application/Weixin/Controller/ApiwechatController.class.php 第 106 行.
NOTIC: [8] Uninitialized string offset: 56 /home/wwwroot/cesi3.0.zhiyujinrong.com/Application/Weixin/Controller/ApiwechatController.class.php 第 106 行.

[ 2017-11-20T20:47:49+08:00 ] 101.226.225.59 /index.php/Weixin/Apiwechat/initial_check.html
INFO: [ app_init ] --START--
INFO: Run Behavior\BuildLiteBehavior [ RunTime:0.000012s ]
INFO: [ app_init ] --END-- [ RunTime:0.000305s ]
INFO: [ app_begin ] --START--
INFO: Run Behavior\ReadHtmlCacheBehavior [ RunTime:0.000380s ]
INFO: [ app_begin ] --END-- [ RunTime:0.000438s ]
SQL: select * from yzs_territory where higher_up in(select `id` from yzs_territory where name like '%上海市%' and grade='2' and forbidden='1') [ RunTime:0.0012s ]
SQL: SHOW COLUMNS FROM `yzs_territory` [ RunTime:0.0005s ]
SQL: SELECT * FROM `yzs_territory` WHERE ( name like '%上海市%' and grade='2' and forbidden='1' ) LIMIT 1   [ RunTime:0.0002s ]
SQL: SHOW COLUMNS FROM `yzs_house_type` [ RunTime:0.0004s ]
SQL: SELECT * FROM `yzs_house_type`  [ RunTime:0.0002s ]
SQL: SELECT * FROM `yzs_territory` WHERE ( grade != 3 and forbidden='1' )  [ RunTime:0.0004s ]

[ 2017-11-20T20:47:49+08:00 ] 101.226.225.59 /index.php/Weixin/Apply/product_screen.html
INFO: [ app_init ] --START--
INFO: Run Behavior\BuildLiteBehavior [ RunTime:0.000011s ]
INFO: [ app_init ] --END-- [ RunTime:0.000301s ]
INFO: [ app_begin ] --START--
INFO: Run Behavior\ReadHtmlCacheBehavior [ RunTime:0.000468s ]
INFO: [ app_begin ] --END-- [ RunTime:0.000505s ]
NOTIC: [8] Undefined variable: data /home/wwwroot/cesi3.0.zhiyujinrong.com/Application/Weixin/Controller/ApplyController.class.php 第 72 行.
NOTIC: [8] Undefined variable: data /home/wwwroot/cesi3.0.zhiyujinrong.com/Application/Weixin/Controller/ApplyController.class.php 第 75 行.
NOTIC: [8] Undefined variable: data /home/wwwroot/cesi3.0.zhiyujinrong.com/Application/Weixin/Controller/ApplyController.class.php 第 78 行.
NOTIC: [8] Undefined variable: data /home/wwwroot/cesi3.0.zhiyujinrong.com/Application/Weixin/Controller/ApplyController.class.php 第 81 行.
SQL: SHOW COLUMNS FROM `yzs_product` [ RunTime:0.0011s ]
SQL: SELECT * FROM `yzs_product` WHERE ( city like '%1%' )  [ RunTime:0.0003s ]
SQL: select GROUP_CONCAT(name) as city from yzs_territory ter where id in(1) [ RunTime:0.0002s ]
SQL: select GROUP_CONCAT(name) as territory from yzs_territory where id in(2,3,10,12) [ RunTime:0.0002s ]
SQL: select GROUP_CONCAT(name) as house from yzs_house_type where id in(1,2,3) [ RunTime:0.0002s ]
SQL: select GROUP_CONCAT(name) as loans_type from yzs_loans_type where id in(1) [ RunTime:0.0002s ]
SQL: select GROUP_CONCAT(name) as city from yzs_territory ter where id in(1) [ RunTime:0.0002s ]
SQL: select GROUP_CONCAT(name) as territory from yzs_territory where id in(2,3,12) [ RunTime:0.0002s ]
SQL: select GROUP_CONCAT(name) as house from yzs_house_type where id in(1,2,3) [ RunTime:0.0002s ]
SQL: select GROUP_CONCAT(name) as loans_type from yzs_loans_type where id in(1) [ RunTime:0.0002s ]
SQL: select GROUP_CONCAT(name) as city from yzs_territory ter where id in(1) [ RunTime:0.0002s ]
SQL: select GROUP_CONCAT(name) as territory from yzs_territory where id in(2,12,14) [ RunTime:0.0002s ]
SQL: select GROUP_CONCAT(name) as house from yzs_house_type where id in(1,2) [ RunTime:0.0002s ]
SQL: select GROUP_CONCAT(name) as loans_type from yzs_loans_type where id in(1) [ RunTime:0.0002s ]

[ 2017-11-20T20:47:52+08:00 ] 101.226.225.59 /index.php/Weixin/Apply/product_introduce/id/1.html
INFO: [ app_init ] --START--
INFO: Run Behavior\BuildLiteBehavior [ RunTime:0.000012s ]
INFO: [ app_init ] --END-- [ RunTime:0.000306s ]
INFO: [ app_begin ] --START--
INFO: Run Behavior\ReadHtmlCacheBehavior [ RunTime:0.000431s ]
INFO: [ app_begin ] --END-- [ RunTime:0.000470s ]
SQL: SHOW COLUMNS FROM `yzs_product` [ RunTime:0.0011s ]
SQL: SELECT * FROM `yzs_product` WHERE ( id=1 ) LIMIT 1   [ RunTime:0.0003s ]
SQL: select id,name from yzs_territory where id in(1) limit 3 [ RunTime:0.0002s ]
SQL: SHOW COLUMNS FROM `yzs_territory` [ RunTime:0.0004s ]
SQL: SELECT * FROM `yzs_territory` WHERE ( higher_up=1 )  [ RunTime:0.0004s ]
NOTIC: [8] Undefined offset: 1 /home/wwwroot/cesi3.0.zhiyujinrong.com/Application/Weixin/Controller/ApplyController.class.php 第 190 行.
NOTIC: [8] Undefined offset: 1 /home/wwwroot/cesi3.0.zhiyujinrong.com/Application/Weixin/Controller/ApplyController.class.php 第 190 行.
NOTIC: [8] Undefined offset: 1 /home/wwwroot/cesi3.0.zhiyujinrong.com/Application/Weixin/Controller/ApplyController.class.php 第 190 行.
NOTIC: [8] Undefined offset: 1 /home/wwwroot/cesi3.0.zhiyujinrong.com/Application/Weixin/Controller/ApplyController.class.php 第 190 行.
NOTIC: [8] Undefined offset: 1 /home/wwwroot/cesi3.0.zhiyujinrong.com/Application/Weixin/Controller/ApplyController.class.php 第 190 行.
NOTIC: [8] Undefined offset: 1 /home/wwwroot/cesi3.0.zhiyujinrong.com/Application/Weixin/Controller/ApplyController.class.php 第 190 行.
NOTIC: [8] Undefined offset: 1 /home/wwwroot/cesi3.0.zhiyujinrong.com/Application/Weixin/Controller/ApplyController.class.php 第 190 行.
NOTIC: [8] Undefined offset: 1 /home/wwwroot/cesi3.0.zhiyujinrong.com/Application/Weixin/Controller/ApplyController.class.php 第 190 行.
NOTIC: [8] Undefined index: state /home/wwwroot/cesi3.0.zhiyujinrong.com/Application/Weixin/Controller/ApplyController.class.php 第 199 行.
SQL: select name as house from yzs_house_type where id in(1,2,3) [ RunTime:0.0003s ]
INFO: [ view_parse ] --START--
INFO: [ template_filter ] --START--
INFO: Run Behavior\ContentReplaceBehavior [ RunTime:0.000065s ]
INFO: [ template_filter ] --END-- [ RunTime:0.000104s ]
NOTIC: [8] Undefined variable: id /home/wwwroot/cesi3.0.zhiyujinrong.com/Application/Runtime/Cache/Weixin/0755e848f3f3091d648539bb4e240237.php 第 166 行.
NOTIC: [8] Undefined variable: id /home/wwwroot/cesi3.0.zhiyujinrong.com/Application/Runtime/Cache/Weixin/0755e848f3f3091d648539bb4e240237.php 第 214 行.
INFO: Run Behavior\ParseTemplateBehavior [ RunTime:0.011588s ]
INFO: [ view_parse ] --END-- [ RunTime:0.011624s ]
INFO: [ view_filter ] --START--
INFO: Run Behavior\WriteHtmlCacheBehavior [ RunTime:0.000183s ]
INFO: [ view_filter ] --END-- [ RunTime:0.000214s ]
INFO: [ app_end ] --START--
INFO: Run Behavior\ShowPageTraceBehavior [ RunTime:0.000413s ]
INFO: [ app_end ] --END-- [ RunTime:0.000456s ]

[ 2017-11-20T20:47:54+08:00 ] 101.226.225.59 /index.php/Weixin/Apply/product_step/id/1.html
INFO: [ app_init ] --START--
INFO: Run Behavior\BuildLiteBehavior [ RunTime:0.000023s ]
INFO: [ app_init ] --END-- [ RunTime:0.000300s ]
INFO: [ app_begin ] --START--
INFO: Run Behavior\ReadHtmlCacheBehavior [ RunTime:0.000396s ]
INFO: [ app_begin ] --END-- [ RunTime:0.000436s ]
SQL: SHOW COLUMNS FROM `yzs_product` [ RunTime:0.0012s ]
SQL: SELECT * FROM `yzs_product` WHERE ( id=1 ) LIMIT 1   [ RunTime:0.0003s ]
INFO: [ view_parse ] --START--
INFO: [ template_filter ] --START--
INFO: Run Behavior\ContentReplaceBehavior [ RunTime:0.000068s ]
INFO: [ template_filter ] --END-- [ RunTime:0.000109s ]
INFO: Run Behavior\ParseTemplateBehavior [ RunTime:0.010363s ]
INFO: [ view_parse ] --END-- [ RunTime:0.010402s ]
INFO: [ view_filter ] --START--
INFO: Run Behavior\WriteHtmlCacheBehavior [ RunTime:0.000173s ]
INFO: [ view_filter ] --END-- [ RunTime:0.000206s ]
INFO: [ app_end ] --START--
INFO: Run Behavior\ShowPageTraceBehavior [ RunTime:0.000427s ]
INFO: [ app_end ] --END-- [ RunTime:0.000478s ]

[ 2017-11-20T20:48:02+08:00 ] 120.204.17.73 /index.php/Weixin/Apply/product_introduce/id/1.html
INFO: [ app_init ] --START--
INFO: Run Behavior\BuildLiteBehavior [ RunTime:0.000012s ]
INFO: [ app_init ] --END-- [ RunTime:0.000297s ]
INFO: [ app_begin ] --START--
INFO: Run Behavior\ReadHtmlCacheBehavior [ RunTime:0.000430s ]
INFO: [ app_begin ] --END-- [ RunTime:0.000469s ]

[ 2017-11-20T20:48:11+08:00 ] 117.136.8.235 /index.php/Weixin/File/img_file/type/weixin.html
INFO: [ app_init ] --START--
INFO: Run Behavior\BuildLiteBehavior [ RunTime:0.000013s ]
INFO: [ app_init ] --END-- [ RunTime:0.000303s ]
INFO: [ app_begin ] --START--
INFO: Run Behavior\ReadHtmlCacheBehavior [ RunTime:0.000394s ]
INFO: [ app_begin ] --END-- [ RunTime:0.000435s ]
NOTIC: [2] call_user_func() expects parameter 1 to be a valid callback, no array or string given /home/wwwroot/cesi3.0.zhiyujinrong.com/ThinkPHP/Library/Think/Upload.class.php 第 170 行.

[ 2017-11-20T20:48:13+08:00 ] 101.226.66.174 /index.php/Weixin/Apply/product_introduce/id/1.html
INFO: [ app_init ] --START--
INFO: Run Behavior\BuildLiteBehavior [ RunTime:0.000016s ]
INFO: [ app_init ] --END-- [ RunTime:0.000303s ]
INFO: [ app_begin ] --START--
INFO: Run Behavior\ReadHtmlCacheBehavior [ RunTime:0.000446s ]
INFO: [ app_begin ] --END-- [ RunTime:0.000495s ]

[ 2017-11-20T20:49:43+08:00 ] 117.136.8.235 /index.php/Weixin/File/img_file/type/weixin.html
INFO: [ app_init ] --START--
INFO: Run Behavior\BuildLiteBehavior [ RunTime:0.000012s ]
INFO: [ app_init ] --END-- [ RunTime:0.000284s ]
INFO: [ app_begin ] --START--
INFO: Run Behavior\ReadHtmlCacheBehavior [ RunTime:0.000372s ]
INFO: [ app_begin ] --END-- [ RunTime:0.000411s ]
NOTIC: [2] call_user_func() expects parameter 1 to be a valid callback, no array or string given /home/wwwroot/cesi3.0.zhiyujinrong.com/ThinkPHP/Library/Think/Upload.class.php 第 170 行.

[ 2017-11-20T21:18:04+08:00 ] 180.173.194.100 /index.php/Weixin/Apply/product.html
INFO: [ app_init ] --START--
INFO: Run Behavior\BuildLiteBehavior [ RunTime:0.000012s ]
INFO: [ app_init ] --END-- [ RunTime:0.000294s ]
INFO: [ app_begin ] --START--
INFO: Run Behavior\ReadHtmlCacheBehavior [ RunTime:0.000376s ]
INFO: [ app_begin ] --END-- [ RunTime:0.000414s ]
SQL: SHOW COLUMNS FROM `yzs_wxusers` [ RunTime:0.0009s ]
SQL: SELECT * FROM `yzs_wxusers` WHERE ( id=1 ) LIMIT 1   [ RunTime:0.0003s ]
SQL: SHOW COLUMNS FROM `yzs_access_token` [ RunTime:0.0004s ]
SQL: SELECT * FROM `yzs_access_token` WHERE ( id=1 ) LIMIT 1   [ RunTime:0.0002s ]
NOTIC: [8] Undefined index: nickname /home/wwwroot/cesi3.0.zhiyujinrong.com/Application/Common/Controller/WeixinController.class.php 第 195 行.
NOTIC: [8] Undefined index: province /home/wwwroot/cesi3.0.zhiyujinrong.com/Application/Common/Controller/WeixinController.class.php 第 196 行.
NOTIC: [8] Undefined index: city /home/wwwroot/cesi3.0.zhiyujinrong.com/Application/Common/Controller/WeixinController.class.php 第 197 行.
NOTIC: [8] Undefined index: country /home/wwwroot/cesi3.0.zhiyujinrong.com/Application/Common/Controller/WeixinController.class.php 第 198 行.
NOTIC: [8] Undefined index: headimgurl /home/wwwroot/cesi3.0.zhiyujinrong.com/Application/Common/Controller/WeixinController.class.php 第 199 行.
NOTIC: [8] Undefined index: privilege /home/wwwroot/cesi3.0.zhiyujinrong.com/Application/Common/Controller/WeixinController.class.php 第 200 行.
SQL: UPDATE `yzs_wxusers` SET `nickname`=NULL,`province`=NULL,`city`=NULL,`country`=NULL,`headimgurl`=NULL,`privilege`=NULL,`u_time`='1511183884' WHERE ( id=1 ) [ RunTime:0.0158s ]
SQL: SELECT * FROM `yzs_wxusers` WHERE ( id=1 ) LIMIT 1   [ RunTime:0.0002s ]
INFO: [ view_parse ] --START--
INFO: [ template_filter ] --START--
INFO: Run Behavior\ContentReplaceBehavior [ RunTime:0.000117s ]
INFO: [ template_filter ] --END-- [ RunTime:0.000169s ]
INFO: Run Behavior\ParseTemplateBehavior [ RunTime:0.009536s ]
INFO: [ view_parse ] --END-- [ RunTime:0.009573s ]
INFO: [ view_filter ] --START--
INFO: Run Behavior\WriteHtmlCacheBehavior [ RunTime:0.000195s ]
INFO: [ view_filter ] --END-- [ RunTime:0.000228s ]
INFO: [ app_end ] --START--
INFO: Run Behavior\ShowPageTraceBehavior [ RunTime:0.000421s ]
INFO: [ app_end ] --END-- [ RunTime:0.000466s ]

[ 2017-11-20T21:18:05+08:00 ] 180.173.194.100 /index.php/Weixin/Apiwechat/js_sdk_check.html
INFO: [ app_init ] --START--
INFO: Run Behavior\BuildLiteBehavior [ RunTime:0.000012s ]
INFO: [ app_init ] --END-- [ RunTime:0.000294s ]
INFO: [ app_begin ] --START--
INFO: Run Behavior\ReadHtmlCacheBehavior [ RunTime:0.000382s ]
INFO: [ app_begin ] --END-- [ RunTime:0.000420s ]
SQL: SHOW COLUMNS FROM `yzs_access_token` [ RunTime:0.0007s ]
SQL: SELECT * FROM `yzs_access_token` WHERE ( id=2 ) LIMIT 1   [ RunTime:0.0002s ]
NOTIC: [8] Uninitialized string offset: 56 /home/wwwroot/cesi3.0.zhiyujinrong.com/Application/Weixin/Controller/ApiwechatController.class.php 第 106 行.
NOTIC: [8] Uninitialized string offset: 54 /home/wwwroot/cesi3.0.zhiyujinrong.com/Application/Weixin/Controller/ApiwechatController.class.php 第 106 行.
NOTIC: [8] Uninitialized string offset: 54 /home/wwwroot/cesi3.0.zhiyujinrong.com/Application/Weixin/Controller/ApiwechatController.class.php 第 106 行.
NOTIC: [8] Uninitialized string offset: 54 /home/wwwroot/cesi3.0.zhiyujinrong.com/Application/Weixin/Controller/ApiwechatController.class.php 第 106 行.

[ 2017-11-20T21:18:06+08:00 ] 180.173.194.100 /index.php/Weixin/Apiwechat/initial_check.html
INFO: [ app_init ] --START--
INFO: Run Behavior\BuildLiteBehavior [ RunTime:0.000012s ]
INFO: [ app_init ] --END-- [ RunTime:0.000285s ]
INFO: [ app_begin ] --START--
INFO: Run Behavior\ReadHtmlCacheBehavior [ RunTime:0.000383s ]
INFO: [ app_begin ] --END-- [ RunTime:0.000436s ]
SQL: select * from yzs_territory where higher_up in(select `id` from yzs_territory where name like '%上海市%' and grade='2' and forbidden='1') [ RunTime:0.0013s ]
SQL: SHOW COLUMNS FROM `yzs_territory` [ RunTime:0.0006s ]
SQL: SELECT * FROM `yzs_territory` WHERE ( name like '%上海市%' and grade='2' and forbidden='1' ) LIMIT 1   [ RunTime:0.0002s ]
SQL: SHOW COLUMNS FROM `yzs_house_type` [ RunTime:0.0004s ]
SQL: SELECT * FROM `yzs_house_type`  [ RunTime:0.0002s ]
SQL: SELECT * FROM `yzs_territory` WHERE ( grade != 3 and forbidden='1' )  [ RunTime:0.0004s ]

[ 2017-11-20T21:18:06+08:00 ] 180.173.194.100 /index.php/Weixin/Apply/product_screen.html
INFO: [ app_init ] --START--
INFO: Run Behavior\BuildLiteBehavior [ RunTime:0.000011s ]
INFO: [ app_init ] --END-- [ RunTime:0.000287s ]
INFO: [ app_begin ] --START--
INFO: Run Behavior\ReadHtmlCacheBehavior [ RunTime:0.000396s ]
INFO: [ app_begin ] --END-- [ RunTime:0.000433s ]
NOTIC: [8] Undefined variable: data /home/wwwroot/cesi3.0.zhiyujinrong.com/Application/Weixin/Controller/ApplyController.class.php 第 72 行.
NOTIC: [8] Undefined variable: data /home/wwwroot/cesi3.0.zhiyujinrong.com/Application/Weixin/Controller/ApplyController.class.php 第 75 行.
NOTIC: [8] Undefined variable: data /home/wwwroot/cesi3.0.zhiyujinrong.com/Application/Weixin/Controller/ApplyController.class.php 第 78 行.
NOTIC: [8] Undefined variable: data /home/wwwroot/cesi3.0.zhiyujinrong.com/Application/Weixin/Controller/ApplyController.class.php 第 81 行.
SQL: SHOW COLUMNS FROM `yzs_product` [ RunTime:0.0010s ]
SQL: SELECT * FROM `yzs_product` WHERE ( city like '%1%' )  [ RunTime:0.0003s ]
SQL: select GROUP_CONCAT(name) as city from yzs_territory ter where id in(1) [ RunTime:0.0002s ]
SQL: select GROUP_CONCAT(name) as territory from yzs_territory where id in(2,3,10,12) [ RunTime:0.0002s ]
SQL: select GROUP_CONCAT(name) as house from yzs_house_type where id in(1,2,3) [ RunTime:0.0002s ]
SQL: select GROUP_CONCAT(name) as loans_type from yzs_loans_type where id in(1) [ RunTime:0.0002s ]
SQL: select GROUP_CONCAT(name) as city from yzs_territory ter where id in(1) [ RunTime:0.0002s ]
SQL: select GROUP_CONCAT(name) as territory from yzs_territory where id in(2,3,12) [ RunTime:0.0002s ]
SQL: select GROUP_CONCAT(name) as house from yzs_house_type where id in(1,2,3) [ RunTime:0.0002s ]
SQL: select GROUP_CONCAT(name) as loans_type from yzs_loans_type where id in(1) [ RunTime:0.0002s ]
SQL: select GROUP_CONCAT(name) as city from yzs_territory ter where id in(1) [ RunTime:0.0002s ]
SQL: select GROUP_CONCAT(name) as territory from yzs_territory where id in(2,12,14) [ RunTime:0.0002s ]
SQL: select GROUP_CONCAT(name) as house from yzs_house_type where id in(1,2) [ RunTime:0.0002s ]
SQL: select GROUP_CONCAT(name) as loans_type from yzs_loans_type where id in(1) [ RunTime:0.0002s ]

[ 2017-11-20T21:21:25+08:00 ] 180.173.194.100 /index.php/Weixin/Apply/product_introduce/id/1.html
INFO: [ app_init ] --START--
INFO: Run Behavior\BuildLiteBehavior [ RunTime:0.000013s ]
INFO: [ app_init ] --END-- [ RunTime:0.000307s ]
INFO: [ app_begin ] --START--
INFO: Run Behavior\ReadHtmlCacheBehavior [ RunTime:0.000404s ]
INFO: [ app_begin ] --END-- [ RunTime:0.000443s ]
SQL: SHOW COLUMNS FROM `yzs_product` [ RunTime:0.0012s ]
SQL: SELECT * FROM `yzs_product` WHERE ( id=1 ) LIMIT 1   [ RunTime:0.0003s ]
SQL: select id,name from yzs_territory where id in(1) limit 3 [ RunTime:0.0002s ]
SQL: SHOW COLUMNS FROM `yzs_territory` [ RunTime:0.0004s ]
SQL: SELECT * FROM `yzs_territory` WHERE ( higher_up=1 )  [ RunTime:0.0004s ]
NOTIC: [8] Undefined offset: 1 /home/wwwroot/cesi3.0.zhiyujinrong.com/Application/Weixin/Controller/ApplyController.class.php 第 190 行.
NOTIC: [8] Undefined offset: 1 /home/wwwroot/cesi3.0.zhiyujinrong.com/Application/Weixin/Controller/ApplyController.class.php 第 190 行.
NOTIC: [8] Undefined offset: 1 /home/wwwroot/cesi3.0.zhiyujinrong.com/Application/Weixin/Controller/ApplyController.class.php 第 190 行.
NOTIC: [8] Undefined offset: 1 /home/wwwroot/cesi3.0.zhiyujinrong.com/Application/Weixin/Controller/ApplyController.class.php 第 190 行.
NOTIC: [8] Undefined offset: 1 /home/wwwroot/cesi3.0.zhiyujinrong.com/Application/Weixin/Controller/ApplyController.class.php 第 190 行.
NOTIC: [8] Undefined offset: 1 /home/wwwroot/cesi3.0.zhiyujinrong.com/Application/Weixin/Controller/ApplyController.class.php 第 190 行.
NOTIC: [8] Undefined offset: 1 /home/wwwroot/cesi3.0.zhiyujinrong.com/Application/Weixin/Controller/ApplyController.class.php 第 190 行.
NOTIC: [8] Undefined offset: 1 /home/wwwroot/cesi3.0.zhiyujinrong.com/Application/Weixin/Controller/ApplyController.class.php 第 190 行.
NOTIC: [8] Undefined index: state /home/wwwroot/cesi3.0.zhiyujinrong.com/Application/Weixin/Controller/ApplyController.class.php 第 199 行.
SQL: select name as house from yzs_house_type where id in(1,2,3) [ RunTime:0.0002s ]
INFO: [ view_parse ] --START--
INFO: [ template_filter ] --START--
INFO: Run Behavior\ContentReplaceBehavior [ RunTime:0.000074s ]
INFO: [ template_filter ] --END-- [ RunTime:0.000114s ]
NOTIC: [8] Undefined variable: id /home/wwwroot/cesi3.0.zhiyujinrong.com/Application/Runtime/Cache/Weixin/0755e848f3f3091d648539bb4e240237.php 第 166 行.
NOTIC: [8] Undefined variable: id /home/wwwroot/cesi3.0.zhiyujinrong.com/Application/Runtime/Cache/Weixin/0755e848f3f3091d648539bb4e240237.php 第 214 行.
INFO: Run Behavior\ParseTemplateBehavior [ RunTime:0.011225s ]
INFO: [ view_parse ] --END-- [ RunTime:0.011272s ]
INFO: [ view_filter ] --START--
INFO: Run Behavior\WriteHtmlCacheBehavior [ RunTime:0.000176s ]
INFO: [ view_filter ] --END-- [ RunTime:0.000286s ]
INFO: [ app_end ] --START--
INFO: Run Behavior\ShowPageTraceBehavior [ RunTime:0.000411s ]
INFO: [ app_end ] --END-- [ RunTime:0.000455s ]

[ 2017-11-20T21:23:53+08:00 ] 180.173.194.100 /index.php/Weixin/Apply/product_step/id/1.html
INFO: [ app_init ] --START--
INFO: Run Behavior\BuildLiteBehavior [ RunTime:0.000026s ]
INFO: [ app_init ] --END-- [ RunTime:0.000309s ]
INFO: [ app_begin ] --START--
INFO: Run Behavior\ReadHtmlCacheBehavior [ RunTime:0.000447s ]
INFO: [ app_begin ] --END-- [ RunTime:0.000485s ]
SQL: SHOW COLUMNS FROM `yzs_product` [ RunTime:0.0011s ]
SQL: SELECT * FROM `yzs_product` WHERE ( id=1 ) LIMIT 1   [ RunTime:0.0003s ]
INFO: [ view_parse ] --START--
INFO: [ template_filter ] --START--
INFO: Run Behavior\ContentReplaceBehavior [ RunTime:0.000065s ]
INFO: [ template_filter ] --END-- [ RunTime:0.000102s ]
INFO: Run Behavior\ParseTemplateBehavior [ RunTime:0.009314s ]
INFO: [ view_parse ] --END-- [ RunTime:0.009352s ]
INFO: [ view_filter ] --START--
INFO: Run Behavior\WriteHtmlCacheBehavior [ RunTime:0.000179s ]
INFO: [ view_filter ] --END-- [ RunTime:0.000212s ]
INFO: [ app_end ] --START--
INFO: Run Behavior\ShowPageTraceBehavior [ RunTime:0.000391s ]
INFO: [ app_end ] --END-- [ RunTime:0.000427s ]

[ 2017-11-20T21:26:23+08:00 ] 180.173.194.100 /index.php/Weixin/File/img_file/type/weixin.html
INFO: [ app_init ] --START--
INFO: Run Behavior\BuildLiteBehavior [ RunTime:0.000017s ]
INFO: [ app_init ] --END-- [ RunTime:0.000322s ]
INFO: [ app_begin ] --START--
INFO: Run Behavior\ReadHtmlCacheBehavior [ RunTime:0.000468s ]
INFO: [ app_begin ] --END-- [ RunTime:0.000508s ]
NOTIC: [2] call_user_func() expects parameter 1 to be a valid callback, no array or string given /home/wwwroot/cesi3.0.zhiyujinrong.com/ThinkPHP/Library/Think/Upload.class.php 第 170 行.

[ 2017-11-20T21:26:25+08:00 ] 180.173.194.100 /index.php/Weixin/File/img_file/type/weixin.html
INFO: [ app_init ] --START--
INFO: Run Behavior\BuildLiteBehavior [ RunTime:0.000013s ]
INFO: [ app_init ] --END-- [ RunTime:0.000309s ]
INFO: [ app_begin ] --START--
INFO: Run Behavior\ReadHtmlCacheBehavior [ RunTime:0.000397s ]
INFO: [ app_begin ] --END-- [ RunTime:0.000438s ]
NOTIC: [2] call_user_func() expects parameter 1 to be a valid callback, no array or string given /home/wwwroot/cesi3.0.zhiyujinrong.com/ThinkPHP/Library/Think/Upload.class.php 第 170 行.

[ 2017-11-20T21:26:29+08:00 ] 180.173.194.100 /index.php/Weixin/File/img_file/type/weixin.html
INFO: [ app_init ] --START--
INFO: Run Behavior\BuildLiteBehavior [ RunTime:0.000013s ]
INFO: [ app_init ] --END-- [ RunTime:0.000298s ]
INFO: [ app_begin ] --START--
INFO: Run Behavior\ReadHtmlCacheBehavior [ RunTime:0.000430s ]
INFO: [ app_begin ] --END-- [ RunTime:0.000470s ]
NOTIC: [2] call_user_func() expects parameter 1 to be a valid callback, no array or string given /home/wwwroot/cesi3.0.zhiyujinrong.com/ThinkPHP/Library/Think/Upload.class.php 第 170 行.

[ 2017-11-20T21:26:33+08:00 ] 180.173.194.100 /index.php/Weixin/File/img_file/type/weixin.html
INFO: [ app_init ] --START--
INFO: Run Behavior\BuildLiteBehavior [ RunTime:0.000012s ]
INFO: [ app_init ] --END-- [ RunTime:0.000287s ]
INFO: [ app_begin ] --START--
INFO: Run Behavior\ReadHtmlCacheBehavior [ RunTime:0.000383s ]
INFO: [ app_begin ] --END-- [ RunTime:0.000423s ]
NOTIC: [2] call_user_func() expects parameter 1 to be a valid callback, no array or string given /home/wwwroot/cesi3.0.zhiyujinrong.com/ThinkPHP/Library/Think/Upload.class.php 第 170 行.

[ 2017-11-20T21:26:36+08:00 ] 180.173.194.100 /index.php/Weixin/File/img_file/type/weixin.html
INFO: [ app_init ] --START--
INFO: Run Behavior\BuildLiteBehavior [ RunTime:0.000012s ]
INFO: [ app_init ] --END-- [ RunTime:0.000301s ]
INFO: [ app_begin ] --START--
INFO: Run Behavior\ReadHtmlCacheBehavior [ RunTime:0.000391s ]
INFO: [ app_begin ] --END-- [ RunTime:0.000430s ]
NOTIC: [2] call_user_func() expects parameter 1 to be a valid callback, no array or string given /home/wwwroot/cesi3.0.zhiyujinrong.com/ThinkPHP/Library/Think/Upload.class.php 第 170 行.

[ 2017-11-20T21:26:40+08:00 ] 180.173.194.100 /index.php/Weixin/File/img_file/type/weixin.html
INFO: [ app_init ] --START--
INFO: Run Behavior\BuildLiteBehavior [ RunTime:0.000026s ]
INFO: [ app_init ] --END-- [ RunTime:0.000304s ]
INFO: [ app_begin ] --START--
INFO: Run Behavior\ReadHtmlCacheBehavior [ RunTime:0.000403s ]
INFO: [ app_begin ] --END-- [ RunTime:0.000443s ]
NOTIC: [2] call_user_func() expects parameter 1 to be a valid callback, no array or string given /home/wwwroot/cesi3.0.zhiyujinrong.com/ThinkPHP/Library/Think/Upload.class.php 第 170 行.

[ 2017-11-20T21:26:44+08:00 ] 180.173.194.100 /index.php/Weixin/File/img_file/type/weixin.html
INFO: [ app_init ] --START--
INFO: Run Behavior\BuildLiteBehavior [ RunTime:0.000013s ]
INFO: [ app_init ] --END-- [ RunTime:0.000284s ]
INFO: [ app_begin ] --START--
INFO: Run Behavior\ReadHtmlCacheBehavior [ RunTime:0.000386s ]
INFO: [ app_begin ] --END-- [ RunTime:0.000426s ]
NOTIC: [2] call_user_func() expects parameter 1 to be a valid callback, no array or string given /home/wwwroot/cesi3.0.zhiyujinrong.com/ThinkPHP/Library/Think/Upload.class.php 第 170 行.

[ 2017-11-20T21:27:29+08:00 ] 180.173.194.100 /index.php/Weixin/Order/order_for.html
INFO: [ app_init ] --START--
INFO: Run Behavior\BuildLiteBehavior [ RunTime:0.000013s ]
INFO: [ app_init ] --END-- [ RunTime:0.000312s ]
INFO: [ app_begin ] --START--
INFO: Run Behavior\ReadHtmlCacheBehavior [ RunTime:0.000404s ]
INFO: [ app_begin ] --END-- [ RunTime:0.000445s ]
SQL: SHOW COLUMNS FROM `yzs_wx_application` [ RunTime:0.0009s ]
SQL: INSERT INTO `yzs_wx_application` (`uid`,`order_number`,`loanamount`,`number`,`p_power_num`,`adult`,`matrimony`,`mate_y_n`,`standby`,`wx_time`,`wx_state`) VALUES ('1','YZS15111844492122722','1220000','12','1','','{\"1\":[\"0\"]}','{\"1\":[\"2\"]}','2','1511184449','0') [ RunTime:0.0003s ]
SQL: SHOW COLUMNS FROM `yzs_wx_identification_url` [ RunTime:0.0005s ]
SQL: INSERT INTO `yzs_wx_identification_url` (`o_id`,`identity_card_frontal`,`identity_card_mate`,`marriage_certificate`,`household_register`,`standby_house`,`pledge_house`,`application_form`,`credit_report`,`estate_survey`,`bank`,`wx_data`) VALUES ('196','{\"1\":[\"\\/uploading\\/wechat\\/images\\/weixin\\/YZS20171120212623_4714.jpg\",\"\\/uploading\\/wechat\\/images\\/weixin\\/YZS20171120212625_4222.jpg\"]}','[]','[]','[\"\\/uploading\\/wechat\\/images\\/weixin\\/YZS20171120212629_6653.jpg\",\"\\/uploading\\/wechat\\/images\\/weixin\\/YZS20171120212636_3267.jpg\"]','[]','[\"\\/uploading\\/wechat\\/images\\/weixin\\/YZS20171120212633_9070.jpg\",\"\\/uploading\\/wechat\\/images\\/weixin\\/YZS20171120212640_9159.jpg\"]','[\"\\/uploading\\/wechat\\/images\\/weixin\\/YZS20171120212644_9271.jpg\"]','[]','[]','[]','[]') [ RunTime:0.0003s ]
INFO: [ view_parse ] --START--
INFO: [ template_filter ] --START--
INFO: Run Behavior\ContentReplaceBehavior [ RunTime:0.000042s ]
INFO: [ template_filter ] --END-- [ RunTime:0.000079s ]
INFO: Run Behavior\ParseTemplateBehavior [ RunTime:0.005260s ]
INFO: [ view_parse ] --END-- [ RunTime:0.005300s ]
INFO: [ view_filter ] --START--
INFO: Run Behavior\WriteHtmlCacheBehavior [ RunTime:0.000171s ]
INFO: [ view_filter ] --END-- [ RunTime:0.000203s ]
INFO: [ app_end ] --START--
INFO: Run Behavior\ShowPageTraceBehavior [ RunTime:0.000439s ]
INFO: [ app_end ] --END-- [ RunTime:0.000473s ]

