[ 2017-12-27T20:57:05+08:00 ] 116.226.228.2 /index.php/Home/Order/orderinfo/id/486.html
INFO: [ app_init ] --START--
INFO: Run Behavior\BuildLiteBehavior [ RunTime:0.000013s ]
INFO: [ app_init ] --END-- [ RunTime:0.000283s ]
INFO: [ app_begin ] --START--
INFO: Run Behavior\ReadHtmlCacheBehavior [ RunTime:0.000375s ]
INFO: [ app_begin ] --END-- [ RunTime:0.000414s ]
SQL: SHOW COLUMNS FROM `yzs_wx_application` [ RunTime:0.0011s ]
SQL: SELECT * FROM `yzs_wx_application` WHERE ( id=486 ) LIMIT 1   [ RunTime:0.0003s ]
SQL: SHOW COLUMNS FROM `yzs_wx_identification_url` [ RunTime:0.0006s ]
SQL: SELECT * FROM `yzs_wx_identification_url` WHERE ( o_id=486 ) LIMIT 1   [ RunTime:0.0002s ]
SQL: SHOW COLUMNS FROM `yzs_wxusers` [ RunTime:0.0007s ]
SQL: SELECT `nickname` FROM `yzs_wxusers` WHERE ( id=22 ) LIMIT 1   [ RunTime:0.0002s ]
INFO: [ view_parse ] --START--
INFO: [ template_filter ] --START--
INFO: Run Behavior\ContentReplaceBehavior [ RunTime:0.000106s ]
INFO: [ template_filter ] --END-- [ RunTime:0.000146s ]
NOTIC: [8] Undefined offset: 1 /home/wwwroot/cesi3.0.zhiyujinrong.com/Application/Runtime/Cache/Home/a5a90a67c4095f33f06cada5581f69eb.php 第 237 行.
NOTIC: [8] Undefined offset: 1 /home/wwwroot/cesi3.0.zhiyujinrong.com/Application/Runtime/Cache/Home/a5a90a67c4095f33f06cada5581f69eb.php 第 243 行.
NOTIC: [8] Undefined offset: 2 /home/wwwroot/cesi3.0.zhiyujinrong.com/Application/Runtime/Cache/Home/a5a90a67c4095f33f06cada5581f69eb.php 第 329 行.
NOTIC: [8] Undefined offset: 2 /home/wwwroot/cesi3.0.zhiyujinrong.com/Application/Runtime/Cache/Home/a5a90a67c4095f33f06cada5581f69eb.php 第 330 行.
INFO: Run Behavior\ParseTemplateBehavior [ RunTime:0.016451s ]
INFO: [ view_parse ] --END-- [ RunTime:0.016504s ]
INFO: [ view_filter ] --START--
INFO: Run Behavior\WriteHtmlCacheBehavior [ RunTime:0.000202s ]
INFO: [ view_filter ] --END-- [ RunTime:0.000245s ]
INFO: [ app_end ] --START--
INFO: Run Behavior\ShowPageTraceBehavior [ RunTime:0.000468s ]
INFO: [ app_end ] --END-- [ RunTime:0.000513s ]

[ 2017-12-27T21:03:28+08:00 ] 116.226.228.2 /index.php/Home/Order/orderinfo/id/486.html
INFO: [ app_init ] --START--
INFO: Run Behavior\BuildLiteBehavior [ RunTime:0.000013s ]
INFO: [ app_init ] --END-- [ RunTime:0.000305s ]
INFO: [ app_begin ] --START--
INFO: Run Behavior\ReadHtmlCacheBehavior [ RunTime:0.000405s ]
INFO: [ app_begin ] --END-- [ RunTime:0.000444s ]
SQL: SHOW COLUMNS FROM `yzs_wx_application` [ RunTime:0.0010s ]
SQL: SELECT * FROM `yzs_wx_application` WHERE ( id=486 ) LIMIT 1   [ RunTime:0.0003s ]
SQL: SHOW COLUMNS FROM `yzs_wx_identification_url` [ RunTime:0.0005s ]
SQL: SELECT * FROM `yzs_wx_identification_url` WHERE ( o_id=486 ) LIMIT 1   [ RunTime:0.0002s ]
SQL: SHOW COLUMNS FROM `yzs_wxusers` [ RunTime:0.0006s ]
SQL: SELECT `nickname` FROM `yzs_wxusers` WHERE ( id=22 ) LIMIT 1   [ RunTime:0.0002s ]
INFO: [ view_parse ] --START--
INFO: [ template_filter ] --START--
INFO: Run Behavior\ContentReplaceBehavior [ RunTime:0.000115s ]
INFO: [ template_filter ] --END-- [ RunTime:0.000154s ]
NOTIC: [8] Undefined offset: 1 /home/wwwroot/cesi3.0.zhiyujinrong.com/Application/Runtime/Cache/Home/a5a90a67c4095f33f06cada5581f69eb.php 第 242 行.
NOTIC: [8] Undefined offset: 1 /home/wwwroot/cesi3.0.zhiyujinrong.com/Application/Runtime/Cache/Home/a5a90a67c4095f33f06cada5581f69eb.php 第 248 行.
NOTIC: [8] Undefined offset: 2 /home/wwwroot/cesi3.0.zhiyujinrong.com/Application/Runtime/Cache/Home/a5a90a67c4095f33f06cada5581f69eb.php 第 334 行.
NOTIC: [8] Undefined offset: 2 /home/wwwroot/cesi3.0.zhiyujinrong.com/Application/Runtime/Cache/Home/a5a90a67c4095f33f06cada5581f69eb.php 第 335 行.
INFO: Run Behavior\ParseTemplateBehavior [ RunTime:0.015718s ]
INFO: [ view_parse ] --END-- [ RunTime:0.015756s ]
INFO: [ view_filter ] --START--
INFO: Run Behavior\WriteHtmlCacheBehavior [ RunTime:0.000191s ]
INFO: [ view_filter ] --END-- [ RunTime:0.000224s ]
INFO: [ app_end ] --START--
INFO: Run Behavior\ShowPageTraceBehavior [ RunTime:0.000465s ]
INFO: [ app_end ] --END-- [ RunTime:0.000509s ]

[ 2017-12-27T21:04:06+08:00 ] 116.226.228.2 /index.php/Home/Order/orderinfo/id/486.html
INFO: [ app_init ] --START--
INFO: Run Behavior\BuildLiteBehavior [ RunTime:0.000017s ]
INFO: [ app_init ] --END-- [ RunTime:0.000383s ]
INFO: [ app_begin ] --START--
INFO: Run Behavior\ReadHtmlCacheBehavior [ RunTime:0.000560s ]
INFO: [ app_begin ] --END-- [ RunTime:0.000611s ]
SQL: SHOW COLUMNS FROM `yzs_wx_application` [ RunTime:0.0011s ]
SQL: SELECT * FROM `yzs_wx_application` WHERE ( id=486 ) LIMIT 1   [ RunTime:0.0003s ]
SQL: SHOW COLUMNS FROM `yzs_wx_identification_url` [ RunTime:0.0005s ]
SQL: SELECT * FROM `yzs_wx_identification_url` WHERE ( o_id=486 ) LIMIT 1   [ RunTime:0.0002s ]
SQL: SHOW COLUMNS FROM `yzs_wxusers` [ RunTime:0.0006s ]
SQL: SELECT `nickname` FROM `yzs_wxusers` WHERE ( id=22 ) LIMIT 1   [ RunTime:0.0002s ]
INFO: [ view_parse ] --START--
INFO: [ template_filter ] --START--
INFO: Run Behavior\ContentReplaceBehavior [ RunTime:0.000103s ]
INFO: [ template_filter ] --END-- [ RunTime:0.000141s ]
NOTIC: [8] Undefined offset: 1 /home/wwwroot/cesi3.0.zhiyujinrong.com/Application/Runtime/Cache/Home/a5a90a67c4095f33f06cada5581f69eb.php 第 243 行.
NOTIC: [8] Undefined offset: 1 /home/wwwroot/cesi3.0.zhiyujinrong.com/Application/Runtime/Cache/Home/a5a90a67c4095f33f06cada5581f69eb.php 第 249 行.
NOTIC: [8] Undefined offset: 2 /home/wwwroot/cesi3.0.zhiyujinrong.com/Application/Runtime/Cache/Home/a5a90a67c4095f33f06cada5581f69eb.php 第 335 行.
NOTIC: [8] Undefined offset: 2 /home/wwwroot/cesi3.0.zhiyujinrong.com/Application/Runtime/Cache/Home/a5a90a67c4095f33f06cada5581f69eb.php 第 336 行.
INFO: Run Behavior\ParseTemplateBehavior [ RunTime:0.015428s ]
INFO: [ view_parse ] --END-- [ RunTime:0.015495s ]
INFO: [ view_filter ] --START--
INFO: Run Behavior\WriteHtmlCacheBehavior [ RunTime:0.000173s ]
INFO: [ view_filter ] --END-- [ RunTime:0.000207s ]
INFO: [ app_end ] --START--
INFO: Run Behavior\ShowPageTraceBehavior [ RunTime:0.000431s ]
INFO: [ app_end ] --END-- [ RunTime:0.000474s ]

