[ 2018-03-19T15:35:56+08:00 ] 127.0.0.1 /index.php/Home/Order/orderinfo.html
INFO: [ app_init ] --START--
INFO: Run Behavior\BuildLiteBehavior [ RunTime:0.000012s ]
INFO: [ app_init ] --END-- [ RunTime:0.000244s ]
INFO: [ app_begin ] --START--
INFO: Run Behavior\ReadHtmlCacheBehavior [ RunTime:0.000385s ]
INFO: [ app_begin ] --END-- [ RunTime:0.000426s ]
NOTIC: [8] Undefined index: id H:\www\3.0\Application\Home\Controller\OrderController.class.php 第 27 行.
NOTIC: [8] Undefined variable: numbering H:\www\3.0\Application\Home\Controller\OrderController.class.php 第 61 行.
NOTIC: [8] Undefined variable: proof H:\www\3.0\Application\Home\Controller\OrderController.class.php 第 62 行.
NOTIC: [8] Undefined variable: wx_nickname H:\www\3.0\Application\Home\Controller\OrderController.class.php 第 63 行.
NOTIC: [8] Undefined variable: obligee_name H:\www\3.0\Application\Home\Controller\OrderController.class.php 第 65 行.
NOTIC: [8] Undefined variable: obligee_identification_id H:\www\3.0\Application\Home\Controller\OrderController.class.php 第 66 行.
NOTIC: [8] Undefined variable: obligee_mobile H:\www\3.0\Application\Home\Controller\OrderController.class.php 第 67 行.
NOTIC: [8] Undefined variable: adult H:\www\3.0\Application\Home\Controller\OrderController.class.php 第 68 行.
NOTIC: [8] Undefined variable: matrimony H:\www\3.0\Application\Home\Controller\OrderController.class.php 第 69 行.
NOTIC: [8] Undefined variable: mate_y_n H:\www\3.0\Application\Home\Controller\OrderController.class.php 第 70 行.
NOTIC: [8] Undefined variable: standby H:\www\3.0\Application\Home\Controller\OrderController.class.php 第 71 行.
NOTIC: [8] Undefined variable: identity_card_mate H:\www\3.0\Application\Home\Controller\OrderController.class.php 第 73 行.
NOTIC: [8] Undefined variable: identity_card_frontal H:\www\3.0\Application\Home\Controller\OrderController.class.php 第 74 行.
NOTIC: [8] Undefined variable: marriage_certificate H:\www\3.0\Application\Home\Controller\OrderController.class.php 第 75 行.
NOTIC: [8] Undefined variable: household_register H:\www\3.0\Application\Home\Controller\OrderController.class.php 第 76 行.
NOTIC: [8] Undefined variable: standby_house H:\www\3.0\Application\Home\Controller\OrderController.class.php 第 77 行.
NOTIC: [8] Undefined variable: pledge_house H:\www\3.0\Application\Home\Controller\OrderController.class.php 第 78 行.
NOTIC: [8] Undefined variable: application_form H:\www\3.0\Application\Home\Controller\OrderController.class.php 第 79 行.
NOTIC: [8] Undefined variable: credit_report H:\www\3.0\Application\Home\Controller\OrderController.class.php 第 80 行.
NOTIC: [8] Undefined variable: estate_survey H:\www\3.0\Application\Home\Controller\OrderController.class.php 第 81 行.
NOTIC: [8] Undefined variable: bank H:\www\3.0\Application\Home\Controller\OrderController.class.php 第 82 行.
NOTIC: [8] Undefined variable: wx_data H:\www\3.0\Application\Home\Controller\OrderController.class.php 第 83 行.
INFO: [ view_parse ] --START--
INFO: [ template_filter ] --START--
INFO: Run Behavior\ContentReplaceBehavior [ RunTime:0.000141s ]
INFO: [ template_filter ] --END-- [ RunTime:0.000177s ]
INFO: Run Behavior\ParseTemplateBehavior [ RunTime:0.117922s ]
INFO: [ view_parse ] --END-- [ RunTime:0.118040s ]
INFO: [ view_filter ] --START--
INFO: Run Behavior\WriteHtmlCacheBehavior [ RunTime:0.000212s ]
INFO: [ view_filter ] --END-- [ RunTime:0.000236s ]
INFO: [ app_end ] --START--
INFO: Run Behavior\ShowPageTraceBehavior [ RunTime:0.000418s ]
INFO: [ app_end ] --END-- [ RunTime:0.000452s ]

[ 2018-03-19T15:36:32+08:00 ] 127.0.0.1 /index.php/Home/Order/orderinfo.html
INFO: [ app_init ] --START--
INFO: Run Behavior\BuildLiteBehavior [ RunTime:0.000009s ]
INFO: [ app_init ] --END-- [ RunTime:0.000275s ]
INFO: [ app_begin ] --START--
INFO: Run Behavior\ReadHtmlCacheBehavior [ RunTime:0.000283s ]
INFO: [ app_begin ] --END-- [ RunTime:0.000319s ]
SQL: SHOW COLUMNS FROM `yzs_wx_application` [ RunTime:0.0161s ]
SQL: SELECT * FROM `yzs_wx_application` WHERE ( id=5 ) LIMIT 1   [ RunTime:0.0003s ]
SQL: SHOW COLUMNS FROM `yzs_wx_identification_url` [ RunTime:0.0053s ]
SQL: SELECT * FROM `yzs_wx_identification_url` WHERE ( o_id=5 ) LIMIT 1   [ RunTime:0.0003s ]
SQL: SHOW COLUMNS FROM `yzs_wxusers` [ RunTime:0.0059s ]
SQL: SELECT `nickname` FROM `yzs_wxusers` WHERE ( id=16 ) LIMIT 1   [ RunTime:0.0003s ]
INFO: [ view_parse ] --START--
INFO: [ template_filter ] --START--
INFO: Run Behavior\ContentReplaceBehavior [ RunTime:0.000134s ]
INFO: [ template_filter ] --END-- [ RunTime:0.000165s ]
INFO: Run Behavior\ParseTemplateBehavior [ RunTime:0.114099s ]
INFO: [ view_parse ] --END-- [ RunTime:0.114143s ]
INFO: [ view_filter ] --START--
INFO: Run Behavior\WriteHtmlCacheBehavior [ RunTime:0.000151s ]
INFO: [ view_filter ] --END-- [ RunTime:0.000175s ]
INFO: [ app_end ] --START--
INFO: Run Behavior\ShowPageTraceBehavior [ RunTime:0.000413s ]
INFO: [ app_end ] --END-- [ RunTime:0.000458s ]

[ 2018-03-19T15:39:39+08:00 ] 127.0.0.1 /index.php/Home/Order/orderinfo.html
INFO: [ app_init ] --START--
INFO: Run Behavior\BuildLiteBehavior [ RunTime:0.000009s ]
INFO: [ app_init ] --END-- [ RunTime:0.000409s ]
INFO: [ app_begin ] --START--
INFO: Run Behavior\ReadHtmlCacheBehavior [ RunTime:0.000369s ]
INFO: [ app_begin ] --END-- [ RunTime:0.000404s ]
SQL: SHOW COLUMNS FROM `yzs_wx_application` [ RunTime:0.0150s ]
SQL: SELECT * FROM `yzs_wx_application` WHERE ( id=5 ) LIMIT 1   [ RunTime:0.0003s ]
SQL: SHOW COLUMNS FROM `yzs_product` [ RunTime:0.0059s ]
SQL: SELECT `name` FROM `yzs_product` WHERE ( id=5 ) LIMIT 1   [ RunTime:0.0003s ]
SQL: SHOW COLUMNS FROM `yzs_wx_identification_url` [ RunTime:0.0055s ]
SQL: SELECT * FROM `yzs_wx_identification_url` WHERE ( o_id=5 ) LIMIT 1   [ RunTime:0.0003s ]
SQL: SHOW COLUMNS FROM `yzs_wxusers` [ RunTime:0.0053s ]
SQL: SELECT `nickname` FROM `yzs_wxusers` WHERE ( id=16 ) LIMIT 1   [ RunTime:0.0003s ]
INFO: [ view_parse ] --START--
INFO: [ template_filter ] --START--
INFO: Run Behavior\ContentReplaceBehavior [ RunTime:0.000136s ]
INFO: [ template_filter ] --END-- [ RunTime:0.000170s ]
INFO: Run Behavior\ParseTemplateBehavior [ RunTime:0.113782s ]
INFO: [ view_parse ] --END-- [ RunTime:0.113826s ]
INFO: [ view_filter ] --START--
INFO: Run Behavior\WriteHtmlCacheBehavior [ RunTime:0.000223s ]
INFO: [ view_filter ] --END-- [ RunTime:0.000249s ]
INFO: [ app_end ] --START--
INFO: Run Behavior\ShowPageTraceBehavior [ RunTime:0.000590s ]
INFO: [ app_end ] --END-- [ RunTime:0.000669s ]

[ 2018-03-19T15:43:59+08:00 ] 127.0.0.1 /index.php/Home/Order/orderinfo.html
INFO: [ app_init ] --START--
INFO: Run Behavior\BuildLiteBehavior [ RunTime:0.000009s ]
INFO: [ app_init ] --END-- [ RunTime:0.000303s ]
INFO: [ app_begin ] --START--
INFO: Run Behavior\ReadHtmlCacheBehavior [ RunTime:0.000356s ]
INFO: [ app_begin ] --END-- [ RunTime:0.000392s ]
SQL: SHOW COLUMNS FROM `yzs_wx_application` [ RunTime:0.0171s ]
SQL: SELECT * FROM `yzs_wx_application` WHERE ( id=5 ) LIMIT 1   [ RunTime:0.0004s ]
SQL: SHOW COLUMNS FROM `yzs_product` [ RunTime:0.0056s ]
SQL: SELECT `name` FROM `yzs_product` WHERE ( id=5 ) LIMIT 1   [ RunTime:0.0003s ]
SQL: SHOW COLUMNS FROM `yzs_wx_identification_url` [ RunTime:0.0070s ]
SQL: SELECT * FROM `yzs_wx_identification_url` WHERE ( o_id=5 ) LIMIT 1   [ RunTime:0.0004s ]
SQL: SHOW COLUMNS FROM `yzs_wxusers` [ RunTime:0.0063s ]
SQL: SELECT `nickname` FROM `yzs_wxusers` WHERE ( id=16 ) LIMIT 1   [ RunTime:0.0003s ]
INFO: [ view_parse ] --START--
INFO: [ template_filter ] --START--
INFO: Run Behavior\ContentReplaceBehavior [ RunTime:0.000137s ]
INFO: [ template_filter ] --END-- [ RunTime:0.000174s ]
INFO: Run Behavior\ParseTemplateBehavior [ RunTime:0.124010s ]
INFO: [ view_parse ] --END-- [ RunTime:0.124053s ]
INFO: [ view_filter ] --START--
INFO: Run Behavior\WriteHtmlCacheBehavior [ RunTime:0.000235s ]
INFO: [ view_filter ] --END-- [ RunTime:0.000259s ]
INFO: [ app_end ] --START--
INFO: Run Behavior\ShowPageTraceBehavior [ RunTime:0.000458s ]
INFO: [ app_end ] --END-- [ RunTime:0.000527s ]

[ 2018-03-19T15:46:15+08:00 ] 127.0.0.1 /index.php/Home/Order/orderinfo.html
INFO: [ app_init ] --START--
INFO: Run Behavior\BuildLiteBehavior [ RunTime:0.000008s ]
INFO: [ app_init ] --END-- [ RunTime:0.000258s ]
INFO: [ app_begin ] --START--
INFO: Run Behavior\ReadHtmlCacheBehavior [ RunTime:0.000929s ]
INFO: [ app_begin ] --END-- [ RunTime:0.001078s ]
SQL: SHOW COLUMNS FROM `yzs_wx_application` [ RunTime:0.0097s ]
SQL: SELECT * FROM `yzs_wx_application` WHERE ( id=5 ) LIMIT 1   [ RunTime:0.0003s ]
SQL: SHOW COLUMNS FROM `yzs_product` [ RunTime:0.0061s ]
SQL: SELECT `name` FROM `yzs_product` WHERE ( id=5 ) LIMIT 1   [ RunTime:0.0003s ]
SQL: SHOW COLUMNS FROM `yzs_wx_identification_url` [ RunTime:0.0055s ]
SQL: SELECT * FROM `yzs_wx_identification_url` WHERE ( o_id=5 ) LIMIT 1   [ RunTime:0.0003s ]
SQL: SHOW COLUMNS FROM `yzs_wxusers` [ RunTime:0.0053s ]
SQL: SELECT `nickname` FROM `yzs_wxusers` WHERE ( id=16 ) LIMIT 1   [ RunTime:0.0002s ]
INFO: [ view_parse ] --START--
INFO: [ template_filter ] --START--
INFO: Run Behavior\ContentReplaceBehavior [ RunTime:0.000141s ]
INFO: [ template_filter ] --END-- [ RunTime:0.000182s ]
INFO: Run Behavior\ParseTemplateBehavior [ RunTime:0.127847s ]
INFO: [ view_parse ] --END-- [ RunTime:0.127890s ]
INFO: [ view_filter ] --START--
INFO: Run Behavior\WriteHtmlCacheBehavior [ RunTime:0.000221s ]
INFO: [ view_filter ] --END-- [ RunTime:0.000244s ]
INFO: [ app_end ] --START--
INFO: Run Behavior\ShowPageTraceBehavior [ RunTime:0.000481s ]
INFO: [ app_end ] --END-- [ RunTime:0.000528s ]

[ 2018-03-19T15:49:42+08:00 ] 127.0.0.1 /index.php/Home/Order/orderinfo.html
INFO: [ app_init ] --START--
INFO: Run Behavior\BuildLiteBehavior [ RunTime:0.000021s ]
INFO: [ app_init ] --END-- [ RunTime:0.000567s ]
INFO: [ app_begin ] --START--
INFO: Run Behavior\ReadHtmlCacheBehavior [ RunTime:0.000385s ]
INFO: [ app_begin ] --END-- [ RunTime:0.000421s ]
SQL: SHOW COLUMNS FROM `yzs_wx_application` [ RunTime:0.0161s ]
SQL: SELECT * FROM `yzs_wx_application` WHERE ( id=5 ) LIMIT 1   [ RunTime:0.0003s ]
SQL: SHOW COLUMNS FROM `yzs_product` [ RunTime:0.0086s ]
SQL: SELECT `name` FROM `yzs_product` WHERE ( id=5 ) LIMIT 1   [ RunTime:0.0005s ]
SQL: SHOW COLUMNS FROM `yzs_wx_identification_url` [ RunTime:0.0059s ]
SQL: SELECT * FROM `yzs_wx_identification_url` WHERE ( o_id=5 ) LIMIT 1   [ RunTime:0.0003s ]
SQL: SHOW COLUMNS FROM `yzs_wxusers` [ RunTime:0.0054s ]
SQL: SELECT `nickname` FROM `yzs_wxusers` WHERE ( id=16 ) LIMIT 1   [ RunTime:0.0002s ]
INFO: [ view_parse ] --START--
INFO: [ template_filter ] --START--
INFO: Run Behavior\ContentReplaceBehavior [ RunTime:0.000139s ]
INFO: [ template_filter ] --END-- [ RunTime:0.000176s ]
INFO: Run Behavior\ParseTemplateBehavior [ RunTime:0.124832s ]
INFO: [ view_parse ] --END-- [ RunTime:0.124873s ]
INFO: [ view_filter ] --START--
INFO: Run Behavior\WriteHtmlCacheBehavior [ RunTime:0.000228s ]
INFO: [ view_filter ] --END-- [ RunTime:0.000256s ]
INFO: [ app_end ] --START--
INFO: Run Behavior\ShowPageTraceBehavior [ RunTime:0.000574s ]
INFO: [ app_end ] --END-- [ RunTime:0.000627s ]

[ 2018-03-19T15:50:03+08:00 ] 127.0.0.1 /index.php/Home/Order/orderinfo.html
INFO: [ app_init ] --START--
INFO: Run Behavior\BuildLiteBehavior [ RunTime:0.000009s ]
INFO: [ app_init ] --END-- [ RunTime:0.000262s ]
INFO: [ app_begin ] --START--
INFO: Run Behavior\ReadHtmlCacheBehavior [ RunTime:0.000375s ]
INFO: [ app_begin ] --END-- [ RunTime:0.000409s ]
SQL: SHOW COLUMNS FROM `yzs_wx_application` [ RunTime:0.0174s ]
SQL: SELECT * FROM `yzs_wx_application` WHERE ( id=5 ) LIMIT 1   [ RunTime:0.0003s ]
SQL: SHOW COLUMNS FROM `yzs_product` [ RunTime:0.0063s ]
SQL: SELECT `name` FROM `yzs_product` WHERE ( id=5 ) LIMIT 1   [ RunTime:0.0002s ]
SQL: SHOW COLUMNS FROM `yzs_wx_identification_url` [ RunTime:0.0054s ]
SQL: SELECT * FROM `yzs_wx_identification_url` WHERE ( o_id=5 ) LIMIT 1   [ RunTime:0.0003s ]
SQL: SHOW COLUMNS FROM `yzs_wxusers` [ RunTime:0.0056s ]
SQL: SELECT `nickname` FROM `yzs_wxusers` WHERE ( id=16 ) LIMIT 1   [ RunTime:0.0003s ]
INFO: [ view_parse ] --START--
INFO: [ template_filter ] --START--
INFO: Run Behavior\ContentReplaceBehavior [ RunTime:0.000166s ]
INFO: [ template_filter ] --END-- [ RunTime:0.000201s ]
INFO: Run Behavior\ParseTemplateBehavior [ RunTime:0.128306s ]
INFO: [ view_parse ] --END-- [ RunTime:0.128346s ]
INFO: [ view_filter ] --START--
INFO: Run Behavior\WriteHtmlCacheBehavior [ RunTime:0.000215s ]
INFO: [ view_filter ] --END-- [ RunTime:0.000239s ]
INFO: [ app_end ] --START--
INFO: Run Behavior\ShowPageTraceBehavior [ RunTime:0.000442s ]
INFO: [ app_end ] --END-- [ RunTime:0.000488s ]

[ 2018-03-19T15:52:43+08:00 ] 127.0.0.1 /index.php/Home/Order/orderinfo.html
INFO: [ app_init ] --START--
INFO: Run Behavior\BuildLiteBehavior [ RunTime:0.000011s ]
INFO: [ app_init ] --END-- [ RunTime:0.000323s ]
INFO: [ app_begin ] --START--
INFO: Run Behavior\ReadHtmlCacheBehavior [ RunTime:0.000664s ]
INFO: [ app_begin ] --END-- [ RunTime:0.000711s ]
SQL: SHOW COLUMNS FROM `yzs_wx_application` [ RunTime:0.0163s ]
SQL: SELECT * FROM `yzs_wx_application` WHERE ( id=5 ) LIMIT 1   [ RunTime:0.0003s ]
SQL: SHOW COLUMNS FROM `yzs_product` [ RunTime:0.0056s ]
SQL: SELECT `name` FROM `yzs_product` WHERE ( id=5 ) LIMIT 1   [ RunTime:0.0003s ]
SQL: SHOW COLUMNS FROM `yzs_wx_identification_url` [ RunTime:0.0060s ]
SQL: SELECT * FROM `yzs_wx_identification_url` WHERE ( o_id=5 ) LIMIT 1   [ RunTime:0.0002s ]
SQL: SHOW COLUMNS FROM `yzs_wxusers` [ RunTime:0.0053s ]
SQL: SELECT `nickname` FROM `yzs_wxusers` WHERE ( id=16 ) LIMIT 1   [ RunTime:0.0002s ]
INFO: [ view_parse ] --START--
INFO: [ template_filter ] --START--
INFO: Run Behavior\ContentReplaceBehavior [ RunTime:0.000136s ]
INFO: [ template_filter ] --END-- [ RunTime:0.000172s ]
INFO: Run Behavior\ParseTemplateBehavior [ RunTime:0.114783s ]
INFO: [ view_parse ] --END-- [ RunTime:0.114834s ]
INFO: [ view_filter ] --START--
INFO: Run Behavior\WriteHtmlCacheBehavior [ RunTime:0.000220s ]
INFO: [ view_filter ] --END-- [ RunTime:0.000243s ]
INFO: [ app_end ] --START--
INFO: Run Behavior\ShowPageTraceBehavior [ RunTime:0.000488s ]
INFO: [ app_end ] --END-- [ RunTime:0.000535s ]

[ 2018-03-19T15:53:15+08:00 ] 127.0.0.1 /index.php/Home/Order/orderinfo.html
INFO: [ app_init ] --START--
INFO: Run Behavior\BuildLiteBehavior [ RunTime:0.000009s ]
INFO: [ app_init ] --END-- [ RunTime:0.000241s ]
INFO: [ app_begin ] --START--
INFO: Run Behavior\ReadHtmlCacheBehavior [ RunTime:0.000354s ]
INFO: [ app_begin ] --END-- [ RunTime:0.000387s ]
SQL: SHOW COLUMNS FROM `yzs_wx_application` [ RunTime:0.0091s ]
SQL: SELECT * FROM `yzs_wx_application` WHERE ( id=5 ) LIMIT 1   [ RunTime:0.0003s ]
SQL: SHOW COLUMNS FROM `yzs_product` [ RunTime:0.0056s ]
SQL: SELECT `name` FROM `yzs_product` WHERE ( id=5 ) LIMIT 1   [ RunTime:0.0003s ]
SQL: SHOW COLUMNS FROM `yzs_wx_identification_url` [ RunTime:0.0058s ]
SQL: SELECT * FROM `yzs_wx_identification_url` WHERE ( o_id=5 ) LIMIT 1   [ RunTime:0.0002s ]
SQL: SHOW COLUMNS FROM `yzs_wxusers` [ RunTime:0.0052s ]
SQL: SELECT `nickname` FROM `yzs_wxusers` WHERE ( id=16 ) LIMIT 1   [ RunTime:0.0002s ]
INFO: [ view_parse ] --START--
INFO: [ template_filter ] --START--
INFO: Run Behavior\ContentReplaceBehavior [ RunTime:0.000136s ]
INFO: [ template_filter ] --END-- [ RunTime:0.000178s ]
INFO: Run Behavior\ParseTemplateBehavior [ RunTime:0.124922s ]
INFO: [ view_parse ] --END-- [ RunTime:0.125115s ]
INFO: [ view_filter ] --START--
INFO: Run Behavior\WriteHtmlCacheBehavior [ RunTime:0.001191s ]
INFO: [ view_filter ] --END-- [ RunTime:0.001296s ]
INFO: [ app_end ] --START--
INFO: Run Behavior\ShowPageTraceBehavior [ RunTime:0.000617s ]
INFO: [ app_end ] --END-- [ RunTime:0.000666s ]

[ 2018-03-19T15:53:51+08:00 ] 127.0.0.1 /index.php/Home/Order/orderinfo.html
INFO: [ app_init ] --START--
INFO: Run Behavior\BuildLiteBehavior [ RunTime:0.000009s ]
INFO: [ app_init ] --END-- [ RunTime:0.000281s ]
INFO: [ app_begin ] --START--
INFO: Run Behavior\ReadHtmlCacheBehavior [ RunTime:0.000548s ]
INFO: [ app_begin ] --END-- [ RunTime:0.000594s ]
SQL: SHOW COLUMNS FROM `yzs_wx_application` [ RunTime:0.0102s ]
SQL: SELECT * FROM `yzs_wx_application` WHERE ( id=5 ) LIMIT 1   [ RunTime:0.0003s ]
SQL: SHOW COLUMNS FROM `yzs_product` [ RunTime:0.0057s ]
SQL: SELECT `name` FROM `yzs_product` WHERE ( id=5 ) LIMIT 1   [ RunTime:0.0002s ]
SQL: SHOW COLUMNS FROM `yzs_wx_identification_url` [ RunTime:0.0055s ]
SQL: SELECT * FROM `yzs_wx_identification_url` WHERE ( o_id=5 ) LIMIT 1   [ RunTime:0.0009s ]
SQL: SHOW COLUMNS FROM `yzs_wxusers` [ RunTime:0.0070s ]
SQL: SELECT `nickname` FROM `yzs_wxusers` WHERE ( id=16 ) LIMIT 1   [ RunTime:0.0002s ]
INFO: [ view_parse ] --START--
INFO: [ template_filter ] --START--
INFO: Run Behavior\ContentReplaceBehavior [ RunTime:0.000139s ]
INFO: [ template_filter ] --END-- [ RunTime:0.000179s ]
INFO: Run Behavior\ParseTemplateBehavior [ RunTime:0.111929s ]
INFO: [ view_parse ] --END-- [ RunTime:0.111969s ]
INFO: [ view_filter ] --START--
INFO: Run Behavior\WriteHtmlCacheBehavior [ RunTime:0.000219s ]
INFO: [ view_filter ] --END-- [ RunTime:0.000245s ]
INFO: [ app_end ] --START--
INFO: Run Behavior\ShowPageTraceBehavior [ RunTime:0.000511s ]
INFO: [ app_end ] --END-- [ RunTime:0.000555s ]

[ 2018-03-19T15:54:06+08:00 ] 127.0.0.1 /index.php/Home/Order/orderinfo.html
INFO: [ app_init ] --START--
INFO: Run Behavior\BuildLiteBehavior [ RunTime:0.000063s ]
INFO: [ app_init ] --END-- [ RunTime:0.000956s ]
INFO: [ app_begin ] --START--
INFO: Run Behavior\ReadHtmlCacheBehavior [ RunTime:0.000393s ]
INFO: [ app_begin ] --END-- [ RunTime:0.000444s ]
SQL: SHOW COLUMNS FROM `yzs_wx_application` [ RunTime:0.0163s ]
SQL: SELECT * FROM `yzs_wx_application` WHERE ( id=5 ) LIMIT 1   [ RunTime:0.0003s ]
SQL: SHOW COLUMNS FROM `yzs_product` [ RunTime:0.0057s ]
SQL: SELECT `name` FROM `yzs_product` WHERE ( id=5 ) LIMIT 1   [ RunTime:0.0003s ]
SQL: SHOW COLUMNS FROM `yzs_wx_identification_url` [ RunTime:0.0059s ]
SQL: SELECT * FROM `yzs_wx_identification_url` WHERE ( o_id=5 ) LIMIT 1   [ RunTime:0.0003s ]
SQL: SHOW COLUMNS FROM `yzs_wxusers` [ RunTime:0.0055s ]
SQL: SELECT `nickname` FROM `yzs_wxusers` WHERE ( id=16 ) LIMIT 1   [ RunTime:0.0003s ]
INFO: [ view_parse ] --START--
INFO: [ template_filter ] --START--
INFO: Run Behavior\ContentReplaceBehavior [ RunTime:0.000135s ]
INFO: [ template_filter ] --END-- [ RunTime:0.000170s ]
INFO: Run Behavior\ParseTemplateBehavior [ RunTime:0.114727s ]
INFO: [ view_parse ] --END-- [ RunTime:0.114766s ]
INFO: [ view_filter ] --START--
INFO: Run Behavior\WriteHtmlCacheBehavior [ RunTime:0.000157s ]
INFO: [ view_filter ] --END-- [ RunTime:0.000181s ]
INFO: [ app_end ] --START--
INFO: Run Behavior\ShowPageTraceBehavior [ RunTime:0.000365s ]
INFO: [ app_end ] --END-- [ RunTime:0.000404s ]

[ 2018-03-19T15:54:07+08:00 ] 127.0.0.1 /index.php/Home/Order/orderinfo.html
INFO: [ app_init ] --START--
INFO: Run Behavior\BuildLiteBehavior [ RunTime:0.000015s ]
INFO: [ app_init ] --END-- [ RunTime:0.000235s ]
INFO: [ app_begin ] --START--
INFO: Run Behavior\ReadHtmlCacheBehavior [ RunTime:0.000283s ]
INFO: [ app_begin ] --END-- [ RunTime:0.000314s ]
SQL: SHOW COLUMNS FROM `yzs_wx_application` [ RunTime:0.0157s ]
SQL: SELECT * FROM `yzs_wx_application` WHERE ( id=5 ) LIMIT 1   [ RunTime:0.0003s ]
SQL: SHOW COLUMNS FROM `yzs_product` [ RunTime:0.0069s ]
SQL: SELECT `name` FROM `yzs_product` WHERE ( id=5 ) LIMIT 1   [ RunTime:0.0003s ]
SQL: SHOW COLUMNS FROM `yzs_wx_identification_url` [ RunTime:0.0056s ]
SQL: SELECT * FROM `yzs_wx_identification_url` WHERE ( o_id=5 ) LIMIT 1   [ RunTime:0.0003s ]
SQL: SHOW COLUMNS FROM `yzs_wxusers` [ RunTime:0.0055s ]
SQL: SELECT `nickname` FROM `yzs_wxusers` WHERE ( id=16 ) LIMIT 1   [ RunTime:0.0002s ]
INFO: [ view_parse ] --START--
INFO: [ template_filter ] --START--
INFO: Run Behavior\ContentReplaceBehavior [ RunTime:0.000135s ]
INFO: [ template_filter ] --END-- [ RunTime:0.000182s ]
INFO: Run Behavior\ParseTemplateBehavior [ RunTime:0.113439s ]
INFO: [ view_parse ] --END-- [ RunTime:0.113480s ]
INFO: [ view_filter ] --START--
INFO: Run Behavior\WriteHtmlCacheBehavior [ RunTime:0.000154s ]
INFO: [ view_filter ] --END-- [ RunTime:0.000178s ]
INFO: [ app_end ] --START--
INFO: Run Behavior\ShowPageTraceBehavior [ RunTime:0.000378s ]
INFO: [ app_end ] --END-- [ RunTime:0.000417s ]

[ 2018-03-19T15:55:27+08:00 ] 127.0.0.1 /index.php/Home/Order/orderinfo.html
INFO: [ app_init ] --START--
INFO: Run Behavior\BuildLiteBehavior [ RunTime:0.000009s ]
INFO: [ app_init ] --END-- [ RunTime:0.000255s ]
INFO: [ app_begin ] --START--
INFO: Run Behavior\ReadHtmlCacheBehavior [ RunTime:0.000353s ]
INFO: [ app_begin ] --END-- [ RunTime:0.000391s ]
SQL: SHOW COLUMNS FROM `yzs_wx_application` [ RunTime:0.0078s ]
SQL: SELECT * FROM `yzs_wx_application` WHERE ( id=5 ) LIMIT 1   [ RunTime:0.0003s ]
SQL: SHOW COLUMNS FROM `yzs_product` [ RunTime:0.0067s ]
SQL: SELECT `name` FROM `yzs_product` WHERE ( id=5 ) LIMIT 1   [ RunTime:0.0003s ]
SQL: SHOW COLUMNS FROM `yzs_wx_identification_url` [ RunTime:0.0057s ]
SQL: SELECT * FROM `yzs_wx_identification_url` WHERE ( o_id=5 ) LIMIT 1   [ RunTime:0.0003s ]
SQL: SHOW COLUMNS FROM `yzs_wxusers` [ RunTime:0.0054s ]
SQL: SELECT `nickname` FROM `yzs_wxusers` WHERE ( id=16 ) LIMIT 1   [ RunTime:0.0002s ]
INFO: [ view_parse ] --START--
INFO: [ template_filter ] --START--
INFO: Run Behavior\ContentReplaceBehavior [ RunTime:0.000135s ]
INFO: [ template_filter ] --END-- [ RunTime:0.000171s ]
INFO: Run Behavior\ParseTemplateBehavior [ RunTime:0.113738s ]
INFO: [ view_parse ] --END-- [ RunTime:0.113778s ]
INFO: [ view_filter ] --START--
INFO: Run Behavior\WriteHtmlCacheBehavior [ RunTime:0.000215s ]
INFO: [ view_filter ] --END-- [ RunTime:0.000239s ]
INFO: [ app_end ] --START--
INFO: Run Behavior\ShowPageTraceBehavior [ RunTime:0.000476s ]
INFO: [ app_end ] --END-- [ RunTime:0.000521s ]

[ 2018-03-19T15:56:53+08:00 ] 127.0.0.1 /index.php/Home/Order/orderinfo.html
INFO: [ app_init ] --START--
INFO: Run Behavior\BuildLiteBehavior [ RunTime:0.000014s ]
INFO: [ app_init ] --END-- [ RunTime:0.000417s ]
INFO: [ app_begin ] --START--
INFO: Run Behavior\ReadHtmlCacheBehavior [ RunTime:0.000831s ]
INFO: [ app_begin ] --END-- [ RunTime:0.000875s ]
SQL: SHOW COLUMNS FROM `yzs_wx_application` [ RunTime:0.0248s ]
SQL: SELECT * FROM `yzs_wx_application` WHERE ( id=5 ) LIMIT 1   [ RunTime:0.0005s ]
SQL: SHOW COLUMNS FROM `yzs_product` [ RunTime:0.0073s ]
SQL: SELECT `name` FROM `yzs_product` WHERE ( id=5 ) LIMIT 1   [ RunTime:0.0002s ]
SQL: SHOW COLUMNS FROM `yzs_wx_identification_url` [ RunTime:0.0063s ]
SQL: SELECT * FROM `yzs_wx_identification_url` WHERE ( o_id=5 ) LIMIT 1   [ RunTime:0.0003s ]
SQL: SHOW COLUMNS FROM `yzs_wxusers` [ RunTime:0.0055s ]
SQL: SELECT `nickname` FROM `yzs_wxusers` WHERE ( id=16 ) LIMIT 1   [ RunTime:0.0002s ]
INFO: [ view_parse ] --START--
INFO: [ template_filter ] --START--
INFO: Run Behavior\ContentReplaceBehavior [ RunTime:0.000138s ]
INFO: [ template_filter ] --END-- [ RunTime:0.000174s ]
INFO: Run Behavior\ParseTemplateBehavior [ RunTime:0.116167s ]
INFO: [ view_parse ] --END-- [ RunTime:0.116206s ]
INFO: [ view_filter ] --START--
INFO: Run Behavior\WriteHtmlCacheBehavior [ RunTime:0.000225s ]
INFO: [ view_filter ] --END-- [ RunTime:0.000251s ]
INFO: [ app_end ] --START--
INFO: Run Behavior\ShowPageTraceBehavior [ RunTime:0.000473s ]
INFO: [ app_end ] --END-- [ RunTime:0.000511s ]

[ 2018-03-19T15:57:07+08:00 ] 127.0.0.1 /index.php/Home/Order/orderinfo.html
INFO: [ app_init ] --START--
INFO: Run Behavior\BuildLiteBehavior [ RunTime:0.000012s ]
INFO: [ app_init ] --END-- [ RunTime:0.000335s ]
INFO: [ app_begin ] --START--
INFO: Run Behavior\ReadHtmlCacheBehavior [ RunTime:0.000573s ]
INFO: [ app_begin ] --END-- [ RunTime:0.000647s ]
SQL: SHOW COLUMNS FROM `yzs_wx_application` [ RunTime:0.0093s ]
SQL: SELECT * FROM `yzs_wx_application` WHERE ( id=5 ) LIMIT 1   [ RunTime:0.0004s ]
SQL: SHOW COLUMNS FROM `yzs_product` [ RunTime:0.0059s ]
SQL: SELECT `name` FROM `yzs_product` WHERE ( id=5 ) LIMIT 1   [ RunTime:0.0002s ]
SQL: SHOW COLUMNS FROM `yzs_wx_identification_url` [ RunTime:0.0053s ]
SQL: SELECT * FROM `yzs_wx_identification_url` WHERE ( o_id=5 ) LIMIT 1   [ RunTime:0.0003s ]
SQL: SHOW COLUMNS FROM `yzs_wxusers` [ RunTime:0.0059s ]
SQL: SELECT `nickname` FROM `yzs_wxusers` WHERE ( id=16 ) LIMIT 1   [ RunTime:0.0002s ]
INFO: [ view_parse ] --START--
INFO: [ template_filter ] --START--
INFO: Run Behavior\ContentReplaceBehavior [ RunTime:0.000133s ]
INFO: [ template_filter ] --END-- [ RunTime:0.000165s ]
INFO: Run Behavior\ParseTemplateBehavior [ RunTime:0.114884s ]
INFO: [ view_parse ] --END-- [ RunTime:0.114934s ]
INFO: [ view_filter ] --START--
INFO: Run Behavior\WriteHtmlCacheBehavior [ RunTime:0.000217s ]
INFO: [ view_filter ] --END-- [ RunTime:0.000242s ]
INFO: [ app_end ] --START--
INFO: Run Behavior\ShowPageTraceBehavior [ RunTime:0.000498s ]
INFO: [ app_end ] --END-- [ RunTime:0.000555s ]

[ 2018-03-19T15:57:42+08:00 ] 127.0.0.1 /index.php/Home/Order/orderinfo.html
INFO: [ app_init ] --START--
INFO: Run Behavior\BuildLiteBehavior [ RunTime:0.000010s ]
INFO: [ app_init ] --END-- [ RunTime:0.000356s ]
INFO: [ app_begin ] --START--
INFO: Run Behavior\ReadHtmlCacheBehavior [ RunTime:0.000389s ]
INFO: [ app_begin ] --END-- [ RunTime:0.000435s ]
SQL: SHOW COLUMNS FROM `yzs_wx_application` [ RunTime:0.0180s ]
SQL: SELECT * FROM `yzs_wx_application` WHERE ( id=5 ) LIMIT 1   [ RunTime:0.0003s ]
SQL: SHOW COLUMNS FROM `yzs_product` [ RunTime:0.0056s ]
SQL: SELECT `name` FROM `yzs_product` WHERE ( id=5 ) LIMIT 1   [ RunTime:0.0002s ]
SQL: SHOW COLUMNS FROM `yzs_wx_identification_url` [ RunTime:0.0053s ]
SQL: SELECT * FROM `yzs_wx_identification_url` WHERE ( o_id=5 ) LIMIT 1   [ RunTime:0.0003s ]
SQL: SHOW COLUMNS FROM `yzs_wxusers` [ RunTime:0.0056s ]
SQL: SELECT `nickname` FROM `yzs_wxusers` WHERE ( id=16 ) LIMIT 1   [ RunTime:0.0003s ]
INFO: [ view_parse ] --START--
INFO: [ template_filter ] --START--
INFO: Run Behavior\ContentReplaceBehavior [ RunTime:0.000154s ]
INFO: [ template_filter ] --END-- [ RunTime:0.000194s ]
INFO: Run Behavior\ParseTemplateBehavior [ RunTime:0.116900s ]
INFO: [ view_parse ] --END-- [ RunTime:0.116940s ]
INFO: [ view_filter ] --START--
INFO: Run Behavior\WriteHtmlCacheBehavior [ RunTime:0.000153s ]
INFO: [ view_filter ] --END-- [ RunTime:0.000178s ]
INFO: [ app_end ] --START--
INFO: Run Behavior\ShowPageTraceBehavior [ RunTime:0.000403s ]
INFO: [ app_end ] --END-- [ RunTime:0.000463s ]

[ 2018-03-19T16:02:43+08:00 ] 127.0.0.1 /index.php/Home/Order/orderinfo.html
INFO: [ app_init ] --START--
INFO: Run Behavior\BuildLiteBehavior [ RunTime:0.000024s ]
INFO: [ app_init ] --END-- [ RunTime:0.000394s ]
INFO: [ app_begin ] --START--
INFO: Run Behavior\ReadHtmlCacheBehavior [ RunTime:0.000506s ]
INFO: [ app_begin ] --END-- [ RunTime:0.000555s ]
NOTIC: [8] Undefined index: id H:\www\3.0\Application\Home\Controller\OrderController.class.php 第 27 行.
NOTIC: [8] Undefined variable: numbering H:\www\3.0\Application\Home\Controller\OrderController.class.php 第 63 行.
NOTIC: [8] Undefined variable: product_name H:\www\3.0\Application\Home\Controller\OrderController.class.php 第 64 行.
NOTIC: [8] Undefined variable: proof H:\www\3.0\Application\Home\Controller\OrderController.class.php 第 65 行.
NOTIC: [8] Undefined variable: wx_nickname H:\www\3.0\Application\Home\Controller\OrderController.class.php 第 66 行.
NOTIC: [8] Undefined variable: obligee_name H:\www\3.0\Application\Home\Controller\OrderController.class.php 第 68 行.
NOTIC: [8] Undefined variable: obligee_identification_id H:\www\3.0\Application\Home\Controller\OrderController.class.php 第 69 行.
NOTIC: [8] Undefined variable: obligee_mobile H:\www\3.0\Application\Home\Controller\OrderController.class.php 第 70 行.
NOTIC: [8] Undefined variable: adult H:\www\3.0\Application\Home\Controller\OrderController.class.php 第 71 行.
NOTIC: [8] Undefined variable: matrimony H:\www\3.0\Application\Home\Controller\OrderController.class.php 第 72 行.
NOTIC: [8] Undefined variable: mate_y_n H:\www\3.0\Application\Home\Controller\OrderController.class.php 第 73 行.
NOTIC: [8] Undefined variable: standby H:\www\3.0\Application\Home\Controller\OrderController.class.php 第 74 行.
NOTIC: [8] Undefined variable: identity_card_mate H:\www\3.0\Application\Home\Controller\OrderController.class.php 第 76 行.
NOTIC: [8] Undefined variable: identity_card_frontal H:\www\3.0\Application\Home\Controller\OrderController.class.php 第 77 行.
NOTIC: [8] Undefined variable: marriage_certificate H:\www\3.0\Application\Home\Controller\OrderController.class.php 第 78 行.
NOTIC: [8] Undefined variable: household_register H:\www\3.0\Application\Home\Controller\OrderController.class.php 第 79 行.
NOTIC: [8] Undefined variable: standby_house H:\www\3.0\Application\Home\Controller\OrderController.class.php 第 80 行.
NOTIC: [8] Undefined variable: pledge_house H:\www\3.0\Application\Home\Controller\OrderController.class.php 第 81 行.
NOTIC: [8] Undefined variable: application_form H:\www\3.0\Application\Home\Controller\OrderController.class.php 第 82 行.
NOTIC: [8] Undefined variable: credit_report H:\www\3.0\Application\Home\Controller\OrderController.class.php 第 83 行.
NOTIC: [8] Undefined variable: estate_survey H:\www\3.0\Application\Home\Controller\OrderController.class.php 第 84 行.
NOTIC: [8] Undefined variable: bank H:\www\3.0\Application\Home\Controller\OrderController.class.php 第 85 行.
NOTIC: [8] Undefined variable: wx_data H:\www\3.0\Application\Home\Controller\OrderController.class.php 第 86 行.
INFO: [ view_parse ] --START--
INFO: [ template_filter ] --START--
INFO: Run Behavior\ContentReplaceBehavior [ RunTime:0.000151s ]
INFO: [ template_filter ] --END-- [ RunTime:0.000190s ]
INFO: Run Behavior\ParseTemplateBehavior [ RunTime:0.139487s ]
INFO: [ view_parse ] --END-- [ RunTime:0.139530s ]
INFO: [ view_filter ] --START--
INFO: Run Behavior\WriteHtmlCacheBehavior [ RunTime:0.000223s ]
INFO: [ view_filter ] --END-- [ RunTime:0.000247s ]
INFO: [ app_end ] --START--
INFO: Run Behavior\ShowPageTraceBehavior [ RunTime:0.000679s ]
INFO: [ app_end ] --END-- [ RunTime:0.000736s ]

[ 2018-03-19T16:02:58+08:00 ] 127.0.0.1 /index.php/Home/Order/orderinfo.html?id/5
INFO: [ app_init ] --START--
INFO: Run Behavior\BuildLiteBehavior [ RunTime:0.000009s ]
INFO: [ app_init ] --END-- [ RunTime:0.000273s ]
INFO: [ app_begin ] --START--
INFO: Run Behavior\ReadHtmlCacheBehavior [ RunTime:0.000375s ]
INFO: [ app_begin ] --END-- [ RunTime:0.000407s ]
NOTIC: [8] Undefined index: id H:\www\3.0\Application\Home\Controller\OrderController.class.php 第 27 行.
NOTIC: [8] Undefined variable: numbering H:\www\3.0\Application\Home\Controller\OrderController.class.php 第 63 行.
NOTIC: [8] Undefined variable: product_name H:\www\3.0\Application\Home\Controller\OrderController.class.php 第 64 行.
NOTIC: [8] Undefined variable: proof H:\www\3.0\Application\Home\Controller\OrderController.class.php 第 65 行.
NOTIC: [8] Undefined variable: wx_nickname H:\www\3.0\Application\Home\Controller\OrderController.class.php 第 66 行.
NOTIC: [8] Undefined variable: obligee_name H:\www\3.0\Application\Home\Controller\OrderController.class.php 第 68 行.
NOTIC: [8] Undefined variable: obligee_identification_id H:\www\3.0\Application\Home\Controller\OrderController.class.php 第 69 行.
NOTIC: [8] Undefined variable: obligee_mobile H:\www\3.0\Application\Home\Controller\OrderController.class.php 第 70 行.
NOTIC: [8] Undefined variable: adult H:\www\3.0\Application\Home\Controller\OrderController.class.php 第 71 行.
NOTIC: [8] Undefined variable: matrimony H:\www\3.0\Application\Home\Controller\OrderController.class.php 第 72 行.
NOTIC: [8] Undefined variable: mate_y_n H:\www\3.0\Application\Home\Controller\OrderController.class.php 第 73 行.
NOTIC: [8] Undefined variable: standby H:\www\3.0\Application\Home\Controller\OrderController.class.php 第 74 行.
NOTIC: [8] Undefined variable: identity_card_mate H:\www\3.0\Application\Home\Controller\OrderController.class.php 第 76 行.
NOTIC: [8] Undefined variable: identity_card_frontal H:\www\3.0\Application\Home\Controller\OrderController.class.php 第 77 行.
NOTIC: [8] Undefined variable: marriage_certificate H:\www\3.0\Application\Home\Controller\OrderController.class.php 第 78 行.
NOTIC: [8] Undefined variable: household_register H:\www\3.0\Application\Home\Controller\OrderController.class.php 第 79 行.
NOTIC: [8] Undefined variable: standby_house H:\www\3.0\Application\Home\Controller\OrderController.class.php 第 80 行.
NOTIC: [8] Undefined variable: pledge_house H:\www\3.0\Application\Home\Controller\OrderController.class.php 第 81 行.
NOTIC: [8] Undefined variable: application_form H:\www\3.0\Application\Home\Controller\OrderController.class.php 第 82 行.
NOTIC: [8] Undefined variable: credit_report H:\www\3.0\Application\Home\Controller\OrderController.class.php 第 83 行.
NOTIC: [8] Undefined variable: estate_survey H:\www\3.0\Application\Home\Controller\OrderController.class.php 第 84 行.
NOTIC: [8] Undefined variable: bank H:\www\3.0\Application\Home\Controller\OrderController.class.php 第 85 行.
NOTIC: [8] Undefined variable: wx_data H:\www\3.0\Application\Home\Controller\OrderController.class.php 第 86 行.
INFO: [ view_parse ] --START--
INFO: [ template_filter ] --START--
INFO: Run Behavior\ContentReplaceBehavior [ RunTime:0.000148s ]
INFO: [ template_filter ] --END-- [ RunTime:0.000185s ]
INFO: Run Behavior\ParseTemplateBehavior [ RunTime:0.114052s ]
INFO: [ view_parse ] --END-- [ RunTime:0.114096s ]
INFO: [ view_filter ] --START--
INFO: Run Behavior\WriteHtmlCacheBehavior [ RunTime:0.000218s ]
INFO: [ view_filter ] --END-- [ RunTime:0.000244s ]
INFO: [ app_end ] --START--
INFO: Run Behavior\ShowPageTraceBehavior [ RunTime:0.000432s ]
INFO: [ app_end ] --END-- [ RunTime:0.000469s ]

[ 2018-03-19T16:03:09+08:00 ] 127.0.0.1 /index.php/Home/Order/orderinfo.html?id/5
INFO: [ app_init ] --START--
INFO: Run Behavior\BuildLiteBehavior [ RunTime:0.000008s ]
INFO: [ app_init ] --END-- [ RunTime:0.000228s ]
INFO: [ app_begin ] --START--
INFO: Run Behavior\ReadHtmlCacheBehavior [ RunTime:0.000275s ]
INFO: [ app_begin ] --END-- [ RunTime:0.000305s ]
SQL: SHOW COLUMNS FROM `yzs_wx_application` [ RunTime:0.0102s ]
SQL: SELECT * FROM `yzs_wx_application` WHERE ( id=5 ) LIMIT 1   [ RunTime:0.0004s ]
SQL: SHOW COLUMNS FROM `yzs_product` [ RunTime:0.0056s ]
SQL: SELECT `name` FROM `yzs_product` WHERE ( id=5 ) LIMIT 1   [ RunTime:0.0003s ]
SQL: SHOW COLUMNS FROM `yzs_wx_identification_url` [ RunTime:0.0082s ]
SQL: SELECT * FROM `yzs_wx_identification_url` WHERE ( o_id=5 ) LIMIT 1   [ RunTime:0.0003s ]
SQL: SHOW COLUMNS FROM `yzs_wxusers` [ RunTime:0.0056s ]
SQL: SELECT `nickname` FROM `yzs_wxusers` WHERE ( id=16 ) LIMIT 1   [ RunTime:0.0003s ]
INFO: [ view_parse ] --START--
INFO: [ template_filter ] --START--
INFO: Run Behavior\ContentReplaceBehavior [ RunTime:0.000147s ]
INFO: [ template_filter ] --END-- [ RunTime:0.000186s ]
INFO: Run Behavior\ParseTemplateBehavior [ RunTime:0.117162s ]
INFO: [ view_parse ] --END-- [ RunTime:0.117203s ]
INFO: [ view_filter ] --START--
INFO: Run Behavior\WriteHtmlCacheBehavior [ RunTime:0.000171s ]
INFO: [ view_filter ] --END-- [ RunTime:0.000194s ]
INFO: [ app_end ] --START--
INFO: Run Behavior\ShowPageTraceBehavior [ RunTime:0.000445s ]
INFO: [ app_end ] --END-- [ RunTime:0.000493s ]

[ 2018-03-19T16:04:31+08:00 ] 127.0.0.1 /index.php/Home/Order/orderinfo.html?id/5
INFO: [ app_init ] --START--
INFO: Run Behavior\BuildLiteBehavior [ RunTime:0.000010s ]
INFO: [ app_init ] --END-- [ RunTime:0.000280s ]
INFO: [ app_begin ] --START--
INFO: Run Behavior\ReadHtmlCacheBehavior [ RunTime:0.000437s ]
INFO: [ app_begin ] --END-- [ RunTime:0.000476s ]
SQL: SHOW COLUMNS FROM `yzs_wx_application` [ RunTime:0.0211s ]
SQL: SELECT * FROM `yzs_wx_application` WHERE ( id=5 ) LIMIT 1   [ RunTime:0.0003s ]
SQL: SHOW COLUMNS FROM `yzs_product` [ RunTime:0.0063s ]
SQL: SELECT `name` FROM `yzs_product` WHERE ( id=5 ) LIMIT 1   [ RunTime:0.0003s ]
SQL: SHOW COLUMNS FROM `yzs_wx_identification_url` [ RunTime:0.0054s ]
SQL: SELECT * FROM `yzs_wx_identification_url` WHERE ( o_id=5 ) LIMIT 1   [ RunTime:0.0003s ]
SQL: SHOW COLUMNS FROM `yzs_wxusers` [ RunTime:0.0053s ]
SQL: SELECT `nickname` FROM `yzs_wxusers` WHERE ( id=16 ) LIMIT 1   [ RunTime:0.0003s ]
INFO: [ view_parse ] --START--
INFO: [ template_filter ] --START--
INFO: Run Behavior\ContentReplaceBehavior [ RunTime:0.000147s ]
INFO: [ template_filter ] --END-- [ RunTime:0.000183s ]
INFO: Run Behavior\ParseTemplateBehavior [ RunTime:0.119587s ]
INFO: [ view_parse ] --END-- [ RunTime:0.119627s ]
INFO: [ view_filter ] --START--
INFO: Run Behavior\WriteHtmlCacheBehavior [ RunTime:0.000225s ]
INFO: [ view_filter ] --END-- [ RunTime:0.000252s ]
INFO: [ app_end ] --START--
INFO: Run Behavior\ShowPageTraceBehavior [ RunTime:0.000521s ]
INFO: [ app_end ] --END-- [ RunTime:0.000573s ]

[ 2018-03-19T16:04:32+08:00 ] 127.0.0.1 /index.php/Home/Order/orderinfo.html?id/5
INFO: [ app_init ] --START--
INFO: Run Behavior\BuildLiteBehavior [ RunTime:0.000015s ]
INFO: [ app_init ] --END-- [ RunTime:0.000323s ]
INFO: [ app_begin ] --START--
INFO: Run Behavior\ReadHtmlCacheBehavior [ RunTime:0.000430s ]
INFO: [ app_begin ] --END-- [ RunTime:0.000485s ]
SQL: SHOW COLUMNS FROM `yzs_wx_application` [ RunTime:0.0171s ]
SQL: SELECT * FROM `yzs_wx_application` WHERE ( id=5 ) LIMIT 1   [ RunTime:0.0003s ]
SQL: SHOW COLUMNS FROM `yzs_product` [ RunTime:0.0063s ]
SQL: SELECT `name` FROM `yzs_product` WHERE ( id=5 ) LIMIT 1   [ RunTime:0.0003s ]
SQL: SHOW COLUMNS FROM `yzs_wx_identification_url` [ RunTime:0.0059s ]
SQL: SELECT * FROM `yzs_wx_identification_url` WHERE ( o_id=5 ) LIMIT 1   [ RunTime:0.0003s ]
SQL: SHOW COLUMNS FROM `yzs_wxusers` [ RunTime:0.0056s ]
SQL: SELECT `nickname` FROM `yzs_wxusers` WHERE ( id=16 ) LIMIT 1   [ RunTime:0.0002s ]
INFO: [ view_parse ] --START--
INFO: [ template_filter ] --START--
INFO: Run Behavior\ContentReplaceBehavior [ RunTime:0.000148s ]
INFO: [ template_filter ] --END-- [ RunTime:0.000187s ]
INFO: Run Behavior\ParseTemplateBehavior [ RunTime:0.116777s ]
INFO: [ view_parse ] --END-- [ RunTime:0.116816s ]
INFO: [ view_filter ] --START--
INFO: Run Behavior\WriteHtmlCacheBehavior [ RunTime:0.000221s ]
INFO: [ view_filter ] --END-- [ RunTime:0.000247s ]
INFO: [ app_end ] --START--
INFO: Run Behavior\ShowPageTraceBehavior [ RunTime:0.000624s ]
INFO: [ app_end ] --END-- [ RunTime:0.000669s ]

[ 2018-03-19T16:04:38+08:00 ] 127.0.0.1 /index.php/Home/Order/orderinfo1.html?id/5
INFO: [ app_init ] --START--
INFO: Run Behavior\BuildLiteBehavior [ RunTime:0.000008s ]
INFO: [ app_init ] --END-- [ RunTime:0.000229s ]
INFO: [ app_begin ] --START--
INFO: Run Behavior\ReadHtmlCacheBehavior [ RunTime:0.000283s ]
INFO: [ app_begin ] --END-- [ RunTime:0.000314s ]
INFO: [ view_parse ] --START--
INFO: [ template_filter ] --START--
INFO: Run Behavior\ContentReplaceBehavior [ RunTime:0.000147s ]
INFO: [ template_filter ] --END-- [ RunTime:0.000185s ]
NOTIC: [8] Undefined variable: product_name H:\www\3.0\Application\Runtime\Cache\Home\582d67532d505f3cdde3354dcc49bb00.php 第 263 行.
NOTIC: [8] Undefined variable: numbering H:\www\3.0\Application\Runtime\Cache\Home\582d67532d505f3cdde3354dcc49bb00.php 第 264 行.
NOTIC: [8] Undefined variable: numbering H:\www\3.0\Application\Runtime\Cache\Home\582d67532d505f3cdde3354dcc49bb00.php 第 265 行.
NOTIC: [8] Undefined variable: numbering H:\www\3.0\Application\Runtime\Cache\Home\582d67532d505f3cdde3354dcc49bb00.php 第 266 行.
NOTIC: [8] Undefined variable: wx_nickname H:\www\3.0\Application\Runtime\Cache\Home\582d67532d505f3cdde3354dcc49bb00.php 第 272 行.
NOTIC: [8] Undefined variable: numbering H:\www\3.0\Application\Runtime\Cache\Home\582d67532d505f3cdde3354dcc49bb00.php 第 274 行.
NOTIC: [8] Undefined variable: numbering H:\www\3.0\Application\Runtime\Cache\Home\582d67532d505f3cdde3354dcc49bb00.php 第 277 行.
NOTIC: [8] Undefined variable: numbering H:\www\3.0\Application\Runtime\Cache\Home\582d67532d505f3cdde3354dcc49bb00.php 第 278 行.
NOTIC: [8] Undefined variable: numbering H:\www\3.0\Application\Runtime\Cache\Home\582d67532d505f3cdde3354dcc49bb00.php 第 279 行.
NOTIC: [8] Undefined variable: numbering H:\www\3.0\Application\Runtime\Cache\Home\582d67532d505f3cdde3354dcc49bb00.php 第 288 行.
NOTIC: [8] Undefined variable: numbering H:\www\3.0\Application\Runtime\Cache\Home\582d67532d505f3cdde3354dcc49bb00.php 第 293 行.
NOTIC: [8] Undefined variable: household_register H:\www\3.0\Application\Runtime\Cache\Home\582d67532d505f3cdde3354dcc49bb00.php 第 419 行.
NOTIC: [8] Undefined variable: pledge_house H:\www\3.0\Application\Runtime\Cache\Home\582d67532d505f3cdde3354dcc49bb00.php 第 425 行.
NOTIC: [8] Undefined variable: mate_y_n H:\www\3.0\Application\Runtime\Cache\Home\582d67532d505f3cdde3354dcc49bb00.php 第 431 行.
NOTIC: [8] Undefined variable: mate_y_n H:\www\3.0\Application\Runtime\Cache\Home\582d67532d505f3cdde3354dcc49bb00.php 第 432 行.
NOTIC: [8] Undefined variable: standby_house H:\www\3.0\Application\Runtime\Cache\Home\582d67532d505f3cdde3354dcc49bb00.php 第 438 行.
NOTIC: [8] Undefined variable: application_form H:\www\3.0\Application\Runtime\Cache\Home\582d67532d505f3cdde3354dcc49bb00.php 第 447 行.
NOTIC: [8] Undefined variable: credit_report H:\www\3.0\Application\Runtime\Cache\Home\582d67532d505f3cdde3354dcc49bb00.php 第 461 行.
NOTIC: [8] Undefined variable: estate_survey H:\www\3.0\Application\Runtime\Cache\Home\582d67532d505f3cdde3354dcc49bb00.php 第 467 行.
NOTIC: [8] Undefined variable: bank H:\www\3.0\Application\Runtime\Cache\Home\582d67532d505f3cdde3354dcc49bb00.php 第 473 行.
NOTIC: [8] Undefined variable: numbering H:\www\3.0\Application\Runtime\Cache\Home\582d67532d505f3cdde3354dcc49bb00.php 第 484 行.
NOTIC: [8] Undefined variable: numbering H:\www\3.0\Application\Runtime\Cache\Home\582d67532d505f3cdde3354dcc49bb00.php 第 485 行.
NOTIC: [8] Undefined variable: numbering H:\www\3.0\Application\Runtime\Cache\Home\582d67532d505f3cdde3354dcc49bb00.php 第 486 行.
NOTIC: [8] Undefined variable: numbering H:\www\3.0\Application\Runtime\Cache\Home\582d67532d505f3cdde3354dcc49bb00.php 第 487 行.
NOTIC: [8] Undefined variable: numbering H:\www\3.0\Application\Runtime\Cache\Home\582d67532d505f3cdde3354dcc49bb00.php 第 488 行.
NOTIC: [8] Undefined variable: numbering H:\www\3.0\Application\Runtime\Cache\Home\582d67532d505f3cdde3354dcc49bb00.php 第 489 行.
NOTIC: [8] Undefined variable: numbering H:\www\3.0\Application\Runtime\Cache\Home\582d67532d505f3cdde3354dcc49bb00.php 第 490 行.
NOTIC: [8] Undefined variable: numbering H:\www\3.0\Application\Runtime\Cache\Home\582d67532d505f3cdde3354dcc49bb00.php 第 491 行.
NOTIC: [8] Undefined variable: numbering H:\www\3.0\Application\Runtime\Cache\Home\582d67532d505f3cdde3354dcc49bb00.php 第 507 行.
NOTIC: [8] Undefined variable: numbering H:\www\3.0\Application\Runtime\Cache\Home\582d67532d505f3cdde3354dcc49bb00.php 第 508 行.
NOTIC: [8] Undefined variable: numbering H:\www\3.0\Application\Runtime\Cache\Home\582d67532d505f3cdde3354dcc49bb00.php 第 509 行.
NOTIC: [8] Undefined variable: numbering H:\www\3.0\Application\Runtime\Cache\Home\582d67532d505f3cdde3354dcc49bb00.php 第 510 行.
NOTIC: [8] Undefined variable: numbering H:\www\3.0\Application\Runtime\Cache\Home\582d67532d505f3cdde3354dcc49bb00.php 第 511 行.
NOTIC: [8] Undefined variable: numbering H:\www\3.0\Application\Runtime\Cache\Home\582d67532d505f3cdde3354dcc49bb00.php 第 512 行.
NOTIC: [8] Undefined variable: numbering H:\www\3.0\Application\Runtime\Cache\Home\582d67532d505f3cdde3354dcc49bb00.php 第 513 行.
NOTIC: [8] Undefined variable: numbering H:\www\3.0\Application\Runtime\Cache\Home\582d67532d505f3cdde3354dcc49bb00.php 第 514 行.
INFO: Run Behavior\ParseTemplateBehavior [ RunTime:0.116777s ]
INFO: [ view_parse ] --END-- [ RunTime:0.116811s ]
INFO: [ view_filter ] --START--
INFO: Run Behavior\WriteHtmlCacheBehavior [ RunTime:0.000152s ]
INFO: [ view_filter ] --END-- [ RunTime:0.000180s ]
INFO: [ app_end ] --START--
INFO: Run Behavior\ShowPageTraceBehavior [ RunTime:0.000426s ]
INFO: [ app_end ] --END-- [ RunTime:0.000473s ]

[ 2018-03-19T16:04:45+08:00 ] 127.0.0.1 /index.php/Home/Order/orderinfo1.html?
INFO: [ app_init ] --START--
INFO: Run Behavior\BuildLiteBehavior [ RunTime:0.000009s ]
INFO: [ app_init ] --END-- [ RunTime:0.000227s ]
INFO: [ app_begin ] --START--
INFO: Run Behavior\ReadHtmlCacheBehavior [ RunTime:0.000283s ]
INFO: [ app_begin ] --END-- [ RunTime:0.000317s ]
INFO: [ view_parse ] --START--
INFO: [ template_filter ] --START--
INFO: Run Behavior\ContentReplaceBehavior [ RunTime:0.000137s ]
INFO: [ template_filter ] --END-- [ RunTime:0.000165s ]
NOTIC: [8] Undefined variable: product_name H:\www\3.0\Application\Runtime\Cache\Home\582d67532d505f3cdde3354dcc49bb00.php 第 263 行.
NOTIC: [8] Undefined variable: numbering H:\www\3.0\Application\Runtime\Cache\Home\582d67532d505f3cdde3354dcc49bb00.php 第 264 行.
NOTIC: [8] Undefined variable: numbering H:\www\3.0\Application\Runtime\Cache\Home\582d67532d505f3cdde3354dcc49bb00.php 第 265 行.
NOTIC: [8] Undefined variable: numbering H:\www\3.0\Application\Runtime\Cache\Home\582d67532d505f3cdde3354dcc49bb00.php 第 266 行.
NOTIC: [8] Undefined variable: wx_nickname H:\www\3.0\Application\Runtime\Cache\Home\582d67532d505f3cdde3354dcc49bb00.php 第 272 行.
NOTIC: [8] Undefined variable: numbering H:\www\3.0\Application\Runtime\Cache\Home\582d67532d505f3cdde3354dcc49bb00.php 第 274 行.
NOTIC: [8] Undefined variable: numbering H:\www\3.0\Application\Runtime\Cache\Home\582d67532d505f3cdde3354dcc49bb00.php 第 277 行.
NOTIC: [8] Undefined variable: numbering H:\www\3.0\Application\Runtime\Cache\Home\582d67532d505f3cdde3354dcc49bb00.php 第 278 行.
NOTIC: [8] Undefined variable: numbering H:\www\3.0\Application\Runtime\Cache\Home\582d67532d505f3cdde3354dcc49bb00.php 第 279 行.
NOTIC: [8] Undefined variable: numbering H:\www\3.0\Application\Runtime\Cache\Home\582d67532d505f3cdde3354dcc49bb00.php 第 288 行.
NOTIC: [8] Undefined variable: numbering H:\www\3.0\Application\Runtime\Cache\Home\582d67532d505f3cdde3354dcc49bb00.php 第 293 行.
NOTIC: [8] Undefined variable: household_register H:\www\3.0\Application\Runtime\Cache\Home\582d67532d505f3cdde3354dcc49bb00.php 第 419 行.
NOTIC: [8] Undefined variable: pledge_house H:\www\3.0\Application\Runtime\Cache\Home\582d67532d505f3cdde3354dcc49bb00.php 第 425 行.
NOTIC: [8] Undefined variable: mate_y_n H:\www\3.0\Application\Runtime\Cache\Home\582d67532d505f3cdde3354dcc49bb00.php 第 431 行.
NOTIC: [8] Undefined variable: mate_y_n H:\www\3.0\Application\Runtime\Cache\Home\582d67532d505f3cdde3354dcc49bb00.php 第 432 行.
NOTIC: [8] Undefined variable: standby_house H:\www\3.0\Application\Runtime\Cache\Home\582d67532d505f3cdde3354dcc49bb00.php 第 438 行.
NOTIC: [8] Undefined variable: application_form H:\www\3.0\Application\Runtime\Cache\Home\582d67532d505f3cdde3354dcc49bb00.php 第 447 行.
NOTIC: [8] Undefined variable: credit_report H:\www\3.0\Application\Runtime\Cache\Home\582d67532d505f3cdde3354dcc49bb00.php 第 461 行.
NOTIC: [8] Undefined variable: estate_survey H:\www\3.0\Application\Runtime\Cache\Home\582d67532d505f3cdde3354dcc49bb00.php 第 467 行.
NOTIC: [8] Undefined variable: bank H:\www\3.0\Application\Runtime\Cache\Home\582d67532d505f3cdde3354dcc49bb00.php 第 473 行.
NOTIC: [8] Undefined variable: numbering H:\www\3.0\Application\Runtime\Cache\Home\582d67532d505f3cdde3354dcc49bb00.php 第 484 行.
NOTIC: [8] Undefined variable: numbering H:\www\3.0\Application\Runtime\Cache\Home\582d67532d505f3cdde3354dcc49bb00.php 第 485 行.
NOTIC: [8] Undefined variable: numbering H:\www\3.0\Application\Runtime\Cache\Home\582d67532d505f3cdde3354dcc49bb00.php 第 486 行.
NOTIC: [8] Undefined variable: numbering H:\www\3.0\Application\Runtime\Cache\Home\582d67532d505f3cdde3354dcc49bb00.php 第 487 行.
NOTIC: [8] Undefined variable: numbering H:\www\3.0\Application\Runtime\Cache\Home\582d67532d505f3cdde3354dcc49bb00.php 第 488 行.
NOTIC: [8] Undefined variable: numbering H:\www\3.0\Application\Runtime\Cache\Home\582d67532d505f3cdde3354dcc49bb00.php 第 489 行.
NOTIC: [8] Undefined variable: numbering H:\www\3.0\Application\Runtime\Cache\Home\582d67532d505f3cdde3354dcc49bb00.php 第 490 行.
NOTIC: [8] Undefined variable: numbering H:\www\3.0\Application\Runtime\Cache\Home\582d67532d505f3cdde3354dcc49bb00.php 第 491 行.
NOTIC: [8] Undefined variable: numbering H:\www\3.0\Application\Runtime\Cache\Home\582d67532d505f3cdde3354dcc49bb00.php 第 507 行.
NOTIC: [8] Undefined variable: numbering H:\www\3.0\Application\Runtime\Cache\Home\582d67532d505f3cdde3354dcc49bb00.php 第 508 行.
NOTIC: [8] Undefined variable: numbering H:\www\3.0\Application\Runtime\Cache\Home\582d67532d505f3cdde3354dcc49bb00.php 第 509 行.
NOTIC: [8] Undefined variable: numbering H:\www\3.0\Application\Runtime\Cache\Home\582d67532d505f3cdde3354dcc49bb00.php 第 510 行.
NOTIC: [8] Undefined variable: numbering H:\www\3.0\Application\Runtime\Cache\Home\582d67532d505f3cdde3354dcc49bb00.php 第 511 行.
NOTIC: [8] Undefined variable: numbering H:\www\3.0\Application\Runtime\Cache\Home\582d67532d505f3cdde3354dcc49bb00.php 第 512 行.
NOTIC: [8] Undefined variable: numbering H:\www\3.0\Application\Runtime\Cache\Home\582d67532d505f3cdde3354dcc49bb00.php 第 513 行.
NOTIC: [8] Undefined variable: numbering H:\www\3.0\Application\Runtime\Cache\Home\582d67532d505f3cdde3354dcc49bb00.php 第 514 行.
INFO: Run Behavior\ParseTemplateBehavior [ RunTime:0.115372s ]
INFO: [ view_parse ] --END-- [ RunTime:0.115403s ]
INFO: [ view_filter ] --START--
INFO: Run Behavior\WriteHtmlCacheBehavior [ RunTime:0.000163s ]
INFO: [ view_filter ] --END-- [ RunTime:0.000186s ]
INFO: [ app_end ] --START--
INFO: Run Behavior\ShowPageTraceBehavior [ RunTime:0.000336s ]
INFO: [ app_end ] --END-- [ RunTime:0.000366s ]

[ 2018-03-19T16:05:23+08:00 ] 127.0.0.1 /index.php/Home/Order/orderinfo1.html?
INFO: [ app_init ] --START--
INFO: Run Behavior\BuildLiteBehavior [ RunTime:0.000009s ]
INFO: [ app_init ] --END-- [ RunTime:0.000264s ]
INFO: [ app_begin ] --START--
INFO: Run Behavior\ReadHtmlCacheBehavior [ RunTime:0.000350s ]
INFO: [ app_begin ] --END-- [ RunTime:0.000382s ]
SQL: SHOW COLUMNS FROM `yzs_wx_application` [ RunTime:0.0102s ]
SQL: SELECT * FROM `yzs_wx_application` WHERE ( id=5 ) LIMIT 1   [ RunTime:0.0003s ]
SQL: SHOW COLUMNS FROM `yzs_product` [ RunTime:0.0056s ]
SQL: SELECT `name` FROM `yzs_product` WHERE ( id=5 ) LIMIT 1   [ RunTime:0.0003s ]
SQL: SHOW COLUMNS FROM `yzs_wx_identification_url` [ RunTime:0.0068s ]
SQL: SELECT * FROM `yzs_wx_identification_url` WHERE ( o_id=5 ) LIMIT 1   [ RunTime:0.0003s ]
SQL: SHOW COLUMNS FROM `yzs_wxusers` [ RunTime:0.0055s ]
SQL: SELECT `nickname` FROM `yzs_wxusers` WHERE ( id=16 ) LIMIT 1   [ RunTime:0.0002s ]
INFO: [ view_parse ] --START--
INFO: [ template_filter ] --START--
INFO: Run Behavior\ContentReplaceBehavior [ RunTime:0.000142s ]
INFO: [ template_filter ] --END-- [ RunTime:0.000178s ]
INFO: Run Behavior\ParseTemplateBehavior [ RunTime:0.122250s ]
INFO: [ view_parse ] --END-- [ RunTime:0.122289s ]
INFO: [ view_filter ] --START--
INFO: Run Behavior\WriteHtmlCacheBehavior [ RunTime:0.000243s ]
INFO: [ view_filter ] --END-- [ RunTime:0.000269s ]
INFO: [ app_end ] --START--
INFO: Run Behavior\ShowPageTraceBehavior [ RunTime:0.000740s ]
INFO: [ app_end ] --END-- [ RunTime:0.000836s ]

