[ 2017-12-28T09:40:12+08:00 ] 116.226.228.2 /index.php/Home/Order/orderinfo.html
INFO: [ app_init ] --START--
INFO: Run Behavior\BuildLiteBehavior [ RunTime:0.000012s ]
INFO: [ app_init ] --END-- [ RunTime:0.000285s ]
INFO: [ app_begin ] --START--
INFO: Run Behavior\ReadHtmlCacheBehavior [ RunTime:0.000374s ]
INFO: [ app_begin ] --END-- [ RunTime:0.000414s ]
NOTIC: [8] Undefined index: id /home/wwwroot/cesi3.0.zhiyujinrong.com/Application/Home/Controller/OrderController.class.php 第 27 行.
NOTIC: [8] Undefined variable: numbering /home/wwwroot/cesi3.0.zhiyujinrong.com/Application/Home/Controller/OrderController.class.php 第 58 行.
NOTIC: [8] Undefined variable: proof /home/wwwroot/cesi3.0.zhiyujinrong.com/Application/Home/Controller/OrderController.class.php 第 59 行.
NOTIC: [8] Undefined variable: wx_nickname /home/wwwroot/cesi3.0.zhiyujinrong.com/Application/Home/Controller/OrderController.class.php 第 60 行.
NOTIC: [8] Undefined variable: obligee_name /home/wwwroot/cesi3.0.zhiyujinrong.com/Application/Home/Controller/OrderController.class.php 第 62 行.
NOTIC: [8] Undefined variable: obligee_identification_id /home/wwwroot/cesi3.0.zhiyujinrong.com/Application/Home/Controller/OrderController.class.php 第 63 行.
NOTIC: [8] Undefined variable: obligee_mobile /home/wwwroot/cesi3.0.zhiyujinrong.com/Application/Home/Controller/OrderController.class.php 第 64 行.
NOTIC: [8] Undefined variable: adult /home/wwwroot/cesi3.0.zhiyujinrong.com/Application/Home/Controller/OrderController.class.php 第 65 行.
NOTIC: [8] Undefined variable: matrimony /home/wwwroot/cesi3.0.zhiyujinrong.com/Application/Home/Controller/OrderController.class.php 第 66 行.
NOTIC: [8] Undefined variable: mate_y_n /home/wwwroot/cesi3.0.zhiyujinrong.com/Application/Home/Controller/OrderController.class.php 第 67 行.
NOTIC: [8] Undefined variable: standby /home/wwwroot/cesi3.0.zhiyujinrong.com/Application/Home/Controller/OrderController.class.php 第 68 行.
NOTIC: [8] Undefined variable: identity_card_mate /home/wwwroot/cesi3.0.zhiyujinrong.com/Application/Home/Controller/OrderController.class.php 第 70 行.
NOTIC: [8] Undefined variable: identity_card_frontal /home/wwwroot/cesi3.0.zhiyujinrong.com/Application/Home/Controller/OrderController.class.php 第 71 行.
NOTIC: [8] Undefined variable: marriage_certificate /home/wwwroot/cesi3.0.zhiyujinrong.com/Application/Home/Controller/OrderController.class.php 第 72 行.
NOTIC: [8] Undefined variable: household_register /home/wwwroot/cesi3.0.zhiyujinrong.com/Application/Home/Controller/OrderController.class.php 第 73 行.
NOTIC: [8] Undefined variable: standby_house /home/wwwroot/cesi3.0.zhiyujinrong.com/Application/Home/Controller/OrderController.class.php 第 74 行.
NOTIC: [8] Undefined variable: pledge_house /home/wwwroot/cesi3.0.zhiyujinrong.com/Application/Home/Controller/OrderController.class.php 第 75 行.
NOTIC: [8] Undefined variable: application_form /home/wwwroot/cesi3.0.zhiyujinrong.com/Application/Home/Controller/OrderController.class.php 第 76 行.
NOTIC: [8] Undefined variable: credit_report /home/wwwroot/cesi3.0.zhiyujinrong.com/Application/Home/Controller/OrderController.class.php 第 77 行.
NOTIC: [8] Undefined variable: estate_survey /home/wwwroot/cesi3.0.zhiyujinrong.com/Application/Home/Controller/OrderController.class.php 第 78 行.
NOTIC: [8] Undefined variable: bank /home/wwwroot/cesi3.0.zhiyujinrong.com/Application/Home/Controller/OrderController.class.php 第 79 行.
NOTIC: [8] Undefined variable: wx_data /home/wwwroot/cesi3.0.zhiyujinrong.com/Application/Home/Controller/OrderController.class.php 第 80 行.
INFO: [ view_parse ] --START--
INFO: [ template_filter ] --START--
INFO: Run Behavior\ContentReplaceBehavior [ RunTime:0.000100s ]
INFO: [ template_filter ] --END-- [ RunTime:0.000138s ]
INFO: Run Behavior\ParseTemplateBehavior [ RunTime:0.015748s ]
INFO: [ view_parse ] --END-- [ RunTime:0.015790s ]
INFO: [ view_filter ] --START--
INFO: Run Behavior\WriteHtmlCacheBehavior [ RunTime:0.000172s ]
INFO: [ view_filter ] --END-- [ RunTime:0.000205s ]
INFO: [ app_end ] --START--
INFO: Run Behavior\ShowPageTraceBehavior [ RunTime:0.000427s ]
INFO: [ app_end ] --END-- [ RunTime:0.000474s ]

[ 2017-12-28T09:40:26+08:00 ] 116.226.228.2 /index.php/Home/Order/orderinfo/id/95.html
INFO: [ app_init ] --START--
INFO: Run Behavior\BuildLiteBehavior [ RunTime:0.000012s ]
INFO: [ app_init ] --END-- [ RunTime:0.000283s ]
INFO: [ app_begin ] --START--
INFO: Run Behavior\ReadHtmlCacheBehavior [ RunTime:0.000372s ]
INFO: [ app_begin ] --END-- [ RunTime:0.000411s ]
SQL: SHOW COLUMNS FROM `yzs_wx_application` [ RunTime:0.0010s ]
SQL: SELECT * FROM `yzs_wx_application` WHERE ( id=95 ) LIMIT 1   [ RunTime:0.0003s ]
SQL: SHOW COLUMNS FROM `yzs_wx_identification_url` [ RunTime:0.0005s ]
SQL: SELECT * FROM `yzs_wx_identification_url` WHERE ( o_id=95 ) LIMIT 1   [ RunTime:0.0002s ]
SQL: SHOW COLUMNS FROM `yzs_wxusers` [ RunTime:0.0005s ]
SQL: SELECT `nickname` FROM `yzs_wxusers` WHERE ( id=78 ) LIMIT 1   [ RunTime:0.0002s ]
INFO: [ view_parse ] --START--
INFO: [ template_filter ] --START--
INFO: Run Behavior\ContentReplaceBehavior [ RunTime:0.000102s ]
INFO: [ template_filter ] --END-- [ RunTime:0.000141s ]
NOTIC: [8] Undefined offset: 2 /home/wwwroot/cesi3.0.zhiyujinrong.com/Application/Runtime/Cache/Home/a5a90a67c4095f33f06cada5581f69eb.php 第 335 行.
NOTIC: [8] Undefined offset: 2 /home/wwwroot/cesi3.0.zhiyujinrong.com/Application/Runtime/Cache/Home/a5a90a67c4095f33f06cada5581f69eb.php 第 336 行.
INFO: Run Behavior\ParseTemplateBehavior [ RunTime:0.015459s ]
INFO: [ view_parse ] --END-- [ RunTime:0.015512s ]
INFO: [ view_filter ] --START--
INFO: Run Behavior\WriteHtmlCacheBehavior [ RunTime:0.000171s ]
INFO: [ view_filter ] --END-- [ RunTime:0.000205s ]
INFO: [ app_end ] --START--
INFO: Run Behavior\ShowPageTraceBehavior [ RunTime:0.000407s ]
INFO: [ app_end ] --END-- [ RunTime:0.000443s ]

[ 2017-12-28T09:40:44+08:00 ] 116.226.228.2 /index.php/Home/Order/orderinfo/id/458.html
INFO: [ app_init ] --START--
INFO: Run Behavior\BuildLiteBehavior [ RunTime:0.000015s ]
INFO: [ app_init ] --END-- [ RunTime:0.000390s ]
INFO: [ app_begin ] --START--
INFO: Run Behavior\ReadHtmlCacheBehavior [ RunTime:0.000407s ]
INFO: [ app_begin ] --END-- [ RunTime:0.000448s ]
SQL: SHOW COLUMNS FROM `yzs_wx_application` [ RunTime:0.0010s ]
SQL: SELECT * FROM `yzs_wx_application` WHERE ( id=458 ) LIMIT 1   [ RunTime:0.0004s ]
SQL: SHOW COLUMNS FROM `yzs_wx_identification_url` [ RunTime:0.0005s ]
SQL: SELECT * FROM `yzs_wx_identification_url` WHERE ( o_id=458 ) LIMIT 1   [ RunTime:0.0003s ]
SQL: SHOW COLUMNS FROM `yzs_wxusers` [ RunTime:0.0006s ]
SQL: SELECT `nickname` FROM `yzs_wxusers` WHERE ( id=22 ) LIMIT 1   [ RunTime:0.0002s ]
INFO: [ view_parse ] --START--
INFO: [ template_filter ] --START--
INFO: Run Behavior\ContentReplaceBehavior [ RunTime:0.000104s ]
INFO: [ template_filter ] --END-- [ RunTime:0.000145s ]
NOTIC: [8] Undefined offset: 1 /home/wwwroot/cesi3.0.zhiyujinrong.com/Application/Runtime/Cache/Home/a5a90a67c4095f33f06cada5581f69eb.php 第 243 行.
NOTIC: [8] Undefined offset: 1 /home/wwwroot/cesi3.0.zhiyujinrong.com/Application/Runtime/Cache/Home/a5a90a67c4095f33f06cada5581f69eb.php 第 249 行.
NOTIC: [8] Undefined offset: 2 /home/wwwroot/cesi3.0.zhiyujinrong.com/Application/Runtime/Cache/Home/a5a90a67c4095f33f06cada5581f69eb.php 第 335 行.
NOTIC: [8] Undefined offset: 2 /home/wwwroot/cesi3.0.zhiyujinrong.com/Application/Runtime/Cache/Home/a5a90a67c4095f33f06cada5581f69eb.php 第 336 行.
INFO: Run Behavior\ParseTemplateBehavior [ RunTime:0.015981s ]
INFO: [ view_parse ] --END-- [ RunTime:0.016018s ]
INFO: [ view_filter ] --START--
INFO: Run Behavior\WriteHtmlCacheBehavior [ RunTime:0.000173s ]
INFO: [ view_filter ] --END-- [ RunTime:0.000205s ]
INFO: [ app_end ] --START--
INFO: Run Behavior\ShowPageTraceBehavior [ RunTime:0.000437s ]
INFO: [ app_end ] --END-- [ RunTime:0.000482s ]

